[2025-02-20T17:25:11.890+0100] {local_task_job_runner.py:123} INFO - ::group::Pre task execution logs
[2025-02-20T17:25:11.896+0100] {taskinstance.py:2614} INFO - Dependencies all met for dep_context=non-requeueable deps ti=<TaskInstance: bash_operator_disk_usage.display_current_time scheduled__2025-02-19T00:00:00+00:00 [queued]>
[2025-02-20T17:25:11.899+0100] {taskinstance.py:2614} INFO - Dependencies all met for dep_context=requeueable deps ti=<TaskInstance: bash_operator_disk_usage.display_current_time scheduled__2025-02-19T00:00:00+00:00 [queued]>
[2025-02-20T17:25:11.899+0100] {taskinstance.py:2867} INFO - Starting attempt 1 of 4
[2025-02-20T17:25:11.904+0100] {taskinstance.py:2890} INFO - Executing <Task(BashOperator): display_current_time> on 2025-02-19 00:00:00+00:00
[2025-02-20T17:25:11.907+0100] {standard_task_runner.py:72} INFO - Started process 38394 to run task
[2025-02-20T17:25:11.910+0100] {standard_task_runner.py:104} INFO - Running: ['airflow', 'tasks', 'run', 'bash_operator_disk_usage', 'display_current_time', 'scheduled__2025-02-19T00:00:00+00:00', '--job-id', '117', '--raw', '--subdir', 'DAGS_FOLDER/bashTask1.py', '--cfg-path', '/var/folders/d6/rl60yzz90jj_2v0s4gm257780000gn/T/tmpjnkmimmb']
[2025-02-20T17:25:11.911+0100] {standard_task_runner.py:105} INFO - Job 117: Subtask display_current_time
[2025-02-20T17:25:11.946+0100] {task_command.py:467} INFO - Running <TaskInstance: bash_operator_disk_usage.display_current_time scheduled__2025-02-19T00:00:00+00:00 [running]> on host ajlas-macbook-air.local
[2025-02-20T17:25:11.968+0100] {taskinstance.py:3134} INFO - Exporting env vars: AIRFLOW_CTX_DAG_OWNER='ajlakorman' AIRFLOW_CTX_DAG_ID='bash_operator_disk_usage' AIRFLOW_CTX_TASK_ID='display_current_time' AIRFLOW_CTX_EXECUTION_DATE='2025-02-19T00:00:00+00:00' AIRFLOW_CTX_TRY_NUMBER='1' AIRFLOW_CTX_DAG_RUN_ID='scheduled__2025-02-19T00:00:00+00:00'
[2025-02-20T17:25:11.969+0100] {logging_mixin.py:190} INFO - Task instance is in running state
[2025-02-20T17:25:11.969+0100] {logging_mixin.py:190} INFO -  Previous state of the Task instance: queued
[2025-02-20T17:25:11.969+0100] {logging_mixin.py:190} INFO - Current task name:display_current_time state:running start_date:2025-02-20 16:25:11.897032+00:00
[2025-02-20T17:25:11.969+0100] {logging_mixin.py:190} INFO - Dag name:bash_operator_disk_usage and current dag run status:running
[2025-02-20T17:25:11.970+0100] {taskinstance.py:732} INFO - ::endgroup::
[2025-02-20T17:25:11.970+0100] {subprocess.py:78} INFO - Tmp dir root location: /var/folders/d6/rl60yzz90jj_2v0s4gm257780000gn/T
[2025-02-20T17:25:11.971+0100] {subprocess.py:88} INFO - Running command: ['/bin/bash', '-c', 'date']
[2025-02-20T17:25:11.974+0100] {subprocess.py:99} INFO - Output:
[2025-02-20T17:25:11.980+0100] {subprocess.py:106} INFO - Thu Feb 20 17:25:11 CET 2025
[2025-02-20T17:25:11.981+0100] {subprocess.py:110} INFO - Command exited with return code 0
[2025-02-20T17:25:11.988+0100] {taskinstance.py:341} INFO - ::group::Post task execution logs
[2025-02-20T17:25:11.988+0100] {taskinstance.py:353} INFO - Marking task as SUCCESS. dag_id=bash_operator_disk_usage, task_id=display_current_time, run_id=scheduled__2025-02-19T00:00:00+00:00, execution_date=20250219T000000, start_date=20250220T162511, end_date=20250220T162511
[2025-02-20T17:25:11.994+0100] {logging_mixin.py:190} INFO - Task instance in success state
[2025-02-20T17:25:11.994+0100] {logging_mixin.py:190} INFO -  Previous state of the Task instance: running
[2025-02-20T17:25:11.994+0100] {logging_mixin.py:190} INFO - Dag name:bash_operator_disk_usage queued_at:2025-02-20 16:25:07.577776+00:00
[2025-02-20T17:25:11.994+0100] {logging_mixin.py:190} INFO - Task hostname:ajlas-macbook-air.local operator:BashOperator
[2025-02-20T17:25:12.015+0100] {local_task_job_runner.py:266} INFO - Task exited with return code 0
[2025-02-20T17:25:12.023+0100] {taskinstance.py:3901} INFO - 1 downstream tasks scheduled from follow-on schedule check
[2025-02-20T17:25:12.024+0100] {local_task_job_runner.py:245} INFO - ::endgroup::
