[2025-02-20T11:36:57.558+0100] {local_task_job_runner.py:123} INFO - ::group::Pre task execution logs
[2025-02-20T11:36:57.564+0100] {taskinstance.py:2614} INFO - Dependencies all met for dep_context=non-requeueable deps ti=<TaskInstance: our_first_dag.first_task manual__2025-02-20T10:26:44.438022+00:00 [queued]>
[2025-02-20T11:36:57.566+0100] {taskinstance.py:2614} INFO - Dependencies all met for dep_context=requeueable deps ti=<TaskInstance: our_first_dag.first_task manual__2025-02-20T10:26:44.438022+00:00 [queued]>
[2025-02-20T11:36:57.566+0100] {taskinstance.py:2867} INFO - Starting attempt 6 of 6
[2025-02-20T11:36:57.572+0100] {taskinstance.py:2890} INFO - Executing <Task(BashOperator): first_task> on 2025-02-20 10:26:44.438022+00:00
[2025-02-20T11:36:57.574+0100] {standard_task_runner.py:72} INFO - Started process 11522 to run task
[2025-02-20T11:36:57.577+0100] {standard_task_runner.py:104} INFO - Running: ['airflow', 'tasks', 'run', 'our_first_dag', 'first_task', 'manual__2025-02-20T10:26:44.438022+00:00', '--job-id', '15', '--raw', '--subdir', 'DAGS_FOLDER/our_first_dag.py', '--cfg-path', '/var/folders/d6/rl60yzz90jj_2v0s4gm257780000gn/T/tmpth7xu5wr']
[2025-02-20T11:36:57.578+0100] {standard_task_runner.py:105} INFO - Job 15: Subtask first_task
[2025-02-20T11:36:57.609+0100] {task_command.py:467} INFO - Running <TaskInstance: our_first_dag.first_task manual__2025-02-20T10:26:44.438022+00:00 [running]> on host ajlas-macbook-air.local
[2025-02-20T11:36:57.636+0100] {taskinstance.py:3134} INFO - Exporting env vars: AIRFLOW_CTX_DAG_OWNER='ajlakorman' AIRFLOW_CTX_DAG_ID='our_first_dag' AIRFLOW_CTX_TASK_ID='first_task' AIRFLOW_CTX_EXECUTION_DATE='2025-02-20T10:26:44.438022+00:00' AIRFLOW_CTX_TRY_NUMBER='6' AIRFLOW_CTX_DAG_RUN_ID='manual__2025-02-20T10:26:44.438022+00:00'
[2025-02-20T11:36:57.637+0100] {logging_mixin.py:190} INFO - Task instance is in running state
[2025-02-20T11:36:57.637+0100] {logging_mixin.py:190} INFO -  Previous state of the Task instance: queued
[2025-02-20T11:36:57.637+0100] {logging_mixin.py:190} INFO - Current task name:first_task state:running start_date:2025-02-20 10:36:57.564483+00:00
[2025-02-20T11:36:57.637+0100] {logging_mixin.py:190} INFO - Dag name:our_first_dag and current dag run status:running
[2025-02-20T11:36:57.638+0100] {taskinstance.py:732} INFO - ::endgroup::
[2025-02-20T11:36:57.638+0100] {subprocess.py:78} INFO - Tmp dir root location: /var/folders/d6/rl60yzz90jj_2v0s4gm257780000gn/T
[2025-02-20T11:36:57.639+0100] {subprocess.py:88} INFO - Running command: ['/bin/bash', '-c', "echo 'Hello World, this is the first task'"]
[2025-02-20T11:36:57.642+0100] {subprocess.py:99} INFO - Output:
[2025-02-20T11:36:57.644+0100] {subprocess.py:106} INFO - Hello World, this is the first task
[2025-02-20T11:36:57.644+0100] {subprocess.py:110} INFO - Command exited with return code 0
[2025-02-20T11:36:57.651+0100] {taskinstance.py:341} INFO - ::group::Post task execution logs
[2025-02-20T11:36:57.651+0100] {taskinstance.py:353} INFO - Marking task as SUCCESS. dag_id=our_first_dag, task_id=first_task, run_id=manual__2025-02-20T10:26:44.438022+00:00, execution_date=20250220T102644, start_date=20250220T103657, end_date=20250220T103657
[2025-02-20T11:36:57.656+0100] {logging_mixin.py:190} INFO - Task instance in success state
[2025-02-20T11:36:57.657+0100] {logging_mixin.py:190} INFO -  Previous state of the Task instance: running
[2025-02-20T11:36:57.657+0100] {logging_mixin.py:190} INFO - Dag name:our_first_dag queued_at:2025-02-20 10:26:44.450725+00:00
[2025-02-20T11:36:57.657+0100] {logging_mixin.py:190} INFO - Task hostname:ajlas-macbook-air.local operator:BashOperator
[2025-02-20T11:36:57.685+0100] {local_task_job_runner.py:266} INFO - Task exited with return code 0
[2025-02-20T11:36:57.691+0100] {taskinstance.py:3901} INFO - 0 downstream tasks scheduled from follow-on schedule check
[2025-02-20T11:36:57.691+0100] {local_task_job_runner.py:245} INFO - ::endgroup::
