[2025-02-20T10:18:03.025+0100] {processor.py:186} INFO - Started process (PID=5268) to work on /opt/anaconda3/lib/python3.12/site-packages/airflow/example_dags/subdags/subdag.py
[2025-02-20T10:18:03.025+0100] {processor.py:914} INFO - Processing file /opt/anaconda3/lib/python3.12/site-packages/airflow/example_dags/subdags/subdag.py for tasks to queue
[2025-02-20T10:18:03.026+0100] {logging_mixin.py:190} INFO - [2025-02-20T10:18:03.025+0100] {dagbag.py:588} INFO - Filling up the DagBag from /opt/anaconda3/lib/python3.12/site-packages/airflow/example_dags/subdags/subdag.py
[2025-02-20T10:18:03.026+0100] {processor.py:927} WARNING - No viable dags retrieved from /opt/anaconda3/lib/python3.12/site-packages/airflow/example_dags/subdags/subdag.py
[2025-02-20T10:18:03.056+0100] {processor.py:208} INFO - Processing /opt/anaconda3/lib/python3.12/site-packages/airflow/example_dags/subdags/subdag.py took 0.033 seconds
[2025-02-20T10:48:37.857+0100] {processor.py:186} INFO - Started process (PID=5947) to work on /opt/anaconda3/lib/python3.12/site-packages/airflow/example_dags/subdags/subdag.py
[2025-02-20T10:48:37.858+0100] {processor.py:914} INFO - Processing file /opt/anaconda3/lib/python3.12/site-packages/airflow/example_dags/subdags/subdag.py for tasks to queue
[2025-02-20T10:48:37.858+0100] {logging_mixin.py:190} INFO - [2025-02-20T10:48:37.858+0100] {dagbag.py:588} INFO - Filling up the DagBag from /opt/anaconda3/lib/python3.12/site-packages/airflow/example_dags/subdags/subdag.py
[2025-02-20T10:48:37.859+0100] {processor.py:927} WARNING - No viable dags retrieved from /opt/anaconda3/lib/python3.12/site-packages/airflow/example_dags/subdags/subdag.py
[2025-02-20T10:48:37.889+0100] {processor.py:208} INFO - Processing /opt/anaconda3/lib/python3.12/site-packages/airflow/example_dags/subdags/subdag.py took 0.033 seconds
[2025-02-20T10:51:45.401+0100] {processor.py:186} INFO - Started process (PID=6149) to work on /Users/ajlakorman/Desktop/Data-Mining-Projects/Apache_Airflow/venv/lib/python3.10/site-packages/airflow/example_dags/subdags/subdag.py
[2025-02-20T10:51:45.402+0100] {processor.py:914} INFO - Processing file /Users/ajlakorman/Desktop/Data-Mining-Projects/Apache_Airflow/venv/lib/python3.10/site-packages/airflow/example_dags/subdags/subdag.py for tasks to queue
[2025-02-20T10:51:45.402+0100] {logging_mixin.py:190} INFO - [2025-02-20T10:51:45.402+0100] {dagbag.py:588} INFO - Filling up the DagBag from /Users/ajlakorman/Desktop/Data-Mining-Projects/Apache_Airflow/venv/lib/python3.10/site-packages/airflow/example_dags/subdags/subdag.py
[2025-02-20T10:51:45.403+0100] {processor.py:927} WARNING - No viable dags retrieved from /Users/ajlakorman/Desktop/Data-Mining-Projects/Apache_Airflow/venv/lib/python3.10/site-packages/airflow/example_dags/subdags/subdag.py
[2025-02-20T10:51:45.467+0100] {processor.py:208} INFO - Processing /Users/ajlakorman/Desktop/Data-Mining-Projects/Apache_Airflow/venv/lib/python3.10/site-packages/airflow/example_dags/subdags/subdag.py took 0.068 seconds
[2025-02-20T10:53:34.944+0100] {processor.py:186} INFO - Started process (PID=6418) to work on /Users/ajlakorman/Desktop/Data-Mining-Projects/Apache_Airflow/venv/lib/python3.10/site-packages/airflow/example_dags/subdags/subdag.py
[2025-02-20T10:53:34.945+0100] {processor.py:914} INFO - Processing file /Users/ajlakorman/Desktop/Data-Mining-Projects/Apache_Airflow/venv/lib/python3.10/site-packages/airflow/example_dags/subdags/subdag.py for tasks to queue
[2025-02-20T10:53:34.946+0100] {logging_mixin.py:190} INFO - [2025-02-20T10:53:34.946+0100] {dagbag.py:588} INFO - Filling up the DagBag from /Users/ajlakorman/Desktop/Data-Mining-Projects/Apache_Airflow/venv/lib/python3.10/site-packages/airflow/example_dags/subdags/subdag.py
[2025-02-20T10:53:34.947+0100] {processor.py:927} WARNING - No viable dags retrieved from /Users/ajlakorman/Desktop/Data-Mining-Projects/Apache_Airflow/venv/lib/python3.10/site-packages/airflow/example_dags/subdags/subdag.py
[2025-02-20T10:53:35.010+0100] {processor.py:208} INFO - Processing /Users/ajlakorman/Desktop/Data-Mining-Projects/Apache_Airflow/venv/lib/python3.10/site-packages/airflow/example_dags/subdags/subdag.py took 0.067 seconds
[2025-02-20T10:54:52.906+0100] {processor.py:186} INFO - Started process (PID=6611) to work on /Users/ajlakorman/Desktop/Data-Mining-Projects/Apache_Airflow/venv/lib/python3.10/site-packages/airflow/example_dags/subdags/subdag.py
[2025-02-20T10:54:52.907+0100] {processor.py:914} INFO - Processing file /Users/ajlakorman/Desktop/Data-Mining-Projects/Apache_Airflow/venv/lib/python3.10/site-packages/airflow/example_dags/subdags/subdag.py for tasks to queue
[2025-02-20T10:54:52.908+0100] {logging_mixin.py:190} INFO - [2025-02-20T10:54:52.908+0100] {dagbag.py:588} INFO - Filling up the DagBag from /Users/ajlakorman/Desktop/Data-Mining-Projects/Apache_Airflow/venv/lib/python3.10/site-packages/airflow/example_dags/subdags/subdag.py
[2025-02-20T10:54:52.909+0100] {processor.py:927} WARNING - No viable dags retrieved from /Users/ajlakorman/Desktop/Data-Mining-Projects/Apache_Airflow/venv/lib/python3.10/site-packages/airflow/example_dags/subdags/subdag.py
[2025-02-20T10:54:52.974+0100] {processor.py:208} INFO - Processing /Users/ajlakorman/Desktop/Data-Mining-Projects/Apache_Airflow/venv/lib/python3.10/site-packages/airflow/example_dags/subdags/subdag.py took 0.069 seconds
[2025-02-20T10:56:04.461+0100] {processor.py:186} INFO - Started process (PID=6747) to work on /Users/ajlakorman/Desktop/Data-Mining-Projects/Apache_Airflow/venv/lib/python3.10/site-packages/airflow/example_dags/subdags/subdag.py
[2025-02-20T10:56:04.461+0100] {processor.py:914} INFO - Processing file /Users/ajlakorman/Desktop/Data-Mining-Projects/Apache_Airflow/venv/lib/python3.10/site-packages/airflow/example_dags/subdags/subdag.py for tasks to queue
[2025-02-20T10:56:04.462+0100] {logging_mixin.py:190} INFO - [2025-02-20T10:56:04.462+0100] {dagbag.py:588} INFO - Filling up the DagBag from /Users/ajlakorman/Desktop/Data-Mining-Projects/Apache_Airflow/venv/lib/python3.10/site-packages/airflow/example_dags/subdags/subdag.py
[2025-02-20T10:56:04.463+0100] {processor.py:927} WARNING - No viable dags retrieved from /Users/ajlakorman/Desktop/Data-Mining-Projects/Apache_Airflow/venv/lib/python3.10/site-packages/airflow/example_dags/subdags/subdag.py
[2025-02-20T10:56:04.531+0100] {processor.py:208} INFO - Processing /Users/ajlakorman/Desktop/Data-Mining-Projects/Apache_Airflow/venv/lib/python3.10/site-packages/airflow/example_dags/subdags/subdag.py took 0.072 seconds
[2025-02-20T10:57:30.184+0100] {processor.py:186} INFO - Started process (PID=6899) to work on /Users/ajlakorman/Desktop/Data-Mining-Projects/Apache_Airflow/venv/lib/python3.10/site-packages/airflow/example_dags/subdags/subdag.py
[2025-02-20T10:57:30.185+0100] {processor.py:914} INFO - Processing file /Users/ajlakorman/Desktop/Data-Mining-Projects/Apache_Airflow/venv/lib/python3.10/site-packages/airflow/example_dags/subdags/subdag.py for tasks to queue
[2025-02-20T10:57:30.186+0100] {logging_mixin.py:190} INFO - [2025-02-20T10:57:30.186+0100] {dagbag.py:588} INFO - Filling up the DagBag from /Users/ajlakorman/Desktop/Data-Mining-Projects/Apache_Airflow/venv/lib/python3.10/site-packages/airflow/example_dags/subdags/subdag.py
[2025-02-20T10:57:30.188+0100] {processor.py:927} WARNING - No viable dags retrieved from /Users/ajlakorman/Desktop/Data-Mining-Projects/Apache_Airflow/venv/lib/python3.10/site-packages/airflow/example_dags/subdags/subdag.py
[2025-02-20T10:57:30.393+0100] {processor.py:208} INFO - Processing /Users/ajlakorman/Desktop/Data-Mining-Projects/Apache_Airflow/venv/lib/python3.10/site-packages/airflow/example_dags/subdags/subdag.py took 0.211 seconds
[2025-02-20T10:58:55.476+0100] {processor.py:186} INFO - Started process (PID=7020) to work on /Users/ajlakorman/Desktop/Data-Mining-Projects/Apache_Airflow/venv/lib/python3.10/site-packages/airflow/example_dags/subdags/subdag.py
[2025-02-20T10:58:55.477+0100] {processor.py:914} INFO - Processing file /Users/ajlakorman/Desktop/Data-Mining-Projects/Apache_Airflow/venv/lib/python3.10/site-packages/airflow/example_dags/subdags/subdag.py for tasks to queue
[2025-02-20T10:58:55.477+0100] {logging_mixin.py:190} INFO - [2025-02-20T10:58:55.477+0100] {dagbag.py:588} INFO - Filling up the DagBag from /Users/ajlakorman/Desktop/Data-Mining-Projects/Apache_Airflow/venv/lib/python3.10/site-packages/airflow/example_dags/subdags/subdag.py
[2025-02-20T10:58:55.478+0100] {processor.py:927} WARNING - No viable dags retrieved from /Users/ajlakorman/Desktop/Data-Mining-Projects/Apache_Airflow/venv/lib/python3.10/site-packages/airflow/example_dags/subdags/subdag.py
[2025-02-20T10:58:55.546+0100] {processor.py:208} INFO - Processing /Users/ajlakorman/Desktop/Data-Mining-Projects/Apache_Airflow/venv/lib/python3.10/site-packages/airflow/example_dags/subdags/subdag.py took 0.072 seconds
[2025-02-20T11:00:14.921+0100] {processor.py:186} INFO - Started process (PID=7229) to work on /Users/ajlakorman/Desktop/Data-Mining-Projects/Apache_Airflow/venv/lib/python3.10/site-packages/airflow/example_dags/subdags/subdag.py
[2025-02-20T11:00:14.921+0100] {processor.py:914} INFO - Processing file /Users/ajlakorman/Desktop/Data-Mining-Projects/Apache_Airflow/venv/lib/python3.10/site-packages/airflow/example_dags/subdags/subdag.py for tasks to queue
[2025-02-20T11:00:14.922+0100] {logging_mixin.py:190} INFO - [2025-02-20T11:00:14.922+0100] {dagbag.py:588} INFO - Filling up the DagBag from /Users/ajlakorman/Desktop/Data-Mining-Projects/Apache_Airflow/venv/lib/python3.10/site-packages/airflow/example_dags/subdags/subdag.py
[2025-02-20T11:00:14.923+0100] {processor.py:927} WARNING - No viable dags retrieved from /Users/ajlakorman/Desktop/Data-Mining-Projects/Apache_Airflow/venv/lib/python3.10/site-packages/airflow/example_dags/subdags/subdag.py
[2025-02-20T11:00:14.986+0100] {processor.py:208} INFO - Processing /Users/ajlakorman/Desktop/Data-Mining-Projects/Apache_Airflow/venv/lib/python3.10/site-packages/airflow/example_dags/subdags/subdag.py took 0.067 seconds
[2025-02-20T11:01:28.631+0100] {processor.py:186} INFO - Started process (PID=7374) to work on /Users/ajlakorman/Desktop/Data-Mining-Projects/Apache_Airflow/venv/lib/python3.10/site-packages/airflow/example_dags/subdags/subdag.py
[2025-02-20T11:01:28.632+0100] {processor.py:914} INFO - Processing file /Users/ajlakorman/Desktop/Data-Mining-Projects/Apache_Airflow/venv/lib/python3.10/site-packages/airflow/example_dags/subdags/subdag.py for tasks to queue
[2025-02-20T11:01:28.633+0100] {logging_mixin.py:190} INFO - [2025-02-20T11:01:28.632+0100] {dagbag.py:588} INFO - Filling up the DagBag from /Users/ajlakorman/Desktop/Data-Mining-Projects/Apache_Airflow/venv/lib/python3.10/site-packages/airflow/example_dags/subdags/subdag.py
[2025-02-20T11:01:28.634+0100] {processor.py:927} WARNING - No viable dags retrieved from /Users/ajlakorman/Desktop/Data-Mining-Projects/Apache_Airflow/venv/lib/python3.10/site-packages/airflow/example_dags/subdags/subdag.py
[2025-02-20T11:01:28.697+0100] {processor.py:208} INFO - Processing /Users/ajlakorman/Desktop/Data-Mining-Projects/Apache_Airflow/venv/lib/python3.10/site-packages/airflow/example_dags/subdags/subdag.py took 0.067 seconds
[2025-02-20T11:02:42.253+0100] {processor.py:186} INFO - Started process (PID=7499) to work on /Users/ajlakorman/Desktop/Data-Mining-Projects/Apache_Airflow/venv/lib/python3.10/site-packages/airflow/example_dags/subdags/subdag.py
[2025-02-20T11:02:42.254+0100] {processor.py:914} INFO - Processing file /Users/ajlakorman/Desktop/Data-Mining-Projects/Apache_Airflow/venv/lib/python3.10/site-packages/airflow/example_dags/subdags/subdag.py for tasks to queue
[2025-02-20T11:02:42.255+0100] {logging_mixin.py:190} INFO - [2025-02-20T11:02:42.255+0100] {dagbag.py:588} INFO - Filling up the DagBag from /Users/ajlakorman/Desktop/Data-Mining-Projects/Apache_Airflow/venv/lib/python3.10/site-packages/airflow/example_dags/subdags/subdag.py
[2025-02-20T11:02:42.256+0100] {processor.py:927} WARNING - No viable dags retrieved from /Users/ajlakorman/Desktop/Data-Mining-Projects/Apache_Airflow/venv/lib/python3.10/site-packages/airflow/example_dags/subdags/subdag.py
[2025-02-20T11:02:42.322+0100] {processor.py:208} INFO - Processing /Users/ajlakorman/Desktop/Data-Mining-Projects/Apache_Airflow/venv/lib/python3.10/site-packages/airflow/example_dags/subdags/subdag.py took 0.071 seconds
[2025-02-20T11:03:51.895+0100] {processor.py:186} INFO - Started process (PID=7618) to work on /Users/ajlakorman/Desktop/Data-Mining-Projects/Apache_Airflow/venv/lib/python3.10/site-packages/airflow/example_dags/subdags/subdag.py
[2025-02-20T11:03:51.896+0100] {processor.py:914} INFO - Processing file /Users/ajlakorman/Desktop/Data-Mining-Projects/Apache_Airflow/venv/lib/python3.10/site-packages/airflow/example_dags/subdags/subdag.py for tasks to queue
[2025-02-20T11:03:51.897+0100] {logging_mixin.py:190} INFO - [2025-02-20T11:03:51.897+0100] {dagbag.py:588} INFO - Filling up the DagBag from /Users/ajlakorman/Desktop/Data-Mining-Projects/Apache_Airflow/venv/lib/python3.10/site-packages/airflow/example_dags/subdags/subdag.py
[2025-02-20T11:03:51.898+0100] {processor.py:927} WARNING - No viable dags retrieved from /Users/ajlakorman/Desktop/Data-Mining-Projects/Apache_Airflow/venv/lib/python3.10/site-packages/airflow/example_dags/subdags/subdag.py
[2025-02-20T11:03:51.960+0100] {processor.py:208} INFO - Processing /Users/ajlakorman/Desktop/Data-Mining-Projects/Apache_Airflow/venv/lib/python3.10/site-packages/airflow/example_dags/subdags/subdag.py took 0.067 seconds
[2025-02-20T11:05:00.032+0100] {processor.py:186} INFO - Started process (PID=7777) to work on /Users/ajlakorman/Desktop/Data-Mining-Projects/Apache_Airflow/venv/lib/python3.10/site-packages/airflow/example_dags/subdags/subdag.py
[2025-02-20T11:05:00.033+0100] {processor.py:914} INFO - Processing file /Users/ajlakorman/Desktop/Data-Mining-Projects/Apache_Airflow/venv/lib/python3.10/site-packages/airflow/example_dags/subdags/subdag.py for tasks to queue
[2025-02-20T11:05:00.033+0100] {logging_mixin.py:190} INFO - [2025-02-20T11:05:00.033+0100] {dagbag.py:588} INFO - Filling up the DagBag from /Users/ajlakorman/Desktop/Data-Mining-Projects/Apache_Airflow/venv/lib/python3.10/site-packages/airflow/example_dags/subdags/subdag.py
[2025-02-20T11:05:00.034+0100] {processor.py:927} WARNING - No viable dags retrieved from /Users/ajlakorman/Desktop/Data-Mining-Projects/Apache_Airflow/venv/lib/python3.10/site-packages/airflow/example_dags/subdags/subdag.py
[2025-02-20T11:05:00.100+0100] {processor.py:208} INFO - Processing /Users/ajlakorman/Desktop/Data-Mining-Projects/Apache_Airflow/venv/lib/python3.10/site-packages/airflow/example_dags/subdags/subdag.py took 0.070 seconds
[2025-02-20T11:06:10.224+0100] {processor.py:186} INFO - Started process (PID=7949) to work on /Users/ajlakorman/Desktop/Data-Mining-Projects/Apache_Airflow/venv/lib/python3.10/site-packages/airflow/example_dags/subdags/subdag.py
[2025-02-20T11:06:10.226+0100] {processor.py:914} INFO - Processing file /Users/ajlakorman/Desktop/Data-Mining-Projects/Apache_Airflow/venv/lib/python3.10/site-packages/airflow/example_dags/subdags/subdag.py for tasks to queue
[2025-02-20T11:06:10.226+0100] {logging_mixin.py:190} INFO - [2025-02-20T11:06:10.226+0100] {dagbag.py:588} INFO - Filling up the DagBag from /Users/ajlakorman/Desktop/Data-Mining-Projects/Apache_Airflow/venv/lib/python3.10/site-packages/airflow/example_dags/subdags/subdag.py
[2025-02-20T11:06:10.228+0100] {processor.py:927} WARNING - No viable dags retrieved from /Users/ajlakorman/Desktop/Data-Mining-Projects/Apache_Airflow/venv/lib/python3.10/site-packages/airflow/example_dags/subdags/subdag.py
[2025-02-20T11:06:10.316+0100] {processor.py:208} INFO - Processing /Users/ajlakorman/Desktop/Data-Mining-Projects/Apache_Airflow/venv/lib/python3.10/site-packages/airflow/example_dags/subdags/subdag.py took 0.094 seconds
[2025-02-20T11:07:20.349+0100] {processor.py:186} INFO - Started process (PID=8096) to work on /Users/ajlakorman/Desktop/Data-Mining-Projects/Apache_Airflow/venv/lib/python3.10/site-packages/airflow/example_dags/subdags/subdag.py
[2025-02-20T11:07:20.349+0100] {processor.py:914} INFO - Processing file /Users/ajlakorman/Desktop/Data-Mining-Projects/Apache_Airflow/venv/lib/python3.10/site-packages/airflow/example_dags/subdags/subdag.py for tasks to queue
[2025-02-20T11:07:20.350+0100] {logging_mixin.py:190} INFO - [2025-02-20T11:07:20.350+0100] {dagbag.py:588} INFO - Filling up the DagBag from /Users/ajlakorman/Desktop/Data-Mining-Projects/Apache_Airflow/venv/lib/python3.10/site-packages/airflow/example_dags/subdags/subdag.py
[2025-02-20T11:07:20.351+0100] {processor.py:927} WARNING - No viable dags retrieved from /Users/ajlakorman/Desktop/Data-Mining-Projects/Apache_Airflow/venv/lib/python3.10/site-packages/airflow/example_dags/subdags/subdag.py
[2025-02-20T11:07:20.415+0100] {processor.py:208} INFO - Processing /Users/ajlakorman/Desktop/Data-Mining-Projects/Apache_Airflow/venv/lib/python3.10/site-packages/airflow/example_dags/subdags/subdag.py took 0.068 seconds
[2025-02-20T11:08:29.274+0100] {processor.py:186} INFO - Started process (PID=8230) to work on /Users/ajlakorman/Desktop/Data-Mining-Projects/Apache_Airflow/venv/lib/python3.10/site-packages/airflow/example_dags/subdags/subdag.py
[2025-02-20T11:08:29.275+0100] {processor.py:914} INFO - Processing file /Users/ajlakorman/Desktop/Data-Mining-Projects/Apache_Airflow/venv/lib/python3.10/site-packages/airflow/example_dags/subdags/subdag.py for tasks to queue
[2025-02-20T11:08:29.275+0100] {logging_mixin.py:190} INFO - [2025-02-20T11:08:29.275+0100] {dagbag.py:588} INFO - Filling up the DagBag from /Users/ajlakorman/Desktop/Data-Mining-Projects/Apache_Airflow/venv/lib/python3.10/site-packages/airflow/example_dags/subdags/subdag.py
[2025-02-20T11:08:29.276+0100] {processor.py:927} WARNING - No viable dags retrieved from /Users/ajlakorman/Desktop/Data-Mining-Projects/Apache_Airflow/venv/lib/python3.10/site-packages/airflow/example_dags/subdags/subdag.py
[2025-02-20T11:08:29.337+0100] {processor.py:208} INFO - Processing /Users/ajlakorman/Desktop/Data-Mining-Projects/Apache_Airflow/venv/lib/python3.10/site-packages/airflow/example_dags/subdags/subdag.py took 0.065 seconds
[2025-02-20T11:09:38.877+0100] {processor.py:186} INFO - Started process (PID=8321) to work on /Users/ajlakorman/Desktop/Data-Mining-Projects/Apache_Airflow/venv/lib/python3.10/site-packages/airflow/example_dags/subdags/subdag.py
[2025-02-20T11:09:38.878+0100] {processor.py:914} INFO - Processing file /Users/ajlakorman/Desktop/Data-Mining-Projects/Apache_Airflow/venv/lib/python3.10/site-packages/airflow/example_dags/subdags/subdag.py for tasks to queue
[2025-02-20T11:09:38.878+0100] {logging_mixin.py:190} INFO - [2025-02-20T11:09:38.878+0100] {dagbag.py:588} INFO - Filling up the DagBag from /Users/ajlakorman/Desktop/Data-Mining-Projects/Apache_Airflow/venv/lib/python3.10/site-packages/airflow/example_dags/subdags/subdag.py
[2025-02-20T11:09:38.879+0100] {processor.py:927} WARNING - No viable dags retrieved from /Users/ajlakorman/Desktop/Data-Mining-Projects/Apache_Airflow/venv/lib/python3.10/site-packages/airflow/example_dags/subdags/subdag.py
[2025-02-20T11:09:38.940+0100] {processor.py:208} INFO - Processing /Users/ajlakorman/Desktop/Data-Mining-Projects/Apache_Airflow/venv/lib/python3.10/site-packages/airflow/example_dags/subdags/subdag.py took 0.066 seconds
[2025-02-20T11:10:48.936+0100] {processor.py:186} INFO - Started process (PID=8488) to work on /Users/ajlakorman/Desktop/Data-Mining-Projects/Apache_Airflow/venv/lib/python3.10/site-packages/airflow/example_dags/subdags/subdag.py
[2025-02-20T11:10:48.937+0100] {processor.py:914} INFO - Processing file /Users/ajlakorman/Desktop/Data-Mining-Projects/Apache_Airflow/venv/lib/python3.10/site-packages/airflow/example_dags/subdags/subdag.py for tasks to queue
[2025-02-20T11:10:48.938+0100] {logging_mixin.py:190} INFO - [2025-02-20T11:10:48.938+0100] {dagbag.py:588} INFO - Filling up the DagBag from /Users/ajlakorman/Desktop/Data-Mining-Projects/Apache_Airflow/venv/lib/python3.10/site-packages/airflow/example_dags/subdags/subdag.py
[2025-02-20T11:10:48.939+0100] {processor.py:927} WARNING - No viable dags retrieved from /Users/ajlakorman/Desktop/Data-Mining-Projects/Apache_Airflow/venv/lib/python3.10/site-packages/airflow/example_dags/subdags/subdag.py
[2025-02-20T11:10:48.999+0100] {processor.py:208} INFO - Processing /Users/ajlakorman/Desktop/Data-Mining-Projects/Apache_Airflow/venv/lib/python3.10/site-packages/airflow/example_dags/subdags/subdag.py took 0.064 seconds
[2025-02-20T11:11:56.916+0100] {processor.py:186} INFO - Started process (PID=8593) to work on /Users/ajlakorman/Desktop/Data-Mining-Projects/Apache_Airflow/venv/lib/python3.10/site-packages/airflow/example_dags/subdags/subdag.py
[2025-02-20T11:11:56.917+0100] {processor.py:914} INFO - Processing file /Users/ajlakorman/Desktop/Data-Mining-Projects/Apache_Airflow/venv/lib/python3.10/site-packages/airflow/example_dags/subdags/subdag.py for tasks to queue
[2025-02-20T11:11:56.917+0100] {logging_mixin.py:190} INFO - [2025-02-20T11:11:56.917+0100] {dagbag.py:588} INFO - Filling up the DagBag from /Users/ajlakorman/Desktop/Data-Mining-Projects/Apache_Airflow/venv/lib/python3.10/site-packages/airflow/example_dags/subdags/subdag.py
[2025-02-20T11:11:56.918+0100] {processor.py:927} WARNING - No viable dags retrieved from /Users/ajlakorman/Desktop/Data-Mining-Projects/Apache_Airflow/venv/lib/python3.10/site-packages/airflow/example_dags/subdags/subdag.py
[2025-02-20T11:11:56.978+0100] {processor.py:208} INFO - Processing /Users/ajlakorman/Desktop/Data-Mining-Projects/Apache_Airflow/venv/lib/python3.10/site-packages/airflow/example_dags/subdags/subdag.py took 0.064 seconds
[2025-02-20T11:13:05.068+0100] {processor.py:186} INFO - Started process (PID=8685) to work on /Users/ajlakorman/Desktop/Data-Mining-Projects/Apache_Airflow/venv/lib/python3.10/site-packages/airflow/example_dags/subdags/subdag.py
[2025-02-20T11:13:05.069+0100] {processor.py:914} INFO - Processing file /Users/ajlakorman/Desktop/Data-Mining-Projects/Apache_Airflow/venv/lib/python3.10/site-packages/airflow/example_dags/subdags/subdag.py for tasks to queue
[2025-02-20T11:13:05.069+0100] {logging_mixin.py:190} INFO - [2025-02-20T11:13:05.069+0100] {dagbag.py:588} INFO - Filling up the DagBag from /Users/ajlakorman/Desktop/Data-Mining-Projects/Apache_Airflow/venv/lib/python3.10/site-packages/airflow/example_dags/subdags/subdag.py
[2025-02-20T11:13:05.070+0100] {processor.py:927} WARNING - No viable dags retrieved from /Users/ajlakorman/Desktop/Data-Mining-Projects/Apache_Airflow/venv/lib/python3.10/site-packages/airflow/example_dags/subdags/subdag.py
[2025-02-20T11:13:05.132+0100] {processor.py:208} INFO - Processing /Users/ajlakorman/Desktop/Data-Mining-Projects/Apache_Airflow/venv/lib/python3.10/site-packages/airflow/example_dags/subdags/subdag.py took 0.066 seconds
[2025-02-20T11:14:18.991+0100] {processor.py:186} INFO - Started process (PID=8854) to work on /Users/ajlakorman/Desktop/Data-Mining-Projects/Apache_Airflow/venv/lib/python3.10/site-packages/airflow/example_dags/subdags/subdag.py
[2025-02-20T11:14:18.992+0100] {processor.py:914} INFO - Processing file /Users/ajlakorman/Desktop/Data-Mining-Projects/Apache_Airflow/venv/lib/python3.10/site-packages/airflow/example_dags/subdags/subdag.py for tasks to queue
[2025-02-20T11:14:18.993+0100] {logging_mixin.py:190} INFO - [2025-02-20T11:14:18.992+0100] {dagbag.py:588} INFO - Filling up the DagBag from /Users/ajlakorman/Desktop/Data-Mining-Projects/Apache_Airflow/venv/lib/python3.10/site-packages/airflow/example_dags/subdags/subdag.py
[2025-02-20T11:14:18.995+0100] {processor.py:927} WARNING - No viable dags retrieved from /Users/ajlakorman/Desktop/Data-Mining-Projects/Apache_Airflow/venv/lib/python3.10/site-packages/airflow/example_dags/subdags/subdag.py
[2025-02-20T11:14:19.060+0100] {processor.py:208} INFO - Processing /Users/ajlakorman/Desktop/Data-Mining-Projects/Apache_Airflow/venv/lib/python3.10/site-packages/airflow/example_dags/subdags/subdag.py took 0.070 seconds
[2025-02-20T11:15:31.141+0100] {processor.py:186} INFO - Started process (PID=8940) to work on /Users/ajlakorman/Desktop/Data-Mining-Projects/Apache_Airflow/venv/lib/python3.10/site-packages/airflow/example_dags/subdags/subdag.py
[2025-02-20T11:15:31.142+0100] {processor.py:914} INFO - Processing file /Users/ajlakorman/Desktop/Data-Mining-Projects/Apache_Airflow/venv/lib/python3.10/site-packages/airflow/example_dags/subdags/subdag.py for tasks to queue
[2025-02-20T11:15:31.142+0100] {logging_mixin.py:190} INFO - [2025-02-20T11:15:31.142+0100] {dagbag.py:588} INFO - Filling up the DagBag from /Users/ajlakorman/Desktop/Data-Mining-Projects/Apache_Airflow/venv/lib/python3.10/site-packages/airflow/example_dags/subdags/subdag.py
[2025-02-20T11:15:31.143+0100] {processor.py:927} WARNING - No viable dags retrieved from /Users/ajlakorman/Desktop/Data-Mining-Projects/Apache_Airflow/venv/lib/python3.10/site-packages/airflow/example_dags/subdags/subdag.py
[2025-02-20T11:15:31.205+0100] {processor.py:208} INFO - Processing /Users/ajlakorman/Desktop/Data-Mining-Projects/Apache_Airflow/venv/lib/python3.10/site-packages/airflow/example_dags/subdags/subdag.py took 0.066 seconds
[2025-02-20T11:16:43.473+0100] {processor.py:186} INFO - Started process (PID=9124) to work on /Users/ajlakorman/Desktop/Data-Mining-Projects/Apache_Airflow/venv/lib/python3.10/site-packages/airflow/example_dags/subdags/subdag.py
[2025-02-20T11:16:43.474+0100] {processor.py:914} INFO - Processing file /Users/ajlakorman/Desktop/Data-Mining-Projects/Apache_Airflow/venv/lib/python3.10/site-packages/airflow/example_dags/subdags/subdag.py for tasks to queue
[2025-02-20T11:16:43.474+0100] {logging_mixin.py:190} INFO - [2025-02-20T11:16:43.474+0100] {dagbag.py:588} INFO - Filling up the DagBag from /Users/ajlakorman/Desktop/Data-Mining-Projects/Apache_Airflow/venv/lib/python3.10/site-packages/airflow/example_dags/subdags/subdag.py
[2025-02-20T11:16:43.475+0100] {processor.py:927} WARNING - No viable dags retrieved from /Users/ajlakorman/Desktop/Data-Mining-Projects/Apache_Airflow/venv/lib/python3.10/site-packages/airflow/example_dags/subdags/subdag.py
[2025-02-20T11:16:43.535+0100] {processor.py:208} INFO - Processing /Users/ajlakorman/Desktop/Data-Mining-Projects/Apache_Airflow/venv/lib/python3.10/site-packages/airflow/example_dags/subdags/subdag.py took 0.064 seconds
[2025-02-20T11:17:55.144+0100] {processor.py:186} INFO - Started process (PID=9307) to work on /Users/ajlakorman/Desktop/Data-Mining-Projects/Apache_Airflow/venv/lib/python3.10/site-packages/airflow/example_dags/subdags/subdag.py
[2025-02-20T11:17:55.145+0100] {processor.py:914} INFO - Processing file /Users/ajlakorman/Desktop/Data-Mining-Projects/Apache_Airflow/venv/lib/python3.10/site-packages/airflow/example_dags/subdags/subdag.py for tasks to queue
[2025-02-20T11:17:55.146+0100] {logging_mixin.py:190} INFO - [2025-02-20T11:17:55.145+0100] {dagbag.py:588} INFO - Filling up the DagBag from /Users/ajlakorman/Desktop/Data-Mining-Projects/Apache_Airflow/venv/lib/python3.10/site-packages/airflow/example_dags/subdags/subdag.py
[2025-02-20T11:17:55.147+0100] {processor.py:927} WARNING - No viable dags retrieved from /Users/ajlakorman/Desktop/Data-Mining-Projects/Apache_Airflow/venv/lib/python3.10/site-packages/airflow/example_dags/subdags/subdag.py
[2025-02-20T11:17:55.207+0100] {processor.py:208} INFO - Processing /Users/ajlakorman/Desktop/Data-Mining-Projects/Apache_Airflow/venv/lib/python3.10/site-packages/airflow/example_dags/subdags/subdag.py took 0.064 seconds
[2025-02-20T11:19:12.444+0100] {processor.py:186} INFO - Started process (PID=9503) to work on /Users/ajlakorman/Desktop/Data-Mining-Projects/Apache_Airflow/venv/lib/python3.10/site-packages/airflow/example_dags/subdags/subdag.py
[2025-02-20T11:19:12.448+0100] {processor.py:914} INFO - Processing file /Users/ajlakorman/Desktop/Data-Mining-Projects/Apache_Airflow/venv/lib/python3.10/site-packages/airflow/example_dags/subdags/subdag.py for tasks to queue
[2025-02-20T11:19:12.449+0100] {logging_mixin.py:190} INFO - [2025-02-20T11:19:12.449+0100] {dagbag.py:588} INFO - Filling up the DagBag from /Users/ajlakorman/Desktop/Data-Mining-Projects/Apache_Airflow/venv/lib/python3.10/site-packages/airflow/example_dags/subdags/subdag.py
[2025-02-20T11:19:12.450+0100] {processor.py:927} WARNING - No viable dags retrieved from /Users/ajlakorman/Desktop/Data-Mining-Projects/Apache_Airflow/venv/lib/python3.10/site-packages/airflow/example_dags/subdags/subdag.py
[2025-02-20T11:19:12.514+0100] {processor.py:208} INFO - Processing /Users/ajlakorman/Desktop/Data-Mining-Projects/Apache_Airflow/venv/lib/python3.10/site-packages/airflow/example_dags/subdags/subdag.py took 0.073 seconds
[2025-02-20T11:20:26.525+0100] {processor.py:186} INFO - Started process (PID=9684) to work on /Users/ajlakorman/Desktop/Data-Mining-Projects/Apache_Airflow/venv/lib/python3.10/site-packages/airflow/example_dags/subdags/subdag.py
[2025-02-20T11:20:26.526+0100] {processor.py:914} INFO - Processing file /Users/ajlakorman/Desktop/Data-Mining-Projects/Apache_Airflow/venv/lib/python3.10/site-packages/airflow/example_dags/subdags/subdag.py for tasks to queue
[2025-02-20T11:20:26.527+0100] {logging_mixin.py:190} INFO - [2025-02-20T11:20:26.527+0100] {dagbag.py:588} INFO - Filling up the DagBag from /Users/ajlakorman/Desktop/Data-Mining-Projects/Apache_Airflow/venv/lib/python3.10/site-packages/airflow/example_dags/subdags/subdag.py
[2025-02-20T11:20:26.528+0100] {processor.py:927} WARNING - No viable dags retrieved from /Users/ajlakorman/Desktop/Data-Mining-Projects/Apache_Airflow/venv/lib/python3.10/site-packages/airflow/example_dags/subdags/subdag.py
[2025-02-20T11:20:26.590+0100] {processor.py:208} INFO - Processing /Users/ajlakorman/Desktop/Data-Mining-Projects/Apache_Airflow/venv/lib/python3.10/site-packages/airflow/example_dags/subdags/subdag.py took 0.067 seconds
[2025-02-20T11:21:39.461+0100] {processor.py:186} INFO - Started process (PID=9782) to work on /Users/ajlakorman/Desktop/Data-Mining-Projects/Apache_Airflow/venv/lib/python3.10/site-packages/airflow/example_dags/subdags/subdag.py
[2025-02-20T11:21:39.462+0100] {processor.py:914} INFO - Processing file /Users/ajlakorman/Desktop/Data-Mining-Projects/Apache_Airflow/venv/lib/python3.10/site-packages/airflow/example_dags/subdags/subdag.py for tasks to queue
[2025-02-20T11:21:39.463+0100] {logging_mixin.py:190} INFO - [2025-02-20T11:21:39.462+0100] {dagbag.py:588} INFO - Filling up the DagBag from /Users/ajlakorman/Desktop/Data-Mining-Projects/Apache_Airflow/venv/lib/python3.10/site-packages/airflow/example_dags/subdags/subdag.py
[2025-02-20T11:21:39.464+0100] {processor.py:927} WARNING - No viable dags retrieved from /Users/ajlakorman/Desktop/Data-Mining-Projects/Apache_Airflow/venv/lib/python3.10/site-packages/airflow/example_dags/subdags/subdag.py
[2025-02-20T11:21:39.525+0100] {processor.py:208} INFO - Processing /Users/ajlakorman/Desktop/Data-Mining-Projects/Apache_Airflow/venv/lib/python3.10/site-packages/airflow/example_dags/subdags/subdag.py took 0.065 seconds
[2025-02-20T11:22:52.558+0100] {processor.py:186} INFO - Started process (PID=9907) to work on /Users/ajlakorman/Desktop/Data-Mining-Projects/Apache_Airflow/venv/lib/python3.10/site-packages/airflow/example_dags/subdags/subdag.py
[2025-02-20T11:22:52.558+0100] {processor.py:914} INFO - Processing file /Users/ajlakorman/Desktop/Data-Mining-Projects/Apache_Airflow/venv/lib/python3.10/site-packages/airflow/example_dags/subdags/subdag.py for tasks to queue
[2025-02-20T11:22:52.559+0100] {logging_mixin.py:190} INFO - [2025-02-20T11:22:52.559+0100] {dagbag.py:588} INFO - Filling up the DagBag from /Users/ajlakorman/Desktop/Data-Mining-Projects/Apache_Airflow/venv/lib/python3.10/site-packages/airflow/example_dags/subdags/subdag.py
[2025-02-20T11:22:52.560+0100] {processor.py:927} WARNING - No viable dags retrieved from /Users/ajlakorman/Desktop/Data-Mining-Projects/Apache_Airflow/venv/lib/python3.10/site-packages/airflow/example_dags/subdags/subdag.py
[2025-02-20T11:22:52.634+0100] {processor.py:208} INFO - Processing /Users/ajlakorman/Desktop/Data-Mining-Projects/Apache_Airflow/venv/lib/python3.10/site-packages/airflow/example_dags/subdags/subdag.py took 0.078 seconds
[2025-02-20T11:24:08.467+0100] {processor.py:186} INFO - Started process (PID=10035) to work on /Users/ajlakorman/Desktop/Data-Mining-Projects/Apache_Airflow/venv/lib/python3.10/site-packages/airflow/example_dags/subdags/subdag.py
[2025-02-20T11:24:08.468+0100] {processor.py:914} INFO - Processing file /Users/ajlakorman/Desktop/Data-Mining-Projects/Apache_Airflow/venv/lib/python3.10/site-packages/airflow/example_dags/subdags/subdag.py for tasks to queue
[2025-02-20T11:24:08.468+0100] {logging_mixin.py:190} INFO - [2025-02-20T11:24:08.468+0100] {dagbag.py:588} INFO - Filling up the DagBag from /Users/ajlakorman/Desktop/Data-Mining-Projects/Apache_Airflow/venv/lib/python3.10/site-packages/airflow/example_dags/subdags/subdag.py
[2025-02-20T11:24:08.470+0100] {processor.py:927} WARNING - No viable dags retrieved from /Users/ajlakorman/Desktop/Data-Mining-Projects/Apache_Airflow/venv/lib/python3.10/site-packages/airflow/example_dags/subdags/subdag.py
[2025-02-20T11:24:08.531+0100] {processor.py:208} INFO - Processing /Users/ajlakorman/Desktop/Data-Mining-Projects/Apache_Airflow/venv/lib/python3.10/site-packages/airflow/example_dags/subdags/subdag.py took 0.066 seconds
[2025-02-20T11:25:22.611+0100] {processor.py:186} INFO - Started process (PID=10172) to work on /Users/ajlakorman/Desktop/Data-Mining-Projects/Apache_Airflow/venv/lib/python3.10/site-packages/airflow/example_dags/subdags/subdag.py
[2025-02-20T11:25:22.613+0100] {processor.py:914} INFO - Processing file /Users/ajlakorman/Desktop/Data-Mining-Projects/Apache_Airflow/venv/lib/python3.10/site-packages/airflow/example_dags/subdags/subdag.py for tasks to queue
[2025-02-20T11:25:22.613+0100] {logging_mixin.py:190} INFO - [2025-02-20T11:25:22.613+0100] {dagbag.py:588} INFO - Filling up the DagBag from /Users/ajlakorman/Desktop/Data-Mining-Projects/Apache_Airflow/venv/lib/python3.10/site-packages/airflow/example_dags/subdags/subdag.py
[2025-02-20T11:25:22.614+0100] {processor.py:927} WARNING - No viable dags retrieved from /Users/ajlakorman/Desktop/Data-Mining-Projects/Apache_Airflow/venv/lib/python3.10/site-packages/airflow/example_dags/subdags/subdag.py
[2025-02-20T11:25:22.675+0100] {processor.py:208} INFO - Processing /Users/ajlakorman/Desktop/Data-Mining-Projects/Apache_Airflow/venv/lib/python3.10/site-packages/airflow/example_dags/subdags/subdag.py took 0.066 seconds
[2025-02-20T11:26:36.478+0100] {processor.py:186} INFO - Started process (PID=10353) to work on /Users/ajlakorman/Desktop/Data-Mining-Projects/Apache_Airflow/venv/lib/python3.10/site-packages/airflow/example_dags/subdags/subdag.py
[2025-02-20T11:26:36.480+0100] {processor.py:914} INFO - Processing file /Users/ajlakorman/Desktop/Data-Mining-Projects/Apache_Airflow/venv/lib/python3.10/site-packages/airflow/example_dags/subdags/subdag.py for tasks to queue
[2025-02-20T11:26:36.480+0100] {logging_mixin.py:190} INFO - [2025-02-20T11:26:36.480+0100] {dagbag.py:588} INFO - Filling up the DagBag from /Users/ajlakorman/Desktop/Data-Mining-Projects/Apache_Airflow/venv/lib/python3.10/site-packages/airflow/example_dags/subdags/subdag.py
[2025-02-20T11:26:36.481+0100] {processor.py:927} WARNING - No viable dags retrieved from /Users/ajlakorman/Desktop/Data-Mining-Projects/Apache_Airflow/venv/lib/python3.10/site-packages/airflow/example_dags/subdags/subdag.py
[2025-02-20T11:26:36.545+0100] {processor.py:208} INFO - Processing /Users/ajlakorman/Desktop/Data-Mining-Projects/Apache_Airflow/venv/lib/python3.10/site-packages/airflow/example_dags/subdags/subdag.py took 0.068 seconds
[2025-02-20T11:27:54.177+0100] {processor.py:186} INFO - Started process (PID=10508) to work on /Users/ajlakorman/Desktop/Data-Mining-Projects/Apache_Airflow/venv/lib/python3.10/site-packages/airflow/example_dags/subdags/subdag.py
[2025-02-20T11:27:54.178+0100] {processor.py:914} INFO - Processing file /Users/ajlakorman/Desktop/Data-Mining-Projects/Apache_Airflow/venv/lib/python3.10/site-packages/airflow/example_dags/subdags/subdag.py for tasks to queue
[2025-02-20T11:27:54.179+0100] {logging_mixin.py:190} INFO - [2025-02-20T11:27:54.179+0100] {dagbag.py:588} INFO - Filling up the DagBag from /Users/ajlakorman/Desktop/Data-Mining-Projects/Apache_Airflow/venv/lib/python3.10/site-packages/airflow/example_dags/subdags/subdag.py
[2025-02-20T11:27:54.180+0100] {processor.py:927} WARNING - No viable dags retrieved from /Users/ajlakorman/Desktop/Data-Mining-Projects/Apache_Airflow/venv/lib/python3.10/site-packages/airflow/example_dags/subdags/subdag.py
[2025-02-20T11:27:54.242+0100] {processor.py:208} INFO - Processing /Users/ajlakorman/Desktop/Data-Mining-Projects/Apache_Airflow/venv/lib/python3.10/site-packages/airflow/example_dags/subdags/subdag.py took 0.066 seconds
[2025-02-20T11:29:06.637+0100] {processor.py:186} INFO - Started process (PID=10681) to work on /Users/ajlakorman/Desktop/Data-Mining-Projects/Apache_Airflow/venv/lib/python3.10/site-packages/airflow/example_dags/subdags/subdag.py
[2025-02-20T11:29:06.638+0100] {processor.py:914} INFO - Processing file /Users/ajlakorman/Desktop/Data-Mining-Projects/Apache_Airflow/venv/lib/python3.10/site-packages/airflow/example_dags/subdags/subdag.py for tasks to queue
[2025-02-20T11:29:06.638+0100] {logging_mixin.py:190} INFO - [2025-02-20T11:29:06.638+0100] {dagbag.py:588} INFO - Filling up the DagBag from /Users/ajlakorman/Desktop/Data-Mining-Projects/Apache_Airflow/venv/lib/python3.10/site-packages/airflow/example_dags/subdags/subdag.py
[2025-02-20T11:29:06.640+0100] {processor.py:927} WARNING - No viable dags retrieved from /Users/ajlakorman/Desktop/Data-Mining-Projects/Apache_Airflow/venv/lib/python3.10/site-packages/airflow/example_dags/subdags/subdag.py
[2025-02-20T11:29:06.708+0100] {processor.py:208} INFO - Processing /Users/ajlakorman/Desktop/Data-Mining-Projects/Apache_Airflow/venv/lib/python3.10/site-packages/airflow/example_dags/subdags/subdag.py took 0.073 seconds
[2025-02-20T11:30:20.404+0100] {processor.py:186} INFO - Started process (PID=10844) to work on /Users/ajlakorman/Desktop/Data-Mining-Projects/Apache_Airflow/venv/lib/python3.10/site-packages/airflow/example_dags/subdags/subdag.py
[2025-02-20T11:30:20.405+0100] {processor.py:914} INFO - Processing file /Users/ajlakorman/Desktop/Data-Mining-Projects/Apache_Airflow/venv/lib/python3.10/site-packages/airflow/example_dags/subdags/subdag.py for tasks to queue
[2025-02-20T11:30:20.405+0100] {logging_mixin.py:190} INFO - [2025-02-20T11:30:20.405+0100] {dagbag.py:588} INFO - Filling up the DagBag from /Users/ajlakorman/Desktop/Data-Mining-Projects/Apache_Airflow/venv/lib/python3.10/site-packages/airflow/example_dags/subdags/subdag.py
[2025-02-20T11:30:20.406+0100] {processor.py:927} WARNING - No viable dags retrieved from /Users/ajlakorman/Desktop/Data-Mining-Projects/Apache_Airflow/venv/lib/python3.10/site-packages/airflow/example_dags/subdags/subdag.py
[2025-02-20T11:30:20.466+0100] {processor.py:208} INFO - Processing /Users/ajlakorman/Desktop/Data-Mining-Projects/Apache_Airflow/venv/lib/python3.10/site-packages/airflow/example_dags/subdags/subdag.py took 0.064 seconds
[2025-02-20T11:31:35.780+0100] {processor.py:186} INFO - Started process (PID=10968) to work on /Users/ajlakorman/Desktop/Data-Mining-Projects/Apache_Airflow/venv/lib/python3.10/site-packages/airflow/example_dags/subdags/subdag.py
[2025-02-20T11:31:35.781+0100] {processor.py:914} INFO - Processing file /Users/ajlakorman/Desktop/Data-Mining-Projects/Apache_Airflow/venv/lib/python3.10/site-packages/airflow/example_dags/subdags/subdag.py for tasks to queue
[2025-02-20T11:31:35.782+0100] {logging_mixin.py:190} INFO - [2025-02-20T11:31:35.782+0100] {dagbag.py:588} INFO - Filling up the DagBag from /Users/ajlakorman/Desktop/Data-Mining-Projects/Apache_Airflow/venv/lib/python3.10/site-packages/airflow/example_dags/subdags/subdag.py
[2025-02-20T11:31:35.783+0100] {processor.py:927} WARNING - No viable dags retrieved from /Users/ajlakorman/Desktop/Data-Mining-Projects/Apache_Airflow/venv/lib/python3.10/site-packages/airflow/example_dags/subdags/subdag.py
[2025-02-20T11:31:35.845+0100] {processor.py:208} INFO - Processing /Users/ajlakorman/Desktop/Data-Mining-Projects/Apache_Airflow/venv/lib/python3.10/site-packages/airflow/example_dags/subdags/subdag.py took 0.066 seconds
[2025-02-20T11:32:46.807+0100] {processor.py:186} INFO - Started process (PID=11080) to work on /Users/ajlakorman/Desktop/Data-Mining-Projects/Apache_Airflow/venv/lib/python3.10/site-packages/airflow/example_dags/subdags/subdag.py
[2025-02-20T11:32:46.808+0100] {processor.py:914} INFO - Processing file /Users/ajlakorman/Desktop/Data-Mining-Projects/Apache_Airflow/venv/lib/python3.10/site-packages/airflow/example_dags/subdags/subdag.py for tasks to queue
[2025-02-20T11:32:46.809+0100] {logging_mixin.py:190} INFO - [2025-02-20T11:32:46.808+0100] {dagbag.py:588} INFO - Filling up the DagBag from /Users/ajlakorman/Desktop/Data-Mining-Projects/Apache_Airflow/venv/lib/python3.10/site-packages/airflow/example_dags/subdags/subdag.py
[2025-02-20T11:32:46.810+0100] {processor.py:927} WARNING - No viable dags retrieved from /Users/ajlakorman/Desktop/Data-Mining-Projects/Apache_Airflow/venv/lib/python3.10/site-packages/airflow/example_dags/subdags/subdag.py
[2025-02-20T11:32:46.872+0100] {processor.py:208} INFO - Processing /Users/ajlakorman/Desktop/Data-Mining-Projects/Apache_Airflow/venv/lib/python3.10/site-packages/airflow/example_dags/subdags/subdag.py took 0.066 seconds
[2025-02-20T11:34:00.929+0100] {processor.py:186} INFO - Started process (PID=11197) to work on /Users/ajlakorman/Desktop/Data-Mining-Projects/Apache_Airflow/venv/lib/python3.10/site-packages/airflow/example_dags/subdags/subdag.py
[2025-02-20T11:34:00.929+0100] {processor.py:914} INFO - Processing file /Users/ajlakorman/Desktop/Data-Mining-Projects/Apache_Airflow/venv/lib/python3.10/site-packages/airflow/example_dags/subdags/subdag.py for tasks to queue
[2025-02-20T11:34:00.930+0100] {logging_mixin.py:190} INFO - [2025-02-20T11:34:00.930+0100] {dagbag.py:588} INFO - Filling up the DagBag from /Users/ajlakorman/Desktop/Data-Mining-Projects/Apache_Airflow/venv/lib/python3.10/site-packages/airflow/example_dags/subdags/subdag.py
[2025-02-20T11:34:00.931+0100] {processor.py:927} WARNING - No viable dags retrieved from /Users/ajlakorman/Desktop/Data-Mining-Projects/Apache_Airflow/venv/lib/python3.10/site-packages/airflow/example_dags/subdags/subdag.py
[2025-02-20T11:34:00.994+0100] {processor.py:208} INFO - Processing /Users/ajlakorman/Desktop/Data-Mining-Projects/Apache_Airflow/venv/lib/python3.10/site-packages/airflow/example_dags/subdags/subdag.py took 0.067 seconds
[2025-02-20T11:35:15.002+0100] {processor.py:186} INFO - Started process (PID=11324) to work on /Users/ajlakorman/Desktop/Data-Mining-Projects/Apache_Airflow/venv/lib/python3.10/site-packages/airflow/example_dags/subdags/subdag.py
[2025-02-20T11:35:15.003+0100] {processor.py:914} INFO - Processing file /Users/ajlakorman/Desktop/Data-Mining-Projects/Apache_Airflow/venv/lib/python3.10/site-packages/airflow/example_dags/subdags/subdag.py for tasks to queue
[2025-02-20T11:35:15.003+0100] {logging_mixin.py:190} INFO - [2025-02-20T11:35:15.003+0100] {dagbag.py:588} INFO - Filling up the DagBag from /Users/ajlakorman/Desktop/Data-Mining-Projects/Apache_Airflow/venv/lib/python3.10/site-packages/airflow/example_dags/subdags/subdag.py
[2025-02-20T11:35:15.005+0100] {processor.py:927} WARNING - No viable dags retrieved from /Users/ajlakorman/Desktop/Data-Mining-Projects/Apache_Airflow/venv/lib/python3.10/site-packages/airflow/example_dags/subdags/subdag.py
[2025-02-20T11:35:15.066+0100] {processor.py:208} INFO - Processing /Users/ajlakorman/Desktop/Data-Mining-Projects/Apache_Airflow/venv/lib/python3.10/site-packages/airflow/example_dags/subdags/subdag.py took 0.066 seconds
[2025-02-20T11:36:30.839+0100] {processor.py:186} INFO - Started process (PID=11448) to work on /Users/ajlakorman/Desktop/Data-Mining-Projects/Apache_Airflow/venv/lib/python3.10/site-packages/airflow/example_dags/subdags/subdag.py
[2025-02-20T11:36:30.840+0100] {processor.py:914} INFO - Processing file /Users/ajlakorman/Desktop/Data-Mining-Projects/Apache_Airflow/venv/lib/python3.10/site-packages/airflow/example_dags/subdags/subdag.py for tasks to queue
[2025-02-20T11:36:30.840+0100] {logging_mixin.py:190} INFO - [2025-02-20T11:36:30.840+0100] {dagbag.py:588} INFO - Filling up the DagBag from /Users/ajlakorman/Desktop/Data-Mining-Projects/Apache_Airflow/venv/lib/python3.10/site-packages/airflow/example_dags/subdags/subdag.py
[2025-02-20T11:36:30.842+0100] {processor.py:927} WARNING - No viable dags retrieved from /Users/ajlakorman/Desktop/Data-Mining-Projects/Apache_Airflow/venv/lib/python3.10/site-packages/airflow/example_dags/subdags/subdag.py
[2025-02-20T11:36:30.904+0100] {processor.py:208} INFO - Processing /Users/ajlakorman/Desktop/Data-Mining-Projects/Apache_Airflow/venv/lib/python3.10/site-packages/airflow/example_dags/subdags/subdag.py took 0.067 seconds
[2025-02-20T11:37:48.152+0100] {processor.py:186} INFO - Started process (PID=11603) to work on /Users/ajlakorman/Desktop/Data-Mining-Projects/Apache_Airflow/venv/lib/python3.10/site-packages/airflow/example_dags/subdags/subdag.py
[2025-02-20T11:37:48.153+0100] {processor.py:914} INFO - Processing file /Users/ajlakorman/Desktop/Data-Mining-Projects/Apache_Airflow/venv/lib/python3.10/site-packages/airflow/example_dags/subdags/subdag.py for tasks to queue
[2025-02-20T11:37:48.154+0100] {logging_mixin.py:190} INFO - [2025-02-20T11:37:48.154+0100] {dagbag.py:588} INFO - Filling up the DagBag from /Users/ajlakorman/Desktop/Data-Mining-Projects/Apache_Airflow/venv/lib/python3.10/site-packages/airflow/example_dags/subdags/subdag.py
[2025-02-20T11:37:48.155+0100] {processor.py:927} WARNING - No viable dags retrieved from /Users/ajlakorman/Desktop/Data-Mining-Projects/Apache_Airflow/venv/lib/python3.10/site-packages/airflow/example_dags/subdags/subdag.py
[2025-02-20T11:37:48.243+0100] {processor.py:208} INFO - Processing /Users/ajlakorman/Desktop/Data-Mining-Projects/Apache_Airflow/venv/lib/python3.10/site-packages/airflow/example_dags/subdags/subdag.py took 0.093 seconds
[2025-02-20T11:39:03.239+0100] {processor.py:186} INFO - Started process (PID=11718) to work on /Users/ajlakorman/Desktop/Data-Mining-Projects/Apache_Airflow/venv/lib/python3.10/site-packages/airflow/example_dags/subdags/subdag.py
[2025-02-20T11:39:03.240+0100] {processor.py:914} INFO - Processing file /Users/ajlakorman/Desktop/Data-Mining-Projects/Apache_Airflow/venv/lib/python3.10/site-packages/airflow/example_dags/subdags/subdag.py for tasks to queue
[2025-02-20T11:39:03.240+0100] {logging_mixin.py:190} INFO - [2025-02-20T11:39:03.240+0100] {dagbag.py:588} INFO - Filling up the DagBag from /Users/ajlakorman/Desktop/Data-Mining-Projects/Apache_Airflow/venv/lib/python3.10/site-packages/airflow/example_dags/subdags/subdag.py
[2025-02-20T11:39:03.241+0100] {processor.py:927} WARNING - No viable dags retrieved from /Users/ajlakorman/Desktop/Data-Mining-Projects/Apache_Airflow/venv/lib/python3.10/site-packages/airflow/example_dags/subdags/subdag.py
[2025-02-20T11:39:03.302+0100] {processor.py:208} INFO - Processing /Users/ajlakorman/Desktop/Data-Mining-Projects/Apache_Airflow/venv/lib/python3.10/site-packages/airflow/example_dags/subdags/subdag.py took 0.065 seconds
[2025-02-20T11:40:13.301+0100] {processor.py:186} INFO - Started process (PID=11820) to work on /Users/ajlakorman/Desktop/Data-Mining-Projects/Apache_Airflow/venv/lib/python3.10/site-packages/airflow/example_dags/subdags/subdag.py
[2025-02-20T11:40:13.302+0100] {processor.py:914} INFO - Processing file /Users/ajlakorman/Desktop/Data-Mining-Projects/Apache_Airflow/venv/lib/python3.10/site-packages/airflow/example_dags/subdags/subdag.py for tasks to queue
[2025-02-20T11:40:13.302+0100] {logging_mixin.py:190} INFO - [2025-02-20T11:40:13.302+0100] {dagbag.py:588} INFO - Filling up the DagBag from /Users/ajlakorman/Desktop/Data-Mining-Projects/Apache_Airflow/venv/lib/python3.10/site-packages/airflow/example_dags/subdags/subdag.py
[2025-02-20T11:40:13.304+0100] {processor.py:927} WARNING - No viable dags retrieved from /Users/ajlakorman/Desktop/Data-Mining-Projects/Apache_Airflow/venv/lib/python3.10/site-packages/airflow/example_dags/subdags/subdag.py
[2025-02-20T11:40:13.366+0100] {processor.py:208} INFO - Processing /Users/ajlakorman/Desktop/Data-Mining-Projects/Apache_Airflow/venv/lib/python3.10/site-packages/airflow/example_dags/subdags/subdag.py took 0.066 seconds
[2025-02-20T12:07:04.239+0100] {processor.py:186} INFO - Started process (PID=11936) to work on /Users/ajlakorman/Desktop/Data-Mining-Projects/Apache_Airflow/venv/lib/python3.10/site-packages/airflow/example_dags/subdags/subdag.py
[2025-02-20T12:07:04.240+0100] {processor.py:914} INFO - Processing file /Users/ajlakorman/Desktop/Data-Mining-Projects/Apache_Airflow/venv/lib/python3.10/site-packages/airflow/example_dags/subdags/subdag.py for tasks to queue
[2025-02-20T12:07:04.240+0100] {logging_mixin.py:190} INFO - [2025-02-20T12:07:04.240+0100] {dagbag.py:588} INFO - Filling up the DagBag from /Users/ajlakorman/Desktop/Data-Mining-Projects/Apache_Airflow/venv/lib/python3.10/site-packages/airflow/example_dags/subdags/subdag.py
[2025-02-20T12:07:04.241+0100] {processor.py:927} WARNING - No viable dags retrieved from /Users/ajlakorman/Desktop/Data-Mining-Projects/Apache_Airflow/venv/lib/python3.10/site-packages/airflow/example_dags/subdags/subdag.py
[2025-02-20T12:07:04.311+0100] {processor.py:208} INFO - Processing /Users/ajlakorman/Desktop/Data-Mining-Projects/Apache_Airflow/venv/lib/python3.10/site-packages/airflow/example_dags/subdags/subdag.py took 0.073 seconds
[2025-02-20T12:20:08.266+0100] {processor.py:186} INFO - Started process (PID=12093) to work on /Users/ajlakorman/Desktop/Data-Mining-Projects/Apache_Airflow/venv/lib/python3.10/site-packages/airflow/example_dags/subdags/subdag.py
[2025-02-20T12:20:08.267+0100] {processor.py:914} INFO - Processing file /Users/ajlakorman/Desktop/Data-Mining-Projects/Apache_Airflow/venv/lib/python3.10/site-packages/airflow/example_dags/subdags/subdag.py for tasks to queue
[2025-02-20T12:20:08.268+0100] {logging_mixin.py:190} INFO - [2025-02-20T12:20:08.268+0100] {dagbag.py:588} INFO - Filling up the DagBag from /Users/ajlakorman/Desktop/Data-Mining-Projects/Apache_Airflow/venv/lib/python3.10/site-packages/airflow/example_dags/subdags/subdag.py
[2025-02-20T12:20:08.269+0100] {processor.py:927} WARNING - No viable dags retrieved from /Users/ajlakorman/Desktop/Data-Mining-Projects/Apache_Airflow/venv/lib/python3.10/site-packages/airflow/example_dags/subdags/subdag.py
[2025-02-20T12:20:08.329+0100] {processor.py:208} INFO - Processing /Users/ajlakorman/Desktop/Data-Mining-Projects/Apache_Airflow/venv/lib/python3.10/site-packages/airflow/example_dags/subdags/subdag.py took 0.064 seconds
[2025-02-20T12:21:28.280+0100] {processor.py:186} INFO - Started process (PID=12221) to work on /Users/ajlakorman/Desktop/Data-Mining-Projects/Apache_Airflow/venv/lib/python3.10/site-packages/airflow/example_dags/subdags/subdag.py
[2025-02-20T12:21:28.280+0100] {processor.py:914} INFO - Processing file /Users/ajlakorman/Desktop/Data-Mining-Projects/Apache_Airflow/venv/lib/python3.10/site-packages/airflow/example_dags/subdags/subdag.py for tasks to queue
[2025-02-20T12:21:28.281+0100] {logging_mixin.py:190} INFO - [2025-02-20T12:21:28.281+0100] {dagbag.py:588} INFO - Filling up the DagBag from /Users/ajlakorman/Desktop/Data-Mining-Projects/Apache_Airflow/venv/lib/python3.10/site-packages/airflow/example_dags/subdags/subdag.py
[2025-02-20T12:21:28.283+0100] {processor.py:927} WARNING - No viable dags retrieved from /Users/ajlakorman/Desktop/Data-Mining-Projects/Apache_Airflow/venv/lib/python3.10/site-packages/airflow/example_dags/subdags/subdag.py
[2025-02-20T12:21:28.361+0100] {processor.py:208} INFO - Processing /Users/ajlakorman/Desktop/Data-Mining-Projects/Apache_Airflow/venv/lib/python3.10/site-packages/airflow/example_dags/subdags/subdag.py took 0.085 seconds
[2025-02-20T12:22:45.489+0100] {processor.py:186} INFO - Started process (PID=12364) to work on /Users/ajlakorman/Desktop/Data-Mining-Projects/Apache_Airflow/venv/lib/python3.10/site-packages/airflow/example_dags/subdags/subdag.py
[2025-02-20T12:22:45.494+0100] {processor.py:914} INFO - Processing file /Users/ajlakorman/Desktop/Data-Mining-Projects/Apache_Airflow/venv/lib/python3.10/site-packages/airflow/example_dags/subdags/subdag.py for tasks to queue
[2025-02-20T12:22:45.494+0100] {logging_mixin.py:190} INFO - [2025-02-20T12:22:45.494+0100] {dagbag.py:588} INFO - Filling up the DagBag from /Users/ajlakorman/Desktop/Data-Mining-Projects/Apache_Airflow/venv/lib/python3.10/site-packages/airflow/example_dags/subdags/subdag.py
[2025-02-20T12:22:45.496+0100] {processor.py:927} WARNING - No viable dags retrieved from /Users/ajlakorman/Desktop/Data-Mining-Projects/Apache_Airflow/venv/lib/python3.10/site-packages/airflow/example_dags/subdags/subdag.py
[2025-02-20T12:22:45.559+0100] {processor.py:208} INFO - Processing /Users/ajlakorman/Desktop/Data-Mining-Projects/Apache_Airflow/venv/lib/python3.10/site-packages/airflow/example_dags/subdags/subdag.py took 0.074 seconds
[2025-02-20T12:24:02.835+0100] {processor.py:186} INFO - Started process (PID=12495) to work on /Users/ajlakorman/Desktop/Data-Mining-Projects/Apache_Airflow/venv/lib/python3.10/site-packages/airflow/example_dags/subdags/subdag.py
[2025-02-20T12:24:02.836+0100] {processor.py:914} INFO - Processing file /Users/ajlakorman/Desktop/Data-Mining-Projects/Apache_Airflow/venv/lib/python3.10/site-packages/airflow/example_dags/subdags/subdag.py for tasks to queue
[2025-02-20T12:24:02.837+0100] {logging_mixin.py:190} INFO - [2025-02-20T12:24:02.837+0100] {dagbag.py:588} INFO - Filling up the DagBag from /Users/ajlakorman/Desktop/Data-Mining-Projects/Apache_Airflow/venv/lib/python3.10/site-packages/airflow/example_dags/subdags/subdag.py
[2025-02-20T12:24:02.838+0100] {processor.py:927} WARNING - No viable dags retrieved from /Users/ajlakorman/Desktop/Data-Mining-Projects/Apache_Airflow/venv/lib/python3.10/site-packages/airflow/example_dags/subdags/subdag.py
[2025-02-20T12:24:02.901+0100] {processor.py:208} INFO - Processing /Users/ajlakorman/Desktop/Data-Mining-Projects/Apache_Airflow/venv/lib/python3.10/site-packages/airflow/example_dags/subdags/subdag.py took 0.068 seconds
[2025-02-20T12:25:16.637+0100] {processor.py:186} INFO - Started process (PID=12617) to work on /Users/ajlakorman/Desktop/Data-Mining-Projects/Apache_Airflow/venv/lib/python3.10/site-packages/airflow/example_dags/subdags/subdag.py
[2025-02-20T12:25:16.638+0100] {processor.py:914} INFO - Processing file /Users/ajlakorman/Desktop/Data-Mining-Projects/Apache_Airflow/venv/lib/python3.10/site-packages/airflow/example_dags/subdags/subdag.py for tasks to queue
[2025-02-20T12:25:16.638+0100] {logging_mixin.py:190} INFO - [2025-02-20T12:25:16.638+0100] {dagbag.py:588} INFO - Filling up the DagBag from /Users/ajlakorman/Desktop/Data-Mining-Projects/Apache_Airflow/venv/lib/python3.10/site-packages/airflow/example_dags/subdags/subdag.py
[2025-02-20T12:25:16.639+0100] {processor.py:927} WARNING - No viable dags retrieved from /Users/ajlakorman/Desktop/Data-Mining-Projects/Apache_Airflow/venv/lib/python3.10/site-packages/airflow/example_dags/subdags/subdag.py
[2025-02-20T12:25:16.704+0100] {processor.py:208} INFO - Processing /Users/ajlakorman/Desktop/Data-Mining-Projects/Apache_Airflow/venv/lib/python3.10/site-packages/airflow/example_dags/subdags/subdag.py took 0.069 seconds
[2025-02-20T12:26:27.788+0100] {processor.py:186} INFO - Started process (PID=12770) to work on /Users/ajlakorman/Desktop/Data-Mining-Projects/Apache_Airflow/venv/lib/python3.10/site-packages/airflow/example_dags/subdags/subdag.py
[2025-02-20T12:26:27.788+0100] {processor.py:914} INFO - Processing file /Users/ajlakorman/Desktop/Data-Mining-Projects/Apache_Airflow/venv/lib/python3.10/site-packages/airflow/example_dags/subdags/subdag.py for tasks to queue
[2025-02-20T12:26:27.789+0100] {logging_mixin.py:190} INFO - [2025-02-20T12:26:27.789+0100] {dagbag.py:588} INFO - Filling up the DagBag from /Users/ajlakorman/Desktop/Data-Mining-Projects/Apache_Airflow/venv/lib/python3.10/site-packages/airflow/example_dags/subdags/subdag.py
[2025-02-20T12:26:27.790+0100] {processor.py:927} WARNING - No viable dags retrieved from /Users/ajlakorman/Desktop/Data-Mining-Projects/Apache_Airflow/venv/lib/python3.10/site-packages/airflow/example_dags/subdags/subdag.py
[2025-02-20T12:26:27.857+0100] {processor.py:208} INFO - Processing /Users/ajlakorman/Desktop/Data-Mining-Projects/Apache_Airflow/venv/lib/python3.10/site-packages/airflow/example_dags/subdags/subdag.py took 0.071 seconds
[2025-02-20T12:27:45.760+0100] {processor.py:186} INFO - Started process (PID=12947) to work on /Users/ajlakorman/Desktop/Data-Mining-Projects/Apache_Airflow/venv/lib/python3.10/site-packages/airflow/example_dags/subdags/subdag.py
[2025-02-20T12:27:45.761+0100] {processor.py:914} INFO - Processing file /Users/ajlakorman/Desktop/Data-Mining-Projects/Apache_Airflow/venv/lib/python3.10/site-packages/airflow/example_dags/subdags/subdag.py for tasks to queue
[2025-02-20T12:27:45.761+0100] {logging_mixin.py:190} INFO - [2025-02-20T12:27:45.761+0100] {dagbag.py:588} INFO - Filling up the DagBag from /Users/ajlakorman/Desktop/Data-Mining-Projects/Apache_Airflow/venv/lib/python3.10/site-packages/airflow/example_dags/subdags/subdag.py
[2025-02-20T12:27:45.763+0100] {processor.py:927} WARNING - No viable dags retrieved from /Users/ajlakorman/Desktop/Data-Mining-Projects/Apache_Airflow/venv/lib/python3.10/site-packages/airflow/example_dags/subdags/subdag.py
[2025-02-20T12:27:45.824+0100] {processor.py:208} INFO - Processing /Users/ajlakorman/Desktop/Data-Mining-Projects/Apache_Airflow/venv/lib/python3.10/site-packages/airflow/example_dags/subdags/subdag.py took 0.065 seconds
[2025-02-20T12:29:00.448+0100] {processor.py:186} INFO - Started process (PID=13097) to work on /Users/ajlakorman/Desktop/Data-Mining-Projects/Apache_Airflow/venv/lib/python3.10/site-packages/airflow/example_dags/subdags/subdag.py
[2025-02-20T12:29:00.449+0100] {processor.py:914} INFO - Processing file /Users/ajlakorman/Desktop/Data-Mining-Projects/Apache_Airflow/venv/lib/python3.10/site-packages/airflow/example_dags/subdags/subdag.py for tasks to queue
[2025-02-20T12:29:00.449+0100] {logging_mixin.py:190} INFO - [2025-02-20T12:29:00.449+0100] {dagbag.py:588} INFO - Filling up the DagBag from /Users/ajlakorman/Desktop/Data-Mining-Projects/Apache_Airflow/venv/lib/python3.10/site-packages/airflow/example_dags/subdags/subdag.py
[2025-02-20T12:29:00.451+0100] {processor.py:927} WARNING - No viable dags retrieved from /Users/ajlakorman/Desktop/Data-Mining-Projects/Apache_Airflow/venv/lib/python3.10/site-packages/airflow/example_dags/subdags/subdag.py
[2025-02-20T12:29:00.512+0100] {processor.py:208} INFO - Processing /Users/ajlakorman/Desktop/Data-Mining-Projects/Apache_Airflow/venv/lib/python3.10/site-packages/airflow/example_dags/subdags/subdag.py took 0.066 seconds
[2025-02-20T12:30:13.010+0100] {processor.py:186} INFO - Started process (PID=13233) to work on /Users/ajlakorman/Desktop/Data-Mining-Projects/Apache_Airflow/venv/lib/python3.10/site-packages/airflow/example_dags/subdags/subdag.py
[2025-02-20T12:30:13.011+0100] {processor.py:914} INFO - Processing file /Users/ajlakorman/Desktop/Data-Mining-Projects/Apache_Airflow/venv/lib/python3.10/site-packages/airflow/example_dags/subdags/subdag.py for tasks to queue
[2025-02-20T12:30:13.011+0100] {logging_mixin.py:190} INFO - [2025-02-20T12:30:13.011+0100] {dagbag.py:588} INFO - Filling up the DagBag from /Users/ajlakorman/Desktop/Data-Mining-Projects/Apache_Airflow/venv/lib/python3.10/site-packages/airflow/example_dags/subdags/subdag.py
[2025-02-20T12:30:13.012+0100] {processor.py:927} WARNING - No viable dags retrieved from /Users/ajlakorman/Desktop/Data-Mining-Projects/Apache_Airflow/venv/lib/python3.10/site-packages/airflow/example_dags/subdags/subdag.py
[2025-02-20T12:30:13.077+0100] {processor.py:208} INFO - Processing /Users/ajlakorman/Desktop/Data-Mining-Projects/Apache_Airflow/venv/lib/python3.10/site-packages/airflow/example_dags/subdags/subdag.py took 0.069 seconds
[2025-02-20T12:31:28.873+0100] {processor.py:186} INFO - Started process (PID=13431) to work on /Users/ajlakorman/Desktop/Data-Mining-Projects/Apache_Airflow/venv/lib/python3.10/site-packages/airflow/example_dags/subdags/subdag.py
[2025-02-20T12:31:28.874+0100] {processor.py:914} INFO - Processing file /Users/ajlakorman/Desktop/Data-Mining-Projects/Apache_Airflow/venv/lib/python3.10/site-packages/airflow/example_dags/subdags/subdag.py for tasks to queue
[2025-02-20T12:31:28.874+0100] {logging_mixin.py:190} INFO - [2025-02-20T12:31:28.874+0100] {dagbag.py:588} INFO - Filling up the DagBag from /Users/ajlakorman/Desktop/Data-Mining-Projects/Apache_Airflow/venv/lib/python3.10/site-packages/airflow/example_dags/subdags/subdag.py
[2025-02-20T12:31:28.876+0100] {processor.py:927} WARNING - No viable dags retrieved from /Users/ajlakorman/Desktop/Data-Mining-Projects/Apache_Airflow/venv/lib/python3.10/site-packages/airflow/example_dags/subdags/subdag.py
[2025-02-20T12:31:28.939+0100] {processor.py:208} INFO - Processing /Users/ajlakorman/Desktop/Data-Mining-Projects/Apache_Airflow/venv/lib/python3.10/site-packages/airflow/example_dags/subdags/subdag.py took 0.068 seconds
[2025-02-20T12:32:48.709+0100] {processor.py:186} INFO - Started process (PID=13586) to work on /Users/ajlakorman/Desktop/Data-Mining-Projects/Apache_Airflow/venv/lib/python3.10/site-packages/airflow/example_dags/subdags/subdag.py
[2025-02-20T12:32:48.713+0100] {processor.py:914} INFO - Processing file /Users/ajlakorman/Desktop/Data-Mining-Projects/Apache_Airflow/venv/lib/python3.10/site-packages/airflow/example_dags/subdags/subdag.py for tasks to queue
[2025-02-20T12:32:48.714+0100] {logging_mixin.py:190} INFO - [2025-02-20T12:32:48.714+0100] {dagbag.py:588} INFO - Filling up the DagBag from /Users/ajlakorman/Desktop/Data-Mining-Projects/Apache_Airflow/venv/lib/python3.10/site-packages/airflow/example_dags/subdags/subdag.py
[2025-02-20T12:32:48.716+0100] {processor.py:927} WARNING - No viable dags retrieved from /Users/ajlakorman/Desktop/Data-Mining-Projects/Apache_Airflow/venv/lib/python3.10/site-packages/airflow/example_dags/subdags/subdag.py
[2025-02-20T12:32:48.778+0100] {processor.py:208} INFO - Processing /Users/ajlakorman/Desktop/Data-Mining-Projects/Apache_Airflow/venv/lib/python3.10/site-packages/airflow/example_dags/subdags/subdag.py took 0.071 seconds
[2025-02-20T12:34:04.476+0100] {processor.py:186} INFO - Started process (PID=13730) to work on /Users/ajlakorman/Desktop/Data-Mining-Projects/Apache_Airflow/venv/lib/python3.10/site-packages/airflow/example_dags/subdags/subdag.py
[2025-02-20T12:34:04.477+0100] {processor.py:914} INFO - Processing file /Users/ajlakorman/Desktop/Data-Mining-Projects/Apache_Airflow/venv/lib/python3.10/site-packages/airflow/example_dags/subdags/subdag.py for tasks to queue
[2025-02-20T12:34:04.477+0100] {logging_mixin.py:190} INFO - [2025-02-20T12:34:04.477+0100] {dagbag.py:588} INFO - Filling up the DagBag from /Users/ajlakorman/Desktop/Data-Mining-Projects/Apache_Airflow/venv/lib/python3.10/site-packages/airflow/example_dags/subdags/subdag.py
[2025-02-20T12:34:04.478+0100] {processor.py:927} WARNING - No viable dags retrieved from /Users/ajlakorman/Desktop/Data-Mining-Projects/Apache_Airflow/venv/lib/python3.10/site-packages/airflow/example_dags/subdags/subdag.py
[2025-02-20T12:34:04.540+0100] {processor.py:208} INFO - Processing /Users/ajlakorman/Desktop/Data-Mining-Projects/Apache_Airflow/venv/lib/python3.10/site-packages/airflow/example_dags/subdags/subdag.py took 0.066 seconds
[2025-02-20T12:35:19.695+0100] {processor.py:186} INFO - Started process (PID=13928) to work on /Users/ajlakorman/Desktop/Data-Mining-Projects/Apache_Airflow/venv/lib/python3.10/site-packages/airflow/example_dags/subdags/subdag.py
[2025-02-20T12:35:19.696+0100] {processor.py:914} INFO - Processing file /Users/ajlakorman/Desktop/Data-Mining-Projects/Apache_Airflow/venv/lib/python3.10/site-packages/airflow/example_dags/subdags/subdag.py for tasks to queue
[2025-02-20T12:35:19.696+0100] {logging_mixin.py:190} INFO - [2025-02-20T12:35:19.696+0100] {dagbag.py:588} INFO - Filling up the DagBag from /Users/ajlakorman/Desktop/Data-Mining-Projects/Apache_Airflow/venv/lib/python3.10/site-packages/airflow/example_dags/subdags/subdag.py
[2025-02-20T12:35:19.697+0100] {processor.py:927} WARNING - No viable dags retrieved from /Users/ajlakorman/Desktop/Data-Mining-Projects/Apache_Airflow/venv/lib/python3.10/site-packages/airflow/example_dags/subdags/subdag.py
[2025-02-20T12:35:19.763+0100] {processor.py:208} INFO - Processing /Users/ajlakorman/Desktop/Data-Mining-Projects/Apache_Airflow/venv/lib/python3.10/site-packages/airflow/example_dags/subdags/subdag.py took 0.070 seconds
[2025-02-20T12:36:39.712+0100] {processor.py:186} INFO - Started process (PID=14106) to work on /Users/ajlakorman/Desktop/Data-Mining-Projects/Apache_Airflow/venv/lib/python3.10/site-packages/airflow/example_dags/subdags/subdag.py
[2025-02-20T12:36:39.713+0100] {processor.py:914} INFO - Processing file /Users/ajlakorman/Desktop/Data-Mining-Projects/Apache_Airflow/venv/lib/python3.10/site-packages/airflow/example_dags/subdags/subdag.py for tasks to queue
[2025-02-20T12:36:39.713+0100] {logging_mixin.py:190} INFO - [2025-02-20T12:36:39.713+0100] {dagbag.py:588} INFO - Filling up the DagBag from /Users/ajlakorman/Desktop/Data-Mining-Projects/Apache_Airflow/venv/lib/python3.10/site-packages/airflow/example_dags/subdags/subdag.py
[2025-02-20T12:36:39.714+0100] {processor.py:927} WARNING - No viable dags retrieved from /Users/ajlakorman/Desktop/Data-Mining-Projects/Apache_Airflow/venv/lib/python3.10/site-packages/airflow/example_dags/subdags/subdag.py
[2025-02-20T12:36:39.774+0100] {processor.py:208} INFO - Processing /Users/ajlakorman/Desktop/Data-Mining-Projects/Apache_Airflow/venv/lib/python3.10/site-packages/airflow/example_dags/subdags/subdag.py took 0.064 seconds
[2025-02-20T12:37:56.177+0100] {processor.py:186} INFO - Started process (PID=14309) to work on /Users/ajlakorman/Desktop/Data-Mining-Projects/Apache_Airflow/venv/lib/python3.10/site-packages/airflow/example_dags/subdags/subdag.py
[2025-02-20T12:37:56.178+0100] {processor.py:914} INFO - Processing file /Users/ajlakorman/Desktop/Data-Mining-Projects/Apache_Airflow/venv/lib/python3.10/site-packages/airflow/example_dags/subdags/subdag.py for tasks to queue
[2025-02-20T12:37:56.178+0100] {logging_mixin.py:190} INFO - [2025-02-20T12:37:56.178+0100] {dagbag.py:588} INFO - Filling up the DagBag from /Users/ajlakorman/Desktop/Data-Mining-Projects/Apache_Airflow/venv/lib/python3.10/site-packages/airflow/example_dags/subdags/subdag.py
[2025-02-20T12:37:56.179+0100] {processor.py:927} WARNING - No viable dags retrieved from /Users/ajlakorman/Desktop/Data-Mining-Projects/Apache_Airflow/venv/lib/python3.10/site-packages/airflow/example_dags/subdags/subdag.py
[2025-02-20T12:37:56.239+0100] {processor.py:208} INFO - Processing /Users/ajlakorman/Desktop/Data-Mining-Projects/Apache_Airflow/venv/lib/python3.10/site-packages/airflow/example_dags/subdags/subdag.py took 0.064 seconds
[2025-02-20T12:39:09.350+0100] {processor.py:186} INFO - Started process (PID=14466) to work on /Users/ajlakorman/Desktop/Data-Mining-Projects/Apache_Airflow/venv/lib/python3.10/site-packages/airflow/example_dags/subdags/subdag.py
[2025-02-20T12:39:09.351+0100] {processor.py:914} INFO - Processing file /Users/ajlakorman/Desktop/Data-Mining-Projects/Apache_Airflow/venv/lib/python3.10/site-packages/airflow/example_dags/subdags/subdag.py for tasks to queue
[2025-02-20T12:39:09.352+0100] {logging_mixin.py:190} INFO - [2025-02-20T12:39:09.352+0100] {dagbag.py:588} INFO - Filling up the DagBag from /Users/ajlakorman/Desktop/Data-Mining-Projects/Apache_Airflow/venv/lib/python3.10/site-packages/airflow/example_dags/subdags/subdag.py
[2025-02-20T12:39:09.353+0100] {processor.py:927} WARNING - No viable dags retrieved from /Users/ajlakorman/Desktop/Data-Mining-Projects/Apache_Airflow/venv/lib/python3.10/site-packages/airflow/example_dags/subdags/subdag.py
[2025-02-20T12:39:09.413+0100] {processor.py:208} INFO - Processing /Users/ajlakorman/Desktop/Data-Mining-Projects/Apache_Airflow/venv/lib/python3.10/site-packages/airflow/example_dags/subdags/subdag.py took 0.064 seconds
[2025-02-20T12:55:43.108+0100] {processor.py:186} INFO - Started process (PID=14670) to work on /Users/ajlakorman/Desktop/Data-Mining-Projects/Apache_Airflow/venv/lib/python3.10/site-packages/airflow/example_dags/subdags/subdag.py
[2025-02-20T12:55:43.109+0100] {processor.py:914} INFO - Processing file /Users/ajlakorman/Desktop/Data-Mining-Projects/Apache_Airflow/venv/lib/python3.10/site-packages/airflow/example_dags/subdags/subdag.py for tasks to queue
[2025-02-20T12:55:43.110+0100] {logging_mixin.py:190} INFO - [2025-02-20T12:55:43.110+0100] {dagbag.py:588} INFO - Filling up the DagBag from /Users/ajlakorman/Desktop/Data-Mining-Projects/Apache_Airflow/venv/lib/python3.10/site-packages/airflow/example_dags/subdags/subdag.py
[2025-02-20T12:55:43.111+0100] {processor.py:927} WARNING - No viable dags retrieved from /Users/ajlakorman/Desktop/Data-Mining-Projects/Apache_Airflow/venv/lib/python3.10/site-packages/airflow/example_dags/subdags/subdag.py
[2025-02-20T12:55:43.172+0100] {processor.py:208} INFO - Processing /Users/ajlakorman/Desktop/Data-Mining-Projects/Apache_Airflow/venv/lib/python3.10/site-packages/airflow/example_dags/subdags/subdag.py took 0.066 seconds
[2025-02-20T12:57:25.379+0100] {processor.py:186} INFO - Started process (PID=14886) to work on /Users/ajlakorman/Desktop/Data-Mining-Projects/Apache_Airflow/venv/lib/python3.10/site-packages/airflow/example_dags/subdags/subdag.py
[2025-02-20T12:57:25.380+0100] {processor.py:914} INFO - Processing file /Users/ajlakorman/Desktop/Data-Mining-Projects/Apache_Airflow/venv/lib/python3.10/site-packages/airflow/example_dags/subdags/subdag.py for tasks to queue
[2025-02-20T12:57:25.380+0100] {logging_mixin.py:190} INFO - [2025-02-20T12:57:25.380+0100] {dagbag.py:588} INFO - Filling up the DagBag from /Users/ajlakorman/Desktop/Data-Mining-Projects/Apache_Airflow/venv/lib/python3.10/site-packages/airflow/example_dags/subdags/subdag.py
[2025-02-20T12:57:25.381+0100] {processor.py:927} WARNING - No viable dags retrieved from /Users/ajlakorman/Desktop/Data-Mining-Projects/Apache_Airflow/venv/lib/python3.10/site-packages/airflow/example_dags/subdags/subdag.py
[2025-02-20T12:57:25.443+0100] {processor.py:208} INFO - Processing /Users/ajlakorman/Desktop/Data-Mining-Projects/Apache_Airflow/venv/lib/python3.10/site-packages/airflow/example_dags/subdags/subdag.py took 0.066 seconds
[2025-02-20T12:58:55.155+0100] {processor.py:186} INFO - Started process (PID=15016) to work on /Users/ajlakorman/Desktop/Data-Mining-Projects/Apache_Airflow/venv/lib/python3.10/site-packages/airflow/example_dags/subdags/subdag.py
[2025-02-20T12:58:55.156+0100] {processor.py:914} INFO - Processing file /Users/ajlakorman/Desktop/Data-Mining-Projects/Apache_Airflow/venv/lib/python3.10/site-packages/airflow/example_dags/subdags/subdag.py for tasks to queue
[2025-02-20T12:58:55.157+0100] {logging_mixin.py:190} INFO - [2025-02-20T12:58:55.157+0100] {dagbag.py:588} INFO - Filling up the DagBag from /Users/ajlakorman/Desktop/Data-Mining-Projects/Apache_Airflow/venv/lib/python3.10/site-packages/airflow/example_dags/subdags/subdag.py
[2025-02-20T12:58:55.159+0100] {processor.py:927} WARNING - No viable dags retrieved from /Users/ajlakorman/Desktop/Data-Mining-Projects/Apache_Airflow/venv/lib/python3.10/site-packages/airflow/example_dags/subdags/subdag.py
[2025-02-20T12:58:55.229+0100] {processor.py:208} INFO - Processing /Users/ajlakorman/Desktop/Data-Mining-Projects/Apache_Airflow/venv/lib/python3.10/site-packages/airflow/example_dags/subdags/subdag.py took 0.076 seconds
[2025-02-20T13:00:18.283+0100] {processor.py:186} INFO - Started process (PID=15141) to work on /Users/ajlakorman/Desktop/Data-Mining-Projects/Apache_Airflow/venv/lib/python3.10/site-packages/airflow/example_dags/subdags/subdag.py
[2025-02-20T13:00:18.284+0100] {processor.py:914} INFO - Processing file /Users/ajlakorman/Desktop/Data-Mining-Projects/Apache_Airflow/venv/lib/python3.10/site-packages/airflow/example_dags/subdags/subdag.py for tasks to queue
[2025-02-20T13:00:18.284+0100] {logging_mixin.py:190} INFO - [2025-02-20T13:00:18.284+0100] {dagbag.py:588} INFO - Filling up the DagBag from /Users/ajlakorman/Desktop/Data-Mining-Projects/Apache_Airflow/venv/lib/python3.10/site-packages/airflow/example_dags/subdags/subdag.py
[2025-02-20T13:00:18.286+0100] {processor.py:927} WARNING - No viable dags retrieved from /Users/ajlakorman/Desktop/Data-Mining-Projects/Apache_Airflow/venv/lib/python3.10/site-packages/airflow/example_dags/subdags/subdag.py
[2025-02-20T13:00:18.351+0100] {processor.py:208} INFO - Processing /Users/ajlakorman/Desktop/Data-Mining-Projects/Apache_Airflow/venv/lib/python3.10/site-packages/airflow/example_dags/subdags/subdag.py took 0.070 seconds
[2025-02-20T13:01:38.228+0100] {processor.py:186} INFO - Started process (PID=15252) to work on /Users/ajlakorman/Desktop/Data-Mining-Projects/Apache_Airflow/venv/lib/python3.10/site-packages/airflow/example_dags/subdags/subdag.py
[2025-02-20T13:01:38.229+0100] {processor.py:914} INFO - Processing file /Users/ajlakorman/Desktop/Data-Mining-Projects/Apache_Airflow/venv/lib/python3.10/site-packages/airflow/example_dags/subdags/subdag.py for tasks to queue
[2025-02-20T13:01:38.230+0100] {logging_mixin.py:190} INFO - [2025-02-20T13:01:38.230+0100] {dagbag.py:588} INFO - Filling up the DagBag from /Users/ajlakorman/Desktop/Data-Mining-Projects/Apache_Airflow/venv/lib/python3.10/site-packages/airflow/example_dags/subdags/subdag.py
[2025-02-20T13:01:38.231+0100] {processor.py:927} WARNING - No viable dags retrieved from /Users/ajlakorman/Desktop/Data-Mining-Projects/Apache_Airflow/venv/lib/python3.10/site-packages/airflow/example_dags/subdags/subdag.py
[2025-02-20T13:01:38.292+0100] {processor.py:208} INFO - Processing /Users/ajlakorman/Desktop/Data-Mining-Projects/Apache_Airflow/venv/lib/python3.10/site-packages/airflow/example_dags/subdags/subdag.py took 0.065 seconds
[2025-02-20T13:02:54.965+0100] {processor.py:186} INFO - Started process (PID=15349) to work on /Users/ajlakorman/Desktop/Data-Mining-Projects/Apache_Airflow/venv/lib/python3.10/site-packages/airflow/example_dags/subdags/subdag.py
[2025-02-20T13:02:54.966+0100] {processor.py:914} INFO - Processing file /Users/ajlakorman/Desktop/Data-Mining-Projects/Apache_Airflow/venv/lib/python3.10/site-packages/airflow/example_dags/subdags/subdag.py for tasks to queue
[2025-02-20T13:02:54.966+0100] {logging_mixin.py:190} INFO - [2025-02-20T13:02:54.966+0100] {dagbag.py:588} INFO - Filling up the DagBag from /Users/ajlakorman/Desktop/Data-Mining-Projects/Apache_Airflow/venv/lib/python3.10/site-packages/airflow/example_dags/subdags/subdag.py
[2025-02-20T13:02:54.967+0100] {processor.py:927} WARNING - No viable dags retrieved from /Users/ajlakorman/Desktop/Data-Mining-Projects/Apache_Airflow/venv/lib/python3.10/site-packages/airflow/example_dags/subdags/subdag.py
[2025-02-20T13:02:55.028+0100] {processor.py:208} INFO - Processing /Users/ajlakorman/Desktop/Data-Mining-Projects/Apache_Airflow/venv/lib/python3.10/site-packages/airflow/example_dags/subdags/subdag.py took 0.064 seconds
[2025-02-20T13:06:58.814+0100] {processor.py:186} INFO - Started process (PID=15484) to work on /Users/ajlakorman/Desktop/Data-Mining-Projects/Apache_Airflow/venv/lib/python3.10/site-packages/airflow/example_dags/subdags/subdag.py
[2025-02-20T13:06:58.815+0100] {processor.py:914} INFO - Processing file /Users/ajlakorman/Desktop/Data-Mining-Projects/Apache_Airflow/venv/lib/python3.10/site-packages/airflow/example_dags/subdags/subdag.py for tasks to queue
[2025-02-20T13:06:58.816+0100] {logging_mixin.py:190} INFO - [2025-02-20T13:06:58.816+0100] {dagbag.py:588} INFO - Filling up the DagBag from /Users/ajlakorman/Desktop/Data-Mining-Projects/Apache_Airflow/venv/lib/python3.10/site-packages/airflow/example_dags/subdags/subdag.py
[2025-02-20T13:06:58.817+0100] {processor.py:927} WARNING - No viable dags retrieved from /Users/ajlakorman/Desktop/Data-Mining-Projects/Apache_Airflow/venv/lib/python3.10/site-packages/airflow/example_dags/subdags/subdag.py
[2025-02-20T13:06:58.881+0100] {processor.py:208} INFO - Processing /Users/ajlakorman/Desktop/Data-Mining-Projects/Apache_Airflow/venv/lib/python3.10/site-packages/airflow/example_dags/subdags/subdag.py took 0.068 seconds
[2025-02-20T13:08:27.740+0100] {processor.py:186} INFO - Started process (PID=15705) to work on /Users/ajlakorman/Desktop/Data-Mining-Projects/Apache_Airflow/venv/lib/python3.10/site-packages/airflow/example_dags/subdags/subdag.py
[2025-02-20T13:08:27.740+0100] {processor.py:914} INFO - Processing file /Users/ajlakorman/Desktop/Data-Mining-Projects/Apache_Airflow/venv/lib/python3.10/site-packages/airflow/example_dags/subdags/subdag.py for tasks to queue
[2025-02-20T13:08:27.741+0100] {logging_mixin.py:190} INFO - [2025-02-20T13:08:27.741+0100] {dagbag.py:588} INFO - Filling up the DagBag from /Users/ajlakorman/Desktop/Data-Mining-Projects/Apache_Airflow/venv/lib/python3.10/site-packages/airflow/example_dags/subdags/subdag.py
[2025-02-20T13:08:27.742+0100] {processor.py:927} WARNING - No viable dags retrieved from /Users/ajlakorman/Desktop/Data-Mining-Projects/Apache_Airflow/venv/lib/python3.10/site-packages/airflow/example_dags/subdags/subdag.py
[2025-02-20T13:08:27.804+0100] {processor.py:208} INFO - Processing /Users/ajlakorman/Desktop/Data-Mining-Projects/Apache_Airflow/venv/lib/python3.10/site-packages/airflow/example_dags/subdags/subdag.py took 0.066 seconds
[2025-02-20T13:09:53.401+0100] {processor.py:186} INFO - Started process (PID=15921) to work on /Users/ajlakorman/Desktop/Data-Mining-Projects/Apache_Airflow/venv/lib/python3.10/site-packages/airflow/example_dags/subdags/subdag.py
[2025-02-20T13:09:53.402+0100] {processor.py:914} INFO - Processing file /Users/ajlakorman/Desktop/Data-Mining-Projects/Apache_Airflow/venv/lib/python3.10/site-packages/airflow/example_dags/subdags/subdag.py for tasks to queue
[2025-02-20T13:09:53.403+0100] {logging_mixin.py:190} INFO - [2025-02-20T13:09:53.403+0100] {dagbag.py:588} INFO - Filling up the DagBag from /Users/ajlakorman/Desktop/Data-Mining-Projects/Apache_Airflow/venv/lib/python3.10/site-packages/airflow/example_dags/subdags/subdag.py
[2025-02-20T13:09:53.405+0100] {processor.py:927} WARNING - No viable dags retrieved from /Users/ajlakorman/Desktop/Data-Mining-Projects/Apache_Airflow/venv/lib/python3.10/site-packages/airflow/example_dags/subdags/subdag.py
[2025-02-20T13:09:53.478+0100] {processor.py:208} INFO - Processing /Users/ajlakorman/Desktop/Data-Mining-Projects/Apache_Airflow/venv/lib/python3.10/site-packages/airflow/example_dags/subdags/subdag.py took 0.079 seconds
[2025-02-20T13:11:15.970+0100] {processor.py:186} INFO - Started process (PID=16041) to work on /Users/ajlakorman/Desktop/Data-Mining-Projects/Apache_Airflow/venv/lib/python3.10/site-packages/airflow/example_dags/subdags/subdag.py
[2025-02-20T13:11:15.976+0100] {processor.py:914} INFO - Processing file /Users/ajlakorman/Desktop/Data-Mining-Projects/Apache_Airflow/venv/lib/python3.10/site-packages/airflow/example_dags/subdags/subdag.py for tasks to queue
[2025-02-20T13:11:15.977+0100] {logging_mixin.py:190} INFO - [2025-02-20T13:11:15.977+0100] {dagbag.py:588} INFO - Filling up the DagBag from /Users/ajlakorman/Desktop/Data-Mining-Projects/Apache_Airflow/venv/lib/python3.10/site-packages/airflow/example_dags/subdags/subdag.py
[2025-02-20T13:11:15.979+0100] {processor.py:927} WARNING - No viable dags retrieved from /Users/ajlakorman/Desktop/Data-Mining-Projects/Apache_Airflow/venv/lib/python3.10/site-packages/airflow/example_dags/subdags/subdag.py
[2025-02-20T13:11:16.197+0100] {processor.py:208} INFO - Processing /Users/ajlakorman/Desktop/Data-Mining-Projects/Apache_Airflow/venv/lib/python3.10/site-packages/airflow/example_dags/subdags/subdag.py took 0.249 seconds
[2025-02-20T13:12:43.948+0100] {processor.py:186} INFO - Started process (PID=16160) to work on /Users/ajlakorman/Desktop/Data-Mining-Projects/Apache_Airflow/venv/lib/python3.10/site-packages/airflow/example_dags/subdags/subdag.py
[2025-02-20T13:12:43.949+0100] {processor.py:914} INFO - Processing file /Users/ajlakorman/Desktop/Data-Mining-Projects/Apache_Airflow/venv/lib/python3.10/site-packages/airflow/example_dags/subdags/subdag.py for tasks to queue
[2025-02-20T13:12:43.950+0100] {logging_mixin.py:190} INFO - [2025-02-20T13:12:43.949+0100] {dagbag.py:588} INFO - Filling up the DagBag from /Users/ajlakorman/Desktop/Data-Mining-Projects/Apache_Airflow/venv/lib/python3.10/site-packages/airflow/example_dags/subdags/subdag.py
[2025-02-20T13:12:43.951+0100] {processor.py:927} WARNING - No viable dags retrieved from /Users/ajlakorman/Desktop/Data-Mining-Projects/Apache_Airflow/venv/lib/python3.10/site-packages/airflow/example_dags/subdags/subdag.py
[2025-02-20T13:12:44.042+0100] {processor.py:208} INFO - Processing /Users/ajlakorman/Desktop/Data-Mining-Projects/Apache_Airflow/venv/lib/python3.10/site-packages/airflow/example_dags/subdags/subdag.py took 0.096 seconds
[2025-02-20T13:14:17.691+0100] {processor.py:186} INFO - Started process (PID=16318) to work on /Users/ajlakorman/Desktop/Data-Mining-Projects/Apache_Airflow/venv/lib/python3.10/site-packages/airflow/example_dags/subdags/subdag.py
[2025-02-20T13:14:17.692+0100] {processor.py:914} INFO - Processing file /Users/ajlakorman/Desktop/Data-Mining-Projects/Apache_Airflow/venv/lib/python3.10/site-packages/airflow/example_dags/subdags/subdag.py for tasks to queue
[2025-02-20T13:14:17.692+0100] {logging_mixin.py:190} INFO - [2025-02-20T13:14:17.692+0100] {dagbag.py:588} INFO - Filling up the DagBag from /Users/ajlakorman/Desktop/Data-Mining-Projects/Apache_Airflow/venv/lib/python3.10/site-packages/airflow/example_dags/subdags/subdag.py
[2025-02-20T13:14:17.693+0100] {processor.py:927} WARNING - No viable dags retrieved from /Users/ajlakorman/Desktop/Data-Mining-Projects/Apache_Airflow/venv/lib/python3.10/site-packages/airflow/example_dags/subdags/subdag.py
[2025-02-20T13:14:17.759+0100] {processor.py:208} INFO - Processing /Users/ajlakorman/Desktop/Data-Mining-Projects/Apache_Airflow/venv/lib/python3.10/site-packages/airflow/example_dags/subdags/subdag.py took 0.071 seconds
[2025-02-20T13:15:46.230+0100] {processor.py:186} INFO - Started process (PID=16471) to work on /Users/ajlakorman/Desktop/Data-Mining-Projects/Apache_Airflow/venv/lib/python3.10/site-packages/airflow/example_dags/subdags/subdag.py
[2025-02-20T13:15:46.230+0100] {processor.py:914} INFO - Processing file /Users/ajlakorman/Desktop/Data-Mining-Projects/Apache_Airflow/venv/lib/python3.10/site-packages/airflow/example_dags/subdags/subdag.py for tasks to queue
[2025-02-20T13:15:46.231+0100] {logging_mixin.py:190} INFO - [2025-02-20T13:15:46.231+0100] {dagbag.py:588} INFO - Filling up the DagBag from /Users/ajlakorman/Desktop/Data-Mining-Projects/Apache_Airflow/venv/lib/python3.10/site-packages/airflow/example_dags/subdags/subdag.py
[2025-02-20T13:15:46.232+0100] {processor.py:927} WARNING - No viable dags retrieved from /Users/ajlakorman/Desktop/Data-Mining-Projects/Apache_Airflow/venv/lib/python3.10/site-packages/airflow/example_dags/subdags/subdag.py
[2025-02-20T13:15:46.293+0100] {processor.py:208} INFO - Processing /Users/ajlakorman/Desktop/Data-Mining-Projects/Apache_Airflow/venv/lib/python3.10/site-packages/airflow/example_dags/subdags/subdag.py took 0.065 seconds
[2025-02-20T13:17:20.148+0100] {processor.py:186} INFO - Started process (PID=16686) to work on /Users/ajlakorman/Desktop/Data-Mining-Projects/Apache_Airflow/venv/lib/python3.10/site-packages/airflow/example_dags/subdags/subdag.py
[2025-02-20T13:17:20.150+0100] {processor.py:914} INFO - Processing file /Users/ajlakorman/Desktop/Data-Mining-Projects/Apache_Airflow/venv/lib/python3.10/site-packages/airflow/example_dags/subdags/subdag.py for tasks to queue
[2025-02-20T13:17:20.150+0100] {logging_mixin.py:190} INFO - [2025-02-20T13:17:20.150+0100] {dagbag.py:588} INFO - Filling up the DagBag from /Users/ajlakorman/Desktop/Data-Mining-Projects/Apache_Airflow/venv/lib/python3.10/site-packages/airflow/example_dags/subdags/subdag.py
[2025-02-20T13:17:20.153+0100] {processor.py:927} WARNING - No viable dags retrieved from /Users/ajlakorman/Desktop/Data-Mining-Projects/Apache_Airflow/venv/lib/python3.10/site-packages/airflow/example_dags/subdags/subdag.py
[2025-02-20T13:17:20.223+0100] {processor.py:208} INFO - Processing /Users/ajlakorman/Desktop/Data-Mining-Projects/Apache_Airflow/venv/lib/python3.10/site-packages/airflow/example_dags/subdags/subdag.py took 0.076 seconds
[2025-02-20T13:18:55.822+0100] {processor.py:186} INFO - Started process (PID=16901) to work on /Users/ajlakorman/Desktop/Data-Mining-Projects/Apache_Airflow/venv/lib/python3.10/site-packages/airflow/example_dags/subdags/subdag.py
[2025-02-20T13:18:55.822+0100] {processor.py:914} INFO - Processing file /Users/ajlakorman/Desktop/Data-Mining-Projects/Apache_Airflow/venv/lib/python3.10/site-packages/airflow/example_dags/subdags/subdag.py for tasks to queue
[2025-02-20T13:18:55.823+0100] {logging_mixin.py:190} INFO - [2025-02-20T13:18:55.823+0100] {dagbag.py:588} INFO - Filling up the DagBag from /Users/ajlakorman/Desktop/Data-Mining-Projects/Apache_Airflow/venv/lib/python3.10/site-packages/airflow/example_dags/subdags/subdag.py
[2025-02-20T13:18:55.824+0100] {processor.py:927} WARNING - No viable dags retrieved from /Users/ajlakorman/Desktop/Data-Mining-Projects/Apache_Airflow/venv/lib/python3.10/site-packages/airflow/example_dags/subdags/subdag.py
[2025-02-20T13:18:55.890+0100] {processor.py:208} INFO - Processing /Users/ajlakorman/Desktop/Data-Mining-Projects/Apache_Airflow/venv/lib/python3.10/site-packages/airflow/example_dags/subdags/subdag.py took 0.070 seconds
[2025-02-20T13:20:28.226+0100] {processor.py:186} INFO - Started process (PID=17002) to work on /Users/ajlakorman/Desktop/Data-Mining-Projects/Apache_Airflow/venv/lib/python3.10/site-packages/airflow/example_dags/subdags/subdag.py
[2025-02-20T13:20:28.227+0100] {processor.py:914} INFO - Processing file /Users/ajlakorman/Desktop/Data-Mining-Projects/Apache_Airflow/venv/lib/python3.10/site-packages/airflow/example_dags/subdags/subdag.py for tasks to queue
[2025-02-20T13:20:28.228+0100] {logging_mixin.py:190} INFO - [2025-02-20T13:20:28.227+0100] {dagbag.py:588} INFO - Filling up the DagBag from /Users/ajlakorman/Desktop/Data-Mining-Projects/Apache_Airflow/venv/lib/python3.10/site-packages/airflow/example_dags/subdags/subdag.py
[2025-02-20T13:20:28.229+0100] {processor.py:927} WARNING - No viable dags retrieved from /Users/ajlakorman/Desktop/Data-Mining-Projects/Apache_Airflow/venv/lib/python3.10/site-packages/airflow/example_dags/subdags/subdag.py
[2025-02-20T13:20:28.293+0100] {processor.py:208} INFO - Processing /Users/ajlakorman/Desktop/Data-Mining-Projects/Apache_Airflow/venv/lib/python3.10/site-packages/airflow/example_dags/subdags/subdag.py took 0.069 seconds
[2025-02-20T13:21:53.668+0100] {processor.py:186} INFO - Started process (PID=17187) to work on /Users/ajlakorman/Desktop/Data-Mining-Projects/Apache_Airflow/venv/lib/python3.10/site-packages/airflow/example_dags/subdags/subdag.py
[2025-02-20T13:21:53.668+0100] {processor.py:914} INFO - Processing file /Users/ajlakorman/Desktop/Data-Mining-Projects/Apache_Airflow/venv/lib/python3.10/site-packages/airflow/example_dags/subdags/subdag.py for tasks to queue
[2025-02-20T13:21:53.669+0100] {logging_mixin.py:190} INFO - [2025-02-20T13:21:53.669+0100] {dagbag.py:588} INFO - Filling up the DagBag from /Users/ajlakorman/Desktop/Data-Mining-Projects/Apache_Airflow/venv/lib/python3.10/site-packages/airflow/example_dags/subdags/subdag.py
[2025-02-20T13:21:53.670+0100] {processor.py:927} WARNING - No viable dags retrieved from /Users/ajlakorman/Desktop/Data-Mining-Projects/Apache_Airflow/venv/lib/python3.10/site-packages/airflow/example_dags/subdags/subdag.py
[2025-02-20T13:21:53.731+0100] {processor.py:208} INFO - Processing /Users/ajlakorman/Desktop/Data-Mining-Projects/Apache_Airflow/venv/lib/python3.10/site-packages/airflow/example_dags/subdags/subdag.py took 0.064 seconds
[2025-02-20T13:23:13.514+0100] {processor.py:186} INFO - Started process (PID=17353) to work on /Users/ajlakorman/Desktop/Data-Mining-Projects/Apache_Airflow/venv/lib/python3.10/site-packages/airflow/example_dags/subdags/subdag.py
[2025-02-20T13:23:13.515+0100] {processor.py:914} INFO - Processing file /Users/ajlakorman/Desktop/Data-Mining-Projects/Apache_Airflow/venv/lib/python3.10/site-packages/airflow/example_dags/subdags/subdag.py for tasks to queue
[2025-02-20T13:23:13.515+0100] {logging_mixin.py:190} INFO - [2025-02-20T13:23:13.515+0100] {dagbag.py:588} INFO - Filling up the DagBag from /Users/ajlakorman/Desktop/Data-Mining-Projects/Apache_Airflow/venv/lib/python3.10/site-packages/airflow/example_dags/subdags/subdag.py
[2025-02-20T13:23:13.516+0100] {processor.py:927} WARNING - No viable dags retrieved from /Users/ajlakorman/Desktop/Data-Mining-Projects/Apache_Airflow/venv/lib/python3.10/site-packages/airflow/example_dags/subdags/subdag.py
[2025-02-20T13:23:13.577+0100] {processor.py:208} INFO - Processing /Users/ajlakorman/Desktop/Data-Mining-Projects/Apache_Airflow/venv/lib/python3.10/site-packages/airflow/example_dags/subdags/subdag.py took 0.064 seconds
[2025-02-20T13:24:32.579+0100] {processor.py:186} INFO - Started process (PID=17458) to work on /Users/ajlakorman/Desktop/Data-Mining-Projects/Apache_Airflow/venv/lib/python3.10/site-packages/airflow/example_dags/subdags/subdag.py
[2025-02-20T13:24:32.580+0100] {processor.py:914} INFO - Processing file /Users/ajlakorman/Desktop/Data-Mining-Projects/Apache_Airflow/venv/lib/python3.10/site-packages/airflow/example_dags/subdags/subdag.py for tasks to queue
[2025-02-20T13:24:32.580+0100] {logging_mixin.py:190} INFO - [2025-02-20T13:24:32.580+0100] {dagbag.py:588} INFO - Filling up the DagBag from /Users/ajlakorman/Desktop/Data-Mining-Projects/Apache_Airflow/venv/lib/python3.10/site-packages/airflow/example_dags/subdags/subdag.py
[2025-02-20T13:24:32.582+0100] {processor.py:927} WARNING - No viable dags retrieved from /Users/ajlakorman/Desktop/Data-Mining-Projects/Apache_Airflow/venv/lib/python3.10/site-packages/airflow/example_dags/subdags/subdag.py
[2025-02-20T13:24:32.643+0100] {processor.py:208} INFO - Processing /Users/ajlakorman/Desktop/Data-Mining-Projects/Apache_Airflow/venv/lib/python3.10/site-packages/airflow/example_dags/subdags/subdag.py took 0.066 seconds
[2025-02-20T13:25:50.523+0100] {processor.py:186} INFO - Started process (PID=17563) to work on /Users/ajlakorman/Desktop/Data-Mining-Projects/Apache_Airflow/venv/lib/python3.10/site-packages/airflow/example_dags/subdags/subdag.py
[2025-02-20T13:25:50.524+0100] {processor.py:914} INFO - Processing file /Users/ajlakorman/Desktop/Data-Mining-Projects/Apache_Airflow/venv/lib/python3.10/site-packages/airflow/example_dags/subdags/subdag.py for tasks to queue
[2025-02-20T13:25:50.525+0100] {logging_mixin.py:190} INFO - [2025-02-20T13:25:50.525+0100] {dagbag.py:588} INFO - Filling up the DagBag from /Users/ajlakorman/Desktop/Data-Mining-Projects/Apache_Airflow/venv/lib/python3.10/site-packages/airflow/example_dags/subdags/subdag.py
[2025-02-20T13:25:50.526+0100] {processor.py:927} WARNING - No viable dags retrieved from /Users/ajlakorman/Desktop/Data-Mining-Projects/Apache_Airflow/venv/lib/python3.10/site-packages/airflow/example_dags/subdags/subdag.py
[2025-02-20T13:25:50.585+0100] {processor.py:208} INFO - Processing /Users/ajlakorman/Desktop/Data-Mining-Projects/Apache_Airflow/venv/lib/python3.10/site-packages/airflow/example_dags/subdags/subdag.py took 0.064 seconds
[2025-02-20T13:27:11.252+0100] {processor.py:186} INFO - Started process (PID=17689) to work on /Users/ajlakorman/Desktop/Data-Mining-Projects/Apache_Airflow/venv/lib/python3.10/site-packages/airflow/example_dags/subdags/subdag.py
[2025-02-20T13:27:11.252+0100] {processor.py:914} INFO - Processing file /Users/ajlakorman/Desktop/Data-Mining-Projects/Apache_Airflow/venv/lib/python3.10/site-packages/airflow/example_dags/subdags/subdag.py for tasks to queue
[2025-02-20T13:27:11.253+0100] {logging_mixin.py:190} INFO - [2025-02-20T13:27:11.252+0100] {dagbag.py:588} INFO - Filling up the DagBag from /Users/ajlakorman/Desktop/Data-Mining-Projects/Apache_Airflow/venv/lib/python3.10/site-packages/airflow/example_dags/subdags/subdag.py
[2025-02-20T13:27:11.254+0100] {processor.py:927} WARNING - No viable dags retrieved from /Users/ajlakorman/Desktop/Data-Mining-Projects/Apache_Airflow/venv/lib/python3.10/site-packages/airflow/example_dags/subdags/subdag.py
[2025-02-20T13:27:11.317+0100] {processor.py:208} INFO - Processing /Users/ajlakorman/Desktop/Data-Mining-Projects/Apache_Airflow/venv/lib/python3.10/site-packages/airflow/example_dags/subdags/subdag.py took 0.067 seconds
