[2025-02-20T13:47:51.791+0100] {local_task_job_runner.py:123} INFO - ::group::Pre task execution logs
[2025-02-20T13:47:51.801+0100] {taskinstance.py:2614} INFO - Dependencies all met for dep_context=non-requeueable deps ti=<TaskInstance: python_operator_dag_v01.greet manual__2025-02-20T12:45:47.672325+00:00 [queued]>
[2025-02-20T13:47:51.806+0100] {taskinstance.py:2614} INFO - Dependencies all met for dep_context=requeueable deps ti=<TaskInstance: python_operator_dag_v01.greet manual__2025-02-20T12:45:47.672325+00:00 [queued]>
[2025-02-20T13:47:51.806+0100] {taskinstance.py:2867} INFO - Starting attempt 2 of 6
[2025-02-20T13:47:51.811+0100] {taskinstance.py:2890} INFO - Executing <Task(PythonOperator): greet> on 2025-02-20 12:45:47.672325+00:00
[2025-02-20T13:47:51.815+0100] {standard_task_runner.py:72} INFO - Started process 20541 to run task
[2025-02-20T13:47:51.818+0100] {standard_task_runner.py:104} INFO - Running: ['airflow', 'tasks', 'run', 'python_operator_dag_v01', 'greet', 'manual__2025-02-20T12:45:47.672325+00:00', '--job-id', '23', '--raw', '--subdir', 'DAGS_FOLDER/python_operator_dag.py', '--cfg-path', '/var/folders/d6/rl60yzz90jj_2v0s4gm257780000gn/T/tmpd5yb8plq']
[2025-02-20T13:47:51.820+0100] {standard_task_runner.py:105} INFO - Job 23: Subtask greet
[2025-02-20T13:47:51.851+0100] {task_command.py:467} INFO - Running <TaskInstance: python_operator_dag_v01.greet manual__2025-02-20T12:45:47.672325+00:00 [running]> on host ajlas-macbook-air.local
[2025-02-20T13:47:51.877+0100] {taskinstance.py:3134} INFO - Exporting env vars: AIRFLOW_CTX_DAG_OWNER='ajlakorman' AIRFLOW_CTX_DAG_ID='python_operator_dag_v01' AIRFLOW_CTX_TASK_ID='greet' AIRFLOW_CTX_EXECUTION_DATE='2025-02-20T12:45:47.672325+00:00' AIRFLOW_CTX_TRY_NUMBER='2' AIRFLOW_CTX_DAG_RUN_ID='manual__2025-02-20T12:45:47.672325+00:00'
[2025-02-20T13:47:51.878+0100] {logging_mixin.py:190} INFO - Task instance is in running state
[2025-02-20T13:47:51.878+0100] {logging_mixin.py:190} INFO -  Previous state of the Task instance: queued
[2025-02-20T13:47:51.878+0100] {logging_mixin.py:190} INFO - Current task name:greet state:running start_date:2025-02-20 12:47:51.801378+00:00
[2025-02-20T13:47:51.879+0100] {logging_mixin.py:190} INFO - Dag name:python_operator_dag_v01 and current dag run status:running
[2025-02-20T13:47:51.879+0100] {taskinstance.py:732} INFO - ::endgroup::
[2025-02-20T13:47:51.879+0100] {logging_mixin.py:190} INFO - Hello, world!
[2025-02-20T13:47:51.879+0100] {python.py:240} INFO - Done. Returned value was: None
[2025-02-20T13:47:51.882+0100] {taskinstance.py:341} INFO - ::group::Post task execution logs
[2025-02-20T13:47:51.882+0100] {taskinstance.py:353} INFO - Marking task as SUCCESS. dag_id=python_operator_dag_v01, task_id=greet, run_id=manual__2025-02-20T12:45:47.672325+00:00, execution_date=20250220T124547, start_date=20250220T124751, end_date=20250220T124751
[2025-02-20T13:47:51.888+0100] {logging_mixin.py:190} INFO - Task instance in success state
[2025-02-20T13:47:51.889+0100] {logging_mixin.py:190} INFO -  Previous state of the Task instance: running
[2025-02-20T13:47:51.889+0100] {logging_mixin.py:190} INFO - Dag name:python_operator_dag_v01 queued_at:2025-02-20 12:45:47.695066+00:00
[2025-02-20T13:47:51.889+0100] {logging_mixin.py:190} INFO - Task hostname:ajlas-macbook-air.local operator:PythonOperator
[2025-02-20T13:47:51.924+0100] {local_task_job_runner.py:266} INFO - Task exited with return code 0
[2025-02-20T13:47:51.959+0100] {taskinstance.py:3901} INFO - 0 downstream tasks scheduled from follow-on schedule check
[2025-02-20T13:47:51.961+0100] {local_task_job_runner.py:245} INFO - ::endgroup::
