[2025-02-20T17:25:17.296+0100] {local_task_job_runner.py:123} INFO - ::group::Pre task execution logs
[2025-02-20T17:25:17.302+0100] {taskinstance.py:2614} INFO - Dependencies all met for dep_context=non-requeueable deps ti=<TaskInstance: bash_operator_disk_usage.check_disk_usage manual__2025-02-20T16:25:14.169707+00:00 [queued]>
[2025-02-20T17:25:17.307+0100] {taskinstance.py:2614} INFO - Dependencies all met for dep_context=requeueable deps ti=<TaskInstance: bash_operator_disk_usage.check_disk_usage manual__2025-02-20T16:25:14.169707+00:00 [queued]>
[2025-02-20T17:25:17.307+0100] {taskinstance.py:2867} INFO - Starting attempt 1 of 4
[2025-02-20T17:25:17.315+0100] {taskinstance.py:2890} INFO - Executing <Task(BashOperator): check_disk_usage> on 2025-02-20 16:25:14.169707+00:00
[2025-02-20T17:25:17.321+0100] {standard_task_runner.py:72} INFO - Started process 38423 to run task
[2025-02-20T17:25:17.329+0100] {standard_task_runner.py:104} INFO - Running: ['airflow', 'tasks', 'run', 'bash_operator_disk_usage', 'check_disk_usage', 'manual__2025-02-20T16:25:14.169707+00:00', '--job-id', '119', '--raw', '--subdir', 'DAGS_FOLDER/bashTask1.py', '--cfg-path', '/var/folders/d6/rl60yzz90jj_2v0s4gm257780000gn/T/tmpg_t3z1m0']
[2025-02-20T17:25:17.332+0100] {standard_task_runner.py:105} INFO - Job 119: Subtask check_disk_usage
[2025-02-20T17:25:17.362+0100] {task_command.py:467} INFO - Running <TaskInstance: bash_operator_disk_usage.check_disk_usage manual__2025-02-20T16:25:14.169707+00:00 [running]> on host ajlas-macbook-air.local
[2025-02-20T17:25:17.401+0100] {taskinstance.py:3134} INFO - Exporting env vars: AIRFLOW_CTX_DAG_OWNER='ajlakorman' AIRFLOW_CTX_DAG_ID='bash_operator_disk_usage' AIRFLOW_CTX_TASK_ID='check_disk_usage' AIRFLOW_CTX_EXECUTION_DATE='2025-02-20T16:25:14.169707+00:00' AIRFLOW_CTX_TRY_NUMBER='1' AIRFLOW_CTX_DAG_RUN_ID='manual__2025-02-20T16:25:14.169707+00:00'
[2025-02-20T17:25:17.403+0100] {logging_mixin.py:190} INFO - Task instance is in running state
[2025-02-20T17:25:17.406+0100] {logging_mixin.py:190} INFO -  Previous state of the Task instance: queued
[2025-02-20T17:25:17.408+0100] {logging_mixin.py:190} INFO - Current task name:check_disk_usage state:running start_date:2025-02-20 16:25:17.302913+00:00
[2025-02-20T17:25:17.408+0100] {logging_mixin.py:190} INFO - Dag name:bash_operator_disk_usage and current dag run status:running
[2025-02-20T17:25:17.408+0100] {taskinstance.py:732} INFO - ::endgroup::
[2025-02-20T17:25:17.409+0100] {subprocess.py:78} INFO - Tmp dir root location: /var/folders/d6/rl60yzz90jj_2v0s4gm257780000gn/T
[2025-02-20T17:25:17.410+0100] {subprocess.py:88} INFO - Running command: ['/bin/bash', '-c', 'df -h']
[2025-02-20T17:25:17.434+0100] {subprocess.py:99} INFO - Output:
[2025-02-20T17:25:17.438+0100] {subprocess.py:106} INFO - Filesystem        Size    Used   Avail Capacity iused ifree %iused  Mounted on
[2025-02-20T17:25:17.438+0100] {subprocess.py:106} INFO - /dev/disk3s1s1   228Gi    12Gi   112Gi    10%    404k  1.2G    0%   /
[2025-02-20T17:25:17.438+0100] {subprocess.py:106} INFO - devfs            199Ki   199Ki     0Bi   100%     688     0  100%   /dev
[2025-02-20T17:25:17.439+0100] {subprocess.py:106} INFO - /dev/disk3s6     228Gi   4.0Gi   112Gi     4%       4  1.2G    0%   /System/Volumes/VM
[2025-02-20T17:25:17.439+0100] {subprocess.py:106} INFO - /dev/disk3s2     228Gi    11Gi   112Gi     9%    1.2k  1.2G    0%   /System/Volumes/Preboot
[2025-02-20T17:25:17.439+0100] {subprocess.py:106} INFO - /dev/disk3s4     228Gi   633Mi   112Gi     1%     272  1.2G    0%   /System/Volumes/Update
[2025-02-20T17:25:17.439+0100] {subprocess.py:106} INFO - /dev/disk1s2     500Mi   6.0Mi   482Mi     2%       1  4.9M    0%   /System/Volumes/xarts
[2025-02-20T17:25:17.440+0100] {subprocess.py:106} INFO - /dev/disk1s1     500Mi   6.2Mi   482Mi     2%      33  4.9M    0%   /System/Volumes/iSCPreboot
[2025-02-20T17:25:17.440+0100] {subprocess.py:106} INFO - /dev/disk1s3     500Mi   712Ki   482Mi     1%      69  4.9M    0%   /System/Volumes/Hardware
[2025-02-20T17:25:17.440+0100] {subprocess.py:106} INFO - /dev/disk3s5     228Gi    87Gi   112Gi    44%    1.4M  1.2G    0%   /System/Volumes/Data
[2025-02-20T17:25:17.440+0100] {subprocess.py:106} INFO - map auto_home      0Bi     0Bi     0Bi   100%       0     0     -   /System/Volumes/Data/home
[2025-02-20T17:25:17.441+0100] {subprocess.py:106} INFO - /dev/disk3s1     228Gi    12Gi   112Gi    10%    405k  1.2G    0%   /System/Volumes/Update/mnt1
[2025-02-20T17:25:17.441+0100] {subprocess.py:110} INFO - Command exited with return code 0
[2025-02-20T17:25:17.449+0100] {taskinstance.py:341} INFO - ::group::Post task execution logs
[2025-02-20T17:25:17.450+0100] {taskinstance.py:353} INFO - Marking task as SUCCESS. dag_id=bash_operator_disk_usage, task_id=check_disk_usage, run_id=manual__2025-02-20T16:25:14.169707+00:00, execution_date=20250220T162514, start_date=20250220T162517, end_date=20250220T162517
[2025-02-20T17:25:17.456+0100] {logging_mixin.py:190} INFO - Task instance in success state
[2025-02-20T17:25:17.457+0100] {logging_mixin.py:190} INFO -  Previous state of the Task instance: running
[2025-02-20T17:25:17.457+0100] {logging_mixin.py:190} INFO - Dag name:bash_operator_disk_usage queued_at:2025-02-20 16:25:14.179983+00:00
[2025-02-20T17:25:17.458+0100] {logging_mixin.py:190} INFO - Task hostname:ajlas-macbook-air.local operator:BashOperator
[2025-02-20T17:25:17.479+0100] {local_task_job_runner.py:266} INFO - Task exited with return code 0
[2025-02-20T17:25:17.492+0100] {taskinstance.py:3901} INFO - 1 downstream tasks scheduled from follow-on schedule check
[2025-02-20T17:25:17.493+0100] {local_task_job_runner.py:245} INFO - ::endgroup::
