[2025-02-20T14:13:56.996+0100] {local_task_job_runner.py:123} INFO - ::group::Pre task execution logs
[2025-02-20T14:13:57.003+0100] {taskinstance.py:2614} INFO - Dependencies all met for dep_context=non-requeueable deps ti=<TaskInstance: xcom_dag_v2.greet manual__2025-02-20T13:13:51.111223+00:00 [queued]>
[2025-02-20T14:13:57.007+0100] {taskinstance.py:2614} INFO - Dependencies all met for dep_context=requeueable deps ti=<TaskInstance: xcom_dag_v2.greet manual__2025-02-20T13:13:51.111223+00:00 [queued]>
[2025-02-20T14:13:57.007+0100] {taskinstance.py:2867} INFO - Starting attempt 1 of 6
[2025-02-20T14:13:57.012+0100] {taskinstance.py:2890} INFO - Executing <Task(PythonOperator): greet> on 2025-02-20 13:13:51.111223+00:00
[2025-02-20T14:13:57.014+0100] {standard_task_runner.py:72} INFO - Started process 23512 to run task
[2025-02-20T14:13:57.017+0100] {standard_task_runner.py:104} INFO - Running: ['airflow', 'tasks', 'run', 'xcom_dag_v2', 'greet', 'manual__2025-02-20T13:13:51.111223+00:00', '--job-id', '29', '--raw', '--subdir', 'DAGS_FOLDER/xcom_dag_v2.py', '--cfg-path', '/var/folders/d6/rl60yzz90jj_2v0s4gm257780000gn/T/tmpfmhx23i7']
[2025-02-20T14:13:57.018+0100] {standard_task_runner.py:105} INFO - Job 29: Subtask greet
[2025-02-20T14:13:57.033+0100] {task_command.py:467} INFO - Running <TaskInstance: xcom_dag_v2.greet manual__2025-02-20T13:13:51.111223+00:00 [running]> on host ajlas-macbook-air.local
[2025-02-20T14:13:57.055+0100] {taskinstance.py:3134} INFO - Exporting env vars: AIRFLOW_CTX_DAG_OWNER='ajlakorman' AIRFLOW_CTX_DAG_ID='xcom_dag_v2' AIRFLOW_CTX_TASK_ID='greet' AIRFLOW_CTX_EXECUTION_DATE='2025-02-20T13:13:51.111223+00:00' AIRFLOW_CTX_TRY_NUMBER='1' AIRFLOW_CTX_DAG_RUN_ID='manual__2025-02-20T13:13:51.111223+00:00'
[2025-02-20T14:13:57.056+0100] {logging_mixin.py:190} INFO - Task instance is in running state
[2025-02-20T14:13:57.056+0100] {logging_mixin.py:190} INFO -  Previous state of the Task instance: queued
[2025-02-20T14:13:57.056+0100] {logging_mixin.py:190} INFO - Current task name:greet state:running start_date:2025-02-20 13:13:57.004159+00:00
[2025-02-20T14:13:57.056+0100] {logging_mixin.py:190} INFO - Dag name:xcom_dag_v2 and current dag run status:running
[2025-02-20T14:13:57.057+0100] {taskinstance.py:732} INFO - ::endgroup::
[2025-02-20T14:13:57.061+0100] {logging_mixin.py:190} INFO - Hello, world. I am  Ajla Korman  and I am  22  years old.
[2025-02-20T14:13:57.061+0100] {python.py:240} INFO - Done. Returned value was: None
[2025-02-20T14:13:57.063+0100] {taskinstance.py:341} INFO - ::group::Post task execution logs
[2025-02-20T14:13:57.064+0100] {taskinstance.py:353} INFO - Marking task as SUCCESS. dag_id=xcom_dag_v2, task_id=greet, run_id=manual__2025-02-20T13:13:51.111223+00:00, execution_date=20250220T131351, start_date=20250220T131357, end_date=20250220T131357
[2025-02-20T14:13:57.073+0100] {logging_mixin.py:190} INFO - Task instance in success state
[2025-02-20T14:13:57.073+0100] {logging_mixin.py:190} INFO -  Previous state of the Task instance: running
[2025-02-20T14:13:57.073+0100] {logging_mixin.py:190} INFO - Dag name:xcom_dag_v2 queued_at:2025-02-20 13:13:51.124886+00:00
[2025-02-20T14:13:57.073+0100] {logging_mixin.py:190} INFO - Task hostname:ajlas-macbook-air.local operator:PythonOperator
[2025-02-20T14:13:57.079+0100] {local_task_job_runner.py:266} INFO - Task exited with return code 0
[2025-02-20T14:13:57.085+0100] {taskinstance.py:3901} INFO - 0 downstream tasks scheduled from follow-on schedule check
[2025-02-20T14:13:57.085+0100] {local_task_job_runner.py:245} INFO - ::endgroup::
