[2025-02-20T12:27:53.430+0100] {local_task_job_runner.py:123} INFO - ::group::Pre task execution logs
[2025-02-20T12:27:53.435+0100] {taskinstance.py:2614} INFO - Dependencies all met for dep_context=non-requeueable deps ti=<TaskInstance: our_first_dag_v2.first_task manual__2025-02-20T11:27:50.933435+00:00 [queued]>
[2025-02-20T12:27:53.437+0100] {taskinstance.py:2614} INFO - Dependencies all met for dep_context=requeueable deps ti=<TaskInstance: our_first_dag_v2.first_task manual__2025-02-20T11:27:50.933435+00:00 [queued]>
[2025-02-20T12:27:53.437+0100] {taskinstance.py:2867} INFO - Starting attempt 1 of 6
[2025-02-20T12:27:53.442+0100] {taskinstance.py:2890} INFO - Executing <Task(BashOperator): first_task> on 2025-02-20 11:27:50.933435+00:00
[2025-02-20T12:27:53.446+0100] {standard_task_runner.py:72} INFO - Started process 12963 to run task
[2025-02-20T12:27:53.449+0100] {standard_task_runner.py:104} INFO - Running: ['airflow', 'tasks', 'run', 'our_first_dag_v2', 'first_task', 'manual__2025-02-20T11:27:50.933435+00:00', '--job-id', '17', '--raw', '--subdir', 'DAGS_FOLDER/our_first_dag.py', '--cfg-path', '/var/folders/d6/rl60yzz90jj_2v0s4gm257780000gn/T/tmpq3h56hft']
[2025-02-20T12:27:53.450+0100] {standard_task_runner.py:105} INFO - Job 17: Subtask first_task
[2025-02-20T12:27:53.467+0100] {task_command.py:467} INFO - Running <TaskInstance: our_first_dag_v2.first_task manual__2025-02-20T11:27:50.933435+00:00 [running]> on host ajlas-macbook-air.local
[2025-02-20T12:27:53.492+0100] {taskinstance.py:3134} INFO - Exporting env vars: AIRFLOW_CTX_DAG_OWNER='ajlakorman' AIRFLOW_CTX_DAG_ID='our_first_dag_v2' AIRFLOW_CTX_TASK_ID='first_task' AIRFLOW_CTX_EXECUTION_DATE='2025-02-20T11:27:50.933435+00:00' AIRFLOW_CTX_TRY_NUMBER='1' AIRFLOW_CTX_DAG_RUN_ID='manual__2025-02-20T11:27:50.933435+00:00'
[2025-02-20T12:27:53.493+0100] {logging_mixin.py:190} INFO - Task instance is in running state
[2025-02-20T12:27:53.493+0100] {logging_mixin.py:190} INFO -  Previous state of the Task instance: queued
[2025-02-20T12:27:53.493+0100] {logging_mixin.py:190} INFO - Current task name:first_task state:running start_date:2025-02-20 11:27:53.435210+00:00
[2025-02-20T12:27:53.493+0100] {logging_mixin.py:190} INFO - Dag name:our_first_dag_v2 and current dag run status:running
[2025-02-20T12:27:53.494+0100] {taskinstance.py:732} INFO - ::endgroup::
[2025-02-20T12:27:53.494+0100] {subprocess.py:78} INFO - Tmp dir root location: /var/folders/d6/rl60yzz90jj_2v0s4gm257780000gn/T
[2025-02-20T12:27:53.495+0100] {subprocess.py:88} INFO - Running command: ['/bin/bash', '-c', "echo 'Hello World, this is the first task'"]
[2025-02-20T12:27:53.497+0100] {subprocess.py:99} INFO - Output:
[2025-02-20T12:27:53.501+0100] {subprocess.py:106} INFO - Hello World, this is the first task
[2025-02-20T12:27:53.501+0100] {subprocess.py:110} INFO - Command exited with return code 0
[2025-02-20T12:27:53.509+0100] {taskinstance.py:341} INFO - ::group::Post task execution logs
[2025-02-20T12:27:53.509+0100] {taskinstance.py:353} INFO - Marking task as SUCCESS. dag_id=our_first_dag_v2, task_id=first_task, run_id=manual__2025-02-20T11:27:50.933435+00:00, execution_date=20250220T112750, start_date=20250220T112753, end_date=20250220T112753
[2025-02-20T12:27:53.514+0100] {logging_mixin.py:190} INFO - Task instance in success state
[2025-02-20T12:27:53.514+0100] {logging_mixin.py:190} INFO -  Previous state of the Task instance: running
[2025-02-20T12:27:53.514+0100] {logging_mixin.py:190} INFO - Dag name:our_first_dag_v2 queued_at:2025-02-20 11:27:50.954033+00:00
[2025-02-20T12:27:53.515+0100] {logging_mixin.py:190} INFO - Task hostname:ajlas-macbook-air.local operator:BashOperator
[2025-02-20T12:27:53.554+0100] {local_task_job_runner.py:266} INFO - Task exited with return code 0
[2025-02-20T12:27:53.564+0100] {taskinstance.py:3901} INFO - 1 downstream tasks scheduled from follow-on schedule check
[2025-02-20T12:27:53.565+0100] {local_task_job_runner.py:245} INFO - ::endgroup::
