[2025-02-20T17:25:13.880+0100] {local_task_job_runner.py:123} INFO - ::group::Pre task execution logs
[2025-02-20T17:25:13.887+0100] {taskinstance.py:2614} INFO - Dependencies all met for dep_context=non-requeueable deps ti=<TaskInstance: bash_operator_disk_usage.check_network_connections scheduled__2025-02-19T00:00:00+00:00 [queued]>
[2025-02-20T17:25:13.890+0100] {taskinstance.py:2614} INFO - Dependencies all met for dep_context=requeueable deps ti=<TaskInstance: bash_operator_disk_usage.check_network_connections scheduled__2025-02-19T00:00:00+00:00 [queued]>
[2025-02-20T17:25:13.891+0100] {taskinstance.py:2867} INFO - Starting attempt 1 of 4
[2025-02-20T17:25:13.897+0100] {taskinstance.py:2890} INFO - Executing <Task(BashOperator): check_network_connections> on 2025-02-19 00:00:00+00:00
[2025-02-20T17:25:13.900+0100] {standard_task_runner.py:72} INFO - Started process 38405 to run task
[2025-02-20T17:25:13.904+0100] {standard_task_runner.py:104} INFO - Running: ['airflow', 'tasks', 'run', 'bash_operator_disk_usage', 'check_network_connections', 'scheduled__2025-02-19T00:00:00+00:00', '--job-id', '118', '--raw', '--subdir', 'DAGS_FOLDER/bashTask1.py', '--cfg-path', '/var/folders/d6/rl60yzz90jj_2v0s4gm257780000gn/T/tmp8wffjsjg']
[2025-02-20T17:25:13.905+0100] {standard_task_runner.py:105} INFO - Job 118: Subtask check_network_connections
[2025-02-20T17:25:13.928+0100] {task_command.py:467} INFO - Running <TaskInstance: bash_operator_disk_usage.check_network_connections scheduled__2025-02-19T00:00:00+00:00 [running]> on host ajlas-macbook-air.local
[2025-02-20T17:25:13.956+0100] {taskinstance.py:3134} INFO - Exporting env vars: AIRFLOW_CTX_DAG_OWNER='ajlakorman' AIRFLOW_CTX_DAG_ID='bash_operator_disk_usage' AIRFLOW_CTX_TASK_ID='check_network_connections' AIRFLOW_CTX_EXECUTION_DATE='2025-02-19T00:00:00+00:00' AIRFLOW_CTX_TRY_NUMBER='1' AIRFLOW_CTX_DAG_RUN_ID='scheduled__2025-02-19T00:00:00+00:00'
[2025-02-20T17:25:13.957+0100] {logging_mixin.py:190} INFO - Task instance is in running state
[2025-02-20T17:25:13.957+0100] {logging_mixin.py:190} INFO -  Previous state of the Task instance: queued
[2025-02-20T17:25:13.957+0100] {logging_mixin.py:190} INFO - Current task name:check_network_connections state:running start_date:2025-02-20 16:25:13.887931+00:00
[2025-02-20T17:25:13.957+0100] {logging_mixin.py:190} INFO - Dag name:bash_operator_disk_usage and current dag run status:running
[2025-02-20T17:25:13.958+0100] {taskinstance.py:732} INFO - ::endgroup::
[2025-02-20T17:25:13.958+0100] {subprocess.py:78} INFO - Tmp dir root location: /var/folders/d6/rl60yzz90jj_2v0s4gm257780000gn/T
[2025-02-20T17:25:13.959+0100] {subprocess.py:88} INFO - Running command: ['/bin/bash', '-c', 'netstat -an | head -10']
[2025-02-20T17:25:13.962+0100] {subprocess.py:99} INFO - Output:
[2025-02-20T17:25:13.969+0100] {subprocess.py:106} INFO - Active Internet connections (including servers)
[2025-02-20T17:25:13.969+0100] {subprocess.py:106} INFO - Proto Recv-Q Send-Q  Local Address          Foreign Address        (state)
[2025-02-20T17:25:13.970+0100] {subprocess.py:106} INFO - tcp4       0      0  10.14.1.122.53501      146.112.41.2.443       ESTABLISHED
[2025-02-20T17:25:13.970+0100] {subprocess.py:106} INFO - tcp4       0      0  10.14.1.122.53488      104.22.26.243.443      ESTABLISHED
[2025-02-20T17:25:13.970+0100] {subprocess.py:106} INFO - tcp4       0      0  *.8080                 *.*                    LISTEN
[2025-02-20T17:25:13.970+0100] {subprocess.py:106} INFO - tcp4       0      0  10.14.1.122.53445      13.107.246.45.443      ESTABLISHED
[2025-02-20T17:25:13.970+0100] {subprocess.py:106} INFO - tcp6       0      0  fe80::279c:c072:.1024  fe80::2e60:57e8:.1024  SYN_SENT
[2025-02-20T17:25:13.971+0100] {subprocess.py:106} INFO - tcp4       0      0  10.14.1.122.53409      104.18.32.47.443       ESTABLISHED
[2025-02-20T17:25:13.971+0100] {subprocess.py:106} INFO - tcp4       0      0  10.14.1.122.53405      65.9.189.27.443        ESTABLISHED
[2025-02-20T17:25:13.971+0100] {subprocess.py:106} INFO - tcp4       0      0  10.14.1.122.53402      40.79.189.59.443       ESTABLISHED
[2025-02-20T17:25:13.971+0100] {subprocess.py:110} INFO - Command exited with return code 0
[2025-02-20T17:25:13.978+0100] {taskinstance.py:341} INFO - ::group::Post task execution logs
[2025-02-20T17:25:13.979+0100] {taskinstance.py:353} INFO - Marking task as SUCCESS. dag_id=bash_operator_disk_usage, task_id=check_network_connections, run_id=scheduled__2025-02-19T00:00:00+00:00, execution_date=20250219T000000, start_date=20250220T162513, end_date=20250220T162513
[2025-02-20T17:25:13.986+0100] {logging_mixin.py:190} INFO - Task instance in success state
[2025-02-20T17:25:13.986+0100] {logging_mixin.py:190} INFO -  Previous state of the Task instance: running
[2025-02-20T17:25:13.986+0100] {logging_mixin.py:190} INFO - Dag name:bash_operator_disk_usage queued_at:2025-02-20 16:25:07.577776+00:00
[2025-02-20T17:25:13.986+0100] {logging_mixin.py:190} INFO - Task hostname:ajlas-macbook-air.local operator:BashOperator
[2025-02-20T17:25:14.007+0100] {local_task_job_runner.py:266} INFO - Task exited with return code 0
[2025-02-20T17:25:14.013+0100] {taskinstance.py:3901} INFO - 0 downstream tasks scheduled from follow-on schedule check
[2025-02-20T17:25:14.014+0100] {local_task_job_runner.py:245} INFO - ::endgroup::
