[2025-02-20T13:22:55.531+0100] {local_task_job_runner.py:123} INFO - ::group::Pre task execution logs
[2025-02-20T13:22:55.538+0100] {taskinstance.py:2614} INFO - Dependencies all met for dep_context=non-requeueable deps ti=<TaskInstance: our_first_dag_v3.third_task manual__2025-02-20T12:22:49.470115+00:00 [queued]>
[2025-02-20T13:22:55.541+0100] {taskinstance.py:2614} INFO - Dependencies all met for dep_context=requeueable deps ti=<TaskInstance: our_first_dag_v3.third_task manual__2025-02-20T12:22:49.470115+00:00 [queued]>
[2025-02-20T13:22:55.541+0100] {taskinstance.py:2867} INFO - Starting attempt 1 of 6
[2025-02-20T13:22:55.547+0100] {taskinstance.py:2890} INFO - Executing <Task(BashOperator): third_task> on 2025-02-20 12:22:49.470115+00:00
[2025-02-20T13:22:55.549+0100] {standard_task_runner.py:72} INFO - Started process 17325 to run task
[2025-02-20T13:22:55.552+0100] {standard_task_runner.py:104} INFO - Running: ['airflow', 'tasks', 'run', 'our_first_dag_v3', 'third_task', 'manual__2025-02-20T12:22:49.470115+00:00', '--job-id', '21', '--raw', '--subdir', 'DAGS_FOLDER/our_first_dag_v3.py', '--cfg-path', '/var/folders/d6/rl60yzz90jj_2v0s4gm257780000gn/T/tmpyjlyl_l1']
[2025-02-20T13:22:55.553+0100] {standard_task_runner.py:105} INFO - Job 21: Subtask third_task
[2025-02-20T13:22:55.579+0100] {task_command.py:467} INFO - Running <TaskInstance: our_first_dag_v3.third_task manual__2025-02-20T12:22:49.470115+00:00 [running]> on host ajlas-macbook-air.local
[2025-02-20T13:22:55.600+0100] {taskinstance.py:3134} INFO - Exporting env vars: AIRFLOW_CTX_DAG_OWNER='ajlakorman' AIRFLOW_CTX_DAG_ID='our_first_dag_v3' AIRFLOW_CTX_TASK_ID='third_task' AIRFLOW_CTX_EXECUTION_DATE='2025-02-20T12:22:49.470115+00:00' AIRFLOW_CTX_TRY_NUMBER='1' AIRFLOW_CTX_DAG_RUN_ID='manual__2025-02-20T12:22:49.470115+00:00'
[2025-02-20T13:22:55.601+0100] {logging_mixin.py:190} INFO - Task instance is in running state
[2025-02-20T13:22:55.601+0100] {logging_mixin.py:190} INFO -  Previous state of the Task instance: queued
[2025-02-20T13:22:55.602+0100] {logging_mixin.py:190} INFO - Current task name:third_task state:running start_date:2025-02-20 12:22:55.538344+00:00
[2025-02-20T13:22:55.602+0100] {logging_mixin.py:190} INFO - Dag name:our_first_dag_v3 and current dag run status:running
[2025-02-20T13:22:55.602+0100] {taskinstance.py:732} INFO - ::endgroup::
[2025-02-20T13:22:55.602+0100] {subprocess.py:78} INFO - Tmp dir root location: /var/folders/d6/rl60yzz90jj_2v0s4gm257780000gn/T
[2025-02-20T13:22:55.603+0100] {subprocess.py:88} INFO - Running command: ['/bin/bash', '-c', "echo 'This is the third task that will run at the same time as the second one'"]
[2025-02-20T13:22:55.606+0100] {subprocess.py:99} INFO - Output:
[2025-02-20T13:22:55.608+0100] {subprocess.py:106} INFO - This is the third task that will run at the same time as the second one
[2025-02-20T13:22:55.608+0100] {subprocess.py:110} INFO - Command exited with return code 0
[2025-02-20T13:22:55.614+0100] {taskinstance.py:341} INFO - ::group::Post task execution logs
[2025-02-20T13:22:55.615+0100] {taskinstance.py:353} INFO - Marking task as SUCCESS. dag_id=our_first_dag_v3, task_id=third_task, run_id=manual__2025-02-20T12:22:49.470115+00:00, execution_date=20250220T122249, start_date=20250220T122255, end_date=20250220T122255
[2025-02-20T13:22:55.620+0100] {logging_mixin.py:190} INFO - Task instance in success state
[2025-02-20T13:22:55.620+0100] {logging_mixin.py:190} INFO -  Previous state of the Task instance: running
[2025-02-20T13:22:55.621+0100] {logging_mixin.py:190} INFO - Dag name:our_first_dag_v3 queued_at:2025-02-20 12:22:49.482012+00:00
[2025-02-20T13:22:55.621+0100] {logging_mixin.py:190} INFO - Task hostname:ajlas-macbook-air.local operator:BashOperator
[2025-02-20T13:22:55.659+0100] {local_task_job_runner.py:266} INFO - Task exited with return code 0
[2025-02-20T13:22:55.666+0100] {taskinstance.py:3901} INFO - 0 downstream tasks scheduled from follow-on schedule check
[2025-02-20T13:22:55.666+0100] {local_task_job_runner.py:245} INFO - ::endgroup::
