[2025-02-20T13:22:54.346+0100] {local_task_job_runner.py:123} INFO - ::group::Pre task execution logs
[2025-02-20T13:22:54.353+0100] {taskinstance.py:2614} INFO - Dependencies all met for dep_context=non-requeueable deps ti=<TaskInstance: our_first_dag_v3.second_task manual__2025-02-20T12:22:49.470115+00:00 [queued]>
[2025-02-20T13:22:54.356+0100] {taskinstance.py:2614} INFO - Dependencies all met for dep_context=requeueable deps ti=<TaskInstance: our_first_dag_v3.second_task manual__2025-02-20T12:22:49.470115+00:00 [queued]>
[2025-02-20T13:22:54.356+0100] {taskinstance.py:2867} INFO - Starting attempt 1 of 6
[2025-02-20T13:22:54.361+0100] {taskinstance.py:2890} INFO - Executing <Task(BashOperator): second_task> on 2025-02-20 12:22:49.470115+00:00
[2025-02-20T13:22:54.364+0100] {standard_task_runner.py:72} INFO - Started process 17321 to run task
[2025-02-20T13:22:54.369+0100] {standard_task_runner.py:104} INFO - Running: ['airflow', 'tasks', 'run', 'our_first_dag_v3', 'second_task', 'manual__2025-02-20T12:22:49.470115+00:00', '--job-id', '20', '--raw', '--subdir', 'DAGS_FOLDER/our_first_dag_v3.py', '--cfg-path', '/var/folders/d6/rl60yzz90jj_2v0s4gm257780000gn/T/tmppa3fuiq3']
[2025-02-20T13:22:54.370+0100] {standard_task_runner.py:105} INFO - Job 20: Subtask second_task
[2025-02-20T13:22:54.385+0100] {task_command.py:467} INFO - Running <TaskInstance: our_first_dag_v3.second_task manual__2025-02-20T12:22:49.470115+00:00 [running]> on host ajlas-macbook-air.local
[2025-02-20T13:22:54.405+0100] {taskinstance.py:3134} INFO - Exporting env vars: AIRFLOW_CTX_DAG_OWNER='ajlakorman' AIRFLOW_CTX_DAG_ID='our_first_dag_v3' AIRFLOW_CTX_TASK_ID='second_task' AIRFLOW_CTX_EXECUTION_DATE='2025-02-20T12:22:49.470115+00:00' AIRFLOW_CTX_TRY_NUMBER='1' AIRFLOW_CTX_DAG_RUN_ID='manual__2025-02-20T12:22:49.470115+00:00'
[2025-02-20T13:22:54.406+0100] {logging_mixin.py:190} INFO - Task instance is in running state
[2025-02-20T13:22:54.406+0100] {logging_mixin.py:190} INFO -  Previous state of the Task instance: queued
[2025-02-20T13:22:54.406+0100] {logging_mixin.py:190} INFO - Current task name:second_task state:running start_date:2025-02-20 12:22:54.353303+00:00
[2025-02-20T13:22:54.407+0100] {logging_mixin.py:190} INFO - Dag name:our_first_dag_v3 and current dag run status:running
[2025-02-20T13:22:54.407+0100] {taskinstance.py:732} INFO - ::endgroup::
[2025-02-20T13:22:54.407+0100] {subprocess.py:78} INFO - Tmp dir root location: /var/folders/d6/rl60yzz90jj_2v0s4gm257780000gn/T
[2025-02-20T13:22:54.408+0100] {subprocess.py:88} INFO - Running command: ['/bin/bash', '-c', "echo 'This is the second task that will run after the first one'"]
[2025-02-20T13:22:54.412+0100] {subprocess.py:99} INFO - Output:
[2025-02-20T13:22:54.414+0100] {subprocess.py:106} INFO - This is the second task that will run after the first one
[2025-02-20T13:22:54.415+0100] {subprocess.py:110} INFO - Command exited with return code 0
[2025-02-20T13:22:54.424+0100] {taskinstance.py:341} INFO - ::group::Post task execution logs
[2025-02-20T13:22:54.425+0100] {taskinstance.py:353} INFO - Marking task as SUCCESS. dag_id=our_first_dag_v3, task_id=second_task, run_id=manual__2025-02-20T12:22:49.470115+00:00, execution_date=20250220T122249, start_date=20250220T122254, end_date=20250220T122254
[2025-02-20T13:22:54.430+0100] {logging_mixin.py:190} INFO - Task instance in success state
[2025-02-20T13:22:54.431+0100] {logging_mixin.py:190} INFO -  Previous state of the Task instance: running
[2025-02-20T13:22:54.431+0100] {logging_mixin.py:190} INFO - Dag name:our_first_dag_v3 queued_at:2025-02-20 12:22:49.482012+00:00
[2025-02-20T13:22:54.431+0100] {logging_mixin.py:190} INFO - Task hostname:ajlas-macbook-air.local operator:BashOperator
[2025-02-20T13:22:54.477+0100] {local_task_job_runner.py:266} INFO - Task exited with return code 0
[2025-02-20T13:22:54.484+0100] {taskinstance.py:3901} INFO - 0 downstream tasks scheduled from follow-on schedule check
[2025-02-20T13:22:54.484+0100] {local_task_job_runner.py:245} INFO - ::endgroup::
