[2025-02-20T10:53:23.016+0100] {processor.py:186} INFO - Started process (PID=6384) to work on /Users/ajlakorman/Desktop/Data-Mining-Projects/Apache_Airflow/venv/lib/python3.10/site-packages/airflow/example_dags/example_branch_operator.py
[2025-02-20T10:53:23.016+0100] {processor.py:914} INFO - Processing file /Users/ajlakorman/Desktop/Data-Mining-Projects/Apache_Airflow/venv/lib/python3.10/site-packages/airflow/example_dags/example_branch_operator.py for tasks to queue
[2025-02-20T10:53:23.017+0100] {logging_mixin.py:190} INFO - [2025-02-20T10:53:23.017+0100] {dagbag.py:588} INFO - Filling up the DagBag from /Users/ajlakorman/Desktop/Data-Mining-Projects/Apache_Airflow/venv/lib/python3.10/site-packages/airflow/example_dags/example_branch_operator.py
[2025-02-20T10:53:23.029+0100] {processor.py:927} WARNING - No viable dags retrieved from /Users/ajlakorman/Desktop/Data-Mining-Projects/Apache_Airflow/venv/lib/python3.10/site-packages/airflow/example_dags/example_branch_operator.py
[2025-02-20T10:53:23.094+0100] {processor.py:208} INFO - Processing /Users/ajlakorman/Desktop/Data-Mining-Projects/Apache_Airflow/venv/lib/python3.10/site-packages/airflow/example_dags/example_branch_operator.py took 0.081 seconds
[2025-02-20T10:55:53.304+0100] {processor.py:186} INFO - Started process (PID=6722) to work on /Users/ajlakorman/Desktop/Data-Mining-Projects/Apache_Airflow/venv/lib/python3.10/site-packages/airflow/example_dags/example_branch_operator.py
[2025-02-20T10:55:53.305+0100] {processor.py:914} INFO - Processing file /Users/ajlakorman/Desktop/Data-Mining-Projects/Apache_Airflow/venv/lib/python3.10/site-packages/airflow/example_dags/example_branch_operator.py for tasks to queue
[2025-02-20T10:55:53.306+0100] {logging_mixin.py:190} INFO - [2025-02-20T10:55:53.306+0100] {dagbag.py:588} INFO - Filling up the DagBag from /Users/ajlakorman/Desktop/Data-Mining-Projects/Apache_Airflow/venv/lib/python3.10/site-packages/airflow/example_dags/example_branch_operator.py
[2025-02-20T10:55:53.316+0100] {processor.py:927} WARNING - No viable dags retrieved from /Users/ajlakorman/Desktop/Data-Mining-Projects/Apache_Airflow/venv/lib/python3.10/site-packages/airflow/example_dags/example_branch_operator.py
[2025-02-20T10:55:53.387+0100] {processor.py:208} INFO - Processing /Users/ajlakorman/Desktop/Data-Mining-Projects/Apache_Airflow/venv/lib/python3.10/site-packages/airflow/example_dags/example_branch_operator.py took 0.084 seconds
[2025-02-20T10:58:42.589+0100] {processor.py:186} INFO - Started process (PID=7008) to work on /Users/ajlakorman/Desktop/Data-Mining-Projects/Apache_Airflow/venv/lib/python3.10/site-packages/airflow/example_dags/example_branch_operator.py
[2025-02-20T10:58:42.590+0100] {processor.py:914} INFO - Processing file /Users/ajlakorman/Desktop/Data-Mining-Projects/Apache_Airflow/venv/lib/python3.10/site-packages/airflow/example_dags/example_branch_operator.py for tasks to queue
[2025-02-20T10:58:42.590+0100] {logging_mixin.py:190} INFO - [2025-02-20T10:58:42.590+0100] {dagbag.py:588} INFO - Filling up the DagBag from /Users/ajlakorman/Desktop/Data-Mining-Projects/Apache_Airflow/venv/lib/python3.10/site-packages/airflow/example_dags/example_branch_operator.py
[2025-02-20T10:58:42.599+0100] {processor.py:927} WARNING - No viable dags retrieved from /Users/ajlakorman/Desktop/Data-Mining-Projects/Apache_Airflow/venv/lib/python3.10/site-packages/airflow/example_dags/example_branch_operator.py
[2025-02-20T10:58:42.657+0100] {processor.py:208} INFO - Processing /Users/ajlakorman/Desktop/Data-Mining-Projects/Apache_Airflow/venv/lib/python3.10/site-packages/airflow/example_dags/example_branch_operator.py took 0.069 seconds
[2025-02-20T11:01:18.240+0100] {processor.py:186} INFO - Started process (PID=7352) to work on /Users/ajlakorman/Desktop/Data-Mining-Projects/Apache_Airflow/venv/lib/python3.10/site-packages/airflow/example_dags/example_branch_operator.py
[2025-02-20T11:01:18.240+0100] {processor.py:914} INFO - Processing file /Users/ajlakorman/Desktop/Data-Mining-Projects/Apache_Airflow/venv/lib/python3.10/site-packages/airflow/example_dags/example_branch_operator.py for tasks to queue
[2025-02-20T11:01:18.241+0100] {logging_mixin.py:190} INFO - [2025-02-20T11:01:18.241+0100] {dagbag.py:588} INFO - Filling up the DagBag from /Users/ajlakorman/Desktop/Data-Mining-Projects/Apache_Airflow/venv/lib/python3.10/site-packages/airflow/example_dags/example_branch_operator.py
[2025-02-20T11:01:18.249+0100] {processor.py:927} WARNING - No viable dags retrieved from /Users/ajlakorman/Desktop/Data-Mining-Projects/Apache_Airflow/venv/lib/python3.10/site-packages/airflow/example_dags/example_branch_operator.py
[2025-02-20T11:01:18.311+0100] {processor.py:208} INFO - Processing /Users/ajlakorman/Desktop/Data-Mining-Projects/Apache_Airflow/venv/lib/python3.10/site-packages/airflow/example_dags/example_branch_operator.py took 0.073 seconds
[2025-02-20T11:03:42.489+0100] {processor.py:186} INFO - Started process (PID=7601) to work on /Users/ajlakorman/Desktop/Data-Mining-Projects/Apache_Airflow/venv/lib/python3.10/site-packages/airflow/example_dags/example_branch_operator.py
[2025-02-20T11:03:42.490+0100] {processor.py:914} INFO - Processing file /Users/ajlakorman/Desktop/Data-Mining-Projects/Apache_Airflow/venv/lib/python3.10/site-packages/airflow/example_dags/example_branch_operator.py for tasks to queue
[2025-02-20T11:03:42.491+0100] {logging_mixin.py:190} INFO - [2025-02-20T11:03:42.490+0100] {dagbag.py:588} INFO - Filling up the DagBag from /Users/ajlakorman/Desktop/Data-Mining-Projects/Apache_Airflow/venv/lib/python3.10/site-packages/airflow/example_dags/example_branch_operator.py
[2025-02-20T11:03:42.499+0100] {processor.py:927} WARNING - No viable dags retrieved from /Users/ajlakorman/Desktop/Data-Mining-Projects/Apache_Airflow/venv/lib/python3.10/site-packages/airflow/example_dags/example_branch_operator.py
[2025-02-20T11:03:42.562+0100] {processor.py:208} INFO - Processing /Users/ajlakorman/Desktop/Data-Mining-Projects/Apache_Airflow/venv/lib/python3.10/site-packages/airflow/example_dags/example_branch_operator.py took 0.074 seconds
[2025-02-20T11:05:58.843+0100] {processor.py:186} INFO - Started process (PID=7905) to work on /Users/ajlakorman/Desktop/Data-Mining-Projects/Apache_Airflow/venv/lib/python3.10/site-packages/airflow/example_dags/example_branch_operator.py
[2025-02-20T11:05:58.844+0100] {processor.py:914} INFO - Processing file /Users/ajlakorman/Desktop/Data-Mining-Projects/Apache_Airflow/venv/lib/python3.10/site-packages/airflow/example_dags/example_branch_operator.py for tasks to queue
[2025-02-20T11:05:58.845+0100] {logging_mixin.py:190} INFO - [2025-02-20T11:05:58.845+0100] {dagbag.py:588} INFO - Filling up the DagBag from /Users/ajlakorman/Desktop/Data-Mining-Projects/Apache_Airflow/venv/lib/python3.10/site-packages/airflow/example_dags/example_branch_operator.py
[2025-02-20T11:05:58.853+0100] {processor.py:927} WARNING - No viable dags retrieved from /Users/ajlakorman/Desktop/Data-Mining-Projects/Apache_Airflow/venv/lib/python3.10/site-packages/airflow/example_dags/example_branch_operator.py
[2025-02-20T11:05:58.918+0100] {processor.py:208} INFO - Processing /Users/ajlakorman/Desktop/Data-Mining-Projects/Apache_Airflow/venv/lib/python3.10/site-packages/airflow/example_dags/example_branch_operator.py took 0.076 seconds
[2025-02-20T11:08:18.419+0100] {processor.py:186} INFO - Started process (PID=8208) to work on /Users/ajlakorman/Desktop/Data-Mining-Projects/Apache_Airflow/venv/lib/python3.10/site-packages/airflow/example_dags/example_branch_operator.py
[2025-02-20T11:08:18.420+0100] {processor.py:914} INFO - Processing file /Users/ajlakorman/Desktop/Data-Mining-Projects/Apache_Airflow/venv/lib/python3.10/site-packages/airflow/example_dags/example_branch_operator.py for tasks to queue
[2025-02-20T11:08:18.421+0100] {logging_mixin.py:190} INFO - [2025-02-20T11:08:18.421+0100] {dagbag.py:588} INFO - Filling up the DagBag from /Users/ajlakorman/Desktop/Data-Mining-Projects/Apache_Airflow/venv/lib/python3.10/site-packages/airflow/example_dags/example_branch_operator.py
[2025-02-20T11:08:18.429+0100] {processor.py:927} WARNING - No viable dags retrieved from /Users/ajlakorman/Desktop/Data-Mining-Projects/Apache_Airflow/venv/lib/python3.10/site-packages/airflow/example_dags/example_branch_operator.py
[2025-02-20T11:08:18.490+0100] {processor.py:208} INFO - Processing /Users/ajlakorman/Desktop/Data-Mining-Projects/Apache_Airflow/venv/lib/python3.10/site-packages/airflow/example_dags/example_branch_operator.py took 0.073 seconds
[2025-02-20T11:10:38.231+0100] {processor.py:186} INFO - Started process (PID=8456) to work on /Users/ajlakorman/Desktop/Data-Mining-Projects/Apache_Airflow/venv/lib/python3.10/site-packages/airflow/example_dags/example_branch_operator.py
[2025-02-20T11:10:38.233+0100] {processor.py:914} INFO - Processing file /Users/ajlakorman/Desktop/Data-Mining-Projects/Apache_Airflow/venv/lib/python3.10/site-packages/airflow/example_dags/example_branch_operator.py for tasks to queue
[2025-02-20T11:10:38.234+0100] {logging_mixin.py:190} INFO - [2025-02-20T11:10:38.233+0100] {dagbag.py:588} INFO - Filling up the DagBag from /Users/ajlakorman/Desktop/Data-Mining-Projects/Apache_Airflow/venv/lib/python3.10/site-packages/airflow/example_dags/example_branch_operator.py
[2025-02-20T11:10:38.246+0100] {processor.py:927} WARNING - No viable dags retrieved from /Users/ajlakorman/Desktop/Data-Mining-Projects/Apache_Airflow/venv/lib/python3.10/site-packages/airflow/example_dags/example_branch_operator.py
[2025-02-20T11:10:38.318+0100] {processor.py:208} INFO - Processing /Users/ajlakorman/Desktop/Data-Mining-Projects/Apache_Airflow/venv/lib/python3.10/site-packages/airflow/example_dags/example_branch_operator.py took 0.090 seconds
[2025-02-20T11:12:55.214+0100] {processor.py:186} INFO - Started process (PID=8671) to work on /Users/ajlakorman/Desktop/Data-Mining-Projects/Apache_Airflow/venv/lib/python3.10/site-packages/airflow/example_dags/example_branch_operator.py
[2025-02-20T11:12:55.215+0100] {processor.py:914} INFO - Processing file /Users/ajlakorman/Desktop/Data-Mining-Projects/Apache_Airflow/venv/lib/python3.10/site-packages/airflow/example_dags/example_branch_operator.py for tasks to queue
[2025-02-20T11:12:55.215+0100] {logging_mixin.py:190} INFO - [2025-02-20T11:12:55.215+0100] {dagbag.py:588} INFO - Filling up the DagBag from /Users/ajlakorman/Desktop/Data-Mining-Projects/Apache_Airflow/venv/lib/python3.10/site-packages/airflow/example_dags/example_branch_operator.py
[2025-02-20T11:12:55.224+0100] {processor.py:927} WARNING - No viable dags retrieved from /Users/ajlakorman/Desktop/Data-Mining-Projects/Apache_Airflow/venv/lib/python3.10/site-packages/airflow/example_dags/example_branch_operator.py
[2025-02-20T11:12:55.283+0100] {processor.py:208} INFO - Processing /Users/ajlakorman/Desktop/Data-Mining-Projects/Apache_Airflow/venv/lib/python3.10/site-packages/airflow/example_dags/example_branch_operator.py took 0.070 seconds
[2025-02-20T11:15:19.744+0100] {processor.py:186} INFO - Started process (PID=8927) to work on /Users/ajlakorman/Desktop/Data-Mining-Projects/Apache_Airflow/venv/lib/python3.10/site-packages/airflow/example_dags/example_branch_operator.py
[2025-02-20T11:15:19.745+0100] {processor.py:914} INFO - Processing file /Users/ajlakorman/Desktop/Data-Mining-Projects/Apache_Airflow/venv/lib/python3.10/site-packages/airflow/example_dags/example_branch_operator.py for tasks to queue
[2025-02-20T11:15:19.746+0100] {logging_mixin.py:190} INFO - [2025-02-20T11:15:19.746+0100] {dagbag.py:588} INFO - Filling up the DagBag from /Users/ajlakorman/Desktop/Data-Mining-Projects/Apache_Airflow/venv/lib/python3.10/site-packages/airflow/example_dags/example_branch_operator.py
[2025-02-20T11:15:19.755+0100] {processor.py:927} WARNING - No viable dags retrieved from /Users/ajlakorman/Desktop/Data-Mining-Projects/Apache_Airflow/venv/lib/python3.10/site-packages/airflow/example_dags/example_branch_operator.py
[2025-02-20T11:15:19.815+0100] {processor.py:208} INFO - Processing /Users/ajlakorman/Desktop/Data-Mining-Projects/Apache_Airflow/venv/lib/python3.10/site-packages/airflow/example_dags/example_branch_operator.py took 0.073 seconds
[2025-02-20T11:17:43.732+0100] {processor.py:186} INFO - Started process (PID=9277) to work on /Users/ajlakorman/Desktop/Data-Mining-Projects/Apache_Airflow/venv/lib/python3.10/site-packages/airflow/example_dags/example_branch_operator.py
[2025-02-20T11:17:43.733+0100] {processor.py:914} INFO - Processing file /Users/ajlakorman/Desktop/Data-Mining-Projects/Apache_Airflow/venv/lib/python3.10/site-packages/airflow/example_dags/example_branch_operator.py for tasks to queue
[2025-02-20T11:17:43.733+0100] {logging_mixin.py:190} INFO - [2025-02-20T11:17:43.733+0100] {dagbag.py:588} INFO - Filling up the DagBag from /Users/ajlakorman/Desktop/Data-Mining-Projects/Apache_Airflow/venv/lib/python3.10/site-packages/airflow/example_dags/example_branch_operator.py
[2025-02-20T11:17:43.742+0100] {processor.py:927} WARNING - No viable dags retrieved from /Users/ajlakorman/Desktop/Data-Mining-Projects/Apache_Airflow/venv/lib/python3.10/site-packages/airflow/example_dags/example_branch_operator.py
[2025-02-20T11:17:43.800+0100] {processor.py:208} INFO - Processing /Users/ajlakorman/Desktop/Data-Mining-Projects/Apache_Airflow/venv/lib/python3.10/site-packages/airflow/example_dags/example_branch_operator.py took 0.070 seconds
[2025-02-20T11:20:14.565+0100] {processor.py:186} INFO - Started process (PID=9660) to work on /Users/ajlakorman/Desktop/Data-Mining-Projects/Apache_Airflow/venv/lib/python3.10/site-packages/airflow/example_dags/example_branch_operator.py
[2025-02-20T11:20:14.566+0100] {processor.py:914} INFO - Processing file /Users/ajlakorman/Desktop/Data-Mining-Projects/Apache_Airflow/venv/lib/python3.10/site-packages/airflow/example_dags/example_branch_operator.py for tasks to queue
[2025-02-20T11:20:14.567+0100] {logging_mixin.py:190} INFO - [2025-02-20T11:20:14.567+0100] {dagbag.py:588} INFO - Filling up the DagBag from /Users/ajlakorman/Desktop/Data-Mining-Projects/Apache_Airflow/venv/lib/python3.10/site-packages/airflow/example_dags/example_branch_operator.py
[2025-02-20T11:20:14.576+0100] {processor.py:927} WARNING - No viable dags retrieved from /Users/ajlakorman/Desktop/Data-Mining-Projects/Apache_Airflow/venv/lib/python3.10/site-packages/airflow/example_dags/example_branch_operator.py
[2025-02-20T11:20:14.635+0100] {processor.py:208} INFO - Processing /Users/ajlakorman/Desktop/Data-Mining-Projects/Apache_Airflow/venv/lib/python3.10/site-packages/airflow/example_dags/example_branch_operator.py took 0.071 seconds
[2025-02-20T11:22:38.835+0100] {processor.py:186} INFO - Started process (PID=9887) to work on /Users/ajlakorman/Desktop/Data-Mining-Projects/Apache_Airflow/venv/lib/python3.10/site-packages/airflow/example_dags/example_branch_operator.py
[2025-02-20T11:22:38.836+0100] {processor.py:914} INFO - Processing file /Users/ajlakorman/Desktop/Data-Mining-Projects/Apache_Airflow/venv/lib/python3.10/site-packages/airflow/example_dags/example_branch_operator.py for tasks to queue
[2025-02-20T11:22:38.837+0100] {logging_mixin.py:190} INFO - [2025-02-20T11:22:38.837+0100] {dagbag.py:588} INFO - Filling up the DagBag from /Users/ajlakorman/Desktop/Data-Mining-Projects/Apache_Airflow/venv/lib/python3.10/site-packages/airflow/example_dags/example_branch_operator.py
[2025-02-20T11:22:38.847+0100] {processor.py:927} WARNING - No viable dags retrieved from /Users/ajlakorman/Desktop/Data-Mining-Projects/Apache_Airflow/venv/lib/python3.10/site-packages/airflow/example_dags/example_branch_operator.py
[2025-02-20T11:22:38.909+0100] {processor.py:208} INFO - Processing /Users/ajlakorman/Desktop/Data-Mining-Projects/Apache_Airflow/venv/lib/python3.10/site-packages/airflow/example_dags/example_branch_operator.py took 0.075 seconds
[2025-02-20T11:25:09.325+0100] {processor.py:186} INFO - Started process (PID=10148) to work on /Users/ajlakorman/Desktop/Data-Mining-Projects/Apache_Airflow/venv/lib/python3.10/site-packages/airflow/example_dags/example_branch_operator.py
[2025-02-20T11:25:09.326+0100] {processor.py:914} INFO - Processing file /Users/ajlakorman/Desktop/Data-Mining-Projects/Apache_Airflow/venv/lib/python3.10/site-packages/airflow/example_dags/example_branch_operator.py for tasks to queue
[2025-02-20T11:25:09.327+0100] {logging_mixin.py:190} INFO - [2025-02-20T11:25:09.327+0100] {dagbag.py:588} INFO - Filling up the DagBag from /Users/ajlakorman/Desktop/Data-Mining-Projects/Apache_Airflow/venv/lib/python3.10/site-packages/airflow/example_dags/example_branch_operator.py
[2025-02-20T11:25:09.335+0100] {processor.py:927} WARNING - No viable dags retrieved from /Users/ajlakorman/Desktop/Data-Mining-Projects/Apache_Airflow/venv/lib/python3.10/site-packages/airflow/example_dags/example_branch_operator.py
[2025-02-20T11:25:09.395+0100] {processor.py:208} INFO - Processing /Users/ajlakorman/Desktop/Data-Mining-Projects/Apache_Airflow/venv/lib/python3.10/site-packages/airflow/example_dags/example_branch_operator.py took 0.071 seconds
[2025-02-20T11:27:41.184+0100] {processor.py:186} INFO - Started process (PID=10484) to work on /Users/ajlakorman/Desktop/Data-Mining-Projects/Apache_Airflow/venv/lib/python3.10/site-packages/airflow/example_dags/example_branch_operator.py
[2025-02-20T11:27:41.184+0100] {processor.py:914} INFO - Processing file /Users/ajlakorman/Desktop/Data-Mining-Projects/Apache_Airflow/venv/lib/python3.10/site-packages/airflow/example_dags/example_branch_operator.py for tasks to queue
[2025-02-20T11:27:41.185+0100] {logging_mixin.py:190} INFO - [2025-02-20T11:27:41.185+0100] {dagbag.py:588} INFO - Filling up the DagBag from /Users/ajlakorman/Desktop/Data-Mining-Projects/Apache_Airflow/venv/lib/python3.10/site-packages/airflow/example_dags/example_branch_operator.py
[2025-02-20T11:27:41.193+0100] {processor.py:927} WARNING - No viable dags retrieved from /Users/ajlakorman/Desktop/Data-Mining-Projects/Apache_Airflow/venv/lib/python3.10/site-packages/airflow/example_dags/example_branch_operator.py
[2025-02-20T11:27:41.252+0100] {processor.py:208} INFO - Processing /Users/ajlakorman/Desktop/Data-Mining-Projects/Apache_Airflow/venv/lib/python3.10/site-packages/airflow/example_dags/example_branch_operator.py took 0.070 seconds
[2025-02-20T11:30:07.757+0100] {processor.py:186} INFO - Started process (PID=10822) to work on /Users/ajlakorman/Desktop/Data-Mining-Projects/Apache_Airflow/venv/lib/python3.10/site-packages/airflow/example_dags/example_branch_operator.py
[2025-02-20T11:30:07.757+0100] {processor.py:914} INFO - Processing file /Users/ajlakorman/Desktop/Data-Mining-Projects/Apache_Airflow/venv/lib/python3.10/site-packages/airflow/example_dags/example_branch_operator.py for tasks to queue
[2025-02-20T11:30:07.758+0100] {logging_mixin.py:190} INFO - [2025-02-20T11:30:07.758+0100] {dagbag.py:588} INFO - Filling up the DagBag from /Users/ajlakorman/Desktop/Data-Mining-Projects/Apache_Airflow/venv/lib/python3.10/site-packages/airflow/example_dags/example_branch_operator.py
[2025-02-20T11:30:07.767+0100] {processor.py:927} WARNING - No viable dags retrieved from /Users/ajlakorman/Desktop/Data-Mining-Projects/Apache_Airflow/venv/lib/python3.10/site-packages/airflow/example_dags/example_branch_operator.py
[2025-02-20T11:30:07.827+0100] {processor.py:208} INFO - Processing /Users/ajlakorman/Desktop/Data-Mining-Projects/Apache_Airflow/venv/lib/python3.10/site-packages/airflow/example_dags/example_branch_operator.py took 0.072 seconds
[2025-02-20T11:32:34.502+0100] {processor.py:186} INFO - Started process (PID=11065) to work on /Users/ajlakorman/Desktop/Data-Mining-Projects/Apache_Airflow/venv/lib/python3.10/site-packages/airflow/example_dags/example_branch_operator.py
[2025-02-20T11:32:34.502+0100] {processor.py:914} INFO - Processing file /Users/ajlakorman/Desktop/Data-Mining-Projects/Apache_Airflow/venv/lib/python3.10/site-packages/airflow/example_dags/example_branch_operator.py for tasks to queue
[2025-02-20T11:32:34.503+0100] {logging_mixin.py:190} INFO - [2025-02-20T11:32:34.503+0100] {dagbag.py:588} INFO - Filling up the DagBag from /Users/ajlakorman/Desktop/Data-Mining-Projects/Apache_Airflow/venv/lib/python3.10/site-packages/airflow/example_dags/example_branch_operator.py
[2025-02-20T11:32:34.511+0100] {processor.py:927} WARNING - No viable dags retrieved from /Users/ajlakorman/Desktop/Data-Mining-Projects/Apache_Airflow/venv/lib/python3.10/site-packages/airflow/example_dags/example_branch_operator.py
[2025-02-20T11:32:34.569+0100] {processor.py:208} INFO - Processing /Users/ajlakorman/Desktop/Data-Mining-Projects/Apache_Airflow/venv/lib/python3.10/site-packages/airflow/example_dags/example_branch_operator.py took 0.069 seconds
[2025-02-20T11:35:03.193+0100] {processor.py:186} INFO - Started process (PID=11306) to work on /Users/ajlakorman/Desktop/Data-Mining-Projects/Apache_Airflow/venv/lib/python3.10/site-packages/airflow/example_dags/example_branch_operator.py
[2025-02-20T11:35:03.194+0100] {processor.py:914} INFO - Processing file /Users/ajlakorman/Desktop/Data-Mining-Projects/Apache_Airflow/venv/lib/python3.10/site-packages/airflow/example_dags/example_branch_operator.py for tasks to queue
[2025-02-20T11:35:03.195+0100] {logging_mixin.py:190} INFO - [2025-02-20T11:35:03.195+0100] {dagbag.py:588} INFO - Filling up the DagBag from /Users/ajlakorman/Desktop/Data-Mining-Projects/Apache_Airflow/venv/lib/python3.10/site-packages/airflow/example_dags/example_branch_operator.py
[2025-02-20T11:35:03.203+0100] {processor.py:927} WARNING - No viable dags retrieved from /Users/ajlakorman/Desktop/Data-Mining-Projects/Apache_Airflow/venv/lib/python3.10/site-packages/airflow/example_dags/example_branch_operator.py
[2025-02-20T11:35:03.262+0100] {processor.py:208} INFO - Processing /Users/ajlakorman/Desktop/Data-Mining-Projects/Apache_Airflow/venv/lib/python3.10/site-packages/airflow/example_dags/example_branch_operator.py took 0.070 seconds
[2025-02-20T11:37:34.973+0100] {processor.py:186} INFO - Started process (PID=11588) to work on /Users/ajlakorman/Desktop/Data-Mining-Projects/Apache_Airflow/venv/lib/python3.10/site-packages/airflow/example_dags/example_branch_operator.py
[2025-02-20T11:37:34.974+0100] {processor.py:914} INFO - Processing file /Users/ajlakorman/Desktop/Data-Mining-Projects/Apache_Airflow/venv/lib/python3.10/site-packages/airflow/example_dags/example_branch_operator.py for tasks to queue
[2025-02-20T11:37:34.974+0100] {logging_mixin.py:190} INFO - [2025-02-20T11:37:34.974+0100] {dagbag.py:588} INFO - Filling up the DagBag from /Users/ajlakorman/Desktop/Data-Mining-Projects/Apache_Airflow/venv/lib/python3.10/site-packages/airflow/example_dags/example_branch_operator.py
[2025-02-20T11:37:34.983+0100] {processor.py:927} WARNING - No viable dags retrieved from /Users/ajlakorman/Desktop/Data-Mining-Projects/Apache_Airflow/venv/lib/python3.10/site-packages/airflow/example_dags/example_branch_operator.py
[2025-02-20T11:37:35.043+0100] {processor.py:208} INFO - Processing /Users/ajlakorman/Desktop/Data-Mining-Projects/Apache_Airflow/venv/lib/python3.10/site-packages/airflow/example_dags/example_branch_operator.py took 0.071 seconds
[2025-02-20T11:40:00.608+0100] {processor.py:186} INFO - Started process (PID=11799) to work on /Users/ajlakorman/Desktop/Data-Mining-Projects/Apache_Airflow/venv/lib/python3.10/site-packages/airflow/example_dags/example_branch_operator.py
[2025-02-20T11:40:00.608+0100] {processor.py:914} INFO - Processing file /Users/ajlakorman/Desktop/Data-Mining-Projects/Apache_Airflow/venv/lib/python3.10/site-packages/airflow/example_dags/example_branch_operator.py for tasks to queue
[2025-02-20T11:40:00.609+0100] {logging_mixin.py:190} INFO - [2025-02-20T11:40:00.609+0100] {dagbag.py:588} INFO - Filling up the DagBag from /Users/ajlakorman/Desktop/Data-Mining-Projects/Apache_Airflow/venv/lib/python3.10/site-packages/airflow/example_dags/example_branch_operator.py
[2025-02-20T11:40:00.618+0100] {processor.py:927} WARNING - No viable dags retrieved from /Users/ajlakorman/Desktop/Data-Mining-Projects/Apache_Airflow/venv/lib/python3.10/site-packages/airflow/example_dags/example_branch_operator.py
[2025-02-20T11:40:00.676+0100] {processor.py:208} INFO - Processing /Users/ajlakorman/Desktop/Data-Mining-Projects/Apache_Airflow/venv/lib/python3.10/site-packages/airflow/example_dags/example_branch_operator.py took 0.070 seconds
[2025-02-20T12:19:55.424+0100] {processor.py:186} INFO - Started process (PID=12078) to work on /Users/ajlakorman/Desktop/Data-Mining-Projects/Apache_Airflow/venv/lib/python3.10/site-packages/airflow/example_dags/example_branch_operator.py
[2025-02-20T12:19:55.425+0100] {processor.py:914} INFO - Processing file /Users/ajlakorman/Desktop/Data-Mining-Projects/Apache_Airflow/venv/lib/python3.10/site-packages/airflow/example_dags/example_branch_operator.py for tasks to queue
[2025-02-20T12:19:55.426+0100] {logging_mixin.py:190} INFO - [2025-02-20T12:19:55.426+0100] {dagbag.py:588} INFO - Filling up the DagBag from /Users/ajlakorman/Desktop/Data-Mining-Projects/Apache_Airflow/venv/lib/python3.10/site-packages/airflow/example_dags/example_branch_operator.py
[2025-02-20T12:19:55.434+0100] {processor.py:927} WARNING - No viable dags retrieved from /Users/ajlakorman/Desktop/Data-Mining-Projects/Apache_Airflow/venv/lib/python3.10/site-packages/airflow/example_dags/example_branch_operator.py
[2025-02-20T12:19:55.493+0100] {processor.py:208} INFO - Processing /Users/ajlakorman/Desktop/Data-Mining-Projects/Apache_Airflow/venv/lib/python3.10/site-packages/airflow/example_dags/example_branch_operator.py took 0.070 seconds
[2025-02-20T12:22:32.636+0100] {processor.py:186} INFO - Started process (PID=12318) to work on /Users/ajlakorman/Desktop/Data-Mining-Projects/Apache_Airflow/venv/lib/python3.10/site-packages/airflow/example_dags/example_branch_operator.py
[2025-02-20T12:22:32.636+0100] {processor.py:914} INFO - Processing file /Users/ajlakorman/Desktop/Data-Mining-Projects/Apache_Airflow/venv/lib/python3.10/site-packages/airflow/example_dags/example_branch_operator.py for tasks to queue
[2025-02-20T12:22:32.637+0100] {logging_mixin.py:190} INFO - [2025-02-20T12:22:32.637+0100] {dagbag.py:588} INFO - Filling up the DagBag from /Users/ajlakorman/Desktop/Data-Mining-Projects/Apache_Airflow/venv/lib/python3.10/site-packages/airflow/example_dags/example_branch_operator.py
[2025-02-20T12:22:32.646+0100] {processor.py:927} WARNING - No viable dags retrieved from /Users/ajlakorman/Desktop/Data-Mining-Projects/Apache_Airflow/venv/lib/python3.10/site-packages/airflow/example_dags/example_branch_operator.py
[2025-02-20T12:22:32.714+0100] {processor.py:208} INFO - Processing /Users/ajlakorman/Desktop/Data-Mining-Projects/Apache_Airflow/venv/lib/python3.10/site-packages/airflow/example_dags/example_branch_operator.py took 0.080 seconds
[2025-02-20T12:25:04.751+0100] {processor.py:186} INFO - Started process (PID=12593) to work on /Users/ajlakorman/Desktop/Data-Mining-Projects/Apache_Airflow/venv/lib/python3.10/site-packages/airflow/example_dags/example_branch_operator.py
[2025-02-20T12:25:04.751+0100] {processor.py:914} INFO - Processing file /Users/ajlakorman/Desktop/Data-Mining-Projects/Apache_Airflow/venv/lib/python3.10/site-packages/airflow/example_dags/example_branch_operator.py for tasks to queue
[2025-02-20T12:25:04.752+0100] {logging_mixin.py:190} INFO - [2025-02-20T12:25:04.752+0100] {dagbag.py:588} INFO - Filling up the DagBag from /Users/ajlakorman/Desktop/Data-Mining-Projects/Apache_Airflow/venv/lib/python3.10/site-packages/airflow/example_dags/example_branch_operator.py
[2025-02-20T12:25:04.761+0100] {processor.py:927} WARNING - No viable dags retrieved from /Users/ajlakorman/Desktop/Data-Mining-Projects/Apache_Airflow/venv/lib/python3.10/site-packages/airflow/example_dags/example_branch_operator.py
[2025-02-20T12:25:04.825+0100] {processor.py:208} INFO - Processing /Users/ajlakorman/Desktop/Data-Mining-Projects/Apache_Airflow/venv/lib/python3.10/site-packages/airflow/example_dags/example_branch_operator.py took 0.076 seconds
[2025-02-20T12:27:31.949+0100] {processor.py:186} INFO - Started process (PID=12927) to work on /Users/ajlakorman/Desktop/Data-Mining-Projects/Apache_Airflow/venv/lib/python3.10/site-packages/airflow/example_dags/example_branch_operator.py
[2025-02-20T12:27:31.949+0100] {processor.py:914} INFO - Processing file /Users/ajlakorman/Desktop/Data-Mining-Projects/Apache_Airflow/venv/lib/python3.10/site-packages/airflow/example_dags/example_branch_operator.py for tasks to queue
[2025-02-20T12:27:31.950+0100] {logging_mixin.py:190} INFO - [2025-02-20T12:27:31.950+0100] {dagbag.py:588} INFO - Filling up the DagBag from /Users/ajlakorman/Desktop/Data-Mining-Projects/Apache_Airflow/venv/lib/python3.10/site-packages/airflow/example_dags/example_branch_operator.py
[2025-02-20T12:27:31.962+0100] {processor.py:927} WARNING - No viable dags retrieved from /Users/ajlakorman/Desktop/Data-Mining-Projects/Apache_Airflow/venv/lib/python3.10/site-packages/airflow/example_dags/example_branch_operator.py
[2025-02-20T12:27:32.028+0100] {processor.py:208} INFO - Processing /Users/ajlakorman/Desktop/Data-Mining-Projects/Apache_Airflow/venv/lib/python3.10/site-packages/airflow/example_dags/example_branch_operator.py took 0.082 seconds
[2025-02-20T12:30:00.019+0100] {processor.py:186} INFO - Started process (PID=13204) to work on /Users/ajlakorman/Desktop/Data-Mining-Projects/Apache_Airflow/venv/lib/python3.10/site-packages/airflow/example_dags/example_branch_operator.py
[2025-02-20T12:30:00.019+0100] {processor.py:914} INFO - Processing file /Users/ajlakorman/Desktop/Data-Mining-Projects/Apache_Airflow/venv/lib/python3.10/site-packages/airflow/example_dags/example_branch_operator.py for tasks to queue
[2025-02-20T12:30:00.020+0100] {logging_mixin.py:190} INFO - [2025-02-20T12:30:00.020+0100] {dagbag.py:588} INFO - Filling up the DagBag from /Users/ajlakorman/Desktop/Data-Mining-Projects/Apache_Airflow/venv/lib/python3.10/site-packages/airflow/example_dags/example_branch_operator.py
[2025-02-20T12:30:00.028+0100] {processor.py:927} WARNING - No viable dags retrieved from /Users/ajlakorman/Desktop/Data-Mining-Projects/Apache_Airflow/venv/lib/python3.10/site-packages/airflow/example_dags/example_branch_operator.py
[2025-02-20T12:30:00.126+0100] {processor.py:208} INFO - Processing /Users/ajlakorman/Desktop/Data-Mining-Projects/Apache_Airflow/venv/lib/python3.10/site-packages/airflow/example_dags/example_branch_operator.py took 0.109 seconds
[2025-02-20T12:32:33.520+0100] {processor.py:186} INFO - Started process (PID=13557) to work on /Users/ajlakorman/Desktop/Data-Mining-Projects/Apache_Airflow/venv/lib/python3.10/site-packages/airflow/example_dags/example_branch_operator.py
[2025-02-20T12:32:33.521+0100] {processor.py:914} INFO - Processing file /Users/ajlakorman/Desktop/Data-Mining-Projects/Apache_Airflow/venv/lib/python3.10/site-packages/airflow/example_dags/example_branch_operator.py for tasks to queue
[2025-02-20T12:32:33.521+0100] {logging_mixin.py:190} INFO - [2025-02-20T12:32:33.521+0100] {dagbag.py:588} INFO - Filling up the DagBag from /Users/ajlakorman/Desktop/Data-Mining-Projects/Apache_Airflow/venv/lib/python3.10/site-packages/airflow/example_dags/example_branch_operator.py
[2025-02-20T12:32:33.529+0100] {processor.py:927} WARNING - No viable dags retrieved from /Users/ajlakorman/Desktop/Data-Mining-Projects/Apache_Airflow/venv/lib/python3.10/site-packages/airflow/example_dags/example_branch_operator.py
[2025-02-20T12:32:33.632+0100] {processor.py:208} INFO - Processing /Users/ajlakorman/Desktop/Data-Mining-Projects/Apache_Airflow/venv/lib/python3.10/site-packages/airflow/example_dags/example_branch_operator.py took 0.113 seconds
[2025-02-20T12:35:03.946+0100] {processor.py:186} INFO - Started process (PID=13854) to work on /Users/ajlakorman/Desktop/Data-Mining-Projects/Apache_Airflow/venv/lib/python3.10/site-packages/airflow/example_dags/example_branch_operator.py
[2025-02-20T12:35:03.948+0100] {processor.py:914} INFO - Processing file /Users/ajlakorman/Desktop/Data-Mining-Projects/Apache_Airflow/venv/lib/python3.10/site-packages/airflow/example_dags/example_branch_operator.py for tasks to queue
[2025-02-20T12:35:03.949+0100] {logging_mixin.py:190} INFO - [2025-02-20T12:35:03.949+0100] {dagbag.py:588} INFO - Filling up the DagBag from /Users/ajlakorman/Desktop/Data-Mining-Projects/Apache_Airflow/venv/lib/python3.10/site-packages/airflow/example_dags/example_branch_operator.py
[2025-02-20T12:35:03.962+0100] {processor.py:927} WARNING - No viable dags retrieved from /Users/ajlakorman/Desktop/Data-Mining-Projects/Apache_Airflow/venv/lib/python3.10/site-packages/airflow/example_dags/example_branch_operator.py
[2025-02-20T12:35:04.023+0100] {processor.py:208} INFO - Processing /Users/ajlakorman/Desktop/Data-Mining-Projects/Apache_Airflow/venv/lib/python3.10/site-packages/airflow/example_dags/example_branch_operator.py took 0.079 seconds
[2025-02-20T12:37:39.555+0100] {processor.py:186} INFO - Started process (PID=14274) to work on /Users/ajlakorman/Desktop/Data-Mining-Projects/Apache_Airflow/venv/lib/python3.10/site-packages/airflow/example_dags/example_branch_operator.py
[2025-02-20T12:37:39.556+0100] {processor.py:914} INFO - Processing file /Users/ajlakorman/Desktop/Data-Mining-Projects/Apache_Airflow/venv/lib/python3.10/site-packages/airflow/example_dags/example_branch_operator.py for tasks to queue
[2025-02-20T12:37:39.556+0100] {logging_mixin.py:190} INFO - [2025-02-20T12:37:39.556+0100] {dagbag.py:588} INFO - Filling up the DagBag from /Users/ajlakorman/Desktop/Data-Mining-Projects/Apache_Airflow/venv/lib/python3.10/site-packages/airflow/example_dags/example_branch_operator.py
[2025-02-20T12:37:39.565+0100] {processor.py:927} WARNING - No viable dags retrieved from /Users/ajlakorman/Desktop/Data-Mining-Projects/Apache_Airflow/venv/lib/python3.10/site-packages/airflow/example_dags/example_branch_operator.py
[2025-02-20T12:37:39.623+0100] {processor.py:208} INFO - Processing /Users/ajlakorman/Desktop/Data-Mining-Projects/Apache_Airflow/venv/lib/python3.10/site-packages/airflow/example_dags/example_branch_operator.py took 0.070 seconds
[2025-02-20T12:55:22.723+0100] {processor.py:186} INFO - Started process (PID=14631) to work on /Users/ajlakorman/Desktop/Data-Mining-Projects/Apache_Airflow/venv/lib/python3.10/site-packages/airflow/example_dags/example_branch_operator.py
[2025-02-20T12:55:22.724+0100] {processor.py:914} INFO - Processing file /Users/ajlakorman/Desktop/Data-Mining-Projects/Apache_Airflow/venv/lib/python3.10/site-packages/airflow/example_dags/example_branch_operator.py for tasks to queue
[2025-02-20T12:55:22.724+0100] {logging_mixin.py:190} INFO - [2025-02-20T12:55:22.724+0100] {dagbag.py:588} INFO - Filling up the DagBag from /Users/ajlakorman/Desktop/Data-Mining-Projects/Apache_Airflow/venv/lib/python3.10/site-packages/airflow/example_dags/example_branch_operator.py
[2025-02-20T12:55:22.734+0100] {processor.py:927} WARNING - No viable dags retrieved from /Users/ajlakorman/Desktop/Data-Mining-Projects/Apache_Airflow/venv/lib/python3.10/site-packages/airflow/example_dags/example_branch_operator.py
[2025-02-20T12:55:22.796+0100] {processor.py:208} INFO - Processing /Users/ajlakorman/Desktop/Data-Mining-Projects/Apache_Airflow/venv/lib/python3.10/site-packages/airflow/example_dags/example_branch_operator.py took 0.076 seconds
[2025-02-20T12:58:36.465+0100] {processor.py:186} INFO - Started process (PID=14997) to work on /Users/ajlakorman/Desktop/Data-Mining-Projects/Apache_Airflow/venv/lib/python3.10/site-packages/airflow/example_dags/example_branch_operator.py
[2025-02-20T12:58:36.466+0100] {processor.py:914} INFO - Processing file /Users/ajlakorman/Desktop/Data-Mining-Projects/Apache_Airflow/venv/lib/python3.10/site-packages/airflow/example_dags/example_branch_operator.py for tasks to queue
[2025-02-20T12:58:36.467+0100] {logging_mixin.py:190} INFO - [2025-02-20T12:58:36.467+0100] {dagbag.py:588} INFO - Filling up the DagBag from /Users/ajlakorman/Desktop/Data-Mining-Projects/Apache_Airflow/venv/lib/python3.10/site-packages/airflow/example_dags/example_branch_operator.py
[2025-02-20T12:58:36.478+0100] {processor.py:927} WARNING - No viable dags retrieved from /Users/ajlakorman/Desktop/Data-Mining-Projects/Apache_Airflow/venv/lib/python3.10/site-packages/airflow/example_dags/example_branch_operator.py
[2025-02-20T12:58:36.537+0100] {processor.py:208} INFO - Processing /Users/ajlakorman/Desktop/Data-Mining-Projects/Apache_Airflow/venv/lib/python3.10/site-packages/airflow/example_dags/example_branch_operator.py took 0.073 seconds
[2025-02-20T13:01:22.957+0100] {processor.py:186} INFO - Started process (PID=15233) to work on /Users/ajlakorman/Desktop/Data-Mining-Projects/Apache_Airflow/venv/lib/python3.10/site-packages/airflow/example_dags/example_branch_operator.py
[2025-02-20T13:01:22.958+0100] {processor.py:914} INFO - Processing file /Users/ajlakorman/Desktop/Data-Mining-Projects/Apache_Airflow/venv/lib/python3.10/site-packages/airflow/example_dags/example_branch_operator.py for tasks to queue
[2025-02-20T13:01:22.958+0100] {logging_mixin.py:190} INFO - [2025-02-20T13:01:22.958+0100] {dagbag.py:588} INFO - Filling up the DagBag from /Users/ajlakorman/Desktop/Data-Mining-Projects/Apache_Airflow/venv/lib/python3.10/site-packages/airflow/example_dags/example_branch_operator.py
[2025-02-20T13:01:22.967+0100] {processor.py:927} WARNING - No viable dags retrieved from /Users/ajlakorman/Desktop/Data-Mining-Projects/Apache_Airflow/venv/lib/python3.10/site-packages/airflow/example_dags/example_branch_operator.py
[2025-02-20T13:01:23.027+0100] {processor.py:208} INFO - Processing /Users/ajlakorman/Desktop/Data-Mining-Projects/Apache_Airflow/venv/lib/python3.10/site-packages/airflow/example_dags/example_branch_operator.py took 0.071 seconds
[2025-02-20T13:06:43.646+0100] {processor.py:186} INFO - Started process (PID=15462) to work on /Users/ajlakorman/Desktop/Data-Mining-Projects/Apache_Airflow/venv/lib/python3.10/site-packages/airflow/example_dags/example_branch_operator.py
[2025-02-20T13:06:43.647+0100] {processor.py:914} INFO - Processing file /Users/ajlakorman/Desktop/Data-Mining-Projects/Apache_Airflow/venv/lib/python3.10/site-packages/airflow/example_dags/example_branch_operator.py for tasks to queue
[2025-02-20T13:06:43.647+0100] {logging_mixin.py:190} INFO - [2025-02-20T13:06:43.647+0100] {dagbag.py:588} INFO - Filling up the DagBag from /Users/ajlakorman/Desktop/Data-Mining-Projects/Apache_Airflow/venv/lib/python3.10/site-packages/airflow/example_dags/example_branch_operator.py
[2025-02-20T13:06:43.655+0100] {processor.py:927} WARNING - No viable dags retrieved from /Users/ajlakorman/Desktop/Data-Mining-Projects/Apache_Airflow/venv/lib/python3.10/site-packages/airflow/example_dags/example_branch_operator.py
[2025-02-20T13:06:43.720+0100] {processor.py:208} INFO - Processing /Users/ajlakorman/Desktop/Data-Mining-Projects/Apache_Airflow/venv/lib/python3.10/site-packages/airflow/example_dags/example_branch_operator.py took 0.076 seconds
[2025-02-20T13:09:35.292+0100] {processor.py:186} INFO - Started process (PID=15870) to work on /Users/ajlakorman/Desktop/Data-Mining-Projects/Apache_Airflow/venv/lib/python3.10/site-packages/airflow/example_dags/example_branch_operator.py
[2025-02-20T13:09:35.293+0100] {processor.py:914} INFO - Processing file /Users/ajlakorman/Desktop/Data-Mining-Projects/Apache_Airflow/venv/lib/python3.10/site-packages/airflow/example_dags/example_branch_operator.py for tasks to queue
[2025-02-20T13:09:35.294+0100] {logging_mixin.py:190} INFO - [2025-02-20T13:09:35.294+0100] {dagbag.py:588} INFO - Filling up the DagBag from /Users/ajlakorman/Desktop/Data-Mining-Projects/Apache_Airflow/venv/lib/python3.10/site-packages/airflow/example_dags/example_branch_operator.py
[2025-02-20T13:09:35.303+0100] {processor.py:927} WARNING - No viable dags retrieved from /Users/ajlakorman/Desktop/Data-Mining-Projects/Apache_Airflow/venv/lib/python3.10/site-packages/airflow/example_dags/example_branch_operator.py
[2025-02-20T13:09:35.372+0100] {processor.py:208} INFO - Processing /Users/ajlakorman/Desktop/Data-Mining-Projects/Apache_Airflow/venv/lib/python3.10/site-packages/airflow/example_dags/example_branch_operator.py took 0.082 seconds
[2025-02-20T13:12:23.983+0100] {processor.py:186} INFO - Started process (PID=16139) to work on /Users/ajlakorman/Desktop/Data-Mining-Projects/Apache_Airflow/venv/lib/python3.10/site-packages/airflow/example_dags/example_branch_operator.py
[2025-02-20T13:12:23.984+0100] {processor.py:914} INFO - Processing file /Users/ajlakorman/Desktop/Data-Mining-Projects/Apache_Airflow/venv/lib/python3.10/site-packages/airflow/example_dags/example_branch_operator.py for tasks to queue
[2025-02-20T13:12:23.984+0100] {logging_mixin.py:190} INFO - [2025-02-20T13:12:23.984+0100] {dagbag.py:588} INFO - Filling up the DagBag from /Users/ajlakorman/Desktop/Data-Mining-Projects/Apache_Airflow/venv/lib/python3.10/site-packages/airflow/example_dags/example_branch_operator.py
[2025-02-20T13:12:23.999+0100] {processor.py:927} WARNING - No viable dags retrieved from /Users/ajlakorman/Desktop/Data-Mining-Projects/Apache_Airflow/venv/lib/python3.10/site-packages/airflow/example_dags/example_branch_operator.py
[2025-02-20T13:12:24.071+0100] {processor.py:208} INFO - Processing /Users/ajlakorman/Desktop/Data-Mining-Projects/Apache_Airflow/venv/lib/python3.10/site-packages/airflow/example_dags/example_branch_operator.py took 0.091 seconds
[2025-02-20T13:15:28.761+0100] {processor.py:186} INFO - Started process (PID=16431) to work on /Users/ajlakorman/Desktop/Data-Mining-Projects/Apache_Airflow/venv/lib/python3.10/site-packages/airflow/example_dags/example_branch_operator.py
[2025-02-20T13:15:28.762+0100] {processor.py:914} INFO - Processing file /Users/ajlakorman/Desktop/Data-Mining-Projects/Apache_Airflow/venv/lib/python3.10/site-packages/airflow/example_dags/example_branch_operator.py for tasks to queue
[2025-02-20T13:15:28.762+0100] {logging_mixin.py:190} INFO - [2025-02-20T13:15:28.762+0100] {dagbag.py:588} INFO - Filling up the DagBag from /Users/ajlakorman/Desktop/Data-Mining-Projects/Apache_Airflow/venv/lib/python3.10/site-packages/airflow/example_dags/example_branch_operator.py
[2025-02-20T13:15:28.771+0100] {processor.py:927} WARNING - No viable dags retrieved from /Users/ajlakorman/Desktop/Data-Mining-Projects/Apache_Airflow/venv/lib/python3.10/site-packages/airflow/example_dags/example_branch_operator.py
[2025-02-20T13:15:28.831+0100] {processor.py:208} INFO - Processing /Users/ajlakorman/Desktop/Data-Mining-Projects/Apache_Airflow/venv/lib/python3.10/site-packages/airflow/example_dags/example_branch_operator.py took 0.072 seconds
[2025-02-20T13:18:34.639+0100] {processor.py:186} INFO - Started process (PID=16840) to work on /Users/ajlakorman/Desktop/Data-Mining-Projects/Apache_Airflow/venv/lib/python3.10/site-packages/airflow/example_dags/example_branch_operator.py
[2025-02-20T13:18:34.640+0100] {processor.py:914} INFO - Processing file /Users/ajlakorman/Desktop/Data-Mining-Projects/Apache_Airflow/venv/lib/python3.10/site-packages/airflow/example_dags/example_branch_operator.py for tasks to queue
[2025-02-20T13:18:34.641+0100] {logging_mixin.py:190} INFO - [2025-02-20T13:18:34.640+0100] {dagbag.py:588} INFO - Filling up the DagBag from /Users/ajlakorman/Desktop/Data-Mining-Projects/Apache_Airflow/venv/lib/python3.10/site-packages/airflow/example_dags/example_branch_operator.py
[2025-02-20T13:18:34.649+0100] {processor.py:927} WARNING - No viable dags retrieved from /Users/ajlakorman/Desktop/Data-Mining-Projects/Apache_Airflow/venv/lib/python3.10/site-packages/airflow/example_dags/example_branch_operator.py
[2025-02-20T13:18:34.714+0100] {processor.py:208} INFO - Processing /Users/ajlakorman/Desktop/Data-Mining-Projects/Apache_Airflow/venv/lib/python3.10/site-packages/airflow/example_dags/example_branch_operator.py took 0.076 seconds
[2025-02-20T13:21:35.630+0100] {processor.py:186} INFO - Started process (PID=17130) to work on /Users/ajlakorman/Desktop/Data-Mining-Projects/Apache_Airflow/venv/lib/python3.10/site-packages/airflow/example_dags/example_branch_operator.py
[2025-02-20T13:21:35.631+0100] {processor.py:914} INFO - Processing file /Users/ajlakorman/Desktop/Data-Mining-Projects/Apache_Airflow/venv/lib/python3.10/site-packages/airflow/example_dags/example_branch_operator.py for tasks to queue
[2025-02-20T13:21:35.632+0100] {logging_mixin.py:190} INFO - [2025-02-20T13:21:35.632+0100] {dagbag.py:588} INFO - Filling up the DagBag from /Users/ajlakorman/Desktop/Data-Mining-Projects/Apache_Airflow/venv/lib/python3.10/site-packages/airflow/example_dags/example_branch_operator.py
[2025-02-20T13:21:35.640+0100] {processor.py:927} WARNING - No viable dags retrieved from /Users/ajlakorman/Desktop/Data-Mining-Projects/Apache_Airflow/venv/lib/python3.10/site-packages/airflow/example_dags/example_branch_operator.py
[2025-02-20T13:21:35.699+0100] {processor.py:208} INFO - Processing /Users/ajlakorman/Desktop/Data-Mining-Projects/Apache_Airflow/venv/lib/python3.10/site-packages/airflow/example_dags/example_branch_operator.py took 0.070 seconds
[2025-02-20T13:24:15.006+0100] {processor.py:186} INFO - Started process (PID=17438) to work on /Users/ajlakorman/Desktop/Data-Mining-Projects/Apache_Airflow/venv/lib/python3.10/site-packages/airflow/example_dags/example_branch_operator.py
[2025-02-20T13:24:15.007+0100] {processor.py:914} INFO - Processing file /Users/ajlakorman/Desktop/Data-Mining-Projects/Apache_Airflow/venv/lib/python3.10/site-packages/airflow/example_dags/example_branch_operator.py for tasks to queue
[2025-02-20T13:24:15.008+0100] {logging_mixin.py:190} INFO - [2025-02-20T13:24:15.008+0100] {dagbag.py:588} INFO - Filling up the DagBag from /Users/ajlakorman/Desktop/Data-Mining-Projects/Apache_Airflow/venv/lib/python3.10/site-packages/airflow/example_dags/example_branch_operator.py
[2025-02-20T13:24:15.017+0100] {processor.py:927} WARNING - No viable dags retrieved from /Users/ajlakorman/Desktop/Data-Mining-Projects/Apache_Airflow/venv/lib/python3.10/site-packages/airflow/example_dags/example_branch_operator.py
[2025-02-20T13:24:15.078+0100] {processor.py:208} INFO - Processing /Users/ajlakorman/Desktop/Data-Mining-Projects/Apache_Airflow/venv/lib/python3.10/site-packages/airflow/example_dags/example_branch_operator.py took 0.074 seconds
[2025-02-20T13:26:52.338+0100] {processor.py:186} INFO - Started process (PID=17640) to work on /Users/ajlakorman/Desktop/Data-Mining-Projects/Apache_Airflow/venv/lib/python3.10/site-packages/airflow/example_dags/example_branch_operator.py
[2025-02-20T13:26:52.340+0100] {processor.py:914} INFO - Processing file /Users/ajlakorman/Desktop/Data-Mining-Projects/Apache_Airflow/venv/lib/python3.10/site-packages/airflow/example_dags/example_branch_operator.py for tasks to queue
[2025-02-20T13:26:52.341+0100] {logging_mixin.py:190} INFO - [2025-02-20T13:26:52.341+0100] {dagbag.py:588} INFO - Filling up the DagBag from /Users/ajlakorman/Desktop/Data-Mining-Projects/Apache_Airflow/venv/lib/python3.10/site-packages/airflow/example_dags/example_branch_operator.py
[2025-02-20T13:26:52.349+0100] {processor.py:927} WARNING - No viable dags retrieved from /Users/ajlakorman/Desktop/Data-Mining-Projects/Apache_Airflow/venv/lib/python3.10/site-packages/airflow/example_dags/example_branch_operator.py
[2025-02-20T13:26:52.409+0100] {processor.py:208} INFO - Processing /Users/ajlakorman/Desktop/Data-Mining-Projects/Apache_Airflow/venv/lib/python3.10/site-packages/airflow/example_dags/example_branch_operator.py took 0.073 seconds
[2025-02-20T13:29:30.380+0100] {processor.py:186} INFO - Started process (PID=18003) to work on /Users/ajlakorman/Desktop/Data-Mining-Projects/Apache_Airflow/venv/lib/python3.10/site-packages/airflow/example_dags/example_branch_operator.py
[2025-02-20T13:29:30.381+0100] {processor.py:914} INFO - Processing file /Users/ajlakorman/Desktop/Data-Mining-Projects/Apache_Airflow/venv/lib/python3.10/site-packages/airflow/example_dags/example_branch_operator.py for tasks to queue
[2025-02-20T13:29:30.382+0100] {logging_mixin.py:190} INFO - [2025-02-20T13:29:30.382+0100] {dagbag.py:588} INFO - Filling up the DagBag from /Users/ajlakorman/Desktop/Data-Mining-Projects/Apache_Airflow/venv/lib/python3.10/site-packages/airflow/example_dags/example_branch_operator.py
[2025-02-20T13:29:30.391+0100] {processor.py:927} WARNING - No viable dags retrieved from /Users/ajlakorman/Desktop/Data-Mining-Projects/Apache_Airflow/venv/lib/python3.10/site-packages/airflow/example_dags/example_branch_operator.py
[2025-02-20T13:29:30.451+0100] {processor.py:208} INFO - Processing /Users/ajlakorman/Desktop/Data-Mining-Projects/Apache_Airflow/venv/lib/python3.10/site-packages/airflow/example_dags/example_branch_operator.py took 0.073 seconds
[2025-02-20T13:32:07.832+0100] {processor.py:186} INFO - Started process (PID=18210) to work on /Users/ajlakorman/Desktop/Data-Mining-Projects/Apache_Airflow/venv/lib/python3.10/site-packages/airflow/example_dags/example_branch_operator.py
[2025-02-20T13:32:07.834+0100] {processor.py:914} INFO - Processing file /Users/ajlakorman/Desktop/Data-Mining-Projects/Apache_Airflow/venv/lib/python3.10/site-packages/airflow/example_dags/example_branch_operator.py for tasks to queue
[2025-02-20T13:32:07.835+0100] {logging_mixin.py:190} INFO - [2025-02-20T13:32:07.835+0100] {dagbag.py:588} INFO - Filling up the DagBag from /Users/ajlakorman/Desktop/Data-Mining-Projects/Apache_Airflow/venv/lib/python3.10/site-packages/airflow/example_dags/example_branch_operator.py
[2025-02-20T13:32:07.844+0100] {processor.py:927} WARNING - No viable dags retrieved from /Users/ajlakorman/Desktop/Data-Mining-Projects/Apache_Airflow/venv/lib/python3.10/site-packages/airflow/example_dags/example_branch_operator.py
[2025-02-20T13:32:07.904+0100] {processor.py:208} INFO - Processing /Users/ajlakorman/Desktop/Data-Mining-Projects/Apache_Airflow/venv/lib/python3.10/site-packages/airflow/example_dags/example_branch_operator.py took 0.074 seconds
[2025-02-20T13:34:48.499+0100] {processor.py:186} INFO - Started process (PID=18405) to work on /Users/ajlakorman/Desktop/Data-Mining-Projects/Apache_Airflow/venv/lib/python3.10/site-packages/airflow/example_dags/example_branch_operator.py
[2025-02-20T13:34:48.501+0100] {processor.py:914} INFO - Processing file /Users/ajlakorman/Desktop/Data-Mining-Projects/Apache_Airflow/venv/lib/python3.10/site-packages/airflow/example_dags/example_branch_operator.py for tasks to queue
[2025-02-20T13:34:48.501+0100] {logging_mixin.py:190} INFO - [2025-02-20T13:34:48.501+0100] {dagbag.py:588} INFO - Filling up the DagBag from /Users/ajlakorman/Desktop/Data-Mining-Projects/Apache_Airflow/venv/lib/python3.10/site-packages/airflow/example_dags/example_branch_operator.py
[2025-02-20T13:34:48.510+0100] {processor.py:927} WARNING - No viable dags retrieved from /Users/ajlakorman/Desktop/Data-Mining-Projects/Apache_Airflow/venv/lib/python3.10/site-packages/airflow/example_dags/example_branch_operator.py
[2025-02-20T13:34:48.570+0100] {processor.py:208} INFO - Processing /Users/ajlakorman/Desktop/Data-Mining-Projects/Apache_Airflow/venv/lib/python3.10/site-packages/airflow/example_dags/example_branch_operator.py took 0.072 seconds
[2025-02-20T13:37:33.445+0100] {processor.py:186} INFO - Started process (PID=18840) to work on /Users/ajlakorman/Desktop/Data-Mining-Projects/Apache_Airflow/venv/lib/python3.10/site-packages/airflow/example_dags/example_branch_operator.py
[2025-02-20T13:37:33.446+0100] {processor.py:914} INFO - Processing file /Users/ajlakorman/Desktop/Data-Mining-Projects/Apache_Airflow/venv/lib/python3.10/site-packages/airflow/example_dags/example_branch_operator.py for tasks to queue
[2025-02-20T13:37:33.447+0100] {logging_mixin.py:190} INFO - [2025-02-20T13:37:33.447+0100] {dagbag.py:588} INFO - Filling up the DagBag from /Users/ajlakorman/Desktop/Data-Mining-Projects/Apache_Airflow/venv/lib/python3.10/site-packages/airflow/example_dags/example_branch_operator.py
[2025-02-20T13:37:33.455+0100] {processor.py:927} WARNING - No viable dags retrieved from /Users/ajlakorman/Desktop/Data-Mining-Projects/Apache_Airflow/venv/lib/python3.10/site-packages/airflow/example_dags/example_branch_operator.py
[2025-02-20T13:37:33.515+0100] {processor.py:208} INFO - Processing /Users/ajlakorman/Desktop/Data-Mining-Projects/Apache_Airflow/venv/lib/python3.10/site-packages/airflow/example_dags/example_branch_operator.py took 0.071 seconds
[2025-02-20T13:40:14.028+0100] {processor.py:186} INFO - Started process (PID=19312) to work on /Users/ajlakorman/Desktop/Data-Mining-Projects/Apache_Airflow/venv/lib/python3.10/site-packages/airflow/example_dags/example_branch_operator.py
[2025-02-20T13:40:14.029+0100] {processor.py:914} INFO - Processing file /Users/ajlakorman/Desktop/Data-Mining-Projects/Apache_Airflow/venv/lib/python3.10/site-packages/airflow/example_dags/example_branch_operator.py for tasks to queue
[2025-02-20T13:40:14.029+0100] {logging_mixin.py:190} INFO - [2025-02-20T13:40:14.029+0100] {dagbag.py:588} INFO - Filling up the DagBag from /Users/ajlakorman/Desktop/Data-Mining-Projects/Apache_Airflow/venv/lib/python3.10/site-packages/airflow/example_dags/example_branch_operator.py
[2025-02-20T13:40:14.038+0100] {processor.py:927} WARNING - No viable dags retrieved from /Users/ajlakorman/Desktop/Data-Mining-Projects/Apache_Airflow/venv/lib/python3.10/site-packages/airflow/example_dags/example_branch_operator.py
[2025-02-20T13:40:14.099+0100] {processor.py:208} INFO - Processing /Users/ajlakorman/Desktop/Data-Mining-Projects/Apache_Airflow/venv/lib/python3.10/site-packages/airflow/example_dags/example_branch_operator.py took 0.073 seconds
[2025-02-20T13:43:04.962+0100] {processor.py:186} INFO - Started process (PID=19631) to work on /Users/ajlakorman/Desktop/Data-Mining-Projects/Apache_Airflow/venv/lib/python3.10/site-packages/airflow/example_dags/example_branch_operator.py
[2025-02-20T13:43:04.963+0100] {processor.py:914} INFO - Processing file /Users/ajlakorman/Desktop/Data-Mining-Projects/Apache_Airflow/venv/lib/python3.10/site-packages/airflow/example_dags/example_branch_operator.py for tasks to queue
[2025-02-20T13:43:04.963+0100] {logging_mixin.py:190} INFO - [2025-02-20T13:43:04.963+0100] {dagbag.py:588} INFO - Filling up the DagBag from /Users/ajlakorman/Desktop/Data-Mining-Projects/Apache_Airflow/venv/lib/python3.10/site-packages/airflow/example_dags/example_branch_operator.py
[2025-02-20T13:43:04.972+0100] {processor.py:927} WARNING - No viable dags retrieved from /Users/ajlakorman/Desktop/Data-Mining-Projects/Apache_Airflow/venv/lib/python3.10/site-packages/airflow/example_dags/example_branch_operator.py
[2025-02-20T13:43:05.031+0100] {processor.py:208} INFO - Processing /Users/ajlakorman/Desktop/Data-Mining-Projects/Apache_Airflow/venv/lib/python3.10/site-packages/airflow/example_dags/example_branch_operator.py took 0.070 seconds
[2025-02-20T13:46:02.352+0100] {processor.py:186} INFO - Started process (PID=20168) to work on /Users/ajlakorman/Desktop/Data-Mining-Projects/Apache_Airflow/venv/lib/python3.10/site-packages/airflow/example_dags/example_branch_operator.py
[2025-02-20T13:46:02.353+0100] {processor.py:914} INFO - Processing file /Users/ajlakorman/Desktop/Data-Mining-Projects/Apache_Airflow/venv/lib/python3.10/site-packages/airflow/example_dags/example_branch_operator.py for tasks to queue
[2025-02-20T13:46:02.353+0100] {logging_mixin.py:190} INFO - [2025-02-20T13:46:02.353+0100] {dagbag.py:588} INFO - Filling up the DagBag from /Users/ajlakorman/Desktop/Data-Mining-Projects/Apache_Airflow/venv/lib/python3.10/site-packages/airflow/example_dags/example_branch_operator.py
[2025-02-20T13:46:02.362+0100] {processor.py:927} WARNING - No viable dags retrieved from /Users/ajlakorman/Desktop/Data-Mining-Projects/Apache_Airflow/venv/lib/python3.10/site-packages/airflow/example_dags/example_branch_operator.py
[2025-02-20T13:46:02.423+0100] {processor.py:208} INFO - Processing /Users/ajlakorman/Desktop/Data-Mining-Projects/Apache_Airflow/venv/lib/python3.10/site-packages/airflow/example_dags/example_branch_operator.py took 0.073 seconds
[2025-02-20T13:49:02.731+0100] {processor.py:186} INFO - Started process (PID=20704) to work on /Users/ajlakorman/Desktop/Data-Mining-Projects/Apache_Airflow/venv/lib/python3.10/site-packages/airflow/example_dags/example_branch_operator.py
[2025-02-20T13:49:02.732+0100] {processor.py:914} INFO - Processing file /Users/ajlakorman/Desktop/Data-Mining-Projects/Apache_Airflow/venv/lib/python3.10/site-packages/airflow/example_dags/example_branch_operator.py for tasks to queue
[2025-02-20T13:49:02.732+0100] {logging_mixin.py:190} INFO - [2025-02-20T13:49:02.732+0100] {dagbag.py:588} INFO - Filling up the DagBag from /Users/ajlakorman/Desktop/Data-Mining-Projects/Apache_Airflow/venv/lib/python3.10/site-packages/airflow/example_dags/example_branch_operator.py
[2025-02-20T13:49:02.741+0100] {processor.py:927} WARNING - No viable dags retrieved from /Users/ajlakorman/Desktop/Data-Mining-Projects/Apache_Airflow/venv/lib/python3.10/site-packages/airflow/example_dags/example_branch_operator.py
[2025-02-20T13:49:02.802+0100] {processor.py:208} INFO - Processing /Users/ajlakorman/Desktop/Data-Mining-Projects/Apache_Airflow/venv/lib/python3.10/site-packages/airflow/example_dags/example_branch_operator.py took 0.073 seconds
[2025-02-20T13:51:59.245+0100] {processor.py:186} INFO - Started process (PID=20978) to work on /Users/ajlakorman/Desktop/Data-Mining-Projects/Apache_Airflow/venv/lib/python3.10/site-packages/airflow/example_dags/example_branch_operator.py
[2025-02-20T13:51:59.247+0100] {processor.py:914} INFO - Processing file /Users/ajlakorman/Desktop/Data-Mining-Projects/Apache_Airflow/venv/lib/python3.10/site-packages/airflow/example_dags/example_branch_operator.py for tasks to queue
[2025-02-20T13:51:59.247+0100] {logging_mixin.py:190} INFO - [2025-02-20T13:51:59.247+0100] {dagbag.py:588} INFO - Filling up the DagBag from /Users/ajlakorman/Desktop/Data-Mining-Projects/Apache_Airflow/venv/lib/python3.10/site-packages/airflow/example_dags/example_branch_operator.py
[2025-02-20T13:51:59.256+0100] {processor.py:927} WARNING - No viable dags retrieved from /Users/ajlakorman/Desktop/Data-Mining-Projects/Apache_Airflow/venv/lib/python3.10/site-packages/airflow/example_dags/example_branch_operator.py
[2025-02-20T13:51:59.334+0100] {processor.py:208} INFO - Processing /Users/ajlakorman/Desktop/Data-Mining-Projects/Apache_Airflow/venv/lib/python3.10/site-packages/airflow/example_dags/example_branch_operator.py took 0.091 seconds
[2025-02-20T13:54:49.403+0100] {processor.py:186} INFO - Started process (PID=21232) to work on /Users/ajlakorman/Desktop/Data-Mining-Projects/Apache_Airflow/venv/lib/python3.10/site-packages/airflow/example_dags/example_branch_operator.py
[2025-02-20T13:54:49.404+0100] {processor.py:914} INFO - Processing file /Users/ajlakorman/Desktop/Data-Mining-Projects/Apache_Airflow/venv/lib/python3.10/site-packages/airflow/example_dags/example_branch_operator.py for tasks to queue
[2025-02-20T13:54:49.404+0100] {logging_mixin.py:190} INFO - [2025-02-20T13:54:49.404+0100] {dagbag.py:588} INFO - Filling up the DagBag from /Users/ajlakorman/Desktop/Data-Mining-Projects/Apache_Airflow/venv/lib/python3.10/site-packages/airflow/example_dags/example_branch_operator.py
[2025-02-20T13:54:49.414+0100] {processor.py:927} WARNING - No viable dags retrieved from /Users/ajlakorman/Desktop/Data-Mining-Projects/Apache_Airflow/venv/lib/python3.10/site-packages/airflow/example_dags/example_branch_operator.py
[2025-02-20T13:54:49.483+0100] {processor.py:208} INFO - Processing /Users/ajlakorman/Desktop/Data-Mining-Projects/Apache_Airflow/venv/lib/python3.10/site-packages/airflow/example_dags/example_branch_operator.py took 0.083 seconds
[2025-02-20T13:57:50.325+0100] {processor.py:186} INFO - Started process (PID=21469) to work on /Users/ajlakorman/Desktop/Data-Mining-Projects/Apache_Airflow/venv/lib/python3.10/site-packages/airflow/example_dags/example_branch_operator.py
[2025-02-20T13:57:50.327+0100] {processor.py:914} INFO - Processing file /Users/ajlakorman/Desktop/Data-Mining-Projects/Apache_Airflow/venv/lib/python3.10/site-packages/airflow/example_dags/example_branch_operator.py for tasks to queue
[2025-02-20T13:57:50.327+0100] {logging_mixin.py:190} INFO - [2025-02-20T13:57:50.327+0100] {dagbag.py:588} INFO - Filling up the DagBag from /Users/ajlakorman/Desktop/Data-Mining-Projects/Apache_Airflow/venv/lib/python3.10/site-packages/airflow/example_dags/example_branch_operator.py
[2025-02-20T13:57:50.336+0100] {processor.py:927} WARNING - No viable dags retrieved from /Users/ajlakorman/Desktop/Data-Mining-Projects/Apache_Airflow/venv/lib/python3.10/site-packages/airflow/example_dags/example_branch_operator.py
[2025-02-20T13:57:50.395+0100] {processor.py:208} INFO - Processing /Users/ajlakorman/Desktop/Data-Mining-Projects/Apache_Airflow/venv/lib/python3.10/site-packages/airflow/example_dags/example_branch_operator.py took 0.071 seconds
[2025-02-20T14:00:37.303+0100] {processor.py:186} INFO - Started process (PID=21803) to work on /Users/ajlakorman/Desktop/Data-Mining-Projects/Apache_Airflow/venv/lib/python3.10/site-packages/airflow/example_dags/example_branch_operator.py
[2025-02-20T14:00:37.304+0100] {processor.py:914} INFO - Processing file /Users/ajlakorman/Desktop/Data-Mining-Projects/Apache_Airflow/venv/lib/python3.10/site-packages/airflow/example_dags/example_branch_operator.py for tasks to queue
[2025-02-20T14:00:37.304+0100] {logging_mixin.py:190} INFO - [2025-02-20T14:00:37.304+0100] {dagbag.py:588} INFO - Filling up the DagBag from /Users/ajlakorman/Desktop/Data-Mining-Projects/Apache_Airflow/venv/lib/python3.10/site-packages/airflow/example_dags/example_branch_operator.py
[2025-02-20T14:00:37.313+0100] {processor.py:927} WARNING - No viable dags retrieved from /Users/ajlakorman/Desktop/Data-Mining-Projects/Apache_Airflow/venv/lib/python3.10/site-packages/airflow/example_dags/example_branch_operator.py
[2025-02-20T14:00:37.373+0100] {processor.py:208} INFO - Processing /Users/ajlakorman/Desktop/Data-Mining-Projects/Apache_Airflow/venv/lib/python3.10/site-packages/airflow/example_dags/example_branch_operator.py took 0.072 seconds
[2025-02-20T14:03:35.167+0100] {processor.py:186} INFO - Started process (PID=22202) to work on /Users/ajlakorman/Desktop/Data-Mining-Projects/Apache_Airflow/venv/lib/python3.10/site-packages/airflow/example_dags/example_branch_operator.py
[2025-02-20T14:03:35.168+0100] {processor.py:914} INFO - Processing file /Users/ajlakorman/Desktop/Data-Mining-Projects/Apache_Airflow/venv/lib/python3.10/site-packages/airflow/example_dags/example_branch_operator.py for tasks to queue
[2025-02-20T14:03:35.168+0100] {logging_mixin.py:190} INFO - [2025-02-20T14:03:35.168+0100] {dagbag.py:588} INFO - Filling up the DagBag from /Users/ajlakorman/Desktop/Data-Mining-Projects/Apache_Airflow/venv/lib/python3.10/site-packages/airflow/example_dags/example_branch_operator.py
[2025-02-20T14:03:35.178+0100] {processor.py:927} WARNING - No viable dags retrieved from /Users/ajlakorman/Desktop/Data-Mining-Projects/Apache_Airflow/venv/lib/python3.10/site-packages/airflow/example_dags/example_branch_operator.py
[2025-02-20T14:03:35.240+0100] {processor.py:208} INFO - Processing /Users/ajlakorman/Desktop/Data-Mining-Projects/Apache_Airflow/venv/lib/python3.10/site-packages/airflow/example_dags/example_branch_operator.py took 0.075 seconds
[2025-02-20T14:06:32.243+0100] {processor.py:186} INFO - Started process (PID=22573) to work on /Users/ajlakorman/Desktop/Data-Mining-Projects/Apache_Airflow/venv/lib/python3.10/site-packages/airflow/example_dags/example_branch_operator.py
[2025-02-20T14:06:32.245+0100] {processor.py:914} INFO - Processing file /Users/ajlakorman/Desktop/Data-Mining-Projects/Apache_Airflow/venv/lib/python3.10/site-packages/airflow/example_dags/example_branch_operator.py for tasks to queue
[2025-02-20T14:06:32.245+0100] {logging_mixin.py:190} INFO - [2025-02-20T14:06:32.245+0100] {dagbag.py:588} INFO - Filling up the DagBag from /Users/ajlakorman/Desktop/Data-Mining-Projects/Apache_Airflow/venv/lib/python3.10/site-packages/airflow/example_dags/example_branch_operator.py
[2025-02-20T14:06:32.262+0100] {processor.py:927} WARNING - No viable dags retrieved from /Users/ajlakorman/Desktop/Data-Mining-Projects/Apache_Airflow/venv/lib/python3.10/site-packages/airflow/example_dags/example_branch_operator.py
[2025-02-20T14:06:32.328+0100] {processor.py:208} INFO - Processing /Users/ajlakorman/Desktop/Data-Mining-Projects/Apache_Airflow/venv/lib/python3.10/site-packages/airflow/example_dags/example_branch_operator.py took 0.086 seconds
[2025-02-20T14:09:33.430+0100] {processor.py:186} INFO - Started process (PID=22937) to work on /Users/ajlakorman/Desktop/Data-Mining-Projects/Apache_Airflow/venv/lib/python3.10/site-packages/airflow/example_dags/example_branch_operator.py
[2025-02-20T14:09:33.432+0100] {processor.py:914} INFO - Processing file /Users/ajlakorman/Desktop/Data-Mining-Projects/Apache_Airflow/venv/lib/python3.10/site-packages/airflow/example_dags/example_branch_operator.py for tasks to queue
[2025-02-20T14:09:33.433+0100] {logging_mixin.py:190} INFO - [2025-02-20T14:09:33.433+0100] {dagbag.py:588} INFO - Filling up the DagBag from /Users/ajlakorman/Desktop/Data-Mining-Projects/Apache_Airflow/venv/lib/python3.10/site-packages/airflow/example_dags/example_branch_operator.py
[2025-02-20T14:09:33.442+0100] {processor.py:927} WARNING - No viable dags retrieved from /Users/ajlakorman/Desktop/Data-Mining-Projects/Apache_Airflow/venv/lib/python3.10/site-packages/airflow/example_dags/example_branch_operator.py
[2025-02-20T14:09:33.501+0100] {processor.py:208} INFO - Processing /Users/ajlakorman/Desktop/Data-Mining-Projects/Apache_Airflow/venv/lib/python3.10/site-packages/airflow/example_dags/example_branch_operator.py took 0.072 seconds
[2025-02-20T14:12:32.259+0100] {processor.py:186} INFO - Started process (PID=23346) to work on /Users/ajlakorman/Desktop/Data-Mining-Projects/Apache_Airflow/venv/lib/python3.10/site-packages/airflow/example_dags/example_branch_operator.py
[2025-02-20T14:12:32.261+0100] {processor.py:914} INFO - Processing file /Users/ajlakorman/Desktop/Data-Mining-Projects/Apache_Airflow/venv/lib/python3.10/site-packages/airflow/example_dags/example_branch_operator.py for tasks to queue
[2025-02-20T14:12:32.261+0100] {logging_mixin.py:190} INFO - [2025-02-20T14:12:32.261+0100] {dagbag.py:588} INFO - Filling up the DagBag from /Users/ajlakorman/Desktop/Data-Mining-Projects/Apache_Airflow/venv/lib/python3.10/site-packages/airflow/example_dags/example_branch_operator.py
[2025-02-20T14:12:32.271+0100] {processor.py:927} WARNING - No viable dags retrieved from /Users/ajlakorman/Desktop/Data-Mining-Projects/Apache_Airflow/venv/lib/python3.10/site-packages/airflow/example_dags/example_branch_operator.py
[2025-02-20T14:12:32.332+0100] {processor.py:208} INFO - Processing /Users/ajlakorman/Desktop/Data-Mining-Projects/Apache_Airflow/venv/lib/python3.10/site-packages/airflow/example_dags/example_branch_operator.py took 0.074 seconds
[2025-02-20T14:15:33.841+0100] {processor.py:186} INFO - Started process (PID=23666) to work on /Users/ajlakorman/Desktop/Data-Mining-Projects/Apache_Airflow/venv/lib/python3.10/site-packages/airflow/example_dags/example_branch_operator.py
[2025-02-20T14:15:33.842+0100] {processor.py:914} INFO - Processing file /Users/ajlakorman/Desktop/Data-Mining-Projects/Apache_Airflow/venv/lib/python3.10/site-packages/airflow/example_dags/example_branch_operator.py for tasks to queue
[2025-02-20T14:15:33.842+0100] {logging_mixin.py:190} INFO - [2025-02-20T14:15:33.842+0100] {dagbag.py:588} INFO - Filling up the DagBag from /Users/ajlakorman/Desktop/Data-Mining-Projects/Apache_Airflow/venv/lib/python3.10/site-packages/airflow/example_dags/example_branch_operator.py
[2025-02-20T14:15:33.853+0100] {processor.py:927} WARNING - No viable dags retrieved from /Users/ajlakorman/Desktop/Data-Mining-Projects/Apache_Airflow/venv/lib/python3.10/site-packages/airflow/example_dags/example_branch_operator.py
[2025-02-20T14:15:33.944+0100] {processor.py:208} INFO - Processing /Users/ajlakorman/Desktop/Data-Mining-Projects/Apache_Airflow/venv/lib/python3.10/site-packages/airflow/example_dags/example_branch_operator.py took 0.105 seconds
[2025-02-20T14:19:53.755+0100] {processor.py:186} INFO - Started process (PID=23903) to work on /Users/ajlakorman/Desktop/Data-Mining-Projects/Apache_Airflow/venv/lib/python3.10/site-packages/airflow/example_dags/example_branch_operator.py
[2025-02-20T14:19:53.756+0100] {processor.py:914} INFO - Processing file /Users/ajlakorman/Desktop/Data-Mining-Projects/Apache_Airflow/venv/lib/python3.10/site-packages/airflow/example_dags/example_branch_operator.py for tasks to queue
[2025-02-20T14:19:53.756+0100] {logging_mixin.py:190} INFO - [2025-02-20T14:19:53.756+0100] {dagbag.py:588} INFO - Filling up the DagBag from /Users/ajlakorman/Desktop/Data-Mining-Projects/Apache_Airflow/venv/lib/python3.10/site-packages/airflow/example_dags/example_branch_operator.py
[2025-02-20T14:19:53.765+0100] {processor.py:927} WARNING - No viable dags retrieved from /Users/ajlakorman/Desktop/Data-Mining-Projects/Apache_Airflow/venv/lib/python3.10/site-packages/airflow/example_dags/example_branch_operator.py
[2025-02-20T14:19:53.827+0100] {processor.py:208} INFO - Processing /Users/ajlakorman/Desktop/Data-Mining-Projects/Apache_Airflow/venv/lib/python3.10/site-packages/airflow/example_dags/example_branch_operator.py took 0.074 seconds
