[2025-02-20T10:52:28.695+0100] {processor.py:186} INFO - Started process (PID=6233) to work on /Users/ajlakorman/Desktop/Data-Mining-Projects/Apache_Airflow/venv/lib/python3.10/site-packages/airflow/example_dags/example_short_circuit_decorator.py
[2025-02-20T10:52:28.695+0100] {processor.py:914} INFO - Processing file /Users/ajlakorman/Desktop/Data-Mining-Projects/Apache_Airflow/venv/lib/python3.10/site-packages/airflow/example_dags/example_short_circuit_decorator.py for tasks to queue
[2025-02-20T10:52:28.696+0100] {logging_mixin.py:190} INFO - [2025-02-20T10:52:28.696+0100] {dagbag.py:588} INFO - Filling up the DagBag from /Users/ajlakorman/Desktop/Data-Mining-Projects/Apache_Airflow/venv/lib/python3.10/site-packages/airflow/example_dags/example_short_circuit_decorator.py
[2025-02-20T10:52:28.713+0100] {processor.py:925} INFO - DAG(s) 'example_short_circuit_decorator' retrieved from /Users/ajlakorman/Desktop/Data-Mining-Projects/Apache_Airflow/venv/lib/python3.10/site-packages/airflow/example_dags/example_short_circuit_decorator.py
[2025-02-20T10:52:28.811+0100] {logging_mixin.py:190} INFO - [2025-02-20T10:52:28.811+0100] {override.py:1912} INFO - Created Permission View: can read on DAG:example_short_circuit_decorator
[2025-02-20T10:52:28.814+0100] {logging_mixin.py:190} INFO - [2025-02-20T10:52:28.814+0100] {override.py:1912} INFO - Created Permission View: can edit on DAG:example_short_circuit_decorator
[2025-02-20T10:52:28.816+0100] {logging_mixin.py:190} INFO - [2025-02-20T10:52:28.816+0100] {override.py:1912} INFO - Created Permission View: can delete on DAG:example_short_circuit_decorator
[2025-02-20T10:52:28.819+0100] {logging_mixin.py:190} INFO - [2025-02-20T10:52:28.819+0100] {override.py:1912} INFO - Created Permission View: can read on DAG Run:example_short_circuit_decorator
[2025-02-20T10:52:28.821+0100] {logging_mixin.py:190} INFO - [2025-02-20T10:52:28.821+0100] {override.py:1912} INFO - Created Permission View: menu access on DAG Run:example_short_circuit_decorator
[2025-02-20T10:52:28.823+0100] {logging_mixin.py:190} INFO - [2025-02-20T10:52:28.823+0100] {override.py:1912} INFO - Created Permission View: can delete on DAG Run:example_short_circuit_decorator
[2025-02-20T10:52:28.825+0100] {logging_mixin.py:190} INFO - [2025-02-20T10:52:28.825+0100] {override.py:1912} INFO - Created Permission View: can create on DAG Run:example_short_circuit_decorator
[2025-02-20T10:52:28.826+0100] {logging_mixin.py:190} INFO - [2025-02-20T10:52:28.826+0100] {dag.py:3239} INFO - Sync 1 DAGs
[2025-02-20T10:52:28.831+0100] {logging_mixin.py:190} INFO - [2025-02-20T10:52:28.830+0100] {dag.py:3262} INFO - Creating ORM DAG for example_short_circuit_decorator
[2025-02-20T10:52:28.831+0100] {logging_mixin.py:190} INFO - [2025-02-20T10:52:28.831+0100] {dag.py:4180} INFO - Setting next_dagrun for example_short_circuit_decorator to None, run_after=None
[2025-02-20T10:52:28.837+0100] {processor.py:208} INFO - Processing /Users/ajlakorman/Desktop/Data-Mining-Projects/Apache_Airflow/venv/lib/python3.10/site-packages/airflow/example_dags/example_short_circuit_decorator.py took 0.144 seconds
[2025-02-20T10:54:19.335+0100] {processor.py:186} INFO - Started process (PID=6525) to work on /Users/ajlakorman/Desktop/Data-Mining-Projects/Apache_Airflow/venv/lib/python3.10/site-packages/airflow/example_dags/example_short_circuit_decorator.py
[2025-02-20T10:54:19.336+0100] {processor.py:914} INFO - Processing file /Users/ajlakorman/Desktop/Data-Mining-Projects/Apache_Airflow/venv/lib/python3.10/site-packages/airflow/example_dags/example_short_circuit_decorator.py for tasks to queue
[2025-02-20T10:54:19.336+0100] {logging_mixin.py:190} INFO - [2025-02-20T10:54:19.336+0100] {dagbag.py:588} INFO - Filling up the DagBag from /Users/ajlakorman/Desktop/Data-Mining-Projects/Apache_Airflow/venv/lib/python3.10/site-packages/airflow/example_dags/example_short_circuit_decorator.py
[2025-02-20T10:54:19.356+0100] {processor.py:925} INFO - DAG(s) 'example_short_circuit_decorator' retrieved from /Users/ajlakorman/Desktop/Data-Mining-Projects/Apache_Airflow/venv/lib/python3.10/site-packages/airflow/example_dags/example_short_circuit_decorator.py
[2025-02-20T10:54:19.421+0100] {logging_mixin.py:190} INFO - [2025-02-20T10:54:19.421+0100] {dag.py:3239} INFO - Sync 1 DAGs
[2025-02-20T10:54:19.425+0100] {logging_mixin.py:190} INFO - [2025-02-20T10:54:19.425+0100] {dag.py:4180} INFO - Setting next_dagrun for example_short_circuit_decorator to None, run_after=None
[2025-02-20T10:54:19.434+0100] {processor.py:208} INFO - Processing /Users/ajlakorman/Desktop/Data-Mining-Projects/Apache_Airflow/venv/lib/python3.10/site-packages/airflow/example_dags/example_short_circuit_decorator.py took 0.102 seconds
[2025-02-20T10:55:33.227+0100] {processor.py:186} INFO - Started process (PID=6679) to work on /Users/ajlakorman/Desktop/Data-Mining-Projects/Apache_Airflow/venv/lib/python3.10/site-packages/airflow/example_dags/example_short_circuit_decorator.py
[2025-02-20T10:55:33.228+0100] {processor.py:914} INFO - Processing file /Users/ajlakorman/Desktop/Data-Mining-Projects/Apache_Airflow/venv/lib/python3.10/site-packages/airflow/example_dags/example_short_circuit_decorator.py for tasks to queue
[2025-02-20T10:55:33.228+0100] {logging_mixin.py:190} INFO - [2025-02-20T10:55:33.228+0100] {dagbag.py:588} INFO - Filling up the DagBag from /Users/ajlakorman/Desktop/Data-Mining-Projects/Apache_Airflow/venv/lib/python3.10/site-packages/airflow/example_dags/example_short_circuit_decorator.py
[2025-02-20T10:55:33.245+0100] {processor.py:925} INFO - DAG(s) 'example_short_circuit_decorator' retrieved from /Users/ajlakorman/Desktop/Data-Mining-Projects/Apache_Airflow/venv/lib/python3.10/site-packages/airflow/example_dags/example_short_circuit_decorator.py
[2025-02-20T10:55:33.311+0100] {logging_mixin.py:190} INFO - [2025-02-20T10:55:33.311+0100] {dag.py:3239} INFO - Sync 1 DAGs
[2025-02-20T10:55:33.315+0100] {logging_mixin.py:190} INFO - [2025-02-20T10:55:33.315+0100] {dag.py:4180} INFO - Setting next_dagrun for example_short_circuit_decorator to None, run_after=None
[2025-02-20T10:55:33.323+0100] {processor.py:208} INFO - Processing /Users/ajlakorman/Desktop/Data-Mining-Projects/Apache_Airflow/venv/lib/python3.10/site-packages/airflow/example_dags/example_short_circuit_decorator.py took 0.097 seconds
[2025-02-20T10:56:50.112+0100] {processor.py:186} INFO - Started process (PID=6829) to work on /Users/ajlakorman/Desktop/Data-Mining-Projects/Apache_Airflow/venv/lib/python3.10/site-packages/airflow/example_dags/example_short_circuit_decorator.py
[2025-02-20T10:56:50.114+0100] {processor.py:914} INFO - Processing file /Users/ajlakorman/Desktop/Data-Mining-Projects/Apache_Airflow/venv/lib/python3.10/site-packages/airflow/example_dags/example_short_circuit_decorator.py for tasks to queue
[2025-02-20T10:56:50.115+0100] {logging_mixin.py:190} INFO - [2025-02-20T10:56:50.115+0100] {dagbag.py:588} INFO - Filling up the DagBag from /Users/ajlakorman/Desktop/Data-Mining-Projects/Apache_Airflow/venv/lib/python3.10/site-packages/airflow/example_dags/example_short_circuit_decorator.py
[2025-02-20T10:56:50.139+0100] {processor.py:925} INFO - DAG(s) 'example_short_circuit_decorator' retrieved from /Users/ajlakorman/Desktop/Data-Mining-Projects/Apache_Airflow/venv/lib/python3.10/site-packages/airflow/example_dags/example_short_circuit_decorator.py
[2025-02-20T10:56:50.650+0100] {logging_mixin.py:190} INFO - [2025-02-20T10:56:50.648+0100] {dag.py:3239} INFO - Sync 1 DAGs
[2025-02-20T10:56:50.814+0100] {logging_mixin.py:190} INFO - [2025-02-20T10:56:50.808+0100] {dag.py:4180} INFO - Setting next_dagrun for example_short_circuit_decorator to None, run_after=None
[2025-02-20T10:56:50.934+0100] {processor.py:208} INFO - Processing /Users/ajlakorman/Desktop/Data-Mining-Projects/Apache_Airflow/venv/lib/python3.10/site-packages/airflow/example_dags/example_short_circuit_decorator.py took 0.824 seconds
[2025-02-20T10:58:14.778+0100] {processor.py:186} INFO - Started process (PID=6963) to work on /Users/ajlakorman/Desktop/Data-Mining-Projects/Apache_Airflow/venv/lib/python3.10/site-packages/airflow/example_dags/example_short_circuit_decorator.py
[2025-02-20T10:58:14.779+0100] {processor.py:914} INFO - Processing file /Users/ajlakorman/Desktop/Data-Mining-Projects/Apache_Airflow/venv/lib/python3.10/site-packages/airflow/example_dags/example_short_circuit_decorator.py for tasks to queue
[2025-02-20T10:58:14.780+0100] {logging_mixin.py:190} INFO - [2025-02-20T10:58:14.780+0100] {dagbag.py:588} INFO - Filling up the DagBag from /Users/ajlakorman/Desktop/Data-Mining-Projects/Apache_Airflow/venv/lib/python3.10/site-packages/airflow/example_dags/example_short_circuit_decorator.py
[2025-02-20T10:58:14.799+0100] {processor.py:925} INFO - DAG(s) 'example_short_circuit_decorator' retrieved from /Users/ajlakorman/Desktop/Data-Mining-Projects/Apache_Airflow/venv/lib/python3.10/site-packages/airflow/example_dags/example_short_circuit_decorator.py
[2025-02-20T10:58:14.936+0100] {logging_mixin.py:190} INFO - [2025-02-20T10:58:14.936+0100] {dag.py:3239} INFO - Sync 1 DAGs
[2025-02-20T10:58:14.942+0100] {logging_mixin.py:190} INFO - [2025-02-20T10:58:14.941+0100] {dag.py:4180} INFO - Setting next_dagrun for example_short_circuit_decorator to None, run_after=None
[2025-02-20T10:58:14.953+0100] {processor.py:208} INFO - Processing /Users/ajlakorman/Desktop/Data-Mining-Projects/Apache_Airflow/venv/lib/python3.10/site-packages/airflow/example_dags/example_short_circuit_decorator.py took 0.177 seconds
[2025-02-20T10:59:41.578+0100] {processor.py:186} INFO - Started process (PID=7111) to work on /Users/ajlakorman/Desktop/Data-Mining-Projects/Apache_Airflow/venv/lib/python3.10/site-packages/airflow/example_dags/example_short_circuit_decorator.py
[2025-02-20T10:59:41.579+0100] {processor.py:914} INFO - Processing file /Users/ajlakorman/Desktop/Data-Mining-Projects/Apache_Airflow/venv/lib/python3.10/site-packages/airflow/example_dags/example_short_circuit_decorator.py for tasks to queue
[2025-02-20T10:59:41.580+0100] {logging_mixin.py:190} INFO - [2025-02-20T10:59:41.579+0100] {dagbag.py:588} INFO - Filling up the DagBag from /Users/ajlakorman/Desktop/Data-Mining-Projects/Apache_Airflow/venv/lib/python3.10/site-packages/airflow/example_dags/example_short_circuit_decorator.py
[2025-02-20T10:59:41.596+0100] {processor.py:925} INFO - DAG(s) 'example_short_circuit_decorator' retrieved from /Users/ajlakorman/Desktop/Data-Mining-Projects/Apache_Airflow/venv/lib/python3.10/site-packages/airflow/example_dags/example_short_circuit_decorator.py
[2025-02-20T10:59:41.659+0100] {logging_mixin.py:190} INFO - [2025-02-20T10:59:41.659+0100] {dag.py:3239} INFO - Sync 1 DAGs
[2025-02-20T10:59:41.664+0100] {logging_mixin.py:190} INFO - [2025-02-20T10:59:41.664+0100] {dag.py:4180} INFO - Setting next_dagrun for example_short_circuit_decorator to None, run_after=None
[2025-02-20T10:59:41.671+0100] {processor.py:208} INFO - Processing /Users/ajlakorman/Desktop/Data-Mining-Projects/Apache_Airflow/venv/lib/python3.10/site-packages/airflow/example_dags/example_short_circuit_decorator.py took 0.094 seconds
[2025-02-20T11:00:56.371+0100] {processor.py:186} INFO - Started process (PID=7304) to work on /Users/ajlakorman/Desktop/Data-Mining-Projects/Apache_Airflow/venv/lib/python3.10/site-packages/airflow/example_dags/example_short_circuit_decorator.py
[2025-02-20T11:00:56.371+0100] {processor.py:914} INFO - Processing file /Users/ajlakorman/Desktop/Data-Mining-Projects/Apache_Airflow/venv/lib/python3.10/site-packages/airflow/example_dags/example_short_circuit_decorator.py for tasks to queue
[2025-02-20T11:00:56.372+0100] {logging_mixin.py:190} INFO - [2025-02-20T11:00:56.372+0100] {dagbag.py:588} INFO - Filling up the DagBag from /Users/ajlakorman/Desktop/Data-Mining-Projects/Apache_Airflow/venv/lib/python3.10/site-packages/airflow/example_dags/example_short_circuit_decorator.py
[2025-02-20T11:00:56.388+0100] {processor.py:925} INFO - DAG(s) 'example_short_circuit_decorator' retrieved from /Users/ajlakorman/Desktop/Data-Mining-Projects/Apache_Airflow/venv/lib/python3.10/site-packages/airflow/example_dags/example_short_circuit_decorator.py
[2025-02-20T11:00:56.454+0100] {logging_mixin.py:190} INFO - [2025-02-20T11:00:56.454+0100] {dag.py:3239} INFO - Sync 1 DAGs
[2025-02-20T11:00:56.459+0100] {logging_mixin.py:190} INFO - [2025-02-20T11:00:56.459+0100] {dag.py:4180} INFO - Setting next_dagrun for example_short_circuit_decorator to None, run_after=None
[2025-02-20T11:00:56.466+0100] {processor.py:208} INFO - Processing /Users/ajlakorman/Desktop/Data-Mining-Projects/Apache_Airflow/venv/lib/python3.10/site-packages/airflow/example_dags/example_short_circuit_decorator.py took 0.097 seconds
[2025-02-20T11:02:11.728+0100] {processor.py:186} INFO - Started process (PID=7435) to work on /Users/ajlakorman/Desktop/Data-Mining-Projects/Apache_Airflow/venv/lib/python3.10/site-packages/airflow/example_dags/example_short_circuit_decorator.py
[2025-02-20T11:02:11.729+0100] {processor.py:914} INFO - Processing file /Users/ajlakorman/Desktop/Data-Mining-Projects/Apache_Airflow/venv/lib/python3.10/site-packages/airflow/example_dags/example_short_circuit_decorator.py for tasks to queue
[2025-02-20T11:02:11.729+0100] {logging_mixin.py:190} INFO - [2025-02-20T11:02:11.729+0100] {dagbag.py:588} INFO - Filling up the DagBag from /Users/ajlakorman/Desktop/Data-Mining-Projects/Apache_Airflow/venv/lib/python3.10/site-packages/airflow/example_dags/example_short_circuit_decorator.py
[2025-02-20T11:02:11.746+0100] {processor.py:925} INFO - DAG(s) 'example_short_circuit_decorator' retrieved from /Users/ajlakorman/Desktop/Data-Mining-Projects/Apache_Airflow/venv/lib/python3.10/site-packages/airflow/example_dags/example_short_circuit_decorator.py
[2025-02-20T11:02:11.812+0100] {logging_mixin.py:190} INFO - [2025-02-20T11:02:11.812+0100] {dag.py:3239} INFO - Sync 1 DAGs
[2025-02-20T11:02:11.817+0100] {logging_mixin.py:190} INFO - [2025-02-20T11:02:11.816+0100] {dag.py:4180} INFO - Setting next_dagrun for example_short_circuit_decorator to None, run_after=None
[2025-02-20T11:02:11.823+0100] {processor.py:208} INFO - Processing /Users/ajlakorman/Desktop/Data-Mining-Projects/Apache_Airflow/venv/lib/python3.10/site-packages/airflow/example_dags/example_short_circuit_decorator.py took 0.097 seconds
[2025-02-20T11:04:31.273+0100] {processor.py:186} INFO - Started process (PID=7704) to work on /Users/ajlakorman/Desktop/Data-Mining-Projects/Apache_Airflow/venv/lib/python3.10/site-packages/airflow/example_dags/example_short_circuit_decorator.py
[2025-02-20T11:04:31.274+0100] {processor.py:914} INFO - Processing file /Users/ajlakorman/Desktop/Data-Mining-Projects/Apache_Airflow/venv/lib/python3.10/site-packages/airflow/example_dags/example_short_circuit_decorator.py for tasks to queue
[2025-02-20T11:04:31.275+0100] {logging_mixin.py:190} INFO - [2025-02-20T11:04:31.275+0100] {dagbag.py:588} INFO - Filling up the DagBag from /Users/ajlakorman/Desktop/Data-Mining-Projects/Apache_Airflow/venv/lib/python3.10/site-packages/airflow/example_dags/example_short_circuit_decorator.py
[2025-02-20T11:04:31.291+0100] {processor.py:925} INFO - DAG(s) 'example_short_circuit_decorator' retrieved from /Users/ajlakorman/Desktop/Data-Mining-Projects/Apache_Airflow/venv/lib/python3.10/site-packages/airflow/example_dags/example_short_circuit_decorator.py
[2025-02-20T11:04:31.354+0100] {logging_mixin.py:190} INFO - [2025-02-20T11:04:31.354+0100] {dag.py:3239} INFO - Sync 1 DAGs
[2025-02-20T11:04:31.359+0100] {logging_mixin.py:190} INFO - [2025-02-20T11:04:31.359+0100] {dag.py:4180} INFO - Setting next_dagrun for example_short_circuit_decorator to None, run_after=None
[2025-02-20T11:04:31.366+0100] {processor.py:208} INFO - Processing /Users/ajlakorman/Desktop/Data-Mining-Projects/Apache_Airflow/venv/lib/python3.10/site-packages/airflow/example_dags/example_short_circuit_decorator.py took 0.094 seconds
[2025-02-20T11:06:51.687+0100] {processor.py:186} INFO - Started process (PID=8039) to work on /Users/ajlakorman/Desktop/Data-Mining-Projects/Apache_Airflow/venv/lib/python3.10/site-packages/airflow/example_dags/example_short_circuit_decorator.py
[2025-02-20T11:06:51.688+0100] {processor.py:914} INFO - Processing file /Users/ajlakorman/Desktop/Data-Mining-Projects/Apache_Airflow/venv/lib/python3.10/site-packages/airflow/example_dags/example_short_circuit_decorator.py for tasks to queue
[2025-02-20T11:06:51.689+0100] {logging_mixin.py:190} INFO - [2025-02-20T11:06:51.689+0100] {dagbag.py:588} INFO - Filling up the DagBag from /Users/ajlakorman/Desktop/Data-Mining-Projects/Apache_Airflow/venv/lib/python3.10/site-packages/airflow/example_dags/example_short_circuit_decorator.py
[2025-02-20T11:06:51.705+0100] {processor.py:925} INFO - DAG(s) 'example_short_circuit_decorator' retrieved from /Users/ajlakorman/Desktop/Data-Mining-Projects/Apache_Airflow/venv/lib/python3.10/site-packages/airflow/example_dags/example_short_circuit_decorator.py
[2025-02-20T11:06:51.769+0100] {logging_mixin.py:190} INFO - [2025-02-20T11:06:51.769+0100] {dag.py:3239} INFO - Sync 1 DAGs
[2025-02-20T11:06:51.773+0100] {logging_mixin.py:190} INFO - [2025-02-20T11:06:51.773+0100] {dag.py:4180} INFO - Setting next_dagrun for example_short_circuit_decorator to None, run_after=None
[2025-02-20T11:06:51.780+0100] {processor.py:208} INFO - Processing /Users/ajlakorman/Desktop/Data-Mining-Projects/Apache_Airflow/venv/lib/python3.10/site-packages/airflow/example_dags/example_short_circuit_decorator.py took 0.095 seconds
[2025-02-20T11:09:08.549+0100] {processor.py:186} INFO - Started process (PID=8284) to work on /Users/ajlakorman/Desktop/Data-Mining-Projects/Apache_Airflow/venv/lib/python3.10/site-packages/airflow/example_dags/example_short_circuit_decorator.py
[2025-02-20T11:09:08.550+0100] {processor.py:914} INFO - Processing file /Users/ajlakorman/Desktop/Data-Mining-Projects/Apache_Airflow/venv/lib/python3.10/site-packages/airflow/example_dags/example_short_circuit_decorator.py for tasks to queue
[2025-02-20T11:09:08.551+0100] {logging_mixin.py:190} INFO - [2025-02-20T11:09:08.551+0100] {dagbag.py:588} INFO - Filling up the DagBag from /Users/ajlakorman/Desktop/Data-Mining-Projects/Apache_Airflow/venv/lib/python3.10/site-packages/airflow/example_dags/example_short_circuit_decorator.py
[2025-02-20T11:09:08.567+0100] {processor.py:925} INFO - DAG(s) 'example_short_circuit_decorator' retrieved from /Users/ajlakorman/Desktop/Data-Mining-Projects/Apache_Airflow/venv/lib/python3.10/site-packages/airflow/example_dags/example_short_circuit_decorator.py
[2025-02-20T11:09:08.632+0100] {logging_mixin.py:190} INFO - [2025-02-20T11:09:08.632+0100] {dag.py:3239} INFO - Sync 1 DAGs
[2025-02-20T11:09:08.637+0100] {logging_mixin.py:190} INFO - [2025-02-20T11:09:08.637+0100] {dag.py:4180} INFO - Setting next_dagrun for example_short_circuit_decorator to None, run_after=None
[2025-02-20T11:09:08.644+0100] {processor.py:208} INFO - Processing /Users/ajlakorman/Desktop/Data-Mining-Projects/Apache_Airflow/venv/lib/python3.10/site-packages/airflow/example_dags/example_short_circuit_decorator.py took 0.096 seconds
[2025-02-20T11:11:29.560+0100] {processor.py:186} INFO - Started process (PID=8556) to work on /Users/ajlakorman/Desktop/Data-Mining-Projects/Apache_Airflow/venv/lib/python3.10/site-packages/airflow/example_dags/example_short_circuit_decorator.py
[2025-02-20T11:11:29.560+0100] {processor.py:914} INFO - Processing file /Users/ajlakorman/Desktop/Data-Mining-Projects/Apache_Airflow/venv/lib/python3.10/site-packages/airflow/example_dags/example_short_circuit_decorator.py for tasks to queue
[2025-02-20T11:11:29.561+0100] {logging_mixin.py:190} INFO - [2025-02-20T11:11:29.561+0100] {dagbag.py:588} INFO - Filling up the DagBag from /Users/ajlakorman/Desktop/Data-Mining-Projects/Apache_Airflow/venv/lib/python3.10/site-packages/airflow/example_dags/example_short_circuit_decorator.py
[2025-02-20T11:11:29.577+0100] {processor.py:925} INFO - DAG(s) 'example_short_circuit_decorator' retrieved from /Users/ajlakorman/Desktop/Data-Mining-Projects/Apache_Airflow/venv/lib/python3.10/site-packages/airflow/example_dags/example_short_circuit_decorator.py
[2025-02-20T11:11:29.639+0100] {logging_mixin.py:190} INFO - [2025-02-20T11:11:29.639+0100] {dag.py:3239} INFO - Sync 1 DAGs
[2025-02-20T11:11:29.644+0100] {logging_mixin.py:190} INFO - [2025-02-20T11:11:29.644+0100] {dag.py:4180} INFO - Setting next_dagrun for example_short_circuit_decorator to None, run_after=None
[2025-02-20T11:11:29.650+0100] {processor.py:208} INFO - Processing /Users/ajlakorman/Desktop/Data-Mining-Projects/Apache_Airflow/venv/lib/python3.10/site-packages/airflow/example_dags/example_short_circuit_decorator.py took 0.092 seconds
[2025-02-20T11:13:49.246+0100] {processor.py:186} INFO - Started process (PID=8793) to work on /Users/ajlakorman/Desktop/Data-Mining-Projects/Apache_Airflow/venv/lib/python3.10/site-packages/airflow/example_dags/example_short_circuit_decorator.py
[2025-02-20T11:13:49.246+0100] {processor.py:914} INFO - Processing file /Users/ajlakorman/Desktop/Data-Mining-Projects/Apache_Airflow/venv/lib/python3.10/site-packages/airflow/example_dags/example_short_circuit_decorator.py for tasks to queue
[2025-02-20T11:13:49.247+0100] {logging_mixin.py:190} INFO - [2025-02-20T11:13:49.247+0100] {dagbag.py:588} INFO - Filling up the DagBag from /Users/ajlakorman/Desktop/Data-Mining-Projects/Apache_Airflow/venv/lib/python3.10/site-packages/airflow/example_dags/example_short_circuit_decorator.py
[2025-02-20T11:13:49.264+0100] {processor.py:925} INFO - DAG(s) 'example_short_circuit_decorator' retrieved from /Users/ajlakorman/Desktop/Data-Mining-Projects/Apache_Airflow/venv/lib/python3.10/site-packages/airflow/example_dags/example_short_circuit_decorator.py
[2025-02-20T11:13:49.331+0100] {logging_mixin.py:190} INFO - [2025-02-20T11:13:49.331+0100] {dag.py:3239} INFO - Sync 1 DAGs
[2025-02-20T11:13:49.336+0100] {logging_mixin.py:190} INFO - [2025-02-20T11:13:49.336+0100] {dag.py:4180} INFO - Setting next_dagrun for example_short_circuit_decorator to None, run_after=None
[2025-02-20T11:13:49.343+0100] {processor.py:208} INFO - Processing /Users/ajlakorman/Desktop/Data-Mining-Projects/Apache_Airflow/venv/lib/python3.10/site-packages/airflow/example_dags/example_short_circuit_decorator.py took 0.099 seconds
[2025-02-20T11:16:15.037+0100] {processor.py:186} INFO - Started process (PID=9023) to work on /Users/ajlakorman/Desktop/Data-Mining-Projects/Apache_Airflow/venv/lib/python3.10/site-packages/airflow/example_dags/example_short_circuit_decorator.py
[2025-02-20T11:16:15.037+0100] {processor.py:914} INFO - Processing file /Users/ajlakorman/Desktop/Data-Mining-Projects/Apache_Airflow/venv/lib/python3.10/site-packages/airflow/example_dags/example_short_circuit_decorator.py for tasks to queue
[2025-02-20T11:16:15.038+0100] {logging_mixin.py:190} INFO - [2025-02-20T11:16:15.038+0100] {dagbag.py:588} INFO - Filling up the DagBag from /Users/ajlakorman/Desktop/Data-Mining-Projects/Apache_Airflow/venv/lib/python3.10/site-packages/airflow/example_dags/example_short_circuit_decorator.py
[2025-02-20T11:16:15.054+0100] {processor.py:925} INFO - DAG(s) 'example_short_circuit_decorator' retrieved from /Users/ajlakorman/Desktop/Data-Mining-Projects/Apache_Airflow/venv/lib/python3.10/site-packages/airflow/example_dags/example_short_circuit_decorator.py
[2025-02-20T11:16:15.119+0100] {logging_mixin.py:190} INFO - [2025-02-20T11:16:15.119+0100] {dag.py:3239} INFO - Sync 1 DAGs
[2025-02-20T11:16:15.123+0100] {logging_mixin.py:190} INFO - [2025-02-20T11:16:15.123+0100] {dag.py:4180} INFO - Setting next_dagrun for example_short_circuit_decorator to None, run_after=None
[2025-02-20T11:16:15.130+0100] {processor.py:208} INFO - Processing /Users/ajlakorman/Desktop/Data-Mining-Projects/Apache_Airflow/venv/lib/python3.10/site-packages/airflow/example_dags/example_short_circuit_decorator.py took 0.095 seconds
[2025-02-20T11:18:39.725+0100] {processor.py:186} INFO - Started process (PID=9429) to work on /Users/ajlakorman/Desktop/Data-Mining-Projects/Apache_Airflow/venv/lib/python3.10/site-packages/airflow/example_dags/example_short_circuit_decorator.py
[2025-02-20T11:18:39.725+0100] {processor.py:914} INFO - Processing file /Users/ajlakorman/Desktop/Data-Mining-Projects/Apache_Airflow/venv/lib/python3.10/site-packages/airflow/example_dags/example_short_circuit_decorator.py for tasks to queue
[2025-02-20T11:18:39.726+0100] {logging_mixin.py:190} INFO - [2025-02-20T11:18:39.726+0100] {dagbag.py:588} INFO - Filling up the DagBag from /Users/ajlakorman/Desktop/Data-Mining-Projects/Apache_Airflow/venv/lib/python3.10/site-packages/airflow/example_dags/example_short_circuit_decorator.py
[2025-02-20T11:18:39.742+0100] {processor.py:925} INFO - DAG(s) 'example_short_circuit_decorator' retrieved from /Users/ajlakorman/Desktop/Data-Mining-Projects/Apache_Airflow/venv/lib/python3.10/site-packages/airflow/example_dags/example_short_circuit_decorator.py
[2025-02-20T11:18:39.805+0100] {logging_mixin.py:190} INFO - [2025-02-20T11:18:39.804+0100] {dag.py:3239} INFO - Sync 1 DAGs
[2025-02-20T11:18:39.809+0100] {logging_mixin.py:190} INFO - [2025-02-20T11:18:39.809+0100] {dag.py:4180} INFO - Setting next_dagrun for example_short_circuit_decorator to None, run_after=None
[2025-02-20T11:18:39.816+0100] {processor.py:208} INFO - Processing /Users/ajlakorman/Desktop/Data-Mining-Projects/Apache_Airflow/venv/lib/python3.10/site-packages/airflow/example_dags/example_short_circuit_decorator.py took 0.092 seconds
[2025-02-20T11:21:07.422+0100] {processor.py:186} INFO - Started process (PID=9742) to work on /Users/ajlakorman/Desktop/Data-Mining-Projects/Apache_Airflow/venv/lib/python3.10/site-packages/airflow/example_dags/example_short_circuit_decorator.py
[2025-02-20T11:21:07.423+0100] {processor.py:914} INFO - Processing file /Users/ajlakorman/Desktop/Data-Mining-Projects/Apache_Airflow/venv/lib/python3.10/site-packages/airflow/example_dags/example_short_circuit_decorator.py for tasks to queue
[2025-02-20T11:21:07.423+0100] {logging_mixin.py:190} INFO - [2025-02-20T11:21:07.423+0100] {dagbag.py:588} INFO - Filling up the DagBag from /Users/ajlakorman/Desktop/Data-Mining-Projects/Apache_Airflow/venv/lib/python3.10/site-packages/airflow/example_dags/example_short_circuit_decorator.py
[2025-02-20T11:21:07.439+0100] {processor.py:925} INFO - DAG(s) 'example_short_circuit_decorator' retrieved from /Users/ajlakorman/Desktop/Data-Mining-Projects/Apache_Airflow/venv/lib/python3.10/site-packages/airflow/example_dags/example_short_circuit_decorator.py
[2025-02-20T11:21:07.502+0100] {logging_mixin.py:190} INFO - [2025-02-20T11:21:07.502+0100] {dag.py:3239} INFO - Sync 1 DAGs
[2025-02-20T11:21:07.506+0100] {logging_mixin.py:190} INFO - [2025-02-20T11:21:07.506+0100] {dag.py:4180} INFO - Setting next_dagrun for example_short_circuit_decorator to None, run_after=None
[2025-02-20T11:21:07.514+0100] {processor.py:208} INFO - Processing /Users/ajlakorman/Desktop/Data-Mining-Projects/Apache_Airflow/venv/lib/python3.10/site-packages/airflow/example_dags/example_short_circuit_decorator.py took 0.093 seconds
[2025-02-20T11:23:35.105+0100] {processor.py:186} INFO - Started process (PID=9981) to work on /Users/ajlakorman/Desktop/Data-Mining-Projects/Apache_Airflow/venv/lib/python3.10/site-packages/airflow/example_dags/example_short_circuit_decorator.py
[2025-02-20T11:23:35.106+0100] {processor.py:914} INFO - Processing file /Users/ajlakorman/Desktop/Data-Mining-Projects/Apache_Airflow/venv/lib/python3.10/site-packages/airflow/example_dags/example_short_circuit_decorator.py for tasks to queue
[2025-02-20T11:23:35.106+0100] {logging_mixin.py:190} INFO - [2025-02-20T11:23:35.106+0100] {dagbag.py:588} INFO - Filling up the DagBag from /Users/ajlakorman/Desktop/Data-Mining-Projects/Apache_Airflow/venv/lib/python3.10/site-packages/airflow/example_dags/example_short_circuit_decorator.py
[2025-02-20T11:23:35.123+0100] {processor.py:925} INFO - DAG(s) 'example_short_circuit_decorator' retrieved from /Users/ajlakorman/Desktop/Data-Mining-Projects/Apache_Airflow/venv/lib/python3.10/site-packages/airflow/example_dags/example_short_circuit_decorator.py
[2025-02-20T11:23:35.194+0100] {logging_mixin.py:190} INFO - [2025-02-20T11:23:35.194+0100] {dag.py:3239} INFO - Sync 1 DAGs
[2025-02-20T11:23:35.199+0100] {logging_mixin.py:190} INFO - [2025-02-20T11:23:35.198+0100] {dag.py:4180} INFO - Setting next_dagrun for example_short_circuit_decorator to None, run_after=None
[2025-02-20T11:23:35.205+0100] {processor.py:208} INFO - Processing /Users/ajlakorman/Desktop/Data-Mining-Projects/Apache_Airflow/venv/lib/python3.10/site-packages/airflow/example_dags/example_short_circuit_decorator.py took 0.101 seconds
[2025-02-20T11:24:50.065+0100] {processor.py:186} INFO - Started process (PID=10121) to work on /Users/ajlakorman/Desktop/Data-Mining-Projects/Apache_Airflow/venv/lib/python3.10/site-packages/airflow/example_dags/example_short_circuit_decorator.py
[2025-02-20T11:24:50.066+0100] {processor.py:914} INFO - Processing file /Users/ajlakorman/Desktop/Data-Mining-Projects/Apache_Airflow/venv/lib/python3.10/site-packages/airflow/example_dags/example_short_circuit_decorator.py for tasks to queue
[2025-02-20T11:24:50.066+0100] {logging_mixin.py:190} INFO - [2025-02-20T11:24:50.066+0100] {dagbag.py:588} INFO - Filling up the DagBag from /Users/ajlakorman/Desktop/Data-Mining-Projects/Apache_Airflow/venv/lib/python3.10/site-packages/airflow/example_dags/example_short_circuit_decorator.py
[2025-02-20T11:24:50.085+0100] {processor.py:925} INFO - DAG(s) 'example_short_circuit_decorator' retrieved from /Users/ajlakorman/Desktop/Data-Mining-Projects/Apache_Airflow/venv/lib/python3.10/site-packages/airflow/example_dags/example_short_circuit_decorator.py
[2025-02-20T11:24:50.160+0100] {logging_mixin.py:190} INFO - [2025-02-20T11:24:50.159+0100] {dag.py:3239} INFO - Sync 1 DAGs
[2025-02-20T11:24:50.166+0100] {logging_mixin.py:190} INFO - [2025-02-20T11:24:50.166+0100] {dag.py:4180} INFO - Setting next_dagrun for example_short_circuit_decorator to None, run_after=None
[2025-02-20T11:24:50.177+0100] {processor.py:208} INFO - Processing /Users/ajlakorman/Desktop/Data-Mining-Projects/Apache_Airflow/venv/lib/python3.10/site-packages/airflow/example_dags/example_short_circuit_decorator.py took 0.113 seconds
[2025-02-20T11:27:18.710+0100] {processor.py:186} INFO - Started process (PID=10433) to work on /Users/ajlakorman/Desktop/Data-Mining-Projects/Apache_Airflow/venv/lib/python3.10/site-packages/airflow/example_dags/example_short_circuit_decorator.py
[2025-02-20T11:27:18.715+0100] {processor.py:914} INFO - Processing file /Users/ajlakorman/Desktop/Data-Mining-Projects/Apache_Airflow/venv/lib/python3.10/site-packages/airflow/example_dags/example_short_circuit_decorator.py for tasks to queue
[2025-02-20T11:27:18.717+0100] {logging_mixin.py:190} INFO - [2025-02-20T11:27:18.717+0100] {dagbag.py:588} INFO - Filling up the DagBag from /Users/ajlakorman/Desktop/Data-Mining-Projects/Apache_Airflow/venv/lib/python3.10/site-packages/airflow/example_dags/example_short_circuit_decorator.py
[2025-02-20T11:27:18.755+0100] {processor.py:925} INFO - DAG(s) 'example_short_circuit_decorator' retrieved from /Users/ajlakorman/Desktop/Data-Mining-Projects/Apache_Airflow/venv/lib/python3.10/site-packages/airflow/example_dags/example_short_circuit_decorator.py
[2025-02-20T11:27:18.864+0100] {logging_mixin.py:190} INFO - [2025-02-20T11:27:18.863+0100] {dag.py:3239} INFO - Sync 1 DAGs
[2025-02-20T11:27:18.868+0100] {logging_mixin.py:190} INFO - [2025-02-20T11:27:18.868+0100] {dag.py:4180} INFO - Setting next_dagrun for example_short_circuit_decorator to None, run_after=None
[2025-02-20T11:27:18.876+0100] {processor.py:208} INFO - Processing /Users/ajlakorman/Desktop/Data-Mining-Projects/Apache_Airflow/venv/lib/python3.10/site-packages/airflow/example_dags/example_short_circuit_decorator.py took 0.179 seconds
[2025-02-20T11:28:31.702+0100] {processor.py:186} INFO - Started process (PID=10594) to work on /Users/ajlakorman/Desktop/Data-Mining-Projects/Apache_Airflow/venv/lib/python3.10/site-packages/airflow/example_dags/example_short_circuit_decorator.py
[2025-02-20T11:28:31.703+0100] {processor.py:914} INFO - Processing file /Users/ajlakorman/Desktop/Data-Mining-Projects/Apache_Airflow/venv/lib/python3.10/site-packages/airflow/example_dags/example_short_circuit_decorator.py for tasks to queue
[2025-02-20T11:28:31.704+0100] {logging_mixin.py:190} INFO - [2025-02-20T11:28:31.704+0100] {dagbag.py:588} INFO - Filling up the DagBag from /Users/ajlakorman/Desktop/Data-Mining-Projects/Apache_Airflow/venv/lib/python3.10/site-packages/airflow/example_dags/example_short_circuit_decorator.py
[2025-02-20T11:28:31.720+0100] {processor.py:925} INFO - DAG(s) 'example_short_circuit_decorator' retrieved from /Users/ajlakorman/Desktop/Data-Mining-Projects/Apache_Airflow/venv/lib/python3.10/site-packages/airflow/example_dags/example_short_circuit_decorator.py
[2025-02-20T11:28:31.786+0100] {logging_mixin.py:190} INFO - [2025-02-20T11:28:31.786+0100] {dag.py:3239} INFO - Sync 1 DAGs
[2025-02-20T11:28:31.791+0100] {logging_mixin.py:190} INFO - [2025-02-20T11:28:31.791+0100] {dag.py:4180} INFO - Setting next_dagrun for example_short_circuit_decorator to None, run_after=None
[2025-02-20T11:28:31.798+0100] {processor.py:208} INFO - Processing /Users/ajlakorman/Desktop/Data-Mining-Projects/Apache_Airflow/venv/lib/python3.10/site-packages/airflow/example_dags/example_short_circuit_decorator.py took 0.098 seconds
[2025-02-20T11:29:48.002+0100] {processor.py:186} INFO - Started process (PID=10790) to work on /Users/ajlakorman/Desktop/Data-Mining-Projects/Apache_Airflow/venv/lib/python3.10/site-packages/airflow/example_dags/example_short_circuit_decorator.py
[2025-02-20T11:29:48.003+0100] {processor.py:914} INFO - Processing file /Users/ajlakorman/Desktop/Data-Mining-Projects/Apache_Airflow/venv/lib/python3.10/site-packages/airflow/example_dags/example_short_circuit_decorator.py for tasks to queue
[2025-02-20T11:29:48.004+0100] {logging_mixin.py:190} INFO - [2025-02-20T11:29:48.003+0100] {dagbag.py:588} INFO - Filling up the DagBag from /Users/ajlakorman/Desktop/Data-Mining-Projects/Apache_Airflow/venv/lib/python3.10/site-packages/airflow/example_dags/example_short_circuit_decorator.py
[2025-02-20T11:29:48.020+0100] {processor.py:925} INFO - DAG(s) 'example_short_circuit_decorator' retrieved from /Users/ajlakorman/Desktop/Data-Mining-Projects/Apache_Airflow/venv/lib/python3.10/site-packages/airflow/example_dags/example_short_circuit_decorator.py
[2025-02-20T11:29:48.084+0100] {logging_mixin.py:190} INFO - [2025-02-20T11:29:48.084+0100] {dag.py:3239} INFO - Sync 1 DAGs
[2025-02-20T11:29:48.088+0100] {logging_mixin.py:190} INFO - [2025-02-20T11:29:48.088+0100] {dag.py:4180} INFO - Setting next_dagrun for example_short_circuit_decorator to None, run_after=None
[2025-02-20T11:29:48.095+0100] {processor.py:208} INFO - Processing /Users/ajlakorman/Desktop/Data-Mining-Projects/Apache_Airflow/venv/lib/python3.10/site-packages/airflow/example_dags/example_short_circuit_decorator.py took 0.094 seconds
[2025-02-20T11:31:02.043+0100] {processor.py:186} INFO - Started process (PID=10916) to work on /Users/ajlakorman/Desktop/Data-Mining-Projects/Apache_Airflow/venv/lib/python3.10/site-packages/airflow/example_dags/example_short_circuit_decorator.py
[2025-02-20T11:31:02.044+0100] {processor.py:914} INFO - Processing file /Users/ajlakorman/Desktop/Data-Mining-Projects/Apache_Airflow/venv/lib/python3.10/site-packages/airflow/example_dags/example_short_circuit_decorator.py for tasks to queue
[2025-02-20T11:31:02.045+0100] {logging_mixin.py:190} INFO - [2025-02-20T11:31:02.045+0100] {dagbag.py:588} INFO - Filling up the DagBag from /Users/ajlakorman/Desktop/Data-Mining-Projects/Apache_Airflow/venv/lib/python3.10/site-packages/airflow/example_dags/example_short_circuit_decorator.py
[2025-02-20T11:31:02.067+0100] {processor.py:925} INFO - DAG(s) 'example_short_circuit_decorator' retrieved from /Users/ajlakorman/Desktop/Data-Mining-Projects/Apache_Airflow/venv/lib/python3.10/site-packages/airflow/example_dags/example_short_circuit_decorator.py
[2025-02-20T11:31:02.134+0100] {logging_mixin.py:190} INFO - [2025-02-20T11:31:02.133+0100] {dag.py:3239} INFO - Sync 1 DAGs
[2025-02-20T11:31:02.138+0100] {logging_mixin.py:190} INFO - [2025-02-20T11:31:02.138+0100] {dag.py:4180} INFO - Setting next_dagrun for example_short_circuit_decorator to None, run_after=None
[2025-02-20T11:31:02.145+0100] {processor.py:208} INFO - Processing /Users/ajlakorman/Desktop/Data-Mining-Projects/Apache_Airflow/venv/lib/python3.10/site-packages/airflow/example_dags/example_short_circuit_decorator.py took 0.103 seconds
[2025-02-20T11:32:14.943+0100] {processor.py:186} INFO - Started process (PID=11038) to work on /Users/ajlakorman/Desktop/Data-Mining-Projects/Apache_Airflow/venv/lib/python3.10/site-packages/airflow/example_dags/example_short_circuit_decorator.py
[2025-02-20T11:32:14.944+0100] {processor.py:914} INFO - Processing file /Users/ajlakorman/Desktop/Data-Mining-Projects/Apache_Airflow/venv/lib/python3.10/site-packages/airflow/example_dags/example_short_circuit_decorator.py for tasks to queue
[2025-02-20T11:32:14.944+0100] {logging_mixin.py:190} INFO - [2025-02-20T11:32:14.944+0100] {dagbag.py:588} INFO - Filling up the DagBag from /Users/ajlakorman/Desktop/Data-Mining-Projects/Apache_Airflow/venv/lib/python3.10/site-packages/airflow/example_dags/example_short_circuit_decorator.py
[2025-02-20T11:32:14.961+0100] {processor.py:925} INFO - DAG(s) 'example_short_circuit_decorator' retrieved from /Users/ajlakorman/Desktop/Data-Mining-Projects/Apache_Airflow/venv/lib/python3.10/site-packages/airflow/example_dags/example_short_circuit_decorator.py
[2025-02-20T11:32:15.024+0100] {logging_mixin.py:190} INFO - [2025-02-20T11:32:15.024+0100] {dag.py:3239} INFO - Sync 1 DAGs
[2025-02-20T11:32:15.028+0100] {logging_mixin.py:190} INFO - [2025-02-20T11:32:15.028+0100] {dag.py:4180} INFO - Setting next_dagrun for example_short_circuit_decorator to None, run_after=None
[2025-02-20T11:32:15.036+0100] {processor.py:208} INFO - Processing /Users/ajlakorman/Desktop/Data-Mining-Projects/Apache_Airflow/venv/lib/python3.10/site-packages/airflow/example_dags/example_short_circuit_decorator.py took 0.094 seconds
[2025-02-20T11:34:42.309+0100] {processor.py:186} INFO - Started process (PID=11262) to work on /Users/ajlakorman/Desktop/Data-Mining-Projects/Apache_Airflow/venv/lib/python3.10/site-packages/airflow/example_dags/example_short_circuit_decorator.py
[2025-02-20T11:34:42.310+0100] {processor.py:914} INFO - Processing file /Users/ajlakorman/Desktop/Data-Mining-Projects/Apache_Airflow/venv/lib/python3.10/site-packages/airflow/example_dags/example_short_circuit_decorator.py for tasks to queue
[2025-02-20T11:34:42.310+0100] {logging_mixin.py:190} INFO - [2025-02-20T11:34:42.310+0100] {dagbag.py:588} INFO - Filling up the DagBag from /Users/ajlakorman/Desktop/Data-Mining-Projects/Apache_Airflow/venv/lib/python3.10/site-packages/airflow/example_dags/example_short_circuit_decorator.py
[2025-02-20T11:34:42.328+0100] {processor.py:925} INFO - DAG(s) 'example_short_circuit_decorator' retrieved from /Users/ajlakorman/Desktop/Data-Mining-Projects/Apache_Airflow/venv/lib/python3.10/site-packages/airflow/example_dags/example_short_circuit_decorator.py
[2025-02-20T11:34:42.391+0100] {logging_mixin.py:190} INFO - [2025-02-20T11:34:42.391+0100] {dag.py:3239} INFO - Sync 1 DAGs
[2025-02-20T11:34:42.395+0100] {logging_mixin.py:190} INFO - [2025-02-20T11:34:42.395+0100] {dag.py:4180} INFO - Setting next_dagrun for example_short_circuit_decorator to None, run_after=None
[2025-02-20T11:34:42.402+0100] {processor.py:208} INFO - Processing /Users/ajlakorman/Desktop/Data-Mining-Projects/Apache_Airflow/venv/lib/python3.10/site-packages/airflow/example_dags/example_short_circuit_decorator.py took 0.094 seconds
[2025-02-20T11:37:16.383+0100] {processor.py:186} INFO - Started process (PID=11562) to work on /Users/ajlakorman/Desktop/Data-Mining-Projects/Apache_Airflow/venv/lib/python3.10/site-packages/airflow/example_dags/example_short_circuit_decorator.py
[2025-02-20T11:37:16.383+0100] {processor.py:914} INFO - Processing file /Users/ajlakorman/Desktop/Data-Mining-Projects/Apache_Airflow/venv/lib/python3.10/site-packages/airflow/example_dags/example_short_circuit_decorator.py for tasks to queue
[2025-02-20T11:37:16.384+0100] {logging_mixin.py:190} INFO - [2025-02-20T11:37:16.384+0100] {dagbag.py:588} INFO - Filling up the DagBag from /Users/ajlakorman/Desktop/Data-Mining-Projects/Apache_Airflow/venv/lib/python3.10/site-packages/airflow/example_dags/example_short_circuit_decorator.py
[2025-02-20T11:37:16.400+0100] {processor.py:925} INFO - DAG(s) 'example_short_circuit_decorator' retrieved from /Users/ajlakorman/Desktop/Data-Mining-Projects/Apache_Airflow/venv/lib/python3.10/site-packages/airflow/example_dags/example_short_circuit_decorator.py
[2025-02-20T11:37:16.467+0100] {logging_mixin.py:190} INFO - [2025-02-20T11:37:16.466+0100] {dag.py:3239} INFO - Sync 1 DAGs
[2025-02-20T11:37:16.472+0100] {logging_mixin.py:190} INFO - [2025-02-20T11:37:16.471+0100] {dag.py:4180} INFO - Setting next_dagrun for example_short_circuit_decorator to None, run_after=None
[2025-02-20T11:37:16.479+0100] {processor.py:208} INFO - Processing /Users/ajlakorman/Desktop/Data-Mining-Projects/Apache_Airflow/venv/lib/python3.10/site-packages/airflow/example_dags/example_short_circuit_decorator.py took 0.099 seconds
[2025-02-20T11:39:41.527+0100] {processor.py:186} INFO - Started process (PID=11766) to work on /Users/ajlakorman/Desktop/Data-Mining-Projects/Apache_Airflow/venv/lib/python3.10/site-packages/airflow/example_dags/example_short_circuit_decorator.py
[2025-02-20T11:39:41.527+0100] {processor.py:914} INFO - Processing file /Users/ajlakorman/Desktop/Data-Mining-Projects/Apache_Airflow/venv/lib/python3.10/site-packages/airflow/example_dags/example_short_circuit_decorator.py for tasks to queue
[2025-02-20T11:39:41.528+0100] {logging_mixin.py:190} INFO - [2025-02-20T11:39:41.528+0100] {dagbag.py:588} INFO - Filling up the DagBag from /Users/ajlakorman/Desktop/Data-Mining-Projects/Apache_Airflow/venv/lib/python3.10/site-packages/airflow/example_dags/example_short_circuit_decorator.py
[2025-02-20T11:39:41.544+0100] {processor.py:925} INFO - DAG(s) 'example_short_circuit_decorator' retrieved from /Users/ajlakorman/Desktop/Data-Mining-Projects/Apache_Airflow/venv/lib/python3.10/site-packages/airflow/example_dags/example_short_circuit_decorator.py
[2025-02-20T11:39:41.611+0100] {logging_mixin.py:190} INFO - [2025-02-20T11:39:41.610+0100] {dag.py:3239} INFO - Sync 1 DAGs
[2025-02-20T11:39:41.615+0100] {logging_mixin.py:190} INFO - [2025-02-20T11:39:41.615+0100] {dag.py:4180} INFO - Setting next_dagrun for example_short_circuit_decorator to None, run_after=None
[2025-02-20T11:39:41.622+0100] {processor.py:208} INFO - Processing /Users/ajlakorman/Desktop/Data-Mining-Projects/Apache_Airflow/venv/lib/python3.10/site-packages/airflow/example_dags/example_short_circuit_decorator.py took 0.097 seconds
[2025-02-20T12:19:07.420+0100] {processor.py:186} INFO - Started process (PID=12024) to work on /Users/ajlakorman/Desktop/Data-Mining-Projects/Apache_Airflow/venv/lib/python3.10/site-packages/airflow/example_dags/example_short_circuit_decorator.py
[2025-02-20T12:19:07.420+0100] {processor.py:914} INFO - Processing file /Users/ajlakorman/Desktop/Data-Mining-Projects/Apache_Airflow/venv/lib/python3.10/site-packages/airflow/example_dags/example_short_circuit_decorator.py for tasks to queue
[2025-02-20T12:19:07.421+0100] {logging_mixin.py:190} INFO - [2025-02-20T12:19:07.421+0100] {dagbag.py:588} INFO - Filling up the DagBag from /Users/ajlakorman/Desktop/Data-Mining-Projects/Apache_Airflow/venv/lib/python3.10/site-packages/airflow/example_dags/example_short_circuit_decorator.py
[2025-02-20T12:19:07.438+0100] {processor.py:925} INFO - DAG(s) 'example_short_circuit_decorator' retrieved from /Users/ajlakorman/Desktop/Data-Mining-Projects/Apache_Airflow/venv/lib/python3.10/site-packages/airflow/example_dags/example_short_circuit_decorator.py
[2025-02-20T12:19:07.499+0100] {logging_mixin.py:190} INFO - [2025-02-20T12:19:07.499+0100] {dag.py:3239} INFO - Sync 1 DAGs
[2025-02-20T12:19:07.504+0100] {logging_mixin.py:190} INFO - [2025-02-20T12:19:07.504+0100] {dag.py:4180} INFO - Setting next_dagrun for example_short_circuit_decorator to None, run_after=None
[2025-02-20T12:19:07.511+0100] {processor.py:208} INFO - Processing /Users/ajlakorman/Desktop/Data-Mining-Projects/Apache_Airflow/venv/lib/python3.10/site-packages/airflow/example_dags/example_short_circuit_decorator.py took 0.093 seconds
[2025-02-20T12:20:49.570+0100] {processor.py:186} INFO - Started process (PID=12156) to work on /Users/ajlakorman/Desktop/Data-Mining-Projects/Apache_Airflow/venv/lib/python3.10/site-packages/airflow/example_dags/example_short_circuit_decorator.py
[2025-02-20T12:20:49.571+0100] {processor.py:914} INFO - Processing file /Users/ajlakorman/Desktop/Data-Mining-Projects/Apache_Airflow/venv/lib/python3.10/site-packages/airflow/example_dags/example_short_circuit_decorator.py for tasks to queue
[2025-02-20T12:20:49.571+0100] {logging_mixin.py:190} INFO - [2025-02-20T12:20:49.571+0100] {dagbag.py:588} INFO - Filling up the DagBag from /Users/ajlakorman/Desktop/Data-Mining-Projects/Apache_Airflow/venv/lib/python3.10/site-packages/airflow/example_dags/example_short_circuit_decorator.py
[2025-02-20T12:20:49.588+0100] {processor.py:925} INFO - DAG(s) 'example_short_circuit_decorator' retrieved from /Users/ajlakorman/Desktop/Data-Mining-Projects/Apache_Airflow/venv/lib/python3.10/site-packages/airflow/example_dags/example_short_circuit_decorator.py
[2025-02-20T12:20:49.652+0100] {logging_mixin.py:190} INFO - [2025-02-20T12:20:49.651+0100] {dag.py:3239} INFO - Sync 1 DAGs
[2025-02-20T12:20:49.656+0100] {logging_mixin.py:190} INFO - [2025-02-20T12:20:49.656+0100] {dag.py:4180} INFO - Setting next_dagrun for example_short_circuit_decorator to None, run_after=None
[2025-02-20T12:20:49.662+0100] {processor.py:208} INFO - Processing /Users/ajlakorman/Desktop/Data-Mining-Projects/Apache_Airflow/venv/lib/python3.10/site-packages/airflow/example_dags/example_short_circuit_decorator.py took 0.094 seconds
[2025-02-20T12:22:09.709+0100] {processor.py:186} INFO - Started process (PID=12268) to work on /Users/ajlakorman/Desktop/Data-Mining-Projects/Apache_Airflow/venv/lib/python3.10/site-packages/airflow/example_dags/example_short_circuit_decorator.py
[2025-02-20T12:22:09.710+0100] {processor.py:914} INFO - Processing file /Users/ajlakorman/Desktop/Data-Mining-Projects/Apache_Airflow/venv/lib/python3.10/site-packages/airflow/example_dags/example_short_circuit_decorator.py for tasks to queue
[2025-02-20T12:22:09.710+0100] {logging_mixin.py:190} INFO - [2025-02-20T12:22:09.710+0100] {dagbag.py:588} INFO - Filling up the DagBag from /Users/ajlakorman/Desktop/Data-Mining-Projects/Apache_Airflow/venv/lib/python3.10/site-packages/airflow/example_dags/example_short_circuit_decorator.py
[2025-02-20T12:22:09.728+0100] {processor.py:925} INFO - DAG(s) 'example_short_circuit_decorator' retrieved from /Users/ajlakorman/Desktop/Data-Mining-Projects/Apache_Airflow/venv/lib/python3.10/site-packages/airflow/example_dags/example_short_circuit_decorator.py
[2025-02-20T12:22:09.796+0100] {logging_mixin.py:190} INFO - [2025-02-20T12:22:09.796+0100] {dag.py:3239} INFO - Sync 1 DAGs
[2025-02-20T12:22:09.800+0100] {logging_mixin.py:190} INFO - [2025-02-20T12:22:09.800+0100] {dag.py:4180} INFO - Setting next_dagrun for example_short_circuit_decorator to None, run_after=None
[2025-02-20T12:22:09.807+0100] {processor.py:208} INFO - Processing /Users/ajlakorman/Desktop/Data-Mining-Projects/Apache_Airflow/venv/lib/python3.10/site-packages/airflow/example_dags/example_short_circuit_decorator.py took 0.099 seconds
[2025-02-20T12:23:27.850+0100] {processor.py:186} INFO - Started process (PID=12435) to work on /Users/ajlakorman/Desktop/Data-Mining-Projects/Apache_Airflow/venv/lib/python3.10/site-packages/airflow/example_dags/example_short_circuit_decorator.py
[2025-02-20T12:23:27.851+0100] {processor.py:914} INFO - Processing file /Users/ajlakorman/Desktop/Data-Mining-Projects/Apache_Airflow/venv/lib/python3.10/site-packages/airflow/example_dags/example_short_circuit_decorator.py for tasks to queue
[2025-02-20T12:23:27.851+0100] {logging_mixin.py:190} INFO - [2025-02-20T12:23:27.851+0100] {dagbag.py:588} INFO - Filling up the DagBag from /Users/ajlakorman/Desktop/Data-Mining-Projects/Apache_Airflow/venv/lib/python3.10/site-packages/airflow/example_dags/example_short_circuit_decorator.py
[2025-02-20T12:23:27.868+0100] {processor.py:925} INFO - DAG(s) 'example_short_circuit_decorator' retrieved from /Users/ajlakorman/Desktop/Data-Mining-Projects/Apache_Airflow/venv/lib/python3.10/site-packages/airflow/example_dags/example_short_circuit_decorator.py
[2025-02-20T12:23:27.934+0100] {logging_mixin.py:190} INFO - [2025-02-20T12:23:27.934+0100] {dag.py:3239} INFO - Sync 1 DAGs
[2025-02-20T12:23:27.939+0100] {logging_mixin.py:190} INFO - [2025-02-20T12:23:27.939+0100] {dag.py:4180} INFO - Setting next_dagrun for example_short_circuit_decorator to None, run_after=None
[2025-02-20T12:23:27.981+0100] {processor.py:208} INFO - Processing /Users/ajlakorman/Desktop/Data-Mining-Projects/Apache_Airflow/venv/lib/python3.10/site-packages/airflow/example_dags/example_short_circuit_decorator.py took 0.133 seconds
[2025-02-20T12:24:44.671+0100] {processor.py:186} INFO - Started process (PID=12566) to work on /Users/ajlakorman/Desktop/Data-Mining-Projects/Apache_Airflow/venv/lib/python3.10/site-packages/airflow/example_dags/example_short_circuit_decorator.py
[2025-02-20T12:24:44.671+0100] {processor.py:914} INFO - Processing file /Users/ajlakorman/Desktop/Data-Mining-Projects/Apache_Airflow/venv/lib/python3.10/site-packages/airflow/example_dags/example_short_circuit_decorator.py for tasks to queue
[2025-02-20T12:24:44.672+0100] {logging_mixin.py:190} INFO - [2025-02-20T12:24:44.672+0100] {dagbag.py:588} INFO - Filling up the DagBag from /Users/ajlakorman/Desktop/Data-Mining-Projects/Apache_Airflow/venv/lib/python3.10/site-packages/airflow/example_dags/example_short_circuit_decorator.py
[2025-02-20T12:24:44.689+0100] {processor.py:925} INFO - DAG(s) 'example_short_circuit_decorator' retrieved from /Users/ajlakorman/Desktop/Data-Mining-Projects/Apache_Airflow/venv/lib/python3.10/site-packages/airflow/example_dags/example_short_circuit_decorator.py
[2025-02-20T12:24:44.752+0100] {logging_mixin.py:190} INFO - [2025-02-20T12:24:44.752+0100] {dag.py:3239} INFO - Sync 1 DAGs
[2025-02-20T12:24:44.757+0100] {logging_mixin.py:190} INFO - [2025-02-20T12:24:44.756+0100] {dag.py:4180} INFO - Setting next_dagrun for example_short_circuit_decorator to None, run_after=None
[2025-02-20T12:24:44.763+0100] {processor.py:208} INFO - Processing /Users/ajlakorman/Desktop/Data-Mining-Projects/Apache_Airflow/venv/lib/python3.10/site-packages/airflow/example_dags/example_short_circuit_decorator.py took 0.094 seconds
[2025-02-20T12:27:09.382+0100] {processor.py:186} INFO - Started process (PID=12880) to work on /Users/ajlakorman/Desktop/Data-Mining-Projects/Apache_Airflow/venv/lib/python3.10/site-packages/airflow/example_dags/example_short_circuit_decorator.py
[2025-02-20T12:27:09.383+0100] {processor.py:914} INFO - Processing file /Users/ajlakorman/Desktop/Data-Mining-Projects/Apache_Airflow/venv/lib/python3.10/site-packages/airflow/example_dags/example_short_circuit_decorator.py for tasks to queue
[2025-02-20T12:27:09.383+0100] {logging_mixin.py:190} INFO - [2025-02-20T12:27:09.383+0100] {dagbag.py:588} INFO - Filling up the DagBag from /Users/ajlakorman/Desktop/Data-Mining-Projects/Apache_Airflow/venv/lib/python3.10/site-packages/airflow/example_dags/example_short_circuit_decorator.py
[2025-02-20T12:27:09.400+0100] {processor.py:925} INFO - DAG(s) 'example_short_circuit_decorator' retrieved from /Users/ajlakorman/Desktop/Data-Mining-Projects/Apache_Airflow/venv/lib/python3.10/site-packages/airflow/example_dags/example_short_circuit_decorator.py
[2025-02-20T12:27:09.462+0100] {logging_mixin.py:190} INFO - [2025-02-20T12:27:09.462+0100] {dag.py:3239} INFO - Sync 1 DAGs
[2025-02-20T12:27:09.466+0100] {logging_mixin.py:190} INFO - [2025-02-20T12:27:09.466+0100] {dag.py:4180} INFO - Setting next_dagrun for example_short_circuit_decorator to None, run_after=None
[2025-02-20T12:27:09.472+0100] {processor.py:208} INFO - Processing /Users/ajlakorman/Desktop/Data-Mining-Projects/Apache_Airflow/venv/lib/python3.10/site-packages/airflow/example_dags/example_short_circuit_decorator.py took 0.092 seconds
[2025-02-20T12:28:27.596+0100] {processor.py:186} INFO - Started process (PID=13022) to work on /Users/ajlakorman/Desktop/Data-Mining-Projects/Apache_Airflow/venv/lib/python3.10/site-packages/airflow/example_dags/example_short_circuit_decorator.py
[2025-02-20T12:28:27.597+0100] {processor.py:914} INFO - Processing file /Users/ajlakorman/Desktop/Data-Mining-Projects/Apache_Airflow/venv/lib/python3.10/site-packages/airflow/example_dags/example_short_circuit_decorator.py for tasks to queue
[2025-02-20T12:28:27.598+0100] {logging_mixin.py:190} INFO - [2025-02-20T12:28:27.598+0100] {dagbag.py:588} INFO - Filling up the DagBag from /Users/ajlakorman/Desktop/Data-Mining-Projects/Apache_Airflow/venv/lib/python3.10/site-packages/airflow/example_dags/example_short_circuit_decorator.py
[2025-02-20T12:28:27.615+0100] {processor.py:925} INFO - DAG(s) 'example_short_circuit_decorator' retrieved from /Users/ajlakorman/Desktop/Data-Mining-Projects/Apache_Airflow/venv/lib/python3.10/site-packages/airflow/example_dags/example_short_circuit_decorator.py
[2025-02-20T12:28:27.679+0100] {logging_mixin.py:190} INFO - [2025-02-20T12:28:27.679+0100] {dag.py:3239} INFO - Sync 1 DAGs
[2025-02-20T12:28:27.684+0100] {logging_mixin.py:190} INFO - [2025-02-20T12:28:27.684+0100] {dag.py:4180} INFO - Setting next_dagrun for example_short_circuit_decorator to None, run_after=None
[2025-02-20T12:28:27.690+0100] {processor.py:208} INFO - Processing /Users/ajlakorman/Desktop/Data-Mining-Projects/Apache_Airflow/venv/lib/python3.10/site-packages/airflow/example_dags/example_short_circuit_decorator.py took 0.097 seconds
[2025-02-20T12:30:50.191+0100] {processor.py:186} INFO - Started process (PID=13328) to work on /Users/ajlakorman/Desktop/Data-Mining-Projects/Apache_Airflow/venv/lib/python3.10/site-packages/airflow/example_dags/example_short_circuit_decorator.py
[2025-02-20T12:30:50.192+0100] {processor.py:914} INFO - Processing file /Users/ajlakorman/Desktop/Data-Mining-Projects/Apache_Airflow/venv/lib/python3.10/site-packages/airflow/example_dags/example_short_circuit_decorator.py for tasks to queue
[2025-02-20T12:30:50.192+0100] {logging_mixin.py:190} INFO - [2025-02-20T12:30:50.192+0100] {dagbag.py:588} INFO - Filling up the DagBag from /Users/ajlakorman/Desktop/Data-Mining-Projects/Apache_Airflow/venv/lib/python3.10/site-packages/airflow/example_dags/example_short_circuit_decorator.py
[2025-02-20T12:30:50.209+0100] {processor.py:925} INFO - DAG(s) 'example_short_circuit_decorator' retrieved from /Users/ajlakorman/Desktop/Data-Mining-Projects/Apache_Airflow/venv/lib/python3.10/site-packages/airflow/example_dags/example_short_circuit_decorator.py
[2025-02-20T12:30:50.276+0100] {logging_mixin.py:190} INFO - [2025-02-20T12:30:50.276+0100] {dag.py:3239} INFO - Sync 1 DAGs
[2025-02-20T12:30:50.280+0100] {logging_mixin.py:190} INFO - [2025-02-20T12:30:50.280+0100] {dag.py:4180} INFO - Setting next_dagrun for example_short_circuit_decorator to None, run_after=None
[2025-02-20T12:30:50.287+0100] {processor.py:208} INFO - Processing /Users/ajlakorman/Desktop/Data-Mining-Projects/Apache_Airflow/venv/lib/python3.10/site-packages/airflow/example_dags/example_short_circuit_decorator.py took 0.097 seconds
[2025-02-20T12:32:10.784+0100] {processor.py:186} INFO - Started process (PID=13508) to work on /Users/ajlakorman/Desktop/Data-Mining-Projects/Apache_Airflow/venv/lib/python3.10/site-packages/airflow/example_dags/example_short_circuit_decorator.py
[2025-02-20T12:32:10.784+0100] {processor.py:914} INFO - Processing file /Users/ajlakorman/Desktop/Data-Mining-Projects/Apache_Airflow/venv/lib/python3.10/site-packages/airflow/example_dags/example_short_circuit_decorator.py for tasks to queue
[2025-02-20T12:32:10.785+0100] {logging_mixin.py:190} INFO - [2025-02-20T12:32:10.785+0100] {dagbag.py:588} INFO - Filling up the DagBag from /Users/ajlakorman/Desktop/Data-Mining-Projects/Apache_Airflow/venv/lib/python3.10/site-packages/airflow/example_dags/example_short_circuit_decorator.py
[2025-02-20T12:32:10.801+0100] {processor.py:925} INFO - DAG(s) 'example_short_circuit_decorator' retrieved from /Users/ajlakorman/Desktop/Data-Mining-Projects/Apache_Airflow/venv/lib/python3.10/site-packages/airflow/example_dags/example_short_circuit_decorator.py
[2025-02-20T12:32:10.866+0100] {logging_mixin.py:190} INFO - [2025-02-20T12:32:10.866+0100] {dag.py:3239} INFO - Sync 1 DAGs
[2025-02-20T12:32:10.871+0100] {logging_mixin.py:190} INFO - [2025-02-20T12:32:10.871+0100] {dag.py:4180} INFO - Setting next_dagrun for example_short_circuit_decorator to None, run_after=None
[2025-02-20T12:32:10.880+0100] {processor.py:208} INFO - Processing /Users/ajlakorman/Desktop/Data-Mining-Projects/Apache_Airflow/venv/lib/python3.10/site-packages/airflow/example_dags/example_short_circuit_decorator.py took 0.098 seconds
[2025-02-20T12:33:30.109+0100] {processor.py:186} INFO - Started process (PID=13683) to work on /Users/ajlakorman/Desktop/Data-Mining-Projects/Apache_Airflow/venv/lib/python3.10/site-packages/airflow/example_dags/example_short_circuit_decorator.py
[2025-02-20T12:33:30.111+0100] {processor.py:914} INFO - Processing file /Users/ajlakorman/Desktop/Data-Mining-Projects/Apache_Airflow/venv/lib/python3.10/site-packages/airflow/example_dags/example_short_circuit_decorator.py for tasks to queue
[2025-02-20T12:33:30.113+0100] {logging_mixin.py:190} INFO - [2025-02-20T12:33:30.112+0100] {dagbag.py:588} INFO - Filling up the DagBag from /Users/ajlakorman/Desktop/Data-Mining-Projects/Apache_Airflow/venv/lib/python3.10/site-packages/airflow/example_dags/example_short_circuit_decorator.py
[2025-02-20T12:33:30.129+0100] {processor.py:925} INFO - DAG(s) 'example_short_circuit_decorator' retrieved from /Users/ajlakorman/Desktop/Data-Mining-Projects/Apache_Airflow/venv/lib/python3.10/site-packages/airflow/example_dags/example_short_circuit_decorator.py
[2025-02-20T12:33:30.199+0100] {logging_mixin.py:190} INFO - [2025-02-20T12:33:30.199+0100] {dag.py:3239} INFO - Sync 1 DAGs
[2025-02-20T12:33:30.204+0100] {logging_mixin.py:190} INFO - [2025-02-20T12:33:30.204+0100] {dag.py:4180} INFO - Setting next_dagrun for example_short_circuit_decorator to None, run_after=None
[2025-02-20T12:33:30.211+0100] {processor.py:208} INFO - Processing /Users/ajlakorman/Desktop/Data-Mining-Projects/Apache_Airflow/venv/lib/python3.10/site-packages/airflow/example_dags/example_short_circuit_decorator.py took 0.104 seconds
[2025-02-20T12:36:02.416+0100] {processor.py:186} INFO - Started process (PID=14021) to work on /Users/ajlakorman/Desktop/Data-Mining-Projects/Apache_Airflow/venv/lib/python3.10/site-packages/airflow/example_dags/example_short_circuit_decorator.py
[2025-02-20T12:36:02.417+0100] {processor.py:914} INFO - Processing file /Users/ajlakorman/Desktop/Data-Mining-Projects/Apache_Airflow/venv/lib/python3.10/site-packages/airflow/example_dags/example_short_circuit_decorator.py for tasks to queue
[2025-02-20T12:36:02.417+0100] {logging_mixin.py:190} INFO - [2025-02-20T12:36:02.417+0100] {dagbag.py:588} INFO - Filling up the DagBag from /Users/ajlakorman/Desktop/Data-Mining-Projects/Apache_Airflow/venv/lib/python3.10/site-packages/airflow/example_dags/example_short_circuit_decorator.py
[2025-02-20T12:36:02.435+0100] {processor.py:925} INFO - DAG(s) 'example_short_circuit_decorator' retrieved from /Users/ajlakorman/Desktop/Data-Mining-Projects/Apache_Airflow/venv/lib/python3.10/site-packages/airflow/example_dags/example_short_circuit_decorator.py
[2025-02-20T12:36:02.502+0100] {logging_mixin.py:190} INFO - [2025-02-20T12:36:02.502+0100] {dag.py:3239} INFO - Sync 1 DAGs
[2025-02-20T12:36:02.507+0100] {logging_mixin.py:190} INFO - [2025-02-20T12:36:02.507+0100] {dag.py:4180} INFO - Setting next_dagrun for example_short_circuit_decorator to None, run_after=None
[2025-02-20T12:36:02.514+0100] {processor.py:208} INFO - Processing /Users/ajlakorman/Desktop/Data-Mining-Projects/Apache_Airflow/venv/lib/python3.10/site-packages/airflow/example_dags/example_short_circuit_decorator.py took 0.099 seconds
[2025-02-20T12:37:21.064+0100] {processor.py:186} INFO - Started process (PID=14230) to work on /Users/ajlakorman/Desktop/Data-Mining-Projects/Apache_Airflow/venv/lib/python3.10/site-packages/airflow/example_dags/example_short_circuit_decorator.py
[2025-02-20T12:37:21.064+0100] {processor.py:914} INFO - Processing file /Users/ajlakorman/Desktop/Data-Mining-Projects/Apache_Airflow/venv/lib/python3.10/site-packages/airflow/example_dags/example_short_circuit_decorator.py for tasks to queue
[2025-02-20T12:37:21.065+0100] {logging_mixin.py:190} INFO - [2025-02-20T12:37:21.065+0100] {dagbag.py:588} INFO - Filling up the DagBag from /Users/ajlakorman/Desktop/Data-Mining-Projects/Apache_Airflow/venv/lib/python3.10/site-packages/airflow/example_dags/example_short_circuit_decorator.py
[2025-02-20T12:37:21.081+0100] {processor.py:925} INFO - DAG(s) 'example_short_circuit_decorator' retrieved from /Users/ajlakorman/Desktop/Data-Mining-Projects/Apache_Airflow/venv/lib/python3.10/site-packages/airflow/example_dags/example_short_circuit_decorator.py
[2025-02-20T12:37:21.143+0100] {logging_mixin.py:190} INFO - [2025-02-20T12:37:21.143+0100] {dag.py:3239} INFO - Sync 1 DAGs
[2025-02-20T12:37:21.148+0100] {logging_mixin.py:190} INFO - [2025-02-20T12:37:21.147+0100] {dag.py:4180} INFO - Setting next_dagrun for example_short_circuit_decorator to None, run_after=None
[2025-02-20T12:37:21.154+0100] {processor.py:208} INFO - Processing /Users/ajlakorman/Desktop/Data-Mining-Projects/Apache_Airflow/venv/lib/python3.10/site-packages/airflow/example_dags/example_short_circuit_decorator.py took 0.092 seconds
[2025-02-20T12:55:00.194+0100] {processor.py:186} INFO - Started process (PID=14583) to work on /Users/ajlakorman/Desktop/Data-Mining-Projects/Apache_Airflow/venv/lib/python3.10/site-packages/airflow/example_dags/example_short_circuit_decorator.py
[2025-02-20T12:55:00.195+0100] {processor.py:914} INFO - Processing file /Users/ajlakorman/Desktop/Data-Mining-Projects/Apache_Airflow/venv/lib/python3.10/site-packages/airflow/example_dags/example_short_circuit_decorator.py for tasks to queue
[2025-02-20T12:55:00.195+0100] {logging_mixin.py:190} INFO - [2025-02-20T12:55:00.195+0100] {dagbag.py:588} INFO - Filling up the DagBag from /Users/ajlakorman/Desktop/Data-Mining-Projects/Apache_Airflow/venv/lib/python3.10/site-packages/airflow/example_dags/example_short_circuit_decorator.py
[2025-02-20T12:55:00.211+0100] {processor.py:925} INFO - DAG(s) 'example_short_circuit_decorator' retrieved from /Users/ajlakorman/Desktop/Data-Mining-Projects/Apache_Airflow/venv/lib/python3.10/site-packages/airflow/example_dags/example_short_circuit_decorator.py
[2025-02-20T12:55:00.272+0100] {logging_mixin.py:190} INFO - [2025-02-20T12:55:00.272+0100] {dag.py:3239} INFO - Sync 1 DAGs
[2025-02-20T12:55:00.277+0100] {logging_mixin.py:190} INFO - [2025-02-20T12:55:00.277+0100] {dag.py:4180} INFO - Setting next_dagrun for example_short_circuit_decorator to None, run_after=None
[2025-02-20T12:55:00.283+0100] {processor.py:208} INFO - Processing /Users/ajlakorman/Desktop/Data-Mining-Projects/Apache_Airflow/venv/lib/python3.10/site-packages/airflow/example_dags/example_short_circuit_decorator.py took 0.091 seconds
[2025-02-20T12:56:36.291+0100] {processor.py:186} INFO - Started process (PID=14799) to work on /Users/ajlakorman/Desktop/Data-Mining-Projects/Apache_Airflow/venv/lib/python3.10/site-packages/airflow/example_dags/example_short_circuit_decorator.py
[2025-02-20T12:56:36.293+0100] {processor.py:914} INFO - Processing file /Users/ajlakorman/Desktop/Data-Mining-Projects/Apache_Airflow/venv/lib/python3.10/site-packages/airflow/example_dags/example_short_circuit_decorator.py for tasks to queue
[2025-02-20T12:56:36.293+0100] {logging_mixin.py:190} INFO - [2025-02-20T12:56:36.293+0100] {dagbag.py:588} INFO - Filling up the DagBag from /Users/ajlakorman/Desktop/Data-Mining-Projects/Apache_Airflow/venv/lib/python3.10/site-packages/airflow/example_dags/example_short_circuit_decorator.py
[2025-02-20T12:56:36.310+0100] {processor.py:925} INFO - DAG(s) 'example_short_circuit_decorator' retrieved from /Users/ajlakorman/Desktop/Data-Mining-Projects/Apache_Airflow/venv/lib/python3.10/site-packages/airflow/example_dags/example_short_circuit_decorator.py
[2025-02-20T12:56:36.404+0100] {logging_mixin.py:190} INFO - [2025-02-20T12:56:36.404+0100] {dag.py:3239} INFO - Sync 1 DAGs
[2025-02-20T12:56:36.408+0100] {logging_mixin.py:190} INFO - [2025-02-20T12:56:36.408+0100] {dag.py:4180} INFO - Setting next_dagrun for example_short_circuit_decorator to None, run_after=None
[2025-02-20T12:56:36.416+0100] {processor.py:208} INFO - Processing /Users/ajlakorman/Desktop/Data-Mining-Projects/Apache_Airflow/venv/lib/python3.10/site-packages/airflow/example_dags/example_short_circuit_decorator.py took 0.126 seconds
[2025-02-20T12:58:10.577+0100] {processor.py:186} INFO - Started process (PID=14952) to work on /Users/ajlakorman/Desktop/Data-Mining-Projects/Apache_Airflow/venv/lib/python3.10/site-packages/airflow/example_dags/example_short_circuit_decorator.py
[2025-02-20T12:58:10.578+0100] {processor.py:914} INFO - Processing file /Users/ajlakorman/Desktop/Data-Mining-Projects/Apache_Airflow/venv/lib/python3.10/site-packages/airflow/example_dags/example_short_circuit_decorator.py for tasks to queue
[2025-02-20T12:58:10.578+0100] {logging_mixin.py:190} INFO - [2025-02-20T12:58:10.578+0100] {dagbag.py:588} INFO - Filling up the DagBag from /Users/ajlakorman/Desktop/Data-Mining-Projects/Apache_Airflow/venv/lib/python3.10/site-packages/airflow/example_dags/example_short_circuit_decorator.py
[2025-02-20T12:58:10.598+0100] {processor.py:925} INFO - DAG(s) 'example_short_circuit_decorator' retrieved from /Users/ajlakorman/Desktop/Data-Mining-Projects/Apache_Airflow/venv/lib/python3.10/site-packages/airflow/example_dags/example_short_circuit_decorator.py
[2025-02-20T12:58:10.669+0100] {logging_mixin.py:190} INFO - [2025-02-20T12:58:10.669+0100] {dag.py:3239} INFO - Sync 1 DAGs
[2025-02-20T12:58:10.674+0100] {logging_mixin.py:190} INFO - [2025-02-20T12:58:10.674+0100] {dag.py:4180} INFO - Setting next_dagrun for example_short_circuit_decorator to None, run_after=None
[2025-02-20T12:58:10.682+0100] {processor.py:208} INFO - Processing /Users/ajlakorman/Desktop/Data-Mining-Projects/Apache_Airflow/venv/lib/python3.10/site-packages/airflow/example_dags/example_short_circuit_decorator.py took 0.109 seconds
[2025-02-20T12:59:36.521+0100] {processor.py:186} INFO - Started process (PID=15074) to work on /Users/ajlakorman/Desktop/Data-Mining-Projects/Apache_Airflow/venv/lib/python3.10/site-packages/airflow/example_dags/example_short_circuit_decorator.py
[2025-02-20T12:59:36.522+0100] {processor.py:914} INFO - Processing file /Users/ajlakorman/Desktop/Data-Mining-Projects/Apache_Airflow/venv/lib/python3.10/site-packages/airflow/example_dags/example_short_circuit_decorator.py for tasks to queue
[2025-02-20T12:59:36.522+0100] {logging_mixin.py:190} INFO - [2025-02-20T12:59:36.522+0100] {dagbag.py:588} INFO - Filling up the DagBag from /Users/ajlakorman/Desktop/Data-Mining-Projects/Apache_Airflow/venv/lib/python3.10/site-packages/airflow/example_dags/example_short_circuit_decorator.py
[2025-02-20T12:59:36.538+0100] {processor.py:925} INFO - DAG(s) 'example_short_circuit_decorator' retrieved from /Users/ajlakorman/Desktop/Data-Mining-Projects/Apache_Airflow/venv/lib/python3.10/site-packages/airflow/example_dags/example_short_circuit_decorator.py
[2025-02-20T12:59:36.602+0100] {logging_mixin.py:190} INFO - [2025-02-20T12:59:36.602+0100] {dag.py:3239} INFO - Sync 1 DAGs
[2025-02-20T12:59:36.607+0100] {logging_mixin.py:190} INFO - [2025-02-20T12:59:36.606+0100] {dag.py:4180} INFO - Setting next_dagrun for example_short_circuit_decorator to None, run_after=None
[2025-02-20T12:59:36.614+0100] {processor.py:208} INFO - Processing /Users/ajlakorman/Desktop/Data-Mining-Projects/Apache_Airflow/venv/lib/python3.10/site-packages/airflow/example_dags/example_short_circuit_decorator.py took 0.095 seconds
[2025-02-20T13:00:59.551+0100] {processor.py:186} INFO - Started process (PID=15202) to work on /Users/ajlakorman/Desktop/Data-Mining-Projects/Apache_Airflow/venv/lib/python3.10/site-packages/airflow/example_dags/example_short_circuit_decorator.py
[2025-02-20T13:00:59.552+0100] {processor.py:914} INFO - Processing file /Users/ajlakorman/Desktop/Data-Mining-Projects/Apache_Airflow/venv/lib/python3.10/site-packages/airflow/example_dags/example_short_circuit_decorator.py for tasks to queue
[2025-02-20T13:00:59.552+0100] {logging_mixin.py:190} INFO - [2025-02-20T13:00:59.552+0100] {dagbag.py:588} INFO - Filling up the DagBag from /Users/ajlakorman/Desktop/Data-Mining-Projects/Apache_Airflow/venv/lib/python3.10/site-packages/airflow/example_dags/example_short_circuit_decorator.py
[2025-02-20T13:00:59.568+0100] {processor.py:925} INFO - DAG(s) 'example_short_circuit_decorator' retrieved from /Users/ajlakorman/Desktop/Data-Mining-Projects/Apache_Airflow/venv/lib/python3.10/site-packages/airflow/example_dags/example_short_circuit_decorator.py
[2025-02-20T13:00:59.633+0100] {logging_mixin.py:190} INFO - [2025-02-20T13:00:59.633+0100] {dag.py:3239} INFO - Sync 1 DAGs
[2025-02-20T13:00:59.637+0100] {logging_mixin.py:190} INFO - [2025-02-20T13:00:59.637+0100] {dag.py:4180} INFO - Setting next_dagrun for example_short_circuit_decorator to None, run_after=None
[2025-02-20T13:00:59.644+0100] {processor.py:208} INFO - Processing /Users/ajlakorman/Desktop/Data-Mining-Projects/Apache_Airflow/venv/lib/python3.10/site-packages/airflow/example_dags/example_short_circuit_decorator.py took 0.095 seconds
[2025-02-20T13:02:18.847+0100] {processor.py:186} INFO - Started process (PID=15307) to work on /Users/ajlakorman/Desktop/Data-Mining-Projects/Apache_Airflow/venv/lib/python3.10/site-packages/airflow/example_dags/example_short_circuit_decorator.py
[2025-02-20T13:02:18.848+0100] {processor.py:914} INFO - Processing file /Users/ajlakorman/Desktop/Data-Mining-Projects/Apache_Airflow/venv/lib/python3.10/site-packages/airflow/example_dags/example_short_circuit_decorator.py for tasks to queue
[2025-02-20T13:02:18.849+0100] {logging_mixin.py:190} INFO - [2025-02-20T13:02:18.849+0100] {dagbag.py:588} INFO - Filling up the DagBag from /Users/ajlakorman/Desktop/Data-Mining-Projects/Apache_Airflow/venv/lib/python3.10/site-packages/airflow/example_dags/example_short_circuit_decorator.py
[2025-02-20T13:02:18.865+0100] {processor.py:925} INFO - DAG(s) 'example_short_circuit_decorator' retrieved from /Users/ajlakorman/Desktop/Data-Mining-Projects/Apache_Airflow/venv/lib/python3.10/site-packages/airflow/example_dags/example_short_circuit_decorator.py
[2025-02-20T13:02:18.928+0100] {logging_mixin.py:190} INFO - [2025-02-20T13:02:18.928+0100] {dag.py:3239} INFO - Sync 1 DAGs
[2025-02-20T13:02:18.932+0100] {logging_mixin.py:190} INFO - [2025-02-20T13:02:18.932+0100] {dag.py:4180} INFO - Setting next_dagrun for example_short_circuit_decorator to None, run_after=None
[2025-02-20T13:02:18.939+0100] {processor.py:208} INFO - Processing /Users/ajlakorman/Desktop/Data-Mining-Projects/Apache_Airflow/venv/lib/python3.10/site-packages/airflow/example_dags/example_short_circuit_decorator.py took 0.093 seconds
[2025-02-20T13:03:34.406+0100] {processor.py:186} INFO - Started process (PID=15406) to work on /Users/ajlakorman/Desktop/Data-Mining-Projects/Apache_Airflow/venv/lib/python3.10/site-packages/airflow/example_dags/example_short_circuit_decorator.py
[2025-02-20T13:03:34.407+0100] {processor.py:914} INFO - Processing file /Users/ajlakorman/Desktop/Data-Mining-Projects/Apache_Airflow/venv/lib/python3.10/site-packages/airflow/example_dags/example_short_circuit_decorator.py for tasks to queue
[2025-02-20T13:03:34.407+0100] {logging_mixin.py:190} INFO - [2025-02-20T13:03:34.407+0100] {dagbag.py:588} INFO - Filling up the DagBag from /Users/ajlakorman/Desktop/Data-Mining-Projects/Apache_Airflow/venv/lib/python3.10/site-packages/airflow/example_dags/example_short_circuit_decorator.py
[2025-02-20T13:03:34.423+0100] {processor.py:925} INFO - DAG(s) 'example_short_circuit_decorator' retrieved from /Users/ajlakorman/Desktop/Data-Mining-Projects/Apache_Airflow/venv/lib/python3.10/site-packages/airflow/example_dags/example_short_circuit_decorator.py
[2025-02-20T13:03:34.486+0100] {logging_mixin.py:190} INFO - [2025-02-20T13:03:34.486+0100] {dag.py:3239} INFO - Sync 1 DAGs
[2025-02-20T13:03:34.490+0100] {logging_mixin.py:190} INFO - [2025-02-20T13:03:34.490+0100] {dag.py:4180} INFO - Setting next_dagrun for example_short_circuit_decorator to None, run_after=None
[2025-02-20T13:03:34.497+0100] {processor.py:208} INFO - Processing /Users/ajlakorman/Desktop/Data-Mining-Projects/Apache_Airflow/venv/lib/python3.10/site-packages/airflow/example_dags/example_short_circuit_decorator.py took 0.093 seconds
[2025-02-20T13:07:51.071+0100] {processor.py:186} INFO - Started process (PID=15610) to work on /Users/ajlakorman/Desktop/Data-Mining-Projects/Apache_Airflow/venv/lib/python3.10/site-packages/airflow/example_dags/example_short_circuit_decorator.py
[2025-02-20T13:07:51.072+0100] {processor.py:914} INFO - Processing file /Users/ajlakorman/Desktop/Data-Mining-Projects/Apache_Airflow/venv/lib/python3.10/site-packages/airflow/example_dags/example_short_circuit_decorator.py for tasks to queue
[2025-02-20T13:07:51.072+0100] {logging_mixin.py:190} INFO - [2025-02-20T13:07:51.072+0100] {dagbag.py:588} INFO - Filling up the DagBag from /Users/ajlakorman/Desktop/Data-Mining-Projects/Apache_Airflow/venv/lib/python3.10/site-packages/airflow/example_dags/example_short_circuit_decorator.py
[2025-02-20T13:07:51.088+0100] {processor.py:925} INFO - DAG(s) 'example_short_circuit_decorator' retrieved from /Users/ajlakorman/Desktop/Data-Mining-Projects/Apache_Airflow/venv/lib/python3.10/site-packages/airflow/example_dags/example_short_circuit_decorator.py
[2025-02-20T13:07:51.156+0100] {logging_mixin.py:190} INFO - [2025-02-20T13:07:51.156+0100] {dag.py:3239} INFO - Sync 1 DAGs
[2025-02-20T13:07:51.160+0100] {logging_mixin.py:190} INFO - [2025-02-20T13:07:51.160+0100] {dag.py:4180} INFO - Setting next_dagrun for example_short_circuit_decorator to None, run_after=None
[2025-02-20T13:07:51.168+0100] {processor.py:208} INFO - Processing /Users/ajlakorman/Desktop/Data-Mining-Projects/Apache_Airflow/venv/lib/python3.10/site-packages/airflow/example_dags/example_short_circuit_decorator.py took 0.098 seconds
[2025-02-20T13:09:13.438+0100] {processor.py:186} INFO - Started process (PID=15839) to work on /Users/ajlakorman/Desktop/Data-Mining-Projects/Apache_Airflow/venv/lib/python3.10/site-packages/airflow/example_dags/example_short_circuit_decorator.py
[2025-02-20T13:09:13.439+0100] {processor.py:914} INFO - Processing file /Users/ajlakorman/Desktop/Data-Mining-Projects/Apache_Airflow/venv/lib/python3.10/site-packages/airflow/example_dags/example_short_circuit_decorator.py for tasks to queue
[2025-02-20T13:09:13.439+0100] {logging_mixin.py:190} INFO - [2025-02-20T13:09:13.439+0100] {dagbag.py:588} INFO - Filling up the DagBag from /Users/ajlakorman/Desktop/Data-Mining-Projects/Apache_Airflow/venv/lib/python3.10/site-packages/airflow/example_dags/example_short_circuit_decorator.py
[2025-02-20T13:09:13.469+0100] {processor.py:925} INFO - DAG(s) 'example_short_circuit_decorator' retrieved from /Users/ajlakorman/Desktop/Data-Mining-Projects/Apache_Airflow/venv/lib/python3.10/site-packages/airflow/example_dags/example_short_circuit_decorator.py
[2025-02-20T13:09:13.576+0100] {logging_mixin.py:190} INFO - [2025-02-20T13:09:13.576+0100] {dag.py:3239} INFO - Sync 1 DAGs
[2025-02-20T13:09:13.581+0100] {logging_mixin.py:190} INFO - [2025-02-20T13:09:13.581+0100] {dag.py:4180} INFO - Setting next_dagrun for example_short_circuit_decorator to None, run_after=None
[2025-02-20T13:09:13.589+0100] {processor.py:208} INFO - Processing /Users/ajlakorman/Desktop/Data-Mining-Projects/Apache_Airflow/venv/lib/python3.10/site-packages/airflow/example_dags/example_short_circuit_decorator.py took 0.152 seconds
[2025-02-20T13:10:36.724+0100] {processor.py:186} INFO - Started process (PID=15986) to work on /Users/ajlakorman/Desktop/Data-Mining-Projects/Apache_Airflow/venv/lib/python3.10/site-packages/airflow/example_dags/example_short_circuit_decorator.py
[2025-02-20T13:10:36.724+0100] {processor.py:914} INFO - Processing file /Users/ajlakorman/Desktop/Data-Mining-Projects/Apache_Airflow/venv/lib/python3.10/site-packages/airflow/example_dags/example_short_circuit_decorator.py for tasks to queue
[2025-02-20T13:10:36.725+0100] {logging_mixin.py:190} INFO - [2025-02-20T13:10:36.725+0100] {dagbag.py:588} INFO - Filling up the DagBag from /Users/ajlakorman/Desktop/Data-Mining-Projects/Apache_Airflow/venv/lib/python3.10/site-packages/airflow/example_dags/example_short_circuit_decorator.py
[2025-02-20T13:10:36.744+0100] {processor.py:925} INFO - DAG(s) 'example_short_circuit_decorator' retrieved from /Users/ajlakorman/Desktop/Data-Mining-Projects/Apache_Airflow/venv/lib/python3.10/site-packages/airflow/example_dags/example_short_circuit_decorator.py
[2025-02-20T13:10:36.813+0100] {logging_mixin.py:190} INFO - [2025-02-20T13:10:36.813+0100] {dag.py:3239} INFO - Sync 1 DAGs
[2025-02-20T13:10:36.818+0100] {logging_mixin.py:190} INFO - [2025-02-20T13:10:36.818+0100] {dag.py:4180} INFO - Setting next_dagrun for example_short_circuit_decorator to None, run_after=None
[2025-02-20T13:10:36.825+0100] {processor.py:208} INFO - Processing /Users/ajlakorman/Desktop/Data-Mining-Projects/Apache_Airflow/venv/lib/python3.10/site-packages/airflow/example_dags/example_short_circuit_decorator.py took 0.103 seconds
[2025-02-20T13:12:01.903+0100] {processor.py:186} INFO - Started process (PID=16101) to work on /Users/ajlakorman/Desktop/Data-Mining-Projects/Apache_Airflow/venv/lib/python3.10/site-packages/airflow/example_dags/example_short_circuit_decorator.py
[2025-02-20T13:12:01.904+0100] {processor.py:914} INFO - Processing file /Users/ajlakorman/Desktop/Data-Mining-Projects/Apache_Airflow/venv/lib/python3.10/site-packages/airflow/example_dags/example_short_circuit_decorator.py for tasks to queue
[2025-02-20T13:12:01.905+0100] {logging_mixin.py:190} INFO - [2025-02-20T13:12:01.905+0100] {dagbag.py:588} INFO - Filling up the DagBag from /Users/ajlakorman/Desktop/Data-Mining-Projects/Apache_Airflow/venv/lib/python3.10/site-packages/airflow/example_dags/example_short_circuit_decorator.py
[2025-02-20T13:12:01.923+0100] {processor.py:925} INFO - DAG(s) 'example_short_circuit_decorator' retrieved from /Users/ajlakorman/Desktop/Data-Mining-Projects/Apache_Airflow/venv/lib/python3.10/site-packages/airflow/example_dags/example_short_circuit_decorator.py
[2025-02-20T13:12:01.995+0100] {logging_mixin.py:190} INFO - [2025-02-20T13:12:01.994+0100] {dag.py:3239} INFO - Sync 1 DAGs
[2025-02-20T13:12:01.999+0100] {logging_mixin.py:190} INFO - [2025-02-20T13:12:01.999+0100] {dag.py:4180} INFO - Setting next_dagrun for example_short_circuit_decorator to None, run_after=None
[2025-02-20T13:12:02.008+0100] {processor.py:208} INFO - Processing /Users/ajlakorman/Desktop/Data-Mining-Projects/Apache_Airflow/venv/lib/python3.10/site-packages/airflow/example_dags/example_short_circuit_decorator.py took 0.109 seconds
[2025-02-20T13:13:32.078+0100] {processor.py:186} INFO - Started process (PID=16253) to work on /Users/ajlakorman/Desktop/Data-Mining-Projects/Apache_Airflow/venv/lib/python3.10/site-packages/airflow/example_dags/example_short_circuit_decorator.py
[2025-02-20T13:13:32.079+0100] {processor.py:914} INFO - Processing file /Users/ajlakorman/Desktop/Data-Mining-Projects/Apache_Airflow/venv/lib/python3.10/site-packages/airflow/example_dags/example_short_circuit_decorator.py for tasks to queue
[2025-02-20T13:13:32.080+0100] {logging_mixin.py:190} INFO - [2025-02-20T13:13:32.079+0100] {dagbag.py:588} INFO - Filling up the DagBag from /Users/ajlakorman/Desktop/Data-Mining-Projects/Apache_Airflow/venv/lib/python3.10/site-packages/airflow/example_dags/example_short_circuit_decorator.py
[2025-02-20T13:13:32.096+0100] {processor.py:925} INFO - DAG(s) 'example_short_circuit_decorator' retrieved from /Users/ajlakorman/Desktop/Data-Mining-Projects/Apache_Airflow/venv/lib/python3.10/site-packages/airflow/example_dags/example_short_circuit_decorator.py
[2025-02-20T13:13:32.174+0100] {logging_mixin.py:190} INFO - [2025-02-20T13:13:32.173+0100] {dag.py:3239} INFO - Sync 1 DAGs
[2025-02-20T13:13:32.178+0100] {logging_mixin.py:190} INFO - [2025-02-20T13:13:32.178+0100] {dag.py:4180} INFO - Setting next_dagrun for example_short_circuit_decorator to None, run_after=None
[2025-02-20T13:13:32.186+0100] {processor.py:208} INFO - Processing /Users/ajlakorman/Desktop/Data-Mining-Projects/Apache_Airflow/venv/lib/python3.10/site-packages/airflow/example_dags/example_short_circuit_decorator.py took 0.109 seconds
[2025-02-20T13:15:05.334+0100] {processor.py:186} INFO - Started process (PID=16399) to work on /Users/ajlakorman/Desktop/Data-Mining-Projects/Apache_Airflow/venv/lib/python3.10/site-packages/airflow/example_dags/example_short_circuit_decorator.py
[2025-02-20T13:15:05.334+0100] {processor.py:914} INFO - Processing file /Users/ajlakorman/Desktop/Data-Mining-Projects/Apache_Airflow/venv/lib/python3.10/site-packages/airflow/example_dags/example_short_circuit_decorator.py for tasks to queue
[2025-02-20T13:15:05.335+0100] {logging_mixin.py:190} INFO - [2025-02-20T13:15:05.335+0100] {dagbag.py:588} INFO - Filling up the DagBag from /Users/ajlakorman/Desktop/Data-Mining-Projects/Apache_Airflow/venv/lib/python3.10/site-packages/airflow/example_dags/example_short_circuit_decorator.py
[2025-02-20T13:15:05.351+0100] {processor.py:925} INFO - DAG(s) 'example_short_circuit_decorator' retrieved from /Users/ajlakorman/Desktop/Data-Mining-Projects/Apache_Airflow/venv/lib/python3.10/site-packages/airflow/example_dags/example_short_circuit_decorator.py
[2025-02-20T13:15:05.416+0100] {logging_mixin.py:190} INFO - [2025-02-20T13:15:05.415+0100] {dag.py:3239} INFO - Sync 1 DAGs
[2025-02-20T13:15:05.420+0100] {logging_mixin.py:190} INFO - [2025-02-20T13:15:05.420+0100] {dag.py:4180} INFO - Setting next_dagrun for example_short_circuit_decorator to None, run_after=None
[2025-02-20T13:15:05.427+0100] {processor.py:208} INFO - Processing /Users/ajlakorman/Desktop/Data-Mining-Projects/Apache_Airflow/venv/lib/python3.10/site-packages/airflow/example_dags/example_short_circuit_decorator.py took 0.095 seconds
[2025-02-20T13:16:28.091+0100] {processor.py:186} INFO - Started process (PID=16560) to work on /Users/ajlakorman/Desktop/Data-Mining-Projects/Apache_Airflow/venv/lib/python3.10/site-packages/airflow/example_dags/example_short_circuit_decorator.py
[2025-02-20T13:16:28.092+0100] {processor.py:914} INFO - Processing file /Users/ajlakorman/Desktop/Data-Mining-Projects/Apache_Airflow/venv/lib/python3.10/site-packages/airflow/example_dags/example_short_circuit_decorator.py for tasks to queue
[2025-02-20T13:16:28.092+0100] {logging_mixin.py:190} INFO - [2025-02-20T13:16:28.092+0100] {dagbag.py:588} INFO - Filling up the DagBag from /Users/ajlakorman/Desktop/Data-Mining-Projects/Apache_Airflow/venv/lib/python3.10/site-packages/airflow/example_dags/example_short_circuit_decorator.py
[2025-02-20T13:16:28.109+0100] {processor.py:925} INFO - DAG(s) 'example_short_circuit_decorator' retrieved from /Users/ajlakorman/Desktop/Data-Mining-Projects/Apache_Airflow/venv/lib/python3.10/site-packages/airflow/example_dags/example_short_circuit_decorator.py
[2025-02-20T13:16:28.178+0100] {logging_mixin.py:190} INFO - [2025-02-20T13:16:28.178+0100] {dag.py:3239} INFO - Sync 1 DAGs
[2025-02-20T13:16:28.183+0100] {logging_mixin.py:190} INFO - [2025-02-20T13:16:28.183+0100] {dag.py:4180} INFO - Setting next_dagrun for example_short_circuit_decorator to None, run_after=None
[2025-02-20T13:16:28.192+0100] {processor.py:208} INFO - Processing /Users/ajlakorman/Desktop/Data-Mining-Projects/Apache_Airflow/venv/lib/python3.10/site-packages/airflow/example_dags/example_short_circuit_decorator.py took 0.103 seconds
[2025-02-20T13:18:05.326+0100] {processor.py:186} INFO - Started process (PID=16764) to work on /Users/ajlakorman/Desktop/Data-Mining-Projects/Apache_Airflow/venv/lib/python3.10/site-packages/airflow/example_dags/example_short_circuit_decorator.py
[2025-02-20T13:18:05.327+0100] {processor.py:914} INFO - Processing file /Users/ajlakorman/Desktop/Data-Mining-Projects/Apache_Airflow/venv/lib/python3.10/site-packages/airflow/example_dags/example_short_circuit_decorator.py for tasks to queue
[2025-02-20T13:18:05.328+0100] {logging_mixin.py:190} INFO - [2025-02-20T13:18:05.327+0100] {dagbag.py:588} INFO - Filling up the DagBag from /Users/ajlakorman/Desktop/Data-Mining-Projects/Apache_Airflow/venv/lib/python3.10/site-packages/airflow/example_dags/example_short_circuit_decorator.py
[2025-02-20T13:18:05.384+0100] {processor.py:925} INFO - DAG(s) 'example_short_circuit_decorator' retrieved from /Users/ajlakorman/Desktop/Data-Mining-Projects/Apache_Airflow/venv/lib/python3.10/site-packages/airflow/example_dags/example_short_circuit_decorator.py
[2025-02-20T13:18:05.471+0100] {logging_mixin.py:190} INFO - [2025-02-20T13:18:05.471+0100] {dag.py:3239} INFO - Sync 1 DAGs
[2025-02-20T13:18:05.476+0100] {logging_mixin.py:190} INFO - [2025-02-20T13:18:05.476+0100] {dag.py:4180} INFO - Setting next_dagrun for example_short_circuit_decorator to None, run_after=None
[2025-02-20T13:18:05.483+0100] {processor.py:208} INFO - Processing /Users/ajlakorman/Desktop/Data-Mining-Projects/Apache_Airflow/venv/lib/python3.10/site-packages/airflow/example_dags/example_short_circuit_decorator.py took 0.159 seconds
[2025-02-20T13:19:38.634+0100] {processor.py:186} INFO - Started process (PID=16948) to work on /Users/ajlakorman/Desktop/Data-Mining-Projects/Apache_Airflow/venv/lib/python3.10/site-packages/airflow/example_dags/example_short_circuit_decorator.py
[2025-02-20T13:19:38.635+0100] {processor.py:914} INFO - Processing file /Users/ajlakorman/Desktop/Data-Mining-Projects/Apache_Airflow/venv/lib/python3.10/site-packages/airflow/example_dags/example_short_circuit_decorator.py for tasks to queue
[2025-02-20T13:19:38.635+0100] {logging_mixin.py:190} INFO - [2025-02-20T13:19:38.635+0100] {dagbag.py:588} INFO - Filling up the DagBag from /Users/ajlakorman/Desktop/Data-Mining-Projects/Apache_Airflow/venv/lib/python3.10/site-packages/airflow/example_dags/example_short_circuit_decorator.py
[2025-02-20T13:19:38.653+0100] {processor.py:925} INFO - DAG(s) 'example_short_circuit_decorator' retrieved from /Users/ajlakorman/Desktop/Data-Mining-Projects/Apache_Airflow/venv/lib/python3.10/site-packages/airflow/example_dags/example_short_circuit_decorator.py
[2025-02-20T13:19:38.727+0100] {logging_mixin.py:190} INFO - [2025-02-20T13:19:38.727+0100] {dag.py:3239} INFO - Sync 1 DAGs
[2025-02-20T13:19:38.732+0100] {logging_mixin.py:190} INFO - [2025-02-20T13:19:38.732+0100] {dag.py:4180} INFO - Setting next_dagrun for example_short_circuit_decorator to None, run_after=None
[2025-02-20T13:19:38.739+0100] {processor.py:208} INFO - Processing /Users/ajlakorman/Desktop/Data-Mining-Projects/Apache_Airflow/venv/lib/python3.10/site-packages/airflow/example_dags/example_short_circuit_decorator.py took 0.107 seconds
[2025-02-20T13:21:13.900+0100] {processor.py:186} INFO - Started process (PID=17080) to work on /Users/ajlakorman/Desktop/Data-Mining-Projects/Apache_Airflow/venv/lib/python3.10/site-packages/airflow/example_dags/example_short_circuit_decorator.py
[2025-02-20T13:21:13.900+0100] {processor.py:914} INFO - Processing file /Users/ajlakorman/Desktop/Data-Mining-Projects/Apache_Airflow/venv/lib/python3.10/site-packages/airflow/example_dags/example_short_circuit_decorator.py for tasks to queue
[2025-02-20T13:21:13.901+0100] {logging_mixin.py:190} INFO - [2025-02-20T13:21:13.901+0100] {dagbag.py:588} INFO - Filling up the DagBag from /Users/ajlakorman/Desktop/Data-Mining-Projects/Apache_Airflow/venv/lib/python3.10/site-packages/airflow/example_dags/example_short_circuit_decorator.py
[2025-02-20T13:21:13.918+0100] {processor.py:925} INFO - DAG(s) 'example_short_circuit_decorator' retrieved from /Users/ajlakorman/Desktop/Data-Mining-Projects/Apache_Airflow/venv/lib/python3.10/site-packages/airflow/example_dags/example_short_circuit_decorator.py
[2025-02-20T13:21:13.986+0100] {logging_mixin.py:190} INFO - [2025-02-20T13:21:13.986+0100] {dag.py:3239} INFO - Sync 1 DAGs
[2025-02-20T13:21:13.991+0100] {logging_mixin.py:190} INFO - [2025-02-20T13:21:13.991+0100] {dag.py:4180} INFO - Setting next_dagrun for example_short_circuit_decorator to None, run_after=None
[2025-02-20T13:21:13.998+0100] {processor.py:208} INFO - Processing /Users/ajlakorman/Desktop/Data-Mining-Projects/Apache_Airflow/venv/lib/python3.10/site-packages/airflow/example_dags/example_short_circuit_decorator.py took 0.100 seconds
[2025-02-20T13:22:35.181+0100] {processor.py:186} INFO - Started process (PID=17276) to work on /Users/ajlakorman/Desktop/Data-Mining-Projects/Apache_Airflow/venv/lib/python3.10/site-packages/airflow/example_dags/example_short_circuit_decorator.py
[2025-02-20T13:22:35.182+0100] {processor.py:914} INFO - Processing file /Users/ajlakorman/Desktop/Data-Mining-Projects/Apache_Airflow/venv/lib/python3.10/site-packages/airflow/example_dags/example_short_circuit_decorator.py for tasks to queue
[2025-02-20T13:22:35.182+0100] {logging_mixin.py:190} INFO - [2025-02-20T13:22:35.182+0100] {dagbag.py:588} INFO - Filling up the DagBag from /Users/ajlakorman/Desktop/Data-Mining-Projects/Apache_Airflow/venv/lib/python3.10/site-packages/airflow/example_dags/example_short_circuit_decorator.py
[2025-02-20T13:22:35.199+0100] {processor.py:925} INFO - DAG(s) 'example_short_circuit_decorator' retrieved from /Users/ajlakorman/Desktop/Data-Mining-Projects/Apache_Airflow/venv/lib/python3.10/site-packages/airflow/example_dags/example_short_circuit_decorator.py
[2025-02-20T13:22:35.263+0100] {logging_mixin.py:190} INFO - [2025-02-20T13:22:35.263+0100] {dag.py:3239} INFO - Sync 1 DAGs
[2025-02-20T13:22:35.268+0100] {logging_mixin.py:190} INFO - [2025-02-20T13:22:35.268+0100] {dag.py:4180} INFO - Setting next_dagrun for example_short_circuit_decorator to None, run_after=None
[2025-02-20T13:22:35.274+0100] {processor.py:208} INFO - Processing /Users/ajlakorman/Desktop/Data-Mining-Projects/Apache_Airflow/venv/lib/python3.10/site-packages/airflow/example_dags/example_short_circuit_decorator.py took 0.095 seconds
[2025-02-20T13:23:54.623+0100] {processor.py:186} INFO - Started process (PID=17414) to work on /Users/ajlakorman/Desktop/Data-Mining-Projects/Apache_Airflow/venv/lib/python3.10/site-packages/airflow/example_dags/example_short_circuit_decorator.py
[2025-02-20T13:23:54.624+0100] {processor.py:914} INFO - Processing file /Users/ajlakorman/Desktop/Data-Mining-Projects/Apache_Airflow/venv/lib/python3.10/site-packages/airflow/example_dags/example_short_circuit_decorator.py for tasks to queue
[2025-02-20T13:23:54.624+0100] {logging_mixin.py:190} INFO - [2025-02-20T13:23:54.624+0100] {dagbag.py:588} INFO - Filling up the DagBag from /Users/ajlakorman/Desktop/Data-Mining-Projects/Apache_Airflow/venv/lib/python3.10/site-packages/airflow/example_dags/example_short_circuit_decorator.py
[2025-02-20T13:23:54.641+0100] {processor.py:925} INFO - DAG(s) 'example_short_circuit_decorator' retrieved from /Users/ajlakorman/Desktop/Data-Mining-Projects/Apache_Airflow/venv/lib/python3.10/site-packages/airflow/example_dags/example_short_circuit_decorator.py
[2025-02-20T13:23:54.704+0100] {logging_mixin.py:190} INFO - [2025-02-20T13:23:54.704+0100] {dag.py:3239} INFO - Sync 1 DAGs
[2025-02-20T13:23:54.709+0100] {logging_mixin.py:190} INFO - [2025-02-20T13:23:54.709+0100] {dag.py:4180} INFO - Setting next_dagrun for example_short_circuit_decorator to None, run_after=None
[2025-02-20T13:23:54.715+0100] {processor.py:208} INFO - Processing /Users/ajlakorman/Desktop/Data-Mining-Projects/Apache_Airflow/venv/lib/python3.10/site-packages/airflow/example_dags/example_short_circuit_decorator.py took 0.094 seconds
[2025-02-20T13:26:30.611+0100] {processor.py:186} INFO - Started process (PID=17612) to work on /Users/ajlakorman/Desktop/Data-Mining-Projects/Apache_Airflow/venv/lib/python3.10/site-packages/airflow/example_dags/example_short_circuit_decorator.py
[2025-02-20T13:26:30.611+0100] {processor.py:914} INFO - Processing file /Users/ajlakorman/Desktop/Data-Mining-Projects/Apache_Airflow/venv/lib/python3.10/site-packages/airflow/example_dags/example_short_circuit_decorator.py for tasks to queue
[2025-02-20T13:26:30.612+0100] {logging_mixin.py:190} INFO - [2025-02-20T13:26:30.612+0100] {dagbag.py:588} INFO - Filling up the DagBag from /Users/ajlakorman/Desktop/Data-Mining-Projects/Apache_Airflow/venv/lib/python3.10/site-packages/airflow/example_dags/example_short_circuit_decorator.py
[2025-02-20T13:26:30.627+0100] {processor.py:925} INFO - DAG(s) 'example_short_circuit_decorator' retrieved from /Users/ajlakorman/Desktop/Data-Mining-Projects/Apache_Airflow/venv/lib/python3.10/site-packages/airflow/example_dags/example_short_circuit_decorator.py
[2025-02-20T13:26:30.690+0100] {logging_mixin.py:190} INFO - [2025-02-20T13:26:30.690+0100] {dag.py:3239} INFO - Sync 1 DAGs
[2025-02-20T13:26:30.694+0100] {logging_mixin.py:190} INFO - [2025-02-20T13:26:30.694+0100] {dag.py:4180} INFO - Setting next_dagrun for example_short_circuit_decorator to None, run_after=None
[2025-02-20T13:26:30.701+0100] {processor.py:208} INFO - Processing /Users/ajlakorman/Desktop/Data-Mining-Projects/Apache_Airflow/venv/lib/python3.10/site-packages/airflow/example_dags/example_short_circuit_decorator.py took 0.091 seconds
