[2025-02-20T10:52:47.685+0100] {processor.py:186} INFO - Started process (PID=6268) to work on /Users/ajlakorman/Desktop/Data-Mining-Projects/Apache_Airflow/venv/lib/python3.10/site-packages/airflow/example_dags/example_outlet_event_extra.py
[2025-02-20T10:52:47.686+0100] {processor.py:914} INFO - Processing file /Users/ajlakorman/Desktop/Data-Mining-Projects/Apache_Airflow/venv/lib/python3.10/site-packages/airflow/example_dags/example_outlet_event_extra.py for tasks to queue
[2025-02-20T10:52:47.686+0100] {logging_mixin.py:190} INFO - [2025-02-20T10:52:47.686+0100] {dagbag.py:588} INFO - Filling up the DagBag from /Users/ajlakorman/Desktop/Data-Mining-Projects/Apache_Airflow/venv/lib/python3.10/site-packages/airflow/example_dags/example_outlet_event_extra.py
[2025-02-20T10:52:47.753+0100] {processor.py:925} INFO - DAG(s) 'dataset_with_extra_by_context', 'dataset_with_extra_by_yield', 'dataset_with_extra_from_classic_operator' retrieved from /Users/ajlakorman/Desktop/Data-Mining-Projects/Apache_Airflow/venv/lib/python3.10/site-packages/airflow/example_dags/example_outlet_event_extra.py
[2025-02-20T10:52:47.880+0100] {logging_mixin.py:190} INFO - [2025-02-20T10:52:47.880+0100] {override.py:1912} INFO - Created Permission View: can read on DAG:dataset_with_extra_by_context
[2025-02-20T10:52:47.884+0100] {logging_mixin.py:190} INFO - [2025-02-20T10:52:47.884+0100] {override.py:1912} INFO - Created Permission View: can delete on DAG:dataset_with_extra_by_context
[2025-02-20T10:52:47.887+0100] {logging_mixin.py:190} INFO - [2025-02-20T10:52:47.887+0100] {override.py:1912} INFO - Created Permission View: can edit on DAG:dataset_with_extra_by_context
[2025-02-20T10:52:47.890+0100] {logging_mixin.py:190} INFO - [2025-02-20T10:52:47.890+0100] {override.py:1912} INFO - Created Permission View: can read on DAG Run:dataset_with_extra_by_context
[2025-02-20T10:52:47.892+0100] {logging_mixin.py:190} INFO - [2025-02-20T10:52:47.892+0100] {override.py:1912} INFO - Created Permission View: menu access on DAG Run:dataset_with_extra_by_context
[2025-02-20T10:52:47.894+0100] {logging_mixin.py:190} INFO - [2025-02-20T10:52:47.894+0100] {override.py:1912} INFO - Created Permission View: can delete on DAG Run:dataset_with_extra_by_context
[2025-02-20T10:52:47.896+0100] {logging_mixin.py:190} INFO - [2025-02-20T10:52:47.896+0100] {override.py:1912} INFO - Created Permission View: can create on DAG Run:dataset_with_extra_by_context
[2025-02-20T10:52:47.901+0100] {logging_mixin.py:190} INFO - [2025-02-20T10:52:47.901+0100] {override.py:1912} INFO - Created Permission View: can read on DAG:dataset_with_extra_by_yield
[2025-02-20T10:52:47.903+0100] {logging_mixin.py:190} INFO - [2025-02-20T10:52:47.903+0100] {override.py:1912} INFO - Created Permission View: can delete on DAG:dataset_with_extra_by_yield
[2025-02-20T10:52:47.905+0100] {logging_mixin.py:190} INFO - [2025-02-20T10:52:47.905+0100] {override.py:1912} INFO - Created Permission View: can edit on DAG:dataset_with_extra_by_yield
[2025-02-20T10:52:47.908+0100] {logging_mixin.py:190} INFO - [2025-02-20T10:52:47.908+0100] {override.py:1912} INFO - Created Permission View: can read on DAG Run:dataset_with_extra_by_yield
[2025-02-20T10:52:47.911+0100] {logging_mixin.py:190} INFO - [2025-02-20T10:52:47.911+0100] {override.py:1912} INFO - Created Permission View: menu access on DAG Run:dataset_with_extra_by_yield
[2025-02-20T10:52:47.913+0100] {logging_mixin.py:190} INFO - [2025-02-20T10:52:47.913+0100] {override.py:1912} INFO - Created Permission View: can delete on DAG Run:dataset_with_extra_by_yield
[2025-02-20T10:52:47.916+0100] {logging_mixin.py:190} INFO - [2025-02-20T10:52:47.915+0100] {override.py:1912} INFO - Created Permission View: can create on DAG Run:dataset_with_extra_by_yield
[2025-02-20T10:52:47.920+0100] {logging_mixin.py:190} INFO - [2025-02-20T10:52:47.920+0100] {override.py:1912} INFO - Created Permission View: can read on DAG:dataset_with_extra_from_classic_operator
[2025-02-20T10:52:47.923+0100] {logging_mixin.py:190} INFO - [2025-02-20T10:52:47.923+0100] {override.py:1912} INFO - Created Permission View: can delete on DAG:dataset_with_extra_from_classic_operator
[2025-02-20T10:52:47.925+0100] {logging_mixin.py:190} INFO - [2025-02-20T10:52:47.925+0100] {override.py:1912} INFO - Created Permission View: can edit on DAG:dataset_with_extra_from_classic_operator
[2025-02-20T10:52:47.928+0100] {logging_mixin.py:190} INFO - [2025-02-20T10:52:47.928+0100] {override.py:1912} INFO - Created Permission View: can read on DAG Run:dataset_with_extra_from_classic_operator
[2025-02-20T10:52:47.930+0100] {logging_mixin.py:190} INFO - [2025-02-20T10:52:47.930+0100] {override.py:1912} INFO - Created Permission View: menu access on DAG Run:dataset_with_extra_from_classic_operator
[2025-02-20T10:52:47.932+0100] {logging_mixin.py:190} INFO - [2025-02-20T10:52:47.932+0100] {override.py:1912} INFO - Created Permission View: can delete on DAG Run:dataset_with_extra_from_classic_operator
[2025-02-20T10:52:47.934+0100] {logging_mixin.py:190} INFO - [2025-02-20T10:52:47.934+0100] {override.py:1912} INFO - Created Permission View: can create on DAG Run:dataset_with_extra_from_classic_operator
[2025-02-20T10:52:47.934+0100] {logging_mixin.py:190} INFO - [2025-02-20T10:52:47.934+0100] {dag.py:3239} INFO - Sync 3 DAGs
[2025-02-20T10:52:47.939+0100] {logging_mixin.py:190} INFO - [2025-02-20T10:52:47.939+0100] {dag.py:3262} INFO - Creating ORM DAG for dataset_with_extra_by_yield
[2025-02-20T10:52:47.939+0100] {logging_mixin.py:190} INFO - [2025-02-20T10:52:47.939+0100] {dag.py:3262} INFO - Creating ORM DAG for dataset_with_extra_from_classic_operator
[2025-02-20T10:52:47.939+0100] {logging_mixin.py:190} INFO - [2025-02-20T10:52:47.939+0100] {dag.py:3262} INFO - Creating ORM DAG for dataset_with_extra_by_context
[2025-02-20T10:52:47.942+0100] {logging_mixin.py:190} INFO - [2025-02-20T10:52:47.942+0100] {dag.py:4180} INFO - Setting next_dagrun for dataset_with_extra_by_context to 2025-02-19 00:00:00+00:00, run_after=2025-02-20 00:00:00+00:00
[2025-02-20T10:52:47.943+0100] {logging_mixin.py:190} INFO - [2025-02-20T10:52:47.943+0100] {dag.py:4180} INFO - Setting next_dagrun for dataset_with_extra_by_yield to 2025-02-19 00:00:00+00:00, run_after=2025-02-20 00:00:00+00:00
[2025-02-20T10:52:47.944+0100] {logging_mixin.py:190} INFO - [2025-02-20T10:52:47.944+0100] {dag.py:4180} INFO - Setting next_dagrun for dataset_with_extra_from_classic_operator to 2025-02-19 00:00:00+00:00, run_after=2025-02-20 00:00:00+00:00
[2025-02-20T10:52:47.951+0100] {logging_mixin.py:190} INFO - [2025-02-20T10:52:47.951+0100] {workday.py:41} WARNING - Could not import pandas. Holidays will not be considered.
[2025-02-20T10:52:47.959+0100] {processor.py:208} INFO - Processing /Users/ajlakorman/Desktop/Data-Mining-Projects/Apache_Airflow/venv/lib/python3.10/site-packages/airflow/example_dags/example_outlet_event_extra.py took 0.276 seconds
[2025-02-20T10:54:37.003+0100] {processor.py:186} INFO - Started process (PID=6569) to work on /Users/ajlakorman/Desktop/Data-Mining-Projects/Apache_Airflow/venv/lib/python3.10/site-packages/airflow/example_dags/example_outlet_event_extra.py
[2025-02-20T10:54:37.005+0100] {processor.py:914} INFO - Processing file /Users/ajlakorman/Desktop/Data-Mining-Projects/Apache_Airflow/venv/lib/python3.10/site-packages/airflow/example_dags/example_outlet_event_extra.py for tasks to queue
[2025-02-20T10:54:37.005+0100] {logging_mixin.py:190} INFO - [2025-02-20T10:54:37.005+0100] {dagbag.py:588} INFO - Filling up the DagBag from /Users/ajlakorman/Desktop/Data-Mining-Projects/Apache_Airflow/venv/lib/python3.10/site-packages/airflow/example_dags/example_outlet_event_extra.py
[2025-02-20T10:54:37.069+0100] {processor.py:925} INFO - DAG(s) 'dataset_with_extra_from_classic_operator', 'dataset_with_extra_by_yield', 'dataset_with_extra_by_context' retrieved from /Users/ajlakorman/Desktop/Data-Mining-Projects/Apache_Airflow/venv/lib/python3.10/site-packages/airflow/example_dags/example_outlet_event_extra.py
[2025-02-20T10:54:37.109+0100] {logging_mixin.py:190} INFO - [2025-02-20T10:54:37.109+0100] {dag.py:3239} INFO - Sync 3 DAGs
[2025-02-20T10:54:37.116+0100] {logging_mixin.py:190} INFO - [2025-02-20T10:54:37.116+0100] {dag.py:4180} INFO - Setting next_dagrun for dataset_with_extra_by_context to 2025-02-19 00:00:00+00:00, run_after=2025-02-20 00:00:00+00:00
[2025-02-20T10:54:37.117+0100] {logging_mixin.py:190} INFO - [2025-02-20T10:54:37.117+0100] {dag.py:4180} INFO - Setting next_dagrun for dataset_with_extra_by_yield to 2025-02-19 00:00:00+00:00, run_after=2025-02-20 00:00:00+00:00
[2025-02-20T10:54:37.118+0100] {logging_mixin.py:190} INFO - [2025-02-20T10:54:37.118+0100] {dag.py:4180} INFO - Setting next_dagrun for dataset_with_extra_from_classic_operator to 2025-02-19 00:00:00+00:00, run_after=2025-02-20 00:00:00+00:00
[2025-02-20T10:54:37.126+0100] {processor.py:208} INFO - Processing /Users/ajlakorman/Desktop/Data-Mining-Projects/Apache_Airflow/venv/lib/python3.10/site-packages/airflow/example_dags/example_outlet_event_extra.py took 0.124 seconds
[2025-02-20T10:57:10.821+0100] {processor.py:186} INFO - Started process (PID=6868) to work on /Users/ajlakorman/Desktop/Data-Mining-Projects/Apache_Airflow/venv/lib/python3.10/site-packages/airflow/example_dags/example_outlet_event_extra.py
[2025-02-20T10:57:10.822+0100] {processor.py:914} INFO - Processing file /Users/ajlakorman/Desktop/Data-Mining-Projects/Apache_Airflow/venv/lib/python3.10/site-packages/airflow/example_dags/example_outlet_event_extra.py for tasks to queue
[2025-02-20T10:57:10.822+0100] {logging_mixin.py:190} INFO - [2025-02-20T10:57:10.822+0100] {dagbag.py:588} INFO - Filling up the DagBag from /Users/ajlakorman/Desktop/Data-Mining-Projects/Apache_Airflow/venv/lib/python3.10/site-packages/airflow/example_dags/example_outlet_event_extra.py
[2025-02-20T10:57:10.905+0100] {processor.py:925} INFO - DAG(s) 'dataset_with_extra_from_classic_operator', 'dataset_with_extra_by_context', 'dataset_with_extra_by_yield' retrieved from /Users/ajlakorman/Desktop/Data-Mining-Projects/Apache_Airflow/venv/lib/python3.10/site-packages/airflow/example_dags/example_outlet_event_extra.py
[2025-02-20T10:57:10.948+0100] {logging_mixin.py:190} INFO - [2025-02-20T10:57:10.948+0100] {dag.py:3239} INFO - Sync 3 DAGs
[2025-02-20T10:57:10.972+0100] {logging_mixin.py:190} INFO - [2025-02-20T10:57:10.971+0100] {dag.py:4180} INFO - Setting next_dagrun for dataset_with_extra_by_context to 2025-02-19 00:00:00+00:00, run_after=2025-02-20 00:00:00+00:00
[2025-02-20T10:57:10.976+0100] {logging_mixin.py:190} INFO - [2025-02-20T10:57:10.976+0100] {dag.py:4180} INFO - Setting next_dagrun for dataset_with_extra_by_yield to 2025-02-19 00:00:00+00:00, run_after=2025-02-20 00:00:00+00:00
[2025-02-20T10:57:10.977+0100] {logging_mixin.py:190} INFO - [2025-02-20T10:57:10.977+0100] {dag.py:4180} INFO - Setting next_dagrun for dataset_with_extra_from_classic_operator to 2025-02-19 00:00:00+00:00, run_after=2025-02-20 00:00:00+00:00
[2025-02-20T10:57:10.993+0100] {processor.py:208} INFO - Processing /Users/ajlakorman/Desktop/Data-Mining-Projects/Apache_Airflow/venv/lib/python3.10/site-packages/airflow/example_dags/example_outlet_event_extra.py took 0.175 seconds
[2025-02-20T10:59:58.704+0100] {processor.py:186} INFO - Started process (PID=7158) to work on /Users/ajlakorman/Desktop/Data-Mining-Projects/Apache_Airflow/venv/lib/python3.10/site-packages/airflow/example_dags/example_outlet_event_extra.py
[2025-02-20T10:59:58.705+0100] {processor.py:914} INFO - Processing file /Users/ajlakorman/Desktop/Data-Mining-Projects/Apache_Airflow/venv/lib/python3.10/site-packages/airflow/example_dags/example_outlet_event_extra.py for tasks to queue
[2025-02-20T10:59:58.705+0100] {logging_mixin.py:190} INFO - [2025-02-20T10:59:58.705+0100] {dagbag.py:588} INFO - Filling up the DagBag from /Users/ajlakorman/Desktop/Data-Mining-Projects/Apache_Airflow/venv/lib/python3.10/site-packages/airflow/example_dags/example_outlet_event_extra.py
[2025-02-20T10:59:58.796+0100] {processor.py:925} INFO - DAG(s) 'dataset_with_extra_by_yield', 'dataset_with_extra_by_context', 'dataset_with_extra_from_classic_operator' retrieved from /Users/ajlakorman/Desktop/Data-Mining-Projects/Apache_Airflow/venv/lib/python3.10/site-packages/airflow/example_dags/example_outlet_event_extra.py
[2025-02-20T10:59:58.906+0100] {logging_mixin.py:190} INFO - [2025-02-20T10:59:58.906+0100] {dag.py:3239} INFO - Sync 3 DAGs
[2025-02-20T10:59:58.916+0100] {logging_mixin.py:190} INFO - [2025-02-20T10:59:58.916+0100] {dag.py:4180} INFO - Setting next_dagrun for dataset_with_extra_by_context to 2025-02-19 00:00:00+00:00, run_after=2025-02-20 00:00:00+00:00
[2025-02-20T10:59:58.918+0100] {logging_mixin.py:190} INFO - [2025-02-20T10:59:58.918+0100] {dag.py:4180} INFO - Setting next_dagrun for dataset_with_extra_by_yield to 2025-02-19 00:00:00+00:00, run_after=2025-02-20 00:00:00+00:00
[2025-02-20T10:59:58.920+0100] {logging_mixin.py:190} INFO - [2025-02-20T10:59:58.919+0100] {dag.py:4180} INFO - Setting next_dagrun for dataset_with_extra_from_classic_operator to 2025-02-19 00:00:00+00:00, run_after=2025-02-20 00:00:00+00:00
[2025-02-20T10:59:58.930+0100] {processor.py:208} INFO - Processing /Users/ajlakorman/Desktop/Data-Mining-Projects/Apache_Airflow/venv/lib/python3.10/site-packages/airflow/example_dags/example_outlet_event_extra.py took 0.227 seconds
[2025-02-20T11:02:26.704+0100] {processor.py:186} INFO - Started process (PID=7466) to work on /Users/ajlakorman/Desktop/Data-Mining-Projects/Apache_Airflow/venv/lib/python3.10/site-packages/airflow/example_dags/example_outlet_event_extra.py
[2025-02-20T11:02:26.706+0100] {processor.py:914} INFO - Processing file /Users/ajlakorman/Desktop/Data-Mining-Projects/Apache_Airflow/venv/lib/python3.10/site-packages/airflow/example_dags/example_outlet_event_extra.py for tasks to queue
[2025-02-20T11:02:26.706+0100] {logging_mixin.py:190} INFO - [2025-02-20T11:02:26.706+0100] {dagbag.py:588} INFO - Filling up the DagBag from /Users/ajlakorman/Desktop/Data-Mining-Projects/Apache_Airflow/venv/lib/python3.10/site-packages/airflow/example_dags/example_outlet_event_extra.py
[2025-02-20T11:02:26.768+0100] {processor.py:925} INFO - DAG(s) 'dataset_with_extra_by_context', 'dataset_with_extra_by_yield', 'dataset_with_extra_from_classic_operator' retrieved from /Users/ajlakorman/Desktop/Data-Mining-Projects/Apache_Airflow/venv/lib/python3.10/site-packages/airflow/example_dags/example_outlet_event_extra.py
[2025-02-20T11:02:26.808+0100] {logging_mixin.py:190} INFO - [2025-02-20T11:02:26.808+0100] {dag.py:3239} INFO - Sync 3 DAGs
[2025-02-20T11:02:26.815+0100] {logging_mixin.py:190} INFO - [2025-02-20T11:02:26.815+0100] {dag.py:4180} INFO - Setting next_dagrun for dataset_with_extra_by_context to 2025-02-19 00:00:00+00:00, run_after=2025-02-20 00:00:00+00:00
[2025-02-20T11:02:26.816+0100] {logging_mixin.py:190} INFO - [2025-02-20T11:02:26.816+0100] {dag.py:4180} INFO - Setting next_dagrun for dataset_with_extra_by_yield to 2025-02-19 00:00:00+00:00, run_after=2025-02-20 00:00:00+00:00
[2025-02-20T11:02:26.817+0100] {logging_mixin.py:190} INFO - [2025-02-20T11:02:26.817+0100] {dag.py:4180} INFO - Setting next_dagrun for dataset_with_extra_from_classic_operator to 2025-02-19 00:00:00+00:00, run_after=2025-02-20 00:00:00+00:00
[2025-02-20T11:02:26.824+0100] {processor.py:208} INFO - Processing /Users/ajlakorman/Desktop/Data-Mining-Projects/Apache_Airflow/venv/lib/python3.10/site-packages/airflow/example_dags/example_outlet_event_extra.py took 0.121 seconds
[2025-02-20T11:04:44.403+0100] {processor.py:186} INFO - Started process (PID=7735) to work on /Users/ajlakorman/Desktop/Data-Mining-Projects/Apache_Airflow/venv/lib/python3.10/site-packages/airflow/example_dags/example_outlet_event_extra.py
[2025-02-20T11:04:44.404+0100] {processor.py:914} INFO - Processing file /Users/ajlakorman/Desktop/Data-Mining-Projects/Apache_Airflow/venv/lib/python3.10/site-packages/airflow/example_dags/example_outlet_event_extra.py for tasks to queue
[2025-02-20T11:04:44.404+0100] {logging_mixin.py:190} INFO - [2025-02-20T11:04:44.404+0100] {dagbag.py:588} INFO - Filling up the DagBag from /Users/ajlakorman/Desktop/Data-Mining-Projects/Apache_Airflow/venv/lib/python3.10/site-packages/airflow/example_dags/example_outlet_event_extra.py
[2025-02-20T11:04:44.471+0100] {processor.py:925} INFO - DAG(s) 'dataset_with_extra_by_context', 'dataset_with_extra_by_yield', 'dataset_with_extra_from_classic_operator' retrieved from /Users/ajlakorman/Desktop/Data-Mining-Projects/Apache_Airflow/venv/lib/python3.10/site-packages/airflow/example_dags/example_outlet_event_extra.py
[2025-02-20T11:04:44.516+0100] {logging_mixin.py:190} INFO - [2025-02-20T11:04:44.516+0100] {dag.py:3239} INFO - Sync 3 DAGs
[2025-02-20T11:04:44.524+0100] {logging_mixin.py:190} INFO - [2025-02-20T11:04:44.524+0100] {dag.py:4180} INFO - Setting next_dagrun for dataset_with_extra_by_context to 2025-02-19 00:00:00+00:00, run_after=2025-02-20 00:00:00+00:00
[2025-02-20T11:04:44.529+0100] {logging_mixin.py:190} INFO - [2025-02-20T11:04:44.529+0100] {dag.py:4180} INFO - Setting next_dagrun for dataset_with_extra_by_yield to 2025-02-19 00:00:00+00:00, run_after=2025-02-20 00:00:00+00:00
[2025-02-20T11:04:44.530+0100] {logging_mixin.py:190} INFO - [2025-02-20T11:04:44.530+0100] {dag.py:4180} INFO - Setting next_dagrun for dataset_with_extra_from_classic_operator to 2025-02-19 00:00:00+00:00, run_after=2025-02-20 00:00:00+00:00
[2025-02-20T11:04:44.538+0100] {processor.py:208} INFO - Processing /Users/ajlakorman/Desktop/Data-Mining-Projects/Apache_Airflow/venv/lib/python3.10/site-packages/airflow/example_dags/example_outlet_event_extra.py took 0.138 seconds
[2025-02-20T11:07:04.749+0100] {processor.py:186} INFO - Started process (PID=8067) to work on /Users/ajlakorman/Desktop/Data-Mining-Projects/Apache_Airflow/venv/lib/python3.10/site-packages/airflow/example_dags/example_outlet_event_extra.py
[2025-02-20T11:07:04.750+0100] {processor.py:914} INFO - Processing file /Users/ajlakorman/Desktop/Data-Mining-Projects/Apache_Airflow/venv/lib/python3.10/site-packages/airflow/example_dags/example_outlet_event_extra.py for tasks to queue
[2025-02-20T11:07:04.750+0100] {logging_mixin.py:190} INFO - [2025-02-20T11:07:04.750+0100] {dagbag.py:588} INFO - Filling up the DagBag from /Users/ajlakorman/Desktop/Data-Mining-Projects/Apache_Airflow/venv/lib/python3.10/site-packages/airflow/example_dags/example_outlet_event_extra.py
[2025-02-20T11:07:04.811+0100] {processor.py:925} INFO - DAG(s) 'dataset_with_extra_by_yield', 'dataset_with_extra_from_classic_operator', 'dataset_with_extra_by_context' retrieved from /Users/ajlakorman/Desktop/Data-Mining-Projects/Apache_Airflow/venv/lib/python3.10/site-packages/airflow/example_dags/example_outlet_event_extra.py
[2025-02-20T11:07:04.850+0100] {logging_mixin.py:190} INFO - [2025-02-20T11:07:04.850+0100] {dag.py:3239} INFO - Sync 3 DAGs
[2025-02-20T11:07:04.857+0100] {logging_mixin.py:190} INFO - [2025-02-20T11:07:04.857+0100] {dag.py:4180} INFO - Setting next_dagrun for dataset_with_extra_by_context to 2025-02-19 00:00:00+00:00, run_after=2025-02-20 00:00:00+00:00
[2025-02-20T11:07:04.858+0100] {logging_mixin.py:190} INFO - [2025-02-20T11:07:04.858+0100] {dag.py:4180} INFO - Setting next_dagrun for dataset_with_extra_by_yield to 2025-02-19 00:00:00+00:00, run_after=2025-02-20 00:00:00+00:00
[2025-02-20T11:07:04.859+0100] {logging_mixin.py:190} INFO - [2025-02-20T11:07:04.859+0100] {dag.py:4180} INFO - Setting next_dagrun for dataset_with_extra_from_classic_operator to 2025-02-19 00:00:00+00:00, run_after=2025-02-20 00:00:00+00:00
[2025-02-20T11:07:04.867+0100] {processor.py:208} INFO - Processing /Users/ajlakorman/Desktop/Data-Mining-Projects/Apache_Airflow/venv/lib/python3.10/site-packages/airflow/example_dags/example_outlet_event_extra.py took 0.120 seconds
[2025-02-20T11:09:22.221+0100] {processor.py:186} INFO - Started process (PID=8300) to work on /Users/ajlakorman/Desktop/Data-Mining-Projects/Apache_Airflow/venv/lib/python3.10/site-packages/airflow/example_dags/example_outlet_event_extra.py
[2025-02-20T11:09:22.223+0100] {processor.py:914} INFO - Processing file /Users/ajlakorman/Desktop/Data-Mining-Projects/Apache_Airflow/venv/lib/python3.10/site-packages/airflow/example_dags/example_outlet_event_extra.py for tasks to queue
[2025-02-20T11:09:22.223+0100] {logging_mixin.py:190} INFO - [2025-02-20T11:09:22.223+0100] {dagbag.py:588} INFO - Filling up the DagBag from /Users/ajlakorman/Desktop/Data-Mining-Projects/Apache_Airflow/venv/lib/python3.10/site-packages/airflow/example_dags/example_outlet_event_extra.py
[2025-02-20T11:09:22.315+0100] {processor.py:925} INFO - DAG(s) 'dataset_with_extra_by_context', 'dataset_with_extra_by_yield', 'dataset_with_extra_from_classic_operator' retrieved from /Users/ajlakorman/Desktop/Data-Mining-Projects/Apache_Airflow/venv/lib/python3.10/site-packages/airflow/example_dags/example_outlet_event_extra.py
[2025-02-20T11:09:22.359+0100] {logging_mixin.py:190} INFO - [2025-02-20T11:09:22.359+0100] {dag.py:3239} INFO - Sync 3 DAGs
[2025-02-20T11:09:22.366+0100] {logging_mixin.py:190} INFO - [2025-02-20T11:09:22.366+0100] {dag.py:4180} INFO - Setting next_dagrun for dataset_with_extra_by_context to 2025-02-19 00:00:00+00:00, run_after=2025-02-20 00:00:00+00:00
[2025-02-20T11:09:22.368+0100] {logging_mixin.py:190} INFO - [2025-02-20T11:09:22.368+0100] {dag.py:4180} INFO - Setting next_dagrun for dataset_with_extra_by_yield to 2025-02-19 00:00:00+00:00, run_after=2025-02-20 00:00:00+00:00
[2025-02-20T11:09:22.369+0100] {logging_mixin.py:190} INFO - [2025-02-20T11:09:22.369+0100] {dag.py:4180} INFO - Setting next_dagrun for dataset_with_extra_from_classic_operator to 2025-02-19 00:00:00+00:00, run_after=2025-02-20 00:00:00+00:00
[2025-02-20T11:09:22.377+0100] {processor.py:208} INFO - Processing /Users/ajlakorman/Desktop/Data-Mining-Projects/Apache_Airflow/venv/lib/python3.10/site-packages/airflow/example_dags/example_outlet_event_extra.py took 0.158 seconds
[2025-02-20T11:11:41.985+0100] {processor.py:186} INFO - Started process (PID=8574) to work on /Users/ajlakorman/Desktop/Data-Mining-Projects/Apache_Airflow/venv/lib/python3.10/site-packages/airflow/example_dags/example_outlet_event_extra.py
[2025-02-20T11:11:41.987+0100] {processor.py:914} INFO - Processing file /Users/ajlakorman/Desktop/Data-Mining-Projects/Apache_Airflow/venv/lib/python3.10/site-packages/airflow/example_dags/example_outlet_event_extra.py for tasks to queue
[2025-02-20T11:11:41.987+0100] {logging_mixin.py:190} INFO - [2025-02-20T11:11:41.987+0100] {dagbag.py:588} INFO - Filling up the DagBag from /Users/ajlakorman/Desktop/Data-Mining-Projects/Apache_Airflow/venv/lib/python3.10/site-packages/airflow/example_dags/example_outlet_event_extra.py
[2025-02-20T11:11:42.052+0100] {processor.py:925} INFO - DAG(s) 'dataset_with_extra_by_context', 'dataset_with_extra_from_classic_operator', 'dataset_with_extra_by_yield' retrieved from /Users/ajlakorman/Desktop/Data-Mining-Projects/Apache_Airflow/venv/lib/python3.10/site-packages/airflow/example_dags/example_outlet_event_extra.py
[2025-02-20T11:11:42.091+0100] {logging_mixin.py:190} INFO - [2025-02-20T11:11:42.091+0100] {dag.py:3239} INFO - Sync 3 DAGs
[2025-02-20T11:11:42.098+0100] {logging_mixin.py:190} INFO - [2025-02-20T11:11:42.098+0100] {dag.py:4180} INFO - Setting next_dagrun for dataset_with_extra_by_context to 2025-02-19 00:00:00+00:00, run_after=2025-02-20 00:00:00+00:00
[2025-02-20T11:11:42.099+0100] {logging_mixin.py:190} INFO - [2025-02-20T11:11:42.099+0100] {dag.py:4180} INFO - Setting next_dagrun for dataset_with_extra_by_yield to 2025-02-19 00:00:00+00:00, run_after=2025-02-20 00:00:00+00:00
[2025-02-20T11:11:42.100+0100] {logging_mixin.py:190} INFO - [2025-02-20T11:11:42.100+0100] {dag.py:4180} INFO - Setting next_dagrun for dataset_with_extra_from_classic_operator to 2025-02-19 00:00:00+00:00, run_after=2025-02-20 00:00:00+00:00
[2025-02-20T11:11:42.107+0100] {processor.py:208} INFO - Processing /Users/ajlakorman/Desktop/Data-Mining-Projects/Apache_Airflow/venv/lib/python3.10/site-packages/airflow/example_dags/example_outlet_event_extra.py took 0.123 seconds
[2025-02-20T11:14:02.155+0100] {processor.py:186} INFO - Started process (PID=8824) to work on /Users/ajlakorman/Desktop/Data-Mining-Projects/Apache_Airflow/venv/lib/python3.10/site-packages/airflow/example_dags/example_outlet_event_extra.py
[2025-02-20T11:14:02.156+0100] {processor.py:914} INFO - Processing file /Users/ajlakorman/Desktop/Data-Mining-Projects/Apache_Airflow/venv/lib/python3.10/site-packages/airflow/example_dags/example_outlet_event_extra.py for tasks to queue
[2025-02-20T11:14:02.157+0100] {logging_mixin.py:190} INFO - [2025-02-20T11:14:02.157+0100] {dagbag.py:588} INFO - Filling up the DagBag from /Users/ajlakorman/Desktop/Data-Mining-Projects/Apache_Airflow/venv/lib/python3.10/site-packages/airflow/example_dags/example_outlet_event_extra.py
[2025-02-20T11:14:02.247+0100] {processor.py:925} INFO - DAG(s) 'dataset_with_extra_by_context', 'dataset_with_extra_by_yield', 'dataset_with_extra_from_classic_operator' retrieved from /Users/ajlakorman/Desktop/Data-Mining-Projects/Apache_Airflow/venv/lib/python3.10/site-packages/airflow/example_dags/example_outlet_event_extra.py
[2025-02-20T11:14:02.288+0100] {logging_mixin.py:190} INFO - [2025-02-20T11:14:02.288+0100] {dag.py:3239} INFO - Sync 3 DAGs
[2025-02-20T11:14:02.296+0100] {logging_mixin.py:190} INFO - [2025-02-20T11:14:02.296+0100] {dag.py:4180} INFO - Setting next_dagrun for dataset_with_extra_by_context to 2025-02-19 00:00:00+00:00, run_after=2025-02-20 00:00:00+00:00
[2025-02-20T11:14:02.297+0100] {logging_mixin.py:190} INFO - [2025-02-20T11:14:02.297+0100] {dag.py:4180} INFO - Setting next_dagrun for dataset_with_extra_by_yield to 2025-02-19 00:00:00+00:00, run_after=2025-02-20 00:00:00+00:00
[2025-02-20T11:14:02.298+0100] {logging_mixin.py:190} INFO - [2025-02-20T11:14:02.298+0100] {dag.py:4180} INFO - Setting next_dagrun for dataset_with_extra_from_classic_operator to 2025-02-19 00:00:00+00:00, run_after=2025-02-20 00:00:00+00:00
[2025-02-20T11:14:02.306+0100] {processor.py:208} INFO - Processing /Users/ajlakorman/Desktop/Data-Mining-Projects/Apache_Airflow/venv/lib/python3.10/site-packages/airflow/example_dags/example_outlet_event_extra.py took 0.154 seconds
[2025-02-20T11:16:28.738+0100] {processor.py:186} INFO - Started process (PID=9065) to work on /Users/ajlakorman/Desktop/Data-Mining-Projects/Apache_Airflow/venv/lib/python3.10/site-packages/airflow/example_dags/example_outlet_event_extra.py
[2025-02-20T11:16:28.739+0100] {processor.py:914} INFO - Processing file /Users/ajlakorman/Desktop/Data-Mining-Projects/Apache_Airflow/venv/lib/python3.10/site-packages/airflow/example_dags/example_outlet_event_extra.py for tasks to queue
[2025-02-20T11:16:28.739+0100] {logging_mixin.py:190} INFO - [2025-02-20T11:16:28.739+0100] {dagbag.py:588} INFO - Filling up the DagBag from /Users/ajlakorman/Desktop/Data-Mining-Projects/Apache_Airflow/venv/lib/python3.10/site-packages/airflow/example_dags/example_outlet_event_extra.py
[2025-02-20T11:16:28.799+0100] {processor.py:925} INFO - DAG(s) 'dataset_with_extra_by_context', 'dataset_with_extra_from_classic_operator', 'dataset_with_extra_by_yield' retrieved from /Users/ajlakorman/Desktop/Data-Mining-Projects/Apache_Airflow/venv/lib/python3.10/site-packages/airflow/example_dags/example_outlet_event_extra.py
[2025-02-20T11:16:28.841+0100] {logging_mixin.py:190} INFO - [2025-02-20T11:16:28.841+0100] {dag.py:3239} INFO - Sync 3 DAGs
[2025-02-20T11:16:28.849+0100] {logging_mixin.py:190} INFO - [2025-02-20T11:16:28.849+0100] {dag.py:4180} INFO - Setting next_dagrun for dataset_with_extra_by_context to 2025-02-19 00:00:00+00:00, run_after=2025-02-20 00:00:00+00:00
[2025-02-20T11:16:28.851+0100] {logging_mixin.py:190} INFO - [2025-02-20T11:16:28.850+0100] {dag.py:4180} INFO - Setting next_dagrun for dataset_with_extra_by_yield to 2025-02-19 00:00:00+00:00, run_after=2025-02-20 00:00:00+00:00
[2025-02-20T11:16:28.851+0100] {logging_mixin.py:190} INFO - [2025-02-20T11:16:28.851+0100] {dag.py:4180} INFO - Setting next_dagrun for dataset_with_extra_from_classic_operator to 2025-02-19 00:00:00+00:00, run_after=2025-02-20 00:00:00+00:00
[2025-02-20T11:16:28.859+0100] {processor.py:208} INFO - Processing /Users/ajlakorman/Desktop/Data-Mining-Projects/Apache_Airflow/venv/lib/python3.10/site-packages/airflow/example_dags/example_outlet_event_extra.py took 0.122 seconds
[2025-02-20T11:18:52.645+0100] {processor.py:186} INFO - Started process (PID=9455) to work on /Users/ajlakorman/Desktop/Data-Mining-Projects/Apache_Airflow/venv/lib/python3.10/site-packages/airflow/example_dags/example_outlet_event_extra.py
[2025-02-20T11:18:52.646+0100] {processor.py:914} INFO - Processing file /Users/ajlakorman/Desktop/Data-Mining-Projects/Apache_Airflow/venv/lib/python3.10/site-packages/airflow/example_dags/example_outlet_event_extra.py for tasks to queue
[2025-02-20T11:18:52.647+0100] {logging_mixin.py:190} INFO - [2025-02-20T11:18:52.646+0100] {dagbag.py:588} INFO - Filling up the DagBag from /Users/ajlakorman/Desktop/Data-Mining-Projects/Apache_Airflow/venv/lib/python3.10/site-packages/airflow/example_dags/example_outlet_event_extra.py
[2025-02-20T11:18:52.709+0100] {processor.py:925} INFO - DAG(s) 'dataset_with_extra_by_yield', 'dataset_with_extra_from_classic_operator', 'dataset_with_extra_by_context' retrieved from /Users/ajlakorman/Desktop/Data-Mining-Projects/Apache_Airflow/venv/lib/python3.10/site-packages/airflow/example_dags/example_outlet_event_extra.py
[2025-02-20T11:18:52.749+0100] {logging_mixin.py:190} INFO - [2025-02-20T11:18:52.749+0100] {dag.py:3239} INFO - Sync 3 DAGs
[2025-02-20T11:18:52.756+0100] {logging_mixin.py:190} INFO - [2025-02-20T11:18:52.756+0100] {dag.py:4180} INFO - Setting next_dagrun for dataset_with_extra_by_context to 2025-02-19 00:00:00+00:00, run_after=2025-02-20 00:00:00+00:00
[2025-02-20T11:18:52.757+0100] {logging_mixin.py:190} INFO - [2025-02-20T11:18:52.757+0100] {dag.py:4180} INFO - Setting next_dagrun for dataset_with_extra_by_yield to 2025-02-19 00:00:00+00:00, run_after=2025-02-20 00:00:00+00:00
[2025-02-20T11:18:52.758+0100] {logging_mixin.py:190} INFO - [2025-02-20T11:18:52.758+0100] {dag.py:4180} INFO - Setting next_dagrun for dataset_with_extra_from_classic_operator to 2025-02-19 00:00:00+00:00, run_after=2025-02-20 00:00:00+00:00
[2025-02-20T11:18:52.766+0100] {processor.py:208} INFO - Processing /Users/ajlakorman/Desktop/Data-Mining-Projects/Apache_Airflow/venv/lib/python3.10/site-packages/airflow/example_dags/example_outlet_event_extra.py took 0.123 seconds
[2025-02-20T11:21:21.585+0100] {processor.py:186} INFO - Started process (PID=9758) to work on /Users/ajlakorman/Desktop/Data-Mining-Projects/Apache_Airflow/venv/lib/python3.10/site-packages/airflow/example_dags/example_outlet_event_extra.py
[2025-02-20T11:21:21.587+0100] {processor.py:914} INFO - Processing file /Users/ajlakorman/Desktop/Data-Mining-Projects/Apache_Airflow/venv/lib/python3.10/site-packages/airflow/example_dags/example_outlet_event_extra.py for tasks to queue
[2025-02-20T11:21:21.587+0100] {logging_mixin.py:190} INFO - [2025-02-20T11:21:21.587+0100] {dagbag.py:588} INFO - Filling up the DagBag from /Users/ajlakorman/Desktop/Data-Mining-Projects/Apache_Airflow/venv/lib/python3.10/site-packages/airflow/example_dags/example_outlet_event_extra.py
[2025-02-20T11:21:21.653+0100] {processor.py:925} INFO - DAG(s) 'dataset_with_extra_by_context', 'dataset_with_extra_from_classic_operator', 'dataset_with_extra_by_yield' retrieved from /Users/ajlakorman/Desktop/Data-Mining-Projects/Apache_Airflow/venv/lib/python3.10/site-packages/airflow/example_dags/example_outlet_event_extra.py
[2025-02-20T11:21:21.692+0100] {logging_mixin.py:190} INFO - [2025-02-20T11:21:21.692+0100] {dag.py:3239} INFO - Sync 3 DAGs
[2025-02-20T11:21:21.699+0100] {logging_mixin.py:190} INFO - [2025-02-20T11:21:21.699+0100] {dag.py:4180} INFO - Setting next_dagrun for dataset_with_extra_by_context to 2025-02-19 00:00:00+00:00, run_after=2025-02-20 00:00:00+00:00
[2025-02-20T11:21:21.700+0100] {logging_mixin.py:190} INFO - [2025-02-20T11:21:21.700+0100] {dag.py:4180} INFO - Setting next_dagrun for dataset_with_extra_by_yield to 2025-02-19 00:00:00+00:00, run_after=2025-02-20 00:00:00+00:00
[2025-02-20T11:21:21.701+0100] {logging_mixin.py:190} INFO - [2025-02-20T11:21:21.701+0100] {dag.py:4180} INFO - Setting next_dagrun for dataset_with_extra_from_classic_operator to 2025-02-19 00:00:00+00:00, run_after=2025-02-20 00:00:00+00:00
[2025-02-20T11:21:21.709+0100] {processor.py:208} INFO - Processing /Users/ajlakorman/Desktop/Data-Mining-Projects/Apache_Airflow/venv/lib/python3.10/site-packages/airflow/example_dags/example_outlet_event_extra.py took 0.126 seconds
[2025-02-20T11:23:51.137+0100] {processor.py:186} INFO - Started process (PID=10007) to work on /Users/ajlakorman/Desktop/Data-Mining-Projects/Apache_Airflow/venv/lib/python3.10/site-packages/airflow/example_dags/example_outlet_event_extra.py
[2025-02-20T11:23:51.139+0100] {processor.py:914} INFO - Processing file /Users/ajlakorman/Desktop/Data-Mining-Projects/Apache_Airflow/venv/lib/python3.10/site-packages/airflow/example_dags/example_outlet_event_extra.py for tasks to queue
[2025-02-20T11:23:51.139+0100] {logging_mixin.py:190} INFO - [2025-02-20T11:23:51.139+0100] {dagbag.py:588} INFO - Filling up the DagBag from /Users/ajlakorman/Desktop/Data-Mining-Projects/Apache_Airflow/venv/lib/python3.10/site-packages/airflow/example_dags/example_outlet_event_extra.py
[2025-02-20T11:23:51.206+0100] {processor.py:925} INFO - DAG(s) 'dataset_with_extra_by_context', 'dataset_with_extra_from_classic_operator', 'dataset_with_extra_by_yield' retrieved from /Users/ajlakorman/Desktop/Data-Mining-Projects/Apache_Airflow/venv/lib/python3.10/site-packages/airflow/example_dags/example_outlet_event_extra.py
[2025-02-20T11:23:51.246+0100] {logging_mixin.py:190} INFO - [2025-02-20T11:23:51.246+0100] {dag.py:3239} INFO - Sync 3 DAGs
[2025-02-20T11:23:51.253+0100] {logging_mixin.py:190} INFO - [2025-02-20T11:23:51.253+0100] {dag.py:4180} INFO - Setting next_dagrun for dataset_with_extra_by_context to 2025-02-19 00:00:00+00:00, run_after=2025-02-20 00:00:00+00:00
[2025-02-20T11:23:51.254+0100] {logging_mixin.py:190} INFO - [2025-02-20T11:23:51.254+0100] {dag.py:4180} INFO - Setting next_dagrun for dataset_with_extra_by_yield to 2025-02-19 00:00:00+00:00, run_after=2025-02-20 00:00:00+00:00
[2025-02-20T11:23:51.255+0100] {logging_mixin.py:190} INFO - [2025-02-20T11:23:51.255+0100] {dag.py:4180} INFO - Setting next_dagrun for dataset_with_extra_from_classic_operator to 2025-02-19 00:00:00+00:00, run_after=2025-02-20 00:00:00+00:00
[2025-02-20T11:23:51.262+0100] {processor.py:208} INFO - Processing /Users/ajlakorman/Desktop/Data-Mining-Projects/Apache_Airflow/venv/lib/python3.10/site-packages/airflow/example_dags/example_outlet_event_extra.py took 0.126 seconds
[2025-02-20T11:26:19.094+0100] {processor.py:186} INFO - Started process (PID=10323) to work on /Users/ajlakorman/Desktop/Data-Mining-Projects/Apache_Airflow/venv/lib/python3.10/site-packages/airflow/example_dags/example_outlet_event_extra.py
[2025-02-20T11:26:19.095+0100] {processor.py:914} INFO - Processing file /Users/ajlakorman/Desktop/Data-Mining-Projects/Apache_Airflow/venv/lib/python3.10/site-packages/airflow/example_dags/example_outlet_event_extra.py for tasks to queue
[2025-02-20T11:26:19.096+0100] {logging_mixin.py:190} INFO - [2025-02-20T11:26:19.096+0100] {dagbag.py:588} INFO - Filling up the DagBag from /Users/ajlakorman/Desktop/Data-Mining-Projects/Apache_Airflow/venv/lib/python3.10/site-packages/airflow/example_dags/example_outlet_event_extra.py
[2025-02-20T11:26:19.154+0100] {processor.py:925} INFO - DAG(s) 'dataset_with_extra_from_classic_operator', 'dataset_with_extra_by_context', 'dataset_with_extra_by_yield' retrieved from /Users/ajlakorman/Desktop/Data-Mining-Projects/Apache_Airflow/venv/lib/python3.10/site-packages/airflow/example_dags/example_outlet_event_extra.py
[2025-02-20T11:26:19.194+0100] {logging_mixin.py:190} INFO - [2025-02-20T11:26:19.194+0100] {dag.py:3239} INFO - Sync 3 DAGs
[2025-02-20T11:26:19.201+0100] {logging_mixin.py:190} INFO - [2025-02-20T11:26:19.201+0100] {dag.py:4180} INFO - Setting next_dagrun for dataset_with_extra_by_context to 2025-02-19 00:00:00+00:00, run_after=2025-02-20 00:00:00+00:00
[2025-02-20T11:26:19.203+0100] {logging_mixin.py:190} INFO - [2025-02-20T11:26:19.203+0100] {dag.py:4180} INFO - Setting next_dagrun for dataset_with_extra_by_yield to 2025-02-19 00:00:00+00:00, run_after=2025-02-20 00:00:00+00:00
[2025-02-20T11:26:19.204+0100] {logging_mixin.py:190} INFO - [2025-02-20T11:26:19.204+0100] {dag.py:4180} INFO - Setting next_dagrun for dataset_with_extra_from_classic_operator to 2025-02-19 00:00:00+00:00, run_after=2025-02-20 00:00:00+00:00
[2025-02-20T11:26:19.212+0100] {processor.py:208} INFO - Processing /Users/ajlakorman/Desktop/Data-Mining-Projects/Apache_Airflow/venv/lib/python3.10/site-packages/airflow/example_dags/example_outlet_event_extra.py took 0.119 seconds
[2025-02-20T11:28:48.418+0100] {processor.py:186} INFO - Started process (PID=10620) to work on /Users/ajlakorman/Desktop/Data-Mining-Projects/Apache_Airflow/venv/lib/python3.10/site-packages/airflow/example_dags/example_outlet_event_extra.py
[2025-02-20T11:28:48.420+0100] {processor.py:914} INFO - Processing file /Users/ajlakorman/Desktop/Data-Mining-Projects/Apache_Airflow/venv/lib/python3.10/site-packages/airflow/example_dags/example_outlet_event_extra.py for tasks to queue
[2025-02-20T11:28:48.420+0100] {logging_mixin.py:190} INFO - [2025-02-20T11:28:48.420+0100] {dagbag.py:588} INFO - Filling up the DagBag from /Users/ajlakorman/Desktop/Data-Mining-Projects/Apache_Airflow/venv/lib/python3.10/site-packages/airflow/example_dags/example_outlet_event_extra.py
[2025-02-20T11:28:48.481+0100] {processor.py:925} INFO - DAG(s) 'dataset_with_extra_from_classic_operator', 'dataset_with_extra_by_yield', 'dataset_with_extra_by_context' retrieved from /Users/ajlakorman/Desktop/Data-Mining-Projects/Apache_Airflow/venv/lib/python3.10/site-packages/airflow/example_dags/example_outlet_event_extra.py
[2025-02-20T11:28:48.520+0100] {logging_mixin.py:190} INFO - [2025-02-20T11:28:48.520+0100] {dag.py:3239} INFO - Sync 3 DAGs
[2025-02-20T11:28:48.527+0100] {logging_mixin.py:190} INFO - [2025-02-20T11:28:48.527+0100] {dag.py:4180} INFO - Setting next_dagrun for dataset_with_extra_by_context to 2025-02-19 00:00:00+00:00, run_after=2025-02-20 00:00:00+00:00
[2025-02-20T11:28:48.528+0100] {logging_mixin.py:190} INFO - [2025-02-20T11:28:48.528+0100] {dag.py:4180} INFO - Setting next_dagrun for dataset_with_extra_by_yield to 2025-02-19 00:00:00+00:00, run_after=2025-02-20 00:00:00+00:00
[2025-02-20T11:28:48.529+0100] {logging_mixin.py:190} INFO - [2025-02-20T11:28:48.529+0100] {dag.py:4180} INFO - Setting next_dagrun for dataset_with_extra_from_classic_operator to 2025-02-19 00:00:00+00:00, run_after=2025-02-20 00:00:00+00:00
[2025-02-20T11:28:48.537+0100] {processor.py:208} INFO - Processing /Users/ajlakorman/Desktop/Data-Mining-Projects/Apache_Airflow/venv/lib/python3.10/site-packages/airflow/example_dags/example_outlet_event_extra.py took 0.120 seconds
[2025-02-20T11:31:17.114+0100] {processor.py:186} INFO - Started process (PID=10941) to work on /Users/ajlakorman/Desktop/Data-Mining-Projects/Apache_Airflow/venv/lib/python3.10/site-packages/airflow/example_dags/example_outlet_event_extra.py
[2025-02-20T11:31:17.116+0100] {processor.py:914} INFO - Processing file /Users/ajlakorman/Desktop/Data-Mining-Projects/Apache_Airflow/venv/lib/python3.10/site-packages/airflow/example_dags/example_outlet_event_extra.py for tasks to queue
[2025-02-20T11:31:17.116+0100] {logging_mixin.py:190} INFO - [2025-02-20T11:31:17.116+0100] {dagbag.py:588} INFO - Filling up the DagBag from /Users/ajlakorman/Desktop/Data-Mining-Projects/Apache_Airflow/venv/lib/python3.10/site-packages/airflow/example_dags/example_outlet_event_extra.py
[2025-02-20T11:31:17.178+0100] {processor.py:925} INFO - DAG(s) 'dataset_with_extra_by_context', 'dataset_with_extra_from_classic_operator', 'dataset_with_extra_by_yield' retrieved from /Users/ajlakorman/Desktop/Data-Mining-Projects/Apache_Airflow/venv/lib/python3.10/site-packages/airflow/example_dags/example_outlet_event_extra.py
[2025-02-20T11:31:17.217+0100] {logging_mixin.py:190} INFO - [2025-02-20T11:31:17.217+0100] {dag.py:3239} INFO - Sync 3 DAGs
[2025-02-20T11:31:17.224+0100] {logging_mixin.py:190} INFO - [2025-02-20T11:31:17.224+0100] {dag.py:4180} INFO - Setting next_dagrun for dataset_with_extra_by_context to 2025-02-19 00:00:00+00:00, run_after=2025-02-20 00:00:00+00:00
[2025-02-20T11:31:17.226+0100] {logging_mixin.py:190} INFO - [2025-02-20T11:31:17.226+0100] {dag.py:4180} INFO - Setting next_dagrun for dataset_with_extra_by_yield to 2025-02-19 00:00:00+00:00, run_after=2025-02-20 00:00:00+00:00
[2025-02-20T11:31:17.226+0100] {logging_mixin.py:190} INFO - [2025-02-20T11:31:17.226+0100] {dag.py:4180} INFO - Setting next_dagrun for dataset_with_extra_from_classic_operator to 2025-02-19 00:00:00+00:00, run_after=2025-02-20 00:00:00+00:00
[2025-02-20T11:31:17.234+0100] {processor.py:208} INFO - Processing /Users/ajlakorman/Desktop/Data-Mining-Projects/Apache_Airflow/venv/lib/python3.10/site-packages/airflow/example_dags/example_outlet_event_extra.py took 0.121 seconds
[2025-02-20T11:33:43.378+0100] {processor.py:186} INFO - Started process (PID=11170) to work on /Users/ajlakorman/Desktop/Data-Mining-Projects/Apache_Airflow/venv/lib/python3.10/site-packages/airflow/example_dags/example_outlet_event_extra.py
[2025-02-20T11:33:43.379+0100] {processor.py:914} INFO - Processing file /Users/ajlakorman/Desktop/Data-Mining-Projects/Apache_Airflow/venv/lib/python3.10/site-packages/airflow/example_dags/example_outlet_event_extra.py for tasks to queue
[2025-02-20T11:33:43.379+0100] {logging_mixin.py:190} INFO - [2025-02-20T11:33:43.379+0100] {dagbag.py:588} INFO - Filling up the DagBag from /Users/ajlakorman/Desktop/Data-Mining-Projects/Apache_Airflow/venv/lib/python3.10/site-packages/airflow/example_dags/example_outlet_event_extra.py
[2025-02-20T11:33:43.447+0100] {processor.py:925} INFO - DAG(s) 'dataset_with_extra_by_context', 'dataset_with_extra_by_yield', 'dataset_with_extra_from_classic_operator' retrieved from /Users/ajlakorman/Desktop/Data-Mining-Projects/Apache_Airflow/venv/lib/python3.10/site-packages/airflow/example_dags/example_outlet_event_extra.py
[2025-02-20T11:33:43.488+0100] {logging_mixin.py:190} INFO - [2025-02-20T11:33:43.488+0100] {dag.py:3239} INFO - Sync 3 DAGs
[2025-02-20T11:33:43.495+0100] {logging_mixin.py:190} INFO - [2025-02-20T11:33:43.495+0100] {dag.py:4180} INFO - Setting next_dagrun for dataset_with_extra_by_context to 2025-02-19 00:00:00+00:00, run_after=2025-02-20 00:00:00+00:00
[2025-02-20T11:33:43.496+0100] {logging_mixin.py:190} INFO - [2025-02-20T11:33:43.496+0100] {dag.py:4180} INFO - Setting next_dagrun for dataset_with_extra_by_yield to 2025-02-19 00:00:00+00:00, run_after=2025-02-20 00:00:00+00:00
[2025-02-20T11:33:43.497+0100] {logging_mixin.py:190} INFO - [2025-02-20T11:33:43.497+0100] {dag.py:4180} INFO - Setting next_dagrun for dataset_with_extra_from_classic_operator to 2025-02-19 00:00:00+00:00, run_after=2025-02-20 00:00:00+00:00
[2025-02-20T11:33:43.505+0100] {processor.py:208} INFO - Processing /Users/ajlakorman/Desktop/Data-Mining-Projects/Apache_Airflow/venv/lib/python3.10/site-packages/airflow/example_dags/example_outlet_event_extra.py took 0.129 seconds
[2025-02-20T11:36:11.567+0100] {processor.py:186} INFO - Started process (PID=11405) to work on /Users/ajlakorman/Desktop/Data-Mining-Projects/Apache_Airflow/venv/lib/python3.10/site-packages/airflow/example_dags/example_outlet_event_extra.py
[2025-02-20T11:36:11.568+0100] {processor.py:914} INFO - Processing file /Users/ajlakorman/Desktop/Data-Mining-Projects/Apache_Airflow/venv/lib/python3.10/site-packages/airflow/example_dags/example_outlet_event_extra.py for tasks to queue
[2025-02-20T11:36:11.569+0100] {logging_mixin.py:190} INFO - [2025-02-20T11:36:11.569+0100] {dagbag.py:588} INFO - Filling up the DagBag from /Users/ajlakorman/Desktop/Data-Mining-Projects/Apache_Airflow/venv/lib/python3.10/site-packages/airflow/example_dags/example_outlet_event_extra.py
[2025-02-20T11:36:11.639+0100] {processor.py:925} INFO - DAG(s) 'dataset_with_extra_from_classic_operator', 'dataset_with_extra_by_yield', 'dataset_with_extra_by_context' retrieved from /Users/ajlakorman/Desktop/Data-Mining-Projects/Apache_Airflow/venv/lib/python3.10/site-packages/airflow/example_dags/example_outlet_event_extra.py
[2025-02-20T11:36:11.678+0100] {logging_mixin.py:190} INFO - [2025-02-20T11:36:11.678+0100] {dag.py:3239} INFO - Sync 3 DAGs
[2025-02-20T11:36:11.685+0100] {logging_mixin.py:190} INFO - [2025-02-20T11:36:11.685+0100] {dag.py:4180} INFO - Setting next_dagrun for dataset_with_extra_by_context to 2025-02-19 00:00:00+00:00, run_after=2025-02-20 00:00:00+00:00
[2025-02-20T11:36:11.687+0100] {logging_mixin.py:190} INFO - [2025-02-20T11:36:11.687+0100] {dag.py:4180} INFO - Setting next_dagrun for dataset_with_extra_by_yield to 2025-02-19 00:00:00+00:00, run_after=2025-02-20 00:00:00+00:00
[2025-02-20T11:36:11.687+0100] {logging_mixin.py:190} INFO - [2025-02-20T11:36:11.687+0100] {dag.py:4180} INFO - Setting next_dagrun for dataset_with_extra_from_classic_operator to 2025-02-19 00:00:00+00:00, run_after=2025-02-20 00:00:00+00:00
[2025-02-20T11:36:11.695+0100] {processor.py:208} INFO - Processing /Users/ajlakorman/Desktop/Data-Mining-Projects/Apache_Airflow/venv/lib/python3.10/site-packages/airflow/example_dags/example_outlet_event_extra.py took 0.130 seconds
[2025-02-20T11:38:45.424+0100] {processor.py:186} INFO - Started process (PID=11688) to work on /Users/ajlakorman/Desktop/Data-Mining-Projects/Apache_Airflow/venv/lib/python3.10/site-packages/airflow/example_dags/example_outlet_event_extra.py
[2025-02-20T11:38:45.425+0100] {processor.py:914} INFO - Processing file /Users/ajlakorman/Desktop/Data-Mining-Projects/Apache_Airflow/venv/lib/python3.10/site-packages/airflow/example_dags/example_outlet_event_extra.py for tasks to queue
[2025-02-20T11:38:45.426+0100] {logging_mixin.py:190} INFO - [2025-02-20T11:38:45.426+0100] {dagbag.py:588} INFO - Filling up the DagBag from /Users/ajlakorman/Desktop/Data-Mining-Projects/Apache_Airflow/venv/lib/python3.10/site-packages/airflow/example_dags/example_outlet_event_extra.py
[2025-02-20T11:38:45.497+0100] {processor.py:925} INFO - DAG(s) 'dataset_with_extra_by_yield', 'dataset_with_extra_from_classic_operator', 'dataset_with_extra_by_context' retrieved from /Users/ajlakorman/Desktop/Data-Mining-Projects/Apache_Airflow/venv/lib/python3.10/site-packages/airflow/example_dags/example_outlet_event_extra.py
[2025-02-20T11:38:45.538+0100] {logging_mixin.py:190} INFO - [2025-02-20T11:38:45.538+0100] {dag.py:3239} INFO - Sync 3 DAGs
[2025-02-20T11:38:45.545+0100] {logging_mixin.py:190} INFO - [2025-02-20T11:38:45.545+0100] {dag.py:4180} INFO - Setting next_dagrun for dataset_with_extra_by_context to 2025-02-19 00:00:00+00:00, run_after=2025-02-20 00:00:00+00:00
[2025-02-20T11:38:45.547+0100] {logging_mixin.py:190} INFO - [2025-02-20T11:38:45.547+0100] {dag.py:4180} INFO - Setting next_dagrun for dataset_with_extra_by_yield to 2025-02-19 00:00:00+00:00, run_after=2025-02-20 00:00:00+00:00
[2025-02-20T11:38:45.547+0100] {logging_mixin.py:190} INFO - [2025-02-20T11:38:45.547+0100] {dag.py:4180} INFO - Setting next_dagrun for dataset_with_extra_from_classic_operator to 2025-02-19 00:00:00+00:00, run_after=2025-02-20 00:00:00+00:00
[2025-02-20T11:38:45.556+0100] {processor.py:208} INFO - Processing /Users/ajlakorman/Desktop/Data-Mining-Projects/Apache_Airflow/venv/lib/python3.10/site-packages/airflow/example_dags/example_outlet_event_extra.py took 0.134 seconds
[2025-02-20T11:49:02.039+0100] {processor.py:186} INFO - Started process (PID=11901) to work on /Users/ajlakorman/Desktop/Data-Mining-Projects/Apache_Airflow/venv/lib/python3.10/site-packages/airflow/example_dags/example_outlet_event_extra.py
[2025-02-20T11:49:02.040+0100] {processor.py:914} INFO - Processing file /Users/ajlakorman/Desktop/Data-Mining-Projects/Apache_Airflow/venv/lib/python3.10/site-packages/airflow/example_dags/example_outlet_event_extra.py for tasks to queue
[2025-02-20T11:49:02.040+0100] {logging_mixin.py:190} INFO - [2025-02-20T11:49:02.040+0100] {dagbag.py:588} INFO - Filling up the DagBag from /Users/ajlakorman/Desktop/Data-Mining-Projects/Apache_Airflow/venv/lib/python3.10/site-packages/airflow/example_dags/example_outlet_event_extra.py
[2025-02-20T11:49:02.112+0100] {processor.py:925} INFO - DAG(s) 'dataset_with_extra_from_classic_operator', 'dataset_with_extra_by_yield', 'dataset_with_extra_by_context' retrieved from /Users/ajlakorman/Desktop/Data-Mining-Projects/Apache_Airflow/venv/lib/python3.10/site-packages/airflow/example_dags/example_outlet_event_extra.py
[2025-02-20T11:49:02.152+0100] {logging_mixin.py:190} INFO - [2025-02-20T11:49:02.152+0100] {dag.py:3239} INFO - Sync 3 DAGs
[2025-02-20T11:49:02.158+0100] {logging_mixin.py:190} INFO - [2025-02-20T11:49:02.158+0100] {dag.py:4180} INFO - Setting next_dagrun for dataset_with_extra_by_context to 2025-02-19 00:00:00+00:00, run_after=2025-02-20 00:00:00+00:00
[2025-02-20T11:49:02.160+0100] {logging_mixin.py:190} INFO - [2025-02-20T11:49:02.160+0100] {dag.py:4180} INFO - Setting next_dagrun for dataset_with_extra_by_yield to 2025-02-19 00:00:00+00:00, run_after=2025-02-20 00:00:00+00:00
[2025-02-20T11:49:02.161+0100] {logging_mixin.py:190} INFO - [2025-02-20T11:49:02.161+0100] {dag.py:4180} INFO - Setting next_dagrun for dataset_with_extra_from_classic_operator to 2025-02-19 00:00:00+00:00, run_after=2025-02-20 00:00:00+00:00
[2025-02-20T11:49:02.169+0100] {processor.py:208} INFO - Processing /Users/ajlakorman/Desktop/Data-Mining-Projects/Apache_Airflow/venv/lib/python3.10/site-packages/airflow/example_dags/example_outlet_event_extra.py took 0.132 seconds
[2025-02-20T12:19:27.425+0100] {processor.py:186} INFO - Started process (PID=12050) to work on /Users/ajlakorman/Desktop/Data-Mining-Projects/Apache_Airflow/venv/lib/python3.10/site-packages/airflow/example_dags/example_outlet_event_extra.py
[2025-02-20T12:19:27.426+0100] {processor.py:914} INFO - Processing file /Users/ajlakorman/Desktop/Data-Mining-Projects/Apache_Airflow/venv/lib/python3.10/site-packages/airflow/example_dags/example_outlet_event_extra.py for tasks to queue
[2025-02-20T12:19:27.426+0100] {logging_mixin.py:190} INFO - [2025-02-20T12:19:27.426+0100] {dagbag.py:588} INFO - Filling up the DagBag from /Users/ajlakorman/Desktop/Data-Mining-Projects/Apache_Airflow/venv/lib/python3.10/site-packages/airflow/example_dags/example_outlet_event_extra.py
[2025-02-20T12:19:27.489+0100] {processor.py:925} INFO - DAG(s) 'dataset_with_extra_by_context', 'dataset_with_extra_from_classic_operator', 'dataset_with_extra_by_yield' retrieved from /Users/ajlakorman/Desktop/Data-Mining-Projects/Apache_Airflow/venv/lib/python3.10/site-packages/airflow/example_dags/example_outlet_event_extra.py
[2025-02-20T12:19:27.528+0100] {logging_mixin.py:190} INFO - [2025-02-20T12:19:27.527+0100] {dag.py:3239} INFO - Sync 3 DAGs
[2025-02-20T12:19:27.534+0100] {logging_mixin.py:190} INFO - [2025-02-20T12:19:27.534+0100] {dag.py:4180} INFO - Setting next_dagrun for dataset_with_extra_by_context to 2025-02-19 00:00:00+00:00, run_after=2025-02-20 00:00:00+00:00
[2025-02-20T12:19:27.536+0100] {logging_mixin.py:190} INFO - [2025-02-20T12:19:27.536+0100] {dag.py:4180} INFO - Setting next_dagrun for dataset_with_extra_by_yield to 2025-02-19 00:00:00+00:00, run_after=2025-02-20 00:00:00+00:00
[2025-02-20T12:19:27.537+0100] {logging_mixin.py:190} INFO - [2025-02-20T12:19:27.536+0100] {dag.py:4180} INFO - Setting next_dagrun for dataset_with_extra_from_classic_operator to 2025-02-19 00:00:00+00:00, run_after=2025-02-20 00:00:00+00:00
[2025-02-20T12:19:27.544+0100] {processor.py:208} INFO - Processing /Users/ajlakorman/Desktop/Data-Mining-Projects/Apache_Airflow/venv/lib/python3.10/site-packages/airflow/example_dags/example_outlet_event_extra.py took 0.121 seconds
[2025-02-20T12:21:08.024+0100] {processor.py:186} INFO - Started process (PID=12178) to work on /Users/ajlakorman/Desktop/Data-Mining-Projects/Apache_Airflow/venv/lib/python3.10/site-packages/airflow/example_dags/example_outlet_event_extra.py
[2025-02-20T12:21:08.026+0100] {processor.py:914} INFO - Processing file /Users/ajlakorman/Desktop/Data-Mining-Projects/Apache_Airflow/venv/lib/python3.10/site-packages/airflow/example_dags/example_outlet_event_extra.py for tasks to queue
[2025-02-20T12:21:08.026+0100] {logging_mixin.py:190} INFO - [2025-02-20T12:21:08.026+0100] {dagbag.py:588} INFO - Filling up the DagBag from /Users/ajlakorman/Desktop/Data-Mining-Projects/Apache_Airflow/venv/lib/python3.10/site-packages/airflow/example_dags/example_outlet_event_extra.py
[2025-02-20T12:21:08.093+0100] {processor.py:925} INFO - DAG(s) 'dataset_with_extra_from_classic_operator', 'dataset_with_extra_by_yield', 'dataset_with_extra_by_context' retrieved from /Users/ajlakorman/Desktop/Data-Mining-Projects/Apache_Airflow/venv/lib/python3.10/site-packages/airflow/example_dags/example_outlet_event_extra.py
[2025-02-20T12:21:08.133+0100] {logging_mixin.py:190} INFO - [2025-02-20T12:21:08.133+0100] {dag.py:3239} INFO - Sync 3 DAGs
[2025-02-20T12:21:08.139+0100] {logging_mixin.py:190} INFO - [2025-02-20T12:21:08.139+0100] {dag.py:4180} INFO - Setting next_dagrun for dataset_with_extra_by_context to 2025-02-19 00:00:00+00:00, run_after=2025-02-20 00:00:00+00:00
[2025-02-20T12:21:08.141+0100] {logging_mixin.py:190} INFO - [2025-02-20T12:21:08.141+0100] {dag.py:4180} INFO - Setting next_dagrun for dataset_with_extra_by_yield to 2025-02-19 00:00:00+00:00, run_after=2025-02-20 00:00:00+00:00
[2025-02-20T12:21:08.142+0100] {logging_mixin.py:190} INFO - [2025-02-20T12:21:08.142+0100] {dag.py:4180} INFO - Setting next_dagrun for dataset_with_extra_from_classic_operator to 2025-02-19 00:00:00+00:00, run_after=2025-02-20 00:00:00+00:00
[2025-02-20T12:21:08.150+0100] {processor.py:208} INFO - Processing /Users/ajlakorman/Desktop/Data-Mining-Projects/Apache_Airflow/venv/lib/python3.10/site-packages/airflow/example_dags/example_outlet_event_extra.py took 0.127 seconds
[2025-02-20T12:23:44.941+0100] {processor.py:186} INFO - Started process (PID=12456) to work on /Users/ajlakorman/Desktop/Data-Mining-Projects/Apache_Airflow/venv/lib/python3.10/site-packages/airflow/example_dags/example_outlet_event_extra.py
[2025-02-20T12:23:44.942+0100] {processor.py:914} INFO - Processing file /Users/ajlakorman/Desktop/Data-Mining-Projects/Apache_Airflow/venv/lib/python3.10/site-packages/airflow/example_dags/example_outlet_event_extra.py for tasks to queue
[2025-02-20T12:23:44.943+0100] {logging_mixin.py:190} INFO - [2025-02-20T12:23:44.943+0100] {dagbag.py:588} INFO - Filling up the DagBag from /Users/ajlakorman/Desktop/Data-Mining-Projects/Apache_Airflow/venv/lib/python3.10/site-packages/airflow/example_dags/example_outlet_event_extra.py
[2025-02-20T12:23:45.010+0100] {processor.py:925} INFO - DAG(s) 'dataset_with_extra_by_context', 'dataset_with_extra_by_yield', 'dataset_with_extra_from_classic_operator' retrieved from /Users/ajlakorman/Desktop/Data-Mining-Projects/Apache_Airflow/venv/lib/python3.10/site-packages/airflow/example_dags/example_outlet_event_extra.py
[2025-02-20T12:23:45.049+0100] {logging_mixin.py:190} INFO - [2025-02-20T12:23:45.049+0100] {dag.py:3239} INFO - Sync 3 DAGs
[2025-02-20T12:23:45.056+0100] {logging_mixin.py:190} INFO - [2025-02-20T12:23:45.056+0100] {dag.py:4180} INFO - Setting next_dagrun for dataset_with_extra_by_context to 2025-02-19 00:00:00+00:00, run_after=2025-02-20 00:00:00+00:00
[2025-02-20T12:23:45.057+0100] {logging_mixin.py:190} INFO - [2025-02-20T12:23:45.057+0100] {dag.py:4180} INFO - Setting next_dagrun for dataset_with_extra_by_yield to 2025-02-19 00:00:00+00:00, run_after=2025-02-20 00:00:00+00:00
[2025-02-20T12:23:45.058+0100] {logging_mixin.py:190} INFO - [2025-02-20T12:23:45.058+0100] {dag.py:4180} INFO - Setting next_dagrun for dataset_with_extra_from_classic_operator to 2025-02-19 00:00:00+00:00, run_after=2025-02-20 00:00:00+00:00
[2025-02-20T12:23:45.065+0100] {processor.py:208} INFO - Processing /Users/ajlakorman/Desktop/Data-Mining-Projects/Apache_Airflow/venv/lib/python3.10/site-packages/airflow/example_dags/example_outlet_event_extra.py took 0.126 seconds
[2025-02-20T12:26:10.243+0100] {processor.py:186} INFO - Started process (PID=12735) to work on /Users/ajlakorman/Desktop/Data-Mining-Projects/Apache_Airflow/venv/lib/python3.10/site-packages/airflow/example_dags/example_outlet_event_extra.py
[2025-02-20T12:26:10.243+0100] {processor.py:914} INFO - Processing file /Users/ajlakorman/Desktop/Data-Mining-Projects/Apache_Airflow/venv/lib/python3.10/site-packages/airflow/example_dags/example_outlet_event_extra.py for tasks to queue
[2025-02-20T12:26:10.244+0100] {logging_mixin.py:190} INFO - [2025-02-20T12:26:10.244+0100] {dagbag.py:588} INFO - Filling up the DagBag from /Users/ajlakorman/Desktop/Data-Mining-Projects/Apache_Airflow/venv/lib/python3.10/site-packages/airflow/example_dags/example_outlet_event_extra.py
[2025-02-20T12:26:10.312+0100] {processor.py:925} INFO - DAG(s) 'dataset_with_extra_from_classic_operator', 'dataset_with_extra_by_context', 'dataset_with_extra_by_yield' retrieved from /Users/ajlakorman/Desktop/Data-Mining-Projects/Apache_Airflow/venv/lib/python3.10/site-packages/airflow/example_dags/example_outlet_event_extra.py
[2025-02-20T12:26:10.354+0100] {logging_mixin.py:190} INFO - [2025-02-20T12:26:10.354+0100] {dag.py:3239} INFO - Sync 3 DAGs
[2025-02-20T12:26:10.362+0100] {logging_mixin.py:190} INFO - [2025-02-20T12:26:10.361+0100] {dag.py:4180} INFO - Setting next_dagrun for dataset_with_extra_by_context to 2025-02-19 00:00:00+00:00, run_after=2025-02-20 00:00:00+00:00
[2025-02-20T12:26:10.364+0100] {logging_mixin.py:190} INFO - [2025-02-20T12:26:10.364+0100] {dag.py:4180} INFO - Setting next_dagrun for dataset_with_extra_by_yield to 2025-02-19 00:00:00+00:00, run_after=2025-02-20 00:00:00+00:00
[2025-02-20T12:26:10.365+0100] {logging_mixin.py:190} INFO - [2025-02-20T12:26:10.365+0100] {dag.py:4180} INFO - Setting next_dagrun for dataset_with_extra_from_classic_operator to 2025-02-19 00:00:00+00:00, run_after=2025-02-20 00:00:00+00:00
[2025-02-20T12:26:10.373+0100] {processor.py:208} INFO - Processing /Users/ajlakorman/Desktop/Data-Mining-Projects/Apache_Airflow/venv/lib/python3.10/site-packages/airflow/example_dags/example_outlet_event_extra.py took 0.132 seconds
[2025-02-20T12:28:43.699+0100] {processor.py:186} INFO - Started process (PID=13060) to work on /Users/ajlakorman/Desktop/Data-Mining-Projects/Apache_Airflow/venv/lib/python3.10/site-packages/airflow/example_dags/example_outlet_event_extra.py
[2025-02-20T12:28:43.700+0100] {processor.py:914} INFO - Processing file /Users/ajlakorman/Desktop/Data-Mining-Projects/Apache_Airflow/venv/lib/python3.10/site-packages/airflow/example_dags/example_outlet_event_extra.py for tasks to queue
[2025-02-20T12:28:43.701+0100] {logging_mixin.py:190} INFO - [2025-02-20T12:28:43.701+0100] {dagbag.py:588} INFO - Filling up the DagBag from /Users/ajlakorman/Desktop/Data-Mining-Projects/Apache_Airflow/venv/lib/python3.10/site-packages/airflow/example_dags/example_outlet_event_extra.py
[2025-02-20T12:28:43.763+0100] {processor.py:925} INFO - DAG(s) 'dataset_with_extra_from_classic_operator', 'dataset_with_extra_by_context', 'dataset_with_extra_by_yield' retrieved from /Users/ajlakorman/Desktop/Data-Mining-Projects/Apache_Airflow/venv/lib/python3.10/site-packages/airflow/example_dags/example_outlet_event_extra.py
[2025-02-20T12:28:43.803+0100] {logging_mixin.py:190} INFO - [2025-02-20T12:28:43.803+0100] {dag.py:3239} INFO - Sync 3 DAGs
[2025-02-20T12:28:43.810+0100] {logging_mixin.py:190} INFO - [2025-02-20T12:28:43.810+0100] {dag.py:4180} INFO - Setting next_dagrun for dataset_with_extra_by_context to 2025-02-19 00:00:00+00:00, run_after=2025-02-20 00:00:00+00:00
[2025-02-20T12:28:43.811+0100] {logging_mixin.py:190} INFO - [2025-02-20T12:28:43.811+0100] {dag.py:4180} INFO - Setting next_dagrun for dataset_with_extra_by_yield to 2025-02-19 00:00:00+00:00, run_after=2025-02-20 00:00:00+00:00
[2025-02-20T12:28:43.812+0100] {logging_mixin.py:190} INFO - [2025-02-20T12:28:43.812+0100] {dag.py:4180} INFO - Setting next_dagrun for dataset_with_extra_from_classic_operator to 2025-02-19 00:00:00+00:00, run_after=2025-02-20 00:00:00+00:00
[2025-02-20T12:28:43.820+0100] {processor.py:208} INFO - Processing /Users/ajlakorman/Desktop/Data-Mining-Projects/Apache_Airflow/venv/lib/python3.10/site-packages/airflow/example_dags/example_outlet_event_extra.py took 0.122 seconds
[2025-02-20T12:31:06.573+0100] {processor.py:186} INFO - Started process (PID=13371) to work on /Users/ajlakorman/Desktop/Data-Mining-Projects/Apache_Airflow/venv/lib/python3.10/site-packages/airflow/example_dags/example_outlet_event_extra.py
[2025-02-20T12:31:06.574+0100] {processor.py:914} INFO - Processing file /Users/ajlakorman/Desktop/Data-Mining-Projects/Apache_Airflow/venv/lib/python3.10/site-packages/airflow/example_dags/example_outlet_event_extra.py for tasks to queue
[2025-02-20T12:31:06.575+0100] {logging_mixin.py:190} INFO - [2025-02-20T12:31:06.575+0100] {dagbag.py:588} INFO - Filling up the DagBag from /Users/ajlakorman/Desktop/Data-Mining-Projects/Apache_Airflow/venv/lib/python3.10/site-packages/airflow/example_dags/example_outlet_event_extra.py
[2025-02-20T12:31:06.640+0100] {processor.py:925} INFO - DAG(s) 'dataset_with_extra_by_context', 'dataset_with_extra_from_classic_operator', 'dataset_with_extra_by_yield' retrieved from /Users/ajlakorman/Desktop/Data-Mining-Projects/Apache_Airflow/venv/lib/python3.10/site-packages/airflow/example_dags/example_outlet_event_extra.py
[2025-02-20T12:31:06.679+0100] {logging_mixin.py:190} INFO - [2025-02-20T12:31:06.679+0100] {dag.py:3239} INFO - Sync 3 DAGs
[2025-02-20T12:31:06.686+0100] {logging_mixin.py:190} INFO - [2025-02-20T12:31:06.686+0100] {dag.py:4180} INFO - Setting next_dagrun for dataset_with_extra_by_context to 2025-02-19 00:00:00+00:00, run_after=2025-02-20 00:00:00+00:00
[2025-02-20T12:31:06.688+0100] {logging_mixin.py:190} INFO - [2025-02-20T12:31:06.687+0100] {dag.py:4180} INFO - Setting next_dagrun for dataset_with_extra_by_yield to 2025-02-19 00:00:00+00:00, run_after=2025-02-20 00:00:00+00:00
[2025-02-20T12:31:06.688+0100] {logging_mixin.py:190} INFO - [2025-02-20T12:31:06.688+0100] {dag.py:4180} INFO - Setting next_dagrun for dataset_with_extra_from_classic_operator to 2025-02-19 00:00:00+00:00, run_after=2025-02-20 00:00:00+00:00
[2025-02-20T12:31:06.696+0100] {processor.py:208} INFO - Processing /Users/ajlakorman/Desktop/Data-Mining-Projects/Apache_Airflow/venv/lib/python3.10/site-packages/airflow/example_dags/example_outlet_event_extra.py took 0.124 seconds
[2025-02-20T12:33:44.723+0100] {processor.py:186} INFO - Started process (PID=13703) to work on /Users/ajlakorman/Desktop/Data-Mining-Projects/Apache_Airflow/venv/lib/python3.10/site-packages/airflow/example_dags/example_outlet_event_extra.py
[2025-02-20T12:33:44.724+0100] {processor.py:914} INFO - Processing file /Users/ajlakorman/Desktop/Data-Mining-Projects/Apache_Airflow/venv/lib/python3.10/site-packages/airflow/example_dags/example_outlet_event_extra.py for tasks to queue
[2025-02-20T12:33:44.724+0100] {logging_mixin.py:190} INFO - [2025-02-20T12:33:44.724+0100] {dagbag.py:588} INFO - Filling up the DagBag from /Users/ajlakorman/Desktop/Data-Mining-Projects/Apache_Airflow/venv/lib/python3.10/site-packages/airflow/example_dags/example_outlet_event_extra.py
[2025-02-20T12:33:44.788+0100] {processor.py:925} INFO - DAG(s) 'dataset_with_extra_by_yield', 'dataset_with_extra_by_context', 'dataset_with_extra_from_classic_operator' retrieved from /Users/ajlakorman/Desktop/Data-Mining-Projects/Apache_Airflow/venv/lib/python3.10/site-packages/airflow/example_dags/example_outlet_event_extra.py
[2025-02-20T12:33:44.828+0100] {logging_mixin.py:190} INFO - [2025-02-20T12:33:44.828+0100] {dag.py:3239} INFO - Sync 3 DAGs
[2025-02-20T12:33:44.835+0100] {logging_mixin.py:190} INFO - [2025-02-20T12:33:44.835+0100] {dag.py:4180} INFO - Setting next_dagrun for dataset_with_extra_by_context to 2025-02-19 00:00:00+00:00, run_after=2025-02-20 00:00:00+00:00
[2025-02-20T12:33:44.837+0100] {logging_mixin.py:190} INFO - [2025-02-20T12:33:44.836+0100] {dag.py:4180} INFO - Setting next_dagrun for dataset_with_extra_by_yield to 2025-02-19 00:00:00+00:00, run_after=2025-02-20 00:00:00+00:00
[2025-02-20T12:33:44.837+0100] {logging_mixin.py:190} INFO - [2025-02-20T12:33:44.837+0100] {dag.py:4180} INFO - Setting next_dagrun for dataset_with_extra_from_classic_operator to 2025-02-19 00:00:00+00:00, run_after=2025-02-20 00:00:00+00:00
[2025-02-20T12:33:44.844+0100] {processor.py:208} INFO - Processing /Users/ajlakorman/Desktop/Data-Mining-Projects/Apache_Airflow/venv/lib/python3.10/site-packages/airflow/example_dags/example_outlet_event_extra.py took 0.123 seconds
[2025-02-20T12:36:20.121+0100] {processor.py:186} INFO - Started process (PID=14062) to work on /Users/ajlakorman/Desktop/Data-Mining-Projects/Apache_Airflow/venv/lib/python3.10/site-packages/airflow/example_dags/example_outlet_event_extra.py
[2025-02-20T12:36:20.122+0100] {processor.py:914} INFO - Processing file /Users/ajlakorman/Desktop/Data-Mining-Projects/Apache_Airflow/venv/lib/python3.10/site-packages/airflow/example_dags/example_outlet_event_extra.py for tasks to queue
[2025-02-20T12:36:20.122+0100] {logging_mixin.py:190} INFO - [2025-02-20T12:36:20.122+0100] {dagbag.py:588} INFO - Filling up the DagBag from /Users/ajlakorman/Desktop/Data-Mining-Projects/Apache_Airflow/venv/lib/python3.10/site-packages/airflow/example_dags/example_outlet_event_extra.py
[2025-02-20T12:36:20.183+0100] {processor.py:925} INFO - DAG(s) 'dataset_with_extra_by_context', 'dataset_with_extra_by_yield', 'dataset_with_extra_from_classic_operator' retrieved from /Users/ajlakorman/Desktop/Data-Mining-Projects/Apache_Airflow/venv/lib/python3.10/site-packages/airflow/example_dags/example_outlet_event_extra.py
[2025-02-20T12:36:20.222+0100] {logging_mixin.py:190} INFO - [2025-02-20T12:36:20.222+0100] {dag.py:3239} INFO - Sync 3 DAGs
[2025-02-20T12:36:20.229+0100] {logging_mixin.py:190} INFO - [2025-02-20T12:36:20.229+0100] {dag.py:4180} INFO - Setting next_dagrun for dataset_with_extra_by_context to 2025-02-19 00:00:00+00:00, run_after=2025-02-20 00:00:00+00:00
[2025-02-20T12:36:20.230+0100] {logging_mixin.py:190} INFO - [2025-02-20T12:36:20.230+0100] {dag.py:4180} INFO - Setting next_dagrun for dataset_with_extra_by_yield to 2025-02-19 00:00:00+00:00, run_after=2025-02-20 00:00:00+00:00
[2025-02-20T12:36:20.231+0100] {logging_mixin.py:190} INFO - [2025-02-20T12:36:20.231+0100] {dag.py:4180} INFO - Setting next_dagrun for dataset_with_extra_from_classic_operator to 2025-02-19 00:00:00+00:00, run_after=2025-02-20 00:00:00+00:00
[2025-02-20T12:36:20.238+0100] {processor.py:208} INFO - Processing /Users/ajlakorman/Desktop/Data-Mining-Projects/Apache_Airflow/venv/lib/python3.10/site-packages/airflow/example_dags/example_outlet_event_extra.py took 0.119 seconds
[2025-02-20T12:38:49.454+0100] {processor.py:186} INFO - Started process (PID=14420) to work on /Users/ajlakorman/Desktop/Data-Mining-Projects/Apache_Airflow/venv/lib/python3.10/site-packages/airflow/example_dags/example_outlet_event_extra.py
[2025-02-20T12:38:49.455+0100] {processor.py:914} INFO - Processing file /Users/ajlakorman/Desktop/Data-Mining-Projects/Apache_Airflow/venv/lib/python3.10/site-packages/airflow/example_dags/example_outlet_event_extra.py for tasks to queue
[2025-02-20T12:38:49.455+0100] {logging_mixin.py:190} INFO - [2025-02-20T12:38:49.455+0100] {dagbag.py:588} INFO - Filling up the DagBag from /Users/ajlakorman/Desktop/Data-Mining-Projects/Apache_Airflow/venv/lib/python3.10/site-packages/airflow/example_dags/example_outlet_event_extra.py
[2025-02-20T12:38:49.516+0100] {processor.py:925} INFO - DAG(s) 'dataset_with_extra_from_classic_operator', 'dataset_with_extra_by_yield', 'dataset_with_extra_by_context' retrieved from /Users/ajlakorman/Desktop/Data-Mining-Projects/Apache_Airflow/venv/lib/python3.10/site-packages/airflow/example_dags/example_outlet_event_extra.py
[2025-02-20T12:38:49.555+0100] {logging_mixin.py:190} INFO - [2025-02-20T12:38:49.555+0100] {dag.py:3239} INFO - Sync 3 DAGs
[2025-02-20T12:38:49.561+0100] {logging_mixin.py:190} INFO - [2025-02-20T12:38:49.561+0100] {dag.py:4180} INFO - Setting next_dagrun for dataset_with_extra_by_context to 2025-02-19 00:00:00+00:00, run_after=2025-02-20 00:00:00+00:00
[2025-02-20T12:38:49.563+0100] {logging_mixin.py:190} INFO - [2025-02-20T12:38:49.563+0100] {dag.py:4180} INFO - Setting next_dagrun for dataset_with_extra_by_yield to 2025-02-19 00:00:00+00:00, run_after=2025-02-20 00:00:00+00:00
[2025-02-20T12:38:49.564+0100] {logging_mixin.py:190} INFO - [2025-02-20T12:38:49.564+0100] {dag.py:4180} INFO - Setting next_dagrun for dataset_with_extra_from_classic_operator to 2025-02-19 00:00:00+00:00, run_after=2025-02-20 00:00:00+00:00
[2025-02-20T12:38:49.571+0100] {processor.py:208} INFO - Processing /Users/ajlakorman/Desktop/Data-Mining-Projects/Apache_Airflow/venv/lib/python3.10/site-packages/airflow/example_dags/example_outlet_event_extra.py took 0.118 seconds
[2025-02-20T12:56:56.957+0100] {processor.py:186} INFO - Started process (PID=14829) to work on /Users/ajlakorman/Desktop/Data-Mining-Projects/Apache_Airflow/venv/lib/python3.10/site-packages/airflow/example_dags/example_outlet_event_extra.py
[2025-02-20T12:56:56.958+0100] {processor.py:914} INFO - Processing file /Users/ajlakorman/Desktop/Data-Mining-Projects/Apache_Airflow/venv/lib/python3.10/site-packages/airflow/example_dags/example_outlet_event_extra.py for tasks to queue
[2025-02-20T12:56:56.958+0100] {logging_mixin.py:190} INFO - [2025-02-20T12:56:56.958+0100] {dagbag.py:588} INFO - Filling up the DagBag from /Users/ajlakorman/Desktop/Data-Mining-Projects/Apache_Airflow/venv/lib/python3.10/site-packages/airflow/example_dags/example_outlet_event_extra.py
[2025-02-20T12:56:57.037+0100] {processor.py:925} INFO - DAG(s) 'dataset_with_extra_by_context', 'dataset_with_extra_by_yield', 'dataset_with_extra_from_classic_operator' retrieved from /Users/ajlakorman/Desktop/Data-Mining-Projects/Apache_Airflow/venv/lib/python3.10/site-packages/airflow/example_dags/example_outlet_event_extra.py
[2025-02-20T12:56:57.077+0100] {logging_mixin.py:190} INFO - [2025-02-20T12:56:57.077+0100] {dag.py:3239} INFO - Sync 3 DAGs
[2025-02-20T12:56:57.084+0100] {logging_mixin.py:190} INFO - [2025-02-20T12:56:57.084+0100] {dag.py:4180} INFO - Setting next_dagrun for dataset_with_extra_by_context to 2025-02-19 00:00:00+00:00, run_after=2025-02-20 00:00:00+00:00
[2025-02-20T12:56:57.085+0100] {logging_mixin.py:190} INFO - [2025-02-20T12:56:57.085+0100] {dag.py:4180} INFO - Setting next_dagrun for dataset_with_extra_by_yield to 2025-02-19 00:00:00+00:00, run_after=2025-02-20 00:00:00+00:00
[2025-02-20T12:56:57.086+0100] {logging_mixin.py:190} INFO - [2025-02-20T12:56:57.086+0100] {dag.py:4180} INFO - Setting next_dagrun for dataset_with_extra_from_classic_operator to 2025-02-19 00:00:00+00:00, run_after=2025-02-20 00:00:00+00:00
[2025-02-20T12:56:57.094+0100] {processor.py:208} INFO - Processing /Users/ajlakorman/Desktop/Data-Mining-Projects/Apache_Airflow/venv/lib/python3.10/site-packages/airflow/example_dags/example_outlet_event_extra.py took 0.139 seconds
[2025-02-20T12:59:51.293+0100] {processor.py:186} INFO - Started process (PID=15090) to work on /Users/ajlakorman/Desktop/Data-Mining-Projects/Apache_Airflow/venv/lib/python3.10/site-packages/airflow/example_dags/example_outlet_event_extra.py
[2025-02-20T12:59:51.294+0100] {processor.py:914} INFO - Processing file /Users/ajlakorman/Desktop/Data-Mining-Projects/Apache_Airflow/venv/lib/python3.10/site-packages/airflow/example_dags/example_outlet_event_extra.py for tasks to queue
[2025-02-20T12:59:51.295+0100] {logging_mixin.py:190} INFO - [2025-02-20T12:59:51.294+0100] {dagbag.py:588} INFO - Filling up the DagBag from /Users/ajlakorman/Desktop/Data-Mining-Projects/Apache_Airflow/venv/lib/python3.10/site-packages/airflow/example_dags/example_outlet_event_extra.py
[2025-02-20T12:59:51.391+0100] {processor.py:925} INFO - DAG(s) 'dataset_with_extra_by_yield', 'dataset_with_extra_by_context', 'dataset_with_extra_from_classic_operator' retrieved from /Users/ajlakorman/Desktop/Data-Mining-Projects/Apache_Airflow/venv/lib/python3.10/site-packages/airflow/example_dags/example_outlet_event_extra.py
[2025-02-20T12:59:51.468+0100] {logging_mixin.py:190} INFO - [2025-02-20T12:59:51.468+0100] {dag.py:3239} INFO - Sync 3 DAGs
[2025-02-20T12:59:51.481+0100] {logging_mixin.py:190} INFO - [2025-02-20T12:59:51.481+0100] {dag.py:4180} INFO - Setting next_dagrun for dataset_with_extra_by_context to 2025-02-19 00:00:00+00:00, run_after=2025-02-20 00:00:00+00:00
[2025-02-20T12:59:51.486+0100] {logging_mixin.py:190} INFO - [2025-02-20T12:59:51.486+0100] {dag.py:4180} INFO - Setting next_dagrun for dataset_with_extra_by_yield to 2025-02-19 00:00:00+00:00, run_after=2025-02-20 00:00:00+00:00
[2025-02-20T12:59:51.488+0100] {logging_mixin.py:190} INFO - [2025-02-20T12:59:51.488+0100] {dag.py:4180} INFO - Setting next_dagrun for dataset_with_extra_from_classic_operator to 2025-02-19 00:00:00+00:00, run_after=2025-02-20 00:00:00+00:00
[2025-02-20T12:59:51.502+0100] {processor.py:208} INFO - Processing /Users/ajlakorman/Desktop/Data-Mining-Projects/Apache_Airflow/venv/lib/python3.10/site-packages/airflow/example_dags/example_outlet_event_extra.py took 0.211 seconds
[2025-02-20T13:02:31.399+0100] {processor.py:186} INFO - Started process (PID=15321) to work on /Users/ajlakorman/Desktop/Data-Mining-Projects/Apache_Airflow/venv/lib/python3.10/site-packages/airflow/example_dags/example_outlet_event_extra.py
[2025-02-20T13:02:31.400+0100] {processor.py:914} INFO - Processing file /Users/ajlakorman/Desktop/Data-Mining-Projects/Apache_Airflow/venv/lib/python3.10/site-packages/airflow/example_dags/example_outlet_event_extra.py for tasks to queue
[2025-02-20T13:02:31.401+0100] {logging_mixin.py:190} INFO - [2025-02-20T13:02:31.400+0100] {dagbag.py:588} INFO - Filling up the DagBag from /Users/ajlakorman/Desktop/Data-Mining-Projects/Apache_Airflow/venv/lib/python3.10/site-packages/airflow/example_dags/example_outlet_event_extra.py
[2025-02-20T13:02:31.455+0100] {processor.py:925} INFO - DAG(s) 'dataset_with_extra_by_yield', 'dataset_with_extra_from_classic_operator', 'dataset_with_extra_by_context' retrieved from /Users/ajlakorman/Desktop/Data-Mining-Projects/Apache_Airflow/venv/lib/python3.10/site-packages/airflow/example_dags/example_outlet_event_extra.py
[2025-02-20T13:02:31.494+0100] {logging_mixin.py:190} INFO - [2025-02-20T13:02:31.494+0100] {dag.py:3239} INFO - Sync 3 DAGs
[2025-02-20T13:02:31.501+0100] {logging_mixin.py:190} INFO - [2025-02-20T13:02:31.501+0100] {dag.py:4180} INFO - Setting next_dagrun for dataset_with_extra_by_context to 2025-02-19 00:00:00+00:00, run_after=2025-02-20 00:00:00+00:00
[2025-02-20T13:02:31.502+0100] {logging_mixin.py:190} INFO - [2025-02-20T13:02:31.502+0100] {dag.py:4180} INFO - Setting next_dagrun for dataset_with_extra_by_yield to 2025-02-19 00:00:00+00:00, run_after=2025-02-20 00:00:00+00:00
[2025-02-20T13:02:31.503+0100] {logging_mixin.py:190} INFO - [2025-02-20T13:02:31.503+0100] {dag.py:4180} INFO - Setting next_dagrun for dataset_with_extra_from_classic_operator to 2025-02-19 00:00:00+00:00, run_after=2025-02-20 00:00:00+00:00
[2025-02-20T13:02:31.510+0100] {processor.py:208} INFO - Processing /Users/ajlakorman/Desktop/Data-Mining-Projects/Apache_Airflow/venv/lib/python3.10/site-packages/airflow/example_dags/example_outlet_event_extra.py took 0.113 seconds
[2025-02-20T13:08:02.839+0100] {processor.py:186} INFO - Started process (PID=15645) to work on /Users/ajlakorman/Desktop/Data-Mining-Projects/Apache_Airflow/venv/lib/python3.10/site-packages/airflow/example_dags/example_outlet_event_extra.py
[2025-02-20T13:08:02.840+0100] {processor.py:914} INFO - Processing file /Users/ajlakorman/Desktop/Data-Mining-Projects/Apache_Airflow/venv/lib/python3.10/site-packages/airflow/example_dags/example_outlet_event_extra.py for tasks to queue
[2025-02-20T13:08:02.841+0100] {logging_mixin.py:190} INFO - [2025-02-20T13:08:02.841+0100] {dagbag.py:588} INFO - Filling up the DagBag from /Users/ajlakorman/Desktop/Data-Mining-Projects/Apache_Airflow/venv/lib/python3.10/site-packages/airflow/example_dags/example_outlet_event_extra.py
[2025-02-20T13:08:02.901+0100] {processor.py:925} INFO - DAG(s) 'dataset_with_extra_by_yield', 'dataset_with_extra_from_classic_operator', 'dataset_with_extra_by_context' retrieved from /Users/ajlakorman/Desktop/Data-Mining-Projects/Apache_Airflow/venv/lib/python3.10/site-packages/airflow/example_dags/example_outlet_event_extra.py
[2025-02-20T13:08:02.941+0100] {logging_mixin.py:190} INFO - [2025-02-20T13:08:02.941+0100] {dag.py:3239} INFO - Sync 3 DAGs
[2025-02-20T13:08:02.948+0100] {logging_mixin.py:190} INFO - [2025-02-20T13:08:02.948+0100] {dag.py:4180} INFO - Setting next_dagrun for dataset_with_extra_by_context to 2025-02-19 00:00:00+00:00, run_after=2025-02-20 00:00:00+00:00
[2025-02-20T13:08:02.950+0100] {logging_mixin.py:190} INFO - [2025-02-20T13:08:02.950+0100] {dag.py:4180} INFO - Setting next_dagrun for dataset_with_extra_by_yield to 2025-02-19 00:00:00+00:00, run_after=2025-02-20 00:00:00+00:00
[2025-02-20T13:08:02.950+0100] {logging_mixin.py:190} INFO - [2025-02-20T13:08:02.950+0100] {dag.py:4180} INFO - Setting next_dagrun for dataset_with_extra_from_classic_operator to 2025-02-19 00:00:00+00:00, run_after=2025-02-20 00:00:00+00:00
[2025-02-20T13:08:02.958+0100] {processor.py:208} INFO - Processing /Users/ajlakorman/Desktop/Data-Mining-Projects/Apache_Airflow/venv/lib/python3.10/site-packages/airflow/example_dags/example_outlet_event_extra.py took 0.121 seconds
[2025-02-20T13:10:49.771+0100] {processor.py:186} INFO - Started process (PID=16008) to work on /Users/ajlakorman/Desktop/Data-Mining-Projects/Apache_Airflow/venv/lib/python3.10/site-packages/airflow/example_dags/example_outlet_event_extra.py
[2025-02-20T13:10:49.772+0100] {processor.py:914} INFO - Processing file /Users/ajlakorman/Desktop/Data-Mining-Projects/Apache_Airflow/venv/lib/python3.10/site-packages/airflow/example_dags/example_outlet_event_extra.py for tasks to queue
[2025-02-20T13:10:49.772+0100] {logging_mixin.py:190} INFO - [2025-02-20T13:10:49.772+0100] {dagbag.py:588} INFO - Filling up the DagBag from /Users/ajlakorman/Desktop/Data-Mining-Projects/Apache_Airflow/venv/lib/python3.10/site-packages/airflow/example_dags/example_outlet_event_extra.py
[2025-02-20T13:10:49.839+0100] {processor.py:925} INFO - DAG(s) 'dataset_with_extra_from_classic_operator', 'dataset_with_extra_by_yield', 'dataset_with_extra_by_context' retrieved from /Users/ajlakorman/Desktop/Data-Mining-Projects/Apache_Airflow/venv/lib/python3.10/site-packages/airflow/example_dags/example_outlet_event_extra.py
[2025-02-20T13:10:49.880+0100] {logging_mixin.py:190} INFO - [2025-02-20T13:10:49.880+0100] {dag.py:3239} INFO - Sync 3 DAGs
[2025-02-20T13:10:49.887+0100] {logging_mixin.py:190} INFO - [2025-02-20T13:10:49.887+0100] {dag.py:4180} INFO - Setting next_dagrun for dataset_with_extra_by_context to 2025-02-19 00:00:00+00:00, run_after=2025-02-20 00:00:00+00:00
[2025-02-20T13:10:49.888+0100] {logging_mixin.py:190} INFO - [2025-02-20T13:10:49.888+0100] {dag.py:4180} INFO - Setting next_dagrun for dataset_with_extra_by_yield to 2025-02-19 00:00:00+00:00, run_after=2025-02-20 00:00:00+00:00
[2025-02-20T13:10:49.889+0100] {logging_mixin.py:190} INFO - [2025-02-20T13:10:49.889+0100] {dag.py:4180} INFO - Setting next_dagrun for dataset_with_extra_from_classic_operator to 2025-02-19 00:00:00+00:00, run_after=2025-02-20 00:00:00+00:00
[2025-02-20T13:10:49.896+0100] {processor.py:208} INFO - Processing /Users/ajlakorman/Desktop/Data-Mining-Projects/Apache_Airflow/venv/lib/python3.10/site-packages/airflow/example_dags/example_outlet_event_extra.py took 0.128 seconds
[2025-02-20T13:13:47.665+0100] {processor.py:186} INFO - Started process (PID=16279) to work on /Users/ajlakorman/Desktop/Data-Mining-Projects/Apache_Airflow/venv/lib/python3.10/site-packages/airflow/example_dags/example_outlet_event_extra.py
[2025-02-20T13:13:47.666+0100] {processor.py:914} INFO - Processing file /Users/ajlakorman/Desktop/Data-Mining-Projects/Apache_Airflow/venv/lib/python3.10/site-packages/airflow/example_dags/example_outlet_event_extra.py for tasks to queue
[2025-02-20T13:13:47.667+0100] {logging_mixin.py:190} INFO - [2025-02-20T13:13:47.667+0100] {dagbag.py:588} INFO - Filling up the DagBag from /Users/ajlakorman/Desktop/Data-Mining-Projects/Apache_Airflow/venv/lib/python3.10/site-packages/airflow/example_dags/example_outlet_event_extra.py
[2025-02-20T13:13:47.736+0100] {processor.py:925} INFO - DAG(s) 'dataset_with_extra_from_classic_operator', 'dataset_with_extra_by_yield', 'dataset_with_extra_by_context' retrieved from /Users/ajlakorman/Desktop/Data-Mining-Projects/Apache_Airflow/venv/lib/python3.10/site-packages/airflow/example_dags/example_outlet_event_extra.py
[2025-02-20T13:13:47.777+0100] {logging_mixin.py:190} INFO - [2025-02-20T13:13:47.777+0100] {dag.py:3239} INFO - Sync 3 DAGs
[2025-02-20T13:13:47.784+0100] {logging_mixin.py:190} INFO - [2025-02-20T13:13:47.784+0100] {dag.py:4180} INFO - Setting next_dagrun for dataset_with_extra_by_context to 2025-02-19 00:00:00+00:00, run_after=2025-02-20 00:00:00+00:00
[2025-02-20T13:13:47.786+0100] {logging_mixin.py:190} INFO - [2025-02-20T13:13:47.786+0100] {dag.py:4180} INFO - Setting next_dagrun for dataset_with_extra_by_yield to 2025-02-19 00:00:00+00:00, run_after=2025-02-20 00:00:00+00:00
[2025-02-20T13:13:47.786+0100] {logging_mixin.py:190} INFO - [2025-02-20T13:13:47.786+0100] {dag.py:4180} INFO - Setting next_dagrun for dataset_with_extra_from_classic_operator to 2025-02-19 00:00:00+00:00, run_after=2025-02-20 00:00:00+00:00
[2025-02-20T13:13:47.794+0100] {processor.py:208} INFO - Processing /Users/ajlakorman/Desktop/Data-Mining-Projects/Apache_Airflow/venv/lib/python3.10/site-packages/airflow/example_dags/example_outlet_event_extra.py took 0.130 seconds
[2025-02-20T13:16:45.266+0100] {processor.py:186} INFO - Started process (PID=16606) to work on /Users/ajlakorman/Desktop/Data-Mining-Projects/Apache_Airflow/venv/lib/python3.10/site-packages/airflow/example_dags/example_outlet_event_extra.py
[2025-02-20T13:16:45.268+0100] {processor.py:914} INFO - Processing file /Users/ajlakorman/Desktop/Data-Mining-Projects/Apache_Airflow/venv/lib/python3.10/site-packages/airflow/example_dags/example_outlet_event_extra.py for tasks to queue
[2025-02-20T13:16:45.269+0100] {logging_mixin.py:190} INFO - [2025-02-20T13:16:45.269+0100] {dagbag.py:588} INFO - Filling up the DagBag from /Users/ajlakorman/Desktop/Data-Mining-Projects/Apache_Airflow/venv/lib/python3.10/site-packages/airflow/example_dags/example_outlet_event_extra.py
[2025-02-20T13:16:45.371+0100] {processor.py:925} INFO - DAG(s) 'dataset_with_extra_by_yield', 'dataset_with_extra_from_classic_operator', 'dataset_with_extra_by_context' retrieved from /Users/ajlakorman/Desktop/Data-Mining-Projects/Apache_Airflow/venv/lib/python3.10/site-packages/airflow/example_dags/example_outlet_event_extra.py
[2025-02-20T13:16:45.435+0100] {logging_mixin.py:190} INFO - [2025-02-20T13:16:45.435+0100] {dag.py:3239} INFO - Sync 3 DAGs
[2025-02-20T13:16:45.443+0100] {logging_mixin.py:190} INFO - [2025-02-20T13:16:45.443+0100] {dag.py:4180} INFO - Setting next_dagrun for dataset_with_extra_by_context to 2025-02-19 00:00:00+00:00, run_after=2025-02-20 00:00:00+00:00
[2025-02-20T13:16:45.445+0100] {logging_mixin.py:190} INFO - [2025-02-20T13:16:45.445+0100] {dag.py:4180} INFO - Setting next_dagrun for dataset_with_extra_by_yield to 2025-02-19 00:00:00+00:00, run_after=2025-02-20 00:00:00+00:00
[2025-02-20T13:16:45.445+0100] {logging_mixin.py:190} INFO - [2025-02-20T13:16:45.445+0100] {dag.py:4180} INFO - Setting next_dagrun for dataset_with_extra_from_classic_operator to 2025-02-19 00:00:00+00:00, run_after=2025-02-20 00:00:00+00:00
[2025-02-20T13:16:45.455+0100] {processor.py:208} INFO - Processing /Users/ajlakorman/Desktop/Data-Mining-Projects/Apache_Airflow/venv/lib/python3.10/site-packages/airflow/example_dags/example_outlet_event_extra.py took 0.192 seconds
[2025-02-20T13:19:54.580+0100] {processor.py:186} INFO - Started process (PID=16964) to work on /Users/ajlakorman/Desktop/Data-Mining-Projects/Apache_Airflow/venv/lib/python3.10/site-packages/airflow/example_dags/example_outlet_event_extra.py
[2025-02-20T13:19:54.581+0100] {processor.py:914} INFO - Processing file /Users/ajlakorman/Desktop/Data-Mining-Projects/Apache_Airflow/venv/lib/python3.10/site-packages/airflow/example_dags/example_outlet_event_extra.py for tasks to queue
[2025-02-20T13:19:54.581+0100] {logging_mixin.py:190} INFO - [2025-02-20T13:19:54.581+0100] {dagbag.py:588} INFO - Filling up the DagBag from /Users/ajlakorman/Desktop/Data-Mining-Projects/Apache_Airflow/venv/lib/python3.10/site-packages/airflow/example_dags/example_outlet_event_extra.py
[2025-02-20T13:19:54.649+0100] {processor.py:925} INFO - DAG(s) 'dataset_with_extra_by_context', 'dataset_with_extra_by_yield', 'dataset_with_extra_from_classic_operator' retrieved from /Users/ajlakorman/Desktop/Data-Mining-Projects/Apache_Airflow/venv/lib/python3.10/site-packages/airflow/example_dags/example_outlet_event_extra.py
[2025-02-20T13:19:54.689+0100] {logging_mixin.py:190} INFO - [2025-02-20T13:19:54.688+0100] {dag.py:3239} INFO - Sync 3 DAGs
[2025-02-20T13:19:54.695+0100] {logging_mixin.py:190} INFO - [2025-02-20T13:19:54.695+0100] {dag.py:4180} INFO - Setting next_dagrun for dataset_with_extra_by_context to 2025-02-19 00:00:00+00:00, run_after=2025-02-20 00:00:00+00:00
[2025-02-20T13:19:54.697+0100] {logging_mixin.py:190} INFO - [2025-02-20T13:19:54.697+0100] {dag.py:4180} INFO - Setting next_dagrun for dataset_with_extra_by_yield to 2025-02-19 00:00:00+00:00, run_after=2025-02-20 00:00:00+00:00
[2025-02-20T13:19:54.698+0100] {logging_mixin.py:190} INFO - [2025-02-20T13:19:54.698+0100] {dag.py:4180} INFO - Setting next_dagrun for dataset_with_extra_from_classic_operator to 2025-02-19 00:00:00+00:00, run_after=2025-02-20 00:00:00+00:00
[2025-02-20T13:19:54.705+0100] {processor.py:208} INFO - Processing /Users/ajlakorman/Desktop/Data-Mining-Projects/Apache_Airflow/venv/lib/python3.10/site-packages/airflow/example_dags/example_outlet_event_extra.py took 0.127 seconds
[2025-02-20T13:22:46.107+0100] {processor.py:186} INFO - Started process (PID=17295) to work on /Users/ajlakorman/Desktop/Data-Mining-Projects/Apache_Airflow/venv/lib/python3.10/site-packages/airflow/example_dags/example_outlet_event_extra.py
[2025-02-20T13:22:46.107+0100] {processor.py:914} INFO - Processing file /Users/ajlakorman/Desktop/Data-Mining-Projects/Apache_Airflow/venv/lib/python3.10/site-packages/airflow/example_dags/example_outlet_event_extra.py for tasks to queue
[2025-02-20T13:22:46.108+0100] {logging_mixin.py:190} INFO - [2025-02-20T13:22:46.108+0100] {dagbag.py:588} INFO - Filling up the DagBag from /Users/ajlakorman/Desktop/Data-Mining-Projects/Apache_Airflow/venv/lib/python3.10/site-packages/airflow/example_dags/example_outlet_event_extra.py
[2025-02-20T13:22:46.173+0100] {processor.py:925} INFO - DAG(s) 'dataset_with_extra_by_context', 'dataset_with_extra_by_yield', 'dataset_with_extra_from_classic_operator' retrieved from /Users/ajlakorman/Desktop/Data-Mining-Projects/Apache_Airflow/venv/lib/python3.10/site-packages/airflow/example_dags/example_outlet_event_extra.py
[2025-02-20T13:22:46.213+0100] {logging_mixin.py:190} INFO - [2025-02-20T13:22:46.213+0100] {dag.py:3239} INFO - Sync 3 DAGs
[2025-02-20T13:22:46.220+0100] {logging_mixin.py:190} INFO - [2025-02-20T13:22:46.220+0100] {dag.py:4180} INFO - Setting next_dagrun for dataset_with_extra_by_context to 2025-02-19 00:00:00+00:00, run_after=2025-02-20 00:00:00+00:00
[2025-02-20T13:22:46.222+0100] {logging_mixin.py:190} INFO - [2025-02-20T13:22:46.222+0100] {dag.py:4180} INFO - Setting next_dagrun for dataset_with_extra_by_yield to 2025-02-19 00:00:00+00:00, run_after=2025-02-20 00:00:00+00:00
[2025-02-20T13:22:46.222+0100] {logging_mixin.py:190} INFO - [2025-02-20T13:22:46.222+0100] {dag.py:4180} INFO - Setting next_dagrun for dataset_with_extra_from_classic_operator to 2025-02-19 00:00:00+00:00, run_after=2025-02-20 00:00:00+00:00
[2025-02-20T13:22:46.230+0100] {processor.py:208} INFO - Processing /Users/ajlakorman/Desktop/Data-Mining-Projects/Apache_Airflow/venv/lib/python3.10/site-packages/airflow/example_dags/example_outlet_event_extra.py took 0.125 seconds
[2025-02-20T13:25:23.271+0100] {processor.py:186} INFO - Started process (PID=17516) to work on /Users/ajlakorman/Desktop/Data-Mining-Projects/Apache_Airflow/venv/lib/python3.10/site-packages/airflow/example_dags/example_outlet_event_extra.py
[2025-02-20T13:25:23.272+0100] {processor.py:914} INFO - Processing file /Users/ajlakorman/Desktop/Data-Mining-Projects/Apache_Airflow/venv/lib/python3.10/site-packages/airflow/example_dags/example_outlet_event_extra.py for tasks to queue
[2025-02-20T13:25:23.273+0100] {logging_mixin.py:190} INFO - [2025-02-20T13:25:23.273+0100] {dagbag.py:588} INFO - Filling up the DagBag from /Users/ajlakorman/Desktop/Data-Mining-Projects/Apache_Airflow/venv/lib/python3.10/site-packages/airflow/example_dags/example_outlet_event_extra.py
[2025-02-20T13:25:23.350+0100] {processor.py:925} INFO - DAG(s) 'dataset_with_extra_from_classic_operator', 'dataset_with_extra_by_context', 'dataset_with_extra_by_yield' retrieved from /Users/ajlakorman/Desktop/Data-Mining-Projects/Apache_Airflow/venv/lib/python3.10/site-packages/airflow/example_dags/example_outlet_event_extra.py
[2025-02-20T13:25:23.396+0100] {logging_mixin.py:190} INFO - [2025-02-20T13:25:23.396+0100] {dag.py:3239} INFO - Sync 3 DAGs
[2025-02-20T13:25:23.404+0100] {logging_mixin.py:190} INFO - [2025-02-20T13:25:23.404+0100] {dag.py:4180} INFO - Setting next_dagrun for dataset_with_extra_by_context to 2025-02-19 00:00:00+00:00, run_after=2025-02-20 00:00:00+00:00
[2025-02-20T13:25:23.406+0100] {logging_mixin.py:190} INFO - [2025-02-20T13:25:23.406+0100] {dag.py:4180} INFO - Setting next_dagrun for dataset_with_extra_by_yield to 2025-02-19 00:00:00+00:00, run_after=2025-02-20 00:00:00+00:00
[2025-02-20T13:25:23.407+0100] {logging_mixin.py:190} INFO - [2025-02-20T13:25:23.407+0100] {dag.py:4180} INFO - Setting next_dagrun for dataset_with_extra_from_classic_operator to 2025-02-19 00:00:00+00:00, run_after=2025-02-20 00:00:00+00:00
[2025-02-20T13:25:23.416+0100] {processor.py:208} INFO - Processing /Users/ajlakorman/Desktop/Data-Mining-Projects/Apache_Airflow/venv/lib/python3.10/site-packages/airflow/example_dags/example_outlet_event_extra.py took 0.147 seconds
