[2025-02-20T10:52:35.800+0100] {processor.py:186} INFO - Started process (PID=6248) to work on /Users/ajlakorman/Desktop/Data-Mining-Projects/Apache_Airflow/venv/lib/python3.10/site-packages/airflow/example_dags/example_sensor_decorator.py
[2025-02-20T10:52:35.801+0100] {processor.py:914} INFO - Processing file /Users/ajlakorman/Desktop/Data-Mining-Projects/Apache_Airflow/venv/lib/python3.10/site-packages/airflow/example_dags/example_sensor_decorator.py for tasks to queue
[2025-02-20T10:52:35.801+0100] {logging_mixin.py:190} INFO - [2025-02-20T10:52:35.801+0100] {dagbag.py:588} INFO - Filling up the DagBag from /Users/ajlakorman/Desktop/Data-Mining-Projects/Apache_Airflow/venv/lib/python3.10/site-packages/airflow/example_dags/example_sensor_decorator.py
[2025-02-20T10:52:35.818+0100] {processor.py:925} INFO - DAG(s) 'example_sensor_decorator' retrieved from /Users/ajlakorman/Desktop/Data-Mining-Projects/Apache_Airflow/venv/lib/python3.10/site-packages/airflow/example_dags/example_sensor_decorator.py
[2025-02-20T10:52:35.880+0100] {logging_mixin.py:190} INFO - [2025-02-20T10:52:35.879+0100] {workday.py:41} WARNING - Could not import pandas. Holidays will not be considered.
[2025-02-20T10:52:35.920+0100] {logging_mixin.py:190} INFO - [2025-02-20T10:52:35.920+0100] {override.py:1912} INFO - Created Permission View: can read on DAG:example_sensor_decorator
[2025-02-20T10:52:35.923+0100] {logging_mixin.py:190} INFO - [2025-02-20T10:52:35.923+0100] {override.py:1912} INFO - Created Permission View: can delete on DAG:example_sensor_decorator
[2025-02-20T10:52:35.926+0100] {logging_mixin.py:190} INFO - [2025-02-20T10:52:35.926+0100] {override.py:1912} INFO - Created Permission View: can edit on DAG:example_sensor_decorator
[2025-02-20T10:52:35.929+0100] {logging_mixin.py:190} INFO - [2025-02-20T10:52:35.928+0100] {override.py:1912} INFO - Created Permission View: menu access on DAG Run:example_sensor_decorator
[2025-02-20T10:52:35.931+0100] {logging_mixin.py:190} INFO - [2025-02-20T10:52:35.931+0100] {override.py:1912} INFO - Created Permission View: can read on DAG Run:example_sensor_decorator
[2025-02-20T10:52:35.933+0100] {logging_mixin.py:190} INFO - [2025-02-20T10:52:35.933+0100] {override.py:1912} INFO - Created Permission View: can delete on DAG Run:example_sensor_decorator
[2025-02-20T10:52:35.935+0100] {logging_mixin.py:190} INFO - [2025-02-20T10:52:35.935+0100] {override.py:1912} INFO - Created Permission View: can create on DAG Run:example_sensor_decorator
[2025-02-20T10:52:35.935+0100] {logging_mixin.py:190} INFO - [2025-02-20T10:52:35.935+0100] {dag.py:3239} INFO - Sync 1 DAGs
[2025-02-20T10:52:35.940+0100] {logging_mixin.py:190} INFO - [2025-02-20T10:52:35.940+0100] {dag.py:3262} INFO - Creating ORM DAG for example_sensor_decorator
[2025-02-20T10:52:35.940+0100] {logging_mixin.py:190} INFO - [2025-02-20T10:52:35.940+0100] {dag.py:4180} INFO - Setting next_dagrun for example_sensor_decorator to None, run_after=None
[2025-02-20T10:52:35.946+0100] {processor.py:208} INFO - Processing /Users/ajlakorman/Desktop/Data-Mining-Projects/Apache_Airflow/venv/lib/python3.10/site-packages/airflow/example_dags/example_sensor_decorator.py took 0.148 seconds
[2025-02-20T10:54:26.177+0100] {processor.py:186} INFO - Started process (PID=6543) to work on /Users/ajlakorman/Desktop/Data-Mining-Projects/Apache_Airflow/venv/lib/python3.10/site-packages/airflow/example_dags/example_sensor_decorator.py
[2025-02-20T10:54:26.178+0100] {processor.py:914} INFO - Processing file /Users/ajlakorman/Desktop/Data-Mining-Projects/Apache_Airflow/venv/lib/python3.10/site-packages/airflow/example_dags/example_sensor_decorator.py for tasks to queue
[2025-02-20T10:54:26.178+0100] {logging_mixin.py:190} INFO - [2025-02-20T10:54:26.178+0100] {dagbag.py:588} INFO - Filling up the DagBag from /Users/ajlakorman/Desktop/Data-Mining-Projects/Apache_Airflow/venv/lib/python3.10/site-packages/airflow/example_dags/example_sensor_decorator.py
[2025-02-20T10:54:26.198+0100] {processor.py:925} INFO - DAG(s) 'example_sensor_decorator' retrieved from /Users/ajlakorman/Desktop/Data-Mining-Projects/Apache_Airflow/venv/lib/python3.10/site-packages/airflow/example_dags/example_sensor_decorator.py
[2025-02-20T10:54:26.287+0100] {logging_mixin.py:190} INFO - [2025-02-20T10:54:26.287+0100] {workday.py:41} WARNING - Could not import pandas. Holidays will not be considered.
[2025-02-20T10:54:26.297+0100] {logging_mixin.py:190} INFO - [2025-02-20T10:54:26.297+0100] {dag.py:3239} INFO - Sync 1 DAGs
[2025-02-20T10:54:26.301+0100] {logging_mixin.py:190} INFO - [2025-02-20T10:54:26.301+0100] {dag.py:4180} INFO - Setting next_dagrun for example_sensor_decorator to None, run_after=None
[2025-02-20T10:54:26.310+0100] {processor.py:208} INFO - Processing /Users/ajlakorman/Desktop/Data-Mining-Projects/Apache_Airflow/venv/lib/python3.10/site-packages/airflow/example_dags/example_sensor_decorator.py took 0.134 seconds
[2025-02-20T10:56:58.131+0100] {processor.py:186} INFO - Started process (PID=6845) to work on /Users/ajlakorman/Desktop/Data-Mining-Projects/Apache_Airflow/venv/lib/python3.10/site-packages/airflow/example_dags/example_sensor_decorator.py
[2025-02-20T10:56:58.137+0100] {processor.py:914} INFO - Processing file /Users/ajlakorman/Desktop/Data-Mining-Projects/Apache_Airflow/venv/lib/python3.10/site-packages/airflow/example_dags/example_sensor_decorator.py for tasks to queue
[2025-02-20T10:56:58.137+0100] {logging_mixin.py:190} INFO - [2025-02-20T10:56:58.137+0100] {dagbag.py:588} INFO - Filling up the DagBag from /Users/ajlakorman/Desktop/Data-Mining-Projects/Apache_Airflow/venv/lib/python3.10/site-packages/airflow/example_dags/example_sensor_decorator.py
[2025-02-20T10:56:58.179+0100] {processor.py:925} INFO - DAG(s) 'example_sensor_decorator' retrieved from /Users/ajlakorman/Desktop/Data-Mining-Projects/Apache_Airflow/venv/lib/python3.10/site-packages/airflow/example_dags/example_sensor_decorator.py
[2025-02-20T10:56:58.489+0100] {logging_mixin.py:190} INFO - [2025-02-20T10:56:58.489+0100] {workday.py:41} WARNING - Could not import pandas. Holidays will not be considered.
[2025-02-20T10:56:58.513+0100] {logging_mixin.py:190} INFO - [2025-02-20T10:56:58.510+0100] {dag.py:3239} INFO - Sync 1 DAGs
[2025-02-20T10:56:58.546+0100] {logging_mixin.py:190} INFO - [2025-02-20T10:56:58.545+0100] {dag.py:4180} INFO - Setting next_dagrun for example_sensor_decorator to None, run_after=None
[2025-02-20T10:56:58.561+0100] {processor.py:208} INFO - Processing /Users/ajlakorman/Desktop/Data-Mining-Projects/Apache_Airflow/venv/lib/python3.10/site-packages/airflow/example_dags/example_sensor_decorator.py took 0.433 seconds
[2025-02-20T10:58:24.700+0100] {processor.py:186} INFO - Started process (PID=6985) to work on /Users/ajlakorman/Desktop/Data-Mining-Projects/Apache_Airflow/venv/lib/python3.10/site-packages/airflow/example_dags/example_sensor_decorator.py
[2025-02-20T10:58:24.701+0100] {processor.py:914} INFO - Processing file /Users/ajlakorman/Desktop/Data-Mining-Projects/Apache_Airflow/venv/lib/python3.10/site-packages/airflow/example_dags/example_sensor_decorator.py for tasks to queue
[2025-02-20T10:58:24.702+0100] {logging_mixin.py:190} INFO - [2025-02-20T10:58:24.702+0100] {dagbag.py:588} INFO - Filling up the DagBag from /Users/ajlakorman/Desktop/Data-Mining-Projects/Apache_Airflow/venv/lib/python3.10/site-packages/airflow/example_dags/example_sensor_decorator.py
[2025-02-20T10:58:24.719+0100] {processor.py:925} INFO - DAG(s) 'example_sensor_decorator' retrieved from /Users/ajlakorman/Desktop/Data-Mining-Projects/Apache_Airflow/venv/lib/python3.10/site-packages/airflow/example_dags/example_sensor_decorator.py
[2025-02-20T10:58:24.807+0100] {logging_mixin.py:190} INFO - [2025-02-20T10:58:24.807+0100] {workday.py:41} WARNING - Could not import pandas. Holidays will not be considered.
[2025-02-20T10:58:24.817+0100] {logging_mixin.py:190} INFO - [2025-02-20T10:58:24.817+0100] {dag.py:3239} INFO - Sync 1 DAGs
[2025-02-20T10:58:24.821+0100] {logging_mixin.py:190} INFO - [2025-02-20T10:58:24.821+0100] {dag.py:4180} INFO - Setting next_dagrun for example_sensor_decorator to None, run_after=None
[2025-02-20T10:58:24.828+0100] {processor.py:208} INFO - Processing /Users/ajlakorman/Desktop/Data-Mining-Projects/Apache_Airflow/venv/lib/python3.10/site-packages/airflow/example_dags/example_sensor_decorator.py took 0.130 seconds
[2025-02-20T11:01:00.283+0100] {processor.py:186} INFO - Started process (PID=7308) to work on /Users/ajlakorman/Desktop/Data-Mining-Projects/Apache_Airflow/venv/lib/python3.10/site-packages/airflow/example_dags/example_sensor_decorator.py
[2025-02-20T11:01:00.284+0100] {processor.py:914} INFO - Processing file /Users/ajlakorman/Desktop/Data-Mining-Projects/Apache_Airflow/venv/lib/python3.10/site-packages/airflow/example_dags/example_sensor_decorator.py for tasks to queue
[2025-02-20T11:01:00.285+0100] {logging_mixin.py:190} INFO - [2025-02-20T11:01:00.284+0100] {dagbag.py:588} INFO - Filling up the DagBag from /Users/ajlakorman/Desktop/Data-Mining-Projects/Apache_Airflow/venv/lib/python3.10/site-packages/airflow/example_dags/example_sensor_decorator.py
[2025-02-20T11:01:00.300+0100] {processor.py:925} INFO - DAG(s) 'example_sensor_decorator' retrieved from /Users/ajlakorman/Desktop/Data-Mining-Projects/Apache_Airflow/venv/lib/python3.10/site-packages/airflow/example_dags/example_sensor_decorator.py
[2025-02-20T11:01:00.364+0100] {logging_mixin.py:190} INFO - [2025-02-20T11:01:00.364+0100] {workday.py:41} WARNING - Could not import pandas. Holidays will not be considered.
[2025-02-20T11:01:00.372+0100] {logging_mixin.py:190} INFO - [2025-02-20T11:01:00.372+0100] {dag.py:3239} INFO - Sync 1 DAGs
[2025-02-20T11:01:00.377+0100] {logging_mixin.py:190} INFO - [2025-02-20T11:01:00.377+0100] {dag.py:4180} INFO - Setting next_dagrun for example_sensor_decorator to None, run_after=None
[2025-02-20T11:01:00.384+0100] {processor.py:208} INFO - Processing /Users/ajlakorman/Desktop/Data-Mining-Projects/Apache_Airflow/venv/lib/python3.10/site-packages/airflow/example_dags/example_sensor_decorator.py took 0.103 seconds
[2025-02-20T11:03:23.444+0100] {processor.py:186} INFO - Started process (PID=7576) to work on /Users/ajlakorman/Desktop/Data-Mining-Projects/Apache_Airflow/venv/lib/python3.10/site-packages/airflow/example_dags/example_sensor_decorator.py
[2025-02-20T11:03:23.445+0100] {processor.py:914} INFO - Processing file /Users/ajlakorman/Desktop/Data-Mining-Projects/Apache_Airflow/venv/lib/python3.10/site-packages/airflow/example_dags/example_sensor_decorator.py for tasks to queue
[2025-02-20T11:03:23.445+0100] {logging_mixin.py:190} INFO - [2025-02-20T11:03:23.445+0100] {dagbag.py:588} INFO - Filling up the DagBag from /Users/ajlakorman/Desktop/Data-Mining-Projects/Apache_Airflow/venv/lib/python3.10/site-packages/airflow/example_dags/example_sensor_decorator.py
[2025-02-20T11:03:23.460+0100] {processor.py:925} INFO - DAG(s) 'example_sensor_decorator' retrieved from /Users/ajlakorman/Desktop/Data-Mining-Projects/Apache_Airflow/venv/lib/python3.10/site-packages/airflow/example_dags/example_sensor_decorator.py
[2025-02-20T11:03:23.519+0100] {logging_mixin.py:190} INFO - [2025-02-20T11:03:23.519+0100] {workday.py:41} WARNING - Could not import pandas. Holidays will not be considered.
[2025-02-20T11:03:23.527+0100] {logging_mixin.py:190} INFO - [2025-02-20T11:03:23.527+0100] {dag.py:3239} INFO - Sync 1 DAGs
[2025-02-20T11:03:23.531+0100] {logging_mixin.py:190} INFO - [2025-02-20T11:03:23.530+0100] {dag.py:4180} INFO - Setting next_dagrun for example_sensor_decorator to None, run_after=None
[2025-02-20T11:03:23.537+0100] {processor.py:208} INFO - Processing /Users/ajlakorman/Desktop/Data-Mining-Projects/Apache_Airflow/venv/lib/python3.10/site-packages/airflow/example_dags/example_sensor_decorator.py took 0.095 seconds
[2025-02-20T11:05:42.030+0100] {processor.py:186} INFO - Started process (PID=7867) to work on /Users/ajlakorman/Desktop/Data-Mining-Projects/Apache_Airflow/venv/lib/python3.10/site-packages/airflow/example_dags/example_sensor_decorator.py
[2025-02-20T11:05:42.031+0100] {processor.py:914} INFO - Processing file /Users/ajlakorman/Desktop/Data-Mining-Projects/Apache_Airflow/venv/lib/python3.10/site-packages/airflow/example_dags/example_sensor_decorator.py for tasks to queue
[2025-02-20T11:05:42.031+0100] {logging_mixin.py:190} INFO - [2025-02-20T11:05:42.031+0100] {dagbag.py:588} INFO - Filling up the DagBag from /Users/ajlakorman/Desktop/Data-Mining-Projects/Apache_Airflow/venv/lib/python3.10/site-packages/airflow/example_dags/example_sensor_decorator.py
[2025-02-20T11:05:42.046+0100] {processor.py:925} INFO - DAG(s) 'example_sensor_decorator' retrieved from /Users/ajlakorman/Desktop/Data-Mining-Projects/Apache_Airflow/venv/lib/python3.10/site-packages/airflow/example_dags/example_sensor_decorator.py
[2025-02-20T11:05:42.105+0100] {logging_mixin.py:190} INFO - [2025-02-20T11:05:42.105+0100] {workday.py:41} WARNING - Could not import pandas. Holidays will not be considered.
[2025-02-20T11:05:42.113+0100] {logging_mixin.py:190} INFO - [2025-02-20T11:05:42.113+0100] {dag.py:3239} INFO - Sync 1 DAGs
[2025-02-20T11:05:42.117+0100] {logging_mixin.py:190} INFO - [2025-02-20T11:05:42.117+0100] {dag.py:4180} INFO - Setting next_dagrun for example_sensor_decorator to None, run_after=None
[2025-02-20T11:05:42.124+0100] {processor.py:208} INFO - Processing /Users/ajlakorman/Desktop/Data-Mining-Projects/Apache_Airflow/venv/lib/python3.10/site-packages/airflow/example_dags/example_sensor_decorator.py took 0.096 seconds
[2025-02-20T11:08:00.579+0100] {processor.py:186} INFO - Started process (PID=8172) to work on /Users/ajlakorman/Desktop/Data-Mining-Projects/Apache_Airflow/venv/lib/python3.10/site-packages/airflow/example_dags/example_sensor_decorator.py
[2025-02-20T11:08:00.579+0100] {processor.py:914} INFO - Processing file /Users/ajlakorman/Desktop/Data-Mining-Projects/Apache_Airflow/venv/lib/python3.10/site-packages/airflow/example_dags/example_sensor_decorator.py for tasks to queue
[2025-02-20T11:08:00.580+0100] {logging_mixin.py:190} INFO - [2025-02-20T11:08:00.580+0100] {dagbag.py:588} INFO - Filling up the DagBag from /Users/ajlakorman/Desktop/Data-Mining-Projects/Apache_Airflow/venv/lib/python3.10/site-packages/airflow/example_dags/example_sensor_decorator.py
[2025-02-20T11:08:00.594+0100] {processor.py:925} INFO - DAG(s) 'example_sensor_decorator' retrieved from /Users/ajlakorman/Desktop/Data-Mining-Projects/Apache_Airflow/venv/lib/python3.10/site-packages/airflow/example_dags/example_sensor_decorator.py
[2025-02-20T11:08:00.655+0100] {logging_mixin.py:190} INFO - [2025-02-20T11:08:00.654+0100] {workday.py:41} WARNING - Could not import pandas. Holidays will not be considered.
[2025-02-20T11:08:00.663+0100] {logging_mixin.py:190} INFO - [2025-02-20T11:08:00.663+0100] {dag.py:3239} INFO - Sync 1 DAGs
[2025-02-20T11:08:00.667+0100] {logging_mixin.py:190} INFO - [2025-02-20T11:08:00.666+0100] {dag.py:4180} INFO - Setting next_dagrun for example_sensor_decorator to None, run_after=None
[2025-02-20T11:08:00.673+0100] {processor.py:208} INFO - Processing /Users/ajlakorman/Desktop/Data-Mining-Projects/Apache_Airflow/venv/lib/python3.10/site-packages/airflow/example_dags/example_sensor_decorator.py took 0.096 seconds
[2025-02-20T11:10:20.442+0100] {processor.py:186} INFO - Started process (PID=8412) to work on /Users/ajlakorman/Desktop/Data-Mining-Projects/Apache_Airflow/venv/lib/python3.10/site-packages/airflow/example_dags/example_sensor_decorator.py
[2025-02-20T11:10:20.444+0100] {processor.py:914} INFO - Processing file /Users/ajlakorman/Desktop/Data-Mining-Projects/Apache_Airflow/venv/lib/python3.10/site-packages/airflow/example_dags/example_sensor_decorator.py for tasks to queue
[2025-02-20T11:10:20.444+0100] {logging_mixin.py:190} INFO - [2025-02-20T11:10:20.444+0100] {dagbag.py:588} INFO - Filling up the DagBag from /Users/ajlakorman/Desktop/Data-Mining-Projects/Apache_Airflow/venv/lib/python3.10/site-packages/airflow/example_dags/example_sensor_decorator.py
[2025-02-20T11:10:20.458+0100] {processor.py:925} INFO - DAG(s) 'example_sensor_decorator' retrieved from /Users/ajlakorman/Desktop/Data-Mining-Projects/Apache_Airflow/venv/lib/python3.10/site-packages/airflow/example_dags/example_sensor_decorator.py
[2025-02-20T11:10:20.518+0100] {logging_mixin.py:190} INFO - [2025-02-20T11:10:20.517+0100] {workday.py:41} WARNING - Could not import pandas. Holidays will not be considered.
[2025-02-20T11:10:20.526+0100] {logging_mixin.py:190} INFO - [2025-02-20T11:10:20.526+0100] {dag.py:3239} INFO - Sync 1 DAGs
[2025-02-20T11:10:20.530+0100] {logging_mixin.py:190} INFO - [2025-02-20T11:10:20.530+0100] {dag.py:4180} INFO - Setting next_dagrun for example_sensor_decorator to None, run_after=None
[2025-02-20T11:10:20.537+0100] {processor.py:208} INFO - Processing /Users/ajlakorman/Desktop/Data-Mining-Projects/Apache_Airflow/venv/lib/python3.10/site-packages/airflow/example_dags/example_sensor_decorator.py took 0.096 seconds
[2025-02-20T11:12:36.599+0100] {processor.py:186} INFO - Started process (PID=8647) to work on /Users/ajlakorman/Desktop/Data-Mining-Projects/Apache_Airflow/venv/lib/python3.10/site-packages/airflow/example_dags/example_sensor_decorator.py
[2025-02-20T11:12:36.600+0100] {processor.py:914} INFO - Processing file /Users/ajlakorman/Desktop/Data-Mining-Projects/Apache_Airflow/venv/lib/python3.10/site-packages/airflow/example_dags/example_sensor_decorator.py for tasks to queue
[2025-02-20T11:12:36.600+0100] {logging_mixin.py:190} INFO - [2025-02-20T11:12:36.600+0100] {dagbag.py:588} INFO - Filling up the DagBag from /Users/ajlakorman/Desktop/Data-Mining-Projects/Apache_Airflow/venv/lib/python3.10/site-packages/airflow/example_dags/example_sensor_decorator.py
[2025-02-20T11:12:36.615+0100] {processor.py:925} INFO - DAG(s) 'example_sensor_decorator' retrieved from /Users/ajlakorman/Desktop/Data-Mining-Projects/Apache_Airflow/venv/lib/python3.10/site-packages/airflow/example_dags/example_sensor_decorator.py
[2025-02-20T11:12:36.674+0100] {logging_mixin.py:190} INFO - [2025-02-20T11:12:36.674+0100] {workday.py:41} WARNING - Could not import pandas. Holidays will not be considered.
[2025-02-20T11:12:36.682+0100] {logging_mixin.py:190} INFO - [2025-02-20T11:12:36.682+0100] {dag.py:3239} INFO - Sync 1 DAGs
[2025-02-20T11:12:36.686+0100] {logging_mixin.py:190} INFO - [2025-02-20T11:12:36.686+0100] {dag.py:4180} INFO - Setting next_dagrun for example_sensor_decorator to None, run_after=None
[2025-02-20T11:12:36.693+0100] {processor.py:208} INFO - Processing /Users/ajlakorman/Desktop/Data-Mining-Projects/Apache_Airflow/venv/lib/python3.10/site-packages/airflow/example_dags/example_sensor_decorator.py took 0.095 seconds
[2025-02-20T11:15:02.839+0100] {processor.py:186} INFO - Started process (PID=8907) to work on /Users/ajlakorman/Desktop/Data-Mining-Projects/Apache_Airflow/venv/lib/python3.10/site-packages/airflow/example_dags/example_sensor_decorator.py
[2025-02-20T11:15:02.839+0100] {processor.py:914} INFO - Processing file /Users/ajlakorman/Desktop/Data-Mining-Projects/Apache_Airflow/venv/lib/python3.10/site-packages/airflow/example_dags/example_sensor_decorator.py for tasks to queue
[2025-02-20T11:15:02.840+0100] {logging_mixin.py:190} INFO - [2025-02-20T11:15:02.840+0100] {dagbag.py:588} INFO - Filling up the DagBag from /Users/ajlakorman/Desktop/Data-Mining-Projects/Apache_Airflow/venv/lib/python3.10/site-packages/airflow/example_dags/example_sensor_decorator.py
[2025-02-20T11:15:02.855+0100] {processor.py:925} INFO - DAG(s) 'example_sensor_decorator' retrieved from /Users/ajlakorman/Desktop/Data-Mining-Projects/Apache_Airflow/venv/lib/python3.10/site-packages/airflow/example_dags/example_sensor_decorator.py
[2025-02-20T11:15:02.914+0100] {logging_mixin.py:190} INFO - [2025-02-20T11:15:02.914+0100] {workday.py:41} WARNING - Could not import pandas. Holidays will not be considered.
[2025-02-20T11:15:02.922+0100] {logging_mixin.py:190} INFO - [2025-02-20T11:15:02.922+0100] {dag.py:3239} INFO - Sync 1 DAGs
[2025-02-20T11:15:02.926+0100] {logging_mixin.py:190} INFO - [2025-02-20T11:15:02.926+0100] {dag.py:4180} INFO - Setting next_dagrun for example_sensor_decorator to None, run_after=None
[2025-02-20T11:15:02.933+0100] {processor.py:208} INFO - Processing /Users/ajlakorman/Desktop/Data-Mining-Projects/Apache_Airflow/venv/lib/python3.10/site-packages/airflow/example_dags/example_sensor_decorator.py took 0.096 seconds
[2025-02-20T11:17:24.581+0100] {processor.py:186} INFO - Started process (PID=9213) to work on /Users/ajlakorman/Desktop/Data-Mining-Projects/Apache_Airflow/venv/lib/python3.10/site-packages/airflow/example_dags/example_sensor_decorator.py
[2025-02-20T11:17:24.581+0100] {processor.py:914} INFO - Processing file /Users/ajlakorman/Desktop/Data-Mining-Projects/Apache_Airflow/venv/lib/python3.10/site-packages/airflow/example_dags/example_sensor_decorator.py for tasks to queue
[2025-02-20T11:17:24.582+0100] {logging_mixin.py:190} INFO - [2025-02-20T11:17:24.582+0100] {dagbag.py:588} INFO - Filling up the DagBag from /Users/ajlakorman/Desktop/Data-Mining-Projects/Apache_Airflow/venv/lib/python3.10/site-packages/airflow/example_dags/example_sensor_decorator.py
[2025-02-20T11:17:24.598+0100] {processor.py:925} INFO - DAG(s) 'example_sensor_decorator' retrieved from /Users/ajlakorman/Desktop/Data-Mining-Projects/Apache_Airflow/venv/lib/python3.10/site-packages/airflow/example_dags/example_sensor_decorator.py
[2025-02-20T11:17:24.659+0100] {logging_mixin.py:190} INFO - [2025-02-20T11:17:24.659+0100] {workday.py:41} WARNING - Could not import pandas. Holidays will not be considered.
[2025-02-20T11:17:24.668+0100] {logging_mixin.py:190} INFO - [2025-02-20T11:17:24.668+0100] {dag.py:3239} INFO - Sync 1 DAGs
[2025-02-20T11:17:24.672+0100] {logging_mixin.py:190} INFO - [2025-02-20T11:17:24.672+0100] {dag.py:4180} INFO - Setting next_dagrun for example_sensor_decorator to None, run_after=None
[2025-02-20T11:17:24.679+0100] {processor.py:208} INFO - Processing /Users/ajlakorman/Desktop/Data-Mining-Projects/Apache_Airflow/venv/lib/python3.10/site-packages/airflow/example_dags/example_sensor_decorator.py took 0.102 seconds
[2025-02-20T11:19:55.400+0100] {processor.py:186} INFO - Started process (PID=9596) to work on /Users/ajlakorman/Desktop/Data-Mining-Projects/Apache_Airflow/venv/lib/python3.10/site-packages/airflow/example_dags/example_sensor_decorator.py
[2025-02-20T11:19:55.402+0100] {processor.py:914} INFO - Processing file /Users/ajlakorman/Desktop/Data-Mining-Projects/Apache_Airflow/venv/lib/python3.10/site-packages/airflow/example_dags/example_sensor_decorator.py for tasks to queue
[2025-02-20T11:19:55.403+0100] {logging_mixin.py:190} INFO - [2025-02-20T11:19:55.403+0100] {dagbag.py:588} INFO - Filling up the DagBag from /Users/ajlakorman/Desktop/Data-Mining-Projects/Apache_Airflow/venv/lib/python3.10/site-packages/airflow/example_dags/example_sensor_decorator.py
[2025-02-20T11:19:55.425+0100] {processor.py:925} INFO - DAG(s) 'example_sensor_decorator' retrieved from /Users/ajlakorman/Desktop/Data-Mining-Projects/Apache_Airflow/venv/lib/python3.10/site-packages/airflow/example_dags/example_sensor_decorator.py
[2025-02-20T11:19:55.521+0100] {logging_mixin.py:190} INFO - [2025-02-20T11:19:55.521+0100] {workday.py:41} WARNING - Could not import pandas. Holidays will not be considered.
[2025-02-20T11:19:55.533+0100] {logging_mixin.py:190} INFO - [2025-02-20T11:19:55.532+0100] {dag.py:3239} INFO - Sync 1 DAGs
[2025-02-20T11:19:55.539+0100] {logging_mixin.py:190} INFO - [2025-02-20T11:19:55.538+0100] {dag.py:4180} INFO - Setting next_dagrun for example_sensor_decorator to None, run_after=None
[2025-02-20T11:19:55.551+0100] {processor.py:208} INFO - Processing /Users/ajlakorman/Desktop/Data-Mining-Projects/Apache_Airflow/venv/lib/python3.10/site-packages/airflow/example_dags/example_sensor_decorator.py took 0.155 seconds
[2025-02-20T11:22:21.192+0100] {processor.py:186} INFO - Started process (PID=9859) to work on /Users/ajlakorman/Desktop/Data-Mining-Projects/Apache_Airflow/venv/lib/python3.10/site-packages/airflow/example_dags/example_sensor_decorator.py
[2025-02-20T11:22:21.193+0100] {processor.py:914} INFO - Processing file /Users/ajlakorman/Desktop/Data-Mining-Projects/Apache_Airflow/venv/lib/python3.10/site-packages/airflow/example_dags/example_sensor_decorator.py for tasks to queue
[2025-02-20T11:22:21.193+0100] {logging_mixin.py:190} INFO - [2025-02-20T11:22:21.193+0100] {dagbag.py:588} INFO - Filling up the DagBag from /Users/ajlakorman/Desktop/Data-Mining-Projects/Apache_Airflow/venv/lib/python3.10/site-packages/airflow/example_dags/example_sensor_decorator.py
[2025-02-20T11:22:21.210+0100] {processor.py:925} INFO - DAG(s) 'example_sensor_decorator' retrieved from /Users/ajlakorman/Desktop/Data-Mining-Projects/Apache_Airflow/venv/lib/python3.10/site-packages/airflow/example_dags/example_sensor_decorator.py
[2025-02-20T11:22:21.271+0100] {logging_mixin.py:190} INFO - [2025-02-20T11:22:21.270+0100] {workday.py:41} WARNING - Could not import pandas. Holidays will not be considered.
[2025-02-20T11:22:21.279+0100] {logging_mixin.py:190} INFO - [2025-02-20T11:22:21.279+0100] {dag.py:3239} INFO - Sync 1 DAGs
[2025-02-20T11:22:21.283+0100] {logging_mixin.py:190} INFO - [2025-02-20T11:22:21.283+0100] {dag.py:4180} INFO - Setting next_dagrun for example_sensor_decorator to None, run_after=None
[2025-02-20T11:22:21.290+0100] {processor.py:208} INFO - Processing /Users/ajlakorman/Desktop/Data-Mining-Projects/Apache_Airflow/venv/lib/python3.10/site-packages/airflow/example_dags/example_sensor_decorator.py took 0.099 seconds
[2025-02-20T11:24:51.985+0100] {processor.py:186} INFO - Started process (PID=10125) to work on /Users/ajlakorman/Desktop/Data-Mining-Projects/Apache_Airflow/venv/lib/python3.10/site-packages/airflow/example_dags/example_sensor_decorator.py
[2025-02-20T11:24:51.985+0100] {processor.py:914} INFO - Processing file /Users/ajlakorman/Desktop/Data-Mining-Projects/Apache_Airflow/venv/lib/python3.10/site-packages/airflow/example_dags/example_sensor_decorator.py for tasks to queue
[2025-02-20T11:24:51.986+0100] {logging_mixin.py:190} INFO - [2025-02-20T11:24:51.986+0100] {dagbag.py:588} INFO - Filling up the DagBag from /Users/ajlakorman/Desktop/Data-Mining-Projects/Apache_Airflow/venv/lib/python3.10/site-packages/airflow/example_dags/example_sensor_decorator.py
[2025-02-20T11:24:52.001+0100] {processor.py:925} INFO - DAG(s) 'example_sensor_decorator' retrieved from /Users/ajlakorman/Desktop/Data-Mining-Projects/Apache_Airflow/venv/lib/python3.10/site-packages/airflow/example_dags/example_sensor_decorator.py
[2025-02-20T11:24:52.061+0100] {logging_mixin.py:190} INFO - [2025-02-20T11:24:52.060+0100] {workday.py:41} WARNING - Could not import pandas. Holidays will not be considered.
[2025-02-20T11:24:52.069+0100] {logging_mixin.py:190} INFO - [2025-02-20T11:24:52.069+0100] {dag.py:3239} INFO - Sync 1 DAGs
[2025-02-20T11:24:52.073+0100] {logging_mixin.py:190} INFO - [2025-02-20T11:24:52.073+0100] {dag.py:4180} INFO - Setting next_dagrun for example_sensor_decorator to None, run_after=None
[2025-02-20T11:24:52.080+0100] {processor.py:208} INFO - Processing /Users/ajlakorman/Desktop/Data-Mining-Projects/Apache_Airflow/venv/lib/python3.10/site-packages/airflow/example_dags/example_sensor_decorator.py took 0.097 seconds
[2025-02-20T11:27:21.999+0100] {processor.py:186} INFO - Started process (PID=10438) to work on /Users/ajlakorman/Desktop/Data-Mining-Projects/Apache_Airflow/venv/lib/python3.10/site-packages/airflow/example_dags/example_sensor_decorator.py
[2025-02-20T11:27:21.999+0100] {processor.py:914} INFO - Processing file /Users/ajlakorman/Desktop/Data-Mining-Projects/Apache_Airflow/venv/lib/python3.10/site-packages/airflow/example_dags/example_sensor_decorator.py for tasks to queue
[2025-02-20T11:27:22.000+0100] {logging_mixin.py:190} INFO - [2025-02-20T11:27:22.000+0100] {dagbag.py:588} INFO - Filling up the DagBag from /Users/ajlakorman/Desktop/Data-Mining-Projects/Apache_Airflow/venv/lib/python3.10/site-packages/airflow/example_dags/example_sensor_decorator.py
[2025-02-20T11:27:22.015+0100] {processor.py:925} INFO - DAG(s) 'example_sensor_decorator' retrieved from /Users/ajlakorman/Desktop/Data-Mining-Projects/Apache_Airflow/venv/lib/python3.10/site-packages/airflow/example_dags/example_sensor_decorator.py
[2025-02-20T11:27:22.084+0100] {logging_mixin.py:190} INFO - [2025-02-20T11:27:22.084+0100] {workday.py:41} WARNING - Could not import pandas. Holidays will not be considered.
[2025-02-20T11:27:22.093+0100] {logging_mixin.py:190} INFO - [2025-02-20T11:27:22.093+0100] {dag.py:3239} INFO - Sync 1 DAGs
[2025-02-20T11:27:22.097+0100] {logging_mixin.py:190} INFO - [2025-02-20T11:27:22.097+0100] {dag.py:4180} INFO - Setting next_dagrun for example_sensor_decorator to None, run_after=None
[2025-02-20T11:27:22.104+0100] {processor.py:208} INFO - Processing /Users/ajlakorman/Desktop/Data-Mining-Projects/Apache_Airflow/venv/lib/python3.10/site-packages/airflow/example_dags/example_sensor_decorator.py took 0.107 seconds
[2025-02-20T11:29:49.896+0100] {processor.py:186} INFO - Started process (PID=10792) to work on /Users/ajlakorman/Desktop/Data-Mining-Projects/Apache_Airflow/venv/lib/python3.10/site-packages/airflow/example_dags/example_sensor_decorator.py
[2025-02-20T11:29:49.897+0100] {processor.py:914} INFO - Processing file /Users/ajlakorman/Desktop/Data-Mining-Projects/Apache_Airflow/venv/lib/python3.10/site-packages/airflow/example_dags/example_sensor_decorator.py for tasks to queue
[2025-02-20T11:29:49.897+0100] {logging_mixin.py:190} INFO - [2025-02-20T11:29:49.897+0100] {dagbag.py:588} INFO - Filling up the DagBag from /Users/ajlakorman/Desktop/Data-Mining-Projects/Apache_Airflow/venv/lib/python3.10/site-packages/airflow/example_dags/example_sensor_decorator.py
[2025-02-20T11:29:49.913+0100] {processor.py:925} INFO - DAG(s) 'example_sensor_decorator' retrieved from /Users/ajlakorman/Desktop/Data-Mining-Projects/Apache_Airflow/venv/lib/python3.10/site-packages/airflow/example_dags/example_sensor_decorator.py
[2025-02-20T11:29:49.972+0100] {logging_mixin.py:190} INFO - [2025-02-20T11:29:49.972+0100] {workday.py:41} WARNING - Could not import pandas. Holidays will not be considered.
[2025-02-20T11:29:49.980+0100] {logging_mixin.py:190} INFO - [2025-02-20T11:29:49.980+0100] {dag.py:3239} INFO - Sync 1 DAGs
[2025-02-20T11:29:49.984+0100] {logging_mixin.py:190} INFO - [2025-02-20T11:29:49.984+0100] {dag.py:4180} INFO - Setting next_dagrun for example_sensor_decorator to None, run_after=None
[2025-02-20T11:29:49.991+0100] {processor.py:208} INFO - Processing /Users/ajlakorman/Desktop/Data-Mining-Projects/Apache_Airflow/venv/lib/python3.10/site-packages/airflow/example_dags/example_sensor_decorator.py took 0.096 seconds
[2025-02-20T11:32:16.824+0100] {processor.py:186} INFO - Started process (PID=11040) to work on /Users/ajlakorman/Desktop/Data-Mining-Projects/Apache_Airflow/venv/lib/python3.10/site-packages/airflow/example_dags/example_sensor_decorator.py
[2025-02-20T11:32:16.825+0100] {processor.py:914} INFO - Processing file /Users/ajlakorman/Desktop/Data-Mining-Projects/Apache_Airflow/venv/lib/python3.10/site-packages/airflow/example_dags/example_sensor_decorator.py for tasks to queue
[2025-02-20T11:32:16.826+0100] {logging_mixin.py:190} INFO - [2025-02-20T11:32:16.825+0100] {dagbag.py:588} INFO - Filling up the DagBag from /Users/ajlakorman/Desktop/Data-Mining-Projects/Apache_Airflow/venv/lib/python3.10/site-packages/airflow/example_dags/example_sensor_decorator.py
[2025-02-20T11:32:16.840+0100] {processor.py:925} INFO - DAG(s) 'example_sensor_decorator' retrieved from /Users/ajlakorman/Desktop/Data-Mining-Projects/Apache_Airflow/venv/lib/python3.10/site-packages/airflow/example_dags/example_sensor_decorator.py
[2025-02-20T11:32:16.898+0100] {logging_mixin.py:190} INFO - [2025-02-20T11:32:16.898+0100] {workday.py:41} WARNING - Could not import pandas. Holidays will not be considered.
[2025-02-20T11:32:16.906+0100] {logging_mixin.py:190} INFO - [2025-02-20T11:32:16.906+0100] {dag.py:3239} INFO - Sync 1 DAGs
[2025-02-20T11:32:16.910+0100] {logging_mixin.py:190} INFO - [2025-02-20T11:32:16.910+0100] {dag.py:4180} INFO - Setting next_dagrun for example_sensor_decorator to None, run_after=None
[2025-02-20T11:32:16.916+0100] {processor.py:208} INFO - Processing /Users/ajlakorman/Desktop/Data-Mining-Projects/Apache_Airflow/venv/lib/python3.10/site-packages/airflow/example_dags/example_sensor_decorator.py took 0.093 seconds
[2025-02-20T11:34:44.263+0100] {processor.py:186} INFO - Started process (PID=11268) to work on /Users/ajlakorman/Desktop/Data-Mining-Projects/Apache_Airflow/venv/lib/python3.10/site-packages/airflow/example_dags/example_sensor_decorator.py
[2025-02-20T11:34:44.264+0100] {processor.py:914} INFO - Processing file /Users/ajlakorman/Desktop/Data-Mining-Projects/Apache_Airflow/venv/lib/python3.10/site-packages/airflow/example_dags/example_sensor_decorator.py for tasks to queue
[2025-02-20T11:34:44.264+0100] {logging_mixin.py:190} INFO - [2025-02-20T11:34:44.264+0100] {dagbag.py:588} INFO - Filling up the DagBag from /Users/ajlakorman/Desktop/Data-Mining-Projects/Apache_Airflow/venv/lib/python3.10/site-packages/airflow/example_dags/example_sensor_decorator.py
[2025-02-20T11:34:44.286+0100] {processor.py:925} INFO - DAG(s) 'example_sensor_decorator' retrieved from /Users/ajlakorman/Desktop/Data-Mining-Projects/Apache_Airflow/venv/lib/python3.10/site-packages/airflow/example_dags/example_sensor_decorator.py
[2025-02-20T11:34:44.348+0100] {logging_mixin.py:190} INFO - [2025-02-20T11:34:44.348+0100] {workday.py:41} WARNING - Could not import pandas. Holidays will not be considered.
[2025-02-20T11:34:44.357+0100] {logging_mixin.py:190} INFO - [2025-02-20T11:34:44.357+0100] {dag.py:3239} INFO - Sync 1 DAGs
[2025-02-20T11:34:44.361+0100] {logging_mixin.py:190} INFO - [2025-02-20T11:34:44.361+0100] {dag.py:4180} INFO - Setting next_dagrun for example_sensor_decorator to None, run_after=None
[2025-02-20T11:34:44.367+0100] {processor.py:208} INFO - Processing /Users/ajlakorman/Desktop/Data-Mining-Projects/Apache_Airflow/venv/lib/python3.10/site-packages/airflow/example_dags/example_sensor_decorator.py took 0.106 seconds
[2025-02-20T11:37:18.409+0100] {processor.py:186} INFO - Started process (PID=11564) to work on /Users/ajlakorman/Desktop/Data-Mining-Projects/Apache_Airflow/venv/lib/python3.10/site-packages/airflow/example_dags/example_sensor_decorator.py
[2025-02-20T11:37:18.410+0100] {processor.py:914} INFO - Processing file /Users/ajlakorman/Desktop/Data-Mining-Projects/Apache_Airflow/venv/lib/python3.10/site-packages/airflow/example_dags/example_sensor_decorator.py for tasks to queue
[2025-02-20T11:37:18.410+0100] {logging_mixin.py:190} INFO - [2025-02-20T11:37:18.410+0100] {dagbag.py:588} INFO - Filling up the DagBag from /Users/ajlakorman/Desktop/Data-Mining-Projects/Apache_Airflow/venv/lib/python3.10/site-packages/airflow/example_dags/example_sensor_decorator.py
[2025-02-20T11:37:18.426+0100] {processor.py:925} INFO - DAG(s) 'example_sensor_decorator' retrieved from /Users/ajlakorman/Desktop/Data-Mining-Projects/Apache_Airflow/venv/lib/python3.10/site-packages/airflow/example_dags/example_sensor_decorator.py
[2025-02-20T11:37:18.493+0100] {logging_mixin.py:190} INFO - [2025-02-20T11:37:18.493+0100] {workday.py:41} WARNING - Could not import pandas. Holidays will not be considered.
[2025-02-20T11:37:18.502+0100] {logging_mixin.py:190} INFO - [2025-02-20T11:37:18.502+0100] {dag.py:3239} INFO - Sync 1 DAGs
[2025-02-20T11:37:18.506+0100] {logging_mixin.py:190} INFO - [2025-02-20T11:37:18.506+0100] {dag.py:4180} INFO - Setting next_dagrun for example_sensor_decorator to None, run_after=None
[2025-02-20T11:37:18.512+0100] {processor.py:208} INFO - Processing /Users/ajlakorman/Desktop/Data-Mining-Projects/Apache_Airflow/venv/lib/python3.10/site-packages/airflow/example_dags/example_sensor_decorator.py took 0.105 seconds
[2025-02-20T11:39:43.465+0100] {processor.py:186} INFO - Started process (PID=11768) to work on /Users/ajlakorman/Desktop/Data-Mining-Projects/Apache_Airflow/venv/lib/python3.10/site-packages/airflow/example_dags/example_sensor_decorator.py
[2025-02-20T11:39:43.465+0100] {processor.py:914} INFO - Processing file /Users/ajlakorman/Desktop/Data-Mining-Projects/Apache_Airflow/venv/lib/python3.10/site-packages/airflow/example_dags/example_sensor_decorator.py for tasks to queue
[2025-02-20T11:39:43.466+0100] {logging_mixin.py:190} INFO - [2025-02-20T11:39:43.466+0100] {dagbag.py:588} INFO - Filling up the DagBag from /Users/ajlakorman/Desktop/Data-Mining-Projects/Apache_Airflow/venv/lib/python3.10/site-packages/airflow/example_dags/example_sensor_decorator.py
[2025-02-20T11:39:43.481+0100] {processor.py:925} INFO - DAG(s) 'example_sensor_decorator' retrieved from /Users/ajlakorman/Desktop/Data-Mining-Projects/Apache_Airflow/venv/lib/python3.10/site-packages/airflow/example_dags/example_sensor_decorator.py
[2025-02-20T11:39:43.541+0100] {logging_mixin.py:190} INFO - [2025-02-20T11:39:43.541+0100] {workday.py:41} WARNING - Could not import pandas. Holidays will not be considered.
[2025-02-20T11:39:43.549+0100] {logging_mixin.py:190} INFO - [2025-02-20T11:39:43.549+0100] {dag.py:3239} INFO - Sync 1 DAGs
[2025-02-20T11:39:43.553+0100] {logging_mixin.py:190} INFO - [2025-02-20T11:39:43.553+0100] {dag.py:4180} INFO - Setting next_dagrun for example_sensor_decorator to None, run_after=None
[2025-02-20T11:39:43.563+0100] {processor.py:208} INFO - Processing /Users/ajlakorman/Desktop/Data-Mining-Projects/Apache_Airflow/venv/lib/python3.10/site-packages/airflow/example_dags/example_sensor_decorator.py took 0.100 seconds
[2025-02-20T12:19:15.216+0100] {processor.py:186} INFO - Started process (PID=12034) to work on /Users/ajlakorman/Desktop/Data-Mining-Projects/Apache_Airflow/venv/lib/python3.10/site-packages/airflow/example_dags/example_sensor_decorator.py
[2025-02-20T12:19:15.217+0100] {processor.py:914} INFO - Processing file /Users/ajlakorman/Desktop/Data-Mining-Projects/Apache_Airflow/venv/lib/python3.10/site-packages/airflow/example_dags/example_sensor_decorator.py for tasks to queue
[2025-02-20T12:19:15.218+0100] {logging_mixin.py:190} INFO - [2025-02-20T12:19:15.218+0100] {dagbag.py:588} INFO - Filling up the DagBag from /Users/ajlakorman/Desktop/Data-Mining-Projects/Apache_Airflow/venv/lib/python3.10/site-packages/airflow/example_dags/example_sensor_decorator.py
[2025-02-20T12:19:15.233+0100] {processor.py:925} INFO - DAG(s) 'example_sensor_decorator' retrieved from /Users/ajlakorman/Desktop/Data-Mining-Projects/Apache_Airflow/venv/lib/python3.10/site-packages/airflow/example_dags/example_sensor_decorator.py
[2025-02-20T12:19:15.295+0100] {logging_mixin.py:190} INFO - [2025-02-20T12:19:15.295+0100] {workday.py:41} WARNING - Could not import pandas. Holidays will not be considered.
[2025-02-20T12:19:15.303+0100] {logging_mixin.py:190} INFO - [2025-02-20T12:19:15.303+0100] {dag.py:3239} INFO - Sync 1 DAGs
[2025-02-20T12:19:15.310+0100] {logging_mixin.py:190} INFO - [2025-02-20T12:19:15.310+0100] {dag.py:4180} INFO - Setting next_dagrun for example_sensor_decorator to None, run_after=None
[2025-02-20T12:19:15.328+0100] {processor.py:208} INFO - Processing /Users/ajlakorman/Desktop/Data-Mining-Projects/Apache_Airflow/venv/lib/python3.10/site-packages/airflow/example_dags/example_sensor_decorator.py took 0.113 seconds
[2025-02-20T12:20:57.229+0100] {processor.py:186} INFO - Started process (PID=12164) to work on /Users/ajlakorman/Desktop/Data-Mining-Projects/Apache_Airflow/venv/lib/python3.10/site-packages/airflow/example_dags/example_sensor_decorator.py
[2025-02-20T12:20:57.230+0100] {processor.py:914} INFO - Processing file /Users/ajlakorman/Desktop/Data-Mining-Projects/Apache_Airflow/venv/lib/python3.10/site-packages/airflow/example_dags/example_sensor_decorator.py for tasks to queue
[2025-02-20T12:20:57.231+0100] {logging_mixin.py:190} INFO - [2025-02-20T12:20:57.231+0100] {dagbag.py:588} INFO - Filling up the DagBag from /Users/ajlakorman/Desktop/Data-Mining-Projects/Apache_Airflow/venv/lib/python3.10/site-packages/airflow/example_dags/example_sensor_decorator.py
[2025-02-20T12:20:57.246+0100] {processor.py:925} INFO - DAG(s) 'example_sensor_decorator' retrieved from /Users/ajlakorman/Desktop/Data-Mining-Projects/Apache_Airflow/venv/lib/python3.10/site-packages/airflow/example_dags/example_sensor_decorator.py
[2025-02-20T12:20:57.305+0100] {logging_mixin.py:190} INFO - [2025-02-20T12:20:57.305+0100] {workday.py:41} WARNING - Could not import pandas. Holidays will not be considered.
[2025-02-20T12:20:57.313+0100] {logging_mixin.py:190} INFO - [2025-02-20T12:20:57.313+0100] {dag.py:3239} INFO - Sync 1 DAGs
[2025-02-20T12:20:57.317+0100] {logging_mixin.py:190} INFO - [2025-02-20T12:20:57.317+0100] {dag.py:4180} INFO - Setting next_dagrun for example_sensor_decorator to None, run_after=None
[2025-02-20T12:20:57.325+0100] {processor.py:208} INFO - Processing /Users/ajlakorman/Desktop/Data-Mining-Projects/Apache_Airflow/venv/lib/python3.10/site-packages/airflow/example_dags/example_sensor_decorator.py took 0.098 seconds
[2025-02-20T12:23:33.731+0100] {processor.py:186} INFO - Started process (PID=12443) to work on /Users/ajlakorman/Desktop/Data-Mining-Projects/Apache_Airflow/venv/lib/python3.10/site-packages/airflow/example_dags/example_sensor_decorator.py
[2025-02-20T12:23:33.732+0100] {processor.py:914} INFO - Processing file /Users/ajlakorman/Desktop/Data-Mining-Projects/Apache_Airflow/venv/lib/python3.10/site-packages/airflow/example_dags/example_sensor_decorator.py for tasks to queue
[2025-02-20T12:23:33.733+0100] {logging_mixin.py:190} INFO - [2025-02-20T12:23:33.733+0100] {dagbag.py:588} INFO - Filling up the DagBag from /Users/ajlakorman/Desktop/Data-Mining-Projects/Apache_Airflow/venv/lib/python3.10/site-packages/airflow/example_dags/example_sensor_decorator.py
[2025-02-20T12:23:33.747+0100] {processor.py:925} INFO - DAG(s) 'example_sensor_decorator' retrieved from /Users/ajlakorman/Desktop/Data-Mining-Projects/Apache_Airflow/venv/lib/python3.10/site-packages/airflow/example_dags/example_sensor_decorator.py
[2025-02-20T12:23:33.807+0100] {logging_mixin.py:190} INFO - [2025-02-20T12:23:33.807+0100] {workday.py:41} WARNING - Could not import pandas. Holidays will not be considered.
[2025-02-20T12:23:33.815+0100] {logging_mixin.py:190} INFO - [2025-02-20T12:23:33.815+0100] {dag.py:3239} INFO - Sync 1 DAGs
[2025-02-20T12:23:33.819+0100] {logging_mixin.py:190} INFO - [2025-02-20T12:23:33.819+0100] {dag.py:4180} INFO - Setting next_dagrun for example_sensor_decorator to None, run_after=None
[2025-02-20T12:23:33.829+0100] {processor.py:208} INFO - Processing /Users/ajlakorman/Desktop/Data-Mining-Projects/Apache_Airflow/venv/lib/python3.10/site-packages/airflow/example_dags/example_sensor_decorator.py took 0.099 seconds
[2025-02-20T12:25:58.252+0100] {processor.py:186} INFO - Started process (PID=12706) to work on /Users/ajlakorman/Desktop/Data-Mining-Projects/Apache_Airflow/venv/lib/python3.10/site-packages/airflow/example_dags/example_sensor_decorator.py
[2025-02-20T12:25:58.253+0100] {processor.py:914} INFO - Processing file /Users/ajlakorman/Desktop/Data-Mining-Projects/Apache_Airflow/venv/lib/python3.10/site-packages/airflow/example_dags/example_sensor_decorator.py for tasks to queue
[2025-02-20T12:25:58.254+0100] {logging_mixin.py:190} INFO - [2025-02-20T12:25:58.253+0100] {dagbag.py:588} INFO - Filling up the DagBag from /Users/ajlakorman/Desktop/Data-Mining-Projects/Apache_Airflow/venv/lib/python3.10/site-packages/airflow/example_dags/example_sensor_decorator.py
[2025-02-20T12:25:58.272+0100] {processor.py:925} INFO - DAG(s) 'example_sensor_decorator' retrieved from /Users/ajlakorman/Desktop/Data-Mining-Projects/Apache_Airflow/venv/lib/python3.10/site-packages/airflow/example_dags/example_sensor_decorator.py
[2025-02-20T12:25:58.340+0100] {logging_mixin.py:190} INFO - [2025-02-20T12:25:58.340+0100] {workday.py:41} WARNING - Could not import pandas. Holidays will not be considered.
[2025-02-20T12:25:58.349+0100] {logging_mixin.py:190} INFO - [2025-02-20T12:25:58.349+0100] {dag.py:3239} INFO - Sync 1 DAGs
[2025-02-20T12:25:58.353+0100] {logging_mixin.py:190} INFO - [2025-02-20T12:25:58.353+0100] {dag.py:4180} INFO - Setting next_dagrun for example_sensor_decorator to None, run_after=None
[2025-02-20T12:25:58.359+0100] {processor.py:208} INFO - Processing /Users/ajlakorman/Desktop/Data-Mining-Projects/Apache_Airflow/venv/lib/python3.10/site-packages/airflow/example_dags/example_sensor_decorator.py took 0.110 seconds
[2025-02-20T12:28:32.801+0100] {processor.py:186} INFO - Started process (PID=13037) to work on /Users/ajlakorman/Desktop/Data-Mining-Projects/Apache_Airflow/venv/lib/python3.10/site-packages/airflow/example_dags/example_sensor_decorator.py
[2025-02-20T12:28:32.802+0100] {processor.py:914} INFO - Processing file /Users/ajlakorman/Desktop/Data-Mining-Projects/Apache_Airflow/venv/lib/python3.10/site-packages/airflow/example_dags/example_sensor_decorator.py for tasks to queue
[2025-02-20T12:28:32.802+0100] {logging_mixin.py:190} INFO - [2025-02-20T12:28:32.802+0100] {dagbag.py:588} INFO - Filling up the DagBag from /Users/ajlakorman/Desktop/Data-Mining-Projects/Apache_Airflow/venv/lib/python3.10/site-packages/airflow/example_dags/example_sensor_decorator.py
[2025-02-20T12:28:32.818+0100] {processor.py:925} INFO - DAG(s) 'example_sensor_decorator' retrieved from /Users/ajlakorman/Desktop/Data-Mining-Projects/Apache_Airflow/venv/lib/python3.10/site-packages/airflow/example_dags/example_sensor_decorator.py
[2025-02-20T12:28:32.878+0100] {logging_mixin.py:190} INFO - [2025-02-20T12:28:32.878+0100] {workday.py:41} WARNING - Could not import pandas. Holidays will not be considered.
[2025-02-20T12:28:32.886+0100] {logging_mixin.py:190} INFO - [2025-02-20T12:28:32.886+0100] {dag.py:3239} INFO - Sync 1 DAGs
[2025-02-20T12:28:32.890+0100] {logging_mixin.py:190} INFO - [2025-02-20T12:28:32.890+0100] {dag.py:4180} INFO - Setting next_dagrun for example_sensor_decorator to None, run_after=None
[2025-02-20T12:28:32.897+0100] {processor.py:208} INFO - Processing /Users/ajlakorman/Desktop/Data-Mining-Projects/Apache_Airflow/venv/lib/python3.10/site-packages/airflow/example_dags/example_sensor_decorator.py took 0.098 seconds
[2025-02-20T12:30:55.929+0100] {processor.py:186} INFO - Started process (PID=13343) to work on /Users/ajlakorman/Desktop/Data-Mining-Projects/Apache_Airflow/venv/lib/python3.10/site-packages/airflow/example_dags/example_sensor_decorator.py
[2025-02-20T12:30:55.931+0100] {processor.py:914} INFO - Processing file /Users/ajlakorman/Desktop/Data-Mining-Projects/Apache_Airflow/venv/lib/python3.10/site-packages/airflow/example_dags/example_sensor_decorator.py for tasks to queue
[2025-02-20T12:30:55.931+0100] {logging_mixin.py:190} INFO - [2025-02-20T12:30:55.931+0100] {dagbag.py:588} INFO - Filling up the DagBag from /Users/ajlakorman/Desktop/Data-Mining-Projects/Apache_Airflow/venv/lib/python3.10/site-packages/airflow/example_dags/example_sensor_decorator.py
[2025-02-20T12:30:55.947+0100] {processor.py:925} INFO - DAG(s) 'example_sensor_decorator' retrieved from /Users/ajlakorman/Desktop/Data-Mining-Projects/Apache_Airflow/venv/lib/python3.10/site-packages/airflow/example_dags/example_sensor_decorator.py
[2025-02-20T12:30:56.007+0100] {logging_mixin.py:190} INFO - [2025-02-20T12:30:56.006+0100] {workday.py:41} WARNING - Could not import pandas. Holidays will not be considered.
[2025-02-20T12:30:56.015+0100] {logging_mixin.py:190} INFO - [2025-02-20T12:30:56.015+0100] {dag.py:3239} INFO - Sync 1 DAGs
[2025-02-20T12:30:56.019+0100] {logging_mixin.py:190} INFO - [2025-02-20T12:30:56.019+0100] {dag.py:4180} INFO - Setting next_dagrun for example_sensor_decorator to None, run_after=None
[2025-02-20T12:30:56.026+0100] {processor.py:208} INFO - Processing /Users/ajlakorman/Desktop/Data-Mining-Projects/Apache_Airflow/venv/lib/python3.10/site-packages/airflow/example_dags/example_sensor_decorator.py took 0.099 seconds
[2025-02-20T12:33:33.976+0100] {processor.py:186} INFO - Started process (PID=13687) to work on /Users/ajlakorman/Desktop/Data-Mining-Projects/Apache_Airflow/venv/lib/python3.10/site-packages/airflow/example_dags/example_sensor_decorator.py
[2025-02-20T12:33:33.978+0100] {processor.py:914} INFO - Processing file /Users/ajlakorman/Desktop/Data-Mining-Projects/Apache_Airflow/venv/lib/python3.10/site-packages/airflow/example_dags/example_sensor_decorator.py for tasks to queue
[2025-02-20T12:33:33.978+0100] {logging_mixin.py:190} INFO - [2025-02-20T12:33:33.978+0100] {dagbag.py:588} INFO - Filling up the DagBag from /Users/ajlakorman/Desktop/Data-Mining-Projects/Apache_Airflow/venv/lib/python3.10/site-packages/airflow/example_dags/example_sensor_decorator.py
[2025-02-20T12:33:34.008+0100] {processor.py:925} INFO - DAG(s) 'example_sensor_decorator' retrieved from /Users/ajlakorman/Desktop/Data-Mining-Projects/Apache_Airflow/venv/lib/python3.10/site-packages/airflow/example_dags/example_sensor_decorator.py
[2025-02-20T12:33:34.073+0100] {logging_mixin.py:190} INFO - [2025-02-20T12:33:34.073+0100] {workday.py:41} WARNING - Could not import pandas. Holidays will not be considered.
[2025-02-20T12:33:34.083+0100] {logging_mixin.py:190} INFO - [2025-02-20T12:33:34.082+0100] {dag.py:3239} INFO - Sync 1 DAGs
[2025-02-20T12:33:34.087+0100] {logging_mixin.py:190} INFO - [2025-02-20T12:33:34.087+0100] {dag.py:4180} INFO - Setting next_dagrun for example_sensor_decorator to None, run_after=None
[2025-02-20T12:33:34.094+0100] {processor.py:208} INFO - Processing /Users/ajlakorman/Desktop/Data-Mining-Projects/Apache_Airflow/venv/lib/python3.10/site-packages/airflow/example_dags/example_sensor_decorator.py took 0.120 seconds
[2025-02-20T12:36:08.109+0100] {processor.py:186} INFO - Started process (PID=14034) to work on /Users/ajlakorman/Desktop/Data-Mining-Projects/Apache_Airflow/venv/lib/python3.10/site-packages/airflow/example_dags/example_sensor_decorator.py
[2025-02-20T12:36:08.109+0100] {processor.py:914} INFO - Processing file /Users/ajlakorman/Desktop/Data-Mining-Projects/Apache_Airflow/venv/lib/python3.10/site-packages/airflow/example_dags/example_sensor_decorator.py for tasks to queue
[2025-02-20T12:36:08.110+0100] {logging_mixin.py:190} INFO - [2025-02-20T12:36:08.110+0100] {dagbag.py:588} INFO - Filling up the DagBag from /Users/ajlakorman/Desktop/Data-Mining-Projects/Apache_Airflow/venv/lib/python3.10/site-packages/airflow/example_dags/example_sensor_decorator.py
[2025-02-20T12:36:08.126+0100] {processor.py:925} INFO - DAG(s) 'example_sensor_decorator' retrieved from /Users/ajlakorman/Desktop/Data-Mining-Projects/Apache_Airflow/venv/lib/python3.10/site-packages/airflow/example_dags/example_sensor_decorator.py
[2025-02-20T12:36:08.187+0100] {logging_mixin.py:190} INFO - [2025-02-20T12:36:08.187+0100] {workday.py:41} WARNING - Could not import pandas. Holidays will not be considered.
[2025-02-20T12:36:08.196+0100] {logging_mixin.py:190} INFO - [2025-02-20T12:36:08.195+0100] {dag.py:3239} INFO - Sync 1 DAGs
[2025-02-20T12:36:08.199+0100] {logging_mixin.py:190} INFO - [2025-02-20T12:36:08.199+0100] {dag.py:4180} INFO - Setting next_dagrun for example_sensor_decorator to None, run_after=None
[2025-02-20T12:36:08.206+0100] {processor.py:208} INFO - Processing /Users/ajlakorman/Desktop/Data-Mining-Projects/Apache_Airflow/venv/lib/python3.10/site-packages/airflow/example_dags/example_sensor_decorator.py took 0.098 seconds
[2025-02-20T12:38:38.163+0100] {processor.py:186} INFO - Started process (PID=14398) to work on /Users/ajlakorman/Desktop/Data-Mining-Projects/Apache_Airflow/venv/lib/python3.10/site-packages/airflow/example_dags/example_sensor_decorator.py
[2025-02-20T12:38:38.164+0100] {processor.py:914} INFO - Processing file /Users/ajlakorman/Desktop/Data-Mining-Projects/Apache_Airflow/venv/lib/python3.10/site-packages/airflow/example_dags/example_sensor_decorator.py for tasks to queue
[2025-02-20T12:38:38.165+0100] {logging_mixin.py:190} INFO - [2025-02-20T12:38:38.165+0100] {dagbag.py:588} INFO - Filling up the DagBag from /Users/ajlakorman/Desktop/Data-Mining-Projects/Apache_Airflow/venv/lib/python3.10/site-packages/airflow/example_dags/example_sensor_decorator.py
[2025-02-20T12:38:38.179+0100] {processor.py:925} INFO - DAG(s) 'example_sensor_decorator' retrieved from /Users/ajlakorman/Desktop/Data-Mining-Projects/Apache_Airflow/venv/lib/python3.10/site-packages/airflow/example_dags/example_sensor_decorator.py
[2025-02-20T12:38:38.244+0100] {logging_mixin.py:190} INFO - [2025-02-20T12:38:38.244+0100] {dag.py:3239} INFO - Sync 1 DAGs
[2025-02-20T12:38:38.248+0100] {logging_mixin.py:190} INFO - [2025-02-20T12:38:38.248+0100] {dag.py:4180} INFO - Setting next_dagrun for example_sensor_decorator to None, run_after=None
[2025-02-20T12:38:38.255+0100] {processor.py:208} INFO - Processing /Users/ajlakorman/Desktop/Data-Mining-Projects/Apache_Airflow/venv/lib/python3.10/site-packages/airflow/example_dags/example_sensor_decorator.py took 0.093 seconds
[2025-02-20T12:56:46.100+0100] {processor.py:186} INFO - Started process (PID=14810) to work on /Users/ajlakorman/Desktop/Data-Mining-Projects/Apache_Airflow/venv/lib/python3.10/site-packages/airflow/example_dags/example_sensor_decorator.py
[2025-02-20T12:56:46.101+0100] {processor.py:914} INFO - Processing file /Users/ajlakorman/Desktop/Data-Mining-Projects/Apache_Airflow/venv/lib/python3.10/site-packages/airflow/example_dags/example_sensor_decorator.py for tasks to queue
[2025-02-20T12:56:46.101+0100] {logging_mixin.py:190} INFO - [2025-02-20T12:56:46.101+0100] {dagbag.py:588} INFO - Filling up the DagBag from /Users/ajlakorman/Desktop/Data-Mining-Projects/Apache_Airflow/venv/lib/python3.10/site-packages/airflow/example_dags/example_sensor_decorator.py
[2025-02-20T12:56:46.118+0100] {processor.py:925} INFO - DAG(s) 'example_sensor_decorator' retrieved from /Users/ajlakorman/Desktop/Data-Mining-Projects/Apache_Airflow/venv/lib/python3.10/site-packages/airflow/example_dags/example_sensor_decorator.py
[2025-02-20T12:56:46.194+0100] {logging_mixin.py:190} INFO - [2025-02-20T12:56:46.193+0100] {dag.py:3239} INFO - Sync 1 DAGs
[2025-02-20T12:56:46.198+0100] {logging_mixin.py:190} INFO - [2025-02-20T12:56:46.198+0100] {dag.py:4180} INFO - Setting next_dagrun for example_sensor_decorator to None, run_after=None
[2025-02-20T12:56:46.205+0100] {processor.py:208} INFO - Processing /Users/ajlakorman/Desktop/Data-Mining-Projects/Apache_Airflow/venv/lib/python3.10/site-packages/airflow/example_dags/example_sensor_decorator.py took 0.107 seconds
[2025-02-20T12:58:18.594+0100] {processor.py:186} INFO - Started process (PID=14978) to work on /Users/ajlakorman/Desktop/Data-Mining-Projects/Apache_Airflow/venv/lib/python3.10/site-packages/airflow/example_dags/example_sensor_decorator.py
[2025-02-20T12:58:18.595+0100] {processor.py:914} INFO - Processing file /Users/ajlakorman/Desktop/Data-Mining-Projects/Apache_Airflow/venv/lib/python3.10/site-packages/airflow/example_dags/example_sensor_decorator.py for tasks to queue
[2025-02-20T12:58:18.596+0100] {logging_mixin.py:190} INFO - [2025-02-20T12:58:18.595+0100] {dagbag.py:588} INFO - Filling up the DagBag from /Users/ajlakorman/Desktop/Data-Mining-Projects/Apache_Airflow/venv/lib/python3.10/site-packages/airflow/example_dags/example_sensor_decorator.py
[2025-02-20T12:58:18.612+0100] {processor.py:925} INFO - DAG(s) 'example_sensor_decorator' retrieved from /Users/ajlakorman/Desktop/Data-Mining-Projects/Apache_Airflow/venv/lib/python3.10/site-packages/airflow/example_dags/example_sensor_decorator.py
[2025-02-20T12:58:18.696+0100] {logging_mixin.py:190} INFO - [2025-02-20T12:58:18.696+0100] {dag.py:3239} INFO - Sync 1 DAGs
[2025-02-20T12:58:18.701+0100] {logging_mixin.py:190} INFO - [2025-02-20T12:58:18.701+0100] {dag.py:4180} INFO - Setting next_dagrun for example_sensor_decorator to None, run_after=None
[2025-02-20T12:58:18.709+0100] {processor.py:208} INFO - Processing /Users/ajlakorman/Desktop/Data-Mining-Projects/Apache_Airflow/venv/lib/python3.10/site-packages/airflow/example_dags/example_sensor_decorator.py took 0.116 seconds
[2025-02-20T13:01:04.953+0100] {processor.py:186} INFO - Started process (PID=15211) to work on /Users/ajlakorman/Desktop/Data-Mining-Projects/Apache_Airflow/venv/lib/python3.10/site-packages/airflow/example_dags/example_sensor_decorator.py
[2025-02-20T13:01:04.953+0100] {processor.py:914} INFO - Processing file /Users/ajlakorman/Desktop/Data-Mining-Projects/Apache_Airflow/venv/lib/python3.10/site-packages/airflow/example_dags/example_sensor_decorator.py for tasks to queue
[2025-02-20T13:01:04.954+0100] {logging_mixin.py:190} INFO - [2025-02-20T13:01:04.954+0100] {dagbag.py:588} INFO - Filling up the DagBag from /Users/ajlakorman/Desktop/Data-Mining-Projects/Apache_Airflow/venv/lib/python3.10/site-packages/airflow/example_dags/example_sensor_decorator.py
[2025-02-20T13:01:04.969+0100] {processor.py:925} INFO - DAG(s) 'example_sensor_decorator' retrieved from /Users/ajlakorman/Desktop/Data-Mining-Projects/Apache_Airflow/venv/lib/python3.10/site-packages/airflow/example_dags/example_sensor_decorator.py
[2025-02-20T13:01:05.034+0100] {logging_mixin.py:190} INFO - [2025-02-20T13:01:05.034+0100] {dag.py:3239} INFO - Sync 1 DAGs
[2025-02-20T13:01:05.038+0100] {logging_mixin.py:190} INFO - [2025-02-20T13:01:05.038+0100] {dag.py:4180} INFO - Setting next_dagrun for example_sensor_decorator to None, run_after=None
[2025-02-20T13:01:05.045+0100] {processor.py:208} INFO - Processing /Users/ajlakorman/Desktop/Data-Mining-Projects/Apache_Airflow/venv/lib/python3.10/site-packages/airflow/example_dags/example_sensor_decorator.py took 0.094 seconds
[2025-02-20T13:06:26.954+0100] {processor.py:186} INFO - Started process (PID=15435) to work on /Users/ajlakorman/Desktop/Data-Mining-Projects/Apache_Airflow/venv/lib/python3.10/site-packages/airflow/example_dags/example_sensor_decorator.py
[2025-02-20T13:06:26.955+0100] {processor.py:914} INFO - Processing file /Users/ajlakorman/Desktop/Data-Mining-Projects/Apache_Airflow/venv/lib/python3.10/site-packages/airflow/example_dags/example_sensor_decorator.py for tasks to queue
[2025-02-20T13:06:26.955+0100] {logging_mixin.py:190} INFO - [2025-02-20T13:06:26.955+0100] {dagbag.py:588} INFO - Filling up the DagBag from /Users/ajlakorman/Desktop/Data-Mining-Projects/Apache_Airflow/venv/lib/python3.10/site-packages/airflow/example_dags/example_sensor_decorator.py
[2025-02-20T13:06:26.973+0100] {processor.py:925} INFO - DAG(s) 'example_sensor_decorator' retrieved from /Users/ajlakorman/Desktop/Data-Mining-Projects/Apache_Airflow/venv/lib/python3.10/site-packages/airflow/example_dags/example_sensor_decorator.py
[2025-02-20T13:06:27.039+0100] {logging_mixin.py:190} INFO - [2025-02-20T13:06:27.039+0100] {dag.py:3239} INFO - Sync 1 DAGs
[2025-02-20T13:06:27.043+0100] {logging_mixin.py:190} INFO - [2025-02-20T13:06:27.043+0100] {dag.py:4180} INFO - Setting next_dagrun for example_sensor_decorator to None, run_after=None
[2025-02-20T13:06:27.050+0100] {processor.py:208} INFO - Processing /Users/ajlakorman/Desktop/Data-Mining-Projects/Apache_Airflow/venv/lib/python3.10/site-packages/airflow/example_dags/example_sensor_decorator.py took 0.098 seconds
[2025-02-20T13:09:17.273+0100] {processor.py:186} INFO - Started process (PID=15843) to work on /Users/ajlakorman/Desktop/Data-Mining-Projects/Apache_Airflow/venv/lib/python3.10/site-packages/airflow/example_dags/example_sensor_decorator.py
[2025-02-20T13:09:17.274+0100] {processor.py:914} INFO - Processing file /Users/ajlakorman/Desktop/Data-Mining-Projects/Apache_Airflow/venv/lib/python3.10/site-packages/airflow/example_dags/example_sensor_decorator.py for tasks to queue
[2025-02-20T13:09:17.274+0100] {logging_mixin.py:190} INFO - [2025-02-20T13:09:17.274+0100] {dagbag.py:588} INFO - Filling up the DagBag from /Users/ajlakorman/Desktop/Data-Mining-Projects/Apache_Airflow/venv/lib/python3.10/site-packages/airflow/example_dags/example_sensor_decorator.py
[2025-02-20T13:09:17.289+0100] {processor.py:925} INFO - DAG(s) 'example_sensor_decorator' retrieved from /Users/ajlakorman/Desktop/Data-Mining-Projects/Apache_Airflow/venv/lib/python3.10/site-packages/airflow/example_dags/example_sensor_decorator.py
[2025-02-20T13:09:17.357+0100] {logging_mixin.py:190} INFO - [2025-02-20T13:09:17.357+0100] {dag.py:3239} INFO - Sync 1 DAGs
[2025-02-20T13:09:17.362+0100] {logging_mixin.py:190} INFO - [2025-02-20T13:09:17.362+0100] {dag.py:4180} INFO - Setting next_dagrun for example_sensor_decorator to None, run_after=None
[2025-02-20T13:09:17.370+0100] {processor.py:208} INFO - Processing /Users/ajlakorman/Desktop/Data-Mining-Projects/Apache_Airflow/venv/lib/python3.10/site-packages/airflow/example_dags/example_sensor_decorator.py took 0.098 seconds
[2025-02-20T13:12:05.985+0100] {processor.py:186} INFO - Started process (PID=16107) to work on /Users/ajlakorman/Desktop/Data-Mining-Projects/Apache_Airflow/venv/lib/python3.10/site-packages/airflow/example_dags/example_sensor_decorator.py
[2025-02-20T13:12:05.986+0100] {processor.py:914} INFO - Processing file /Users/ajlakorman/Desktop/Data-Mining-Projects/Apache_Airflow/venv/lib/python3.10/site-packages/airflow/example_dags/example_sensor_decorator.py for tasks to queue
[2025-02-20T13:12:05.987+0100] {logging_mixin.py:190} INFO - [2025-02-20T13:12:05.987+0100] {dagbag.py:588} INFO - Filling up the DagBag from /Users/ajlakorman/Desktop/Data-Mining-Projects/Apache_Airflow/venv/lib/python3.10/site-packages/airflow/example_dags/example_sensor_decorator.py
[2025-02-20T13:12:06.009+0100] {processor.py:925} INFO - DAG(s) 'example_sensor_decorator' retrieved from /Users/ajlakorman/Desktop/Data-Mining-Projects/Apache_Airflow/venv/lib/python3.10/site-packages/airflow/example_dags/example_sensor_decorator.py
[2025-02-20T13:12:06.102+0100] {logging_mixin.py:190} INFO - [2025-02-20T13:12:06.102+0100] {dag.py:3239} INFO - Sync 1 DAGs
[2025-02-20T13:12:06.107+0100] {logging_mixin.py:190} INFO - [2025-02-20T13:12:06.107+0100] {dag.py:4180} INFO - Setting next_dagrun for example_sensor_decorator to None, run_after=None
[2025-02-20T13:12:06.114+0100] {processor.py:208} INFO - Processing /Users/ajlakorman/Desktop/Data-Mining-Projects/Apache_Airflow/venv/lib/python3.10/site-packages/airflow/example_dags/example_sensor_decorator.py took 0.135 seconds
[2025-02-20T13:15:11.951+0100] {processor.py:186} INFO - Started process (PID=16407) to work on /Users/ajlakorman/Desktop/Data-Mining-Projects/Apache_Airflow/venv/lib/python3.10/site-packages/airflow/example_dags/example_sensor_decorator.py
[2025-02-20T13:15:11.951+0100] {processor.py:914} INFO - Processing file /Users/ajlakorman/Desktop/Data-Mining-Projects/Apache_Airflow/venv/lib/python3.10/site-packages/airflow/example_dags/example_sensor_decorator.py for tasks to queue
[2025-02-20T13:15:11.952+0100] {logging_mixin.py:190} INFO - [2025-02-20T13:15:11.952+0100] {dagbag.py:588} INFO - Filling up the DagBag from /Users/ajlakorman/Desktop/Data-Mining-Projects/Apache_Airflow/venv/lib/python3.10/site-packages/airflow/example_dags/example_sensor_decorator.py
[2025-02-20T13:15:11.976+0100] {processor.py:925} INFO - DAG(s) 'example_sensor_decorator' retrieved from /Users/ajlakorman/Desktop/Data-Mining-Projects/Apache_Airflow/venv/lib/python3.10/site-packages/airflow/example_dags/example_sensor_decorator.py
[2025-02-20T13:15:12.055+0100] {logging_mixin.py:190} INFO - [2025-02-20T13:15:12.055+0100] {dag.py:3239} INFO - Sync 1 DAGs
[2025-02-20T13:15:12.060+0100] {logging_mixin.py:190} INFO - [2025-02-20T13:15:12.059+0100] {dag.py:4180} INFO - Setting next_dagrun for example_sensor_decorator to None, run_after=None
[2025-02-20T13:15:12.067+0100] {processor.py:208} INFO - Processing /Users/ajlakorman/Desktop/Data-Mining-Projects/Apache_Airflow/venv/lib/python3.10/site-packages/airflow/example_dags/example_sensor_decorator.py took 0.119 seconds
[2025-02-20T13:18:14.687+0100] {processor.py:186} INFO - Started process (PID=16786) to work on /Users/ajlakorman/Desktop/Data-Mining-Projects/Apache_Airflow/venv/lib/python3.10/site-packages/airflow/example_dags/example_sensor_decorator.py
[2025-02-20T13:18:14.688+0100] {processor.py:914} INFO - Processing file /Users/ajlakorman/Desktop/Data-Mining-Projects/Apache_Airflow/venv/lib/python3.10/site-packages/airflow/example_dags/example_sensor_decorator.py for tasks to queue
[2025-02-20T13:18:14.689+0100] {logging_mixin.py:190} INFO - [2025-02-20T13:18:14.689+0100] {dagbag.py:588} INFO - Filling up the DagBag from /Users/ajlakorman/Desktop/Data-Mining-Projects/Apache_Airflow/venv/lib/python3.10/site-packages/airflow/example_dags/example_sensor_decorator.py
[2025-02-20T13:18:14.706+0100] {processor.py:925} INFO - DAG(s) 'example_sensor_decorator' retrieved from /Users/ajlakorman/Desktop/Data-Mining-Projects/Apache_Airflow/venv/lib/python3.10/site-packages/airflow/example_dags/example_sensor_decorator.py
[2025-02-20T13:18:14.773+0100] {logging_mixin.py:190} INFO - [2025-02-20T13:18:14.773+0100] {dag.py:3239} INFO - Sync 1 DAGs
[2025-02-20T13:18:14.778+0100] {logging_mixin.py:190} INFO - [2025-02-20T13:18:14.778+0100] {dag.py:4180} INFO - Setting next_dagrun for example_sensor_decorator to None, run_after=None
[2025-02-20T13:18:14.784+0100] {processor.py:208} INFO - Processing /Users/ajlakorman/Desktop/Data-Mining-Projects/Apache_Airflow/venv/lib/python3.10/site-packages/airflow/example_dags/example_sensor_decorator.py took 0.098 seconds
[2025-02-20T13:19:46.610+0100] {processor.py:186} INFO - Started process (PID=16956) to work on /Users/ajlakorman/Desktop/Data-Mining-Projects/Apache_Airflow/venv/lib/python3.10/site-packages/airflow/example_dags/example_sensor_decorator.py
[2025-02-20T13:19:46.611+0100] {processor.py:914} INFO - Processing file /Users/ajlakorman/Desktop/Data-Mining-Projects/Apache_Airflow/venv/lib/python3.10/site-packages/airflow/example_dags/example_sensor_decorator.py for tasks to queue
[2025-02-20T13:19:46.612+0100] {logging_mixin.py:190} INFO - [2025-02-20T13:19:46.611+0100] {dagbag.py:588} INFO - Filling up the DagBag from /Users/ajlakorman/Desktop/Data-Mining-Projects/Apache_Airflow/venv/lib/python3.10/site-packages/airflow/example_dags/example_sensor_decorator.py
[2025-02-20T13:19:46.630+0100] {processor.py:925} INFO - DAG(s) 'example_sensor_decorator' retrieved from /Users/ajlakorman/Desktop/Data-Mining-Projects/Apache_Airflow/venv/lib/python3.10/site-packages/airflow/example_dags/example_sensor_decorator.py
[2025-02-20T13:19:46.697+0100] {logging_mixin.py:190} INFO - [2025-02-20T13:19:46.697+0100] {dag.py:3239} INFO - Sync 1 DAGs
[2025-02-20T13:19:46.702+0100] {logging_mixin.py:190} INFO - [2025-02-20T13:19:46.702+0100] {dag.py:4180} INFO - Setting next_dagrun for example_sensor_decorator to None, run_after=None
[2025-02-20T13:19:46.709+0100] {processor.py:208} INFO - Processing /Users/ajlakorman/Desktop/Data-Mining-Projects/Apache_Airflow/venv/lib/python3.10/site-packages/airflow/example_dags/example_sensor_decorator.py took 0.101 seconds
[2025-02-20T13:22:38.998+0100] {processor.py:186} INFO - Started process (PID=17280) to work on /Users/ajlakorman/Desktop/Data-Mining-Projects/Apache_Airflow/venv/lib/python3.10/site-packages/airflow/example_dags/example_sensor_decorator.py
[2025-02-20T13:22:39.000+0100] {processor.py:914} INFO - Processing file /Users/ajlakorman/Desktop/Data-Mining-Projects/Apache_Airflow/venv/lib/python3.10/site-packages/airflow/example_dags/example_sensor_decorator.py for tasks to queue
[2025-02-20T13:22:39.001+0100] {logging_mixin.py:190} INFO - [2025-02-20T13:22:39.001+0100] {dagbag.py:588} INFO - Filling up the DagBag from /Users/ajlakorman/Desktop/Data-Mining-Projects/Apache_Airflow/venv/lib/python3.10/site-packages/airflow/example_dags/example_sensor_decorator.py
[2025-02-20T13:22:39.018+0100] {processor.py:925} INFO - DAG(s) 'example_sensor_decorator' retrieved from /Users/ajlakorman/Desktop/Data-Mining-Projects/Apache_Airflow/venv/lib/python3.10/site-packages/airflow/example_dags/example_sensor_decorator.py
[2025-02-20T13:22:39.082+0100] {logging_mixin.py:190} INFO - [2025-02-20T13:22:39.082+0100] {workday.py:41} WARNING - Could not import pandas. Holidays will not be considered.
[2025-02-20T13:22:39.091+0100] {logging_mixin.py:190} INFO - [2025-02-20T13:22:39.091+0100] {dag.py:3239} INFO - Sync 1 DAGs
[2025-02-20T13:22:39.095+0100] {logging_mixin.py:190} INFO - [2025-02-20T13:22:39.095+0100] {dag.py:4180} INFO - Setting next_dagrun for example_sensor_decorator to None, run_after=None
[2025-02-20T13:22:39.102+0100] {processor.py:208} INFO - Processing /Users/ajlakorman/Desktop/Data-Mining-Projects/Apache_Airflow/venv/lib/python3.10/site-packages/airflow/example_dags/example_sensor_decorator.py took 0.105 seconds
[2025-02-20T13:25:15.429+0100] {processor.py:186} INFO - Started process (PID=17508) to work on /Users/ajlakorman/Desktop/Data-Mining-Projects/Apache_Airflow/venv/lib/python3.10/site-packages/airflow/example_dags/example_sensor_decorator.py
[2025-02-20T13:25:15.430+0100] {processor.py:914} INFO - Processing file /Users/ajlakorman/Desktop/Data-Mining-Projects/Apache_Airflow/venv/lib/python3.10/site-packages/airflow/example_dags/example_sensor_decorator.py for tasks to queue
[2025-02-20T13:25:15.430+0100] {logging_mixin.py:190} INFO - [2025-02-20T13:25:15.430+0100] {dagbag.py:588} INFO - Filling up the DagBag from /Users/ajlakorman/Desktop/Data-Mining-Projects/Apache_Airflow/venv/lib/python3.10/site-packages/airflow/example_dags/example_sensor_decorator.py
[2025-02-20T13:25:15.446+0100] {processor.py:925} INFO - DAG(s) 'example_sensor_decorator' retrieved from /Users/ajlakorman/Desktop/Data-Mining-Projects/Apache_Airflow/venv/lib/python3.10/site-packages/airflow/example_dags/example_sensor_decorator.py
[2025-02-20T13:25:15.505+0100] {logging_mixin.py:190} INFO - [2025-02-20T13:25:15.505+0100] {workday.py:41} WARNING - Could not import pandas. Holidays will not be considered.
[2025-02-20T13:25:15.514+0100] {logging_mixin.py:190} INFO - [2025-02-20T13:25:15.513+0100] {dag.py:3239} INFO - Sync 1 DAGs
[2025-02-20T13:25:15.517+0100] {logging_mixin.py:190} INFO - [2025-02-20T13:25:15.517+0100] {dag.py:4180} INFO - Setting next_dagrun for example_sensor_decorator to None, run_after=None
[2025-02-20T13:25:15.525+0100] {processor.py:208} INFO - Processing /Users/ajlakorman/Desktop/Data-Mining-Projects/Apache_Airflow/venv/lib/python3.10/site-packages/airflow/example_dags/example_sensor_decorator.py took 0.097 seconds
