[2025-02-20T10:52:43.931+0100] {processor.py:186} INFO - Started process (PID=6260) to work on /Users/ajlakorman/Desktop/Data-Mining-Projects/Apache_Airflow/venv/lib/python3.10/site-packages/airflow/example_dags/example_params_ui_tutorial.py
[2025-02-20T10:52:43.931+0100] {processor.py:914} INFO - Processing file /Users/ajlakorman/Desktop/Data-Mining-Projects/Apache_Airflow/venv/lib/python3.10/site-packages/airflow/example_dags/example_params_ui_tutorial.py for tasks to queue
[2025-02-20T10:52:43.932+0100] {logging_mixin.py:190} INFO - [2025-02-20T10:52:43.931+0100] {dagbag.py:588} INFO - Filling up the DagBag from /Users/ajlakorman/Desktop/Data-Mining-Projects/Apache_Airflow/venv/lib/python3.10/site-packages/airflow/example_dags/example_params_ui_tutorial.py
[2025-02-20T10:52:43.948+0100] {processor.py:925} INFO - DAG(s) 'example_params_ui_tutorial' retrieved from /Users/ajlakorman/Desktop/Data-Mining-Projects/Apache_Airflow/venv/lib/python3.10/site-packages/airflow/example_dags/example_params_ui_tutorial.py
[2025-02-20T10:52:44.055+0100] {logging_mixin.py:190} INFO - [2025-02-20T10:52:44.055+0100] {override.py:1912} INFO - Created Permission View: can read on DAG:example_params_ui_tutorial
[2025-02-20T10:52:44.059+0100] {logging_mixin.py:190} INFO - [2025-02-20T10:52:44.059+0100] {override.py:1912} INFO - Created Permission View: can delete on DAG:example_params_ui_tutorial
[2025-02-20T10:52:44.061+0100] {logging_mixin.py:190} INFO - [2025-02-20T10:52:44.061+0100] {override.py:1912} INFO - Created Permission View: can edit on DAG:example_params_ui_tutorial
[2025-02-20T10:52:44.064+0100] {logging_mixin.py:190} INFO - [2025-02-20T10:52:44.064+0100] {override.py:1912} INFO - Created Permission View: can read on DAG Run:example_params_ui_tutorial
[2025-02-20T10:52:44.066+0100] {logging_mixin.py:190} INFO - [2025-02-20T10:52:44.066+0100] {override.py:1912} INFO - Created Permission View: can delete on DAG Run:example_params_ui_tutorial
[2025-02-20T10:52:44.068+0100] {logging_mixin.py:190} INFO - [2025-02-20T10:52:44.068+0100] {override.py:1912} INFO - Created Permission View: menu access on DAG Run:example_params_ui_tutorial
[2025-02-20T10:52:44.070+0100] {logging_mixin.py:190} INFO - [2025-02-20T10:52:44.070+0100] {override.py:1912} INFO - Created Permission View: can create on DAG Run:example_params_ui_tutorial
[2025-02-20T10:52:44.070+0100] {logging_mixin.py:190} INFO - [2025-02-20T10:52:44.070+0100] {dag.py:3239} INFO - Sync 1 DAGs
[2025-02-20T10:52:44.075+0100] {logging_mixin.py:190} INFO - [2025-02-20T10:52:44.075+0100] {dag.py:3262} INFO - Creating ORM DAG for example_params_ui_tutorial
[2025-02-20T10:52:44.075+0100] {logging_mixin.py:190} INFO - [2025-02-20T10:52:44.075+0100] {dag.py:4180} INFO - Setting next_dagrun for example_params_ui_tutorial to None, run_after=None
[2025-02-20T10:52:44.081+0100] {processor.py:208} INFO - Processing /Users/ajlakorman/Desktop/Data-Mining-Projects/Apache_Airflow/venv/lib/python3.10/site-packages/airflow/example_dags/example_params_ui_tutorial.py took 0.152 seconds
[2025-02-20T10:54:33.115+0100] {processor.py:186} INFO - Started process (PID=6560) to work on /Users/ajlakorman/Desktop/Data-Mining-Projects/Apache_Airflow/venv/lib/python3.10/site-packages/airflow/example_dags/example_params_ui_tutorial.py
[2025-02-20T10:54:33.116+0100] {processor.py:914} INFO - Processing file /Users/ajlakorman/Desktop/Data-Mining-Projects/Apache_Airflow/venv/lib/python3.10/site-packages/airflow/example_dags/example_params_ui_tutorial.py for tasks to queue
[2025-02-20T10:54:33.117+0100] {logging_mixin.py:190} INFO - [2025-02-20T10:54:33.117+0100] {dagbag.py:588} INFO - Filling up the DagBag from /Users/ajlakorman/Desktop/Data-Mining-Projects/Apache_Airflow/venv/lib/python3.10/site-packages/airflow/example_dags/example_params_ui_tutorial.py
[2025-02-20T10:54:33.135+0100] {processor.py:925} INFO - DAG(s) 'example_params_ui_tutorial' retrieved from /Users/ajlakorman/Desktop/Data-Mining-Projects/Apache_Airflow/venv/lib/python3.10/site-packages/airflow/example_dags/example_params_ui_tutorial.py
[2025-02-20T10:54:33.214+0100] {logging_mixin.py:190} INFO - [2025-02-20T10:54:33.214+0100] {dag.py:3239} INFO - Sync 1 DAGs
[2025-02-20T10:54:33.219+0100] {logging_mixin.py:190} INFO - [2025-02-20T10:54:33.219+0100] {dag.py:4180} INFO - Setting next_dagrun for example_params_ui_tutorial to None, run_after=None
[2025-02-20T10:54:33.226+0100] {processor.py:208} INFO - Processing /Users/ajlakorman/Desktop/Data-Mining-Projects/Apache_Airflow/venv/lib/python3.10/site-packages/airflow/example_dags/example_params_ui_tutorial.py took 0.112 seconds
[2025-02-20T10:57:06.816+0100] {processor.py:186} INFO - Started process (PID=6863) to work on /Users/ajlakorman/Desktop/Data-Mining-Projects/Apache_Airflow/venv/lib/python3.10/site-packages/airflow/example_dags/example_params_ui_tutorial.py
[2025-02-20T10:57:06.818+0100] {processor.py:914} INFO - Processing file /Users/ajlakorman/Desktop/Data-Mining-Projects/Apache_Airflow/venv/lib/python3.10/site-packages/airflow/example_dags/example_params_ui_tutorial.py for tasks to queue
[2025-02-20T10:57:06.818+0100] {logging_mixin.py:190} INFO - [2025-02-20T10:57:06.818+0100] {dagbag.py:588} INFO - Filling up the DagBag from /Users/ajlakorman/Desktop/Data-Mining-Projects/Apache_Airflow/venv/lib/python3.10/site-packages/airflow/example_dags/example_params_ui_tutorial.py
[2025-02-20T10:57:06.839+0100] {processor.py:925} INFO - DAG(s) 'example_params_ui_tutorial' retrieved from /Users/ajlakorman/Desktop/Data-Mining-Projects/Apache_Airflow/venv/lib/python3.10/site-packages/airflow/example_dags/example_params_ui_tutorial.py
[2025-02-20T10:57:06.919+0100] {logging_mixin.py:190} INFO - [2025-02-20T10:57:06.919+0100] {dag.py:3239} INFO - Sync 1 DAGs
[2025-02-20T10:57:06.923+0100] {logging_mixin.py:190} INFO - [2025-02-20T10:57:06.923+0100] {dag.py:4180} INFO - Setting next_dagrun for example_params_ui_tutorial to None, run_after=None
[2025-02-20T10:57:06.931+0100] {processor.py:208} INFO - Processing /Users/ajlakorman/Desktop/Data-Mining-Projects/Apache_Airflow/venv/lib/python3.10/site-packages/airflow/example_dags/example_params_ui_tutorial.py took 0.122 seconds
[2025-02-20T10:59:54.635+0100] {processor.py:186} INFO - Started process (PID=7154) to work on /Users/ajlakorman/Desktop/Data-Mining-Projects/Apache_Airflow/venv/lib/python3.10/site-packages/airflow/example_dags/example_params_ui_tutorial.py
[2025-02-20T10:59:54.635+0100] {processor.py:914} INFO - Processing file /Users/ajlakorman/Desktop/Data-Mining-Projects/Apache_Airflow/venv/lib/python3.10/site-packages/airflow/example_dags/example_params_ui_tutorial.py for tasks to queue
[2025-02-20T10:59:54.636+0100] {logging_mixin.py:190} INFO - [2025-02-20T10:59:54.636+0100] {dagbag.py:588} INFO - Filling up the DagBag from /Users/ajlakorman/Desktop/Data-Mining-Projects/Apache_Airflow/venv/lib/python3.10/site-packages/airflow/example_dags/example_params_ui_tutorial.py
[2025-02-20T10:59:54.656+0100] {processor.py:925} INFO - DAG(s) 'example_params_ui_tutorial' retrieved from /Users/ajlakorman/Desktop/Data-Mining-Projects/Apache_Airflow/venv/lib/python3.10/site-packages/airflow/example_dags/example_params_ui_tutorial.py
[2025-02-20T10:59:54.732+0100] {logging_mixin.py:190} INFO - [2025-02-20T10:59:54.732+0100] {dag.py:3239} INFO - Sync 1 DAGs
[2025-02-20T10:59:54.736+0100] {logging_mixin.py:190} INFO - [2025-02-20T10:59:54.736+0100] {dag.py:4180} INFO - Setting next_dagrun for example_params_ui_tutorial to None, run_after=None
[2025-02-20T10:59:54.744+0100] {processor.py:208} INFO - Processing /Users/ajlakorman/Desktop/Data-Mining-Projects/Apache_Airflow/venv/lib/python3.10/site-packages/airflow/example_dags/example_params_ui_tutorial.py took 0.110 seconds
[2025-02-20T11:02:22.818+0100] {processor.py:186} INFO - Started process (PID=7457) to work on /Users/ajlakorman/Desktop/Data-Mining-Projects/Apache_Airflow/venv/lib/python3.10/site-packages/airflow/example_dags/example_params_ui_tutorial.py
[2025-02-20T11:02:22.819+0100] {processor.py:914} INFO - Processing file /Users/ajlakorman/Desktop/Data-Mining-Projects/Apache_Airflow/venv/lib/python3.10/site-packages/airflow/example_dags/example_params_ui_tutorial.py for tasks to queue
[2025-02-20T11:02:22.820+0100] {logging_mixin.py:190} INFO - [2025-02-20T11:02:22.820+0100] {dagbag.py:588} INFO - Filling up the DagBag from /Users/ajlakorman/Desktop/Data-Mining-Projects/Apache_Airflow/venv/lib/python3.10/site-packages/airflow/example_dags/example_params_ui_tutorial.py
[2025-02-20T11:02:22.835+0100] {processor.py:925} INFO - DAG(s) 'example_params_ui_tutorial' retrieved from /Users/ajlakorman/Desktop/Data-Mining-Projects/Apache_Airflow/venv/lib/python3.10/site-packages/airflow/example_dags/example_params_ui_tutorial.py
[2025-02-20T11:02:22.909+0100] {logging_mixin.py:190} INFO - [2025-02-20T11:02:22.909+0100] {dag.py:3239} INFO - Sync 1 DAGs
[2025-02-20T11:02:22.913+0100] {logging_mixin.py:190} INFO - [2025-02-20T11:02:22.913+0100] {dag.py:4180} INFO - Setting next_dagrun for example_params_ui_tutorial to None, run_after=None
[2025-02-20T11:02:22.920+0100] {processor.py:208} INFO - Processing /Users/ajlakorman/Desktop/Data-Mining-Projects/Apache_Airflow/venv/lib/python3.10/site-packages/airflow/example_dags/example_params_ui_tutorial.py took 0.104 seconds
[2025-02-20T11:04:40.408+0100] {processor.py:186} INFO - Started process (PID=7726) to work on /Users/ajlakorman/Desktop/Data-Mining-Projects/Apache_Airflow/venv/lib/python3.10/site-packages/airflow/example_dags/example_params_ui_tutorial.py
[2025-02-20T11:04:40.409+0100] {processor.py:914} INFO - Processing file /Users/ajlakorman/Desktop/Data-Mining-Projects/Apache_Airflow/venv/lib/python3.10/site-packages/airflow/example_dags/example_params_ui_tutorial.py for tasks to queue
[2025-02-20T11:04:40.409+0100] {logging_mixin.py:190} INFO - [2025-02-20T11:04:40.409+0100] {dagbag.py:588} INFO - Filling up the DagBag from /Users/ajlakorman/Desktop/Data-Mining-Projects/Apache_Airflow/venv/lib/python3.10/site-packages/airflow/example_dags/example_params_ui_tutorial.py
[2025-02-20T11:04:40.427+0100] {processor.py:925} INFO - DAG(s) 'example_params_ui_tutorial' retrieved from /Users/ajlakorman/Desktop/Data-Mining-Projects/Apache_Airflow/venv/lib/python3.10/site-packages/airflow/example_dags/example_params_ui_tutorial.py
[2025-02-20T11:04:40.505+0100] {logging_mixin.py:190} INFO - [2025-02-20T11:04:40.505+0100] {dag.py:3239} INFO - Sync 1 DAGs
[2025-02-20T11:04:40.509+0100] {logging_mixin.py:190} INFO - [2025-02-20T11:04:40.509+0100] {dag.py:4180} INFO - Setting next_dagrun for example_params_ui_tutorial to None, run_after=None
[2025-02-20T11:04:40.516+0100] {processor.py:208} INFO - Processing /Users/ajlakorman/Desktop/Data-Mining-Projects/Apache_Airflow/venv/lib/python3.10/site-packages/airflow/example_dags/example_params_ui_tutorial.py took 0.110 seconds
[2025-02-20T11:07:00.778+0100] {processor.py:186} INFO - Started process (PID=8063) to work on /Users/ajlakorman/Desktop/Data-Mining-Projects/Apache_Airflow/venv/lib/python3.10/site-packages/airflow/example_dags/example_params_ui_tutorial.py
[2025-02-20T11:07:00.779+0100] {processor.py:914} INFO - Processing file /Users/ajlakorman/Desktop/Data-Mining-Projects/Apache_Airflow/venv/lib/python3.10/site-packages/airflow/example_dags/example_params_ui_tutorial.py for tasks to queue
[2025-02-20T11:07:00.783+0100] {logging_mixin.py:190} INFO - [2025-02-20T11:07:00.783+0100] {dagbag.py:588} INFO - Filling up the DagBag from /Users/ajlakorman/Desktop/Data-Mining-Projects/Apache_Airflow/venv/lib/python3.10/site-packages/airflow/example_dags/example_params_ui_tutorial.py
[2025-02-20T11:07:00.800+0100] {processor.py:925} INFO - DAG(s) 'example_params_ui_tutorial' retrieved from /Users/ajlakorman/Desktop/Data-Mining-Projects/Apache_Airflow/venv/lib/python3.10/site-packages/airflow/example_dags/example_params_ui_tutorial.py
[2025-02-20T11:07:00.875+0100] {logging_mixin.py:190} INFO - [2025-02-20T11:07:00.875+0100] {dag.py:3239} INFO - Sync 1 DAGs
[2025-02-20T11:07:00.879+0100] {logging_mixin.py:190} INFO - [2025-02-20T11:07:00.879+0100] {dag.py:4180} INFO - Setting next_dagrun for example_params_ui_tutorial to None, run_after=None
[2025-02-20T11:07:00.886+0100] {processor.py:208} INFO - Processing /Users/ajlakorman/Desktop/Data-Mining-Projects/Apache_Airflow/venv/lib/python3.10/site-packages/airflow/example_dags/example_params_ui_tutorial.py took 0.109 seconds
[2025-02-20T11:09:19.143+0100] {processor.py:186} INFO - Started process (PID=8296) to work on /Users/ajlakorman/Desktop/Data-Mining-Projects/Apache_Airflow/venv/lib/python3.10/site-packages/airflow/example_dags/example_params_ui_tutorial.py
[2025-02-20T11:09:19.144+0100] {processor.py:914} INFO - Processing file /Users/ajlakorman/Desktop/Data-Mining-Projects/Apache_Airflow/venv/lib/python3.10/site-packages/airflow/example_dags/example_params_ui_tutorial.py for tasks to queue
[2025-02-20T11:09:19.144+0100] {logging_mixin.py:190} INFO - [2025-02-20T11:09:19.144+0100] {dagbag.py:588} INFO - Filling up the DagBag from /Users/ajlakorman/Desktop/Data-Mining-Projects/Apache_Airflow/venv/lib/python3.10/site-packages/airflow/example_dags/example_params_ui_tutorial.py
[2025-02-20T11:09:19.161+0100] {processor.py:925} INFO - DAG(s) 'example_params_ui_tutorial' retrieved from /Users/ajlakorman/Desktop/Data-Mining-Projects/Apache_Airflow/venv/lib/python3.10/site-packages/airflow/example_dags/example_params_ui_tutorial.py
[2025-02-20T11:09:19.233+0100] {logging_mixin.py:190} INFO - [2025-02-20T11:09:19.233+0100] {dag.py:3239} INFO - Sync 1 DAGs
[2025-02-20T11:09:19.237+0100] {logging_mixin.py:190} INFO - [2025-02-20T11:09:19.237+0100] {dag.py:4180} INFO - Setting next_dagrun for example_params_ui_tutorial to None, run_after=None
[2025-02-20T11:09:19.243+0100] {processor.py:208} INFO - Processing /Users/ajlakorman/Desktop/Data-Mining-Projects/Apache_Airflow/venv/lib/python3.10/site-packages/airflow/example_dags/example_params_ui_tutorial.py took 0.102 seconds
[2025-02-20T11:11:39.412+0100] {processor.py:186} INFO - Started process (PID=8570) to work on /Users/ajlakorman/Desktop/Data-Mining-Projects/Apache_Airflow/venv/lib/python3.10/site-packages/airflow/example_dags/example_params_ui_tutorial.py
[2025-02-20T11:11:39.414+0100] {processor.py:914} INFO - Processing file /Users/ajlakorman/Desktop/Data-Mining-Projects/Apache_Airflow/venv/lib/python3.10/site-packages/airflow/example_dags/example_params_ui_tutorial.py for tasks to queue
[2025-02-20T11:11:39.414+0100] {logging_mixin.py:190} INFO - [2025-02-20T11:11:39.414+0100] {dagbag.py:588} INFO - Filling up the DagBag from /Users/ajlakorman/Desktop/Data-Mining-Projects/Apache_Airflow/venv/lib/python3.10/site-packages/airflow/example_dags/example_params_ui_tutorial.py
[2025-02-20T11:11:39.430+0100] {processor.py:925} INFO - DAG(s) 'example_params_ui_tutorial' retrieved from /Users/ajlakorman/Desktop/Data-Mining-Projects/Apache_Airflow/venv/lib/python3.10/site-packages/airflow/example_dags/example_params_ui_tutorial.py
[2025-02-20T11:11:39.502+0100] {logging_mixin.py:190} INFO - [2025-02-20T11:11:39.502+0100] {dag.py:3239} INFO - Sync 1 DAGs
[2025-02-20T11:11:39.506+0100] {logging_mixin.py:190} INFO - [2025-02-20T11:11:39.506+0100] {dag.py:4180} INFO - Setting next_dagrun for example_params_ui_tutorial to None, run_after=None
[2025-02-20T11:11:39.513+0100] {processor.py:208} INFO - Processing /Users/ajlakorman/Desktop/Data-Mining-Projects/Apache_Airflow/venv/lib/python3.10/site-packages/airflow/example_dags/example_params_ui_tutorial.py took 0.102 seconds
[2025-02-20T11:14:00.047+0100] {processor.py:186} INFO - Started process (PID=8820) to work on /Users/ajlakorman/Desktop/Data-Mining-Projects/Apache_Airflow/venv/lib/python3.10/site-packages/airflow/example_dags/example_params_ui_tutorial.py
[2025-02-20T11:14:00.048+0100] {processor.py:914} INFO - Processing file /Users/ajlakorman/Desktop/Data-Mining-Projects/Apache_Airflow/venv/lib/python3.10/site-packages/airflow/example_dags/example_params_ui_tutorial.py for tasks to queue
[2025-02-20T11:14:00.049+0100] {logging_mixin.py:190} INFO - [2025-02-20T11:14:00.049+0100] {dagbag.py:588} INFO - Filling up the DagBag from /Users/ajlakorman/Desktop/Data-Mining-Projects/Apache_Airflow/venv/lib/python3.10/site-packages/airflow/example_dags/example_params_ui_tutorial.py
[2025-02-20T11:14:00.066+0100] {processor.py:925} INFO - DAG(s) 'example_params_ui_tutorial' retrieved from /Users/ajlakorman/Desktop/Data-Mining-Projects/Apache_Airflow/venv/lib/python3.10/site-packages/airflow/example_dags/example_params_ui_tutorial.py
[2025-02-20T11:14:00.139+0100] {logging_mixin.py:190} INFO - [2025-02-20T11:14:00.139+0100] {dag.py:3239} INFO - Sync 1 DAGs
[2025-02-20T11:14:00.143+0100] {logging_mixin.py:190} INFO - [2025-02-20T11:14:00.143+0100] {dag.py:4180} INFO - Setting next_dagrun for example_params_ui_tutorial to None, run_after=None
[2025-02-20T11:14:00.150+0100] {processor.py:208} INFO - Processing /Users/ajlakorman/Desktop/Data-Mining-Projects/Apache_Airflow/venv/lib/python3.10/site-packages/airflow/example_dags/example_params_ui_tutorial.py took 0.105 seconds
[2025-02-20T11:16:24.892+0100] {processor.py:186} INFO - Started process (PID=9060) to work on /Users/ajlakorman/Desktop/Data-Mining-Projects/Apache_Airflow/venv/lib/python3.10/site-packages/airflow/example_dags/example_params_ui_tutorial.py
[2025-02-20T11:16:24.893+0100] {processor.py:914} INFO - Processing file /Users/ajlakorman/Desktop/Data-Mining-Projects/Apache_Airflow/venv/lib/python3.10/site-packages/airflow/example_dags/example_params_ui_tutorial.py for tasks to queue
[2025-02-20T11:16:24.893+0100] {logging_mixin.py:190} INFO - [2025-02-20T11:16:24.893+0100] {dagbag.py:588} INFO - Filling up the DagBag from /Users/ajlakorman/Desktop/Data-Mining-Projects/Apache_Airflow/venv/lib/python3.10/site-packages/airflow/example_dags/example_params_ui_tutorial.py
[2025-02-20T11:16:24.910+0100] {processor.py:925} INFO - DAG(s) 'example_params_ui_tutorial' retrieved from /Users/ajlakorman/Desktop/Data-Mining-Projects/Apache_Airflow/venv/lib/python3.10/site-packages/airflow/example_dags/example_params_ui_tutorial.py
[2025-02-20T11:16:24.981+0100] {logging_mixin.py:190} INFO - [2025-02-20T11:16:24.981+0100] {dag.py:3239} INFO - Sync 1 DAGs
[2025-02-20T11:16:24.985+0100] {logging_mixin.py:190} INFO - [2025-02-20T11:16:24.985+0100] {dag.py:4180} INFO - Setting next_dagrun for example_params_ui_tutorial to None, run_after=None
[2025-02-20T11:16:24.992+0100] {processor.py:208} INFO - Processing /Users/ajlakorman/Desktop/Data-Mining-Projects/Apache_Airflow/venv/lib/python3.10/site-packages/airflow/example_dags/example_params_ui_tutorial.py took 0.101 seconds
[2025-02-20T11:18:49.463+0100] {processor.py:186} INFO - Started process (PID=9451) to work on /Users/ajlakorman/Desktop/Data-Mining-Projects/Apache_Airflow/venv/lib/python3.10/site-packages/airflow/example_dags/example_params_ui_tutorial.py
[2025-02-20T11:18:49.464+0100] {processor.py:914} INFO - Processing file /Users/ajlakorman/Desktop/Data-Mining-Projects/Apache_Airflow/venv/lib/python3.10/site-packages/airflow/example_dags/example_params_ui_tutorial.py for tasks to queue
[2025-02-20T11:18:49.464+0100] {logging_mixin.py:190} INFO - [2025-02-20T11:18:49.464+0100] {dagbag.py:588} INFO - Filling up the DagBag from /Users/ajlakorman/Desktop/Data-Mining-Projects/Apache_Airflow/venv/lib/python3.10/site-packages/airflow/example_dags/example_params_ui_tutorial.py
[2025-02-20T11:18:49.480+0100] {processor.py:925} INFO - DAG(s) 'example_params_ui_tutorial' retrieved from /Users/ajlakorman/Desktop/Data-Mining-Projects/Apache_Airflow/venv/lib/python3.10/site-packages/airflow/example_dags/example_params_ui_tutorial.py
[2025-02-20T11:18:49.552+0100] {logging_mixin.py:190} INFO - [2025-02-20T11:18:49.552+0100] {dag.py:3239} INFO - Sync 1 DAGs
[2025-02-20T11:18:49.556+0100] {logging_mixin.py:190} INFO - [2025-02-20T11:18:49.556+0100] {dag.py:4180} INFO - Setting next_dagrun for example_params_ui_tutorial to None, run_after=None
[2025-02-20T11:18:49.563+0100] {processor.py:208} INFO - Processing /Users/ajlakorman/Desktop/Data-Mining-Projects/Apache_Airflow/venv/lib/python3.10/site-packages/airflow/example_dags/example_params_ui_tutorial.py took 0.101 seconds
[2025-02-20T11:21:18.750+0100] {processor.py:186} INFO - Started process (PID=9754) to work on /Users/ajlakorman/Desktop/Data-Mining-Projects/Apache_Airflow/venv/lib/python3.10/site-packages/airflow/example_dags/example_params_ui_tutorial.py
[2025-02-20T11:21:18.751+0100] {processor.py:914} INFO - Processing file /Users/ajlakorman/Desktop/Data-Mining-Projects/Apache_Airflow/venv/lib/python3.10/site-packages/airflow/example_dags/example_params_ui_tutorial.py for tasks to queue
[2025-02-20T11:21:18.752+0100] {logging_mixin.py:190} INFO - [2025-02-20T11:21:18.752+0100] {dagbag.py:588} INFO - Filling up the DagBag from /Users/ajlakorman/Desktop/Data-Mining-Projects/Apache_Airflow/venv/lib/python3.10/site-packages/airflow/example_dags/example_params_ui_tutorial.py
[2025-02-20T11:21:18.768+0100] {processor.py:925} INFO - DAG(s) 'example_params_ui_tutorial' retrieved from /Users/ajlakorman/Desktop/Data-Mining-Projects/Apache_Airflow/venv/lib/python3.10/site-packages/airflow/example_dags/example_params_ui_tutorial.py
[2025-02-20T11:21:18.841+0100] {logging_mixin.py:190} INFO - [2025-02-20T11:21:18.841+0100] {dag.py:3239} INFO - Sync 1 DAGs
[2025-02-20T11:21:18.845+0100] {logging_mixin.py:190} INFO - [2025-02-20T11:21:18.845+0100] {dag.py:4180} INFO - Setting next_dagrun for example_params_ui_tutorial to None, run_after=None
[2025-02-20T11:21:18.852+0100] {processor.py:208} INFO - Processing /Users/ajlakorman/Desktop/Data-Mining-Projects/Apache_Airflow/venv/lib/python3.10/site-packages/airflow/example_dags/example_params_ui_tutorial.py took 0.103 seconds
[2025-02-20T11:23:47.746+0100] {processor.py:186} INFO - Started process (PID=10001) to work on /Users/ajlakorman/Desktop/Data-Mining-Projects/Apache_Airflow/venv/lib/python3.10/site-packages/airflow/example_dags/example_params_ui_tutorial.py
[2025-02-20T11:23:47.747+0100] {processor.py:914} INFO - Processing file /Users/ajlakorman/Desktop/Data-Mining-Projects/Apache_Airflow/venv/lib/python3.10/site-packages/airflow/example_dags/example_params_ui_tutorial.py for tasks to queue
[2025-02-20T11:23:47.748+0100] {logging_mixin.py:190} INFO - [2025-02-20T11:23:47.748+0100] {dagbag.py:588} INFO - Filling up the DagBag from /Users/ajlakorman/Desktop/Data-Mining-Projects/Apache_Airflow/venv/lib/python3.10/site-packages/airflow/example_dags/example_params_ui_tutorial.py
[2025-02-20T11:23:47.764+0100] {processor.py:925} INFO - DAG(s) 'example_params_ui_tutorial' retrieved from /Users/ajlakorman/Desktop/Data-Mining-Projects/Apache_Airflow/venv/lib/python3.10/site-packages/airflow/example_dags/example_params_ui_tutorial.py
[2025-02-20T11:23:47.839+0100] {logging_mixin.py:190} INFO - [2025-02-20T11:23:47.839+0100] {dag.py:3239} INFO - Sync 1 DAGs
[2025-02-20T11:23:47.843+0100] {logging_mixin.py:190} INFO - [2025-02-20T11:23:47.843+0100] {dag.py:4180} INFO - Setting next_dagrun for example_params_ui_tutorial to None, run_after=None
[2025-02-20T11:23:47.850+0100] {processor.py:208} INFO - Processing /Users/ajlakorman/Desktop/Data-Mining-Projects/Apache_Airflow/venv/lib/python3.10/site-packages/airflow/example_dags/example_params_ui_tutorial.py took 0.105 seconds
[2025-02-20T11:26:15.261+0100] {processor.py:186} INFO - Started process (PID=10314) to work on /Users/ajlakorman/Desktop/Data-Mining-Projects/Apache_Airflow/venv/lib/python3.10/site-packages/airflow/example_dags/example_params_ui_tutorial.py
[2025-02-20T11:26:15.262+0100] {processor.py:914} INFO - Processing file /Users/ajlakorman/Desktop/Data-Mining-Projects/Apache_Airflow/venv/lib/python3.10/site-packages/airflow/example_dags/example_params_ui_tutorial.py for tasks to queue
[2025-02-20T11:26:15.263+0100] {logging_mixin.py:190} INFO - [2025-02-20T11:26:15.263+0100] {dagbag.py:588} INFO - Filling up the DagBag from /Users/ajlakorman/Desktop/Data-Mining-Projects/Apache_Airflow/venv/lib/python3.10/site-packages/airflow/example_dags/example_params_ui_tutorial.py
[2025-02-20T11:26:15.279+0100] {processor.py:925} INFO - DAG(s) 'example_params_ui_tutorial' retrieved from /Users/ajlakorman/Desktop/Data-Mining-Projects/Apache_Airflow/venv/lib/python3.10/site-packages/airflow/example_dags/example_params_ui_tutorial.py
[2025-02-20T11:26:15.352+0100] {logging_mixin.py:190} INFO - [2025-02-20T11:26:15.352+0100] {dag.py:3239} INFO - Sync 1 DAGs
[2025-02-20T11:26:15.356+0100] {logging_mixin.py:190} INFO - [2025-02-20T11:26:15.356+0100] {dag.py:4180} INFO - Setting next_dagrun for example_params_ui_tutorial to None, run_after=None
[2025-02-20T11:26:15.362+0100] {processor.py:208} INFO - Processing /Users/ajlakorman/Desktop/Data-Mining-Projects/Apache_Airflow/venv/lib/python3.10/site-packages/airflow/example_dags/example_params_ui_tutorial.py took 0.103 seconds
[2025-02-20T11:28:44.525+0100] {processor.py:186} INFO - Started process (PID=10612) to work on /Users/ajlakorman/Desktop/Data-Mining-Projects/Apache_Airflow/venv/lib/python3.10/site-packages/airflow/example_dags/example_params_ui_tutorial.py
[2025-02-20T11:28:44.525+0100] {processor.py:914} INFO - Processing file /Users/ajlakorman/Desktop/Data-Mining-Projects/Apache_Airflow/venv/lib/python3.10/site-packages/airflow/example_dags/example_params_ui_tutorial.py for tasks to queue
[2025-02-20T11:28:44.526+0100] {logging_mixin.py:190} INFO - [2025-02-20T11:28:44.526+0100] {dagbag.py:588} INFO - Filling up the DagBag from /Users/ajlakorman/Desktop/Data-Mining-Projects/Apache_Airflow/venv/lib/python3.10/site-packages/airflow/example_dags/example_params_ui_tutorial.py
[2025-02-20T11:28:44.542+0100] {processor.py:925} INFO - DAG(s) 'example_params_ui_tutorial' retrieved from /Users/ajlakorman/Desktop/Data-Mining-Projects/Apache_Airflow/venv/lib/python3.10/site-packages/airflow/example_dags/example_params_ui_tutorial.py
[2025-02-20T11:28:44.615+0100] {logging_mixin.py:190} INFO - [2025-02-20T11:28:44.615+0100] {dag.py:3239} INFO - Sync 1 DAGs
[2025-02-20T11:28:44.619+0100] {logging_mixin.py:190} INFO - [2025-02-20T11:28:44.619+0100] {dag.py:4180} INFO - Setting next_dagrun for example_params_ui_tutorial to None, run_after=None
[2025-02-20T11:28:44.627+0100] {processor.py:208} INFO - Processing /Users/ajlakorman/Desktop/Data-Mining-Projects/Apache_Airflow/venv/lib/python3.10/site-packages/airflow/example_dags/example_params_ui_tutorial.py took 0.104 seconds
[2025-02-20T11:31:14.110+0100] {processor.py:186} INFO - Started process (PID=10935) to work on /Users/ajlakorman/Desktop/Data-Mining-Projects/Apache_Airflow/venv/lib/python3.10/site-packages/airflow/example_dags/example_params_ui_tutorial.py
[2025-02-20T11:31:14.111+0100] {processor.py:914} INFO - Processing file /Users/ajlakorman/Desktop/Data-Mining-Projects/Apache_Airflow/venv/lib/python3.10/site-packages/airflow/example_dags/example_params_ui_tutorial.py for tasks to queue
[2025-02-20T11:31:14.112+0100] {logging_mixin.py:190} INFO - [2025-02-20T11:31:14.112+0100] {dagbag.py:588} INFO - Filling up the DagBag from /Users/ajlakorman/Desktop/Data-Mining-Projects/Apache_Airflow/venv/lib/python3.10/site-packages/airflow/example_dags/example_params_ui_tutorial.py
[2025-02-20T11:31:14.128+0100] {processor.py:925} INFO - DAG(s) 'example_params_ui_tutorial' retrieved from /Users/ajlakorman/Desktop/Data-Mining-Projects/Apache_Airflow/venv/lib/python3.10/site-packages/airflow/example_dags/example_params_ui_tutorial.py
[2025-02-20T11:31:14.201+0100] {logging_mixin.py:190} INFO - [2025-02-20T11:31:14.201+0100] {dag.py:3239} INFO - Sync 1 DAGs
[2025-02-20T11:31:14.205+0100] {logging_mixin.py:190} INFO - [2025-02-20T11:31:14.205+0100] {dag.py:4180} INFO - Setting next_dagrun for example_params_ui_tutorial to None, run_after=None
[2025-02-20T11:31:14.211+0100] {processor.py:208} INFO - Processing /Users/ajlakorman/Desktop/Data-Mining-Projects/Apache_Airflow/venv/lib/python3.10/site-packages/airflow/example_dags/example_params_ui_tutorial.py took 0.103 seconds
[2025-02-20T11:33:39.595+0100] {processor.py:186} INFO - Started process (PID=11162) to work on /Users/ajlakorman/Desktop/Data-Mining-Projects/Apache_Airflow/venv/lib/python3.10/site-packages/airflow/example_dags/example_params_ui_tutorial.py
[2025-02-20T11:33:39.596+0100] {processor.py:914} INFO - Processing file /Users/ajlakorman/Desktop/Data-Mining-Projects/Apache_Airflow/venv/lib/python3.10/site-packages/airflow/example_dags/example_params_ui_tutorial.py for tasks to queue
[2025-02-20T11:33:39.596+0100] {logging_mixin.py:190} INFO - [2025-02-20T11:33:39.596+0100] {dagbag.py:588} INFO - Filling up the DagBag from /Users/ajlakorman/Desktop/Data-Mining-Projects/Apache_Airflow/venv/lib/python3.10/site-packages/airflow/example_dags/example_params_ui_tutorial.py
[2025-02-20T11:33:39.613+0100] {processor.py:925} INFO - DAG(s) 'example_params_ui_tutorial' retrieved from /Users/ajlakorman/Desktop/Data-Mining-Projects/Apache_Airflow/venv/lib/python3.10/site-packages/airflow/example_dags/example_params_ui_tutorial.py
[2025-02-20T11:33:39.689+0100] {logging_mixin.py:190} INFO - [2025-02-20T11:33:39.689+0100] {dag.py:3239} INFO - Sync 1 DAGs
[2025-02-20T11:33:39.694+0100] {logging_mixin.py:190} INFO - [2025-02-20T11:33:39.693+0100] {dag.py:4180} INFO - Setting next_dagrun for example_params_ui_tutorial to None, run_after=None
[2025-02-20T11:33:39.700+0100] {processor.py:208} INFO - Processing /Users/ajlakorman/Desktop/Data-Mining-Projects/Apache_Airflow/venv/lib/python3.10/site-packages/airflow/example_dags/example_params_ui_tutorial.py took 0.107 seconds
[2025-02-20T11:36:07.741+0100] {processor.py:186} INFO - Started process (PID=11400) to work on /Users/ajlakorman/Desktop/Data-Mining-Projects/Apache_Airflow/venv/lib/python3.10/site-packages/airflow/example_dags/example_params_ui_tutorial.py
[2025-02-20T11:36:07.742+0100] {processor.py:914} INFO - Processing file /Users/ajlakorman/Desktop/Data-Mining-Projects/Apache_Airflow/venv/lib/python3.10/site-packages/airflow/example_dags/example_params_ui_tutorial.py for tasks to queue
[2025-02-20T11:36:07.743+0100] {logging_mixin.py:190} INFO - [2025-02-20T11:36:07.743+0100] {dagbag.py:588} INFO - Filling up the DagBag from /Users/ajlakorman/Desktop/Data-Mining-Projects/Apache_Airflow/venv/lib/python3.10/site-packages/airflow/example_dags/example_params_ui_tutorial.py
[2025-02-20T11:36:07.759+0100] {processor.py:925} INFO - DAG(s) 'example_params_ui_tutorial' retrieved from /Users/ajlakorman/Desktop/Data-Mining-Projects/Apache_Airflow/venv/lib/python3.10/site-packages/airflow/example_dags/example_params_ui_tutorial.py
[2025-02-20T11:36:07.835+0100] {logging_mixin.py:190} INFO - [2025-02-20T11:36:07.835+0100] {dag.py:3239} INFO - Sync 1 DAGs
[2025-02-20T11:36:07.839+0100] {logging_mixin.py:190} INFO - [2025-02-20T11:36:07.839+0100] {dag.py:4180} INFO - Setting next_dagrun for example_params_ui_tutorial to None, run_after=None
[2025-02-20T11:36:07.846+0100] {processor.py:208} INFO - Processing /Users/ajlakorman/Desktop/Data-Mining-Projects/Apache_Airflow/venv/lib/python3.10/site-packages/airflow/example_dags/example_params_ui_tutorial.py took 0.106 seconds
[2025-02-20T11:38:41.989+0100] {processor.py:186} INFO - Started process (PID=11684) to work on /Users/ajlakorman/Desktop/Data-Mining-Projects/Apache_Airflow/venv/lib/python3.10/site-packages/airflow/example_dags/example_params_ui_tutorial.py
[2025-02-20T11:38:41.990+0100] {processor.py:914} INFO - Processing file /Users/ajlakorman/Desktop/Data-Mining-Projects/Apache_Airflow/venv/lib/python3.10/site-packages/airflow/example_dags/example_params_ui_tutorial.py for tasks to queue
[2025-02-20T11:38:41.990+0100] {logging_mixin.py:190} INFO - [2025-02-20T11:38:41.990+0100] {dagbag.py:588} INFO - Filling up the DagBag from /Users/ajlakorman/Desktop/Data-Mining-Projects/Apache_Airflow/venv/lib/python3.10/site-packages/airflow/example_dags/example_params_ui_tutorial.py
[2025-02-20T11:38:42.007+0100] {processor.py:925} INFO - DAG(s) 'example_params_ui_tutorial' retrieved from /Users/ajlakorman/Desktop/Data-Mining-Projects/Apache_Airflow/venv/lib/python3.10/site-packages/airflow/example_dags/example_params_ui_tutorial.py
[2025-02-20T11:38:42.080+0100] {logging_mixin.py:190} INFO - [2025-02-20T11:38:42.080+0100] {dag.py:3239} INFO - Sync 1 DAGs
[2025-02-20T11:38:42.084+0100] {logging_mixin.py:190} INFO - [2025-02-20T11:38:42.084+0100] {dag.py:4180} INFO - Setting next_dagrun for example_params_ui_tutorial to None, run_after=None
[2025-02-20T11:38:42.095+0100] {processor.py:208} INFO - Processing /Users/ajlakorman/Desktop/Data-Mining-Projects/Apache_Airflow/venv/lib/python3.10/site-packages/airflow/example_dags/example_params_ui_tutorial.py took 0.108 seconds
[2025-02-20T11:41:04.560+0100] {processor.py:186} INFO - Started process (PID=11889) to work on /Users/ajlakorman/Desktop/Data-Mining-Projects/Apache_Airflow/venv/lib/python3.10/site-packages/airflow/example_dags/example_params_ui_tutorial.py
[2025-02-20T11:41:04.561+0100] {processor.py:914} INFO - Processing file /Users/ajlakorman/Desktop/Data-Mining-Projects/Apache_Airflow/venv/lib/python3.10/site-packages/airflow/example_dags/example_params_ui_tutorial.py for tasks to queue
[2025-02-20T11:41:04.561+0100] {logging_mixin.py:190} INFO - [2025-02-20T11:41:04.561+0100] {dagbag.py:588} INFO - Filling up the DagBag from /Users/ajlakorman/Desktop/Data-Mining-Projects/Apache_Airflow/venv/lib/python3.10/site-packages/airflow/example_dags/example_params_ui_tutorial.py
[2025-02-20T11:41:04.577+0100] {processor.py:925} INFO - DAG(s) 'example_params_ui_tutorial' retrieved from /Users/ajlakorman/Desktop/Data-Mining-Projects/Apache_Airflow/venv/lib/python3.10/site-packages/airflow/example_dags/example_params_ui_tutorial.py
[2025-02-20T11:41:04.650+0100] {logging_mixin.py:190} INFO - [2025-02-20T11:41:04.649+0100] {dag.py:3239} INFO - Sync 1 DAGs
[2025-02-20T11:41:04.653+0100] {logging_mixin.py:190} INFO - [2025-02-20T11:41:04.653+0100] {dag.py:4180} INFO - Setting next_dagrun for example_params_ui_tutorial to None, run_after=None
[2025-02-20T11:41:04.660+0100] {processor.py:208} INFO - Processing /Users/ajlakorman/Desktop/Data-Mining-Projects/Apache_Airflow/venv/lib/python3.10/site-packages/airflow/example_dags/example_params_ui_tutorial.py took 0.102 seconds
[2025-02-20T12:19:24.019+0100] {processor.py:186} INFO - Started process (PID=12046) to work on /Users/ajlakorman/Desktop/Data-Mining-Projects/Apache_Airflow/venv/lib/python3.10/site-packages/airflow/example_dags/example_params_ui_tutorial.py
[2025-02-20T12:19:24.020+0100] {processor.py:914} INFO - Processing file /Users/ajlakorman/Desktop/Data-Mining-Projects/Apache_Airflow/venv/lib/python3.10/site-packages/airflow/example_dags/example_params_ui_tutorial.py for tasks to queue
[2025-02-20T12:19:24.020+0100] {logging_mixin.py:190} INFO - [2025-02-20T12:19:24.020+0100] {dagbag.py:588} INFO - Filling up the DagBag from /Users/ajlakorman/Desktop/Data-Mining-Projects/Apache_Airflow/venv/lib/python3.10/site-packages/airflow/example_dags/example_params_ui_tutorial.py
[2025-02-20T12:19:24.037+0100] {processor.py:925} INFO - DAG(s) 'example_params_ui_tutorial' retrieved from /Users/ajlakorman/Desktop/Data-Mining-Projects/Apache_Airflow/venv/lib/python3.10/site-packages/airflow/example_dags/example_params_ui_tutorial.py
[2025-02-20T12:19:24.112+0100] {logging_mixin.py:190} INFO - [2025-02-20T12:19:24.112+0100] {dag.py:3239} INFO - Sync 1 DAGs
[2025-02-20T12:19:24.116+0100] {logging_mixin.py:190} INFO - [2025-02-20T12:19:24.116+0100] {dag.py:4180} INFO - Setting next_dagrun for example_params_ui_tutorial to None, run_after=None
[2025-02-20T12:19:24.123+0100] {processor.py:208} INFO - Processing /Users/ajlakorman/Desktop/Data-Mining-Projects/Apache_Airflow/venv/lib/python3.10/site-packages/airflow/example_dags/example_params_ui_tutorial.py took 0.106 seconds
[2025-02-20T12:21:04.155+0100] {processor.py:186} INFO - Started process (PID=12174) to work on /Users/ajlakorman/Desktop/Data-Mining-Projects/Apache_Airflow/venv/lib/python3.10/site-packages/airflow/example_dags/example_params_ui_tutorial.py
[2025-02-20T12:21:04.156+0100] {processor.py:914} INFO - Processing file /Users/ajlakorman/Desktop/Data-Mining-Projects/Apache_Airflow/venv/lib/python3.10/site-packages/airflow/example_dags/example_params_ui_tutorial.py for tasks to queue
[2025-02-20T12:21:04.156+0100] {logging_mixin.py:190} INFO - [2025-02-20T12:21:04.156+0100] {dagbag.py:588} INFO - Filling up the DagBag from /Users/ajlakorman/Desktop/Data-Mining-Projects/Apache_Airflow/venv/lib/python3.10/site-packages/airflow/example_dags/example_params_ui_tutorial.py
[2025-02-20T12:21:04.173+0100] {processor.py:925} INFO - DAG(s) 'example_params_ui_tutorial' retrieved from /Users/ajlakorman/Desktop/Data-Mining-Projects/Apache_Airflow/venv/lib/python3.10/site-packages/airflow/example_dags/example_params_ui_tutorial.py
[2025-02-20T12:21:04.254+0100] {logging_mixin.py:190} INFO - [2025-02-20T12:21:04.254+0100] {dag.py:3239} INFO - Sync 1 DAGs
[2025-02-20T12:21:04.258+0100] {logging_mixin.py:190} INFO - [2025-02-20T12:21:04.258+0100] {dag.py:4180} INFO - Setting next_dagrun for example_params_ui_tutorial to None, run_after=None
[2025-02-20T12:21:04.266+0100] {processor.py:208} INFO - Processing /Users/ajlakorman/Desktop/Data-Mining-Projects/Apache_Airflow/venv/lib/python3.10/site-packages/airflow/example_dags/example_params_ui_tutorial.py took 0.113 seconds
[2025-02-20T12:23:40.860+0100] {processor.py:186} INFO - Started process (PID=12451) to work on /Users/ajlakorman/Desktop/Data-Mining-Projects/Apache_Airflow/venv/lib/python3.10/site-packages/airflow/example_dags/example_params_ui_tutorial.py
[2025-02-20T12:23:40.860+0100] {processor.py:914} INFO - Processing file /Users/ajlakorman/Desktop/Data-Mining-Projects/Apache_Airflow/venv/lib/python3.10/site-packages/airflow/example_dags/example_params_ui_tutorial.py for tasks to queue
[2025-02-20T12:23:40.861+0100] {logging_mixin.py:190} INFO - [2025-02-20T12:23:40.861+0100] {dagbag.py:588} INFO - Filling up the DagBag from /Users/ajlakorman/Desktop/Data-Mining-Projects/Apache_Airflow/venv/lib/python3.10/site-packages/airflow/example_dags/example_params_ui_tutorial.py
[2025-02-20T12:23:40.880+0100] {processor.py:925} INFO - DAG(s) 'example_params_ui_tutorial' retrieved from /Users/ajlakorman/Desktop/Data-Mining-Projects/Apache_Airflow/venv/lib/python3.10/site-packages/airflow/example_dags/example_params_ui_tutorial.py
[2025-02-20T12:23:41.000+0100] {logging_mixin.py:190} INFO - [2025-02-20T12:23:41.000+0100] {dag.py:3239} INFO - Sync 1 DAGs
[2025-02-20T12:23:41.019+0100] {logging_mixin.py:190} INFO - [2025-02-20T12:23:41.017+0100] {dag.py:4180} INFO - Setting next_dagrun for example_params_ui_tutorial to None, run_after=None
[2025-02-20T12:23:41.030+0100] {processor.py:208} INFO - Processing /Users/ajlakorman/Desktop/Data-Mining-Projects/Apache_Airflow/venv/lib/python3.10/site-packages/airflow/example_dags/example_params_ui_tutorial.py took 0.173 seconds
[2025-02-20T12:26:06.185+0100] {processor.py:186} INFO - Started process (PID=12726) to work on /Users/ajlakorman/Desktop/Data-Mining-Projects/Apache_Airflow/venv/lib/python3.10/site-packages/airflow/example_dags/example_params_ui_tutorial.py
[2025-02-20T12:26:06.186+0100] {processor.py:914} INFO - Processing file /Users/ajlakorman/Desktop/Data-Mining-Projects/Apache_Airflow/venv/lib/python3.10/site-packages/airflow/example_dags/example_params_ui_tutorial.py for tasks to queue
[2025-02-20T12:26:06.187+0100] {logging_mixin.py:190} INFO - [2025-02-20T12:26:06.187+0100] {dagbag.py:588} INFO - Filling up the DagBag from /Users/ajlakorman/Desktop/Data-Mining-Projects/Apache_Airflow/venv/lib/python3.10/site-packages/airflow/example_dags/example_params_ui_tutorial.py
[2025-02-20T12:26:06.203+0100] {processor.py:925} INFO - DAG(s) 'example_params_ui_tutorial' retrieved from /Users/ajlakorman/Desktop/Data-Mining-Projects/Apache_Airflow/venv/lib/python3.10/site-packages/airflow/example_dags/example_params_ui_tutorial.py
[2025-02-20T12:26:06.306+0100] {logging_mixin.py:190} INFO - [2025-02-20T12:26:06.306+0100] {dag.py:3239} INFO - Sync 1 DAGs
[2025-02-20T12:26:06.312+0100] {logging_mixin.py:190} INFO - [2025-02-20T12:26:06.312+0100] {dag.py:4180} INFO - Setting next_dagrun for example_params_ui_tutorial to None, run_after=None
[2025-02-20T12:26:06.320+0100] {processor.py:208} INFO - Processing /Users/ajlakorman/Desktop/Data-Mining-Projects/Apache_Airflow/venv/lib/python3.10/site-packages/airflow/example_dags/example_params_ui_tutorial.py took 0.136 seconds
[2025-02-20T12:28:40.724+0100] {processor.py:186} INFO - Started process (PID=13051) to work on /Users/ajlakorman/Desktop/Data-Mining-Projects/Apache_Airflow/venv/lib/python3.10/site-packages/airflow/example_dags/example_params_ui_tutorial.py
[2025-02-20T12:28:40.724+0100] {processor.py:914} INFO - Processing file /Users/ajlakorman/Desktop/Data-Mining-Projects/Apache_Airflow/venv/lib/python3.10/site-packages/airflow/example_dags/example_params_ui_tutorial.py for tasks to queue
[2025-02-20T12:28:40.725+0100] {logging_mixin.py:190} INFO - [2025-02-20T12:28:40.725+0100] {dagbag.py:588} INFO - Filling up the DagBag from /Users/ajlakorman/Desktop/Data-Mining-Projects/Apache_Airflow/venv/lib/python3.10/site-packages/airflow/example_dags/example_params_ui_tutorial.py
[2025-02-20T12:28:40.742+0100] {processor.py:925} INFO - DAG(s) 'example_params_ui_tutorial' retrieved from /Users/ajlakorman/Desktop/Data-Mining-Projects/Apache_Airflow/venv/lib/python3.10/site-packages/airflow/example_dags/example_params_ui_tutorial.py
[2025-02-20T12:28:40.829+0100] {logging_mixin.py:190} INFO - [2025-02-20T12:28:40.829+0100] {dag.py:3239} INFO - Sync 1 DAGs
[2025-02-20T12:28:40.834+0100] {logging_mixin.py:190} INFO - [2025-02-20T12:28:40.833+0100] {dag.py:4180} INFO - Setting next_dagrun for example_params_ui_tutorial to None, run_after=None
[2025-02-20T12:28:40.841+0100] {processor.py:208} INFO - Processing /Users/ajlakorman/Desktop/Data-Mining-Projects/Apache_Airflow/venv/lib/python3.10/site-packages/airflow/example_dags/example_params_ui_tutorial.py took 0.119 seconds
[2025-02-20T12:31:03.328+0100] {processor.py:186} INFO - Started process (PID=13360) to work on /Users/ajlakorman/Desktop/Data-Mining-Projects/Apache_Airflow/venv/lib/python3.10/site-packages/airflow/example_dags/example_params_ui_tutorial.py
[2025-02-20T12:31:03.329+0100] {processor.py:914} INFO - Processing file /Users/ajlakorman/Desktop/Data-Mining-Projects/Apache_Airflow/venv/lib/python3.10/site-packages/airflow/example_dags/example_params_ui_tutorial.py for tasks to queue
[2025-02-20T12:31:03.329+0100] {logging_mixin.py:190} INFO - [2025-02-20T12:31:03.329+0100] {dagbag.py:588} INFO - Filling up the DagBag from /Users/ajlakorman/Desktop/Data-Mining-Projects/Apache_Airflow/venv/lib/python3.10/site-packages/airflow/example_dags/example_params_ui_tutorial.py
[2025-02-20T12:31:03.345+0100] {processor.py:925} INFO - DAG(s) 'example_params_ui_tutorial' retrieved from /Users/ajlakorman/Desktop/Data-Mining-Projects/Apache_Airflow/venv/lib/python3.10/site-packages/airflow/example_dags/example_params_ui_tutorial.py
[2025-02-20T12:31:03.417+0100] {logging_mixin.py:190} INFO - [2025-02-20T12:31:03.417+0100] {dag.py:3239} INFO - Sync 1 DAGs
[2025-02-20T12:31:03.421+0100] {logging_mixin.py:190} INFO - [2025-02-20T12:31:03.421+0100] {dag.py:4180} INFO - Setting next_dagrun for example_params_ui_tutorial to None, run_after=None
[2025-02-20T12:31:03.428+0100] {processor.py:208} INFO - Processing /Users/ajlakorman/Desktop/Data-Mining-Projects/Apache_Airflow/venv/lib/python3.10/site-packages/airflow/example_dags/example_params_ui_tutorial.py took 0.101 seconds
[2025-02-20T12:33:40.802+0100] {processor.py:186} INFO - Started process (PID=13698) to work on /Users/ajlakorman/Desktop/Data-Mining-Projects/Apache_Airflow/venv/lib/python3.10/site-packages/airflow/example_dags/example_params_ui_tutorial.py
[2025-02-20T12:33:40.803+0100] {processor.py:914} INFO - Processing file /Users/ajlakorman/Desktop/Data-Mining-Projects/Apache_Airflow/venv/lib/python3.10/site-packages/airflow/example_dags/example_params_ui_tutorial.py for tasks to queue
[2025-02-20T12:33:40.804+0100] {logging_mixin.py:190} INFO - [2025-02-20T12:33:40.804+0100] {dagbag.py:588} INFO - Filling up the DagBag from /Users/ajlakorman/Desktop/Data-Mining-Projects/Apache_Airflow/venv/lib/python3.10/site-packages/airflow/example_dags/example_params_ui_tutorial.py
[2025-02-20T12:33:40.820+0100] {processor.py:925} INFO - DAG(s) 'example_params_ui_tutorial' retrieved from /Users/ajlakorman/Desktop/Data-Mining-Projects/Apache_Airflow/venv/lib/python3.10/site-packages/airflow/example_dags/example_params_ui_tutorial.py
[2025-02-20T12:33:40.893+0100] {logging_mixin.py:190} INFO - [2025-02-20T12:33:40.893+0100] {dag.py:3239} INFO - Sync 1 DAGs
[2025-02-20T12:33:40.897+0100] {logging_mixin.py:190} INFO - [2025-02-20T12:33:40.897+0100] {dag.py:4180} INFO - Setting next_dagrun for example_params_ui_tutorial to None, run_after=None
[2025-02-20T12:33:40.904+0100] {processor.py:208} INFO - Processing /Users/ajlakorman/Desktop/Data-Mining-Projects/Apache_Airflow/venv/lib/python3.10/site-packages/airflow/example_dags/example_params_ui_tutorial.py took 0.103 seconds
[2025-02-20T12:36:16.340+0100] {processor.py:186} INFO - Started process (PID=14052) to work on /Users/ajlakorman/Desktop/Data-Mining-Projects/Apache_Airflow/venv/lib/python3.10/site-packages/airflow/example_dags/example_params_ui_tutorial.py
[2025-02-20T12:36:16.341+0100] {processor.py:914} INFO - Processing file /Users/ajlakorman/Desktop/Data-Mining-Projects/Apache_Airflow/venv/lib/python3.10/site-packages/airflow/example_dags/example_params_ui_tutorial.py for tasks to queue
[2025-02-20T12:36:16.341+0100] {logging_mixin.py:190} INFO - [2025-02-20T12:36:16.341+0100] {dagbag.py:588} INFO - Filling up the DagBag from /Users/ajlakorman/Desktop/Data-Mining-Projects/Apache_Airflow/venv/lib/python3.10/site-packages/airflow/example_dags/example_params_ui_tutorial.py
[2025-02-20T12:36:16.357+0100] {processor.py:925} INFO - DAG(s) 'example_params_ui_tutorial' retrieved from /Users/ajlakorman/Desktop/Data-Mining-Projects/Apache_Airflow/venv/lib/python3.10/site-packages/airflow/example_dags/example_params_ui_tutorial.py
[2025-02-20T12:36:16.430+0100] {logging_mixin.py:190} INFO - [2025-02-20T12:36:16.430+0100] {dag.py:3239} INFO - Sync 1 DAGs
[2025-02-20T12:36:16.434+0100] {logging_mixin.py:190} INFO - [2025-02-20T12:36:16.434+0100] {dag.py:4180} INFO - Setting next_dagrun for example_params_ui_tutorial to None, run_after=None
[2025-02-20T12:36:16.440+0100] {processor.py:208} INFO - Processing /Users/ajlakorman/Desktop/Data-Mining-Projects/Apache_Airflow/venv/lib/python3.10/site-packages/airflow/example_dags/example_params_ui_tutorial.py took 0.102 seconds
[2025-02-20T12:38:45.622+0100] {processor.py:186} INFO - Started process (PID=14416) to work on /Users/ajlakorman/Desktop/Data-Mining-Projects/Apache_Airflow/venv/lib/python3.10/site-packages/airflow/example_dags/example_params_ui_tutorial.py
[2025-02-20T12:38:45.623+0100] {processor.py:914} INFO - Processing file /Users/ajlakorman/Desktop/Data-Mining-Projects/Apache_Airflow/venv/lib/python3.10/site-packages/airflow/example_dags/example_params_ui_tutorial.py for tasks to queue
[2025-02-20T12:38:45.623+0100] {logging_mixin.py:190} INFO - [2025-02-20T12:38:45.623+0100] {dagbag.py:588} INFO - Filling up the DagBag from /Users/ajlakorman/Desktop/Data-Mining-Projects/Apache_Airflow/venv/lib/python3.10/site-packages/airflow/example_dags/example_params_ui_tutorial.py
[2025-02-20T12:38:45.639+0100] {processor.py:925} INFO - DAG(s) 'example_params_ui_tutorial' retrieved from /Users/ajlakorman/Desktop/Data-Mining-Projects/Apache_Airflow/venv/lib/python3.10/site-packages/airflow/example_dags/example_params_ui_tutorial.py
[2025-02-20T12:38:45.710+0100] {logging_mixin.py:190} INFO - [2025-02-20T12:38:45.710+0100] {dag.py:3239} INFO - Sync 1 DAGs
[2025-02-20T12:38:45.714+0100] {logging_mixin.py:190} INFO - [2025-02-20T12:38:45.714+0100] {dag.py:4180} INFO - Setting next_dagrun for example_params_ui_tutorial to None, run_after=None
[2025-02-20T12:38:45.720+0100] {processor.py:208} INFO - Processing /Users/ajlakorman/Desktop/Data-Mining-Projects/Apache_Airflow/venv/lib/python3.10/site-packages/airflow/example_dags/example_params_ui_tutorial.py took 0.100 seconds
[2025-02-20T12:56:52.969+0100] {processor.py:186} INFO - Started process (PID=14822) to work on /Users/ajlakorman/Desktop/Data-Mining-Projects/Apache_Airflow/venv/lib/python3.10/site-packages/airflow/example_dags/example_params_ui_tutorial.py
[2025-02-20T12:56:52.970+0100] {processor.py:914} INFO - Processing file /Users/ajlakorman/Desktop/Data-Mining-Projects/Apache_Airflow/venv/lib/python3.10/site-packages/airflow/example_dags/example_params_ui_tutorial.py for tasks to queue
[2025-02-20T12:56:52.970+0100] {logging_mixin.py:190} INFO - [2025-02-20T12:56:52.970+0100] {dagbag.py:588} INFO - Filling up the DagBag from /Users/ajlakorman/Desktop/Data-Mining-Projects/Apache_Airflow/venv/lib/python3.10/site-packages/airflow/example_dags/example_params_ui_tutorial.py
[2025-02-20T12:56:52.986+0100] {processor.py:925} INFO - DAG(s) 'example_params_ui_tutorial' retrieved from /Users/ajlakorman/Desktop/Data-Mining-Projects/Apache_Airflow/venv/lib/python3.10/site-packages/airflow/example_dags/example_params_ui_tutorial.py
[2025-02-20T12:56:53.083+0100] {logging_mixin.py:190} INFO - [2025-02-20T12:56:53.083+0100] {dag.py:3239} INFO - Sync 1 DAGs
[2025-02-20T12:56:53.088+0100] {logging_mixin.py:190} INFO - [2025-02-20T12:56:53.087+0100] {dag.py:4180} INFO - Setting next_dagrun for example_params_ui_tutorial to None, run_after=None
[2025-02-20T12:56:53.095+0100] {processor.py:208} INFO - Processing /Users/ajlakorman/Desktop/Data-Mining-Projects/Apache_Airflow/venv/lib/python3.10/site-packages/airflow/example_dags/example_params_ui_tutorial.py took 0.127 seconds
[2025-02-20T12:59:47.421+0100] {processor.py:186} INFO - Started process (PID=15086) to work on /Users/ajlakorman/Desktop/Data-Mining-Projects/Apache_Airflow/venv/lib/python3.10/site-packages/airflow/example_dags/example_params_ui_tutorial.py
[2025-02-20T12:59:47.423+0100] {processor.py:914} INFO - Processing file /Users/ajlakorman/Desktop/Data-Mining-Projects/Apache_Airflow/venv/lib/python3.10/site-packages/airflow/example_dags/example_params_ui_tutorial.py for tasks to queue
[2025-02-20T12:59:47.423+0100] {logging_mixin.py:190} INFO - [2025-02-20T12:59:47.423+0100] {dagbag.py:588} INFO - Filling up the DagBag from /Users/ajlakorman/Desktop/Data-Mining-Projects/Apache_Airflow/venv/lib/python3.10/site-packages/airflow/example_dags/example_params_ui_tutorial.py
[2025-02-20T12:59:47.442+0100] {processor.py:925} INFO - DAG(s) 'example_params_ui_tutorial' retrieved from /Users/ajlakorman/Desktop/Data-Mining-Projects/Apache_Airflow/venv/lib/python3.10/site-packages/airflow/example_dags/example_params_ui_tutorial.py
[2025-02-20T12:59:47.524+0100] {logging_mixin.py:190} INFO - [2025-02-20T12:59:47.524+0100] {dag.py:3239} INFO - Sync 1 DAGs
[2025-02-20T12:59:47.528+0100] {logging_mixin.py:190} INFO - [2025-02-20T12:59:47.528+0100] {dag.py:4180} INFO - Setting next_dagrun for example_params_ui_tutorial to None, run_after=None
[2025-02-20T12:59:47.535+0100] {processor.py:208} INFO - Processing /Users/ajlakorman/Desktop/Data-Mining-Projects/Apache_Airflow/venv/lib/python3.10/site-packages/airflow/example_dags/example_params_ui_tutorial.py took 0.116 seconds
[2025-02-20T13:02:27.612+0100] {processor.py:186} INFO - Started process (PID=15317) to work on /Users/ajlakorman/Desktop/Data-Mining-Projects/Apache_Airflow/venv/lib/python3.10/site-packages/airflow/example_dags/example_params_ui_tutorial.py
[2025-02-20T13:02:27.613+0100] {processor.py:914} INFO - Processing file /Users/ajlakorman/Desktop/Data-Mining-Projects/Apache_Airflow/venv/lib/python3.10/site-packages/airflow/example_dags/example_params_ui_tutorial.py for tasks to queue
[2025-02-20T13:02:27.614+0100] {logging_mixin.py:190} INFO - [2025-02-20T13:02:27.614+0100] {dagbag.py:588} INFO - Filling up the DagBag from /Users/ajlakorman/Desktop/Data-Mining-Projects/Apache_Airflow/venv/lib/python3.10/site-packages/airflow/example_dags/example_params_ui_tutorial.py
[2025-02-20T13:02:27.630+0100] {processor.py:925} INFO - DAG(s) 'example_params_ui_tutorial' retrieved from /Users/ajlakorman/Desktop/Data-Mining-Projects/Apache_Airflow/venv/lib/python3.10/site-packages/airflow/example_dags/example_params_ui_tutorial.py
[2025-02-20T13:02:27.702+0100] {logging_mixin.py:190} INFO - [2025-02-20T13:02:27.702+0100] {dag.py:3239} INFO - Sync 1 DAGs
[2025-02-20T13:02:27.706+0100] {logging_mixin.py:190} INFO - [2025-02-20T13:02:27.706+0100] {dag.py:4180} INFO - Setting next_dagrun for example_params_ui_tutorial to None, run_after=None
[2025-02-20T13:02:27.713+0100] {processor.py:208} INFO - Processing /Users/ajlakorman/Desktop/Data-Mining-Projects/Apache_Airflow/venv/lib/python3.10/site-packages/airflow/example_dags/example_params_ui_tutorial.py took 0.102 seconds
[2025-02-20T13:07:59.962+0100] {processor.py:186} INFO - Started process (PID=15636) to work on /Users/ajlakorman/Desktop/Data-Mining-Projects/Apache_Airflow/venv/lib/python3.10/site-packages/airflow/example_dags/example_params_ui_tutorial.py
[2025-02-20T13:07:59.964+0100] {processor.py:914} INFO - Processing file /Users/ajlakorman/Desktop/Data-Mining-Projects/Apache_Airflow/venv/lib/python3.10/site-packages/airflow/example_dags/example_params_ui_tutorial.py for tasks to queue
[2025-02-20T13:07:59.964+0100] {logging_mixin.py:190} INFO - [2025-02-20T13:07:59.964+0100] {dagbag.py:588} INFO - Filling up the DagBag from /Users/ajlakorman/Desktop/Data-Mining-Projects/Apache_Airflow/venv/lib/python3.10/site-packages/airflow/example_dags/example_params_ui_tutorial.py
[2025-02-20T13:07:59.987+0100] {processor.py:925} INFO - DAG(s) 'example_params_ui_tutorial' retrieved from /Users/ajlakorman/Desktop/Data-Mining-Projects/Apache_Airflow/venv/lib/python3.10/site-packages/airflow/example_dags/example_params_ui_tutorial.py
[2025-02-20T13:08:00.095+0100] {logging_mixin.py:190} INFO - [2025-02-20T13:08:00.095+0100] {dag.py:3239} INFO - Sync 1 DAGs
[2025-02-20T13:08:00.100+0100] {logging_mixin.py:190} INFO - [2025-02-20T13:08:00.100+0100] {dag.py:4180} INFO - Setting next_dagrun for example_params_ui_tutorial to None, run_after=None
[2025-02-20T13:08:00.111+0100] {processor.py:208} INFO - Processing /Users/ajlakorman/Desktop/Data-Mining-Projects/Apache_Airflow/venv/lib/python3.10/site-packages/airflow/example_dags/example_params_ui_tutorial.py took 0.150 seconds
[2025-02-20T13:10:47.271+0100] {processor.py:186} INFO - Started process (PID=16004) to work on /Users/ajlakorman/Desktop/Data-Mining-Projects/Apache_Airflow/venv/lib/python3.10/site-packages/airflow/example_dags/example_params_ui_tutorial.py
[2025-02-20T13:10:47.272+0100] {processor.py:914} INFO - Processing file /Users/ajlakorman/Desktop/Data-Mining-Projects/Apache_Airflow/venv/lib/python3.10/site-packages/airflow/example_dags/example_params_ui_tutorial.py for tasks to queue
[2025-02-20T13:10:47.272+0100] {logging_mixin.py:190} INFO - [2025-02-20T13:10:47.272+0100] {dagbag.py:588} INFO - Filling up the DagBag from /Users/ajlakorman/Desktop/Data-Mining-Projects/Apache_Airflow/venv/lib/python3.10/site-packages/airflow/example_dags/example_params_ui_tutorial.py
[2025-02-20T13:10:47.288+0100] {processor.py:925} INFO - DAG(s) 'example_params_ui_tutorial' retrieved from /Users/ajlakorman/Desktop/Data-Mining-Projects/Apache_Airflow/venv/lib/python3.10/site-packages/airflow/example_dags/example_params_ui_tutorial.py
[2025-02-20T13:10:47.362+0100] {logging_mixin.py:190} INFO - [2025-02-20T13:10:47.362+0100] {dag.py:3239} INFO - Sync 1 DAGs
[2025-02-20T13:10:47.366+0100] {logging_mixin.py:190} INFO - [2025-02-20T13:10:47.366+0100] {dag.py:4180} INFO - Setting next_dagrun for example_params_ui_tutorial to None, run_after=None
[2025-02-20T13:10:47.372+0100] {processor.py:208} INFO - Processing /Users/ajlakorman/Desktop/Data-Mining-Projects/Apache_Airflow/venv/lib/python3.10/site-packages/airflow/example_dags/example_params_ui_tutorial.py took 0.103 seconds
[2025-02-20T13:13:43.020+0100] {processor.py:186} INFO - Started process (PID=16267) to work on /Users/ajlakorman/Desktop/Data-Mining-Projects/Apache_Airflow/venv/lib/python3.10/site-packages/airflow/example_dags/example_params_ui_tutorial.py
[2025-02-20T13:13:43.020+0100] {processor.py:914} INFO - Processing file /Users/ajlakorman/Desktop/Data-Mining-Projects/Apache_Airflow/venv/lib/python3.10/site-packages/airflow/example_dags/example_params_ui_tutorial.py for tasks to queue
[2025-02-20T13:13:43.022+0100] {logging_mixin.py:190} INFO - [2025-02-20T13:13:43.022+0100] {dagbag.py:588} INFO - Filling up the DagBag from /Users/ajlakorman/Desktop/Data-Mining-Projects/Apache_Airflow/venv/lib/python3.10/site-packages/airflow/example_dags/example_params_ui_tutorial.py
[2025-02-20T13:13:43.073+0100] {processor.py:925} INFO - DAG(s) 'example_params_ui_tutorial' retrieved from /Users/ajlakorman/Desktop/Data-Mining-Projects/Apache_Airflow/venv/lib/python3.10/site-packages/airflow/example_dags/example_params_ui_tutorial.py
[2025-02-20T13:13:43.231+0100] {logging_mixin.py:190} INFO - [2025-02-20T13:13:43.230+0100] {dag.py:3239} INFO - Sync 1 DAGs
[2025-02-20T13:13:43.238+0100] {logging_mixin.py:190} INFO - [2025-02-20T13:13:43.238+0100] {dag.py:4180} INFO - Setting next_dagrun for example_params_ui_tutorial to None, run_after=None
[2025-02-20T13:13:43.247+0100] {processor.py:208} INFO - Processing /Users/ajlakorman/Desktop/Data-Mining-Projects/Apache_Airflow/venv/lib/python3.10/site-packages/airflow/example_dags/example_params_ui_tutorial.py took 0.232 seconds
[2025-02-20T13:16:40.545+0100] {processor.py:186} INFO - Started process (PID=16599) to work on /Users/ajlakorman/Desktop/Data-Mining-Projects/Apache_Airflow/venv/lib/python3.10/site-packages/airflow/example_dags/example_params_ui_tutorial.py
[2025-02-20T13:16:40.545+0100] {processor.py:914} INFO - Processing file /Users/ajlakorman/Desktop/Data-Mining-Projects/Apache_Airflow/venv/lib/python3.10/site-packages/airflow/example_dags/example_params_ui_tutorial.py for tasks to queue
[2025-02-20T13:16:40.546+0100] {logging_mixin.py:190} INFO - [2025-02-20T13:16:40.546+0100] {dagbag.py:588} INFO - Filling up the DagBag from /Users/ajlakorman/Desktop/Data-Mining-Projects/Apache_Airflow/venv/lib/python3.10/site-packages/airflow/example_dags/example_params_ui_tutorial.py
[2025-02-20T13:16:40.564+0100] {processor.py:925} INFO - DAG(s) 'example_params_ui_tutorial' retrieved from /Users/ajlakorman/Desktop/Data-Mining-Projects/Apache_Airflow/venv/lib/python3.10/site-packages/airflow/example_dags/example_params_ui_tutorial.py
[2025-02-20T13:16:40.649+0100] {logging_mixin.py:190} INFO - [2025-02-20T13:16:40.649+0100] {dag.py:3239} INFO - Sync 1 DAGs
[2025-02-20T13:16:40.660+0100] {logging_mixin.py:190} INFO - [2025-02-20T13:16:40.659+0100] {dag.py:4180} INFO - Setting next_dagrun for example_params_ui_tutorial to None, run_after=None
[2025-02-20T13:16:40.673+0100] {processor.py:208} INFO - Processing /Users/ajlakorman/Desktop/Data-Mining-Projects/Apache_Airflow/venv/lib/python3.10/site-packages/airflow/example_dags/example_params_ui_tutorial.py took 0.130 seconds
[2025-02-20T13:19:50.591+0100] {processor.py:186} INFO - Started process (PID=16960) to work on /Users/ajlakorman/Desktop/Data-Mining-Projects/Apache_Airflow/venv/lib/python3.10/site-packages/airflow/example_dags/example_params_ui_tutorial.py
[2025-02-20T13:19:50.592+0100] {processor.py:914} INFO - Processing file /Users/ajlakorman/Desktop/Data-Mining-Projects/Apache_Airflow/venv/lib/python3.10/site-packages/airflow/example_dags/example_params_ui_tutorial.py for tasks to queue
[2025-02-20T13:19:50.593+0100] {logging_mixin.py:190} INFO - [2025-02-20T13:19:50.593+0100] {dagbag.py:588} INFO - Filling up the DagBag from /Users/ajlakorman/Desktop/Data-Mining-Projects/Apache_Airflow/venv/lib/python3.10/site-packages/airflow/example_dags/example_params_ui_tutorial.py
[2025-02-20T13:19:50.608+0100] {processor.py:925} INFO - DAG(s) 'example_params_ui_tutorial' retrieved from /Users/ajlakorman/Desktop/Data-Mining-Projects/Apache_Airflow/venv/lib/python3.10/site-packages/airflow/example_dags/example_params_ui_tutorial.py
[2025-02-20T13:19:50.682+0100] {logging_mixin.py:190} INFO - [2025-02-20T13:19:50.682+0100] {dag.py:3239} INFO - Sync 1 DAGs
[2025-02-20T13:19:50.686+0100] {logging_mixin.py:190} INFO - [2025-02-20T13:19:50.686+0100] {dag.py:4180} INFO - Setting next_dagrun for example_params_ui_tutorial to None, run_after=None
[2025-02-20T13:19:50.693+0100] {processor.py:208} INFO - Processing /Users/ajlakorman/Desktop/Data-Mining-Projects/Apache_Airflow/venv/lib/python3.10/site-packages/airflow/example_dags/example_params_ui_tutorial.py took 0.103 seconds
[2025-02-20T13:22:43.078+0100] {processor.py:186} INFO - Started process (PID=17286) to work on /Users/ajlakorman/Desktop/Data-Mining-Projects/Apache_Airflow/venv/lib/python3.10/site-packages/airflow/example_dags/example_params_ui_tutorial.py
[2025-02-20T13:22:43.080+0100] {processor.py:914} INFO - Processing file /Users/ajlakorman/Desktop/Data-Mining-Projects/Apache_Airflow/venv/lib/python3.10/site-packages/airflow/example_dags/example_params_ui_tutorial.py for tasks to queue
[2025-02-20T13:22:43.081+0100] {logging_mixin.py:190} INFO - [2025-02-20T13:22:43.081+0100] {dagbag.py:588} INFO - Filling up the DagBag from /Users/ajlakorman/Desktop/Data-Mining-Projects/Apache_Airflow/venv/lib/python3.10/site-packages/airflow/example_dags/example_params_ui_tutorial.py
[2025-02-20T13:22:43.140+0100] {processor.py:925} INFO - DAG(s) 'example_params_ui_tutorial' retrieved from /Users/ajlakorman/Desktop/Data-Mining-Projects/Apache_Airflow/venv/lib/python3.10/site-packages/airflow/example_dags/example_params_ui_tutorial.py
[2025-02-20T13:22:43.324+0100] {logging_mixin.py:190} INFO - [2025-02-20T13:22:43.324+0100] {dag.py:3239} INFO - Sync 1 DAGs
[2025-02-20T13:22:43.328+0100] {logging_mixin.py:190} INFO - [2025-02-20T13:22:43.328+0100] {dag.py:4180} INFO - Setting next_dagrun for example_params_ui_tutorial to None, run_after=None
[2025-02-20T13:22:43.335+0100] {processor.py:208} INFO - Processing /Users/ajlakorman/Desktop/Data-Mining-Projects/Apache_Airflow/venv/lib/python3.10/site-packages/airflow/example_dags/example_params_ui_tutorial.py took 0.262 seconds
[2025-02-20T13:25:19.257+0100] {processor.py:186} INFO - Started process (PID=17512) to work on /Users/ajlakorman/Desktop/Data-Mining-Projects/Apache_Airflow/venv/lib/python3.10/site-packages/airflow/example_dags/example_params_ui_tutorial.py
[2025-02-20T13:25:19.258+0100] {processor.py:914} INFO - Processing file /Users/ajlakorman/Desktop/Data-Mining-Projects/Apache_Airflow/venv/lib/python3.10/site-packages/airflow/example_dags/example_params_ui_tutorial.py for tasks to queue
[2025-02-20T13:25:19.259+0100] {logging_mixin.py:190} INFO - [2025-02-20T13:25:19.259+0100] {dagbag.py:588} INFO - Filling up the DagBag from /Users/ajlakorman/Desktop/Data-Mining-Projects/Apache_Airflow/venv/lib/python3.10/site-packages/airflow/example_dags/example_params_ui_tutorial.py
[2025-02-20T13:25:19.275+0100] {processor.py:925} INFO - DAG(s) 'example_params_ui_tutorial' retrieved from /Users/ajlakorman/Desktop/Data-Mining-Projects/Apache_Airflow/venv/lib/python3.10/site-packages/airflow/example_dags/example_params_ui_tutorial.py
[2025-02-20T13:25:19.348+0100] {logging_mixin.py:190} INFO - [2025-02-20T13:25:19.348+0100] {dag.py:3239} INFO - Sync 1 DAGs
[2025-02-20T13:25:19.352+0100] {logging_mixin.py:190} INFO - [2025-02-20T13:25:19.352+0100] {dag.py:4180} INFO - Setting next_dagrun for example_params_ui_tutorial to None, run_after=None
[2025-02-20T13:25:19.358+0100] {processor.py:208} INFO - Processing /Users/ajlakorman/Desktop/Data-Mining-Projects/Apache_Airflow/venv/lib/python3.10/site-packages/airflow/example_dags/example_params_ui_tutorial.py took 0.103 seconds
[2025-02-20T13:27:58.959+0100] {processor.py:186} INFO - Started process (PID=17896) to work on /Users/ajlakorman/Desktop/Data-Mining-Projects/Apache_Airflow/venv/lib/python3.10/site-packages/airflow/example_dags/example_params_ui_tutorial.py
[2025-02-20T13:27:58.960+0100] {processor.py:914} INFO - Processing file /Users/ajlakorman/Desktop/Data-Mining-Projects/Apache_Airflow/venv/lib/python3.10/site-packages/airflow/example_dags/example_params_ui_tutorial.py for tasks to queue
[2025-02-20T13:27:58.961+0100] {logging_mixin.py:190} INFO - [2025-02-20T13:27:58.961+0100] {dagbag.py:588} INFO - Filling up the DagBag from /Users/ajlakorman/Desktop/Data-Mining-Projects/Apache_Airflow/venv/lib/python3.10/site-packages/airflow/example_dags/example_params_ui_tutorial.py
[2025-02-20T13:27:58.977+0100] {processor.py:925} INFO - DAG(s) 'example_params_ui_tutorial' retrieved from /Users/ajlakorman/Desktop/Data-Mining-Projects/Apache_Airflow/venv/lib/python3.10/site-packages/airflow/example_dags/example_params_ui_tutorial.py
[2025-02-20T13:27:59.053+0100] {logging_mixin.py:190} INFO - [2025-02-20T13:27:59.053+0100] {dag.py:3239} INFO - Sync 1 DAGs
[2025-02-20T13:27:59.057+0100] {logging_mixin.py:190} INFO - [2025-02-20T13:27:59.057+0100] {dag.py:4180} INFO - Setting next_dagrun for example_params_ui_tutorial to None, run_after=None
[2025-02-20T13:27:59.064+0100] {processor.py:208} INFO - Processing /Users/ajlakorman/Desktop/Data-Mining-Projects/Apache_Airflow/venv/lib/python3.10/site-packages/airflow/example_dags/example_params_ui_tutorial.py took 0.106 seconds
[2025-02-20T13:30:34.822+0100] {processor.py:186} INFO - Started process (PID=18096) to work on /Users/ajlakorman/Desktop/Data-Mining-Projects/Apache_Airflow/venv/lib/python3.10/site-packages/airflow/example_dags/example_params_ui_tutorial.py
[2025-02-20T13:30:34.822+0100] {processor.py:914} INFO - Processing file /Users/ajlakorman/Desktop/Data-Mining-Projects/Apache_Airflow/venv/lib/python3.10/site-packages/airflow/example_dags/example_params_ui_tutorial.py for tasks to queue
[2025-02-20T13:30:34.823+0100] {logging_mixin.py:190} INFO - [2025-02-20T13:30:34.823+0100] {dagbag.py:588} INFO - Filling up the DagBag from /Users/ajlakorman/Desktop/Data-Mining-Projects/Apache_Airflow/venv/lib/python3.10/site-packages/airflow/example_dags/example_params_ui_tutorial.py
[2025-02-20T13:30:34.839+0100] {processor.py:925} INFO - DAG(s) 'example_params_ui_tutorial' retrieved from /Users/ajlakorman/Desktop/Data-Mining-Projects/Apache_Airflow/venv/lib/python3.10/site-packages/airflow/example_dags/example_params_ui_tutorial.py
[2025-02-20T13:30:34.911+0100] {logging_mixin.py:190} INFO - [2025-02-20T13:30:34.911+0100] {dag.py:3239} INFO - Sync 1 DAGs
[2025-02-20T13:30:34.915+0100] {logging_mixin.py:190} INFO - [2025-02-20T13:30:34.915+0100] {dag.py:4180} INFO - Setting next_dagrun for example_params_ui_tutorial to None, run_after=None
[2025-02-20T13:30:34.921+0100] {processor.py:208} INFO - Processing /Users/ajlakorman/Desktop/Data-Mining-Projects/Apache_Airflow/venv/lib/python3.10/site-packages/airflow/example_dags/example_params_ui_tutorial.py took 0.101 seconds
[2025-02-20T13:33:16.956+0100] {processor.py:186} INFO - Started process (PID=18288) to work on /Users/ajlakorman/Desktop/Data-Mining-Projects/Apache_Airflow/venv/lib/python3.10/site-packages/airflow/example_dags/example_params_ui_tutorial.py
[2025-02-20T13:33:16.957+0100] {processor.py:914} INFO - Processing file /Users/ajlakorman/Desktop/Data-Mining-Projects/Apache_Airflow/venv/lib/python3.10/site-packages/airflow/example_dags/example_params_ui_tutorial.py for tasks to queue
[2025-02-20T13:33:16.958+0100] {logging_mixin.py:190} INFO - [2025-02-20T13:33:16.958+0100] {dagbag.py:588} INFO - Filling up the DagBag from /Users/ajlakorman/Desktop/Data-Mining-Projects/Apache_Airflow/venv/lib/python3.10/site-packages/airflow/example_dags/example_params_ui_tutorial.py
[2025-02-20T13:33:16.978+0100] {processor.py:925} INFO - DAG(s) 'example_params_ui_tutorial' retrieved from /Users/ajlakorman/Desktop/Data-Mining-Projects/Apache_Airflow/venv/lib/python3.10/site-packages/airflow/example_dags/example_params_ui_tutorial.py
[2025-02-20T13:33:17.051+0100] {logging_mixin.py:190} INFO - [2025-02-20T13:33:17.051+0100] {dag.py:3239} INFO - Sync 1 DAGs
[2025-02-20T13:33:17.055+0100] {logging_mixin.py:190} INFO - [2025-02-20T13:33:17.055+0100] {dag.py:4180} INFO - Setting next_dagrun for example_params_ui_tutorial to None, run_after=None
[2025-02-20T13:33:17.062+0100] {processor.py:208} INFO - Processing /Users/ajlakorman/Desktop/Data-Mining-Projects/Apache_Airflow/venv/lib/python3.10/site-packages/airflow/example_dags/example_params_ui_tutorial.py took 0.107 seconds
[2025-02-20T13:35:59.407+0100] {processor.py:186} INFO - Started process (PID=18601) to work on /Users/ajlakorman/Desktop/Data-Mining-Projects/Apache_Airflow/venv/lib/python3.10/site-packages/airflow/example_dags/example_params_ui_tutorial.py
[2025-02-20T13:35:59.408+0100] {processor.py:914} INFO - Processing file /Users/ajlakorman/Desktop/Data-Mining-Projects/Apache_Airflow/venv/lib/python3.10/site-packages/airflow/example_dags/example_params_ui_tutorial.py for tasks to queue
[2025-02-20T13:35:59.408+0100] {logging_mixin.py:190} INFO - [2025-02-20T13:35:59.408+0100] {dagbag.py:588} INFO - Filling up the DagBag from /Users/ajlakorman/Desktop/Data-Mining-Projects/Apache_Airflow/venv/lib/python3.10/site-packages/airflow/example_dags/example_params_ui_tutorial.py
[2025-02-20T13:35:59.428+0100] {processor.py:925} INFO - DAG(s) 'example_params_ui_tutorial' retrieved from /Users/ajlakorman/Desktop/Data-Mining-Projects/Apache_Airflow/venv/lib/python3.10/site-packages/airflow/example_dags/example_params_ui_tutorial.py
[2025-02-20T13:35:59.505+0100] {logging_mixin.py:190} INFO - [2025-02-20T13:35:59.505+0100] {dag.py:3239} INFO - Sync 1 DAGs
[2025-02-20T13:35:59.509+0100] {logging_mixin.py:190} INFO - [2025-02-20T13:35:59.509+0100] {dag.py:4180} INFO - Setting next_dagrun for example_params_ui_tutorial to None, run_after=None
[2025-02-20T13:35:59.515+0100] {processor.py:208} INFO - Processing /Users/ajlakorman/Desktop/Data-Mining-Projects/Apache_Airflow/venv/lib/python3.10/site-packages/airflow/example_dags/example_params_ui_tutorial.py took 0.110 seconds
[2025-02-20T13:38:38.787+0100] {processor.py:186} INFO - Started process (PID=18985) to work on /Users/ajlakorman/Desktop/Data-Mining-Projects/Apache_Airflow/venv/lib/python3.10/site-packages/airflow/example_dags/example_params_ui_tutorial.py
[2025-02-20T13:38:38.794+0100] {processor.py:914} INFO - Processing file /Users/ajlakorman/Desktop/Data-Mining-Projects/Apache_Airflow/venv/lib/python3.10/site-packages/airflow/example_dags/example_params_ui_tutorial.py for tasks to queue
[2025-02-20T13:38:38.795+0100] {logging_mixin.py:190} INFO - [2025-02-20T13:38:38.795+0100] {dagbag.py:588} INFO - Filling up the DagBag from /Users/ajlakorman/Desktop/Data-Mining-Projects/Apache_Airflow/venv/lib/python3.10/site-packages/airflow/example_dags/example_params_ui_tutorial.py
[2025-02-20T13:38:38.817+0100] {processor.py:925} INFO - DAG(s) 'example_params_ui_tutorial' retrieved from /Users/ajlakorman/Desktop/Data-Mining-Projects/Apache_Airflow/venv/lib/python3.10/site-packages/airflow/example_dags/example_params_ui_tutorial.py
[2025-02-20T13:38:38.895+0100] {logging_mixin.py:190} INFO - [2025-02-20T13:38:38.895+0100] {dag.py:3239} INFO - Sync 1 DAGs
[2025-02-20T13:38:38.899+0100] {logging_mixin.py:190} INFO - [2025-02-20T13:38:38.898+0100] {dag.py:4180} INFO - Setting next_dagrun for example_params_ui_tutorial to None, run_after=None
[2025-02-20T13:38:38.905+0100] {processor.py:208} INFO - Processing /Users/ajlakorman/Desktop/Data-Mining-Projects/Apache_Airflow/venv/lib/python3.10/site-packages/airflow/example_dags/example_params_ui_tutorial.py took 0.120 seconds
[2025-02-20T13:41:20.841+0100] {processor.py:186} INFO - Started process (PID=19473) to work on /Users/ajlakorman/Desktop/Data-Mining-Projects/Apache_Airflow/venv/lib/python3.10/site-packages/airflow/example_dags/example_params_ui_tutorial.py
[2025-02-20T13:41:20.842+0100] {processor.py:914} INFO - Processing file /Users/ajlakorman/Desktop/Data-Mining-Projects/Apache_Airflow/venv/lib/python3.10/site-packages/airflow/example_dags/example_params_ui_tutorial.py for tasks to queue
[2025-02-20T13:41:20.842+0100] {logging_mixin.py:190} INFO - [2025-02-20T13:41:20.842+0100] {dagbag.py:588} INFO - Filling up the DagBag from /Users/ajlakorman/Desktop/Data-Mining-Projects/Apache_Airflow/venv/lib/python3.10/site-packages/airflow/example_dags/example_params_ui_tutorial.py
[2025-02-20T13:41:20.858+0100] {processor.py:925} INFO - DAG(s) 'example_params_ui_tutorial' retrieved from /Users/ajlakorman/Desktop/Data-Mining-Projects/Apache_Airflow/venv/lib/python3.10/site-packages/airflow/example_dags/example_params_ui_tutorial.py
[2025-02-20T13:41:20.936+0100] {logging_mixin.py:190} INFO - [2025-02-20T13:41:20.936+0100] {dag.py:3239} INFO - Sync 1 DAGs
[2025-02-20T13:41:20.941+0100] {logging_mixin.py:190} INFO - [2025-02-20T13:41:20.941+0100] {dag.py:4180} INFO - Setting next_dagrun for example_params_ui_tutorial to None, run_after=None
[2025-02-20T13:41:20.951+0100] {processor.py:208} INFO - Processing /Users/ajlakorman/Desktop/Data-Mining-Projects/Apache_Airflow/venv/lib/python3.10/site-packages/airflow/example_dags/example_params_ui_tutorial.py took 0.112 seconds
[2025-02-20T13:44:21.213+0100] {processor.py:186} INFO - Started process (PID=19846) to work on /Users/ajlakorman/Desktop/Data-Mining-Projects/Apache_Airflow/venv/lib/python3.10/site-packages/airflow/example_dags/example_params_ui_tutorial.py
[2025-02-20T13:44:21.214+0100] {processor.py:914} INFO - Processing file /Users/ajlakorman/Desktop/Data-Mining-Projects/Apache_Airflow/venv/lib/python3.10/site-packages/airflow/example_dags/example_params_ui_tutorial.py for tasks to queue
[2025-02-20T13:44:21.215+0100] {logging_mixin.py:190} INFO - [2025-02-20T13:44:21.215+0100] {dagbag.py:588} INFO - Filling up the DagBag from /Users/ajlakorman/Desktop/Data-Mining-Projects/Apache_Airflow/venv/lib/python3.10/site-packages/airflow/example_dags/example_params_ui_tutorial.py
[2025-02-20T13:44:21.237+0100] {processor.py:925} INFO - DAG(s) 'example_params_ui_tutorial' retrieved from /Users/ajlakorman/Desktop/Data-Mining-Projects/Apache_Airflow/venv/lib/python3.10/site-packages/airflow/example_dags/example_params_ui_tutorial.py
[2025-02-20T13:44:21.329+0100] {logging_mixin.py:190} INFO - [2025-02-20T13:44:21.329+0100] {dag.py:3239} INFO - Sync 1 DAGs
[2025-02-20T13:44:21.334+0100] {logging_mixin.py:190} INFO - [2025-02-20T13:44:21.333+0100] {dag.py:4180} INFO - Setting next_dagrun for example_params_ui_tutorial to None, run_after=None
[2025-02-20T13:44:21.341+0100] {processor.py:208} INFO - Processing /Users/ajlakorman/Desktop/Data-Mining-Projects/Apache_Airflow/venv/lib/python3.10/site-packages/airflow/example_dags/example_params_ui_tutorial.py took 0.132 seconds
[2025-02-20T13:47:19.187+0100] {processor.py:186} INFO - Started process (PID=20424) to work on /Users/ajlakorman/Desktop/Data-Mining-Projects/Apache_Airflow/venv/lib/python3.10/site-packages/airflow/example_dags/example_params_ui_tutorial.py
[2025-02-20T13:47:19.187+0100] {processor.py:914} INFO - Processing file /Users/ajlakorman/Desktop/Data-Mining-Projects/Apache_Airflow/venv/lib/python3.10/site-packages/airflow/example_dags/example_params_ui_tutorial.py for tasks to queue
[2025-02-20T13:47:19.188+0100] {logging_mixin.py:190} INFO - [2025-02-20T13:47:19.188+0100] {dagbag.py:588} INFO - Filling up the DagBag from /Users/ajlakorman/Desktop/Data-Mining-Projects/Apache_Airflow/venv/lib/python3.10/site-packages/airflow/example_dags/example_params_ui_tutorial.py
[2025-02-20T13:47:19.204+0100] {processor.py:925} INFO - DAG(s) 'example_params_ui_tutorial' retrieved from /Users/ajlakorman/Desktop/Data-Mining-Projects/Apache_Airflow/venv/lib/python3.10/site-packages/airflow/example_dags/example_params_ui_tutorial.py
[2025-02-20T13:47:19.282+0100] {logging_mixin.py:190} INFO - [2025-02-20T13:47:19.282+0100] {dag.py:3239} INFO - Sync 1 DAGs
[2025-02-20T13:47:19.286+0100] {logging_mixin.py:190} INFO - [2025-02-20T13:47:19.286+0100] {dag.py:4180} INFO - Setting next_dagrun for example_params_ui_tutorial to None, run_after=None
[2025-02-20T13:47:19.293+0100] {processor.py:208} INFO - Processing /Users/ajlakorman/Desktop/Data-Mining-Projects/Apache_Airflow/venv/lib/python3.10/site-packages/airflow/example_dags/example_params_ui_tutorial.py took 0.108 seconds
[2025-02-20T13:50:15.831+0100] {processor.py:186} INFO - Started process (PID=20821) to work on /Users/ajlakorman/Desktop/Data-Mining-Projects/Apache_Airflow/venv/lib/python3.10/site-packages/airflow/example_dags/example_params_ui_tutorial.py
[2025-02-20T13:50:15.831+0100] {processor.py:914} INFO - Processing file /Users/ajlakorman/Desktop/Data-Mining-Projects/Apache_Airflow/venv/lib/python3.10/site-packages/airflow/example_dags/example_params_ui_tutorial.py for tasks to queue
[2025-02-20T13:50:15.832+0100] {logging_mixin.py:190} INFO - [2025-02-20T13:50:15.832+0100] {dagbag.py:588} INFO - Filling up the DagBag from /Users/ajlakorman/Desktop/Data-Mining-Projects/Apache_Airflow/venv/lib/python3.10/site-packages/airflow/example_dags/example_params_ui_tutorial.py
[2025-02-20T13:50:15.853+0100] {processor.py:925} INFO - DAG(s) 'example_params_ui_tutorial' retrieved from /Users/ajlakorman/Desktop/Data-Mining-Projects/Apache_Airflow/venv/lib/python3.10/site-packages/airflow/example_dags/example_params_ui_tutorial.py
[2025-02-20T13:50:15.941+0100] {logging_mixin.py:190} INFO - [2025-02-20T13:50:15.941+0100] {dag.py:3239} INFO - Sync 1 DAGs
[2025-02-20T13:50:15.946+0100] {logging_mixin.py:190} INFO - [2025-02-20T13:50:15.946+0100] {dag.py:4180} INFO - Setting next_dagrun for example_params_ui_tutorial to None, run_after=None
[2025-02-20T13:50:15.953+0100] {processor.py:208} INFO - Processing /Users/ajlakorman/Desktop/Data-Mining-Projects/Apache_Airflow/venv/lib/python3.10/site-packages/airflow/example_dags/example_params_ui_tutorial.py took 0.124 seconds
[2025-02-20T13:53:11.068+0100] {processor.py:186} INFO - Started process (PID=21077) to work on /Users/ajlakorman/Desktop/Data-Mining-Projects/Apache_Airflow/venv/lib/python3.10/site-packages/airflow/example_dags/example_params_ui_tutorial.py
[2025-02-20T13:53:11.069+0100] {processor.py:914} INFO - Processing file /Users/ajlakorman/Desktop/Data-Mining-Projects/Apache_Airflow/venv/lib/python3.10/site-packages/airflow/example_dags/example_params_ui_tutorial.py for tasks to queue
[2025-02-20T13:53:11.071+0100] {logging_mixin.py:190} INFO - [2025-02-20T13:53:11.070+0100] {dagbag.py:588} INFO - Filling up the DagBag from /Users/ajlakorman/Desktop/Data-Mining-Projects/Apache_Airflow/venv/lib/python3.10/site-packages/airflow/example_dags/example_params_ui_tutorial.py
[2025-02-20T13:53:11.098+0100] {processor.py:925} INFO - DAG(s) 'example_params_ui_tutorial' retrieved from /Users/ajlakorman/Desktop/Data-Mining-Projects/Apache_Airflow/venv/lib/python3.10/site-packages/airflow/example_dags/example_params_ui_tutorial.py
[2025-02-20T13:53:11.210+0100] {logging_mixin.py:190} INFO - [2025-02-20T13:53:11.210+0100] {dag.py:3239} INFO - Sync 1 DAGs
[2025-02-20T13:53:11.216+0100] {logging_mixin.py:190} INFO - [2025-02-20T13:53:11.216+0100] {dag.py:4180} INFO - Setting next_dagrun for example_params_ui_tutorial to None, run_after=None
[2025-02-20T13:53:11.224+0100] {processor.py:208} INFO - Processing /Users/ajlakorman/Desktop/Data-Mining-Projects/Apache_Airflow/venv/lib/python3.10/site-packages/airflow/example_dags/example_params_ui_tutorial.py took 0.159 seconds
[2025-02-20T13:56:03.510+0100] {processor.py:186} INFO - Started process (PID=21322) to work on /Users/ajlakorman/Desktop/Data-Mining-Projects/Apache_Airflow/venv/lib/python3.10/site-packages/airflow/example_dags/example_params_ui_tutorial.py
[2025-02-20T13:56:03.512+0100] {processor.py:914} INFO - Processing file /Users/ajlakorman/Desktop/Data-Mining-Projects/Apache_Airflow/venv/lib/python3.10/site-packages/airflow/example_dags/example_params_ui_tutorial.py for tasks to queue
[2025-02-20T13:56:03.512+0100] {logging_mixin.py:190} INFO - [2025-02-20T13:56:03.512+0100] {dagbag.py:588} INFO - Filling up the DagBag from /Users/ajlakorman/Desktop/Data-Mining-Projects/Apache_Airflow/venv/lib/python3.10/site-packages/airflow/example_dags/example_params_ui_tutorial.py
[2025-02-20T13:56:03.535+0100] {processor.py:925} INFO - DAG(s) 'example_params_ui_tutorial' retrieved from /Users/ajlakorman/Desktop/Data-Mining-Projects/Apache_Airflow/venv/lib/python3.10/site-packages/airflow/example_dags/example_params_ui_tutorial.py
[2025-02-20T13:56:03.620+0100] {logging_mixin.py:190} INFO - [2025-02-20T13:56:03.620+0100] {dag.py:3239} INFO - Sync 1 DAGs
[2025-02-20T13:56:03.624+0100] {logging_mixin.py:190} INFO - [2025-02-20T13:56:03.624+0100] {dag.py:4180} INFO - Setting next_dagrun for example_params_ui_tutorial to None, run_after=None
[2025-02-20T13:56:03.632+0100] {processor.py:208} INFO - Processing /Users/ajlakorman/Desktop/Data-Mining-Projects/Apache_Airflow/venv/lib/python3.10/site-packages/airflow/example_dags/example_params_ui_tutorial.py took 0.125 seconds
[2025-02-20T13:59:00.004+0100] {processor.py:186} INFO - Started process (PID=21564) to work on /Users/ajlakorman/Desktop/Data-Mining-Projects/Apache_Airflow/venv/lib/python3.10/site-packages/airflow/example_dags/example_params_ui_tutorial.py
[2025-02-20T13:59:00.005+0100] {processor.py:914} INFO - Processing file /Users/ajlakorman/Desktop/Data-Mining-Projects/Apache_Airflow/venv/lib/python3.10/site-packages/airflow/example_dags/example_params_ui_tutorial.py for tasks to queue
[2025-02-20T13:59:00.005+0100] {logging_mixin.py:190} INFO - [2025-02-20T13:59:00.005+0100] {dagbag.py:588} INFO - Filling up the DagBag from /Users/ajlakorman/Desktop/Data-Mining-Projects/Apache_Airflow/venv/lib/python3.10/site-packages/airflow/example_dags/example_params_ui_tutorial.py
[2025-02-20T13:59:00.023+0100] {processor.py:925} INFO - DAG(s) 'example_params_ui_tutorial' retrieved from /Users/ajlakorman/Desktop/Data-Mining-Projects/Apache_Airflow/venv/lib/python3.10/site-packages/airflow/example_dags/example_params_ui_tutorial.py
[2025-02-20T13:59:00.101+0100] {logging_mixin.py:190} INFO - [2025-02-20T13:59:00.101+0100] {dag.py:3239} INFO - Sync 1 DAGs
[2025-02-20T13:59:00.105+0100] {logging_mixin.py:190} INFO - [2025-02-20T13:59:00.105+0100] {dag.py:4180} INFO - Setting next_dagrun for example_params_ui_tutorial to None, run_after=None
[2025-02-20T13:59:00.112+0100] {processor.py:208} INFO - Processing /Users/ajlakorman/Desktop/Data-Mining-Projects/Apache_Airflow/venv/lib/python3.10/site-packages/airflow/example_dags/example_params_ui_tutorial.py took 0.110 seconds
[2025-02-20T14:01:58.413+0100] {processor.py:186} INFO - Started process (PID=22025) to work on /Users/ajlakorman/Desktop/Data-Mining-Projects/Apache_Airflow/venv/lib/python3.10/site-packages/airflow/example_dags/example_params_ui_tutorial.py
[2025-02-20T14:01:58.414+0100] {processor.py:914} INFO - Processing file /Users/ajlakorman/Desktop/Data-Mining-Projects/Apache_Airflow/venv/lib/python3.10/site-packages/airflow/example_dags/example_params_ui_tutorial.py for tasks to queue
[2025-02-20T14:01:58.414+0100] {logging_mixin.py:190} INFO - [2025-02-20T14:01:58.414+0100] {dagbag.py:588} INFO - Filling up the DagBag from /Users/ajlakorman/Desktop/Data-Mining-Projects/Apache_Airflow/venv/lib/python3.10/site-packages/airflow/example_dags/example_params_ui_tutorial.py
[2025-02-20T14:01:58.431+0100] {processor.py:925} INFO - DAG(s) 'example_params_ui_tutorial' retrieved from /Users/ajlakorman/Desktop/Data-Mining-Projects/Apache_Airflow/venv/lib/python3.10/site-packages/airflow/example_dags/example_params_ui_tutorial.py
[2025-02-20T14:01:58.503+0100] {logging_mixin.py:190} INFO - [2025-02-20T14:01:58.503+0100] {dag.py:3239} INFO - Sync 1 DAGs
[2025-02-20T14:01:58.507+0100] {logging_mixin.py:190} INFO - [2025-02-20T14:01:58.507+0100] {dag.py:4180} INFO - Setting next_dagrun for example_params_ui_tutorial to None, run_after=None
[2025-02-20T14:01:58.514+0100] {processor.py:208} INFO - Processing /Users/ajlakorman/Desktop/Data-Mining-Projects/Apache_Airflow/venv/lib/python3.10/site-packages/airflow/example_dags/example_params_ui_tutorial.py took 0.102 seconds
[2025-02-20T14:04:52.704+0100] {processor.py:186} INFO - Started process (PID=22356) to work on /Users/ajlakorman/Desktop/Data-Mining-Projects/Apache_Airflow/venv/lib/python3.10/site-packages/airflow/example_dags/example_params_ui_tutorial.py
[2025-02-20T14:04:52.705+0100] {processor.py:914} INFO - Processing file /Users/ajlakorman/Desktop/Data-Mining-Projects/Apache_Airflow/venv/lib/python3.10/site-packages/airflow/example_dags/example_params_ui_tutorial.py for tasks to queue
[2025-02-20T14:04:52.705+0100] {logging_mixin.py:190} INFO - [2025-02-20T14:04:52.705+0100] {dagbag.py:588} INFO - Filling up the DagBag from /Users/ajlakorman/Desktop/Data-Mining-Projects/Apache_Airflow/venv/lib/python3.10/site-packages/airflow/example_dags/example_params_ui_tutorial.py
[2025-02-20T14:04:52.722+0100] {processor.py:925} INFO - DAG(s) 'example_params_ui_tutorial' retrieved from /Users/ajlakorman/Desktop/Data-Mining-Projects/Apache_Airflow/venv/lib/python3.10/site-packages/airflow/example_dags/example_params_ui_tutorial.py
[2025-02-20T14:04:52.801+0100] {logging_mixin.py:190} INFO - [2025-02-20T14:04:52.801+0100] {dag.py:3239} INFO - Sync 1 DAGs
[2025-02-20T14:04:52.805+0100] {logging_mixin.py:190} INFO - [2025-02-20T14:04:52.805+0100] {dag.py:4180} INFO - Setting next_dagrun for example_params_ui_tutorial to None, run_after=None
[2025-02-20T14:04:52.812+0100] {processor.py:208} INFO - Processing /Users/ajlakorman/Desktop/Data-Mining-Projects/Apache_Airflow/venv/lib/python3.10/site-packages/airflow/example_dags/example_params_ui_tutorial.py took 0.111 seconds
[2025-02-20T14:07:53.856+0100] {processor.py:186} INFO - Started process (PID=22731) to work on /Users/ajlakorman/Desktop/Data-Mining-Projects/Apache_Airflow/venv/lib/python3.10/site-packages/airflow/example_dags/example_params_ui_tutorial.py
[2025-02-20T14:07:53.856+0100] {processor.py:914} INFO - Processing file /Users/ajlakorman/Desktop/Data-Mining-Projects/Apache_Airflow/venv/lib/python3.10/site-packages/airflow/example_dags/example_params_ui_tutorial.py for tasks to queue
[2025-02-20T14:07:53.857+0100] {logging_mixin.py:190} INFO - [2025-02-20T14:07:53.857+0100] {dagbag.py:588} INFO - Filling up the DagBag from /Users/ajlakorman/Desktop/Data-Mining-Projects/Apache_Airflow/venv/lib/python3.10/site-packages/airflow/example_dags/example_params_ui_tutorial.py
[2025-02-20T14:07:53.878+0100] {processor.py:925} INFO - DAG(s) 'example_params_ui_tutorial' retrieved from /Users/ajlakorman/Desktop/Data-Mining-Projects/Apache_Airflow/venv/lib/python3.10/site-packages/airflow/example_dags/example_params_ui_tutorial.py
[2025-02-20T14:07:53.954+0100] {logging_mixin.py:190} INFO - [2025-02-20T14:07:53.954+0100] {dag.py:3239} INFO - Sync 1 DAGs
[2025-02-20T14:07:53.958+0100] {logging_mixin.py:190} INFO - [2025-02-20T14:07:53.958+0100] {dag.py:4180} INFO - Setting next_dagrun for example_params_ui_tutorial to None, run_after=None
[2025-02-20T14:07:53.965+0100] {processor.py:208} INFO - Processing /Users/ajlakorman/Desktop/Data-Mining-Projects/Apache_Airflow/venv/lib/python3.10/site-packages/airflow/example_dags/example_params_ui_tutorial.py took 0.111 seconds
[2025-02-20T14:10:48.604+0100] {processor.py:186} INFO - Started process (PID=23072) to work on /Users/ajlakorman/Desktop/Data-Mining-Projects/Apache_Airflow/venv/lib/python3.10/site-packages/airflow/example_dags/example_params_ui_tutorial.py
[2025-02-20T14:10:48.605+0100] {processor.py:914} INFO - Processing file /Users/ajlakorman/Desktop/Data-Mining-Projects/Apache_Airflow/venv/lib/python3.10/site-packages/airflow/example_dags/example_params_ui_tutorial.py for tasks to queue
[2025-02-20T14:10:48.606+0100] {logging_mixin.py:190} INFO - [2025-02-20T14:10:48.606+0100] {dagbag.py:588} INFO - Filling up the DagBag from /Users/ajlakorman/Desktop/Data-Mining-Projects/Apache_Airflow/venv/lib/python3.10/site-packages/airflow/example_dags/example_params_ui_tutorial.py
[2025-02-20T14:10:48.622+0100] {processor.py:925} INFO - DAG(s) 'example_params_ui_tutorial' retrieved from /Users/ajlakorman/Desktop/Data-Mining-Projects/Apache_Airflow/venv/lib/python3.10/site-packages/airflow/example_dags/example_params_ui_tutorial.py
[2025-02-20T14:10:48.695+0100] {logging_mixin.py:190} INFO - [2025-02-20T14:10:48.695+0100] {dag.py:3239} INFO - Sync 1 DAGs
[2025-02-20T14:10:48.699+0100] {logging_mixin.py:190} INFO - [2025-02-20T14:10:48.699+0100] {dag.py:4180} INFO - Setting next_dagrun for example_params_ui_tutorial to None, run_after=None
[2025-02-20T14:10:48.705+0100] {processor.py:208} INFO - Processing /Users/ajlakorman/Desktop/Data-Mining-Projects/Apache_Airflow/venv/lib/python3.10/site-packages/airflow/example_dags/example_params_ui_tutorial.py took 0.102 seconds
[2025-02-20T14:13:52.342+0100] {processor.py:186} INFO - Started process (PID=23496) to work on /Users/ajlakorman/Desktop/Data-Mining-Projects/Apache_Airflow/venv/lib/python3.10/site-packages/airflow/example_dags/example_params_ui_tutorial.py
[2025-02-20T14:13:52.343+0100] {processor.py:914} INFO - Processing file /Users/ajlakorman/Desktop/Data-Mining-Projects/Apache_Airflow/venv/lib/python3.10/site-packages/airflow/example_dags/example_params_ui_tutorial.py for tasks to queue
[2025-02-20T14:13:52.344+0100] {logging_mixin.py:190} INFO - [2025-02-20T14:13:52.344+0100] {dagbag.py:588} INFO - Filling up the DagBag from /Users/ajlakorman/Desktop/Data-Mining-Projects/Apache_Airflow/venv/lib/python3.10/site-packages/airflow/example_dags/example_params_ui_tutorial.py
[2025-02-20T14:13:52.362+0100] {processor.py:925} INFO - DAG(s) 'example_params_ui_tutorial' retrieved from /Users/ajlakorman/Desktop/Data-Mining-Projects/Apache_Airflow/venv/lib/python3.10/site-packages/airflow/example_dags/example_params_ui_tutorial.py
[2025-02-20T14:13:52.436+0100] {logging_mixin.py:190} INFO - [2025-02-20T14:13:52.436+0100] {dag.py:3239} INFO - Sync 1 DAGs
[2025-02-20T14:13:52.440+0100] {logging_mixin.py:190} INFO - [2025-02-20T14:13:52.440+0100] {dag.py:4180} INFO - Setting next_dagrun for example_params_ui_tutorial to None, run_after=None
[2025-02-20T14:13:52.447+0100] {processor.py:208} INFO - Processing /Users/ajlakorman/Desktop/Data-Mining-Projects/Apache_Airflow/venv/lib/python3.10/site-packages/airflow/example_dags/example_params_ui_tutorial.py took 0.108 seconds
[2025-02-20T14:16:44.584+0100] {processor.py:186} INFO - Started process (PID=23753) to work on /Users/ajlakorman/Desktop/Data-Mining-Projects/Apache_Airflow/venv/lib/python3.10/site-packages/airflow/example_dags/example_params_ui_tutorial.py
[2025-02-20T14:16:44.585+0100] {processor.py:914} INFO - Processing file /Users/ajlakorman/Desktop/Data-Mining-Projects/Apache_Airflow/venv/lib/python3.10/site-packages/airflow/example_dags/example_params_ui_tutorial.py for tasks to queue
[2025-02-20T14:16:44.586+0100] {logging_mixin.py:190} INFO - [2025-02-20T14:16:44.586+0100] {dagbag.py:588} INFO - Filling up the DagBag from /Users/ajlakorman/Desktop/Data-Mining-Projects/Apache_Airflow/venv/lib/python3.10/site-packages/airflow/example_dags/example_params_ui_tutorial.py
[2025-02-20T14:16:44.602+0100] {processor.py:925} INFO - DAG(s) 'example_params_ui_tutorial' retrieved from /Users/ajlakorman/Desktop/Data-Mining-Projects/Apache_Airflow/venv/lib/python3.10/site-packages/airflow/example_dags/example_params_ui_tutorial.py
[2025-02-20T14:16:44.674+0100] {logging_mixin.py:190} INFO - [2025-02-20T14:16:44.674+0100] {dag.py:3239} INFO - Sync 1 DAGs
[2025-02-20T14:16:44.678+0100] {logging_mixin.py:190} INFO - [2025-02-20T14:16:44.677+0100] {dag.py:4180} INFO - Setting next_dagrun for example_params_ui_tutorial to None, run_after=None
[2025-02-20T14:16:44.684+0100] {processor.py:208} INFO - Processing /Users/ajlakorman/Desktop/Data-Mining-Projects/Apache_Airflow/venv/lib/python3.10/site-packages/airflow/example_dags/example_params_ui_tutorial.py took 0.101 seconds
[2025-02-20T14:21:08.518+0100] {processor.py:186} INFO - Started process (PID=24029) to work on /Users/ajlakorman/Desktop/Data-Mining-Projects/Apache_Airflow/venv/lib/python3.10/site-packages/airflow/example_dags/example_params_ui_tutorial.py
[2025-02-20T14:21:08.519+0100] {processor.py:914} INFO - Processing file /Users/ajlakorman/Desktop/Data-Mining-Projects/Apache_Airflow/venv/lib/python3.10/site-packages/airflow/example_dags/example_params_ui_tutorial.py for tasks to queue
[2025-02-20T14:21:08.519+0100] {logging_mixin.py:190} INFO - [2025-02-20T14:21:08.519+0100] {dagbag.py:588} INFO - Filling up the DagBag from /Users/ajlakorman/Desktop/Data-Mining-Projects/Apache_Airflow/venv/lib/python3.10/site-packages/airflow/example_dags/example_params_ui_tutorial.py
[2025-02-20T14:21:08.537+0100] {processor.py:925} INFO - DAG(s) 'example_params_ui_tutorial' retrieved from /Users/ajlakorman/Desktop/Data-Mining-Projects/Apache_Airflow/venv/lib/python3.10/site-packages/airflow/example_dags/example_params_ui_tutorial.py
[2025-02-20T14:21:08.611+0100] {logging_mixin.py:190} INFO - [2025-02-20T14:21:08.611+0100] {dag.py:3239} INFO - Sync 1 DAGs
[2025-02-20T14:21:08.615+0100] {logging_mixin.py:190} INFO - [2025-02-20T14:21:08.615+0100] {dag.py:4180} INFO - Setting next_dagrun for example_params_ui_tutorial to None, run_after=None
[2025-02-20T14:21:08.622+0100] {processor.py:208} INFO - Processing /Users/ajlakorman/Desktop/Data-Mining-Projects/Apache_Airflow/venv/lib/python3.10/site-packages/airflow/example_dags/example_params_ui_tutorial.py took 0.106 seconds
