[2025-02-20T10:53:26.878+0100] {processor.py:186} INFO - Started process (PID=6388) to work on /Users/ajlakorman/Desktop/Data-Mining-Projects/Apache_Airflow/venv/lib/python3.10/site-packages/airflow/example_dags/example_branch_day_of_week_operator.py
[2025-02-20T10:53:26.879+0100] {processor.py:914} INFO - Processing file /Users/ajlakorman/Desktop/Data-Mining-Projects/Apache_Airflow/venv/lib/python3.10/site-packages/airflow/example_dags/example_branch_day_of_week_operator.py for tasks to queue
[2025-02-20T10:53:26.879+0100] {logging_mixin.py:190} INFO - [2025-02-20T10:53:26.879+0100] {dagbag.py:588} INFO - Filling up the DagBag from /Users/ajlakorman/Desktop/Data-Mining-Projects/Apache_Airflow/venv/lib/python3.10/site-packages/airflow/example_dags/example_branch_day_of_week_operator.py
[2025-02-20T10:53:26.884+0100] {processor.py:925} INFO - DAG(s) 'example_weekday_branch_operator' retrieved from /Users/ajlakorman/Desktop/Data-Mining-Projects/Apache_Airflow/venv/lib/python3.10/site-packages/airflow/example_dags/example_branch_day_of_week_operator.py
[2025-02-20T10:53:26.983+0100] {logging_mixin.py:190} INFO - [2025-02-20T10:53:26.983+0100] {override.py:1912} INFO - Created Permission View: can edit on DAG:example_weekday_branch_operator
[2025-02-20T10:53:26.987+0100] {logging_mixin.py:190} INFO - [2025-02-20T10:53:26.987+0100] {override.py:1912} INFO - Created Permission View: can read on DAG:example_weekday_branch_operator
[2025-02-20T10:53:26.989+0100] {logging_mixin.py:190} INFO - [2025-02-20T10:53:26.989+0100] {override.py:1912} INFO - Created Permission View: can delete on DAG:example_weekday_branch_operator
[2025-02-20T10:53:26.992+0100] {logging_mixin.py:190} INFO - [2025-02-20T10:53:26.992+0100] {override.py:1912} INFO - Created Permission View: can create on DAG Run:example_weekday_branch_operator
[2025-02-20T10:53:26.994+0100] {logging_mixin.py:190} INFO - [2025-02-20T10:53:26.994+0100] {override.py:1912} INFO - Created Permission View: can delete on DAG Run:example_weekday_branch_operator
[2025-02-20T10:53:26.996+0100] {logging_mixin.py:190} INFO - [2025-02-20T10:53:26.996+0100] {override.py:1912} INFO - Created Permission View: menu access on DAG Run:example_weekday_branch_operator
[2025-02-20T10:53:26.998+0100] {logging_mixin.py:190} INFO - [2025-02-20T10:53:26.998+0100] {override.py:1912} INFO - Created Permission View: can read on DAG Run:example_weekday_branch_operator
[2025-02-20T10:53:26.998+0100] {logging_mixin.py:190} INFO - [2025-02-20T10:53:26.998+0100] {dag.py:3239} INFO - Sync 1 DAGs
[2025-02-20T10:53:27.003+0100] {logging_mixin.py:190} INFO - [2025-02-20T10:53:27.003+0100] {dag.py:3262} INFO - Creating ORM DAG for example_weekday_branch_operator
[2025-02-20T10:53:27.006+0100] {logging_mixin.py:190} INFO - [2025-02-20T10:53:27.006+0100] {dag.py:4180} INFO - Setting next_dagrun for example_weekday_branch_operator to 2025-02-19 00:00:00+00:00, run_after=2025-02-20 00:00:00+00:00
[2025-02-20T10:53:27.012+0100] {processor.py:208} INFO - Processing /Users/ajlakorman/Desktop/Data-Mining-Projects/Apache_Airflow/venv/lib/python3.10/site-packages/airflow/example_dags/example_branch_day_of_week_operator.py took 0.136 seconds
[2025-02-20T10:55:56.944+0100] {processor.py:186} INFO - Started process (PID=6732) to work on /Users/ajlakorman/Desktop/Data-Mining-Projects/Apache_Airflow/venv/lib/python3.10/site-packages/airflow/example_dags/example_branch_day_of_week_operator.py
[2025-02-20T10:55:56.945+0100] {processor.py:914} INFO - Processing file /Users/ajlakorman/Desktop/Data-Mining-Projects/Apache_Airflow/venv/lib/python3.10/site-packages/airflow/example_dags/example_branch_day_of_week_operator.py for tasks to queue
[2025-02-20T10:55:56.946+0100] {logging_mixin.py:190} INFO - [2025-02-20T10:55:56.946+0100] {dagbag.py:588} INFO - Filling up the DagBag from /Users/ajlakorman/Desktop/Data-Mining-Projects/Apache_Airflow/venv/lib/python3.10/site-packages/airflow/example_dags/example_branch_day_of_week_operator.py
[2025-02-20T10:55:56.950+0100] {processor.py:925} INFO - DAG(s) 'example_weekday_branch_operator' retrieved from /Users/ajlakorman/Desktop/Data-Mining-Projects/Apache_Airflow/venv/lib/python3.10/site-packages/airflow/example_dags/example_branch_day_of_week_operator.py
[2025-02-20T10:55:57.022+0100] {logging_mixin.py:190} INFO - [2025-02-20T10:55:57.022+0100] {dag.py:3239} INFO - Sync 1 DAGs
[2025-02-20T10:55:57.030+0100] {logging_mixin.py:190} INFO - [2025-02-20T10:55:57.030+0100] {dag.py:4180} INFO - Setting next_dagrun for example_weekday_branch_operator to 2025-02-19 00:00:00+00:00, run_after=2025-02-20 00:00:00+00:00
[2025-02-20T10:55:57.037+0100] {processor.py:208} INFO - Processing /Users/ajlakorman/Desktop/Data-Mining-Projects/Apache_Airflow/venv/lib/python3.10/site-packages/airflow/example_dags/example_branch_day_of_week_operator.py took 0.094 seconds
[2025-02-20T10:58:47.469+0100] {processor.py:186} INFO - Started process (PID=7012) to work on /Users/ajlakorman/Desktop/Data-Mining-Projects/Apache_Airflow/venv/lib/python3.10/site-packages/airflow/example_dags/example_branch_day_of_week_operator.py
[2025-02-20T10:58:47.471+0100] {processor.py:914} INFO - Processing file /Users/ajlakorman/Desktop/Data-Mining-Projects/Apache_Airflow/venv/lib/python3.10/site-packages/airflow/example_dags/example_branch_day_of_week_operator.py for tasks to queue
[2025-02-20T10:58:47.474+0100] {logging_mixin.py:190} INFO - [2025-02-20T10:58:47.474+0100] {dagbag.py:588} INFO - Filling up the DagBag from /Users/ajlakorman/Desktop/Data-Mining-Projects/Apache_Airflow/venv/lib/python3.10/site-packages/airflow/example_dags/example_branch_day_of_week_operator.py
[2025-02-20T10:58:47.495+0100] {processor.py:925} INFO - DAG(s) 'example_weekday_branch_operator' retrieved from /Users/ajlakorman/Desktop/Data-Mining-Projects/Apache_Airflow/venv/lib/python3.10/site-packages/airflow/example_dags/example_branch_day_of_week_operator.py
[2025-02-20T10:58:47.637+0100] {logging_mixin.py:190} INFO - [2025-02-20T10:58:47.636+0100] {dag.py:3239} INFO - Sync 1 DAGs
[2025-02-20T10:58:47.648+0100] {logging_mixin.py:190} INFO - [2025-02-20T10:58:47.647+0100] {dag.py:4180} INFO - Setting next_dagrun for example_weekday_branch_operator to 2025-02-19 00:00:00+00:00, run_after=2025-02-20 00:00:00+00:00
[2025-02-20T10:58:47.669+0100] {processor.py:208} INFO - Processing /Users/ajlakorman/Desktop/Data-Mining-Projects/Apache_Airflow/venv/lib/python3.10/site-packages/airflow/example_dags/example_branch_day_of_week_operator.py took 0.213 seconds
[2025-02-20T11:01:22.015+0100] {processor.py:186} INFO - Started process (PID=7361) to work on /Users/ajlakorman/Desktop/Data-Mining-Projects/Apache_Airflow/venv/lib/python3.10/site-packages/airflow/example_dags/example_branch_day_of_week_operator.py
[2025-02-20T11:01:22.016+0100] {processor.py:914} INFO - Processing file /Users/ajlakorman/Desktop/Data-Mining-Projects/Apache_Airflow/venv/lib/python3.10/site-packages/airflow/example_dags/example_branch_day_of_week_operator.py for tasks to queue
[2025-02-20T11:01:22.016+0100] {logging_mixin.py:190} INFO - [2025-02-20T11:01:22.016+0100] {dagbag.py:588} INFO - Filling up the DagBag from /Users/ajlakorman/Desktop/Data-Mining-Projects/Apache_Airflow/venv/lib/python3.10/site-packages/airflow/example_dags/example_branch_day_of_week_operator.py
[2025-02-20T11:01:22.021+0100] {processor.py:925} INFO - DAG(s) 'example_weekday_branch_operator' retrieved from /Users/ajlakorman/Desktop/Data-Mining-Projects/Apache_Airflow/venv/lib/python3.10/site-packages/airflow/example_dags/example_branch_day_of_week_operator.py
[2025-02-20T11:01:22.088+0100] {logging_mixin.py:190} INFO - [2025-02-20T11:01:22.087+0100] {dag.py:3239} INFO - Sync 1 DAGs
[2025-02-20T11:01:22.094+0100] {logging_mixin.py:190} INFO - [2025-02-20T11:01:22.094+0100] {dag.py:4180} INFO - Setting next_dagrun for example_weekday_branch_operator to 2025-02-19 00:00:00+00:00, run_after=2025-02-20 00:00:00+00:00
[2025-02-20T11:01:22.102+0100] {processor.py:208} INFO - Processing /Users/ajlakorman/Desktop/Data-Mining-Projects/Apache_Airflow/venv/lib/python3.10/site-packages/airflow/example_dags/example_branch_day_of_week_operator.py took 0.089 seconds
[2025-02-20T11:03:45.546+0100] {processor.py:186} INFO - Started process (PID=7605) to work on /Users/ajlakorman/Desktop/Data-Mining-Projects/Apache_Airflow/venv/lib/python3.10/site-packages/airflow/example_dags/example_branch_day_of_week_operator.py
[2025-02-20T11:03:45.547+0100] {processor.py:914} INFO - Processing file /Users/ajlakorman/Desktop/Data-Mining-Projects/Apache_Airflow/venv/lib/python3.10/site-packages/airflow/example_dags/example_branch_day_of_week_operator.py for tasks to queue
[2025-02-20T11:03:45.547+0100] {logging_mixin.py:190} INFO - [2025-02-20T11:03:45.547+0100] {dagbag.py:588} INFO - Filling up the DagBag from /Users/ajlakorman/Desktop/Data-Mining-Projects/Apache_Airflow/venv/lib/python3.10/site-packages/airflow/example_dags/example_branch_day_of_week_operator.py
[2025-02-20T11:03:45.552+0100] {processor.py:925} INFO - DAG(s) 'example_weekday_branch_operator' retrieved from /Users/ajlakorman/Desktop/Data-Mining-Projects/Apache_Airflow/venv/lib/python3.10/site-packages/airflow/example_dags/example_branch_day_of_week_operator.py
[2025-02-20T11:03:45.617+0100] {logging_mixin.py:190} INFO - [2025-02-20T11:03:45.617+0100] {dag.py:3239} INFO - Sync 1 DAGs
[2025-02-20T11:03:45.624+0100] {logging_mixin.py:190} INFO - [2025-02-20T11:03:45.624+0100] {dag.py:4180} INFO - Setting next_dagrun for example_weekday_branch_operator to 2025-02-19 00:00:00+00:00, run_after=2025-02-20 00:00:00+00:00
[2025-02-20T11:03:45.631+0100] {processor.py:208} INFO - Processing /Users/ajlakorman/Desktop/Data-Mining-Projects/Apache_Airflow/venv/lib/python3.10/site-packages/airflow/example_dags/example_branch_day_of_week_operator.py took 0.087 seconds
[2025-02-20T11:06:02.790+0100] {processor.py:186} INFO - Started process (PID=7936) to work on /Users/ajlakorman/Desktop/Data-Mining-Projects/Apache_Airflow/venv/lib/python3.10/site-packages/airflow/example_dags/example_branch_day_of_week_operator.py
[2025-02-20T11:06:02.792+0100] {processor.py:914} INFO - Processing file /Users/ajlakorman/Desktop/Data-Mining-Projects/Apache_Airflow/venv/lib/python3.10/site-packages/airflow/example_dags/example_branch_day_of_week_operator.py for tasks to queue
[2025-02-20T11:06:02.792+0100] {logging_mixin.py:190} INFO - [2025-02-20T11:06:02.792+0100] {dagbag.py:588} INFO - Filling up the DagBag from /Users/ajlakorman/Desktop/Data-Mining-Projects/Apache_Airflow/venv/lib/python3.10/site-packages/airflow/example_dags/example_branch_day_of_week_operator.py
[2025-02-20T11:06:02.797+0100] {processor.py:925} INFO - DAG(s) 'example_weekday_branch_operator' retrieved from /Users/ajlakorman/Desktop/Data-Mining-Projects/Apache_Airflow/venv/lib/python3.10/site-packages/airflow/example_dags/example_branch_day_of_week_operator.py
[2025-02-20T11:06:02.863+0100] {logging_mixin.py:190} INFO - [2025-02-20T11:06:02.863+0100] {dag.py:3239} INFO - Sync 1 DAGs
[2025-02-20T11:06:02.869+0100] {logging_mixin.py:190} INFO - [2025-02-20T11:06:02.869+0100] {dag.py:4180} INFO - Setting next_dagrun for example_weekday_branch_operator to 2025-02-19 00:00:00+00:00, run_after=2025-02-20 00:00:00+00:00
[2025-02-20T11:06:02.876+0100] {processor.py:208} INFO - Processing /Users/ajlakorman/Desktop/Data-Mining-Projects/Apache_Airflow/venv/lib/python3.10/site-packages/airflow/example_dags/example_branch_day_of_week_operator.py took 0.088 seconds
[2025-02-20T11:08:22.175+0100] {processor.py:186} INFO - Started process (PID=8217) to work on /Users/ajlakorman/Desktop/Data-Mining-Projects/Apache_Airflow/venv/lib/python3.10/site-packages/airflow/example_dags/example_branch_day_of_week_operator.py
[2025-02-20T11:08:22.176+0100] {processor.py:914} INFO - Processing file /Users/ajlakorman/Desktop/Data-Mining-Projects/Apache_Airflow/venv/lib/python3.10/site-packages/airflow/example_dags/example_branch_day_of_week_operator.py for tasks to queue
[2025-02-20T11:08:22.177+0100] {logging_mixin.py:190} INFO - [2025-02-20T11:08:22.177+0100] {dagbag.py:588} INFO - Filling up the DagBag from /Users/ajlakorman/Desktop/Data-Mining-Projects/Apache_Airflow/venv/lib/python3.10/site-packages/airflow/example_dags/example_branch_day_of_week_operator.py
[2025-02-20T11:08:22.182+0100] {processor.py:925} INFO - DAG(s) 'example_weekday_branch_operator' retrieved from /Users/ajlakorman/Desktop/Data-Mining-Projects/Apache_Airflow/venv/lib/python3.10/site-packages/airflow/example_dags/example_branch_day_of_week_operator.py
[2025-02-20T11:08:22.280+0100] {logging_mixin.py:190} INFO - [2025-02-20T11:08:22.280+0100] {dag.py:3239} INFO - Sync 1 DAGs
[2025-02-20T11:08:22.291+0100] {logging_mixin.py:190} INFO - [2025-02-20T11:08:22.291+0100] {dag.py:4180} INFO - Setting next_dagrun for example_weekday_branch_operator to 2025-02-19 00:00:00+00:00, run_after=2025-02-20 00:00:00+00:00
[2025-02-20T11:08:22.302+0100] {processor.py:208} INFO - Processing /Users/ajlakorman/Desktop/Data-Mining-Projects/Apache_Airflow/venv/lib/python3.10/site-packages/airflow/example_dags/example_branch_day_of_week_operator.py took 0.128 seconds
[2025-02-20T11:10:41.348+0100] {processor.py:186} INFO - Started process (PID=8465) to work on /Users/ajlakorman/Desktop/Data-Mining-Projects/Apache_Airflow/venv/lib/python3.10/site-packages/airflow/example_dags/example_branch_day_of_week_operator.py
[2025-02-20T11:10:41.349+0100] {processor.py:914} INFO - Processing file /Users/ajlakorman/Desktop/Data-Mining-Projects/Apache_Airflow/venv/lib/python3.10/site-packages/airflow/example_dags/example_branch_day_of_week_operator.py for tasks to queue
[2025-02-20T11:10:41.351+0100] {logging_mixin.py:190} INFO - [2025-02-20T11:10:41.351+0100] {dagbag.py:588} INFO - Filling up the DagBag from /Users/ajlakorman/Desktop/Data-Mining-Projects/Apache_Airflow/venv/lib/python3.10/site-packages/airflow/example_dags/example_branch_day_of_week_operator.py
[2025-02-20T11:10:41.360+0100] {processor.py:925} INFO - DAG(s) 'example_weekday_branch_operator' retrieved from /Users/ajlakorman/Desktop/Data-Mining-Projects/Apache_Airflow/venv/lib/python3.10/site-packages/airflow/example_dags/example_branch_day_of_week_operator.py
[2025-02-20T11:10:41.499+0100] {logging_mixin.py:190} INFO - [2025-02-20T11:10:41.499+0100] {dag.py:3239} INFO - Sync 1 DAGs
[2025-02-20T11:10:41.508+0100] {logging_mixin.py:190} INFO - [2025-02-20T11:10:41.507+0100] {dag.py:4180} INFO - Setting next_dagrun for example_weekday_branch_operator to 2025-02-19 00:00:00+00:00, run_after=2025-02-20 00:00:00+00:00
[2025-02-20T11:10:41.515+0100] {processor.py:208} INFO - Processing /Users/ajlakorman/Desktop/Data-Mining-Projects/Apache_Airflow/venv/lib/python3.10/site-packages/airflow/example_dags/example_branch_day_of_week_operator.py took 0.172 seconds
[2025-02-20T11:12:58.274+0100] {processor.py:186} INFO - Started process (PID=8675) to work on /Users/ajlakorman/Desktop/Data-Mining-Projects/Apache_Airflow/venv/lib/python3.10/site-packages/airflow/example_dags/example_branch_day_of_week_operator.py
[2025-02-20T11:12:58.275+0100] {processor.py:914} INFO - Processing file /Users/ajlakorman/Desktop/Data-Mining-Projects/Apache_Airflow/venv/lib/python3.10/site-packages/airflow/example_dags/example_branch_day_of_week_operator.py for tasks to queue
[2025-02-20T11:12:58.276+0100] {logging_mixin.py:190} INFO - [2025-02-20T11:12:58.276+0100] {dagbag.py:588} INFO - Filling up the DagBag from /Users/ajlakorman/Desktop/Data-Mining-Projects/Apache_Airflow/venv/lib/python3.10/site-packages/airflow/example_dags/example_branch_day_of_week_operator.py
[2025-02-20T11:12:58.281+0100] {processor.py:925} INFO - DAG(s) 'example_weekday_branch_operator' retrieved from /Users/ajlakorman/Desktop/Data-Mining-Projects/Apache_Airflow/venv/lib/python3.10/site-packages/airflow/example_dags/example_branch_day_of_week_operator.py
[2025-02-20T11:12:58.344+0100] {logging_mixin.py:190} INFO - [2025-02-20T11:12:58.344+0100] {dag.py:3239} INFO - Sync 1 DAGs
[2025-02-20T11:12:58.351+0100] {logging_mixin.py:190} INFO - [2025-02-20T11:12:58.351+0100] {dag.py:4180} INFO - Setting next_dagrun for example_weekday_branch_operator to 2025-02-19 00:00:00+00:00, run_after=2025-02-20 00:00:00+00:00
[2025-02-20T11:12:58.358+0100] {processor.py:208} INFO - Processing /Users/ajlakorman/Desktop/Data-Mining-Projects/Apache_Airflow/venv/lib/python3.10/site-packages/airflow/example_dags/example_branch_day_of_week_operator.py took 0.085 seconds
[2025-02-20T11:15:23.479+0100] {processor.py:186} INFO - Started process (PID=8932) to work on /Users/ajlakorman/Desktop/Data-Mining-Projects/Apache_Airflow/venv/lib/python3.10/site-packages/airflow/example_dags/example_branch_day_of_week_operator.py
[2025-02-20T11:15:23.481+0100] {processor.py:914} INFO - Processing file /Users/ajlakorman/Desktop/Data-Mining-Projects/Apache_Airflow/venv/lib/python3.10/site-packages/airflow/example_dags/example_branch_day_of_week_operator.py for tasks to queue
[2025-02-20T11:15:23.481+0100] {logging_mixin.py:190} INFO - [2025-02-20T11:15:23.481+0100] {dagbag.py:588} INFO - Filling up the DagBag from /Users/ajlakorman/Desktop/Data-Mining-Projects/Apache_Airflow/venv/lib/python3.10/site-packages/airflow/example_dags/example_branch_day_of_week_operator.py
[2025-02-20T11:15:23.486+0100] {processor.py:925} INFO - DAG(s) 'example_weekday_branch_operator' retrieved from /Users/ajlakorman/Desktop/Data-Mining-Projects/Apache_Airflow/venv/lib/python3.10/site-packages/airflow/example_dags/example_branch_day_of_week_operator.py
[2025-02-20T11:15:23.560+0100] {logging_mixin.py:190} INFO - [2025-02-20T11:15:23.560+0100] {dag.py:3239} INFO - Sync 1 DAGs
[2025-02-20T11:15:23.569+0100] {logging_mixin.py:190} INFO - [2025-02-20T11:15:23.569+0100] {dag.py:4180} INFO - Setting next_dagrun for example_weekday_branch_operator to 2025-02-19 00:00:00+00:00, run_after=2025-02-20 00:00:00+00:00
[2025-02-20T11:15:23.580+0100] {processor.py:208} INFO - Processing /Users/ajlakorman/Desktop/Data-Mining-Projects/Apache_Airflow/venv/lib/python3.10/site-packages/airflow/example_dags/example_branch_day_of_week_operator.py took 0.102 seconds
[2025-02-20T11:17:46.812+0100] {processor.py:186} INFO - Started process (PID=9286) to work on /Users/ajlakorman/Desktop/Data-Mining-Projects/Apache_Airflow/venv/lib/python3.10/site-packages/airflow/example_dags/example_branch_day_of_week_operator.py
[2025-02-20T11:17:46.813+0100] {processor.py:914} INFO - Processing file /Users/ajlakorman/Desktop/Data-Mining-Projects/Apache_Airflow/venv/lib/python3.10/site-packages/airflow/example_dags/example_branch_day_of_week_operator.py for tasks to queue
[2025-02-20T11:17:46.814+0100] {logging_mixin.py:190} INFO - [2025-02-20T11:17:46.814+0100] {dagbag.py:588} INFO - Filling up the DagBag from /Users/ajlakorman/Desktop/Data-Mining-Projects/Apache_Airflow/venv/lib/python3.10/site-packages/airflow/example_dags/example_branch_day_of_week_operator.py
[2025-02-20T11:17:46.819+0100] {processor.py:925} INFO - DAG(s) 'example_weekday_branch_operator' retrieved from /Users/ajlakorman/Desktop/Data-Mining-Projects/Apache_Airflow/venv/lib/python3.10/site-packages/airflow/example_dags/example_branch_day_of_week_operator.py
[2025-02-20T11:17:46.884+0100] {logging_mixin.py:190} INFO - [2025-02-20T11:17:46.883+0100] {dag.py:3239} INFO - Sync 1 DAGs
[2025-02-20T11:17:46.890+0100] {logging_mixin.py:190} INFO - [2025-02-20T11:17:46.890+0100] {dag.py:4180} INFO - Setting next_dagrun for example_weekday_branch_operator to 2025-02-19 00:00:00+00:00, run_after=2025-02-20 00:00:00+00:00
[2025-02-20T11:17:46.897+0100] {processor.py:208} INFO - Processing /Users/ajlakorman/Desktop/Data-Mining-Projects/Apache_Airflow/venv/lib/python3.10/site-packages/airflow/example_dags/example_branch_day_of_week_operator.py took 0.087 seconds
[2025-02-20T11:20:17.419+0100] {processor.py:186} INFO - Started process (PID=9664) to work on /Users/ajlakorman/Desktop/Data-Mining-Projects/Apache_Airflow/venv/lib/python3.10/site-packages/airflow/example_dags/example_branch_day_of_week_operator.py
[2025-02-20T11:20:17.420+0100] {processor.py:914} INFO - Processing file /Users/ajlakorman/Desktop/Data-Mining-Projects/Apache_Airflow/venv/lib/python3.10/site-packages/airflow/example_dags/example_branch_day_of_week_operator.py for tasks to queue
[2025-02-20T11:20:17.421+0100] {logging_mixin.py:190} INFO - [2025-02-20T11:20:17.421+0100] {dagbag.py:588} INFO - Filling up the DagBag from /Users/ajlakorman/Desktop/Data-Mining-Projects/Apache_Airflow/venv/lib/python3.10/site-packages/airflow/example_dags/example_branch_day_of_week_operator.py
[2025-02-20T11:20:17.428+0100] {processor.py:925} INFO - DAG(s) 'example_weekday_branch_operator' retrieved from /Users/ajlakorman/Desktop/Data-Mining-Projects/Apache_Airflow/venv/lib/python3.10/site-packages/airflow/example_dags/example_branch_day_of_week_operator.py
[2025-02-20T11:20:17.493+0100] {logging_mixin.py:190} INFO - [2025-02-20T11:20:17.493+0100] {dag.py:3239} INFO - Sync 1 DAGs
[2025-02-20T11:20:17.499+0100] {logging_mixin.py:190} INFO - [2025-02-20T11:20:17.499+0100] {dag.py:4180} INFO - Setting next_dagrun for example_weekday_branch_operator to 2025-02-19 00:00:00+00:00, run_after=2025-02-20 00:00:00+00:00
[2025-02-20T11:20:17.507+0100] {processor.py:208} INFO - Processing /Users/ajlakorman/Desktop/Data-Mining-Projects/Apache_Airflow/venv/lib/python3.10/site-packages/airflow/example_dags/example_branch_day_of_week_operator.py took 0.089 seconds
[2025-02-20T11:22:42.700+0100] {processor.py:186} INFO - Started process (PID=9893) to work on /Users/ajlakorman/Desktop/Data-Mining-Projects/Apache_Airflow/venv/lib/python3.10/site-packages/airflow/example_dags/example_branch_day_of_week_operator.py
[2025-02-20T11:22:42.700+0100] {processor.py:914} INFO - Processing file /Users/ajlakorman/Desktop/Data-Mining-Projects/Apache_Airflow/venv/lib/python3.10/site-packages/airflow/example_dags/example_branch_day_of_week_operator.py for tasks to queue
[2025-02-20T11:22:42.701+0100] {logging_mixin.py:190} INFO - [2025-02-20T11:22:42.701+0100] {dagbag.py:588} INFO - Filling up the DagBag from /Users/ajlakorman/Desktop/Data-Mining-Projects/Apache_Airflow/venv/lib/python3.10/site-packages/airflow/example_dags/example_branch_day_of_week_operator.py
[2025-02-20T11:22:42.706+0100] {processor.py:925} INFO - DAG(s) 'example_weekday_branch_operator' retrieved from /Users/ajlakorman/Desktop/Data-Mining-Projects/Apache_Airflow/venv/lib/python3.10/site-packages/airflow/example_dags/example_branch_day_of_week_operator.py
[2025-02-20T11:22:42.775+0100] {logging_mixin.py:190} INFO - [2025-02-20T11:22:42.775+0100] {dag.py:3239} INFO - Sync 1 DAGs
[2025-02-20T11:22:42.783+0100] {logging_mixin.py:190} INFO - [2025-02-20T11:22:42.783+0100] {dag.py:4180} INFO - Setting next_dagrun for example_weekday_branch_operator to 2025-02-19 00:00:00+00:00, run_after=2025-02-20 00:00:00+00:00
[2025-02-20T11:22:42.790+0100] {processor.py:208} INFO - Processing /Users/ajlakorman/Desktop/Data-Mining-Projects/Apache_Airflow/venv/lib/python3.10/site-packages/airflow/example_dags/example_branch_day_of_week_operator.py took 0.093 seconds
[2025-02-20T11:25:12.897+0100] {processor.py:186} INFO - Started process (PID=10156) to work on /Users/ajlakorman/Desktop/Data-Mining-Projects/Apache_Airflow/venv/lib/python3.10/site-packages/airflow/example_dags/example_branch_day_of_week_operator.py
[2025-02-20T11:25:12.898+0100] {processor.py:914} INFO - Processing file /Users/ajlakorman/Desktop/Data-Mining-Projects/Apache_Airflow/venv/lib/python3.10/site-packages/airflow/example_dags/example_branch_day_of_week_operator.py for tasks to queue
[2025-02-20T11:25:12.899+0100] {logging_mixin.py:190} INFO - [2025-02-20T11:25:12.899+0100] {dagbag.py:588} INFO - Filling up the DagBag from /Users/ajlakorman/Desktop/Data-Mining-Projects/Apache_Airflow/venv/lib/python3.10/site-packages/airflow/example_dags/example_branch_day_of_week_operator.py
[2025-02-20T11:25:12.905+0100] {processor.py:925} INFO - DAG(s) 'example_weekday_branch_operator' retrieved from /Users/ajlakorman/Desktop/Data-Mining-Projects/Apache_Airflow/venv/lib/python3.10/site-packages/airflow/example_dags/example_branch_day_of_week_operator.py
[2025-02-20T11:25:12.974+0100] {logging_mixin.py:190} INFO - [2025-02-20T11:25:12.974+0100] {dag.py:3239} INFO - Sync 1 DAGs
[2025-02-20T11:25:12.981+0100] {logging_mixin.py:190} INFO - [2025-02-20T11:25:12.980+0100] {dag.py:4180} INFO - Setting next_dagrun for example_weekday_branch_operator to 2025-02-19 00:00:00+00:00, run_after=2025-02-20 00:00:00+00:00
[2025-02-20T11:25:12.989+0100] {processor.py:208} INFO - Processing /Users/ajlakorman/Desktop/Data-Mining-Projects/Apache_Airflow/venv/lib/python3.10/site-packages/airflow/example_dags/example_branch_day_of_week_operator.py took 0.093 seconds
[2025-02-20T11:27:44.979+0100] {processor.py:186} INFO - Started process (PID=10494) to work on /Users/ajlakorman/Desktop/Data-Mining-Projects/Apache_Airflow/venv/lib/python3.10/site-packages/airflow/example_dags/example_branch_day_of_week_operator.py
[2025-02-20T11:27:44.981+0100] {processor.py:914} INFO - Processing file /Users/ajlakorman/Desktop/Data-Mining-Projects/Apache_Airflow/venv/lib/python3.10/site-packages/airflow/example_dags/example_branch_day_of_week_operator.py for tasks to queue
[2025-02-20T11:27:44.981+0100] {logging_mixin.py:190} INFO - [2025-02-20T11:27:44.981+0100] {dagbag.py:588} INFO - Filling up the DagBag from /Users/ajlakorman/Desktop/Data-Mining-Projects/Apache_Airflow/venv/lib/python3.10/site-packages/airflow/example_dags/example_branch_day_of_week_operator.py
[2025-02-20T11:27:44.987+0100] {processor.py:925} INFO - DAG(s) 'example_weekday_branch_operator' retrieved from /Users/ajlakorman/Desktop/Data-Mining-Projects/Apache_Airflow/venv/lib/python3.10/site-packages/airflow/example_dags/example_branch_day_of_week_operator.py
[2025-02-20T11:27:45.053+0100] {logging_mixin.py:190} INFO - [2025-02-20T11:27:45.052+0100] {dag.py:3239} INFO - Sync 1 DAGs
[2025-02-20T11:27:45.060+0100] {logging_mixin.py:190} INFO - [2025-02-20T11:27:45.060+0100] {dag.py:4180} INFO - Setting next_dagrun for example_weekday_branch_operator to 2025-02-19 00:00:00+00:00, run_after=2025-02-20 00:00:00+00:00
[2025-02-20T11:27:45.067+0100] {processor.py:208} INFO - Processing /Users/ajlakorman/Desktop/Data-Mining-Projects/Apache_Airflow/venv/lib/python3.10/site-packages/airflow/example_dags/example_branch_day_of_week_operator.py took 0.089 seconds
[2025-02-20T11:30:11.331+0100] {processor.py:186} INFO - Started process (PID=10826) to work on /Users/ajlakorman/Desktop/Data-Mining-Projects/Apache_Airflow/venv/lib/python3.10/site-packages/airflow/example_dags/example_branch_day_of_week_operator.py
[2025-02-20T11:30:11.332+0100] {processor.py:914} INFO - Processing file /Users/ajlakorman/Desktop/Data-Mining-Projects/Apache_Airflow/venv/lib/python3.10/site-packages/airflow/example_dags/example_branch_day_of_week_operator.py for tasks to queue
[2025-02-20T11:30:11.332+0100] {logging_mixin.py:190} INFO - [2025-02-20T11:30:11.332+0100] {dagbag.py:588} INFO - Filling up the DagBag from /Users/ajlakorman/Desktop/Data-Mining-Projects/Apache_Airflow/venv/lib/python3.10/site-packages/airflow/example_dags/example_branch_day_of_week_operator.py
[2025-02-20T11:30:11.337+0100] {processor.py:925} INFO - DAG(s) 'example_weekday_branch_operator' retrieved from /Users/ajlakorman/Desktop/Data-Mining-Projects/Apache_Airflow/venv/lib/python3.10/site-packages/airflow/example_dags/example_branch_day_of_week_operator.py
[2025-02-20T11:30:11.402+0100] {logging_mixin.py:190} INFO - [2025-02-20T11:30:11.402+0100] {dag.py:3239} INFO - Sync 1 DAGs
[2025-02-20T11:30:11.408+0100] {logging_mixin.py:190} INFO - [2025-02-20T11:30:11.408+0100] {dag.py:4180} INFO - Setting next_dagrun for example_weekday_branch_operator to 2025-02-19 00:00:00+00:00, run_after=2025-02-20 00:00:00+00:00
[2025-02-20T11:30:11.416+0100] {processor.py:208} INFO - Processing /Users/ajlakorman/Desktop/Data-Mining-Projects/Apache_Airflow/venv/lib/python3.10/site-packages/airflow/example_dags/example_branch_day_of_week_operator.py took 0.086 seconds
[2025-02-20T11:32:37.845+0100] {processor.py:186} INFO - Started process (PID=11069) to work on /Users/ajlakorman/Desktop/Data-Mining-Projects/Apache_Airflow/venv/lib/python3.10/site-packages/airflow/example_dags/example_branch_day_of_week_operator.py
[2025-02-20T11:32:37.847+0100] {processor.py:914} INFO - Processing file /Users/ajlakorman/Desktop/Data-Mining-Projects/Apache_Airflow/venv/lib/python3.10/site-packages/airflow/example_dags/example_branch_day_of_week_operator.py for tasks to queue
[2025-02-20T11:32:37.847+0100] {logging_mixin.py:190} INFO - [2025-02-20T11:32:37.847+0100] {dagbag.py:588} INFO - Filling up the DagBag from /Users/ajlakorman/Desktop/Data-Mining-Projects/Apache_Airflow/venv/lib/python3.10/site-packages/airflow/example_dags/example_branch_day_of_week_operator.py
[2025-02-20T11:32:37.852+0100] {processor.py:925} INFO - DAG(s) 'example_weekday_branch_operator' retrieved from /Users/ajlakorman/Desktop/Data-Mining-Projects/Apache_Airflow/venv/lib/python3.10/site-packages/airflow/example_dags/example_branch_day_of_week_operator.py
[2025-02-20T11:32:37.915+0100] {logging_mixin.py:190} INFO - [2025-02-20T11:32:37.915+0100] {dag.py:3239} INFO - Sync 1 DAGs
[2025-02-20T11:32:37.921+0100] {logging_mixin.py:190} INFO - [2025-02-20T11:32:37.921+0100] {dag.py:4180} INFO - Setting next_dagrun for example_weekday_branch_operator to 2025-02-19 00:00:00+00:00, run_after=2025-02-20 00:00:00+00:00
[2025-02-20T11:32:37.929+0100] {processor.py:208} INFO - Processing /Users/ajlakorman/Desktop/Data-Mining-Projects/Apache_Airflow/venv/lib/python3.10/site-packages/airflow/example_dags/example_branch_day_of_week_operator.py took 0.085 seconds
[2025-02-20T11:35:06.059+0100] {processor.py:186} INFO - Started process (PID=11313) to work on /Users/ajlakorman/Desktop/Data-Mining-Projects/Apache_Airflow/venv/lib/python3.10/site-packages/airflow/example_dags/example_branch_day_of_week_operator.py
[2025-02-20T11:35:06.059+0100] {processor.py:914} INFO - Processing file /Users/ajlakorman/Desktop/Data-Mining-Projects/Apache_Airflow/venv/lib/python3.10/site-packages/airflow/example_dags/example_branch_day_of_week_operator.py for tasks to queue
[2025-02-20T11:35:06.060+0100] {logging_mixin.py:190} INFO - [2025-02-20T11:35:06.060+0100] {dagbag.py:588} INFO - Filling up the DagBag from /Users/ajlakorman/Desktop/Data-Mining-Projects/Apache_Airflow/venv/lib/python3.10/site-packages/airflow/example_dags/example_branch_day_of_week_operator.py
[2025-02-20T11:35:06.065+0100] {processor.py:925} INFO - DAG(s) 'example_weekday_branch_operator' retrieved from /Users/ajlakorman/Desktop/Data-Mining-Projects/Apache_Airflow/venv/lib/python3.10/site-packages/airflow/example_dags/example_branch_day_of_week_operator.py
[2025-02-20T11:35:06.149+0100] {logging_mixin.py:190} INFO - [2025-02-20T11:35:06.149+0100] {dag.py:3239} INFO - Sync 1 DAGs
[2025-02-20T11:35:06.159+0100] {logging_mixin.py:190} INFO - [2025-02-20T11:35:06.159+0100] {dag.py:4180} INFO - Setting next_dagrun for example_weekday_branch_operator to 2025-02-19 00:00:00+00:00, run_after=2025-02-20 00:00:00+00:00
[2025-02-20T11:35:06.168+0100] {processor.py:208} INFO - Processing /Users/ajlakorman/Desktop/Data-Mining-Projects/Apache_Airflow/venv/lib/python3.10/site-packages/airflow/example_dags/example_branch_day_of_week_operator.py took 0.111 seconds
[2025-02-20T11:37:38.749+0100] {processor.py:186} INFO - Started process (PID=11592) to work on /Users/ajlakorman/Desktop/Data-Mining-Projects/Apache_Airflow/venv/lib/python3.10/site-packages/airflow/example_dags/example_branch_day_of_week_operator.py
[2025-02-20T11:37:38.751+0100] {processor.py:914} INFO - Processing file /Users/ajlakorman/Desktop/Data-Mining-Projects/Apache_Airflow/venv/lib/python3.10/site-packages/airflow/example_dags/example_branch_day_of_week_operator.py for tasks to queue
[2025-02-20T11:37:38.753+0100] {logging_mixin.py:190} INFO - [2025-02-20T11:37:38.751+0100] {dagbag.py:588} INFO - Filling up the DagBag from /Users/ajlakorman/Desktop/Data-Mining-Projects/Apache_Airflow/venv/lib/python3.10/site-packages/airflow/example_dags/example_branch_day_of_week_operator.py
[2025-02-20T11:37:38.761+0100] {processor.py:925} INFO - DAG(s) 'example_weekday_branch_operator' retrieved from /Users/ajlakorman/Desktop/Data-Mining-Projects/Apache_Airflow/venv/lib/python3.10/site-packages/airflow/example_dags/example_branch_day_of_week_operator.py
[2025-02-20T11:37:38.834+0100] {logging_mixin.py:190} INFO - [2025-02-20T11:37:38.834+0100] {dag.py:3239} INFO - Sync 1 DAGs
[2025-02-20T11:37:38.842+0100] {logging_mixin.py:190} INFO - [2025-02-20T11:37:38.842+0100] {dag.py:4180} INFO - Setting next_dagrun for example_weekday_branch_operator to 2025-02-19 00:00:00+00:00, run_after=2025-02-20 00:00:00+00:00
[2025-02-20T11:37:38.849+0100] {processor.py:208} INFO - Processing /Users/ajlakorman/Desktop/Data-Mining-Projects/Apache_Airflow/venv/lib/python3.10/site-packages/airflow/example_dags/example_branch_day_of_week_operator.py took 0.102 seconds
[2025-02-20T11:40:04.380+0100] {processor.py:186} INFO - Started process (PID=11808) to work on /Users/ajlakorman/Desktop/Data-Mining-Projects/Apache_Airflow/venv/lib/python3.10/site-packages/airflow/example_dags/example_branch_day_of_week_operator.py
[2025-02-20T11:40:04.382+0100] {processor.py:914} INFO - Processing file /Users/ajlakorman/Desktop/Data-Mining-Projects/Apache_Airflow/venv/lib/python3.10/site-packages/airflow/example_dags/example_branch_day_of_week_operator.py for tasks to queue
[2025-02-20T11:40:04.382+0100] {logging_mixin.py:190} INFO - [2025-02-20T11:40:04.382+0100] {dagbag.py:588} INFO - Filling up the DagBag from /Users/ajlakorman/Desktop/Data-Mining-Projects/Apache_Airflow/venv/lib/python3.10/site-packages/airflow/example_dags/example_branch_day_of_week_operator.py
[2025-02-20T11:40:04.388+0100] {processor.py:925} INFO - DAG(s) 'example_weekday_branch_operator' retrieved from /Users/ajlakorman/Desktop/Data-Mining-Projects/Apache_Airflow/venv/lib/python3.10/site-packages/airflow/example_dags/example_branch_day_of_week_operator.py
[2025-02-20T11:40:04.455+0100] {logging_mixin.py:190} INFO - [2025-02-20T11:40:04.455+0100] {dag.py:3239} INFO - Sync 1 DAGs
[2025-02-20T11:40:04.462+0100] {logging_mixin.py:190} INFO - [2025-02-20T11:40:04.461+0100] {dag.py:4180} INFO - Setting next_dagrun for example_weekday_branch_operator to 2025-02-19 00:00:00+00:00, run_after=2025-02-20 00:00:00+00:00
[2025-02-20T11:40:04.469+0100] {processor.py:208} INFO - Processing /Users/ajlakorman/Desktop/Data-Mining-Projects/Apache_Airflow/venv/lib/python3.10/site-packages/airflow/example_dags/example_branch_day_of_week_operator.py took 0.090 seconds
[2025-02-20T12:19:59.384+0100] {processor.py:186} INFO - Started process (PID=12082) to work on /Users/ajlakorman/Desktop/Data-Mining-Projects/Apache_Airflow/venv/lib/python3.10/site-packages/airflow/example_dags/example_branch_day_of_week_operator.py
[2025-02-20T12:19:59.387+0100] {processor.py:914} INFO - Processing file /Users/ajlakorman/Desktop/Data-Mining-Projects/Apache_Airflow/venv/lib/python3.10/site-packages/airflow/example_dags/example_branch_day_of_week_operator.py for tasks to queue
[2025-02-20T12:19:59.388+0100] {logging_mixin.py:190} INFO - [2025-02-20T12:19:59.388+0100] {dagbag.py:588} INFO - Filling up the DagBag from /Users/ajlakorman/Desktop/Data-Mining-Projects/Apache_Airflow/venv/lib/python3.10/site-packages/airflow/example_dags/example_branch_day_of_week_operator.py
[2025-02-20T12:19:59.393+0100] {processor.py:925} INFO - DAG(s) 'example_weekday_branch_operator' retrieved from /Users/ajlakorman/Desktop/Data-Mining-Projects/Apache_Airflow/venv/lib/python3.10/site-packages/airflow/example_dags/example_branch_day_of_week_operator.py
[2025-02-20T12:19:59.461+0100] {logging_mixin.py:190} INFO - [2025-02-20T12:19:59.460+0100] {dag.py:3239} INFO - Sync 1 DAGs
[2025-02-20T12:19:59.468+0100] {logging_mixin.py:190} INFO - [2025-02-20T12:19:59.467+0100] {dag.py:4180} INFO - Setting next_dagrun for example_weekday_branch_operator to 2025-02-19 00:00:00+00:00, run_after=2025-02-20 00:00:00+00:00
[2025-02-20T12:19:59.475+0100] {processor.py:208} INFO - Processing /Users/ajlakorman/Desktop/Data-Mining-Projects/Apache_Airflow/venv/lib/python3.10/site-packages/airflow/example_dags/example_branch_day_of_week_operator.py took 0.094 seconds
[2025-02-20T12:22:35.640+0100] {processor.py:186} INFO - Started process (PID=12329) to work on /Users/ajlakorman/Desktop/Data-Mining-Projects/Apache_Airflow/venv/lib/python3.10/site-packages/airflow/example_dags/example_branch_day_of_week_operator.py
[2025-02-20T12:22:35.640+0100] {processor.py:914} INFO - Processing file /Users/ajlakorman/Desktop/Data-Mining-Projects/Apache_Airflow/venv/lib/python3.10/site-packages/airflow/example_dags/example_branch_day_of_week_operator.py for tasks to queue
[2025-02-20T12:22:35.641+0100] {logging_mixin.py:190} INFO - [2025-02-20T12:22:35.641+0100] {dagbag.py:588} INFO - Filling up the DagBag from /Users/ajlakorman/Desktop/Data-Mining-Projects/Apache_Airflow/venv/lib/python3.10/site-packages/airflow/example_dags/example_branch_day_of_week_operator.py
[2025-02-20T12:22:35.646+0100] {processor.py:925} INFO - DAG(s) 'example_weekday_branch_operator' retrieved from /Users/ajlakorman/Desktop/Data-Mining-Projects/Apache_Airflow/venv/lib/python3.10/site-packages/airflow/example_dags/example_branch_day_of_week_operator.py
[2025-02-20T12:22:35.711+0100] {logging_mixin.py:190} INFO - [2025-02-20T12:22:35.711+0100] {dag.py:3239} INFO - Sync 1 DAGs
[2025-02-20T12:22:35.717+0100] {logging_mixin.py:190} INFO - [2025-02-20T12:22:35.717+0100] {dag.py:4180} INFO - Setting next_dagrun for example_weekday_branch_operator to 2025-02-19 00:00:00+00:00, run_after=2025-02-20 00:00:00+00:00
[2025-02-20T12:22:35.724+0100] {processor.py:208} INFO - Processing /Users/ajlakorman/Desktop/Data-Mining-Projects/Apache_Airflow/venv/lib/python3.10/site-packages/airflow/example_dags/example_branch_day_of_week_operator.py took 0.086 seconds
[2025-02-20T12:25:07.715+0100] {processor.py:186} INFO - Started process (PID=12597) to work on /Users/ajlakorman/Desktop/Data-Mining-Projects/Apache_Airflow/venv/lib/python3.10/site-packages/airflow/example_dags/example_branch_day_of_week_operator.py
[2025-02-20T12:25:07.716+0100] {processor.py:914} INFO - Processing file /Users/ajlakorman/Desktop/Data-Mining-Projects/Apache_Airflow/venv/lib/python3.10/site-packages/airflow/example_dags/example_branch_day_of_week_operator.py for tasks to queue
[2025-02-20T12:25:07.716+0100] {logging_mixin.py:190} INFO - [2025-02-20T12:25:07.716+0100] {dagbag.py:588} INFO - Filling up the DagBag from /Users/ajlakorman/Desktop/Data-Mining-Projects/Apache_Airflow/venv/lib/python3.10/site-packages/airflow/example_dags/example_branch_day_of_week_operator.py
[2025-02-20T12:25:07.722+0100] {processor.py:925} INFO - DAG(s) 'example_weekday_branch_operator' retrieved from /Users/ajlakorman/Desktop/Data-Mining-Projects/Apache_Airflow/venv/lib/python3.10/site-packages/airflow/example_dags/example_branch_day_of_week_operator.py
[2025-02-20T12:25:07.787+0100] {logging_mixin.py:190} INFO - [2025-02-20T12:25:07.787+0100] {dag.py:3239} INFO - Sync 1 DAGs
[2025-02-20T12:25:07.794+0100] {logging_mixin.py:190} INFO - [2025-02-20T12:25:07.794+0100] {dag.py:4180} INFO - Setting next_dagrun for example_weekday_branch_operator to 2025-02-19 00:00:00+00:00, run_after=2025-02-20 00:00:00+00:00
[2025-02-20T12:25:07.802+0100] {processor.py:208} INFO - Processing /Users/ajlakorman/Desktop/Data-Mining-Projects/Apache_Airflow/venv/lib/python3.10/site-packages/airflow/example_dags/example_branch_day_of_week_operator.py took 0.089 seconds
[2025-02-20T12:27:35.847+0100] {processor.py:186} INFO - Started process (PID=12933) to work on /Users/ajlakorman/Desktop/Data-Mining-Projects/Apache_Airflow/venv/lib/python3.10/site-packages/airflow/example_dags/example_branch_day_of_week_operator.py
[2025-02-20T12:27:35.848+0100] {processor.py:914} INFO - Processing file /Users/ajlakorman/Desktop/Data-Mining-Projects/Apache_Airflow/venv/lib/python3.10/site-packages/airflow/example_dags/example_branch_day_of_week_operator.py for tasks to queue
[2025-02-20T12:27:35.849+0100] {logging_mixin.py:190} INFO - [2025-02-20T12:27:35.848+0100] {dagbag.py:588} INFO - Filling up the DagBag from /Users/ajlakorman/Desktop/Data-Mining-Projects/Apache_Airflow/venv/lib/python3.10/site-packages/airflow/example_dags/example_branch_day_of_week_operator.py
[2025-02-20T12:27:35.854+0100] {processor.py:925} INFO - DAG(s) 'example_weekday_branch_operator' retrieved from /Users/ajlakorman/Desktop/Data-Mining-Projects/Apache_Airflow/venv/lib/python3.10/site-packages/airflow/example_dags/example_branch_day_of_week_operator.py
[2025-02-20T12:27:35.921+0100] {logging_mixin.py:190} INFO - [2025-02-20T12:27:35.920+0100] {dag.py:3239} INFO - Sync 1 DAGs
[2025-02-20T12:27:35.927+0100] {logging_mixin.py:190} INFO - [2025-02-20T12:27:35.927+0100] {dag.py:4180} INFO - Setting next_dagrun for example_weekday_branch_operator to 2025-02-19 00:00:00+00:00, run_after=2025-02-20 00:00:00+00:00
[2025-02-20T12:27:35.935+0100] {processor.py:208} INFO - Processing /Users/ajlakorman/Desktop/Data-Mining-Projects/Apache_Airflow/venv/lib/python3.10/site-packages/airflow/example_dags/example_branch_day_of_week_operator.py took 0.089 seconds
[2025-02-20T12:30:03.091+0100] {processor.py:186} INFO - Started process (PID=13210) to work on /Users/ajlakorman/Desktop/Data-Mining-Projects/Apache_Airflow/venv/lib/python3.10/site-packages/airflow/example_dags/example_branch_day_of_week_operator.py
[2025-02-20T12:30:03.092+0100] {processor.py:914} INFO - Processing file /Users/ajlakorman/Desktop/Data-Mining-Projects/Apache_Airflow/venv/lib/python3.10/site-packages/airflow/example_dags/example_branch_day_of_week_operator.py for tasks to queue
[2025-02-20T12:30:03.092+0100] {logging_mixin.py:190} INFO - [2025-02-20T12:30:03.092+0100] {dagbag.py:588} INFO - Filling up the DagBag from /Users/ajlakorman/Desktop/Data-Mining-Projects/Apache_Airflow/venv/lib/python3.10/site-packages/airflow/example_dags/example_branch_day_of_week_operator.py
[2025-02-20T12:30:03.099+0100] {processor.py:925} INFO - DAG(s) 'example_weekday_branch_operator' retrieved from /Users/ajlakorman/Desktop/Data-Mining-Projects/Apache_Airflow/venv/lib/python3.10/site-packages/airflow/example_dags/example_branch_day_of_week_operator.py
[2025-02-20T12:30:03.180+0100] {logging_mixin.py:190} INFO - [2025-02-20T12:30:03.179+0100] {dag.py:3239} INFO - Sync 1 DAGs
[2025-02-20T12:30:03.187+0100] {logging_mixin.py:190} INFO - [2025-02-20T12:30:03.187+0100] {dag.py:4180} INFO - Setting next_dagrun for example_weekday_branch_operator to 2025-02-19 00:00:00+00:00, run_after=2025-02-20 00:00:00+00:00
[2025-02-20T12:30:03.194+0100] {processor.py:208} INFO - Processing /Users/ajlakorman/Desktop/Data-Mining-Projects/Apache_Airflow/venv/lib/python3.10/site-packages/airflow/example_dags/example_branch_day_of_week_operator.py took 0.105 seconds
[2025-02-20T12:32:37.607+0100] {processor.py:186} INFO - Started process (PID=13564) to work on /Users/ajlakorman/Desktop/Data-Mining-Projects/Apache_Airflow/venv/lib/python3.10/site-packages/airflow/example_dags/example_branch_day_of_week_operator.py
[2025-02-20T12:32:37.608+0100] {processor.py:914} INFO - Processing file /Users/ajlakorman/Desktop/Data-Mining-Projects/Apache_Airflow/venv/lib/python3.10/site-packages/airflow/example_dags/example_branch_day_of_week_operator.py for tasks to queue
[2025-02-20T12:32:37.609+0100] {logging_mixin.py:190} INFO - [2025-02-20T12:32:37.609+0100] {dagbag.py:588} INFO - Filling up the DagBag from /Users/ajlakorman/Desktop/Data-Mining-Projects/Apache_Airflow/venv/lib/python3.10/site-packages/airflow/example_dags/example_branch_day_of_week_operator.py
[2025-02-20T12:32:37.615+0100] {processor.py:925} INFO - DAG(s) 'example_weekday_branch_operator' retrieved from /Users/ajlakorman/Desktop/Data-Mining-Projects/Apache_Airflow/venv/lib/python3.10/site-packages/airflow/example_dags/example_branch_day_of_week_operator.py
[2025-02-20T12:32:37.679+0100] {logging_mixin.py:190} INFO - [2025-02-20T12:32:37.679+0100] {dag.py:3239} INFO - Sync 1 DAGs
[2025-02-20T12:32:37.686+0100] {logging_mixin.py:190} INFO - [2025-02-20T12:32:37.686+0100] {dag.py:4180} INFO - Setting next_dagrun for example_weekday_branch_operator to 2025-02-19 00:00:00+00:00, run_after=2025-02-20 00:00:00+00:00
[2025-02-20T12:32:37.693+0100] {processor.py:208} INFO - Processing /Users/ajlakorman/Desktop/Data-Mining-Projects/Apache_Airflow/venv/lib/python3.10/site-packages/airflow/example_dags/example_branch_day_of_week_operator.py took 0.088 seconds
[2025-02-20T12:35:07.851+0100] {processor.py:186} INFO - Started process (PID=13871) to work on /Users/ajlakorman/Desktop/Data-Mining-Projects/Apache_Airflow/venv/lib/python3.10/site-packages/airflow/example_dags/example_branch_day_of_week_operator.py
[2025-02-20T12:35:07.852+0100] {processor.py:914} INFO - Processing file /Users/ajlakorman/Desktop/Data-Mining-Projects/Apache_Airflow/venv/lib/python3.10/site-packages/airflow/example_dags/example_branch_day_of_week_operator.py for tasks to queue
[2025-02-20T12:35:07.852+0100] {logging_mixin.py:190} INFO - [2025-02-20T12:35:07.852+0100] {dagbag.py:588} INFO - Filling up the DagBag from /Users/ajlakorman/Desktop/Data-Mining-Projects/Apache_Airflow/venv/lib/python3.10/site-packages/airflow/example_dags/example_branch_day_of_week_operator.py
[2025-02-20T12:35:07.858+0100] {processor.py:925} INFO - DAG(s) 'example_weekday_branch_operator' retrieved from /Users/ajlakorman/Desktop/Data-Mining-Projects/Apache_Airflow/venv/lib/python3.10/site-packages/airflow/example_dags/example_branch_day_of_week_operator.py
[2025-02-20T12:35:07.947+0100] {logging_mixin.py:190} INFO - [2025-02-20T12:35:07.947+0100] {dag.py:3239} INFO - Sync 1 DAGs
[2025-02-20T12:35:07.955+0100] {logging_mixin.py:190} INFO - [2025-02-20T12:35:07.955+0100] {dag.py:4180} INFO - Setting next_dagrun for example_weekday_branch_operator to 2025-02-19 00:00:00+00:00, run_after=2025-02-20 00:00:00+00:00
[2025-02-20T12:35:07.968+0100] {processor.py:208} INFO - Processing /Users/ajlakorman/Desktop/Data-Mining-Projects/Apache_Airflow/venv/lib/python3.10/site-packages/airflow/example_dags/example_branch_day_of_week_operator.py took 0.119 seconds
[2025-02-20T12:37:43.323+0100] {processor.py:186} INFO - Started process (PID=14279) to work on /Users/ajlakorman/Desktop/Data-Mining-Projects/Apache_Airflow/venv/lib/python3.10/site-packages/airflow/example_dags/example_branch_day_of_week_operator.py
[2025-02-20T12:37:43.324+0100] {processor.py:914} INFO - Processing file /Users/ajlakorman/Desktop/Data-Mining-Projects/Apache_Airflow/venv/lib/python3.10/site-packages/airflow/example_dags/example_branch_day_of_week_operator.py for tasks to queue
[2025-02-20T12:37:43.324+0100] {logging_mixin.py:190} INFO - [2025-02-20T12:37:43.324+0100] {dagbag.py:588} INFO - Filling up the DagBag from /Users/ajlakorman/Desktop/Data-Mining-Projects/Apache_Airflow/venv/lib/python3.10/site-packages/airflow/example_dags/example_branch_day_of_week_operator.py
[2025-02-20T12:37:43.329+0100] {processor.py:925} INFO - DAG(s) 'example_weekday_branch_operator' retrieved from /Users/ajlakorman/Desktop/Data-Mining-Projects/Apache_Airflow/venv/lib/python3.10/site-packages/airflow/example_dags/example_branch_day_of_week_operator.py
[2025-02-20T12:37:43.401+0100] {logging_mixin.py:190} INFO - [2025-02-20T12:37:43.401+0100] {dag.py:3239} INFO - Sync 1 DAGs
[2025-02-20T12:37:43.408+0100] {logging_mixin.py:190} INFO - [2025-02-20T12:37:43.408+0100] {dag.py:4180} INFO - Setting next_dagrun for example_weekday_branch_operator to 2025-02-19 00:00:00+00:00, run_after=2025-02-20 00:00:00+00:00
[2025-02-20T12:37:43.416+0100] {processor.py:208} INFO - Processing /Users/ajlakorman/Desktop/Data-Mining-Projects/Apache_Airflow/venv/lib/python3.10/site-packages/airflow/example_dags/example_branch_day_of_week_operator.py took 0.095 seconds
[2025-02-20T12:55:26.209+0100] {processor.py:186} INFO - Started process (PID=14638) to work on /Users/ajlakorman/Desktop/Data-Mining-Projects/Apache_Airflow/venv/lib/python3.10/site-packages/airflow/example_dags/example_branch_day_of_week_operator.py
[2025-02-20T12:55:26.209+0100] {processor.py:914} INFO - Processing file /Users/ajlakorman/Desktop/Data-Mining-Projects/Apache_Airflow/venv/lib/python3.10/site-packages/airflow/example_dags/example_branch_day_of_week_operator.py for tasks to queue
[2025-02-20T12:55:26.210+0100] {logging_mixin.py:190} INFO - [2025-02-20T12:55:26.210+0100] {dagbag.py:588} INFO - Filling up the DagBag from /Users/ajlakorman/Desktop/Data-Mining-Projects/Apache_Airflow/venv/lib/python3.10/site-packages/airflow/example_dags/example_branch_day_of_week_operator.py
[2025-02-20T12:55:26.215+0100] {processor.py:925} INFO - DAG(s) 'example_weekday_branch_operator' retrieved from /Users/ajlakorman/Desktop/Data-Mining-Projects/Apache_Airflow/venv/lib/python3.10/site-packages/airflow/example_dags/example_branch_day_of_week_operator.py
[2025-02-20T12:55:26.280+0100] {logging_mixin.py:190} INFO - [2025-02-20T12:55:26.279+0100] {dag.py:3239} INFO - Sync 1 DAGs
[2025-02-20T12:55:26.287+0100] {logging_mixin.py:190} INFO - [2025-02-20T12:55:26.287+0100] {dag.py:4180} INFO - Setting next_dagrun for example_weekday_branch_operator to 2025-02-19 00:00:00+00:00, run_after=2025-02-20 00:00:00+00:00
[2025-02-20T12:55:26.294+0100] {processor.py:208} INFO - Processing /Users/ajlakorman/Desktop/Data-Mining-Projects/Apache_Airflow/venv/lib/python3.10/site-packages/airflow/example_dags/example_branch_day_of_week_operator.py took 0.087 seconds
[2025-02-20T12:58:40.455+0100] {processor.py:186} INFO - Started process (PID=15002) to work on /Users/ajlakorman/Desktop/Data-Mining-Projects/Apache_Airflow/venv/lib/python3.10/site-packages/airflow/example_dags/example_branch_day_of_week_operator.py
[2025-02-20T12:58:40.457+0100] {processor.py:914} INFO - Processing file /Users/ajlakorman/Desktop/Data-Mining-Projects/Apache_Airflow/venv/lib/python3.10/site-packages/airflow/example_dags/example_branch_day_of_week_operator.py for tasks to queue
[2025-02-20T12:58:40.457+0100] {logging_mixin.py:190} INFO - [2025-02-20T12:58:40.457+0100] {dagbag.py:588} INFO - Filling up the DagBag from /Users/ajlakorman/Desktop/Data-Mining-Projects/Apache_Airflow/venv/lib/python3.10/site-packages/airflow/example_dags/example_branch_day_of_week_operator.py
[2025-02-20T12:58:40.464+0100] {processor.py:925} INFO - DAG(s) 'example_weekday_branch_operator' retrieved from /Users/ajlakorman/Desktop/Data-Mining-Projects/Apache_Airflow/venv/lib/python3.10/site-packages/airflow/example_dags/example_branch_day_of_week_operator.py
[2025-02-20T12:58:40.621+0100] {logging_mixin.py:190} INFO - [2025-02-20T12:58:40.621+0100] {dag.py:3239} INFO - Sync 1 DAGs
[2025-02-20T12:58:40.629+0100] {logging_mixin.py:190} INFO - [2025-02-20T12:58:40.629+0100] {dag.py:4180} INFO - Setting next_dagrun for example_weekday_branch_operator to 2025-02-19 00:00:00+00:00, run_after=2025-02-20 00:00:00+00:00
[2025-02-20T12:58:40.637+0100] {processor.py:208} INFO - Processing /Users/ajlakorman/Desktop/Data-Mining-Projects/Apache_Airflow/venv/lib/python3.10/site-packages/airflow/example_dags/example_branch_day_of_week_operator.py took 0.187 seconds
[2025-02-20T13:01:25.090+0100] {processor.py:186} INFO - Started process (PID=15237) to work on /Users/ajlakorman/Desktop/Data-Mining-Projects/Apache_Airflow/venv/lib/python3.10/site-packages/airflow/example_dags/example_branch_day_of_week_operator.py
[2025-02-20T13:01:25.091+0100] {processor.py:914} INFO - Processing file /Users/ajlakorman/Desktop/Data-Mining-Projects/Apache_Airflow/venv/lib/python3.10/site-packages/airflow/example_dags/example_branch_day_of_week_operator.py for tasks to queue
[2025-02-20T13:01:25.092+0100] {logging_mixin.py:190} INFO - [2025-02-20T13:01:25.092+0100] {dagbag.py:588} INFO - Filling up the DagBag from /Users/ajlakorman/Desktop/Data-Mining-Projects/Apache_Airflow/venv/lib/python3.10/site-packages/airflow/example_dags/example_branch_day_of_week_operator.py
[2025-02-20T13:01:25.097+0100] {processor.py:925} INFO - DAG(s) 'example_weekday_branch_operator' retrieved from /Users/ajlakorman/Desktop/Data-Mining-Projects/Apache_Airflow/venv/lib/python3.10/site-packages/airflow/example_dags/example_branch_day_of_week_operator.py
[2025-02-20T13:01:25.161+0100] {logging_mixin.py:190} INFO - [2025-02-20T13:01:25.161+0100] {dag.py:3239} INFO - Sync 1 DAGs
[2025-02-20T13:01:25.168+0100] {logging_mixin.py:190} INFO - [2025-02-20T13:01:25.168+0100] {dag.py:4180} INFO - Setting next_dagrun for example_weekday_branch_operator to 2025-02-19 00:00:00+00:00, run_after=2025-02-20 00:00:00+00:00
[2025-02-20T13:01:25.175+0100] {processor.py:208} INFO - Processing /Users/ajlakorman/Desktop/Data-Mining-Projects/Apache_Airflow/venv/lib/python3.10/site-packages/airflow/example_dags/example_branch_day_of_week_operator.py took 0.086 seconds
[2025-02-20T13:06:47.403+0100] {processor.py:186} INFO - Started process (PID=15466) to work on /Users/ajlakorman/Desktop/Data-Mining-Projects/Apache_Airflow/venv/lib/python3.10/site-packages/airflow/example_dags/example_branch_day_of_week_operator.py
[2025-02-20T13:06:47.404+0100] {processor.py:914} INFO - Processing file /Users/ajlakorman/Desktop/Data-Mining-Projects/Apache_Airflow/venv/lib/python3.10/site-packages/airflow/example_dags/example_branch_day_of_week_operator.py for tasks to queue
[2025-02-20T13:06:47.404+0100] {logging_mixin.py:190} INFO - [2025-02-20T13:06:47.404+0100] {dagbag.py:588} INFO - Filling up the DagBag from /Users/ajlakorman/Desktop/Data-Mining-Projects/Apache_Airflow/venv/lib/python3.10/site-packages/airflow/example_dags/example_branch_day_of_week_operator.py
[2025-02-20T13:06:47.409+0100] {processor.py:925} INFO - DAG(s) 'example_weekday_branch_operator' retrieved from /Users/ajlakorman/Desktop/Data-Mining-Projects/Apache_Airflow/venv/lib/python3.10/site-packages/airflow/example_dags/example_branch_day_of_week_operator.py
[2025-02-20T13:06:47.473+0100] {logging_mixin.py:190} INFO - [2025-02-20T13:06:47.473+0100] {dag.py:3239} INFO - Sync 1 DAGs
[2025-02-20T13:06:47.479+0100] {logging_mixin.py:190} INFO - [2025-02-20T13:06:47.479+0100] {dag.py:4180} INFO - Setting next_dagrun for example_weekday_branch_operator to 2025-02-19 00:00:00+00:00, run_after=2025-02-20 00:00:00+00:00
[2025-02-20T13:06:47.486+0100] {processor.py:208} INFO - Processing /Users/ajlakorman/Desktop/Data-Mining-Projects/Apache_Airflow/venv/lib/python3.10/site-packages/airflow/example_dags/example_branch_day_of_week_operator.py took 0.085 seconds
[2025-02-20T13:09:39.263+0100] {processor.py:186} INFO - Started process (PID=15881) to work on /Users/ajlakorman/Desktop/Data-Mining-Projects/Apache_Airflow/venv/lib/python3.10/site-packages/airflow/example_dags/example_branch_day_of_week_operator.py
[2025-02-20T13:09:39.264+0100] {processor.py:914} INFO - Processing file /Users/ajlakorman/Desktop/Data-Mining-Projects/Apache_Airflow/venv/lib/python3.10/site-packages/airflow/example_dags/example_branch_day_of_week_operator.py for tasks to queue
[2025-02-20T13:09:39.264+0100] {logging_mixin.py:190} INFO - [2025-02-20T13:09:39.264+0100] {dagbag.py:588} INFO - Filling up the DagBag from /Users/ajlakorman/Desktop/Data-Mining-Projects/Apache_Airflow/venv/lib/python3.10/site-packages/airflow/example_dags/example_branch_day_of_week_operator.py
[2025-02-20T13:09:39.269+0100] {processor.py:925} INFO - DAG(s) 'example_weekday_branch_operator' retrieved from /Users/ajlakorman/Desktop/Data-Mining-Projects/Apache_Airflow/venv/lib/python3.10/site-packages/airflow/example_dags/example_branch_day_of_week_operator.py
[2025-02-20T13:09:39.340+0100] {logging_mixin.py:190} INFO - [2025-02-20T13:09:39.339+0100] {dag.py:3239} INFO - Sync 1 DAGs
[2025-02-20T13:09:39.350+0100] {logging_mixin.py:190} INFO - [2025-02-20T13:09:39.350+0100] {dag.py:4180} INFO - Setting next_dagrun for example_weekday_branch_operator to 2025-02-19 00:00:00+00:00, run_after=2025-02-20 00:00:00+00:00
[2025-02-20T13:09:39.358+0100] {processor.py:208} INFO - Processing /Users/ajlakorman/Desktop/Data-Mining-Projects/Apache_Airflow/venv/lib/python3.10/site-packages/airflow/example_dags/example_branch_day_of_week_operator.py took 0.097 seconds
[2025-02-20T13:12:27.311+0100] {processor.py:186} INFO - Started process (PID=16144) to work on /Users/ajlakorman/Desktop/Data-Mining-Projects/Apache_Airflow/venv/lib/python3.10/site-packages/airflow/example_dags/example_branch_day_of_week_operator.py
[2025-02-20T13:12:27.312+0100] {processor.py:914} INFO - Processing file /Users/ajlakorman/Desktop/Data-Mining-Projects/Apache_Airflow/venv/lib/python3.10/site-packages/airflow/example_dags/example_branch_day_of_week_operator.py for tasks to queue
[2025-02-20T13:12:27.313+0100] {logging_mixin.py:190} INFO - [2025-02-20T13:12:27.313+0100] {dagbag.py:588} INFO - Filling up the DagBag from /Users/ajlakorman/Desktop/Data-Mining-Projects/Apache_Airflow/venv/lib/python3.10/site-packages/airflow/example_dags/example_branch_day_of_week_operator.py
[2025-02-20T13:12:27.318+0100] {processor.py:925} INFO - DAG(s) 'example_weekday_branch_operator' retrieved from /Users/ajlakorman/Desktop/Data-Mining-Projects/Apache_Airflow/venv/lib/python3.10/site-packages/airflow/example_dags/example_branch_day_of_week_operator.py
[2025-02-20T13:12:27.383+0100] {logging_mixin.py:190} INFO - [2025-02-20T13:12:27.383+0100] {dag.py:3239} INFO - Sync 1 DAGs
[2025-02-20T13:12:27.390+0100] {logging_mixin.py:190} INFO - [2025-02-20T13:12:27.390+0100] {dag.py:4180} INFO - Setting next_dagrun for example_weekday_branch_operator to 2025-02-19 00:00:00+00:00, run_after=2025-02-20 00:00:00+00:00
[2025-02-20T13:12:27.397+0100] {processor.py:208} INFO - Processing /Users/ajlakorman/Desktop/Data-Mining-Projects/Apache_Airflow/venv/lib/python3.10/site-packages/airflow/example_dags/example_branch_day_of_week_operator.py took 0.089 seconds
[2025-02-20T13:15:30.897+0100] {processor.py:186} INFO - Started process (PID=16437) to work on /Users/ajlakorman/Desktop/Data-Mining-Projects/Apache_Airflow/venv/lib/python3.10/site-packages/airflow/example_dags/example_branch_day_of_week_operator.py
[2025-02-20T13:15:30.899+0100] {processor.py:914} INFO - Processing file /Users/ajlakorman/Desktop/Data-Mining-Projects/Apache_Airflow/venv/lib/python3.10/site-packages/airflow/example_dags/example_branch_day_of_week_operator.py for tasks to queue
[2025-02-20T13:15:30.899+0100] {logging_mixin.py:190} INFO - [2025-02-20T13:15:30.899+0100] {dagbag.py:588} INFO - Filling up the DagBag from /Users/ajlakorman/Desktop/Data-Mining-Projects/Apache_Airflow/venv/lib/python3.10/site-packages/airflow/example_dags/example_branch_day_of_week_operator.py
[2025-02-20T13:15:30.904+0100] {processor.py:925} INFO - DAG(s) 'example_weekday_branch_operator' retrieved from /Users/ajlakorman/Desktop/Data-Mining-Projects/Apache_Airflow/venv/lib/python3.10/site-packages/airflow/example_dags/example_branch_day_of_week_operator.py
[2025-02-20T13:15:30.973+0100] {logging_mixin.py:190} INFO - [2025-02-20T13:15:30.973+0100] {dag.py:3239} INFO - Sync 1 DAGs
[2025-02-20T13:15:30.982+0100] {logging_mixin.py:190} INFO - [2025-02-20T13:15:30.982+0100] {dag.py:4180} INFO - Setting next_dagrun for example_weekday_branch_operator to 2025-02-19 00:00:00+00:00, run_after=2025-02-20 00:00:00+00:00
[2025-02-20T13:15:30.993+0100] {processor.py:208} INFO - Processing /Users/ajlakorman/Desktop/Data-Mining-Projects/Apache_Airflow/venv/lib/python3.10/site-packages/airflow/example_dags/example_branch_day_of_week_operator.py took 0.097 seconds
[2025-02-20T13:18:38.699+0100] {processor.py:186} INFO - Started process (PID=16871) to work on /Users/ajlakorman/Desktop/Data-Mining-Projects/Apache_Airflow/venv/lib/python3.10/site-packages/airflow/example_dags/example_branch_day_of_week_operator.py
[2025-02-20T13:18:38.700+0100] {processor.py:914} INFO - Processing file /Users/ajlakorman/Desktop/Data-Mining-Projects/Apache_Airflow/venv/lib/python3.10/site-packages/airflow/example_dags/example_branch_day_of_week_operator.py for tasks to queue
[2025-02-20T13:18:38.700+0100] {logging_mixin.py:190} INFO - [2025-02-20T13:18:38.700+0100] {dagbag.py:588} INFO - Filling up the DagBag from /Users/ajlakorman/Desktop/Data-Mining-Projects/Apache_Airflow/venv/lib/python3.10/site-packages/airflow/example_dags/example_branch_day_of_week_operator.py
[2025-02-20T13:18:38.708+0100] {processor.py:925} INFO - DAG(s) 'example_weekday_branch_operator' retrieved from /Users/ajlakorman/Desktop/Data-Mining-Projects/Apache_Airflow/venv/lib/python3.10/site-packages/airflow/example_dags/example_branch_day_of_week_operator.py
[2025-02-20T13:18:38.779+0100] {logging_mixin.py:190} INFO - [2025-02-20T13:18:38.779+0100] {dag.py:3239} INFO - Sync 1 DAGs
[2025-02-20T13:18:38.788+0100] {logging_mixin.py:190} INFO - [2025-02-20T13:18:38.788+0100] {dag.py:4180} INFO - Setting next_dagrun for example_weekday_branch_operator to 2025-02-19 00:00:00+00:00, run_after=2025-02-20 00:00:00+00:00
[2025-02-20T13:18:38.796+0100] {processor.py:208} INFO - Processing /Users/ajlakorman/Desktop/Data-Mining-Projects/Apache_Airflow/venv/lib/python3.10/site-packages/airflow/example_dags/example_branch_day_of_week_operator.py took 0.099 seconds
[2025-02-20T13:21:38.936+0100] {processor.py:186} INFO - Started process (PID=17139) to work on /Users/ajlakorman/Desktop/Data-Mining-Projects/Apache_Airflow/venv/lib/python3.10/site-packages/airflow/example_dags/example_branch_day_of_week_operator.py
[2025-02-20T13:21:38.937+0100] {processor.py:914} INFO - Processing file /Users/ajlakorman/Desktop/Data-Mining-Projects/Apache_Airflow/venv/lib/python3.10/site-packages/airflow/example_dags/example_branch_day_of_week_operator.py for tasks to queue
[2025-02-20T13:21:38.937+0100] {logging_mixin.py:190} INFO - [2025-02-20T13:21:38.937+0100] {dagbag.py:588} INFO - Filling up the DagBag from /Users/ajlakorman/Desktop/Data-Mining-Projects/Apache_Airflow/venv/lib/python3.10/site-packages/airflow/example_dags/example_branch_day_of_week_operator.py
[2025-02-20T13:21:38.942+0100] {processor.py:925} INFO - DAG(s) 'example_weekday_branch_operator' retrieved from /Users/ajlakorman/Desktop/Data-Mining-Projects/Apache_Airflow/venv/lib/python3.10/site-packages/airflow/example_dags/example_branch_day_of_week_operator.py
[2025-02-20T13:21:39.009+0100] {logging_mixin.py:190} INFO - [2025-02-20T13:21:39.009+0100] {dag.py:3239} INFO - Sync 1 DAGs
[2025-02-20T13:21:39.016+0100] {logging_mixin.py:190} INFO - [2025-02-20T13:21:39.016+0100] {dag.py:4180} INFO - Setting next_dagrun for example_weekday_branch_operator to 2025-02-19 00:00:00+00:00, run_after=2025-02-20 00:00:00+00:00
[2025-02-20T13:21:39.023+0100] {processor.py:208} INFO - Processing /Users/ajlakorman/Desktop/Data-Mining-Projects/Apache_Airflow/venv/lib/python3.10/site-packages/airflow/example_dags/example_branch_day_of_week_operator.py took 0.089 seconds
[2025-02-20T13:24:17.975+0100] {processor.py:186} INFO - Started process (PID=17442) to work on /Users/ajlakorman/Desktop/Data-Mining-Projects/Apache_Airflow/venv/lib/python3.10/site-packages/airflow/example_dags/example_branch_day_of_week_operator.py
[2025-02-20T13:24:17.976+0100] {processor.py:914} INFO - Processing file /Users/ajlakorman/Desktop/Data-Mining-Projects/Apache_Airflow/venv/lib/python3.10/site-packages/airflow/example_dags/example_branch_day_of_week_operator.py for tasks to queue
[2025-02-20T13:24:17.977+0100] {logging_mixin.py:190} INFO - [2025-02-20T13:24:17.977+0100] {dagbag.py:588} INFO - Filling up the DagBag from /Users/ajlakorman/Desktop/Data-Mining-Projects/Apache_Airflow/venv/lib/python3.10/site-packages/airflow/example_dags/example_branch_day_of_week_operator.py
[2025-02-20T13:24:17.985+0100] {processor.py:925} INFO - DAG(s) 'example_weekday_branch_operator' retrieved from /Users/ajlakorman/Desktop/Data-Mining-Projects/Apache_Airflow/venv/lib/python3.10/site-packages/airflow/example_dags/example_branch_day_of_week_operator.py
[2025-02-20T13:24:18.059+0100] {logging_mixin.py:190} INFO - [2025-02-20T13:24:18.059+0100] {dag.py:3239} INFO - Sync 1 DAGs
[2025-02-20T13:24:18.066+0100] {logging_mixin.py:190} INFO - [2025-02-20T13:24:18.066+0100] {dag.py:4180} INFO - Setting next_dagrun for example_weekday_branch_operator to 2025-02-19 00:00:00+00:00, run_after=2025-02-20 00:00:00+00:00
[2025-02-20T13:24:18.074+0100] {processor.py:208} INFO - Processing /Users/ajlakorman/Desktop/Data-Mining-Projects/Apache_Airflow/venv/lib/python3.10/site-packages/airflow/example_dags/example_branch_day_of_week_operator.py took 0.101 seconds
[2025-02-20T13:26:56.106+0100] {processor.py:186} INFO - Started process (PID=17644) to work on /Users/ajlakorman/Desktop/Data-Mining-Projects/Apache_Airflow/venv/lib/python3.10/site-packages/airflow/example_dags/example_branch_day_of_week_operator.py
[2025-02-20T13:26:56.106+0100] {processor.py:914} INFO - Processing file /Users/ajlakorman/Desktop/Data-Mining-Projects/Apache_Airflow/venv/lib/python3.10/site-packages/airflow/example_dags/example_branch_day_of_week_operator.py for tasks to queue
[2025-02-20T13:26:56.107+0100] {logging_mixin.py:190} INFO - [2025-02-20T13:26:56.107+0100] {dagbag.py:588} INFO - Filling up the DagBag from /Users/ajlakorman/Desktop/Data-Mining-Projects/Apache_Airflow/venv/lib/python3.10/site-packages/airflow/example_dags/example_branch_day_of_week_operator.py
[2025-02-20T13:26:56.112+0100] {processor.py:925} INFO - DAG(s) 'example_weekday_branch_operator' retrieved from /Users/ajlakorman/Desktop/Data-Mining-Projects/Apache_Airflow/venv/lib/python3.10/site-packages/airflow/example_dags/example_branch_day_of_week_operator.py
[2025-02-20T13:26:56.177+0100] {logging_mixin.py:190} INFO - [2025-02-20T13:26:56.177+0100] {dag.py:3239} INFO - Sync 1 DAGs
[2025-02-20T13:26:56.183+0100] {logging_mixin.py:190} INFO - [2025-02-20T13:26:56.183+0100] {dag.py:4180} INFO - Setting next_dagrun for example_weekday_branch_operator to 2025-02-19 00:00:00+00:00, run_after=2025-02-20 00:00:00+00:00
[2025-02-20T13:26:56.191+0100] {processor.py:208} INFO - Processing /Users/ajlakorman/Desktop/Data-Mining-Projects/Apache_Airflow/venv/lib/python3.10/site-packages/airflow/example_dags/example_branch_day_of_week_operator.py took 0.086 seconds
[2025-02-20T13:29:33.856+0100] {processor.py:186} INFO - Started process (PID=18007) to work on /Users/ajlakorman/Desktop/Data-Mining-Projects/Apache_Airflow/venv/lib/python3.10/site-packages/airflow/example_dags/example_branch_day_of_week_operator.py
[2025-02-20T13:29:33.858+0100] {processor.py:914} INFO - Processing file /Users/ajlakorman/Desktop/Data-Mining-Projects/Apache_Airflow/venv/lib/python3.10/site-packages/airflow/example_dags/example_branch_day_of_week_operator.py for tasks to queue
[2025-02-20T13:29:33.858+0100] {logging_mixin.py:190} INFO - [2025-02-20T13:29:33.858+0100] {dagbag.py:588} INFO - Filling up the DagBag from /Users/ajlakorman/Desktop/Data-Mining-Projects/Apache_Airflow/venv/lib/python3.10/site-packages/airflow/example_dags/example_branch_day_of_week_operator.py
[2025-02-20T13:29:33.864+0100] {processor.py:925} INFO - DAG(s) 'example_weekday_branch_operator' retrieved from /Users/ajlakorman/Desktop/Data-Mining-Projects/Apache_Airflow/venv/lib/python3.10/site-packages/airflow/example_dags/example_branch_day_of_week_operator.py
[2025-02-20T13:29:33.928+0100] {logging_mixin.py:190} INFO - [2025-02-20T13:29:33.928+0100] {dag.py:3239} INFO - Sync 1 DAGs
[2025-02-20T13:29:33.935+0100] {logging_mixin.py:190} INFO - [2025-02-20T13:29:33.935+0100] {dag.py:4180} INFO - Setting next_dagrun for example_weekday_branch_operator to 2025-02-19 00:00:00+00:00, run_after=2025-02-20 00:00:00+00:00
[2025-02-20T13:29:33.944+0100] {processor.py:208} INFO - Processing /Users/ajlakorman/Desktop/Data-Mining-Projects/Apache_Airflow/venv/lib/python3.10/site-packages/airflow/example_dags/example_branch_day_of_week_operator.py took 0.089 seconds
[2025-02-20T13:32:11.608+0100] {processor.py:186} INFO - Started process (PID=18214) to work on /Users/ajlakorman/Desktop/Data-Mining-Projects/Apache_Airflow/venv/lib/python3.10/site-packages/airflow/example_dags/example_branch_day_of_week_operator.py
[2025-02-20T13:32:11.609+0100] {processor.py:914} INFO - Processing file /Users/ajlakorman/Desktop/Data-Mining-Projects/Apache_Airflow/venv/lib/python3.10/site-packages/airflow/example_dags/example_branch_day_of_week_operator.py for tasks to queue
[2025-02-20T13:32:11.609+0100] {logging_mixin.py:190} INFO - [2025-02-20T13:32:11.609+0100] {dagbag.py:588} INFO - Filling up the DagBag from /Users/ajlakorman/Desktop/Data-Mining-Projects/Apache_Airflow/venv/lib/python3.10/site-packages/airflow/example_dags/example_branch_day_of_week_operator.py
[2025-02-20T13:32:11.614+0100] {processor.py:925} INFO - DAG(s) 'example_weekday_branch_operator' retrieved from /Users/ajlakorman/Desktop/Data-Mining-Projects/Apache_Airflow/venv/lib/python3.10/site-packages/airflow/example_dags/example_branch_day_of_week_operator.py
[2025-02-20T13:32:11.679+0100] {logging_mixin.py:190} INFO - [2025-02-20T13:32:11.678+0100] {dag.py:3239} INFO - Sync 1 DAGs
[2025-02-20T13:32:11.685+0100] {logging_mixin.py:190} INFO - [2025-02-20T13:32:11.685+0100] {dag.py:4180} INFO - Setting next_dagrun for example_weekday_branch_operator to 2025-02-19 00:00:00+00:00, run_after=2025-02-20 00:00:00+00:00
[2025-02-20T13:32:11.692+0100] {processor.py:208} INFO - Processing /Users/ajlakorman/Desktop/Data-Mining-Projects/Apache_Airflow/venv/lib/python3.10/site-packages/airflow/example_dags/example_branch_day_of_week_operator.py took 0.086 seconds
[2025-02-20T13:34:52.469+0100] {processor.py:186} INFO - Started process (PID=18409) to work on /Users/ajlakorman/Desktop/Data-Mining-Projects/Apache_Airflow/venv/lib/python3.10/site-packages/airflow/example_dags/example_branch_day_of_week_operator.py
[2025-02-20T13:34:52.471+0100] {processor.py:914} INFO - Processing file /Users/ajlakorman/Desktop/Data-Mining-Projects/Apache_Airflow/venv/lib/python3.10/site-packages/airflow/example_dags/example_branch_day_of_week_operator.py for tasks to queue
[2025-02-20T13:34:52.472+0100] {logging_mixin.py:190} INFO - [2025-02-20T13:34:52.472+0100] {dagbag.py:588} INFO - Filling up the DagBag from /Users/ajlakorman/Desktop/Data-Mining-Projects/Apache_Airflow/venv/lib/python3.10/site-packages/airflow/example_dags/example_branch_day_of_week_operator.py
[2025-02-20T13:34:52.477+0100] {processor.py:925} INFO - DAG(s) 'example_weekday_branch_operator' retrieved from /Users/ajlakorman/Desktop/Data-Mining-Projects/Apache_Airflow/venv/lib/python3.10/site-packages/airflow/example_dags/example_branch_day_of_week_operator.py
[2025-02-20T13:34:52.555+0100] {logging_mixin.py:190} INFO - [2025-02-20T13:34:52.554+0100] {dag.py:3239} INFO - Sync 1 DAGs
[2025-02-20T13:34:52.563+0100] {logging_mixin.py:190} INFO - [2025-02-20T13:34:52.563+0100] {dag.py:4180} INFO - Setting next_dagrun for example_weekday_branch_operator to 2025-02-19 00:00:00+00:00, run_after=2025-02-20 00:00:00+00:00
[2025-02-20T13:34:52.570+0100] {processor.py:208} INFO - Processing /Users/ajlakorman/Desktop/Data-Mining-Projects/Apache_Airflow/venv/lib/python3.10/site-packages/airflow/example_dags/example_branch_day_of_week_operator.py took 0.103 seconds
[2025-02-20T13:37:37.217+0100] {processor.py:186} INFO - Started process (PID=18849) to work on /Users/ajlakorman/Desktop/Data-Mining-Projects/Apache_Airflow/venv/lib/python3.10/site-packages/airflow/example_dags/example_branch_day_of_week_operator.py
[2025-02-20T13:37:37.218+0100] {processor.py:914} INFO - Processing file /Users/ajlakorman/Desktop/Data-Mining-Projects/Apache_Airflow/venv/lib/python3.10/site-packages/airflow/example_dags/example_branch_day_of_week_operator.py for tasks to queue
[2025-02-20T13:37:37.219+0100] {logging_mixin.py:190} INFO - [2025-02-20T13:37:37.219+0100] {dagbag.py:588} INFO - Filling up the DagBag from /Users/ajlakorman/Desktop/Data-Mining-Projects/Apache_Airflow/venv/lib/python3.10/site-packages/airflow/example_dags/example_branch_day_of_week_operator.py
[2025-02-20T13:37:37.224+0100] {processor.py:925} INFO - DAG(s) 'example_weekday_branch_operator' retrieved from /Users/ajlakorman/Desktop/Data-Mining-Projects/Apache_Airflow/venv/lib/python3.10/site-packages/airflow/example_dags/example_branch_day_of_week_operator.py
[2025-02-20T13:37:37.289+0100] {logging_mixin.py:190} INFO - [2025-02-20T13:37:37.289+0100] {dag.py:3239} INFO - Sync 1 DAGs
[2025-02-20T13:37:37.295+0100] {logging_mixin.py:190} INFO - [2025-02-20T13:37:37.295+0100] {dag.py:4180} INFO - Setting next_dagrun for example_weekday_branch_operator to 2025-02-19 00:00:00+00:00, run_after=2025-02-20 00:00:00+00:00
[2025-02-20T13:37:37.303+0100] {processor.py:208} INFO - Processing /Users/ajlakorman/Desktop/Data-Mining-Projects/Apache_Airflow/venv/lib/python3.10/site-packages/airflow/example_dags/example_branch_day_of_week_operator.py took 0.087 seconds
[2025-02-20T13:40:16.949+0100] {processor.py:186} INFO - Started process (PID=19319) to work on /Users/ajlakorman/Desktop/Data-Mining-Projects/Apache_Airflow/venv/lib/python3.10/site-packages/airflow/example_dags/example_branch_day_of_week_operator.py
[2025-02-20T13:40:16.949+0100] {processor.py:914} INFO - Processing file /Users/ajlakorman/Desktop/Data-Mining-Projects/Apache_Airflow/venv/lib/python3.10/site-packages/airflow/example_dags/example_branch_day_of_week_operator.py for tasks to queue
[2025-02-20T13:40:16.950+0100] {logging_mixin.py:190} INFO - [2025-02-20T13:40:16.950+0100] {dagbag.py:588} INFO - Filling up the DagBag from /Users/ajlakorman/Desktop/Data-Mining-Projects/Apache_Airflow/venv/lib/python3.10/site-packages/airflow/example_dags/example_branch_day_of_week_operator.py
[2025-02-20T13:40:16.954+0100] {processor.py:925} INFO - DAG(s) 'example_weekday_branch_operator' retrieved from /Users/ajlakorman/Desktop/Data-Mining-Projects/Apache_Airflow/venv/lib/python3.10/site-packages/airflow/example_dags/example_branch_day_of_week_operator.py
[2025-02-20T13:40:17.021+0100] {logging_mixin.py:190} INFO - [2025-02-20T13:40:17.020+0100] {dag.py:3239} INFO - Sync 1 DAGs
[2025-02-20T13:40:17.027+0100] {logging_mixin.py:190} INFO - [2025-02-20T13:40:17.027+0100] {dag.py:4180} INFO - Setting next_dagrun for example_weekday_branch_operator to 2025-02-19 00:00:00+00:00, run_after=2025-02-20 00:00:00+00:00
[2025-02-20T13:40:17.034+0100] {processor.py:208} INFO - Processing /Users/ajlakorman/Desktop/Data-Mining-Projects/Apache_Airflow/venv/lib/python3.10/site-packages/airflow/example_dags/example_branch_day_of_week_operator.py took 0.087 seconds
[2025-02-20T13:43:08.508+0100] {processor.py:186} INFO - Started process (PID=19637) to work on /Users/ajlakorman/Desktop/Data-Mining-Projects/Apache_Airflow/venv/lib/python3.10/site-packages/airflow/example_dags/example_branch_day_of_week_operator.py
[2025-02-20T13:43:08.509+0100] {processor.py:914} INFO - Processing file /Users/ajlakorman/Desktop/Data-Mining-Projects/Apache_Airflow/venv/lib/python3.10/site-packages/airflow/example_dags/example_branch_day_of_week_operator.py for tasks to queue
[2025-02-20T13:43:08.510+0100] {logging_mixin.py:190} INFO - [2025-02-20T13:43:08.510+0100] {dagbag.py:588} INFO - Filling up the DagBag from /Users/ajlakorman/Desktop/Data-Mining-Projects/Apache_Airflow/venv/lib/python3.10/site-packages/airflow/example_dags/example_branch_day_of_week_operator.py
[2025-02-20T13:43:08.515+0100] {processor.py:925} INFO - DAG(s) 'example_weekday_branch_operator' retrieved from /Users/ajlakorman/Desktop/Data-Mining-Projects/Apache_Airflow/venv/lib/python3.10/site-packages/airflow/example_dags/example_branch_day_of_week_operator.py
[2025-02-20T13:43:08.584+0100] {logging_mixin.py:190} INFO - [2025-02-20T13:43:08.584+0100] {dag.py:3239} INFO - Sync 1 DAGs
[2025-02-20T13:43:08.591+0100] {logging_mixin.py:190} INFO - [2025-02-20T13:43:08.591+0100] {dag.py:4180} INFO - Setting next_dagrun for example_weekday_branch_operator to 2025-02-19 00:00:00+00:00, run_after=2025-02-20 00:00:00+00:00
[2025-02-20T13:43:08.599+0100] {processor.py:208} INFO - Processing /Users/ajlakorman/Desktop/Data-Mining-Projects/Apache_Airflow/venv/lib/python3.10/site-packages/airflow/example_dags/example_branch_day_of_week_operator.py took 0.092 seconds
[2025-02-20T13:46:06.299+0100] {processor.py:186} INFO - Started process (PID=20182) to work on /Users/ajlakorman/Desktop/Data-Mining-Projects/Apache_Airflow/venv/lib/python3.10/site-packages/airflow/example_dags/example_branch_day_of_week_operator.py
[2025-02-20T13:46:06.300+0100] {processor.py:914} INFO - Processing file /Users/ajlakorman/Desktop/Data-Mining-Projects/Apache_Airflow/venv/lib/python3.10/site-packages/airflow/example_dags/example_branch_day_of_week_operator.py for tasks to queue
[2025-02-20T13:46:06.301+0100] {logging_mixin.py:190} INFO - [2025-02-20T13:46:06.300+0100] {dagbag.py:588} INFO - Filling up the DagBag from /Users/ajlakorman/Desktop/Data-Mining-Projects/Apache_Airflow/venv/lib/python3.10/site-packages/airflow/example_dags/example_branch_day_of_week_operator.py
[2025-02-20T13:46:06.311+0100] {processor.py:925} INFO - DAG(s) 'example_weekday_branch_operator' retrieved from /Users/ajlakorman/Desktop/Data-Mining-Projects/Apache_Airflow/venv/lib/python3.10/site-packages/airflow/example_dags/example_branch_day_of_week_operator.py
[2025-02-20T13:46:06.539+0100] {logging_mixin.py:190} INFO - [2025-02-20T13:46:06.539+0100] {dag.py:3239} INFO - Sync 1 DAGs
[2025-02-20T13:46:06.547+0100] {logging_mixin.py:190} INFO - [2025-02-20T13:46:06.546+0100] {dag.py:4180} INFO - Setting next_dagrun for example_weekday_branch_operator to 2025-02-19 00:00:00+00:00, run_after=2025-02-20 00:00:00+00:00
[2025-02-20T13:46:06.554+0100] {processor.py:208} INFO - Processing /Users/ajlakorman/Desktop/Data-Mining-Projects/Apache_Airflow/venv/lib/python3.10/site-packages/airflow/example_dags/example_branch_day_of_week_operator.py took 0.259 seconds
[2025-02-20T13:49:06.735+0100] {processor.py:186} INFO - Started process (PID=20712) to work on /Users/ajlakorman/Desktop/Data-Mining-Projects/Apache_Airflow/venv/lib/python3.10/site-packages/airflow/example_dags/example_branch_day_of_week_operator.py
[2025-02-20T13:49:06.737+0100] {processor.py:914} INFO - Processing file /Users/ajlakorman/Desktop/Data-Mining-Projects/Apache_Airflow/venv/lib/python3.10/site-packages/airflow/example_dags/example_branch_day_of_week_operator.py for tasks to queue
[2025-02-20T13:49:06.738+0100] {logging_mixin.py:190} INFO - [2025-02-20T13:49:06.738+0100] {dagbag.py:588} INFO - Filling up the DagBag from /Users/ajlakorman/Desktop/Data-Mining-Projects/Apache_Airflow/venv/lib/python3.10/site-packages/airflow/example_dags/example_branch_day_of_week_operator.py
[2025-02-20T13:49:06.743+0100] {processor.py:925} INFO - DAG(s) 'example_weekday_branch_operator' retrieved from /Users/ajlakorman/Desktop/Data-Mining-Projects/Apache_Airflow/venv/lib/python3.10/site-packages/airflow/example_dags/example_branch_day_of_week_operator.py
[2025-02-20T13:49:06.812+0100] {logging_mixin.py:190} INFO - [2025-02-20T13:49:06.812+0100] {dag.py:3239} INFO - Sync 1 DAGs
[2025-02-20T13:49:06.819+0100] {logging_mixin.py:190} INFO - [2025-02-20T13:49:06.819+0100] {dag.py:4180} INFO - Setting next_dagrun for example_weekday_branch_operator to 2025-02-19 00:00:00+00:00, run_after=2025-02-20 00:00:00+00:00
[2025-02-20T13:49:06.826+0100] {processor.py:208} INFO - Processing /Users/ajlakorman/Desktop/Data-Mining-Projects/Apache_Airflow/venv/lib/python3.10/site-packages/airflow/example_dags/example_branch_day_of_week_operator.py took 0.094 seconds
[2025-02-20T13:52:02.243+0100] {processor.py:186} INFO - Started process (PID=20982) to work on /Users/ajlakorman/Desktop/Data-Mining-Projects/Apache_Airflow/venv/lib/python3.10/site-packages/airflow/example_dags/example_branch_day_of_week_operator.py
[2025-02-20T13:52:02.244+0100] {processor.py:914} INFO - Processing file /Users/ajlakorman/Desktop/Data-Mining-Projects/Apache_Airflow/venv/lib/python3.10/site-packages/airflow/example_dags/example_branch_day_of_week_operator.py for tasks to queue
[2025-02-20T13:52:02.245+0100] {logging_mixin.py:190} INFO - [2025-02-20T13:52:02.245+0100] {dagbag.py:588} INFO - Filling up the DagBag from /Users/ajlakorman/Desktop/Data-Mining-Projects/Apache_Airflow/venv/lib/python3.10/site-packages/airflow/example_dags/example_branch_day_of_week_operator.py
[2025-02-20T13:52:02.256+0100] {processor.py:925} INFO - DAG(s) 'example_weekday_branch_operator' retrieved from /Users/ajlakorman/Desktop/Data-Mining-Projects/Apache_Airflow/venv/lib/python3.10/site-packages/airflow/example_dags/example_branch_day_of_week_operator.py
[2025-02-20T13:52:02.323+0100] {logging_mixin.py:190} INFO - [2025-02-20T13:52:02.323+0100] {dag.py:3239} INFO - Sync 1 DAGs
[2025-02-20T13:52:02.330+0100] {logging_mixin.py:190} INFO - [2025-02-20T13:52:02.330+0100] {dag.py:4180} INFO - Setting next_dagrun for example_weekday_branch_operator to 2025-02-19 00:00:00+00:00, run_after=2025-02-20 00:00:00+00:00
[2025-02-20T13:52:02.338+0100] {processor.py:208} INFO - Processing /Users/ajlakorman/Desktop/Data-Mining-Projects/Apache_Airflow/venv/lib/python3.10/site-packages/airflow/example_dags/example_branch_day_of_week_operator.py took 0.096 seconds
[2025-02-20T13:54:53.263+0100] {processor.py:186} INFO - Started process (PID=21236) to work on /Users/ajlakorman/Desktop/Data-Mining-Projects/Apache_Airflow/venv/lib/python3.10/site-packages/airflow/example_dags/example_branch_day_of_week_operator.py
[2025-02-20T13:54:53.265+0100] {processor.py:914} INFO - Processing file /Users/ajlakorman/Desktop/Data-Mining-Projects/Apache_Airflow/venv/lib/python3.10/site-packages/airflow/example_dags/example_branch_day_of_week_operator.py for tasks to queue
[2025-02-20T13:54:53.265+0100] {logging_mixin.py:190} INFO - [2025-02-20T13:54:53.265+0100] {dagbag.py:588} INFO - Filling up the DagBag from /Users/ajlakorman/Desktop/Data-Mining-Projects/Apache_Airflow/venv/lib/python3.10/site-packages/airflow/example_dags/example_branch_day_of_week_operator.py
[2025-02-20T13:54:53.270+0100] {processor.py:925} INFO - DAG(s) 'example_weekday_branch_operator' retrieved from /Users/ajlakorman/Desktop/Data-Mining-Projects/Apache_Airflow/venv/lib/python3.10/site-packages/airflow/example_dags/example_branch_day_of_week_operator.py
[2025-02-20T13:54:53.348+0100] {logging_mixin.py:190} INFO - [2025-02-20T13:54:53.348+0100] {dag.py:3239} INFO - Sync 1 DAGs
[2025-02-20T13:54:53.355+0100] {logging_mixin.py:190} INFO - [2025-02-20T13:54:53.355+0100] {dag.py:4180} INFO - Setting next_dagrun for example_weekday_branch_operator to 2025-02-19 00:00:00+00:00, run_after=2025-02-20 00:00:00+00:00
[2025-02-20T13:54:53.364+0100] {processor.py:208} INFO - Processing /Users/ajlakorman/Desktop/Data-Mining-Projects/Apache_Airflow/venv/lib/python3.10/site-packages/airflow/example_dags/example_branch_day_of_week_operator.py took 0.103 seconds
[2025-02-20T13:57:52.408+0100] {processor.py:186} INFO - Started process (PID=21473) to work on /Users/ajlakorman/Desktop/Data-Mining-Projects/Apache_Airflow/venv/lib/python3.10/site-packages/airflow/example_dags/example_branch_day_of_week_operator.py
[2025-02-20T13:57:52.409+0100] {processor.py:914} INFO - Processing file /Users/ajlakorman/Desktop/Data-Mining-Projects/Apache_Airflow/venv/lib/python3.10/site-packages/airflow/example_dags/example_branch_day_of_week_operator.py for tasks to queue
[2025-02-20T13:57:52.409+0100] {logging_mixin.py:190} INFO - [2025-02-20T13:57:52.409+0100] {dagbag.py:588} INFO - Filling up the DagBag from /Users/ajlakorman/Desktop/Data-Mining-Projects/Apache_Airflow/venv/lib/python3.10/site-packages/airflow/example_dags/example_branch_day_of_week_operator.py
[2025-02-20T13:57:52.414+0100] {processor.py:925} INFO - DAG(s) 'example_weekday_branch_operator' retrieved from /Users/ajlakorman/Desktop/Data-Mining-Projects/Apache_Airflow/venv/lib/python3.10/site-packages/airflow/example_dags/example_branch_day_of_week_operator.py
[2025-02-20T13:57:52.481+0100] {logging_mixin.py:190} INFO - [2025-02-20T13:57:52.480+0100] {dag.py:3239} INFO - Sync 1 DAGs
[2025-02-20T13:57:52.487+0100] {logging_mixin.py:190} INFO - [2025-02-20T13:57:52.487+0100] {dag.py:4180} INFO - Setting next_dagrun for example_weekday_branch_operator to 2025-02-19 00:00:00+00:00, run_after=2025-02-20 00:00:00+00:00
[2025-02-20T13:57:52.494+0100] {processor.py:208} INFO - Processing /Users/ajlakorman/Desktop/Data-Mining-Projects/Apache_Airflow/venv/lib/python3.10/site-packages/airflow/example_dags/example_branch_day_of_week_operator.py took 0.088 seconds
[2025-02-20T14:00:41.205+0100] {processor.py:186} INFO - Started process (PID=21810) to work on /Users/ajlakorman/Desktop/Data-Mining-Projects/Apache_Airflow/venv/lib/python3.10/site-packages/airflow/example_dags/example_branch_day_of_week_operator.py
[2025-02-20T14:00:41.209+0100] {processor.py:914} INFO - Processing file /Users/ajlakorman/Desktop/Data-Mining-Projects/Apache_Airflow/venv/lib/python3.10/site-packages/airflow/example_dags/example_branch_day_of_week_operator.py for tasks to queue
[2025-02-20T14:00:41.213+0100] {logging_mixin.py:190} INFO - [2025-02-20T14:00:41.213+0100] {dagbag.py:588} INFO - Filling up the DagBag from /Users/ajlakorman/Desktop/Data-Mining-Projects/Apache_Airflow/venv/lib/python3.10/site-packages/airflow/example_dags/example_branch_day_of_week_operator.py
[2025-02-20T14:00:41.221+0100] {processor.py:925} INFO - DAG(s) 'example_weekday_branch_operator' retrieved from /Users/ajlakorman/Desktop/Data-Mining-Projects/Apache_Airflow/venv/lib/python3.10/site-packages/airflow/example_dags/example_branch_day_of_week_operator.py
[2025-02-20T14:00:41.300+0100] {logging_mixin.py:190} INFO - [2025-02-20T14:00:41.300+0100] {dag.py:3239} INFO - Sync 1 DAGs
[2025-02-20T14:00:41.308+0100] {logging_mixin.py:190} INFO - [2025-02-20T14:00:41.308+0100] {dag.py:4180} INFO - Setting next_dagrun for example_weekday_branch_operator to 2025-02-19 00:00:00+00:00, run_after=2025-02-20 00:00:00+00:00
[2025-02-20T14:00:41.317+0100] {processor.py:208} INFO - Processing /Users/ajlakorman/Desktop/Data-Mining-Projects/Apache_Airflow/venv/lib/python3.10/site-packages/airflow/example_dags/example_branch_day_of_week_operator.py took 0.119 seconds
[2025-02-20T14:03:38.700+0100] {processor.py:186} INFO - Started process (PID=22211) to work on /Users/ajlakorman/Desktop/Data-Mining-Projects/Apache_Airflow/venv/lib/python3.10/site-packages/airflow/example_dags/example_branch_day_of_week_operator.py
[2025-02-20T14:03:38.701+0100] {processor.py:914} INFO - Processing file /Users/ajlakorman/Desktop/Data-Mining-Projects/Apache_Airflow/venv/lib/python3.10/site-packages/airflow/example_dags/example_branch_day_of_week_operator.py for tasks to queue
[2025-02-20T14:03:38.701+0100] {logging_mixin.py:190} INFO - [2025-02-20T14:03:38.701+0100] {dagbag.py:588} INFO - Filling up the DagBag from /Users/ajlakorman/Desktop/Data-Mining-Projects/Apache_Airflow/venv/lib/python3.10/site-packages/airflow/example_dags/example_branch_day_of_week_operator.py
[2025-02-20T14:03:38.707+0100] {processor.py:925} INFO - DAG(s) 'example_weekday_branch_operator' retrieved from /Users/ajlakorman/Desktop/Data-Mining-Projects/Apache_Airflow/venv/lib/python3.10/site-packages/airflow/example_dags/example_branch_day_of_week_operator.py
[2025-02-20T14:03:38.790+0100] {logging_mixin.py:190} INFO - [2025-02-20T14:03:38.790+0100] {dag.py:3239} INFO - Sync 1 DAGs
[2025-02-20T14:03:38.799+0100] {logging_mixin.py:190} INFO - [2025-02-20T14:03:38.799+0100] {dag.py:4180} INFO - Setting next_dagrun for example_weekday_branch_operator to 2025-02-19 00:00:00+00:00, run_after=2025-02-20 00:00:00+00:00
[2025-02-20T14:03:38.809+0100] {processor.py:208} INFO - Processing /Users/ajlakorman/Desktop/Data-Mining-Projects/Apache_Airflow/venv/lib/python3.10/site-packages/airflow/example_dags/example_branch_day_of_week_operator.py took 0.111 seconds
[2025-02-20T14:06:38.110+0100] {processor.py:186} INFO - Started process (PID=22585) to work on /Users/ajlakorman/Desktop/Data-Mining-Projects/Apache_Airflow/venv/lib/python3.10/site-packages/airflow/example_dags/example_branch_day_of_week_operator.py
[2025-02-20T14:06:38.111+0100] {processor.py:914} INFO - Processing file /Users/ajlakorman/Desktop/Data-Mining-Projects/Apache_Airflow/venv/lib/python3.10/site-packages/airflow/example_dags/example_branch_day_of_week_operator.py for tasks to queue
[2025-02-20T14:06:38.111+0100] {logging_mixin.py:190} INFO - [2025-02-20T14:06:38.111+0100] {dagbag.py:588} INFO - Filling up the DagBag from /Users/ajlakorman/Desktop/Data-Mining-Projects/Apache_Airflow/venv/lib/python3.10/site-packages/airflow/example_dags/example_branch_day_of_week_operator.py
[2025-02-20T14:06:38.116+0100] {processor.py:925} INFO - DAG(s) 'example_weekday_branch_operator' retrieved from /Users/ajlakorman/Desktop/Data-Mining-Projects/Apache_Airflow/venv/lib/python3.10/site-packages/airflow/example_dags/example_branch_day_of_week_operator.py
[2025-02-20T14:06:38.229+0100] {logging_mixin.py:190} INFO - [2025-02-20T14:06:38.229+0100] {dag.py:3239} INFO - Sync 1 DAGs
[2025-02-20T14:06:38.237+0100] {logging_mixin.py:190} INFO - [2025-02-20T14:06:38.237+0100] {dag.py:4180} INFO - Setting next_dagrun for example_weekday_branch_operator to 2025-02-19 00:00:00+00:00, run_after=2025-02-20 00:00:00+00:00
[2025-02-20T14:06:38.247+0100] {processor.py:208} INFO - Processing /Users/ajlakorman/Desktop/Data-Mining-Projects/Apache_Airflow/venv/lib/python3.10/site-packages/airflow/example_dags/example_branch_day_of_week_operator.py took 0.138 seconds
[2025-02-20T14:09:36.443+0100] {processor.py:186} INFO - Started process (PID=22941) to work on /Users/ajlakorman/Desktop/Data-Mining-Projects/Apache_Airflow/venv/lib/python3.10/site-packages/airflow/example_dags/example_branch_day_of_week_operator.py
[2025-02-20T14:09:36.445+0100] {processor.py:914} INFO - Processing file /Users/ajlakorman/Desktop/Data-Mining-Projects/Apache_Airflow/venv/lib/python3.10/site-packages/airflow/example_dags/example_branch_day_of_week_operator.py for tasks to queue
[2025-02-20T14:09:36.446+0100] {logging_mixin.py:190} INFO - [2025-02-20T14:09:36.446+0100] {dagbag.py:588} INFO - Filling up the DagBag from /Users/ajlakorman/Desktop/Data-Mining-Projects/Apache_Airflow/venv/lib/python3.10/site-packages/airflow/example_dags/example_branch_day_of_week_operator.py
[2025-02-20T14:09:36.452+0100] {processor.py:925} INFO - DAG(s) 'example_weekday_branch_operator' retrieved from /Users/ajlakorman/Desktop/Data-Mining-Projects/Apache_Airflow/venv/lib/python3.10/site-packages/airflow/example_dags/example_branch_day_of_week_operator.py
[2025-02-20T14:09:36.519+0100] {logging_mixin.py:190} INFO - [2025-02-20T14:09:36.518+0100] {dag.py:3239} INFO - Sync 1 DAGs
[2025-02-20T14:09:36.526+0100] {logging_mixin.py:190} INFO - [2025-02-20T14:09:36.526+0100] {dag.py:4180} INFO - Setting next_dagrun for example_weekday_branch_operator to 2025-02-19 00:00:00+00:00, run_after=2025-02-20 00:00:00+00:00
[2025-02-20T14:09:36.533+0100] {processor.py:208} INFO - Processing /Users/ajlakorman/Desktop/Data-Mining-Projects/Apache_Airflow/venv/lib/python3.10/site-packages/airflow/example_dags/example_branch_day_of_week_operator.py took 0.092 seconds
[2025-02-20T14:12:35.726+0100] {processor.py:186} INFO - Started process (PID=23350) to work on /Users/ajlakorman/Desktop/Data-Mining-Projects/Apache_Airflow/venv/lib/python3.10/site-packages/airflow/example_dags/example_branch_day_of_week_operator.py
[2025-02-20T14:12:35.727+0100] {processor.py:914} INFO - Processing file /Users/ajlakorman/Desktop/Data-Mining-Projects/Apache_Airflow/venv/lib/python3.10/site-packages/airflow/example_dags/example_branch_day_of_week_operator.py for tasks to queue
[2025-02-20T14:12:35.727+0100] {logging_mixin.py:190} INFO - [2025-02-20T14:12:35.727+0100] {dagbag.py:588} INFO - Filling up the DagBag from /Users/ajlakorman/Desktop/Data-Mining-Projects/Apache_Airflow/venv/lib/python3.10/site-packages/airflow/example_dags/example_branch_day_of_week_operator.py
[2025-02-20T14:12:35.733+0100] {processor.py:925} INFO - DAG(s) 'example_weekday_branch_operator' retrieved from /Users/ajlakorman/Desktop/Data-Mining-Projects/Apache_Airflow/venv/lib/python3.10/site-packages/airflow/example_dags/example_branch_day_of_week_operator.py
[2025-02-20T14:12:35.798+0100] {logging_mixin.py:190} INFO - [2025-02-20T14:12:35.798+0100] {dag.py:3239} INFO - Sync 1 DAGs
[2025-02-20T14:12:35.804+0100] {logging_mixin.py:190} INFO - [2025-02-20T14:12:35.804+0100] {dag.py:4180} INFO - Setting next_dagrun for example_weekday_branch_operator to 2025-02-19 00:00:00+00:00, run_after=2025-02-20 00:00:00+00:00
[2025-02-20T14:12:35.812+0100] {processor.py:208} INFO - Processing /Users/ajlakorman/Desktop/Data-Mining-Projects/Apache_Airflow/venv/lib/python3.10/site-packages/airflow/example_dags/example_branch_day_of_week_operator.py took 0.087 seconds
[2025-02-20T14:15:36.689+0100] {processor.py:186} INFO - Started process (PID=23670) to work on /Users/ajlakorman/Desktop/Data-Mining-Projects/Apache_Airflow/venv/lib/python3.10/site-packages/airflow/example_dags/example_branch_day_of_week_operator.py
[2025-02-20T14:15:36.690+0100] {processor.py:914} INFO - Processing file /Users/ajlakorman/Desktop/Data-Mining-Projects/Apache_Airflow/venv/lib/python3.10/site-packages/airflow/example_dags/example_branch_day_of_week_operator.py for tasks to queue
[2025-02-20T14:15:36.691+0100] {logging_mixin.py:190} INFO - [2025-02-20T14:15:36.691+0100] {dagbag.py:588} INFO - Filling up the DagBag from /Users/ajlakorman/Desktop/Data-Mining-Projects/Apache_Airflow/venv/lib/python3.10/site-packages/airflow/example_dags/example_branch_day_of_week_operator.py
[2025-02-20T14:15:36.697+0100] {processor.py:925} INFO - DAG(s) 'example_weekday_branch_operator' retrieved from /Users/ajlakorman/Desktop/Data-Mining-Projects/Apache_Airflow/venv/lib/python3.10/site-packages/airflow/example_dags/example_branch_day_of_week_operator.py
[2025-02-20T14:15:36.766+0100] {logging_mixin.py:190} INFO - [2025-02-20T14:15:36.766+0100] {dag.py:3239} INFO - Sync 1 DAGs
[2025-02-20T14:15:36.773+0100] {logging_mixin.py:190} INFO - [2025-02-20T14:15:36.773+0100] {dag.py:4180} INFO - Setting next_dagrun for example_weekday_branch_operator to 2025-02-19 00:00:00+00:00, run_after=2025-02-20 00:00:00+00:00
[2025-02-20T14:15:36.780+0100] {processor.py:208} INFO - Processing /Users/ajlakorman/Desktop/Data-Mining-Projects/Apache_Airflow/venv/lib/python3.10/site-packages/airflow/example_dags/example_branch_day_of_week_operator.py took 0.092 seconds
[2025-02-20T14:19:57.571+0100] {processor.py:186} INFO - Started process (PID=23907) to work on /Users/ajlakorman/Desktop/Data-Mining-Projects/Apache_Airflow/venv/lib/python3.10/site-packages/airflow/example_dags/example_branch_day_of_week_operator.py
[2025-02-20T14:19:57.572+0100] {processor.py:914} INFO - Processing file /Users/ajlakorman/Desktop/Data-Mining-Projects/Apache_Airflow/venv/lib/python3.10/site-packages/airflow/example_dags/example_branch_day_of_week_operator.py for tasks to queue
[2025-02-20T14:19:57.573+0100] {logging_mixin.py:190} INFO - [2025-02-20T14:19:57.573+0100] {dagbag.py:588} INFO - Filling up the DagBag from /Users/ajlakorman/Desktop/Data-Mining-Projects/Apache_Airflow/venv/lib/python3.10/site-packages/airflow/example_dags/example_branch_day_of_week_operator.py
[2025-02-20T14:19:57.578+0100] {processor.py:925} INFO - DAG(s) 'example_weekday_branch_operator' retrieved from /Users/ajlakorman/Desktop/Data-Mining-Projects/Apache_Airflow/venv/lib/python3.10/site-packages/airflow/example_dags/example_branch_day_of_week_operator.py
[2025-02-20T14:19:57.644+0100] {logging_mixin.py:190} INFO - [2025-02-20T14:19:57.644+0100] {dag.py:3239} INFO - Sync 1 DAGs
[2025-02-20T14:19:57.650+0100] {logging_mixin.py:190} INFO - [2025-02-20T14:19:57.650+0100] {dag.py:4180} INFO - Setting next_dagrun for example_weekday_branch_operator to 2025-02-19 00:00:00+00:00, run_after=2025-02-20 00:00:00+00:00
[2025-02-20T14:19:57.658+0100] {processor.py:208} INFO - Processing /Users/ajlakorman/Desktop/Data-Mining-Projects/Apache_Airflow/venv/lib/python3.10/site-packages/airflow/example_dags/example_branch_day_of_week_operator.py took 0.089 seconds
