[2025-02-20T10:53:20.908+0100] {processor.py:186} INFO - Started process (PID=6379) to work on /Users/ajlakorman/Desktop/Data-Mining-Projects/Apache_Airflow/venv/lib/python3.10/site-packages/airflow/example_dags/example_branch_operator_decorator.py
[2025-02-20T10:53:20.908+0100] {processor.py:914} INFO - Processing file /Users/ajlakorman/Desktop/Data-Mining-Projects/Apache_Airflow/venv/lib/python3.10/site-packages/airflow/example_dags/example_branch_operator_decorator.py for tasks to queue
[2025-02-20T10:53:20.909+0100] {logging_mixin.py:190} INFO - [2025-02-20T10:53:20.909+0100] {dagbag.py:588} INFO - Filling up the DagBag from /Users/ajlakorman/Desktop/Data-Mining-Projects/Apache_Airflow/venv/lib/python3.10/site-packages/airflow/example_dags/example_branch_operator_decorator.py
[2025-02-20T10:53:20.918+0100] {processor.py:927} WARNING - No viable dags retrieved from /Users/ajlakorman/Desktop/Data-Mining-Projects/Apache_Airflow/venv/lib/python3.10/site-packages/airflow/example_dags/example_branch_operator_decorator.py
[2025-02-20T10:53:20.978+0100] {processor.py:208} INFO - Processing /Users/ajlakorman/Desktop/Data-Mining-Projects/Apache_Airflow/venv/lib/python3.10/site-packages/airflow/example_dags/example_branch_operator_decorator.py took 0.072 seconds
[2025-02-20T10:55:51.382+0100] {processor.py:186} INFO - Started process (PID=6715) to work on /Users/ajlakorman/Desktop/Data-Mining-Projects/Apache_Airflow/venv/lib/python3.10/site-packages/airflow/example_dags/example_branch_operator_decorator.py
[2025-02-20T10:55:51.382+0100] {processor.py:914} INFO - Processing file /Users/ajlakorman/Desktop/Data-Mining-Projects/Apache_Airflow/venv/lib/python3.10/site-packages/airflow/example_dags/example_branch_operator_decorator.py for tasks to queue
[2025-02-20T10:55:51.383+0100] {logging_mixin.py:190} INFO - [2025-02-20T10:55:51.383+0100] {dagbag.py:588} INFO - Filling up the DagBag from /Users/ajlakorman/Desktop/Data-Mining-Projects/Apache_Airflow/venv/lib/python3.10/site-packages/airflow/example_dags/example_branch_operator_decorator.py
[2025-02-20T10:55:51.392+0100] {processor.py:927} WARNING - No viable dags retrieved from /Users/ajlakorman/Desktop/Data-Mining-Projects/Apache_Airflow/venv/lib/python3.10/site-packages/airflow/example_dags/example_branch_operator_decorator.py
[2025-02-20T10:55:51.453+0100] {processor.py:208} INFO - Processing /Users/ajlakorman/Desktop/Data-Mining-Projects/Apache_Airflow/venv/lib/python3.10/site-packages/airflow/example_dags/example_branch_operator_decorator.py took 0.073 seconds
[2025-02-20T10:58:40.669+0100] {processor.py:186} INFO - Started process (PID=7006) to work on /Users/ajlakorman/Desktop/Data-Mining-Projects/Apache_Airflow/venv/lib/python3.10/site-packages/airflow/example_dags/example_branch_operator_decorator.py
[2025-02-20T10:58:40.670+0100] {processor.py:914} INFO - Processing file /Users/ajlakorman/Desktop/Data-Mining-Projects/Apache_Airflow/venv/lib/python3.10/site-packages/airflow/example_dags/example_branch_operator_decorator.py for tasks to queue
[2025-02-20T10:58:40.670+0100] {logging_mixin.py:190} INFO - [2025-02-20T10:58:40.670+0100] {dagbag.py:588} INFO - Filling up the DagBag from /Users/ajlakorman/Desktop/Data-Mining-Projects/Apache_Airflow/venv/lib/python3.10/site-packages/airflow/example_dags/example_branch_operator_decorator.py
[2025-02-20T10:58:40.679+0100] {processor.py:927} WARNING - No viable dags retrieved from /Users/ajlakorman/Desktop/Data-Mining-Projects/Apache_Airflow/venv/lib/python3.10/site-packages/airflow/example_dags/example_branch_operator_decorator.py
[2025-02-20T10:58:40.740+0100] {processor.py:208} INFO - Processing /Users/ajlakorman/Desktop/Data-Mining-Projects/Apache_Airflow/venv/lib/python3.10/site-packages/airflow/example_dags/example_branch_operator_decorator.py took 0.072 seconds
[2025-02-20T11:01:16.368+0100] {processor.py:186} INFO - Started process (PID=7350) to work on /Users/ajlakorman/Desktop/Data-Mining-Projects/Apache_Airflow/venv/lib/python3.10/site-packages/airflow/example_dags/example_branch_operator_decorator.py
[2025-02-20T11:01:16.369+0100] {processor.py:914} INFO - Processing file /Users/ajlakorman/Desktop/Data-Mining-Projects/Apache_Airflow/venv/lib/python3.10/site-packages/airflow/example_dags/example_branch_operator_decorator.py for tasks to queue
[2025-02-20T11:01:16.369+0100] {logging_mixin.py:190} INFO - [2025-02-20T11:01:16.369+0100] {dagbag.py:588} INFO - Filling up the DagBag from /Users/ajlakorman/Desktop/Data-Mining-Projects/Apache_Airflow/venv/lib/python3.10/site-packages/airflow/example_dags/example_branch_operator_decorator.py
[2025-02-20T11:01:16.378+0100] {processor.py:927} WARNING - No viable dags retrieved from /Users/ajlakorman/Desktop/Data-Mining-Projects/Apache_Airflow/venv/lib/python3.10/site-packages/airflow/example_dags/example_branch_operator_decorator.py
[2025-02-20T11:01:16.441+0100] {processor.py:208} INFO - Processing /Users/ajlakorman/Desktop/Data-Mining-Projects/Apache_Airflow/venv/lib/python3.10/site-packages/airflow/example_dags/example_branch_operator_decorator.py took 0.075 seconds
[2025-02-20T11:03:40.555+0100] {processor.py:186} INFO - Started process (PID=7594) to work on /Users/ajlakorman/Desktop/Data-Mining-Projects/Apache_Airflow/venv/lib/python3.10/site-packages/airflow/example_dags/example_branch_operator_decorator.py
[2025-02-20T11:03:40.555+0100] {processor.py:914} INFO - Processing file /Users/ajlakorman/Desktop/Data-Mining-Projects/Apache_Airflow/venv/lib/python3.10/site-packages/airflow/example_dags/example_branch_operator_decorator.py for tasks to queue
[2025-02-20T11:03:40.556+0100] {logging_mixin.py:190} INFO - [2025-02-20T11:03:40.556+0100] {dagbag.py:588} INFO - Filling up the DagBag from /Users/ajlakorman/Desktop/Data-Mining-Projects/Apache_Airflow/venv/lib/python3.10/site-packages/airflow/example_dags/example_branch_operator_decorator.py
[2025-02-20T11:03:40.565+0100] {processor.py:927} WARNING - No viable dags retrieved from /Users/ajlakorman/Desktop/Data-Mining-Projects/Apache_Airflow/venv/lib/python3.10/site-packages/airflow/example_dags/example_branch_operator_decorator.py
[2025-02-20T11:03:40.633+0100] {processor.py:208} INFO - Processing /Users/ajlakorman/Desktop/Data-Mining-Projects/Apache_Airflow/venv/lib/python3.10/site-packages/airflow/example_dags/example_branch_operator_decorator.py took 0.080 seconds
[2025-02-20T11:05:56.921+0100] {processor.py:186} INFO - Started process (PID=7898) to work on /Users/ajlakorman/Desktop/Data-Mining-Projects/Apache_Airflow/venv/lib/python3.10/site-packages/airflow/example_dags/example_branch_operator_decorator.py
[2025-02-20T11:05:56.922+0100] {processor.py:914} INFO - Processing file /Users/ajlakorman/Desktop/Data-Mining-Projects/Apache_Airflow/venv/lib/python3.10/site-packages/airflow/example_dags/example_branch_operator_decorator.py for tasks to queue
[2025-02-20T11:05:56.923+0100] {logging_mixin.py:190} INFO - [2025-02-20T11:05:56.923+0100] {dagbag.py:588} INFO - Filling up the DagBag from /Users/ajlakorman/Desktop/Data-Mining-Projects/Apache_Airflow/venv/lib/python3.10/site-packages/airflow/example_dags/example_branch_operator_decorator.py
[2025-02-20T11:05:56.931+0100] {processor.py:927} WARNING - No viable dags retrieved from /Users/ajlakorman/Desktop/Data-Mining-Projects/Apache_Airflow/venv/lib/python3.10/site-packages/airflow/example_dags/example_branch_operator_decorator.py
[2025-02-20T11:05:56.993+0100] {processor.py:208} INFO - Processing /Users/ajlakorman/Desktop/Data-Mining-Projects/Apache_Airflow/venv/lib/python3.10/site-packages/airflow/example_dags/example_branch_operator_decorator.py took 0.074 seconds
[2025-02-20T11:08:16.536+0100] {processor.py:186} INFO - Started process (PID=8206) to work on /Users/ajlakorman/Desktop/Data-Mining-Projects/Apache_Airflow/venv/lib/python3.10/site-packages/airflow/example_dags/example_branch_operator_decorator.py
[2025-02-20T11:08:16.537+0100] {processor.py:914} INFO - Processing file /Users/ajlakorman/Desktop/Data-Mining-Projects/Apache_Airflow/venv/lib/python3.10/site-packages/airflow/example_dags/example_branch_operator_decorator.py for tasks to queue
[2025-02-20T11:08:16.537+0100] {logging_mixin.py:190} INFO - [2025-02-20T11:08:16.537+0100] {dagbag.py:588} INFO - Filling up the DagBag from /Users/ajlakorman/Desktop/Data-Mining-Projects/Apache_Airflow/venv/lib/python3.10/site-packages/airflow/example_dags/example_branch_operator_decorator.py
[2025-02-20T11:08:16.546+0100] {processor.py:927} WARNING - No viable dags retrieved from /Users/ajlakorman/Desktop/Data-Mining-Projects/Apache_Airflow/venv/lib/python3.10/site-packages/airflow/example_dags/example_branch_operator_decorator.py
[2025-02-20T11:08:16.606+0100] {processor.py:208} INFO - Processing /Users/ajlakorman/Desktop/Data-Mining-Projects/Apache_Airflow/venv/lib/python3.10/site-packages/airflow/example_dags/example_branch_operator_decorator.py took 0.071 seconds
[2025-02-20T11:10:36.347+0100] {processor.py:186} INFO - Started process (PID=8454) to work on /Users/ajlakorman/Desktop/Data-Mining-Projects/Apache_Airflow/venv/lib/python3.10/site-packages/airflow/example_dags/example_branch_operator_decorator.py
[2025-02-20T11:10:36.348+0100] {processor.py:914} INFO - Processing file /Users/ajlakorman/Desktop/Data-Mining-Projects/Apache_Airflow/venv/lib/python3.10/site-packages/airflow/example_dags/example_branch_operator_decorator.py for tasks to queue
[2025-02-20T11:10:36.349+0100] {logging_mixin.py:190} INFO - [2025-02-20T11:10:36.349+0100] {dagbag.py:588} INFO - Filling up the DagBag from /Users/ajlakorman/Desktop/Data-Mining-Projects/Apache_Airflow/venv/lib/python3.10/site-packages/airflow/example_dags/example_branch_operator_decorator.py
[2025-02-20T11:10:36.357+0100] {processor.py:927} WARNING - No viable dags retrieved from /Users/ajlakorman/Desktop/Data-Mining-Projects/Apache_Airflow/venv/lib/python3.10/site-packages/airflow/example_dags/example_branch_operator_decorator.py
[2025-02-20T11:10:36.416+0100] {processor.py:208} INFO - Processing /Users/ajlakorman/Desktop/Data-Mining-Projects/Apache_Airflow/venv/lib/python3.10/site-packages/airflow/example_dags/example_branch_operator_decorator.py took 0.070 seconds
[2025-02-20T11:12:53.377+0100] {processor.py:186} INFO - Started process (PID=8669) to work on /Users/ajlakorman/Desktop/Data-Mining-Projects/Apache_Airflow/venv/lib/python3.10/site-packages/airflow/example_dags/example_branch_operator_decorator.py
[2025-02-20T11:12:53.378+0100] {processor.py:914} INFO - Processing file /Users/ajlakorman/Desktop/Data-Mining-Projects/Apache_Airflow/venv/lib/python3.10/site-packages/airflow/example_dags/example_branch_operator_decorator.py for tasks to queue
[2025-02-20T11:12:53.378+0100] {logging_mixin.py:190} INFO - [2025-02-20T11:12:53.378+0100] {dagbag.py:588} INFO - Filling up the DagBag from /Users/ajlakorman/Desktop/Data-Mining-Projects/Apache_Airflow/venv/lib/python3.10/site-packages/airflow/example_dags/example_branch_operator_decorator.py
[2025-02-20T11:12:53.388+0100] {processor.py:927} WARNING - No viable dags retrieved from /Users/ajlakorman/Desktop/Data-Mining-Projects/Apache_Airflow/venv/lib/python3.10/site-packages/airflow/example_dags/example_branch_operator_decorator.py
[2025-02-20T11:12:53.449+0100] {processor.py:208} INFO - Processing /Users/ajlakorman/Desktop/Data-Mining-Projects/Apache_Airflow/venv/lib/python3.10/site-packages/airflow/example_dags/example_branch_operator_decorator.py took 0.073 seconds
[2025-02-20T11:15:18.813+0100] {processor.py:186} INFO - Started process (PID=8925) to work on /Users/ajlakorman/Desktop/Data-Mining-Projects/Apache_Airflow/venv/lib/python3.10/site-packages/airflow/example_dags/example_branch_operator_decorator.py
[2025-02-20T11:15:18.814+0100] {processor.py:914} INFO - Processing file /Users/ajlakorman/Desktop/Data-Mining-Projects/Apache_Airflow/venv/lib/python3.10/site-packages/airflow/example_dags/example_branch_operator_decorator.py for tasks to queue
[2025-02-20T11:15:18.814+0100] {logging_mixin.py:190} INFO - [2025-02-20T11:15:18.814+0100] {dagbag.py:588} INFO - Filling up the DagBag from /Users/ajlakorman/Desktop/Data-Mining-Projects/Apache_Airflow/venv/lib/python3.10/site-packages/airflow/example_dags/example_branch_operator_decorator.py
[2025-02-20T11:15:18.823+0100] {processor.py:927} WARNING - No viable dags retrieved from /Users/ajlakorman/Desktop/Data-Mining-Projects/Apache_Airflow/venv/lib/python3.10/site-packages/airflow/example_dags/example_branch_operator_decorator.py
[2025-02-20T11:15:18.881+0100] {processor.py:208} INFO - Processing /Users/ajlakorman/Desktop/Data-Mining-Projects/Apache_Airflow/venv/lib/python3.10/site-packages/airflow/example_dags/example_branch_operator_decorator.py took 0.070 seconds
[2025-02-20T11:17:41.789+0100] {processor.py:186} INFO - Started process (PID=9273) to work on /Users/ajlakorman/Desktop/Data-Mining-Projects/Apache_Airflow/venv/lib/python3.10/site-packages/airflow/example_dags/example_branch_operator_decorator.py
[2025-02-20T11:17:41.789+0100] {processor.py:914} INFO - Processing file /Users/ajlakorman/Desktop/Data-Mining-Projects/Apache_Airflow/venv/lib/python3.10/site-packages/airflow/example_dags/example_branch_operator_decorator.py for tasks to queue
[2025-02-20T11:17:41.790+0100] {logging_mixin.py:190} INFO - [2025-02-20T11:17:41.790+0100] {dagbag.py:588} INFO - Filling up the DagBag from /Users/ajlakorman/Desktop/Data-Mining-Projects/Apache_Airflow/venv/lib/python3.10/site-packages/airflow/example_dags/example_branch_operator_decorator.py
[2025-02-20T11:17:41.800+0100] {processor.py:927} WARNING - No viable dags retrieved from /Users/ajlakorman/Desktop/Data-Mining-Projects/Apache_Airflow/venv/lib/python3.10/site-packages/airflow/example_dags/example_branch_operator_decorator.py
[2025-02-20T11:17:41.936+0100] {processor.py:208} INFO - Processing /Users/ajlakorman/Desktop/Data-Mining-Projects/Apache_Airflow/venv/lib/python3.10/site-packages/airflow/example_dags/example_branch_operator_decorator.py took 0.150 seconds
[2025-02-20T11:20:12.441+0100] {processor.py:186} INFO - Started process (PID=9656) to work on /Users/ajlakorman/Desktop/Data-Mining-Projects/Apache_Airflow/venv/lib/python3.10/site-packages/airflow/example_dags/example_branch_operator_decorator.py
[2025-02-20T11:20:12.442+0100] {processor.py:914} INFO - Processing file /Users/ajlakorman/Desktop/Data-Mining-Projects/Apache_Airflow/venv/lib/python3.10/site-packages/airflow/example_dags/example_branch_operator_decorator.py for tasks to queue
[2025-02-20T11:20:12.443+0100] {logging_mixin.py:190} INFO - [2025-02-20T11:20:12.443+0100] {dagbag.py:588} INFO - Filling up the DagBag from /Users/ajlakorman/Desktop/Data-Mining-Projects/Apache_Airflow/venv/lib/python3.10/site-packages/airflow/example_dags/example_branch_operator_decorator.py
[2025-02-20T11:20:12.453+0100] {processor.py:927} WARNING - No viable dags retrieved from /Users/ajlakorman/Desktop/Data-Mining-Projects/Apache_Airflow/venv/lib/python3.10/site-packages/airflow/example_dags/example_branch_operator_decorator.py
[2025-02-20T11:20:12.534+0100] {processor.py:208} INFO - Processing /Users/ajlakorman/Desktop/Data-Mining-Projects/Apache_Airflow/venv/lib/python3.10/site-packages/airflow/example_dags/example_branch_operator_decorator.py took 0.095 seconds
[2025-02-20T11:22:37.859+0100] {processor.py:186} INFO - Started process (PID=9885) to work on /Users/ajlakorman/Desktop/Data-Mining-Projects/Apache_Airflow/venv/lib/python3.10/site-packages/airflow/example_dags/example_branch_operator_decorator.py
[2025-02-20T11:22:37.860+0100] {processor.py:914} INFO - Processing file /Users/ajlakorman/Desktop/Data-Mining-Projects/Apache_Airflow/venv/lib/python3.10/site-packages/airflow/example_dags/example_branch_operator_decorator.py for tasks to queue
[2025-02-20T11:22:37.860+0100] {logging_mixin.py:190} INFO - [2025-02-20T11:22:37.860+0100] {dagbag.py:588} INFO - Filling up the DagBag from /Users/ajlakorman/Desktop/Data-Mining-Projects/Apache_Airflow/venv/lib/python3.10/site-packages/airflow/example_dags/example_branch_operator_decorator.py
[2025-02-20T11:22:37.871+0100] {processor.py:927} WARNING - No viable dags retrieved from /Users/ajlakorman/Desktop/Data-Mining-Projects/Apache_Airflow/venv/lib/python3.10/site-packages/airflow/example_dags/example_branch_operator_decorator.py
[2025-02-20T11:22:37.939+0100] {processor.py:208} INFO - Processing /Users/ajlakorman/Desktop/Data-Mining-Projects/Apache_Airflow/venv/lib/python3.10/site-packages/airflow/example_dags/example_branch_operator_decorator.py took 0.082 seconds
[2025-02-20T11:25:07.461+0100] {processor.py:186} INFO - Started process (PID=10145) to work on /Users/ajlakorman/Desktop/Data-Mining-Projects/Apache_Airflow/venv/lib/python3.10/site-packages/airflow/example_dags/example_branch_operator_decorator.py
[2025-02-20T11:25:07.462+0100] {processor.py:914} INFO - Processing file /Users/ajlakorman/Desktop/Data-Mining-Projects/Apache_Airflow/venv/lib/python3.10/site-packages/airflow/example_dags/example_branch_operator_decorator.py for tasks to queue
[2025-02-20T11:25:07.462+0100] {logging_mixin.py:190} INFO - [2025-02-20T11:25:07.462+0100] {dagbag.py:588} INFO - Filling up the DagBag from /Users/ajlakorman/Desktop/Data-Mining-Projects/Apache_Airflow/venv/lib/python3.10/site-packages/airflow/example_dags/example_branch_operator_decorator.py
[2025-02-20T11:25:07.471+0100] {processor.py:927} WARNING - No viable dags retrieved from /Users/ajlakorman/Desktop/Data-Mining-Projects/Apache_Airflow/venv/lib/python3.10/site-packages/airflow/example_dags/example_branch_operator_decorator.py
[2025-02-20T11:25:07.533+0100] {processor.py:208} INFO - Processing /Users/ajlakorman/Desktop/Data-Mining-Projects/Apache_Airflow/venv/lib/python3.10/site-packages/airflow/example_dags/example_branch_operator_decorator.py took 0.073 seconds
[2025-02-20T11:27:39.322+0100] {processor.py:186} INFO - Started process (PID=10482) to work on /Users/ajlakorman/Desktop/Data-Mining-Projects/Apache_Airflow/venv/lib/python3.10/site-packages/airflow/example_dags/example_branch_operator_decorator.py
[2025-02-20T11:27:39.322+0100] {processor.py:914} INFO - Processing file /Users/ajlakorman/Desktop/Data-Mining-Projects/Apache_Airflow/venv/lib/python3.10/site-packages/airflow/example_dags/example_branch_operator_decorator.py for tasks to queue
[2025-02-20T11:27:39.323+0100] {logging_mixin.py:190} INFO - [2025-02-20T11:27:39.323+0100] {dagbag.py:588} INFO - Filling up the DagBag from /Users/ajlakorman/Desktop/Data-Mining-Projects/Apache_Airflow/venv/lib/python3.10/site-packages/airflow/example_dags/example_branch_operator_decorator.py
[2025-02-20T11:27:39.332+0100] {processor.py:927} WARNING - No viable dags retrieved from /Users/ajlakorman/Desktop/Data-Mining-Projects/Apache_Airflow/venv/lib/python3.10/site-packages/airflow/example_dags/example_branch_operator_decorator.py
[2025-02-20T11:27:39.391+0100] {processor.py:208} INFO - Processing /Users/ajlakorman/Desktop/Data-Mining-Projects/Apache_Airflow/venv/lib/python3.10/site-packages/airflow/example_dags/example_branch_operator_decorator.py took 0.071 seconds
[2025-02-20T11:30:05.811+0100] {processor.py:186} INFO - Started process (PID=10817) to work on /Users/ajlakorman/Desktop/Data-Mining-Projects/Apache_Airflow/venv/lib/python3.10/site-packages/airflow/example_dags/example_branch_operator_decorator.py
[2025-02-20T11:30:05.812+0100] {processor.py:914} INFO - Processing file /Users/ajlakorman/Desktop/Data-Mining-Projects/Apache_Airflow/venv/lib/python3.10/site-packages/airflow/example_dags/example_branch_operator_decorator.py for tasks to queue
[2025-02-20T11:30:05.812+0100] {logging_mixin.py:190} INFO - [2025-02-20T11:30:05.812+0100] {dagbag.py:588} INFO - Filling up the DagBag from /Users/ajlakorman/Desktop/Data-Mining-Projects/Apache_Airflow/venv/lib/python3.10/site-packages/airflow/example_dags/example_branch_operator_decorator.py
[2025-02-20T11:30:05.822+0100] {processor.py:927} WARNING - No viable dags retrieved from /Users/ajlakorman/Desktop/Data-Mining-Projects/Apache_Airflow/venv/lib/python3.10/site-packages/airflow/example_dags/example_branch_operator_decorator.py
[2025-02-20T11:30:05.882+0100] {processor.py:208} INFO - Processing /Users/ajlakorman/Desktop/Data-Mining-Projects/Apache_Airflow/venv/lib/python3.10/site-packages/airflow/example_dags/example_branch_operator_decorator.py took 0.073 seconds
[2025-02-20T11:32:32.605+0100] {processor.py:186} INFO - Started process (PID=11062) to work on /Users/ajlakorman/Desktop/Data-Mining-Projects/Apache_Airflow/venv/lib/python3.10/site-packages/airflow/example_dags/example_branch_operator_decorator.py
[2025-02-20T11:32:32.606+0100] {processor.py:914} INFO - Processing file /Users/ajlakorman/Desktop/Data-Mining-Projects/Apache_Airflow/venv/lib/python3.10/site-packages/airflow/example_dags/example_branch_operator_decorator.py for tasks to queue
[2025-02-20T11:32:32.606+0100] {logging_mixin.py:190} INFO - [2025-02-20T11:32:32.606+0100] {dagbag.py:588} INFO - Filling up the DagBag from /Users/ajlakorman/Desktop/Data-Mining-Projects/Apache_Airflow/venv/lib/python3.10/site-packages/airflow/example_dags/example_branch_operator_decorator.py
[2025-02-20T11:32:32.615+0100] {processor.py:927} WARNING - No viable dags retrieved from /Users/ajlakorman/Desktop/Data-Mining-Projects/Apache_Airflow/venv/lib/python3.10/site-packages/airflow/example_dags/example_branch_operator_decorator.py
[2025-02-20T11:32:32.674+0100] {processor.py:208} INFO - Processing /Users/ajlakorman/Desktop/Data-Mining-Projects/Apache_Airflow/venv/lib/python3.10/site-packages/airflow/example_dags/example_branch_operator_decorator.py took 0.071 seconds
[2025-02-20T11:35:01.336+0100] {processor.py:186} INFO - Started process (PID=11304) to work on /Users/ajlakorman/Desktop/Data-Mining-Projects/Apache_Airflow/venv/lib/python3.10/site-packages/airflow/example_dags/example_branch_operator_decorator.py
[2025-02-20T11:35:01.337+0100] {processor.py:914} INFO - Processing file /Users/ajlakorman/Desktop/Data-Mining-Projects/Apache_Airflow/venv/lib/python3.10/site-packages/airflow/example_dags/example_branch_operator_decorator.py for tasks to queue
[2025-02-20T11:35:01.338+0100] {logging_mixin.py:190} INFO - [2025-02-20T11:35:01.337+0100] {dagbag.py:588} INFO - Filling up the DagBag from /Users/ajlakorman/Desktop/Data-Mining-Projects/Apache_Airflow/venv/lib/python3.10/site-packages/airflow/example_dags/example_branch_operator_decorator.py
[2025-02-20T11:35:01.346+0100] {processor.py:927} WARNING - No viable dags retrieved from /Users/ajlakorman/Desktop/Data-Mining-Projects/Apache_Airflow/venv/lib/python3.10/site-packages/airflow/example_dags/example_branch_operator_decorator.py
[2025-02-20T11:35:01.406+0100] {processor.py:208} INFO - Processing /Users/ajlakorman/Desktop/Data-Mining-Projects/Apache_Airflow/venv/lib/python3.10/site-packages/airflow/example_dags/example_branch_operator_decorator.py took 0.072 seconds
[2025-02-20T11:37:33.116+0100] {processor.py:186} INFO - Started process (PID=11586) to work on /Users/ajlakorman/Desktop/Data-Mining-Projects/Apache_Airflow/venv/lib/python3.10/site-packages/airflow/example_dags/example_branch_operator_decorator.py
[2025-02-20T11:37:33.117+0100] {processor.py:914} INFO - Processing file /Users/ajlakorman/Desktop/Data-Mining-Projects/Apache_Airflow/venv/lib/python3.10/site-packages/airflow/example_dags/example_branch_operator_decorator.py for tasks to queue
[2025-02-20T11:37:33.117+0100] {logging_mixin.py:190} INFO - [2025-02-20T11:37:33.117+0100] {dagbag.py:588} INFO - Filling up the DagBag from /Users/ajlakorman/Desktop/Data-Mining-Projects/Apache_Airflow/venv/lib/python3.10/site-packages/airflow/example_dags/example_branch_operator_decorator.py
[2025-02-20T11:37:33.126+0100] {processor.py:927} WARNING - No viable dags retrieved from /Users/ajlakorman/Desktop/Data-Mining-Projects/Apache_Airflow/venv/lib/python3.10/site-packages/airflow/example_dags/example_branch_operator_decorator.py
[2025-02-20T11:37:33.185+0100] {processor.py:208} INFO - Processing /Users/ajlakorman/Desktop/Data-Mining-Projects/Apache_Airflow/venv/lib/python3.10/site-packages/airflow/example_dags/example_branch_operator_decorator.py took 0.070 seconds
[2025-02-20T11:39:58.907+0100] {processor.py:186} INFO - Started process (PID=11797) to work on /Users/ajlakorman/Desktop/Data-Mining-Projects/Apache_Airflow/venv/lib/python3.10/site-packages/airflow/example_dags/example_branch_operator_decorator.py
[2025-02-20T11:39:58.908+0100] {processor.py:914} INFO - Processing file /Users/ajlakorman/Desktop/Data-Mining-Projects/Apache_Airflow/venv/lib/python3.10/site-packages/airflow/example_dags/example_branch_operator_decorator.py for tasks to queue
[2025-02-20T11:39:58.908+0100] {logging_mixin.py:190} INFO - [2025-02-20T11:39:58.908+0100] {dagbag.py:588} INFO - Filling up the DagBag from /Users/ajlakorman/Desktop/Data-Mining-Projects/Apache_Airflow/venv/lib/python3.10/site-packages/airflow/example_dags/example_branch_operator_decorator.py
[2025-02-20T11:39:58.917+0100] {processor.py:927} WARNING - No viable dags retrieved from /Users/ajlakorman/Desktop/Data-Mining-Projects/Apache_Airflow/venv/lib/python3.10/site-packages/airflow/example_dags/example_branch_operator_decorator.py
[2025-02-20T11:39:58.976+0100] {processor.py:208} INFO - Processing /Users/ajlakorman/Desktop/Data-Mining-Projects/Apache_Airflow/venv/lib/python3.10/site-packages/airflow/example_dags/example_branch_operator_decorator.py took 0.070 seconds
[2025-02-20T12:19:53.512+0100] {processor.py:186} INFO - Started process (PID=12076) to work on /Users/ajlakorman/Desktop/Data-Mining-Projects/Apache_Airflow/venv/lib/python3.10/site-packages/airflow/example_dags/example_branch_operator_decorator.py
[2025-02-20T12:19:53.513+0100] {processor.py:914} INFO - Processing file /Users/ajlakorman/Desktop/Data-Mining-Projects/Apache_Airflow/venv/lib/python3.10/site-packages/airflow/example_dags/example_branch_operator_decorator.py for tasks to queue
[2025-02-20T12:19:53.513+0100] {logging_mixin.py:190} INFO - [2025-02-20T12:19:53.513+0100] {dagbag.py:588} INFO - Filling up the DagBag from /Users/ajlakorman/Desktop/Data-Mining-Projects/Apache_Airflow/venv/lib/python3.10/site-packages/airflow/example_dags/example_branch_operator_decorator.py
[2025-02-20T12:19:53.522+0100] {processor.py:927} WARNING - No viable dags retrieved from /Users/ajlakorman/Desktop/Data-Mining-Projects/Apache_Airflow/venv/lib/python3.10/site-packages/airflow/example_dags/example_branch_operator_decorator.py
[2025-02-20T12:19:53.581+0100] {processor.py:208} INFO - Processing /Users/ajlakorman/Desktop/Data-Mining-Projects/Apache_Airflow/venv/lib/python3.10/site-packages/airflow/example_dags/example_branch_operator_decorator.py took 0.070 seconds
[2025-02-20T12:22:30.558+0100] {processor.py:186} INFO - Started process (PID=12311) to work on /Users/ajlakorman/Desktop/Data-Mining-Projects/Apache_Airflow/venv/lib/python3.10/site-packages/airflow/example_dags/example_branch_operator_decorator.py
[2025-02-20T12:22:30.559+0100] {processor.py:914} INFO - Processing file /Users/ajlakorman/Desktop/Data-Mining-Projects/Apache_Airflow/venv/lib/python3.10/site-packages/airflow/example_dags/example_branch_operator_decorator.py for tasks to queue
[2025-02-20T12:22:30.559+0100] {logging_mixin.py:190} INFO - [2025-02-20T12:22:30.559+0100] {dagbag.py:588} INFO - Filling up the DagBag from /Users/ajlakorman/Desktop/Data-Mining-Projects/Apache_Airflow/venv/lib/python3.10/site-packages/airflow/example_dags/example_branch_operator_decorator.py
[2025-02-20T12:22:30.568+0100] {processor.py:927} WARNING - No viable dags retrieved from /Users/ajlakorman/Desktop/Data-Mining-Projects/Apache_Airflow/venv/lib/python3.10/site-packages/airflow/example_dags/example_branch_operator_decorator.py
[2025-02-20T12:22:30.628+0100] {processor.py:208} INFO - Processing /Users/ajlakorman/Desktop/Data-Mining-Projects/Apache_Airflow/venv/lib/python3.10/site-packages/airflow/example_dags/example_branch_operator_decorator.py took 0.071 seconds
[2025-02-20T12:25:03.765+0100] {processor.py:186} INFO - Started process (PID=12591) to work on /Users/ajlakorman/Desktop/Data-Mining-Projects/Apache_Airflow/venv/lib/python3.10/site-packages/airflow/example_dags/example_branch_operator_decorator.py
[2025-02-20T12:25:03.766+0100] {processor.py:914} INFO - Processing file /Users/ajlakorman/Desktop/Data-Mining-Projects/Apache_Airflow/venv/lib/python3.10/site-packages/airflow/example_dags/example_branch_operator_decorator.py for tasks to queue
[2025-02-20T12:25:03.766+0100] {logging_mixin.py:190} INFO - [2025-02-20T12:25:03.766+0100] {dagbag.py:588} INFO - Filling up the DagBag from /Users/ajlakorman/Desktop/Data-Mining-Projects/Apache_Airflow/venv/lib/python3.10/site-packages/airflow/example_dags/example_branch_operator_decorator.py
[2025-02-20T12:25:03.775+0100] {processor.py:927} WARNING - No viable dags retrieved from /Users/ajlakorman/Desktop/Data-Mining-Projects/Apache_Airflow/venv/lib/python3.10/site-packages/airflow/example_dags/example_branch_operator_decorator.py
[2025-02-20T12:25:03.834+0100] {processor.py:208} INFO - Processing /Users/ajlakorman/Desktop/Data-Mining-Projects/Apache_Airflow/venv/lib/python3.10/site-packages/airflow/example_dags/example_branch_operator_decorator.py took 0.071 seconds
[2025-02-20T12:27:29.658+0100] {processor.py:186} INFO - Started process (PID=12924) to work on /Users/ajlakorman/Desktop/Data-Mining-Projects/Apache_Airflow/venv/lib/python3.10/site-packages/airflow/example_dags/example_branch_operator_decorator.py
[2025-02-20T12:27:29.658+0100] {processor.py:914} INFO - Processing file /Users/ajlakorman/Desktop/Data-Mining-Projects/Apache_Airflow/venv/lib/python3.10/site-packages/airflow/example_dags/example_branch_operator_decorator.py for tasks to queue
[2025-02-20T12:27:29.659+0100] {logging_mixin.py:190} INFO - [2025-02-20T12:27:29.659+0100] {dagbag.py:588} INFO - Filling up the DagBag from /Users/ajlakorman/Desktop/Data-Mining-Projects/Apache_Airflow/venv/lib/python3.10/site-packages/airflow/example_dags/example_branch_operator_decorator.py
[2025-02-20T12:27:29.669+0100] {processor.py:927} WARNING - No viable dags retrieved from /Users/ajlakorman/Desktop/Data-Mining-Projects/Apache_Airflow/venv/lib/python3.10/site-packages/airflow/example_dags/example_branch_operator_decorator.py
[2025-02-20T12:27:29.813+0100] {processor.py:208} INFO - Processing /Users/ajlakorman/Desktop/Data-Mining-Projects/Apache_Airflow/venv/lib/python3.10/site-packages/airflow/example_dags/example_branch_operator_decorator.py took 0.158 seconds
[2025-02-20T12:29:58.235+0100] {processor.py:186} INFO - Started process (PID=13195) to work on /Users/ajlakorman/Desktop/Data-Mining-Projects/Apache_Airflow/venv/lib/python3.10/site-packages/airflow/example_dags/example_branch_operator_decorator.py
[2025-02-20T12:29:58.236+0100] {processor.py:914} INFO - Processing file /Users/ajlakorman/Desktop/Data-Mining-Projects/Apache_Airflow/venv/lib/python3.10/site-packages/airflow/example_dags/example_branch_operator_decorator.py for tasks to queue
[2025-02-20T12:29:58.236+0100] {logging_mixin.py:190} INFO - [2025-02-20T12:29:58.236+0100] {dagbag.py:588} INFO - Filling up the DagBag from /Users/ajlakorman/Desktop/Data-Mining-Projects/Apache_Airflow/venv/lib/python3.10/site-packages/airflow/example_dags/example_branch_operator_decorator.py
[2025-02-20T12:29:58.248+0100] {processor.py:927} WARNING - No viable dags retrieved from /Users/ajlakorman/Desktop/Data-Mining-Projects/Apache_Airflow/venv/lib/python3.10/site-packages/airflow/example_dags/example_branch_operator_decorator.py
[2025-02-20T12:29:58.310+0100] {processor.py:208} INFO - Processing /Users/ajlakorman/Desktop/Data-Mining-Projects/Apache_Airflow/venv/lib/python3.10/site-packages/airflow/example_dags/example_branch_operator_decorator.py took 0.077 seconds
[2025-02-20T12:32:31.643+0100] {processor.py:186} INFO - Started process (PID=13555) to work on /Users/ajlakorman/Desktop/Data-Mining-Projects/Apache_Airflow/venv/lib/python3.10/site-packages/airflow/example_dags/example_branch_operator_decorator.py
[2025-02-20T12:32:31.644+0100] {processor.py:914} INFO - Processing file /Users/ajlakorman/Desktop/Data-Mining-Projects/Apache_Airflow/venv/lib/python3.10/site-packages/airflow/example_dags/example_branch_operator_decorator.py for tasks to queue
[2025-02-20T12:32:31.644+0100] {logging_mixin.py:190} INFO - [2025-02-20T12:32:31.644+0100] {dagbag.py:588} INFO - Filling up the DagBag from /Users/ajlakorman/Desktop/Data-Mining-Projects/Apache_Airflow/venv/lib/python3.10/site-packages/airflow/example_dags/example_branch_operator_decorator.py
[2025-02-20T12:32:31.659+0100] {processor.py:927} WARNING - No viable dags retrieved from /Users/ajlakorman/Desktop/Data-Mining-Projects/Apache_Airflow/venv/lib/python3.10/site-packages/airflow/example_dags/example_branch_operator_decorator.py
[2025-02-20T12:32:31.722+0100] {processor.py:208} INFO - Processing /Users/ajlakorman/Desktop/Data-Mining-Projects/Apache_Airflow/venv/lib/python3.10/site-packages/airflow/example_dags/example_branch_operator_decorator.py took 0.080 seconds
[2025-02-20T12:35:02.027+0100] {processor.py:186} INFO - Started process (PID=13845) to work on /Users/ajlakorman/Desktop/Data-Mining-Projects/Apache_Airflow/venv/lib/python3.10/site-packages/airflow/example_dags/example_branch_operator_decorator.py
[2025-02-20T12:35:02.028+0100] {processor.py:914} INFO - Processing file /Users/ajlakorman/Desktop/Data-Mining-Projects/Apache_Airflow/venv/lib/python3.10/site-packages/airflow/example_dags/example_branch_operator_decorator.py for tasks to queue
[2025-02-20T12:35:02.029+0100] {logging_mixin.py:190} INFO - [2025-02-20T12:35:02.029+0100] {dagbag.py:588} INFO - Filling up the DagBag from /Users/ajlakorman/Desktop/Data-Mining-Projects/Apache_Airflow/venv/lib/python3.10/site-packages/airflow/example_dags/example_branch_operator_decorator.py
[2025-02-20T12:35:02.037+0100] {processor.py:927} WARNING - No viable dags retrieved from /Users/ajlakorman/Desktop/Data-Mining-Projects/Apache_Airflow/venv/lib/python3.10/site-packages/airflow/example_dags/example_branch_operator_decorator.py
[2025-02-20T12:35:02.104+0100] {processor.py:208} INFO - Processing /Users/ajlakorman/Desktop/Data-Mining-Projects/Apache_Airflow/venv/lib/python3.10/site-packages/airflow/example_dags/example_branch_operator_decorator.py took 0.078 seconds
[2025-02-20T12:37:37.753+0100] {processor.py:186} INFO - Started process (PID=14267) to work on /Users/ajlakorman/Desktop/Data-Mining-Projects/Apache_Airflow/venv/lib/python3.10/site-packages/airflow/example_dags/example_branch_operator_decorator.py
[2025-02-20T12:37:37.754+0100] {processor.py:914} INFO - Processing file /Users/ajlakorman/Desktop/Data-Mining-Projects/Apache_Airflow/venv/lib/python3.10/site-packages/airflow/example_dags/example_branch_operator_decorator.py for tasks to queue
[2025-02-20T12:37:37.755+0100] {logging_mixin.py:190} INFO - [2025-02-20T12:37:37.754+0100] {dagbag.py:588} INFO - Filling up the DagBag from /Users/ajlakorman/Desktop/Data-Mining-Projects/Apache_Airflow/venv/lib/python3.10/site-packages/airflow/example_dags/example_branch_operator_decorator.py
[2025-02-20T12:37:37.763+0100] {processor.py:927} WARNING - No viable dags retrieved from /Users/ajlakorman/Desktop/Data-Mining-Projects/Apache_Airflow/venv/lib/python3.10/site-packages/airflow/example_dags/example_branch_operator_decorator.py
[2025-02-20T12:37:37.822+0100] {processor.py:208} INFO - Processing /Users/ajlakorman/Desktop/Data-Mining-Projects/Apache_Airflow/venv/lib/python3.10/site-packages/airflow/example_dags/example_branch_operator_decorator.py took 0.070 seconds
[2025-02-20T12:55:20.069+0100] {processor.py:186} INFO - Started process (PID=14627) to work on /Users/ajlakorman/Desktop/Data-Mining-Projects/Apache_Airflow/venv/lib/python3.10/site-packages/airflow/example_dags/example_branch_operator_decorator.py
[2025-02-20T12:55:20.069+0100] {processor.py:914} INFO - Processing file /Users/ajlakorman/Desktop/Data-Mining-Projects/Apache_Airflow/venv/lib/python3.10/site-packages/airflow/example_dags/example_branch_operator_decorator.py for tasks to queue
[2025-02-20T12:55:20.070+0100] {logging_mixin.py:190} INFO - [2025-02-20T12:55:20.070+0100] {dagbag.py:588} INFO - Filling up the DagBag from /Users/ajlakorman/Desktop/Data-Mining-Projects/Apache_Airflow/venv/lib/python3.10/site-packages/airflow/example_dags/example_branch_operator_decorator.py
[2025-02-20T12:55:20.080+0100] {processor.py:927} WARNING - No viable dags retrieved from /Users/ajlakorman/Desktop/Data-Mining-Projects/Apache_Airflow/venv/lib/python3.10/site-packages/airflow/example_dags/example_branch_operator_decorator.py
[2025-02-20T12:55:20.143+0100] {processor.py:208} INFO - Processing /Users/ajlakorman/Desktop/Data-Mining-Projects/Apache_Airflow/venv/lib/python3.10/site-packages/airflow/example_dags/example_branch_operator_decorator.py took 0.076 seconds
[2025-02-20T12:58:34.566+0100] {processor.py:186} INFO - Started process (PID=14995) to work on /Users/ajlakorman/Desktop/Data-Mining-Projects/Apache_Airflow/venv/lib/python3.10/site-packages/airflow/example_dags/example_branch_operator_decorator.py
[2025-02-20T12:58:34.567+0100] {processor.py:914} INFO - Processing file /Users/ajlakorman/Desktop/Data-Mining-Projects/Apache_Airflow/venv/lib/python3.10/site-packages/airflow/example_dags/example_branch_operator_decorator.py for tasks to queue
[2025-02-20T12:58:34.568+0100] {logging_mixin.py:190} INFO - [2025-02-20T12:58:34.568+0100] {dagbag.py:588} INFO - Filling up the DagBag from /Users/ajlakorman/Desktop/Data-Mining-Projects/Apache_Airflow/venv/lib/python3.10/site-packages/airflow/example_dags/example_branch_operator_decorator.py
[2025-02-20T12:58:34.583+0100] {processor.py:927} WARNING - No viable dags retrieved from /Users/ajlakorman/Desktop/Data-Mining-Projects/Apache_Airflow/venv/lib/python3.10/site-packages/airflow/example_dags/example_branch_operator_decorator.py
[2025-02-20T12:58:34.643+0100] {processor.py:208} INFO - Processing /Users/ajlakorman/Desktop/Data-Mining-Projects/Apache_Airflow/venv/lib/python3.10/site-packages/airflow/example_dags/example_branch_operator_decorator.py took 0.079 seconds
[2025-02-20T13:01:21.122+0100] {processor.py:186} INFO - Started process (PID=15231) to work on /Users/ajlakorman/Desktop/Data-Mining-Projects/Apache_Airflow/venv/lib/python3.10/site-packages/airflow/example_dags/example_branch_operator_decorator.py
[2025-02-20T13:01:21.122+0100] {processor.py:914} INFO - Processing file /Users/ajlakorman/Desktop/Data-Mining-Projects/Apache_Airflow/venv/lib/python3.10/site-packages/airflow/example_dags/example_branch_operator_decorator.py for tasks to queue
[2025-02-20T13:01:21.123+0100] {logging_mixin.py:190} INFO - [2025-02-20T13:01:21.123+0100] {dagbag.py:588} INFO - Filling up the DagBag from /Users/ajlakorman/Desktop/Data-Mining-Projects/Apache_Airflow/venv/lib/python3.10/site-packages/airflow/example_dags/example_branch_operator_decorator.py
[2025-02-20T13:01:21.131+0100] {processor.py:927} WARNING - No viable dags retrieved from /Users/ajlakorman/Desktop/Data-Mining-Projects/Apache_Airflow/venv/lib/python3.10/site-packages/airflow/example_dags/example_branch_operator_decorator.py
[2025-02-20T13:01:21.190+0100] {processor.py:208} INFO - Processing /Users/ajlakorman/Desktop/Data-Mining-Projects/Apache_Airflow/venv/lib/python3.10/site-packages/airflow/example_dags/example_branch_operator_decorator.py took 0.070 seconds
[2025-02-20T13:06:41.644+0100] {processor.py:186} INFO - Started process (PID=15459) to work on /Users/ajlakorman/Desktop/Data-Mining-Projects/Apache_Airflow/venv/lib/python3.10/site-packages/airflow/example_dags/example_branch_operator_decorator.py
[2025-02-20T13:06:41.645+0100] {processor.py:914} INFO - Processing file /Users/ajlakorman/Desktop/Data-Mining-Projects/Apache_Airflow/venv/lib/python3.10/site-packages/airflow/example_dags/example_branch_operator_decorator.py for tasks to queue
[2025-02-20T13:06:41.645+0100] {logging_mixin.py:190} INFO - [2025-02-20T13:06:41.645+0100] {dagbag.py:588} INFO - Filling up the DagBag from /Users/ajlakorman/Desktop/Data-Mining-Projects/Apache_Airflow/venv/lib/python3.10/site-packages/airflow/example_dags/example_branch_operator_decorator.py
[2025-02-20T13:06:41.655+0100] {processor.py:927} WARNING - No viable dags retrieved from /Users/ajlakorman/Desktop/Data-Mining-Projects/Apache_Airflow/venv/lib/python3.10/site-packages/airflow/example_dags/example_branch_operator_decorator.py
[2025-02-20T13:06:41.713+0100] {processor.py:208} INFO - Processing /Users/ajlakorman/Desktop/Data-Mining-Projects/Apache_Airflow/venv/lib/python3.10/site-packages/airflow/example_dags/example_branch_operator_decorator.py took 0.071 seconds
[2025-02-20T13:09:33.271+0100] {processor.py:186} INFO - Started process (PID=15865) to work on /Users/ajlakorman/Desktop/Data-Mining-Projects/Apache_Airflow/venv/lib/python3.10/site-packages/airflow/example_dags/example_branch_operator_decorator.py
[2025-02-20T13:09:33.272+0100] {processor.py:914} INFO - Processing file /Users/ajlakorman/Desktop/Data-Mining-Projects/Apache_Airflow/venv/lib/python3.10/site-packages/airflow/example_dags/example_branch_operator_decorator.py for tasks to queue
[2025-02-20T13:09:33.273+0100] {logging_mixin.py:190} INFO - [2025-02-20T13:09:33.273+0100] {dagbag.py:588} INFO - Filling up the DagBag from /Users/ajlakorman/Desktop/Data-Mining-Projects/Apache_Airflow/venv/lib/python3.10/site-packages/airflow/example_dags/example_branch_operator_decorator.py
[2025-02-20T13:09:33.282+0100] {processor.py:927} WARNING - No viable dags retrieved from /Users/ajlakorman/Desktop/Data-Mining-Projects/Apache_Airflow/venv/lib/python3.10/site-packages/airflow/example_dags/example_branch_operator_decorator.py
[2025-02-20T13:09:33.357+0100] {processor.py:208} INFO - Processing /Users/ajlakorman/Desktop/Data-Mining-Projects/Apache_Airflow/venv/lib/python3.10/site-packages/airflow/example_dags/example_branch_operator_decorator.py took 0.088 seconds
[2025-02-20T13:12:22.197+0100] {processor.py:186} INFO - Started process (PID=16137) to work on /Users/ajlakorman/Desktop/Data-Mining-Projects/Apache_Airflow/venv/lib/python3.10/site-packages/airflow/example_dags/example_branch_operator_decorator.py
[2025-02-20T13:12:22.197+0100] {processor.py:914} INFO - Processing file /Users/ajlakorman/Desktop/Data-Mining-Projects/Apache_Airflow/venv/lib/python3.10/site-packages/airflow/example_dags/example_branch_operator_decorator.py for tasks to queue
[2025-02-20T13:12:22.198+0100] {logging_mixin.py:190} INFO - [2025-02-20T13:12:22.198+0100] {dagbag.py:588} INFO - Filling up the DagBag from /Users/ajlakorman/Desktop/Data-Mining-Projects/Apache_Airflow/venv/lib/python3.10/site-packages/airflow/example_dags/example_branch_operator_decorator.py
[2025-02-20T13:12:22.206+0100] {processor.py:927} WARNING - No viable dags retrieved from /Users/ajlakorman/Desktop/Data-Mining-Projects/Apache_Airflow/venv/lib/python3.10/site-packages/airflow/example_dags/example_branch_operator_decorator.py
[2025-02-20T13:12:22.270+0100] {processor.py:208} INFO - Processing /Users/ajlakorman/Desktop/Data-Mining-Projects/Apache_Airflow/venv/lib/python3.10/site-packages/airflow/example_dags/example_branch_operator_decorator.py took 0.075 seconds
[2025-02-20T13:15:26.938+0100] {processor.py:186} INFO - Started process (PID=16429) to work on /Users/ajlakorman/Desktop/Data-Mining-Projects/Apache_Airflow/venv/lib/python3.10/site-packages/airflow/example_dags/example_branch_operator_decorator.py
[2025-02-20T13:15:26.939+0100] {processor.py:914} INFO - Processing file /Users/ajlakorman/Desktop/Data-Mining-Projects/Apache_Airflow/venv/lib/python3.10/site-packages/airflow/example_dags/example_branch_operator_decorator.py for tasks to queue
[2025-02-20T13:15:26.939+0100] {logging_mixin.py:190} INFO - [2025-02-20T13:15:26.939+0100] {dagbag.py:588} INFO - Filling up the DagBag from /Users/ajlakorman/Desktop/Data-Mining-Projects/Apache_Airflow/venv/lib/python3.10/site-packages/airflow/example_dags/example_branch_operator_decorator.py
[2025-02-20T13:15:26.948+0100] {processor.py:927} WARNING - No viable dags retrieved from /Users/ajlakorman/Desktop/Data-Mining-Projects/Apache_Airflow/venv/lib/python3.10/site-packages/airflow/example_dags/example_branch_operator_decorator.py
[2025-02-20T13:15:27.006+0100] {processor.py:208} INFO - Processing /Users/ajlakorman/Desktop/Data-Mining-Projects/Apache_Airflow/venv/lib/python3.10/site-packages/airflow/example_dags/example_branch_operator_decorator.py took 0.070 seconds
[2025-02-20T13:18:33.524+0100] {processor.py:186} INFO - Started process (PID=16838) to work on /Users/ajlakorman/Desktop/Data-Mining-Projects/Apache_Airflow/venv/lib/python3.10/site-packages/airflow/example_dags/example_branch_operator_decorator.py
[2025-02-20T13:18:33.525+0100] {processor.py:914} INFO - Processing file /Users/ajlakorman/Desktop/Data-Mining-Projects/Apache_Airflow/venv/lib/python3.10/site-packages/airflow/example_dags/example_branch_operator_decorator.py for tasks to queue
[2025-02-20T13:18:33.525+0100] {logging_mixin.py:190} INFO - [2025-02-20T13:18:33.525+0100] {dagbag.py:588} INFO - Filling up the DagBag from /Users/ajlakorman/Desktop/Data-Mining-Projects/Apache_Airflow/venv/lib/python3.10/site-packages/airflow/example_dags/example_branch_operator_decorator.py
[2025-02-20T13:18:33.535+0100] {processor.py:927} WARNING - No viable dags retrieved from /Users/ajlakorman/Desktop/Data-Mining-Projects/Apache_Airflow/venv/lib/python3.10/site-packages/airflow/example_dags/example_branch_operator_decorator.py
[2025-02-20T13:18:33.595+0100] {processor.py:208} INFO - Processing /Users/ajlakorman/Desktop/Data-Mining-Projects/Apache_Airflow/venv/lib/python3.10/site-packages/airflow/example_dags/example_branch_operator_decorator.py took 0.072 seconds
[2025-02-20T13:21:33.777+0100] {processor.py:186} INFO - Started process (PID=17128) to work on /Users/ajlakorman/Desktop/Data-Mining-Projects/Apache_Airflow/venv/lib/python3.10/site-packages/airflow/example_dags/example_branch_operator_decorator.py
[2025-02-20T13:21:33.777+0100] {processor.py:914} INFO - Processing file /Users/ajlakorman/Desktop/Data-Mining-Projects/Apache_Airflow/venv/lib/python3.10/site-packages/airflow/example_dags/example_branch_operator_decorator.py for tasks to queue
[2025-02-20T13:21:33.778+0100] {logging_mixin.py:190} INFO - [2025-02-20T13:21:33.778+0100] {dagbag.py:588} INFO - Filling up the DagBag from /Users/ajlakorman/Desktop/Data-Mining-Projects/Apache_Airflow/venv/lib/python3.10/site-packages/airflow/example_dags/example_branch_operator_decorator.py
[2025-02-20T13:21:33.786+0100] {processor.py:927} WARNING - No viable dags retrieved from /Users/ajlakorman/Desktop/Data-Mining-Projects/Apache_Airflow/venv/lib/python3.10/site-packages/airflow/example_dags/example_branch_operator_decorator.py
[2025-02-20T13:21:33.845+0100] {processor.py:208} INFO - Processing /Users/ajlakorman/Desktop/Data-Mining-Projects/Apache_Airflow/venv/lib/python3.10/site-packages/airflow/example_dags/example_branch_operator_decorator.py took 0.070 seconds
[2025-02-20T13:24:13.151+0100] {processor.py:186} INFO - Started process (PID=17436) to work on /Users/ajlakorman/Desktop/Data-Mining-Projects/Apache_Airflow/venv/lib/python3.10/site-packages/airflow/example_dags/example_branch_operator_decorator.py
[2025-02-20T13:24:13.152+0100] {processor.py:914} INFO - Processing file /Users/ajlakorman/Desktop/Data-Mining-Projects/Apache_Airflow/venv/lib/python3.10/site-packages/airflow/example_dags/example_branch_operator_decorator.py for tasks to queue
[2025-02-20T13:24:13.152+0100] {logging_mixin.py:190} INFO - [2025-02-20T13:24:13.152+0100] {dagbag.py:588} INFO - Filling up the DagBag from /Users/ajlakorman/Desktop/Data-Mining-Projects/Apache_Airflow/venv/lib/python3.10/site-packages/airflow/example_dags/example_branch_operator_decorator.py
[2025-02-20T13:24:13.161+0100] {processor.py:927} WARNING - No viable dags retrieved from /Users/ajlakorman/Desktop/Data-Mining-Projects/Apache_Airflow/venv/lib/python3.10/site-packages/airflow/example_dags/example_branch_operator_decorator.py
[2025-02-20T13:24:13.223+0100] {processor.py:208} INFO - Processing /Users/ajlakorman/Desktop/Data-Mining-Projects/Apache_Airflow/venv/lib/python3.10/site-packages/airflow/example_dags/example_branch_operator_decorator.py took 0.073 seconds
[2025-02-20T13:26:50.450+0100] {processor.py:186} INFO - Started process (PID=17638) to work on /Users/ajlakorman/Desktop/Data-Mining-Projects/Apache_Airflow/venv/lib/python3.10/site-packages/airflow/example_dags/example_branch_operator_decorator.py
[2025-02-20T13:26:50.451+0100] {processor.py:914} INFO - Processing file /Users/ajlakorman/Desktop/Data-Mining-Projects/Apache_Airflow/venv/lib/python3.10/site-packages/airflow/example_dags/example_branch_operator_decorator.py for tasks to queue
[2025-02-20T13:26:50.451+0100] {logging_mixin.py:190} INFO - [2025-02-20T13:26:50.451+0100] {dagbag.py:588} INFO - Filling up the DagBag from /Users/ajlakorman/Desktop/Data-Mining-Projects/Apache_Airflow/venv/lib/python3.10/site-packages/airflow/example_dags/example_branch_operator_decorator.py
[2025-02-20T13:26:50.460+0100] {processor.py:927} WARNING - No viable dags retrieved from /Users/ajlakorman/Desktop/Data-Mining-Projects/Apache_Airflow/venv/lib/python3.10/site-packages/airflow/example_dags/example_branch_operator_decorator.py
[2025-02-20T13:26:50.519+0100] {processor.py:208} INFO - Processing /Users/ajlakorman/Desktop/Data-Mining-Projects/Apache_Airflow/venv/lib/python3.10/site-packages/airflow/example_dags/example_branch_operator_decorator.py took 0.071 seconds
[2025-02-20T13:29:28.497+0100] {processor.py:186} INFO - Started process (PID=18001) to work on /Users/ajlakorman/Desktop/Data-Mining-Projects/Apache_Airflow/venv/lib/python3.10/site-packages/airflow/example_dags/example_branch_operator_decorator.py
[2025-02-20T13:29:28.498+0100] {processor.py:914} INFO - Processing file /Users/ajlakorman/Desktop/Data-Mining-Projects/Apache_Airflow/venv/lib/python3.10/site-packages/airflow/example_dags/example_branch_operator_decorator.py for tasks to queue
[2025-02-20T13:29:28.498+0100] {logging_mixin.py:190} INFO - [2025-02-20T13:29:28.498+0100] {dagbag.py:588} INFO - Filling up the DagBag from /Users/ajlakorman/Desktop/Data-Mining-Projects/Apache_Airflow/venv/lib/python3.10/site-packages/airflow/example_dags/example_branch_operator_decorator.py
[2025-02-20T13:29:28.507+0100] {processor.py:927} WARNING - No viable dags retrieved from /Users/ajlakorman/Desktop/Data-Mining-Projects/Apache_Airflow/venv/lib/python3.10/site-packages/airflow/example_dags/example_branch_operator_decorator.py
[2025-02-20T13:29:28.569+0100] {processor.py:208} INFO - Processing /Users/ajlakorman/Desktop/Data-Mining-Projects/Apache_Airflow/venv/lib/python3.10/site-packages/airflow/example_dags/example_branch_operator_decorator.py took 0.073 seconds
[2025-02-20T13:32:05.958+0100] {processor.py:186} INFO - Started process (PID=18208) to work on /Users/ajlakorman/Desktop/Data-Mining-Projects/Apache_Airflow/venv/lib/python3.10/site-packages/airflow/example_dags/example_branch_operator_decorator.py
[2025-02-20T13:32:05.960+0100] {processor.py:914} INFO - Processing file /Users/ajlakorman/Desktop/Data-Mining-Projects/Apache_Airflow/venv/lib/python3.10/site-packages/airflow/example_dags/example_branch_operator_decorator.py for tasks to queue
[2025-02-20T13:32:05.960+0100] {logging_mixin.py:190} INFO - [2025-02-20T13:32:05.960+0100] {dagbag.py:588} INFO - Filling up the DagBag from /Users/ajlakorman/Desktop/Data-Mining-Projects/Apache_Airflow/venv/lib/python3.10/site-packages/airflow/example_dags/example_branch_operator_decorator.py
[2025-02-20T13:32:05.973+0100] {processor.py:927} WARNING - No viable dags retrieved from /Users/ajlakorman/Desktop/Data-Mining-Projects/Apache_Airflow/venv/lib/python3.10/site-packages/airflow/example_dags/example_branch_operator_decorator.py
[2025-02-20T13:32:06.041+0100] {processor.py:208} INFO - Processing /Users/ajlakorman/Desktop/Data-Mining-Projects/Apache_Airflow/venv/lib/python3.10/site-packages/airflow/example_dags/example_branch_operator_decorator.py took 0.086 seconds
[2025-02-20T13:34:47.579+0100] {processor.py:186} INFO - Started process (PID=18394) to work on /Users/ajlakorman/Desktop/Data-Mining-Projects/Apache_Airflow/venv/lib/python3.10/site-packages/airflow/example_dags/example_branch_operator_decorator.py
[2025-02-20T13:34:47.580+0100] {processor.py:914} INFO - Processing file /Users/ajlakorman/Desktop/Data-Mining-Projects/Apache_Airflow/venv/lib/python3.10/site-packages/airflow/example_dags/example_branch_operator_decorator.py for tasks to queue
[2025-02-20T13:34:47.580+0100] {logging_mixin.py:190} INFO - [2025-02-20T13:34:47.580+0100] {dagbag.py:588} INFO - Filling up the DagBag from /Users/ajlakorman/Desktop/Data-Mining-Projects/Apache_Airflow/venv/lib/python3.10/site-packages/airflow/example_dags/example_branch_operator_decorator.py
[2025-02-20T13:34:47.589+0100] {processor.py:927} WARNING - No viable dags retrieved from /Users/ajlakorman/Desktop/Data-Mining-Projects/Apache_Airflow/venv/lib/python3.10/site-packages/airflow/example_dags/example_branch_operator_decorator.py
[2025-02-20T13:34:47.648+0100] {processor.py:208} INFO - Processing /Users/ajlakorman/Desktop/Data-Mining-Projects/Apache_Airflow/venv/lib/python3.10/site-packages/airflow/example_dags/example_branch_operator_decorator.py took 0.071 seconds
[2025-02-20T13:37:31.517+0100] {processor.py:186} INFO - Started process (PID=18838) to work on /Users/ajlakorman/Desktop/Data-Mining-Projects/Apache_Airflow/venv/lib/python3.10/site-packages/airflow/example_dags/example_branch_operator_decorator.py
[2025-02-20T13:37:31.518+0100] {processor.py:914} INFO - Processing file /Users/ajlakorman/Desktop/Data-Mining-Projects/Apache_Airflow/venv/lib/python3.10/site-packages/airflow/example_dags/example_branch_operator_decorator.py for tasks to queue
[2025-02-20T13:37:31.518+0100] {logging_mixin.py:190} INFO - [2025-02-20T13:37:31.518+0100] {dagbag.py:588} INFO - Filling up the DagBag from /Users/ajlakorman/Desktop/Data-Mining-Projects/Apache_Airflow/venv/lib/python3.10/site-packages/airflow/example_dags/example_branch_operator_decorator.py
[2025-02-20T13:37:31.526+0100] {processor.py:927} WARNING - No viable dags retrieved from /Users/ajlakorman/Desktop/Data-Mining-Projects/Apache_Airflow/venv/lib/python3.10/site-packages/airflow/example_dags/example_branch_operator_decorator.py
[2025-02-20T13:37:31.588+0100] {processor.py:208} INFO - Processing /Users/ajlakorman/Desktop/Data-Mining-Projects/Apache_Airflow/venv/lib/python3.10/site-packages/airflow/example_dags/example_branch_operator_decorator.py took 0.072 seconds
[2025-02-20T13:40:12.132+0100] {processor.py:186} INFO - Started process (PID=19305) to work on /Users/ajlakorman/Desktop/Data-Mining-Projects/Apache_Airflow/venv/lib/python3.10/site-packages/airflow/example_dags/example_branch_operator_decorator.py
[2025-02-20T13:40:12.133+0100] {processor.py:914} INFO - Processing file /Users/ajlakorman/Desktop/Data-Mining-Projects/Apache_Airflow/venv/lib/python3.10/site-packages/airflow/example_dags/example_branch_operator_decorator.py for tasks to queue
[2025-02-20T13:40:12.134+0100] {logging_mixin.py:190} INFO - [2025-02-20T13:40:12.134+0100] {dagbag.py:588} INFO - Filling up the DagBag from /Users/ajlakorman/Desktop/Data-Mining-Projects/Apache_Airflow/venv/lib/python3.10/site-packages/airflow/example_dags/example_branch_operator_decorator.py
[2025-02-20T13:40:12.143+0100] {processor.py:927} WARNING - No viable dags retrieved from /Users/ajlakorman/Desktop/Data-Mining-Projects/Apache_Airflow/venv/lib/python3.10/site-packages/airflow/example_dags/example_branch_operator_decorator.py
[2025-02-20T13:40:12.207+0100] {processor.py:208} INFO - Processing /Users/ajlakorman/Desktop/Data-Mining-Projects/Apache_Airflow/venv/lib/python3.10/site-packages/airflow/example_dags/example_branch_operator_decorator.py took 0.076 seconds
[2025-02-20T13:43:03.072+0100] {processor.py:186} INFO - Started process (PID=19624) to work on /Users/ajlakorman/Desktop/Data-Mining-Projects/Apache_Airflow/venv/lib/python3.10/site-packages/airflow/example_dags/example_branch_operator_decorator.py
[2025-02-20T13:43:03.072+0100] {processor.py:914} INFO - Processing file /Users/ajlakorman/Desktop/Data-Mining-Projects/Apache_Airflow/venv/lib/python3.10/site-packages/airflow/example_dags/example_branch_operator_decorator.py for tasks to queue
[2025-02-20T13:43:03.073+0100] {logging_mixin.py:190} INFO - [2025-02-20T13:43:03.073+0100] {dagbag.py:588} INFO - Filling up the DagBag from /Users/ajlakorman/Desktop/Data-Mining-Projects/Apache_Airflow/venv/lib/python3.10/site-packages/airflow/example_dags/example_branch_operator_decorator.py
[2025-02-20T13:43:03.082+0100] {processor.py:927} WARNING - No viable dags retrieved from /Users/ajlakorman/Desktop/Data-Mining-Projects/Apache_Airflow/venv/lib/python3.10/site-packages/airflow/example_dags/example_branch_operator_decorator.py
[2025-02-20T13:43:03.144+0100] {processor.py:208} INFO - Processing /Users/ajlakorman/Desktop/Data-Mining-Projects/Apache_Airflow/venv/lib/python3.10/site-packages/airflow/example_dags/example_branch_operator_decorator.py took 0.074 seconds
[2025-02-20T13:46:00.332+0100] {processor.py:186} INFO - Started process (PID=20159) to work on /Users/ajlakorman/Desktop/Data-Mining-Projects/Apache_Airflow/venv/lib/python3.10/site-packages/airflow/example_dags/example_branch_operator_decorator.py
[2025-02-20T13:46:00.333+0100] {processor.py:914} INFO - Processing file /Users/ajlakorman/Desktop/Data-Mining-Projects/Apache_Airflow/venv/lib/python3.10/site-packages/airflow/example_dags/example_branch_operator_decorator.py for tasks to queue
[2025-02-20T13:46:00.333+0100] {logging_mixin.py:190} INFO - [2025-02-20T13:46:00.333+0100] {dagbag.py:588} INFO - Filling up the DagBag from /Users/ajlakorman/Desktop/Data-Mining-Projects/Apache_Airflow/venv/lib/python3.10/site-packages/airflow/example_dags/example_branch_operator_decorator.py
[2025-02-20T13:46:00.355+0100] {processor.py:927} WARNING - No viable dags retrieved from /Users/ajlakorman/Desktop/Data-Mining-Projects/Apache_Airflow/venv/lib/python3.10/site-packages/airflow/example_dags/example_branch_operator_decorator.py
[2025-02-20T13:46:00.419+0100] {processor.py:208} INFO - Processing /Users/ajlakorman/Desktop/Data-Mining-Projects/Apache_Airflow/venv/lib/python3.10/site-packages/airflow/example_dags/example_branch_operator_decorator.py took 0.089 seconds
[2025-02-20T13:49:00.774+0100] {processor.py:186} INFO - Started process (PID=20700) to work on /Users/ajlakorman/Desktop/Data-Mining-Projects/Apache_Airflow/venv/lib/python3.10/site-packages/airflow/example_dags/example_branch_operator_decorator.py
[2025-02-20T13:49:00.775+0100] {processor.py:914} INFO - Processing file /Users/ajlakorman/Desktop/Data-Mining-Projects/Apache_Airflow/venv/lib/python3.10/site-packages/airflow/example_dags/example_branch_operator_decorator.py for tasks to queue
[2025-02-20T13:49:00.776+0100] {logging_mixin.py:190} INFO - [2025-02-20T13:49:00.775+0100] {dagbag.py:588} INFO - Filling up the DagBag from /Users/ajlakorman/Desktop/Data-Mining-Projects/Apache_Airflow/venv/lib/python3.10/site-packages/airflow/example_dags/example_branch_operator_decorator.py
[2025-02-20T13:49:00.785+0100] {processor.py:927} WARNING - No viable dags retrieved from /Users/ajlakorman/Desktop/Data-Mining-Projects/Apache_Airflow/venv/lib/python3.10/site-packages/airflow/example_dags/example_branch_operator_decorator.py
[2025-02-20T13:49:00.848+0100] {processor.py:208} INFO - Processing /Users/ajlakorman/Desktop/Data-Mining-Projects/Apache_Airflow/venv/lib/python3.10/site-packages/airflow/example_dags/example_branch_operator_decorator.py took 0.075 seconds
[2025-02-20T13:51:57.251+0100] {processor.py:186} INFO - Started process (PID=20976) to work on /Users/ajlakorman/Desktop/Data-Mining-Projects/Apache_Airflow/venv/lib/python3.10/site-packages/airflow/example_dags/example_branch_operator_decorator.py
[2025-02-20T13:51:57.252+0100] {processor.py:914} INFO - Processing file /Users/ajlakorman/Desktop/Data-Mining-Projects/Apache_Airflow/venv/lib/python3.10/site-packages/airflow/example_dags/example_branch_operator_decorator.py for tasks to queue
[2025-02-20T13:51:57.253+0100] {logging_mixin.py:190} INFO - [2025-02-20T13:51:57.253+0100] {dagbag.py:588} INFO - Filling up the DagBag from /Users/ajlakorman/Desktop/Data-Mining-Projects/Apache_Airflow/venv/lib/python3.10/site-packages/airflow/example_dags/example_branch_operator_decorator.py
[2025-02-20T13:51:57.261+0100] {processor.py:927} WARNING - No viable dags retrieved from /Users/ajlakorman/Desktop/Data-Mining-Projects/Apache_Airflow/venv/lib/python3.10/site-packages/airflow/example_dags/example_branch_operator_decorator.py
[2025-02-20T13:51:57.322+0100] {processor.py:208} INFO - Processing /Users/ajlakorman/Desktop/Data-Mining-Projects/Apache_Airflow/venv/lib/python3.10/site-packages/airflow/example_dags/example_branch_operator_decorator.py took 0.072 seconds
[2025-02-20T13:54:47.428+0100] {processor.py:186} INFO - Started process (PID=21230) to work on /Users/ajlakorman/Desktop/Data-Mining-Projects/Apache_Airflow/venv/lib/python3.10/site-packages/airflow/example_dags/example_branch_operator_decorator.py
[2025-02-20T13:54:47.430+0100] {processor.py:914} INFO - Processing file /Users/ajlakorman/Desktop/Data-Mining-Projects/Apache_Airflow/venv/lib/python3.10/site-packages/airflow/example_dags/example_branch_operator_decorator.py for tasks to queue
[2025-02-20T13:54:47.431+0100] {logging_mixin.py:190} INFO - [2025-02-20T13:54:47.431+0100] {dagbag.py:588} INFO - Filling up the DagBag from /Users/ajlakorman/Desktop/Data-Mining-Projects/Apache_Airflow/venv/lib/python3.10/site-packages/airflow/example_dags/example_branch_operator_decorator.py
[2025-02-20T13:54:47.458+0100] {processor.py:927} WARNING - No viable dags retrieved from /Users/ajlakorman/Desktop/Data-Mining-Projects/Apache_Airflow/venv/lib/python3.10/site-packages/airflow/example_dags/example_branch_operator_decorator.py
[2025-02-20T13:54:47.533+0100] {processor.py:208} INFO - Processing /Users/ajlakorman/Desktop/Data-Mining-Projects/Apache_Airflow/venv/lib/python3.10/site-packages/airflow/example_dags/example_branch_operator_decorator.py took 0.119 seconds
[2025-02-20T13:57:48.441+0100] {processor.py:186} INFO - Started process (PID=21467) to work on /Users/ajlakorman/Desktop/Data-Mining-Projects/Apache_Airflow/venv/lib/python3.10/site-packages/airflow/example_dags/example_branch_operator_decorator.py
[2025-02-20T13:57:48.442+0100] {processor.py:914} INFO - Processing file /Users/ajlakorman/Desktop/Data-Mining-Projects/Apache_Airflow/venv/lib/python3.10/site-packages/airflow/example_dags/example_branch_operator_decorator.py for tasks to queue
[2025-02-20T13:57:48.443+0100] {logging_mixin.py:190} INFO - [2025-02-20T13:57:48.443+0100] {dagbag.py:588} INFO - Filling up the DagBag from /Users/ajlakorman/Desktop/Data-Mining-Projects/Apache_Airflow/venv/lib/python3.10/site-packages/airflow/example_dags/example_branch_operator_decorator.py
[2025-02-20T13:57:48.451+0100] {processor.py:927} WARNING - No viable dags retrieved from /Users/ajlakorman/Desktop/Data-Mining-Projects/Apache_Airflow/venv/lib/python3.10/site-packages/airflow/example_dags/example_branch_operator_decorator.py
[2025-02-20T13:57:48.511+0100] {processor.py:208} INFO - Processing /Users/ajlakorman/Desktop/Data-Mining-Projects/Apache_Airflow/venv/lib/python3.10/site-packages/airflow/example_dags/example_branch_operator_decorator.py took 0.071 seconds
[2025-02-20T14:00:35.258+0100] {processor.py:186} INFO - Started process (PID=21801) to work on /Users/ajlakorman/Desktop/Data-Mining-Projects/Apache_Airflow/venv/lib/python3.10/site-packages/airflow/example_dags/example_branch_operator_decorator.py
[2025-02-20T14:00:35.259+0100] {processor.py:914} INFO - Processing file /Users/ajlakorman/Desktop/Data-Mining-Projects/Apache_Airflow/venv/lib/python3.10/site-packages/airflow/example_dags/example_branch_operator_decorator.py for tasks to queue
[2025-02-20T14:00:35.259+0100] {logging_mixin.py:190} INFO - [2025-02-20T14:00:35.259+0100] {dagbag.py:588} INFO - Filling up the DagBag from /Users/ajlakorman/Desktop/Data-Mining-Projects/Apache_Airflow/venv/lib/python3.10/site-packages/airflow/example_dags/example_branch_operator_decorator.py
[2025-02-20T14:00:35.269+0100] {processor.py:927} WARNING - No viable dags retrieved from /Users/ajlakorman/Desktop/Data-Mining-Projects/Apache_Airflow/venv/lib/python3.10/site-packages/airflow/example_dags/example_branch_operator_decorator.py
[2025-02-20T14:00:35.348+0100] {processor.py:208} INFO - Processing /Users/ajlakorman/Desktop/Data-Mining-Projects/Apache_Airflow/venv/lib/python3.10/site-packages/airflow/example_dags/example_branch_operator_decorator.py took 0.092 seconds
[2025-02-20T14:03:33.202+0100] {processor.py:186} INFO - Started process (PID=22195) to work on /Users/ajlakorman/Desktop/Data-Mining-Projects/Apache_Airflow/venv/lib/python3.10/site-packages/airflow/example_dags/example_branch_operator_decorator.py
[2025-02-20T14:03:33.202+0100] {processor.py:914} INFO - Processing file /Users/ajlakorman/Desktop/Data-Mining-Projects/Apache_Airflow/venv/lib/python3.10/site-packages/airflow/example_dags/example_branch_operator_decorator.py for tasks to queue
[2025-02-20T14:03:33.203+0100] {logging_mixin.py:190} INFO - [2025-02-20T14:03:33.203+0100] {dagbag.py:588} INFO - Filling up the DagBag from /Users/ajlakorman/Desktop/Data-Mining-Projects/Apache_Airflow/venv/lib/python3.10/site-packages/airflow/example_dags/example_branch_operator_decorator.py
[2025-02-20T14:03:33.212+0100] {processor.py:927} WARNING - No viable dags retrieved from /Users/ajlakorman/Desktop/Data-Mining-Projects/Apache_Airflow/venv/lib/python3.10/site-packages/airflow/example_dags/example_branch_operator_decorator.py
[2025-02-20T14:03:33.274+0100] {processor.py:208} INFO - Processing /Users/ajlakorman/Desktop/Data-Mining-Projects/Apache_Airflow/venv/lib/python3.10/site-packages/airflow/example_dags/example_branch_operator_decorator.py took 0.074 seconds
[2025-02-20T14:06:30.269+0100] {processor.py:186} INFO - Started process (PID=22566) to work on /Users/ajlakorman/Desktop/Data-Mining-Projects/Apache_Airflow/venv/lib/python3.10/site-packages/airflow/example_dags/example_branch_operator_decorator.py
[2025-02-20T14:06:30.269+0100] {processor.py:914} INFO - Processing file /Users/ajlakorman/Desktop/Data-Mining-Projects/Apache_Airflow/venv/lib/python3.10/site-packages/airflow/example_dags/example_branch_operator_decorator.py for tasks to queue
[2025-02-20T14:06:30.270+0100] {logging_mixin.py:190} INFO - [2025-02-20T14:06:30.270+0100] {dagbag.py:588} INFO - Filling up the DagBag from /Users/ajlakorman/Desktop/Data-Mining-Projects/Apache_Airflow/venv/lib/python3.10/site-packages/airflow/example_dags/example_branch_operator_decorator.py
[2025-02-20T14:06:30.279+0100] {processor.py:927} WARNING - No viable dags retrieved from /Users/ajlakorman/Desktop/Data-Mining-Projects/Apache_Airflow/venv/lib/python3.10/site-packages/airflow/example_dags/example_branch_operator_decorator.py
[2025-02-20T14:06:30.339+0100] {processor.py:208} INFO - Processing /Users/ajlakorman/Desktop/Data-Mining-Projects/Apache_Airflow/venv/lib/python3.10/site-packages/airflow/example_dags/example_branch_operator_decorator.py took 0.071 seconds
[2025-02-20T14:09:32.501+0100] {processor.py:186} INFO - Started process (PID=22935) to work on /Users/ajlakorman/Desktop/Data-Mining-Projects/Apache_Airflow/venv/lib/python3.10/site-packages/airflow/example_dags/example_branch_operator_decorator.py
[2025-02-20T14:09:32.502+0100] {processor.py:914} INFO - Processing file /Users/ajlakorman/Desktop/Data-Mining-Projects/Apache_Airflow/venv/lib/python3.10/site-packages/airflow/example_dags/example_branch_operator_decorator.py for tasks to queue
[2025-02-20T14:09:32.502+0100] {logging_mixin.py:190} INFO - [2025-02-20T14:09:32.502+0100] {dagbag.py:588} INFO - Filling up the DagBag from /Users/ajlakorman/Desktop/Data-Mining-Projects/Apache_Airflow/venv/lib/python3.10/site-packages/airflow/example_dags/example_branch_operator_decorator.py
[2025-02-20T14:09:32.512+0100] {processor.py:927} WARNING - No viable dags retrieved from /Users/ajlakorman/Desktop/Data-Mining-Projects/Apache_Airflow/venv/lib/python3.10/site-packages/airflow/example_dags/example_branch_operator_decorator.py
[2025-02-20T14:09:32.574+0100] {processor.py:208} INFO - Processing /Users/ajlakorman/Desktop/Data-Mining-Projects/Apache_Airflow/venv/lib/python3.10/site-packages/airflow/example_dags/example_branch_operator_decorator.py took 0.075 seconds
[2025-02-20T14:12:30.361+0100] {processor.py:186} INFO - Started process (PID=23342) to work on /Users/ajlakorman/Desktop/Data-Mining-Projects/Apache_Airflow/venv/lib/python3.10/site-packages/airflow/example_dags/example_branch_operator_decorator.py
[2025-02-20T14:12:30.362+0100] {processor.py:914} INFO - Processing file /Users/ajlakorman/Desktop/Data-Mining-Projects/Apache_Airflow/venv/lib/python3.10/site-packages/airflow/example_dags/example_branch_operator_decorator.py for tasks to queue
[2025-02-20T14:12:30.363+0100] {logging_mixin.py:190} INFO - [2025-02-20T14:12:30.362+0100] {dagbag.py:588} INFO - Filling up the DagBag from /Users/ajlakorman/Desktop/Data-Mining-Projects/Apache_Airflow/venv/lib/python3.10/site-packages/airflow/example_dags/example_branch_operator_decorator.py
[2025-02-20T14:12:30.371+0100] {processor.py:927} WARNING - No viable dags retrieved from /Users/ajlakorman/Desktop/Data-Mining-Projects/Apache_Airflow/venv/lib/python3.10/site-packages/airflow/example_dags/example_branch_operator_decorator.py
[2025-02-20T14:12:30.430+0100] {processor.py:208} INFO - Processing /Users/ajlakorman/Desktop/Data-Mining-Projects/Apache_Airflow/venv/lib/python3.10/site-packages/airflow/example_dags/example_branch_operator_decorator.py took 0.070 seconds
[2025-02-20T14:15:31.996+0100] {processor.py:186} INFO - Started process (PID=23664) to work on /Users/ajlakorman/Desktop/Data-Mining-Projects/Apache_Airflow/venv/lib/python3.10/site-packages/airflow/example_dags/example_branch_operator_decorator.py
[2025-02-20T14:15:31.997+0100] {processor.py:914} INFO - Processing file /Users/ajlakorman/Desktop/Data-Mining-Projects/Apache_Airflow/venv/lib/python3.10/site-packages/airflow/example_dags/example_branch_operator_decorator.py for tasks to queue
[2025-02-20T14:15:31.997+0100] {logging_mixin.py:190} INFO - [2025-02-20T14:15:31.997+0100] {dagbag.py:588} INFO - Filling up the DagBag from /Users/ajlakorman/Desktop/Data-Mining-Projects/Apache_Airflow/venv/lib/python3.10/site-packages/airflow/example_dags/example_branch_operator_decorator.py
[2025-02-20T14:15:32.006+0100] {processor.py:927} WARNING - No viable dags retrieved from /Users/ajlakorman/Desktop/Data-Mining-Projects/Apache_Airflow/venv/lib/python3.10/site-packages/airflow/example_dags/example_branch_operator_decorator.py
[2025-02-20T14:15:32.065+0100] {processor.py:208} INFO - Processing /Users/ajlakorman/Desktop/Data-Mining-Projects/Apache_Airflow/venv/lib/python3.10/site-packages/airflow/example_dags/example_branch_operator_decorator.py took 0.071 seconds
[2025-02-20T14:19:51.871+0100] {processor.py:186} INFO - Started process (PID=23901) to work on /Users/ajlakorman/Desktop/Data-Mining-Projects/Apache_Airflow/venv/lib/python3.10/site-packages/airflow/example_dags/example_branch_operator_decorator.py
[2025-02-20T14:19:51.872+0100] {processor.py:914} INFO - Processing file /Users/ajlakorman/Desktop/Data-Mining-Projects/Apache_Airflow/venv/lib/python3.10/site-packages/airflow/example_dags/example_branch_operator_decorator.py for tasks to queue
[2025-02-20T14:19:51.872+0100] {logging_mixin.py:190} INFO - [2025-02-20T14:19:51.872+0100] {dagbag.py:588} INFO - Filling up the DagBag from /Users/ajlakorman/Desktop/Data-Mining-Projects/Apache_Airflow/venv/lib/python3.10/site-packages/airflow/example_dags/example_branch_operator_decorator.py
[2025-02-20T14:19:51.881+0100] {processor.py:927} WARNING - No viable dags retrieved from /Users/ajlakorman/Desktop/Data-Mining-Projects/Apache_Airflow/venv/lib/python3.10/site-packages/airflow/example_dags/example_branch_operator_decorator.py
[2025-02-20T14:19:51.939+0100] {processor.py:208} INFO - Processing /Users/ajlakorman/Desktop/Data-Mining-Projects/Apache_Airflow/venv/lib/python3.10/site-packages/airflow/example_dags/example_branch_operator_decorator.py took 0.070 seconds
