[2025-02-20T10:53:33.306+0100] {processor.py:186} INFO - Started process (PID=6403) to work on /Users/ajlakorman/Desktop/Data-Mining-Projects/Apache_Airflow/venv/lib/python3.10/site-packages/airflow/example_dags/example_bash_decorator.py
[2025-02-20T10:53:33.306+0100] {processor.py:914} INFO - Processing file /Users/ajlakorman/Desktop/Data-Mining-Projects/Apache_Airflow/venv/lib/python3.10/site-packages/airflow/example_dags/example_bash_decorator.py for tasks to queue
[2025-02-20T10:53:33.307+0100] {logging_mixin.py:190} INFO - [2025-02-20T10:53:33.307+0100] {dagbag.py:588} INFO - Filling up the DagBag from /Users/ajlakorman/Desktop/Data-Mining-Projects/Apache_Airflow/venv/lib/python3.10/site-packages/airflow/example_dags/example_bash_decorator.py
[2025-02-20T10:53:33.357+0100] {processor.py:925} INFO - DAG(s) 'example_bash_decorator' retrieved from /Users/ajlakorman/Desktop/Data-Mining-Projects/Apache_Airflow/venv/lib/python3.10/site-packages/airflow/example_dags/example_bash_decorator.py
[2025-02-20T10:53:33.431+0100] {logging_mixin.py:190} INFO - [2025-02-20T10:53:33.431+0100] {override.py:1912} INFO - Created Permission View: can delete on DAG:example_bash_decorator
[2025-02-20T10:53:33.435+0100] {logging_mixin.py:190} INFO - [2025-02-20T10:53:33.435+0100] {override.py:1912} INFO - Created Permission View: can read on DAG:example_bash_decorator
[2025-02-20T10:53:33.437+0100] {logging_mixin.py:190} INFO - [2025-02-20T10:53:33.437+0100] {override.py:1912} INFO - Created Permission View: can edit on DAG:example_bash_decorator
[2025-02-20T10:53:33.440+0100] {logging_mixin.py:190} INFO - [2025-02-20T10:53:33.440+0100] {override.py:1912} INFO - Created Permission View: can create on DAG Run:example_bash_decorator
[2025-02-20T10:53:33.460+0100] {logging_mixin.py:190} INFO - [2025-02-20T10:53:33.460+0100] {override.py:1912} INFO - Created Permission View: can read on DAG Run:example_bash_decorator
[2025-02-20T10:53:33.528+0100] {logging_mixin.py:190} INFO - [2025-02-20T10:53:33.527+0100] {override.py:1912} INFO - Created Permission View: menu access on DAG Run:example_bash_decorator
[2025-02-20T10:53:33.541+0100] {logging_mixin.py:190} INFO - [2025-02-20T10:53:33.541+0100] {override.py:1912} INFO - Created Permission View: can delete on DAG Run:example_bash_decorator
[2025-02-20T10:53:33.542+0100] {logging_mixin.py:190} INFO - [2025-02-20T10:53:33.542+0100] {dag.py:3239} INFO - Sync 1 DAGs
[2025-02-20T10:53:33.583+0100] {logging_mixin.py:190} INFO - [2025-02-20T10:53:33.583+0100] {dag.py:3262} INFO - Creating ORM DAG for example_bash_decorator
[2025-02-20T10:53:33.583+0100] {logging_mixin.py:190} INFO - [2025-02-20T10:53:33.583+0100] {dag.py:4180} INFO - Setting next_dagrun for example_bash_decorator to None, run_after=None
[2025-02-20T10:53:33.592+0100] {processor.py:208} INFO - Processing /Users/ajlakorman/Desktop/Data-Mining-Projects/Apache_Airflow/venv/lib/python3.10/site-packages/airflow/example_dags/example_bash_decorator.py took 0.288 seconds
[2025-02-20T10:56:02.287+0100] {processor.py:186} INFO - Started process (PID=6744) to work on /Users/ajlakorman/Desktop/Data-Mining-Projects/Apache_Airflow/venv/lib/python3.10/site-packages/airflow/example_dags/example_bash_decorator.py
[2025-02-20T10:56:02.288+0100] {processor.py:914} INFO - Processing file /Users/ajlakorman/Desktop/Data-Mining-Projects/Apache_Airflow/venv/lib/python3.10/site-packages/airflow/example_dags/example_bash_decorator.py for tasks to queue
[2025-02-20T10:56:02.288+0100] {logging_mixin.py:190} INFO - [2025-02-20T10:56:02.288+0100] {dagbag.py:588} INFO - Filling up the DagBag from /Users/ajlakorman/Desktop/Data-Mining-Projects/Apache_Airflow/venv/lib/python3.10/site-packages/airflow/example_dags/example_bash_decorator.py
[2025-02-20T10:56:02.339+0100] {processor.py:925} INFO - DAG(s) 'example_bash_decorator' retrieved from /Users/ajlakorman/Desktop/Data-Mining-Projects/Apache_Airflow/venv/lib/python3.10/site-packages/airflow/example_dags/example_bash_decorator.py
[2025-02-20T10:56:02.426+0100] {logging_mixin.py:190} INFO - [2025-02-20T10:56:02.426+0100] {dag.py:3239} INFO - Sync 1 DAGs
[2025-02-20T10:56:02.431+0100] {logging_mixin.py:190} INFO - [2025-02-20T10:56:02.430+0100] {dag.py:4180} INFO - Setting next_dagrun for example_bash_decorator to None, run_after=None
[2025-02-20T10:56:02.438+0100] {processor.py:208} INFO - Processing /Users/ajlakorman/Desktop/Data-Mining-Projects/Apache_Airflow/venv/lib/python3.10/site-packages/airflow/example_dags/example_bash_decorator.py took 0.153 seconds
[2025-02-20T10:58:53.614+0100] {processor.py:186} INFO - Started process (PID=7018) to work on /Users/ajlakorman/Desktop/Data-Mining-Projects/Apache_Airflow/venv/lib/python3.10/site-packages/airflow/example_dags/example_bash_decorator.py
[2025-02-20T10:58:53.615+0100] {processor.py:914} INFO - Processing file /Users/ajlakorman/Desktop/Data-Mining-Projects/Apache_Airflow/venv/lib/python3.10/site-packages/airflow/example_dags/example_bash_decorator.py for tasks to queue
[2025-02-20T10:58:53.615+0100] {logging_mixin.py:190} INFO - [2025-02-20T10:58:53.615+0100] {dagbag.py:588} INFO - Filling up the DagBag from /Users/ajlakorman/Desktop/Data-Mining-Projects/Apache_Airflow/venv/lib/python3.10/site-packages/airflow/example_dags/example_bash_decorator.py
[2025-02-20T10:58:53.663+0100] {processor.py:925} INFO - DAG(s) 'example_bash_decorator' retrieved from /Users/ajlakorman/Desktop/Data-Mining-Projects/Apache_Airflow/venv/lib/python3.10/site-packages/airflow/example_dags/example_bash_decorator.py
[2025-02-20T10:58:53.745+0100] {logging_mixin.py:190} INFO - [2025-02-20T10:58:53.745+0100] {dag.py:3239} INFO - Sync 1 DAGs
[2025-02-20T10:58:53.749+0100] {logging_mixin.py:190} INFO - [2025-02-20T10:58:53.749+0100] {dag.py:4180} INFO - Setting next_dagrun for example_bash_decorator to None, run_after=None
[2025-02-20T10:58:53.765+0100] {processor.py:208} INFO - Processing /Users/ajlakorman/Desktop/Data-Mining-Projects/Apache_Airflow/venv/lib/python3.10/site-packages/airflow/example_dags/example_bash_decorator.py took 0.152 seconds
[2025-02-20T11:01:26.400+0100] {processor.py:186} INFO - Started process (PID=7372) to work on /Users/ajlakorman/Desktop/Data-Mining-Projects/Apache_Airflow/venv/lib/python3.10/site-packages/airflow/example_dags/example_bash_decorator.py
[2025-02-20T11:01:26.400+0100] {processor.py:914} INFO - Processing file /Users/ajlakorman/Desktop/Data-Mining-Projects/Apache_Airflow/venv/lib/python3.10/site-packages/airflow/example_dags/example_bash_decorator.py for tasks to queue
[2025-02-20T11:01:26.401+0100] {logging_mixin.py:190} INFO - [2025-02-20T11:01:26.401+0100] {dagbag.py:588} INFO - Filling up the DagBag from /Users/ajlakorman/Desktop/Data-Mining-Projects/Apache_Airflow/venv/lib/python3.10/site-packages/airflow/example_dags/example_bash_decorator.py
[2025-02-20T11:01:26.443+0100] {processor.py:925} INFO - DAG(s) 'example_bash_decorator' retrieved from /Users/ajlakorman/Desktop/Data-Mining-Projects/Apache_Airflow/venv/lib/python3.10/site-packages/airflow/example_dags/example_bash_decorator.py
[2025-02-20T11:01:26.517+0100] {logging_mixin.py:190} INFO - [2025-02-20T11:01:26.517+0100] {dag.py:3239} INFO - Sync 1 DAGs
[2025-02-20T11:01:26.522+0100] {logging_mixin.py:190} INFO - [2025-02-20T11:01:26.522+0100] {dag.py:4180} INFO - Setting next_dagrun for example_bash_decorator to None, run_after=None
[2025-02-20T11:01:26.529+0100] {processor.py:208} INFO - Processing /Users/ajlakorman/Desktop/Data-Mining-Projects/Apache_Airflow/venv/lib/python3.10/site-packages/airflow/example_dags/example_bash_decorator.py took 0.132 seconds
[2025-02-20T11:03:49.923+0100] {processor.py:186} INFO - Started process (PID=7616) to work on /Users/ajlakorman/Desktop/Data-Mining-Projects/Apache_Airflow/venv/lib/python3.10/site-packages/airflow/example_dags/example_bash_decorator.py
[2025-02-20T11:03:49.925+0100] {processor.py:914} INFO - Processing file /Users/ajlakorman/Desktop/Data-Mining-Projects/Apache_Airflow/venv/lib/python3.10/site-packages/airflow/example_dags/example_bash_decorator.py for tasks to queue
[2025-02-20T11:03:49.925+0100] {logging_mixin.py:190} INFO - [2025-02-20T11:03:49.925+0100] {dagbag.py:588} INFO - Filling up the DagBag from /Users/ajlakorman/Desktop/Data-Mining-Projects/Apache_Airflow/venv/lib/python3.10/site-packages/airflow/example_dags/example_bash_decorator.py
[2025-02-20T11:03:49.968+0100] {processor.py:925} INFO - DAG(s) 'example_bash_decorator' retrieved from /Users/ajlakorman/Desktop/Data-Mining-Projects/Apache_Airflow/venv/lib/python3.10/site-packages/airflow/example_dags/example_bash_decorator.py
[2025-02-20T11:03:50.052+0100] {logging_mixin.py:190} INFO - [2025-02-20T11:03:50.052+0100] {dag.py:3239} INFO - Sync 1 DAGs
[2025-02-20T11:03:50.056+0100] {logging_mixin.py:190} INFO - [2025-02-20T11:03:50.056+0100] {dag.py:4180} INFO - Setting next_dagrun for example_bash_decorator to None, run_after=None
[2025-02-20T11:03:50.063+0100] {processor.py:208} INFO - Processing /Users/ajlakorman/Desktop/Data-Mining-Projects/Apache_Airflow/venv/lib/python3.10/site-packages/airflow/example_dags/example_bash_decorator.py took 0.141 seconds
[2025-02-20T11:06:08.264+0100] {processor.py:186} INFO - Started process (PID=7947) to work on /Users/ajlakorman/Desktop/Data-Mining-Projects/Apache_Airflow/venv/lib/python3.10/site-packages/airflow/example_dags/example_bash_decorator.py
[2025-02-20T11:06:08.266+0100] {processor.py:914} INFO - Processing file /Users/ajlakorman/Desktop/Data-Mining-Projects/Apache_Airflow/venv/lib/python3.10/site-packages/airflow/example_dags/example_bash_decorator.py for tasks to queue
[2025-02-20T11:06:08.267+0100] {logging_mixin.py:190} INFO - [2025-02-20T11:06:08.266+0100] {dagbag.py:588} INFO - Filling up the DagBag from /Users/ajlakorman/Desktop/Data-Mining-Projects/Apache_Airflow/venv/lib/python3.10/site-packages/airflow/example_dags/example_bash_decorator.py
[2025-02-20T11:06:08.317+0100] {processor.py:925} INFO - DAG(s) 'example_bash_decorator' retrieved from /Users/ajlakorman/Desktop/Data-Mining-Projects/Apache_Airflow/venv/lib/python3.10/site-packages/airflow/example_dags/example_bash_decorator.py
[2025-02-20T11:06:08.403+0100] {logging_mixin.py:190} INFO - [2025-02-20T11:06:08.403+0100] {dag.py:3239} INFO - Sync 1 DAGs
[2025-02-20T11:06:08.407+0100] {logging_mixin.py:190} INFO - [2025-02-20T11:06:08.407+0100] {dag.py:4180} INFO - Setting next_dagrun for example_bash_decorator to None, run_after=None
[2025-02-20T11:06:08.416+0100] {processor.py:208} INFO - Processing /Users/ajlakorman/Desktop/Data-Mining-Projects/Apache_Airflow/venv/lib/python3.10/site-packages/airflow/example_dags/example_bash_decorator.py took 0.153 seconds
[2025-02-20T11:08:27.371+0100] {processor.py:186} INFO - Started process (PID=8228) to work on /Users/ajlakorman/Desktop/Data-Mining-Projects/Apache_Airflow/venv/lib/python3.10/site-packages/airflow/example_dags/example_bash_decorator.py
[2025-02-20T11:08:27.372+0100] {processor.py:914} INFO - Processing file /Users/ajlakorman/Desktop/Data-Mining-Projects/Apache_Airflow/venv/lib/python3.10/site-packages/airflow/example_dags/example_bash_decorator.py for tasks to queue
[2025-02-20T11:08:27.372+0100] {logging_mixin.py:190} INFO - [2025-02-20T11:08:27.372+0100] {dagbag.py:588} INFO - Filling up the DagBag from /Users/ajlakorman/Desktop/Data-Mining-Projects/Apache_Airflow/venv/lib/python3.10/site-packages/airflow/example_dags/example_bash_decorator.py
[2025-02-20T11:08:27.414+0100] {processor.py:925} INFO - DAG(s) 'example_bash_decorator' retrieved from /Users/ajlakorman/Desktop/Data-Mining-Projects/Apache_Airflow/venv/lib/python3.10/site-packages/airflow/example_dags/example_bash_decorator.py
[2025-02-20T11:08:27.486+0100] {logging_mixin.py:190} INFO - [2025-02-20T11:08:27.486+0100] {dag.py:3239} INFO - Sync 1 DAGs
[2025-02-20T11:08:27.490+0100] {logging_mixin.py:190} INFO - [2025-02-20T11:08:27.490+0100] {dag.py:4180} INFO - Setting next_dagrun for example_bash_decorator to None, run_after=None
[2025-02-20T11:08:27.497+0100] {processor.py:208} INFO - Processing /Users/ajlakorman/Desktop/Data-Mining-Projects/Apache_Airflow/venv/lib/python3.10/site-packages/airflow/example_dags/example_bash_decorator.py took 0.127 seconds
[2025-02-20T11:10:47.056+0100] {processor.py:186} INFO - Started process (PID=8479) to work on /Users/ajlakorman/Desktop/Data-Mining-Projects/Apache_Airflow/venv/lib/python3.10/site-packages/airflow/example_dags/example_bash_decorator.py
[2025-02-20T11:10:47.058+0100] {processor.py:914} INFO - Processing file /Users/ajlakorman/Desktop/Data-Mining-Projects/Apache_Airflow/venv/lib/python3.10/site-packages/airflow/example_dags/example_bash_decorator.py for tasks to queue
[2025-02-20T11:10:47.058+0100] {logging_mixin.py:190} INFO - [2025-02-20T11:10:47.058+0100] {dagbag.py:588} INFO - Filling up the DagBag from /Users/ajlakorman/Desktop/Data-Mining-Projects/Apache_Airflow/venv/lib/python3.10/site-packages/airflow/example_dags/example_bash_decorator.py
[2025-02-20T11:10:47.100+0100] {processor.py:925} INFO - DAG(s) 'example_bash_decorator' retrieved from /Users/ajlakorman/Desktop/Data-Mining-Projects/Apache_Airflow/venv/lib/python3.10/site-packages/airflow/example_dags/example_bash_decorator.py
[2025-02-20T11:10:47.181+0100] {logging_mixin.py:190} INFO - [2025-02-20T11:10:47.181+0100] {dag.py:3239} INFO - Sync 1 DAGs
[2025-02-20T11:10:47.185+0100] {logging_mixin.py:190} INFO - [2025-02-20T11:10:47.185+0100] {dag.py:4180} INFO - Setting next_dagrun for example_bash_decorator to None, run_after=None
[2025-02-20T11:10:47.192+0100] {processor.py:208} INFO - Processing /Users/ajlakorman/Desktop/Data-Mining-Projects/Apache_Airflow/venv/lib/python3.10/site-packages/airflow/example_dags/example_bash_decorator.py took 0.137 seconds
[2025-02-20T11:13:02.918+0100] {processor.py:186} INFO - Started process (PID=8681) to work on /Users/ajlakorman/Desktop/Data-Mining-Projects/Apache_Airflow/venv/lib/python3.10/site-packages/airflow/example_dags/example_bash_decorator.py
[2025-02-20T11:13:02.918+0100] {processor.py:914} INFO - Processing file /Users/ajlakorman/Desktop/Data-Mining-Projects/Apache_Airflow/venv/lib/python3.10/site-packages/airflow/example_dags/example_bash_decorator.py for tasks to queue
[2025-02-20T11:13:02.919+0100] {logging_mixin.py:190} INFO - [2025-02-20T11:13:02.919+0100] {dagbag.py:588} INFO - Filling up the DagBag from /Users/ajlakorman/Desktop/Data-Mining-Projects/Apache_Airflow/venv/lib/python3.10/site-packages/airflow/example_dags/example_bash_decorator.py
[2025-02-20T11:13:03.106+0100] {processor.py:925} INFO - DAG(s) 'example_bash_decorator' retrieved from /Users/ajlakorman/Desktop/Data-Mining-Projects/Apache_Airflow/venv/lib/python3.10/site-packages/airflow/example_dags/example_bash_decorator.py
[2025-02-20T11:13:03.218+0100] {logging_mixin.py:190} INFO - [2025-02-20T11:13:03.218+0100] {dag.py:3239} INFO - Sync 1 DAGs
[2025-02-20T11:13:03.224+0100] {logging_mixin.py:190} INFO - [2025-02-20T11:13:03.224+0100] {dag.py:4180} INFO - Setting next_dagrun for example_bash_decorator to None, run_after=None
[2025-02-20T11:13:03.233+0100] {processor.py:208} INFO - Processing /Users/ajlakorman/Desktop/Data-Mining-Projects/Apache_Airflow/venv/lib/python3.10/site-packages/airflow/example_dags/example_bash_decorator.py took 0.317 seconds
[2025-02-20T11:15:29.194+0100] {processor.py:186} INFO - Started process (PID=8938) to work on /Users/ajlakorman/Desktop/Data-Mining-Projects/Apache_Airflow/venv/lib/python3.10/site-packages/airflow/example_dags/example_bash_decorator.py
[2025-02-20T11:15:29.195+0100] {processor.py:914} INFO - Processing file /Users/ajlakorman/Desktop/Data-Mining-Projects/Apache_Airflow/venv/lib/python3.10/site-packages/airflow/example_dags/example_bash_decorator.py for tasks to queue
[2025-02-20T11:15:29.195+0100] {logging_mixin.py:190} INFO - [2025-02-20T11:15:29.195+0100] {dagbag.py:588} INFO - Filling up the DagBag from /Users/ajlakorman/Desktop/Data-Mining-Projects/Apache_Airflow/venv/lib/python3.10/site-packages/airflow/example_dags/example_bash_decorator.py
[2025-02-20T11:15:29.239+0100] {processor.py:925} INFO - DAG(s) 'example_bash_decorator' retrieved from /Users/ajlakorman/Desktop/Data-Mining-Projects/Apache_Airflow/venv/lib/python3.10/site-packages/airflow/example_dags/example_bash_decorator.py
[2025-02-20T11:15:29.321+0100] {logging_mixin.py:190} INFO - [2025-02-20T11:15:29.321+0100] {dag.py:3239} INFO - Sync 1 DAGs
[2025-02-20T11:15:29.325+0100] {logging_mixin.py:190} INFO - [2025-02-20T11:15:29.325+0100] {dag.py:4180} INFO - Setting next_dagrun for example_bash_decorator to None, run_after=None
[2025-02-20T11:15:29.332+0100] {processor.py:208} INFO - Processing /Users/ajlakorman/Desktop/Data-Mining-Projects/Apache_Airflow/venv/lib/python3.10/site-packages/airflow/example_dags/example_bash_decorator.py took 0.140 seconds
[2025-02-20T11:17:51.462+0100] {processor.py:186} INFO - Started process (PID=9297) to work on /Users/ajlakorman/Desktop/Data-Mining-Projects/Apache_Airflow/venv/lib/python3.10/site-packages/airflow/example_dags/example_bash_decorator.py
[2025-02-20T11:17:51.463+0100] {processor.py:914} INFO - Processing file /Users/ajlakorman/Desktop/Data-Mining-Projects/Apache_Airflow/venv/lib/python3.10/site-packages/airflow/example_dags/example_bash_decorator.py for tasks to queue
[2025-02-20T11:17:51.463+0100] {logging_mixin.py:190} INFO - [2025-02-20T11:17:51.463+0100] {dagbag.py:588} INFO - Filling up the DagBag from /Users/ajlakorman/Desktop/Data-Mining-Projects/Apache_Airflow/venv/lib/python3.10/site-packages/airflow/example_dags/example_bash_decorator.py
[2025-02-20T11:17:51.507+0100] {processor.py:925} INFO - DAG(s) 'example_bash_decorator' retrieved from /Users/ajlakorman/Desktop/Data-Mining-Projects/Apache_Airflow/venv/lib/python3.10/site-packages/airflow/example_dags/example_bash_decorator.py
[2025-02-20T11:17:51.589+0100] {logging_mixin.py:190} INFO - [2025-02-20T11:17:51.589+0100] {dag.py:3239} INFO - Sync 1 DAGs
[2025-02-20T11:17:51.593+0100] {logging_mixin.py:190} INFO - [2025-02-20T11:17:51.593+0100] {dag.py:4180} INFO - Setting next_dagrun for example_bash_decorator to None, run_after=None
[2025-02-20T11:17:51.600+0100] {processor.py:208} INFO - Processing /Users/ajlakorman/Desktop/Data-Mining-Projects/Apache_Airflow/venv/lib/python3.10/site-packages/airflow/example_dags/example_bash_decorator.py took 0.139 seconds
[2025-02-20T11:20:22.281+0100] {processor.py:186} INFO - Started process (PID=9675) to work on /Users/ajlakorman/Desktop/Data-Mining-Projects/Apache_Airflow/venv/lib/python3.10/site-packages/airflow/example_dags/example_bash_decorator.py
[2025-02-20T11:20:22.281+0100] {processor.py:914} INFO - Processing file /Users/ajlakorman/Desktop/Data-Mining-Projects/Apache_Airflow/venv/lib/python3.10/site-packages/airflow/example_dags/example_bash_decorator.py for tasks to queue
[2025-02-20T11:20:22.282+0100] {logging_mixin.py:190} INFO - [2025-02-20T11:20:22.282+0100] {dagbag.py:588} INFO - Filling up the DagBag from /Users/ajlakorman/Desktop/Data-Mining-Projects/Apache_Airflow/venv/lib/python3.10/site-packages/airflow/example_dags/example_bash_decorator.py
[2025-02-20T11:20:22.332+0100] {processor.py:925} INFO - DAG(s) 'example_bash_decorator' retrieved from /Users/ajlakorman/Desktop/Data-Mining-Projects/Apache_Airflow/venv/lib/python3.10/site-packages/airflow/example_dags/example_bash_decorator.py
[2025-02-20T11:20:22.425+0100] {logging_mixin.py:190} INFO - [2025-02-20T11:20:22.425+0100] {dag.py:3239} INFO - Sync 1 DAGs
[2025-02-20T11:20:22.430+0100] {logging_mixin.py:190} INFO - [2025-02-20T11:20:22.430+0100] {dag.py:4180} INFO - Setting next_dagrun for example_bash_decorator to None, run_after=None
[2025-02-20T11:20:22.437+0100] {processor.py:208} INFO - Processing /Users/ajlakorman/Desktop/Data-Mining-Projects/Apache_Airflow/venv/lib/python3.10/site-packages/airflow/example_dags/example_bash_decorator.py took 0.158 seconds
[2025-02-20T11:22:48.491+0100] {processor.py:186} INFO - Started process (PID=9901) to work on /Users/ajlakorman/Desktop/Data-Mining-Projects/Apache_Airflow/venv/lib/python3.10/site-packages/airflow/example_dags/example_bash_decorator.py
[2025-02-20T11:22:48.493+0100] {processor.py:914} INFO - Processing file /Users/ajlakorman/Desktop/Data-Mining-Projects/Apache_Airflow/venv/lib/python3.10/site-packages/airflow/example_dags/example_bash_decorator.py for tasks to queue
[2025-02-20T11:22:48.493+0100] {logging_mixin.py:190} INFO - [2025-02-20T11:22:48.493+0100] {dagbag.py:588} INFO - Filling up the DagBag from /Users/ajlakorman/Desktop/Data-Mining-Projects/Apache_Airflow/venv/lib/python3.10/site-packages/airflow/example_dags/example_bash_decorator.py
[2025-02-20T11:22:48.536+0100] {processor.py:925} INFO - DAG(s) 'example_bash_decorator' retrieved from /Users/ajlakorman/Desktop/Data-Mining-Projects/Apache_Airflow/venv/lib/python3.10/site-packages/airflow/example_dags/example_bash_decorator.py
[2025-02-20T11:22:48.620+0100] {logging_mixin.py:190} INFO - [2025-02-20T11:22:48.620+0100] {dag.py:3239} INFO - Sync 1 DAGs
[2025-02-20T11:22:48.624+0100] {logging_mixin.py:190} INFO - [2025-02-20T11:22:48.624+0100] {dag.py:4180} INFO - Setting next_dagrun for example_bash_decorator to None, run_after=None
[2025-02-20T11:22:48.631+0100] {processor.py:208} INFO - Processing /Users/ajlakorman/Desktop/Data-Mining-Projects/Apache_Airflow/venv/lib/python3.10/site-packages/airflow/example_dags/example_bash_decorator.py took 0.141 seconds
[2025-02-20T11:25:18.598+0100] {processor.py:186} INFO - Started process (PID=10168) to work on /Users/ajlakorman/Desktop/Data-Mining-Projects/Apache_Airflow/venv/lib/python3.10/site-packages/airflow/example_dags/example_bash_decorator.py
[2025-02-20T11:25:18.599+0100] {processor.py:914} INFO - Processing file /Users/ajlakorman/Desktop/Data-Mining-Projects/Apache_Airflow/venv/lib/python3.10/site-packages/airflow/example_dags/example_bash_decorator.py for tasks to queue
[2025-02-20T11:25:18.599+0100] {logging_mixin.py:190} INFO - [2025-02-20T11:25:18.599+0100] {dagbag.py:588} INFO - Filling up the DagBag from /Users/ajlakorman/Desktop/Data-Mining-Projects/Apache_Airflow/venv/lib/python3.10/site-packages/airflow/example_dags/example_bash_decorator.py
[2025-02-20T11:25:18.644+0100] {processor.py:925} INFO - DAG(s) 'example_bash_decorator' retrieved from /Users/ajlakorman/Desktop/Data-Mining-Projects/Apache_Airflow/venv/lib/python3.10/site-packages/airflow/example_dags/example_bash_decorator.py
[2025-02-20T11:25:18.726+0100] {logging_mixin.py:190} INFO - [2025-02-20T11:25:18.726+0100] {dag.py:3239} INFO - Sync 1 DAGs
[2025-02-20T11:25:18.730+0100] {logging_mixin.py:190} INFO - [2025-02-20T11:25:18.730+0100] {dag.py:4180} INFO - Setting next_dagrun for example_bash_decorator to None, run_after=None
[2025-02-20T11:25:18.736+0100] {processor.py:208} INFO - Processing /Users/ajlakorman/Desktop/Data-Mining-Projects/Apache_Airflow/venv/lib/python3.10/site-packages/airflow/example_dags/example_bash_decorator.py took 0.141 seconds
[2025-02-20T11:27:50.232+0100] {processor.py:186} INFO - Started process (PID=10503) to work on /Users/ajlakorman/Desktop/Data-Mining-Projects/Apache_Airflow/venv/lib/python3.10/site-packages/airflow/example_dags/example_bash_decorator.py
[2025-02-20T11:27:50.232+0100] {processor.py:914} INFO - Processing file /Users/ajlakorman/Desktop/Data-Mining-Projects/Apache_Airflow/venv/lib/python3.10/site-packages/airflow/example_dags/example_bash_decorator.py for tasks to queue
[2025-02-20T11:27:50.233+0100] {logging_mixin.py:190} INFO - [2025-02-20T11:27:50.233+0100] {dagbag.py:588} INFO - Filling up the DagBag from /Users/ajlakorman/Desktop/Data-Mining-Projects/Apache_Airflow/venv/lib/python3.10/site-packages/airflow/example_dags/example_bash_decorator.py
[2025-02-20T11:27:50.277+0100] {processor.py:925} INFO - DAG(s) 'example_bash_decorator' retrieved from /Users/ajlakorman/Desktop/Data-Mining-Projects/Apache_Airflow/venv/lib/python3.10/site-packages/airflow/example_dags/example_bash_decorator.py
[2025-02-20T11:27:50.370+0100] {logging_mixin.py:190} INFO - [2025-02-20T11:27:50.370+0100] {dag.py:3239} INFO - Sync 1 DAGs
[2025-02-20T11:27:50.374+0100] {logging_mixin.py:190} INFO - [2025-02-20T11:27:50.374+0100] {dag.py:4180} INFO - Setting next_dagrun for example_bash_decorator to None, run_after=None
[2025-02-20T11:27:50.382+0100] {processor.py:208} INFO - Processing /Users/ajlakorman/Desktop/Data-Mining-Projects/Apache_Airflow/venv/lib/python3.10/site-packages/airflow/example_dags/example_bash_decorator.py took 0.152 seconds
[2025-02-20T11:30:17.132+0100] {processor.py:186} INFO - Started process (PID=10836) to work on /Users/ajlakorman/Desktop/Data-Mining-Projects/Apache_Airflow/venv/lib/python3.10/site-packages/airflow/example_dags/example_bash_decorator.py
[2025-02-20T11:30:17.133+0100] {processor.py:914} INFO - Processing file /Users/ajlakorman/Desktop/Data-Mining-Projects/Apache_Airflow/venv/lib/python3.10/site-packages/airflow/example_dags/example_bash_decorator.py for tasks to queue
[2025-02-20T11:30:17.133+0100] {logging_mixin.py:190} INFO - [2025-02-20T11:30:17.133+0100] {dagbag.py:588} INFO - Filling up the DagBag from /Users/ajlakorman/Desktop/Data-Mining-Projects/Apache_Airflow/venv/lib/python3.10/site-packages/airflow/example_dags/example_bash_decorator.py
[2025-02-20T11:30:17.177+0100] {processor.py:925} INFO - DAG(s) 'example_bash_decorator' retrieved from /Users/ajlakorman/Desktop/Data-Mining-Projects/Apache_Airflow/venv/lib/python3.10/site-packages/airflow/example_dags/example_bash_decorator.py
[2025-02-20T11:30:17.259+0100] {logging_mixin.py:190} INFO - [2025-02-20T11:30:17.259+0100] {dag.py:3239} INFO - Sync 1 DAGs
[2025-02-20T11:30:17.263+0100] {logging_mixin.py:190} INFO - [2025-02-20T11:30:17.263+0100] {dag.py:4180} INFO - Setting next_dagrun for example_bash_decorator to None, run_after=None
[2025-02-20T11:30:17.270+0100] {processor.py:208} INFO - Processing /Users/ajlakorman/Desktop/Data-Mining-Projects/Apache_Airflow/venv/lib/python3.10/site-packages/airflow/example_dags/example_bash_decorator.py took 0.140 seconds
[2025-02-20T11:32:42.823+0100] {processor.py:186} INFO - Started process (PID=11076) to work on /Users/ajlakorman/Desktop/Data-Mining-Projects/Apache_Airflow/venv/lib/python3.10/site-packages/airflow/example_dags/example_bash_decorator.py
[2025-02-20T11:32:42.824+0100] {processor.py:914} INFO - Processing file /Users/ajlakorman/Desktop/Data-Mining-Projects/Apache_Airflow/venv/lib/python3.10/site-packages/airflow/example_dags/example_bash_decorator.py for tasks to queue
[2025-02-20T11:32:42.825+0100] {logging_mixin.py:190} INFO - [2025-02-20T11:32:42.825+0100] {dagbag.py:588} INFO - Filling up the DagBag from /Users/ajlakorman/Desktop/Data-Mining-Projects/Apache_Airflow/venv/lib/python3.10/site-packages/airflow/example_dags/example_bash_decorator.py
[2025-02-20T11:32:42.867+0100] {processor.py:925} INFO - DAG(s) 'example_bash_decorator' retrieved from /Users/ajlakorman/Desktop/Data-Mining-Projects/Apache_Airflow/venv/lib/python3.10/site-packages/airflow/example_dags/example_bash_decorator.py
[2025-02-20T11:32:42.949+0100] {logging_mixin.py:190} INFO - [2025-02-20T11:32:42.949+0100] {dag.py:3239} INFO - Sync 1 DAGs
[2025-02-20T11:32:42.953+0100] {logging_mixin.py:190} INFO - [2025-02-20T11:32:42.953+0100] {dag.py:4180} INFO - Setting next_dagrun for example_bash_decorator to None, run_after=None
[2025-02-20T11:32:42.960+0100] {processor.py:208} INFO - Processing /Users/ajlakorman/Desktop/Data-Mining-Projects/Apache_Airflow/venv/lib/python3.10/site-packages/airflow/example_dags/example_bash_decorator.py took 0.138 seconds
[2025-02-20T11:35:11.082+0100] {processor.py:186} INFO - Started process (PID=11319) to work on /Users/ajlakorman/Desktop/Data-Mining-Projects/Apache_Airflow/venv/lib/python3.10/site-packages/airflow/example_dags/example_bash_decorator.py
[2025-02-20T11:35:11.083+0100] {processor.py:914} INFO - Processing file /Users/ajlakorman/Desktop/Data-Mining-Projects/Apache_Airflow/venv/lib/python3.10/site-packages/airflow/example_dags/example_bash_decorator.py for tasks to queue
[2025-02-20T11:35:11.084+0100] {logging_mixin.py:190} INFO - [2025-02-20T11:35:11.084+0100] {dagbag.py:588} INFO - Filling up the DagBag from /Users/ajlakorman/Desktop/Data-Mining-Projects/Apache_Airflow/venv/lib/python3.10/site-packages/airflow/example_dags/example_bash_decorator.py
[2025-02-20T11:35:11.132+0100] {processor.py:925} INFO - DAG(s) 'example_bash_decorator' retrieved from /Users/ajlakorman/Desktop/Data-Mining-Projects/Apache_Airflow/venv/lib/python3.10/site-packages/airflow/example_dags/example_bash_decorator.py
[2025-02-20T11:35:11.214+0100] {logging_mixin.py:190} INFO - [2025-02-20T11:35:11.214+0100] {dag.py:3239} INFO - Sync 1 DAGs
[2025-02-20T11:35:11.219+0100] {logging_mixin.py:190} INFO - [2025-02-20T11:35:11.219+0100] {dag.py:4180} INFO - Setting next_dagrun for example_bash_decorator to None, run_after=None
[2025-02-20T11:35:11.226+0100] {processor.py:208} INFO - Processing /Users/ajlakorman/Desktop/Data-Mining-Projects/Apache_Airflow/venv/lib/python3.10/site-packages/airflow/example_dags/example_bash_decorator.py took 0.145 seconds
[2025-02-20T11:37:44.133+0100] {processor.py:186} INFO - Started process (PID=11598) to work on /Users/ajlakorman/Desktop/Data-Mining-Projects/Apache_Airflow/venv/lib/python3.10/site-packages/airflow/example_dags/example_bash_decorator.py
[2025-02-20T11:37:44.135+0100] {processor.py:914} INFO - Processing file /Users/ajlakorman/Desktop/Data-Mining-Projects/Apache_Airflow/venv/lib/python3.10/site-packages/airflow/example_dags/example_bash_decorator.py for tasks to queue
[2025-02-20T11:37:44.136+0100] {logging_mixin.py:190} INFO - [2025-02-20T11:37:44.136+0100] {dagbag.py:588} INFO - Filling up the DagBag from /Users/ajlakorman/Desktop/Data-Mining-Projects/Apache_Airflow/venv/lib/python3.10/site-packages/airflow/example_dags/example_bash_decorator.py
[2025-02-20T11:37:44.187+0100] {processor.py:925} INFO - DAG(s) 'example_bash_decorator' retrieved from /Users/ajlakorman/Desktop/Data-Mining-Projects/Apache_Airflow/venv/lib/python3.10/site-packages/airflow/example_dags/example_bash_decorator.py
[2025-02-20T11:37:44.272+0100] {logging_mixin.py:190} INFO - [2025-02-20T11:37:44.271+0100] {dag.py:3239} INFO - Sync 1 DAGs
[2025-02-20T11:37:44.276+0100] {logging_mixin.py:190} INFO - [2025-02-20T11:37:44.276+0100] {dag.py:4180} INFO - Setting next_dagrun for example_bash_decorator to None, run_after=None
[2025-02-20T11:37:44.284+0100] {processor.py:208} INFO - Processing /Users/ajlakorman/Desktop/Data-Mining-Projects/Apache_Airflow/venv/lib/python3.10/site-packages/airflow/example_dags/example_bash_decorator.py took 0.152 seconds
[2025-02-20T11:40:10.054+0100] {processor.py:186} INFO - Started process (PID=11816) to work on /Users/ajlakorman/Desktop/Data-Mining-Projects/Apache_Airflow/venv/lib/python3.10/site-packages/airflow/example_dags/example_bash_decorator.py
[2025-02-20T11:40:10.055+0100] {processor.py:914} INFO - Processing file /Users/ajlakorman/Desktop/Data-Mining-Projects/Apache_Airflow/venv/lib/python3.10/site-packages/airflow/example_dags/example_bash_decorator.py for tasks to queue
[2025-02-20T11:40:10.056+0100] {logging_mixin.py:190} INFO - [2025-02-20T11:40:10.056+0100] {dagbag.py:588} INFO - Filling up the DagBag from /Users/ajlakorman/Desktop/Data-Mining-Projects/Apache_Airflow/venv/lib/python3.10/site-packages/airflow/example_dags/example_bash_decorator.py
[2025-02-20T11:40:10.111+0100] {processor.py:925} INFO - DAG(s) 'example_bash_decorator' retrieved from /Users/ajlakorman/Desktop/Data-Mining-Projects/Apache_Airflow/venv/lib/python3.10/site-packages/airflow/example_dags/example_bash_decorator.py
[2025-02-20T11:40:10.221+0100] {logging_mixin.py:190} INFO - [2025-02-20T11:40:10.221+0100] {dag.py:3239} INFO - Sync 1 DAGs
[2025-02-20T11:40:10.226+0100] {logging_mixin.py:190} INFO - [2025-02-20T11:40:10.226+0100] {dag.py:4180} INFO - Setting next_dagrun for example_bash_decorator to None, run_after=None
[2025-02-20T11:40:10.236+0100] {processor.py:208} INFO - Processing /Users/ajlakorman/Desktop/Data-Mining-Projects/Apache_Airflow/venv/lib/python3.10/site-packages/airflow/example_dags/example_bash_decorator.py took 0.184 seconds
[2025-02-20T12:20:04.457+0100] {processor.py:186} INFO - Started process (PID=12088) to work on /Users/ajlakorman/Desktop/Data-Mining-Projects/Apache_Airflow/venv/lib/python3.10/site-packages/airflow/example_dags/example_bash_decorator.py
[2025-02-20T12:20:04.458+0100] {processor.py:914} INFO - Processing file /Users/ajlakorman/Desktop/Data-Mining-Projects/Apache_Airflow/venv/lib/python3.10/site-packages/airflow/example_dags/example_bash_decorator.py for tasks to queue
[2025-02-20T12:20:04.459+0100] {logging_mixin.py:190} INFO - [2025-02-20T12:20:04.459+0100] {dagbag.py:588} INFO - Filling up the DagBag from /Users/ajlakorman/Desktop/Data-Mining-Projects/Apache_Airflow/venv/lib/python3.10/site-packages/airflow/example_dags/example_bash_decorator.py
[2025-02-20T12:20:04.504+0100] {processor.py:925} INFO - DAG(s) 'example_bash_decorator' retrieved from /Users/ajlakorman/Desktop/Data-Mining-Projects/Apache_Airflow/venv/lib/python3.10/site-packages/airflow/example_dags/example_bash_decorator.py
[2025-02-20T12:20:04.586+0100] {logging_mixin.py:190} INFO - [2025-02-20T12:20:04.586+0100] {dag.py:3239} INFO - Sync 1 DAGs
[2025-02-20T12:20:04.590+0100] {logging_mixin.py:190} INFO - [2025-02-20T12:20:04.590+0100] {dag.py:4180} INFO - Setting next_dagrun for example_bash_decorator to None, run_after=None
[2025-02-20T12:20:04.596+0100] {processor.py:208} INFO - Processing /Users/ajlakorman/Desktop/Data-Mining-Projects/Apache_Airflow/venv/lib/python3.10/site-packages/airflow/example_dags/example_bash_decorator.py took 0.141 seconds
[2025-02-20T12:22:41.392+0100] {processor.py:186} INFO - Started process (PID=12349) to work on /Users/ajlakorman/Desktop/Data-Mining-Projects/Apache_Airflow/venv/lib/python3.10/site-packages/airflow/example_dags/example_bash_decorator.py
[2025-02-20T12:22:41.392+0100] {processor.py:914} INFO - Processing file /Users/ajlakorman/Desktop/Data-Mining-Projects/Apache_Airflow/venv/lib/python3.10/site-packages/airflow/example_dags/example_bash_decorator.py for tasks to queue
[2025-02-20T12:22:41.393+0100] {logging_mixin.py:190} INFO - [2025-02-20T12:22:41.393+0100] {dagbag.py:588} INFO - Filling up the DagBag from /Users/ajlakorman/Desktop/Data-Mining-Projects/Apache_Airflow/venv/lib/python3.10/site-packages/airflow/example_dags/example_bash_decorator.py
[2025-02-20T12:22:41.439+0100] {processor.py:925} INFO - DAG(s) 'example_bash_decorator' retrieved from /Users/ajlakorman/Desktop/Data-Mining-Projects/Apache_Airflow/venv/lib/python3.10/site-packages/airflow/example_dags/example_bash_decorator.py
[2025-02-20T12:22:41.533+0100] {logging_mixin.py:190} INFO - [2025-02-20T12:22:41.533+0100] {dag.py:3239} INFO - Sync 1 DAGs
[2025-02-20T12:22:41.538+0100] {logging_mixin.py:190} INFO - [2025-02-20T12:22:41.538+0100] {dag.py:4180} INFO - Setting next_dagrun for example_bash_decorator to None, run_after=None
[2025-02-20T12:22:41.546+0100] {processor.py:208} INFO - Processing /Users/ajlakorman/Desktop/Data-Mining-Projects/Apache_Airflow/venv/lib/python3.10/site-packages/airflow/example_dags/example_bash_decorator.py took 0.156 seconds
[2025-02-20T12:25:12.935+0100] {processor.py:186} INFO - Started process (PID=12608) to work on /Users/ajlakorman/Desktop/Data-Mining-Projects/Apache_Airflow/venv/lib/python3.10/site-packages/airflow/example_dags/example_bash_decorator.py
[2025-02-20T12:25:12.936+0100] {processor.py:914} INFO - Processing file /Users/ajlakorman/Desktop/Data-Mining-Projects/Apache_Airflow/venv/lib/python3.10/site-packages/airflow/example_dags/example_bash_decorator.py for tasks to queue
[2025-02-20T12:25:12.936+0100] {logging_mixin.py:190} INFO - [2025-02-20T12:25:12.936+0100] {dagbag.py:588} INFO - Filling up the DagBag from /Users/ajlakorman/Desktop/Data-Mining-Projects/Apache_Airflow/venv/lib/python3.10/site-packages/airflow/example_dags/example_bash_decorator.py
[2025-02-20T12:25:12.982+0100] {processor.py:925} INFO - DAG(s) 'example_bash_decorator' retrieved from /Users/ajlakorman/Desktop/Data-Mining-Projects/Apache_Airflow/venv/lib/python3.10/site-packages/airflow/example_dags/example_bash_decorator.py
[2025-02-20T12:25:13.065+0100] {logging_mixin.py:190} INFO - [2025-02-20T12:25:13.064+0100] {dag.py:3239} INFO - Sync 1 DAGs
[2025-02-20T12:25:13.070+0100] {logging_mixin.py:190} INFO - [2025-02-20T12:25:13.070+0100] {dag.py:4180} INFO - Setting next_dagrun for example_bash_decorator to None, run_after=None
[2025-02-20T12:25:13.078+0100] {processor.py:208} INFO - Processing /Users/ajlakorman/Desktop/Data-Mining-Projects/Apache_Airflow/venv/lib/python3.10/site-packages/airflow/example_dags/example_bash_decorator.py took 0.144 seconds
[2025-02-20T12:27:41.818+0100] {processor.py:186} INFO - Started process (PID=12941) to work on /Users/ajlakorman/Desktop/Data-Mining-Projects/Apache_Airflow/venv/lib/python3.10/site-packages/airflow/example_dags/example_bash_decorator.py
[2025-02-20T12:27:41.819+0100] {processor.py:914} INFO - Processing file /Users/ajlakorman/Desktop/Data-Mining-Projects/Apache_Airflow/venv/lib/python3.10/site-packages/airflow/example_dags/example_bash_decorator.py for tasks to queue
[2025-02-20T12:27:41.820+0100] {logging_mixin.py:190} INFO - [2025-02-20T12:27:41.820+0100] {dagbag.py:588} INFO - Filling up the DagBag from /Users/ajlakorman/Desktop/Data-Mining-Projects/Apache_Airflow/venv/lib/python3.10/site-packages/airflow/example_dags/example_bash_decorator.py
[2025-02-20T12:27:41.868+0100] {processor.py:925} INFO - DAG(s) 'example_bash_decorator' retrieved from /Users/ajlakorman/Desktop/Data-Mining-Projects/Apache_Airflow/venv/lib/python3.10/site-packages/airflow/example_dags/example_bash_decorator.py
[2025-02-20T12:27:41.960+0100] {logging_mixin.py:190} INFO - [2025-02-20T12:27:41.959+0100] {dag.py:3239} INFO - Sync 1 DAGs
[2025-02-20T12:27:41.964+0100] {logging_mixin.py:190} INFO - [2025-02-20T12:27:41.964+0100] {dag.py:4180} INFO - Setting next_dagrun for example_bash_decorator to None, run_after=None
[2025-02-20T12:27:41.972+0100] {processor.py:208} INFO - Processing /Users/ajlakorman/Desktop/Data-Mining-Projects/Apache_Airflow/venv/lib/python3.10/site-packages/airflow/example_dags/example_bash_decorator.py took 0.155 seconds
[2025-02-20T12:30:09.005+0100] {processor.py:186} INFO - Started process (PID=13227) to work on /Users/ajlakorman/Desktop/Data-Mining-Projects/Apache_Airflow/venv/lib/python3.10/site-packages/airflow/example_dags/example_bash_decorator.py
[2025-02-20T12:30:09.006+0100] {processor.py:914} INFO - Processing file /Users/ajlakorman/Desktop/Data-Mining-Projects/Apache_Airflow/venv/lib/python3.10/site-packages/airflow/example_dags/example_bash_decorator.py for tasks to queue
[2025-02-20T12:30:09.006+0100] {logging_mixin.py:190} INFO - [2025-02-20T12:30:09.006+0100] {dagbag.py:588} INFO - Filling up the DagBag from /Users/ajlakorman/Desktop/Data-Mining-Projects/Apache_Airflow/venv/lib/python3.10/site-packages/airflow/example_dags/example_bash_decorator.py
[2025-02-20T12:30:09.054+0100] {processor.py:925} INFO - DAG(s) 'example_bash_decorator' retrieved from /Users/ajlakorman/Desktop/Data-Mining-Projects/Apache_Airflow/venv/lib/python3.10/site-packages/airflow/example_dags/example_bash_decorator.py
[2025-02-20T12:30:09.136+0100] {logging_mixin.py:190} INFO - [2025-02-20T12:30:09.136+0100] {dag.py:3239} INFO - Sync 1 DAGs
[2025-02-20T12:30:09.140+0100] {logging_mixin.py:190} INFO - [2025-02-20T12:30:09.140+0100] {dag.py:4180} INFO - Setting next_dagrun for example_bash_decorator to None, run_after=None
[2025-02-20T12:30:09.147+0100] {processor.py:208} INFO - Processing /Users/ajlakorman/Desktop/Data-Mining-Projects/Apache_Airflow/venv/lib/python3.10/site-packages/airflow/example_dags/example_bash_decorator.py took 0.144 seconds
[2025-02-20T12:32:42.676+0100] {processor.py:186} INFO - Started process (PID=13570) to work on /Users/ajlakorman/Desktop/Data-Mining-Projects/Apache_Airflow/venv/lib/python3.10/site-packages/airflow/example_dags/example_bash_decorator.py
[2025-02-20T12:32:42.679+0100] {processor.py:914} INFO - Processing file /Users/ajlakorman/Desktop/Data-Mining-Projects/Apache_Airflow/venv/lib/python3.10/site-packages/airflow/example_dags/example_bash_decorator.py for tasks to queue
[2025-02-20T12:32:42.681+0100] {logging_mixin.py:190} INFO - [2025-02-20T12:32:42.681+0100] {dagbag.py:588} INFO - Filling up the DagBag from /Users/ajlakorman/Desktop/Data-Mining-Projects/Apache_Airflow/venv/lib/python3.10/site-packages/airflow/example_dags/example_bash_decorator.py
[2025-02-20T12:32:42.777+0100] {processor.py:925} INFO - DAG(s) 'example_bash_decorator' retrieved from /Users/ajlakorman/Desktop/Data-Mining-Projects/Apache_Airflow/venv/lib/python3.10/site-packages/airflow/example_dags/example_bash_decorator.py
[2025-02-20T12:32:42.879+0100] {logging_mixin.py:190} INFO - [2025-02-20T12:32:42.879+0100] {dag.py:3239} INFO - Sync 1 DAGs
[2025-02-20T12:32:42.883+0100] {logging_mixin.py:190} INFO - [2025-02-20T12:32:42.883+0100] {dag.py:4180} INFO - Setting next_dagrun for example_bash_decorator to None, run_after=None
[2025-02-20T12:32:42.890+0100] {processor.py:208} INFO - Processing /Users/ajlakorman/Desktop/Data-Mining-Projects/Apache_Airflow/venv/lib/python3.10/site-packages/airflow/example_dags/example_bash_decorator.py took 0.332 seconds
[2025-02-20T12:35:13.764+0100] {processor.py:186} INFO - Started process (PID=13905) to work on /Users/ajlakorman/Desktop/Data-Mining-Projects/Apache_Airflow/venv/lib/python3.10/site-packages/airflow/example_dags/example_bash_decorator.py
[2025-02-20T12:35:13.764+0100] {processor.py:914} INFO - Processing file /Users/ajlakorman/Desktop/Data-Mining-Projects/Apache_Airflow/venv/lib/python3.10/site-packages/airflow/example_dags/example_bash_decorator.py for tasks to queue
[2025-02-20T12:35:13.765+0100] {logging_mixin.py:190} INFO - [2025-02-20T12:35:13.765+0100] {dagbag.py:588} INFO - Filling up the DagBag from /Users/ajlakorman/Desktop/Data-Mining-Projects/Apache_Airflow/venv/lib/python3.10/site-packages/airflow/example_dags/example_bash_decorator.py
[2025-02-20T12:35:13.809+0100] {processor.py:925} INFO - DAG(s) 'example_bash_decorator' retrieved from /Users/ajlakorman/Desktop/Data-Mining-Projects/Apache_Airflow/venv/lib/python3.10/site-packages/airflow/example_dags/example_bash_decorator.py
[2025-02-20T12:35:13.898+0100] {logging_mixin.py:190} INFO - [2025-02-20T12:35:13.898+0100] {dag.py:3239} INFO - Sync 1 DAGs
[2025-02-20T12:35:13.903+0100] {logging_mixin.py:190} INFO - [2025-02-20T12:35:13.903+0100] {dag.py:4180} INFO - Setting next_dagrun for example_bash_decorator to None, run_after=None
[2025-02-20T12:35:13.912+0100] {processor.py:208} INFO - Processing /Users/ajlakorman/Desktop/Data-Mining-Projects/Apache_Airflow/venv/lib/python3.10/site-packages/airflow/example_dags/example_bash_decorator.py took 0.150 seconds
[2025-02-20T12:37:48.698+0100] {processor.py:186} INFO - Started process (PID=14290) to work on /Users/ajlakorman/Desktop/Data-Mining-Projects/Apache_Airflow/venv/lib/python3.10/site-packages/airflow/example_dags/example_bash_decorator.py
[2025-02-20T12:37:48.699+0100] {processor.py:914} INFO - Processing file /Users/ajlakorman/Desktop/Data-Mining-Projects/Apache_Airflow/venv/lib/python3.10/site-packages/airflow/example_dags/example_bash_decorator.py for tasks to queue
[2025-02-20T12:37:48.699+0100] {logging_mixin.py:190} INFO - [2025-02-20T12:37:48.699+0100] {dagbag.py:588} INFO - Filling up the DagBag from /Users/ajlakorman/Desktop/Data-Mining-Projects/Apache_Airflow/venv/lib/python3.10/site-packages/airflow/example_dags/example_bash_decorator.py
[2025-02-20T12:37:48.746+0100] {processor.py:925} INFO - DAG(s) 'example_bash_decorator' retrieved from /Users/ajlakorman/Desktop/Data-Mining-Projects/Apache_Airflow/venv/lib/python3.10/site-packages/airflow/example_dags/example_bash_decorator.py
[2025-02-20T12:37:48.829+0100] {logging_mixin.py:190} INFO - [2025-02-20T12:37:48.828+0100] {dag.py:3239} INFO - Sync 1 DAGs
[2025-02-20T12:37:48.833+0100] {logging_mixin.py:190} INFO - [2025-02-20T12:37:48.833+0100] {dag.py:4180} INFO - Setting next_dagrun for example_bash_decorator to None, run_after=None
[2025-02-20T12:37:48.840+0100] {processor.py:208} INFO - Processing /Users/ajlakorman/Desktop/Data-Mining-Projects/Apache_Airflow/venv/lib/python3.10/site-packages/airflow/example_dags/example_bash_decorator.py took 0.144 seconds
[2025-02-20T12:55:35.904+0100] {processor.py:186} INFO - Started process (PID=14658) to work on /Users/ajlakorman/Desktop/Data-Mining-Projects/Apache_Airflow/venv/lib/python3.10/site-packages/airflow/example_dags/example_bash_decorator.py
[2025-02-20T12:55:35.905+0100] {processor.py:914} INFO - Processing file /Users/ajlakorman/Desktop/Data-Mining-Projects/Apache_Airflow/venv/lib/python3.10/site-packages/airflow/example_dags/example_bash_decorator.py for tasks to queue
[2025-02-20T12:55:35.906+0100] {logging_mixin.py:190} INFO - [2025-02-20T12:55:35.905+0100] {dagbag.py:588} INFO - Filling up the DagBag from /Users/ajlakorman/Desktop/Data-Mining-Projects/Apache_Airflow/venv/lib/python3.10/site-packages/airflow/example_dags/example_bash_decorator.py
[2025-02-20T12:55:35.968+0100] {processor.py:925} INFO - DAG(s) 'example_bash_decorator' retrieved from /Users/ajlakorman/Desktop/Data-Mining-Projects/Apache_Airflow/venv/lib/python3.10/site-packages/airflow/example_dags/example_bash_decorator.py
[2025-02-20T12:55:36.076+0100] {logging_mixin.py:190} INFO - [2025-02-20T12:55:36.076+0100] {dag.py:3239} INFO - Sync 1 DAGs
[2025-02-20T12:55:36.081+0100] {logging_mixin.py:190} INFO - [2025-02-20T12:55:36.081+0100] {dag.py:4180} INFO - Setting next_dagrun for example_bash_decorator to None, run_after=None
[2025-02-20T12:55:36.089+0100] {processor.py:208} INFO - Processing /Users/ajlakorman/Desktop/Data-Mining-Projects/Apache_Airflow/venv/lib/python3.10/site-packages/airflow/example_dags/example_bash_decorator.py took 0.187 seconds
[2025-02-20T12:58:46.523+0100] {processor.py:186} INFO - Started process (PID=15008) to work on /Users/ajlakorman/Desktop/Data-Mining-Projects/Apache_Airflow/venv/lib/python3.10/site-packages/airflow/example_dags/example_bash_decorator.py
[2025-02-20T12:58:46.523+0100] {processor.py:914} INFO - Processing file /Users/ajlakorman/Desktop/Data-Mining-Projects/Apache_Airflow/venv/lib/python3.10/site-packages/airflow/example_dags/example_bash_decorator.py for tasks to queue
[2025-02-20T12:58:46.524+0100] {logging_mixin.py:190} INFO - [2025-02-20T12:58:46.524+0100] {dagbag.py:588} INFO - Filling up the DagBag from /Users/ajlakorman/Desktop/Data-Mining-Projects/Apache_Airflow/venv/lib/python3.10/site-packages/airflow/example_dags/example_bash_decorator.py
[2025-02-20T12:58:46.573+0100] {processor.py:925} INFO - DAG(s) 'example_bash_decorator' retrieved from /Users/ajlakorman/Desktop/Data-Mining-Projects/Apache_Airflow/venv/lib/python3.10/site-packages/airflow/example_dags/example_bash_decorator.py
[2025-02-20T12:58:46.655+0100] {logging_mixin.py:190} INFO - [2025-02-20T12:58:46.654+0100] {dag.py:3239} INFO - Sync 1 DAGs
[2025-02-20T12:58:46.659+0100] {logging_mixin.py:190} INFO - [2025-02-20T12:58:46.659+0100] {dag.py:4180} INFO - Setting next_dagrun for example_bash_decorator to None, run_after=None
[2025-02-20T12:58:46.665+0100] {processor.py:208} INFO - Processing /Users/ajlakorman/Desktop/Data-Mining-Projects/Apache_Airflow/venv/lib/python3.10/site-packages/airflow/example_dags/example_bash_decorator.py took 0.144 seconds
[2025-02-20T13:01:30.698+0100] {processor.py:186} INFO - Started process (PID=15243) to work on /Users/ajlakorman/Desktop/Data-Mining-Projects/Apache_Airflow/venv/lib/python3.10/site-packages/airflow/example_dags/example_bash_decorator.py
[2025-02-20T13:01:30.699+0100] {processor.py:914} INFO - Processing file /Users/ajlakorman/Desktop/Data-Mining-Projects/Apache_Airflow/venv/lib/python3.10/site-packages/airflow/example_dags/example_bash_decorator.py for tasks to queue
[2025-02-20T13:01:30.700+0100] {logging_mixin.py:190} INFO - [2025-02-20T13:01:30.699+0100] {dagbag.py:588} INFO - Filling up the DagBag from /Users/ajlakorman/Desktop/Data-Mining-Projects/Apache_Airflow/venv/lib/python3.10/site-packages/airflow/example_dags/example_bash_decorator.py
[2025-02-20T13:01:30.743+0100] {processor.py:925} INFO - DAG(s) 'example_bash_decorator' retrieved from /Users/ajlakorman/Desktop/Data-Mining-Projects/Apache_Airflow/venv/lib/python3.10/site-packages/airflow/example_dags/example_bash_decorator.py
[2025-02-20T13:01:30.814+0100] {logging_mixin.py:190} INFO - [2025-02-20T13:01:30.814+0100] {dag.py:3239} INFO - Sync 1 DAGs
[2025-02-20T13:01:30.818+0100] {logging_mixin.py:190} INFO - [2025-02-20T13:01:30.818+0100] {dag.py:4180} INFO - Setting next_dagrun for example_bash_decorator to None, run_after=None
[2025-02-20T13:01:30.825+0100] {processor.py:208} INFO - Processing /Users/ajlakorman/Desktop/Data-Mining-Projects/Apache_Airflow/venv/lib/python3.10/site-packages/airflow/example_dags/example_bash_decorator.py took 0.128 seconds
[2025-02-20T13:06:52.329+0100] {processor.py:186} INFO - Started process (PID=15476) to work on /Users/ajlakorman/Desktop/Data-Mining-Projects/Apache_Airflow/venv/lib/python3.10/site-packages/airflow/example_dags/example_bash_decorator.py
[2025-02-20T13:06:52.330+0100] {processor.py:914} INFO - Processing file /Users/ajlakorman/Desktop/Data-Mining-Projects/Apache_Airflow/venv/lib/python3.10/site-packages/airflow/example_dags/example_bash_decorator.py for tasks to queue
[2025-02-20T13:06:52.330+0100] {logging_mixin.py:190} INFO - [2025-02-20T13:06:52.330+0100] {dagbag.py:588} INFO - Filling up the DagBag from /Users/ajlakorman/Desktop/Data-Mining-Projects/Apache_Airflow/venv/lib/python3.10/site-packages/airflow/example_dags/example_bash_decorator.py
[2025-02-20T13:06:52.386+0100] {processor.py:925} INFO - DAG(s) 'example_bash_decorator' retrieved from /Users/ajlakorman/Desktop/Data-Mining-Projects/Apache_Airflow/venv/lib/python3.10/site-packages/airflow/example_dags/example_bash_decorator.py
[2025-02-20T13:06:52.467+0100] {logging_mixin.py:190} INFO - [2025-02-20T13:06:52.467+0100] {dag.py:3239} INFO - Sync 1 DAGs
[2025-02-20T13:06:52.471+0100] {logging_mixin.py:190} INFO - [2025-02-20T13:06:52.471+0100] {dag.py:4180} INFO - Setting next_dagrun for example_bash_decorator to None, run_after=None
[2025-02-20T13:06:52.478+0100] {processor.py:208} INFO - Processing /Users/ajlakorman/Desktop/Data-Mining-Projects/Apache_Airflow/venv/lib/python3.10/site-packages/airflow/example_dags/example_bash_decorator.py took 0.151 seconds
[2025-02-20T13:09:45.298+0100] {processor.py:186} INFO - Started process (PID=15908) to work on /Users/ajlakorman/Desktop/Data-Mining-Projects/Apache_Airflow/venv/lib/python3.10/site-packages/airflow/example_dags/example_bash_decorator.py
[2025-02-20T13:09:45.299+0100] {processor.py:914} INFO - Processing file /Users/ajlakorman/Desktop/Data-Mining-Projects/Apache_Airflow/venv/lib/python3.10/site-packages/airflow/example_dags/example_bash_decorator.py for tasks to queue
[2025-02-20T13:09:45.299+0100] {logging_mixin.py:190} INFO - [2025-02-20T13:09:45.299+0100] {dagbag.py:588} INFO - Filling up the DagBag from /Users/ajlakorman/Desktop/Data-Mining-Projects/Apache_Airflow/venv/lib/python3.10/site-packages/airflow/example_dags/example_bash_decorator.py
[2025-02-20T13:09:45.358+0100] {processor.py:925} INFO - DAG(s) 'example_bash_decorator' retrieved from /Users/ajlakorman/Desktop/Data-Mining-Projects/Apache_Airflow/venv/lib/python3.10/site-packages/airflow/example_dags/example_bash_decorator.py
[2025-02-20T13:09:45.451+0100] {logging_mixin.py:190} INFO - [2025-02-20T13:09:45.450+0100] {dag.py:3239} INFO - Sync 1 DAGs
[2025-02-20T13:09:45.456+0100] {logging_mixin.py:190} INFO - [2025-02-20T13:09:45.455+0100] {dag.py:4180} INFO - Setting next_dagrun for example_bash_decorator to None, run_after=None
[2025-02-20T13:09:45.463+0100] {processor.py:208} INFO - Processing /Users/ajlakorman/Desktop/Data-Mining-Projects/Apache_Airflow/venv/lib/python3.10/site-packages/airflow/example_dags/example_bash_decorator.py took 0.167 seconds
[2025-02-20T13:12:33.519+0100] {processor.py:186} INFO - Started process (PID=16150) to work on /Users/ajlakorman/Desktop/Data-Mining-Projects/Apache_Airflow/venv/lib/python3.10/site-packages/airflow/example_dags/example_bash_decorator.py
[2025-02-20T13:12:33.520+0100] {processor.py:914} INFO - Processing file /Users/ajlakorman/Desktop/Data-Mining-Projects/Apache_Airflow/venv/lib/python3.10/site-packages/airflow/example_dags/example_bash_decorator.py for tasks to queue
[2025-02-20T13:12:33.521+0100] {logging_mixin.py:190} INFO - [2025-02-20T13:12:33.520+0100] {dagbag.py:588} INFO - Filling up the DagBag from /Users/ajlakorman/Desktop/Data-Mining-Projects/Apache_Airflow/venv/lib/python3.10/site-packages/airflow/example_dags/example_bash_decorator.py
[2025-02-20T13:12:33.571+0100] {processor.py:925} INFO - DAG(s) 'example_bash_decorator' retrieved from /Users/ajlakorman/Desktop/Data-Mining-Projects/Apache_Airflow/venv/lib/python3.10/site-packages/airflow/example_dags/example_bash_decorator.py
[2025-02-20T13:12:33.670+0100] {logging_mixin.py:190} INFO - [2025-02-20T13:12:33.670+0100] {dag.py:3239} INFO - Sync 1 DAGs
[2025-02-20T13:12:33.675+0100] {logging_mixin.py:190} INFO - [2025-02-20T13:12:33.675+0100] {dag.py:4180} INFO - Setting next_dagrun for example_bash_decorator to None, run_after=None
[2025-02-20T13:12:33.682+0100] {processor.py:208} INFO - Processing /Users/ajlakorman/Desktop/Data-Mining-Projects/Apache_Airflow/venv/lib/python3.10/site-packages/airflow/example_dags/example_bash_decorator.py took 0.166 seconds
[2025-02-20T13:15:36.547+0100] {processor.py:186} INFO - Started process (PID=16445) to work on /Users/ajlakorman/Desktop/Data-Mining-Projects/Apache_Airflow/venv/lib/python3.10/site-packages/airflow/example_dags/example_bash_decorator.py
[2025-02-20T13:15:36.548+0100] {processor.py:914} INFO - Processing file /Users/ajlakorman/Desktop/Data-Mining-Projects/Apache_Airflow/venv/lib/python3.10/site-packages/airflow/example_dags/example_bash_decorator.py for tasks to queue
[2025-02-20T13:15:36.548+0100] {logging_mixin.py:190} INFO - [2025-02-20T13:15:36.548+0100] {dagbag.py:588} INFO - Filling up the DagBag from /Users/ajlakorman/Desktop/Data-Mining-Projects/Apache_Airflow/venv/lib/python3.10/site-packages/airflow/example_dags/example_bash_decorator.py
[2025-02-20T13:15:36.590+0100] {processor.py:925} INFO - DAG(s) 'example_bash_decorator' retrieved from /Users/ajlakorman/Desktop/Data-Mining-Projects/Apache_Airflow/venv/lib/python3.10/site-packages/airflow/example_dags/example_bash_decorator.py
[2025-02-20T13:15:36.661+0100] {logging_mixin.py:190} INFO - [2025-02-20T13:15:36.661+0100] {dag.py:3239} INFO - Sync 1 DAGs
[2025-02-20T13:15:36.665+0100] {logging_mixin.py:190} INFO - [2025-02-20T13:15:36.665+0100] {dag.py:4180} INFO - Setting next_dagrun for example_bash_decorator to None, run_after=None
[2025-02-20T13:15:36.672+0100] {processor.py:208} INFO - Processing /Users/ajlakorman/Desktop/Data-Mining-Projects/Apache_Airflow/venv/lib/python3.10/site-packages/airflow/example_dags/example_bash_decorator.py took 0.127 seconds
[2025-02-20T13:18:45.581+0100] {processor.py:186} INFO - Started process (PID=16884) to work on /Users/ajlakorman/Desktop/Data-Mining-Projects/Apache_Airflow/venv/lib/python3.10/site-packages/airflow/example_dags/example_bash_decorator.py
[2025-02-20T13:18:45.582+0100] {processor.py:914} INFO - Processing file /Users/ajlakorman/Desktop/Data-Mining-Projects/Apache_Airflow/venv/lib/python3.10/site-packages/airflow/example_dags/example_bash_decorator.py for tasks to queue
[2025-02-20T13:18:45.582+0100] {logging_mixin.py:190} INFO - [2025-02-20T13:18:45.582+0100] {dagbag.py:588} INFO - Filling up the DagBag from /Users/ajlakorman/Desktop/Data-Mining-Projects/Apache_Airflow/venv/lib/python3.10/site-packages/airflow/example_dags/example_bash_decorator.py
[2025-02-20T13:18:45.641+0100] {processor.py:925} INFO - DAG(s) 'example_bash_decorator' retrieved from /Users/ajlakorman/Desktop/Data-Mining-Projects/Apache_Airflow/venv/lib/python3.10/site-packages/airflow/example_dags/example_bash_decorator.py
[2025-02-20T13:18:45.734+0100] {logging_mixin.py:190} INFO - [2025-02-20T13:18:45.734+0100] {dag.py:3239} INFO - Sync 1 DAGs
[2025-02-20T13:18:45.739+0100] {logging_mixin.py:190} INFO - [2025-02-20T13:18:45.739+0100] {dag.py:4180} INFO - Setting next_dagrun for example_bash_decorator to None, run_after=None
[2025-02-20T13:18:45.746+0100] {processor.py:208} INFO - Processing /Users/ajlakorman/Desktop/Data-Mining-Projects/Apache_Airflow/venv/lib/python3.10/site-packages/airflow/example_dags/example_bash_decorator.py took 0.167 seconds
[2025-02-20T13:21:43.934+0100] {processor.py:186} INFO - Started process (PID=17151) to work on /Users/ajlakorman/Desktop/Data-Mining-Projects/Apache_Airflow/venv/lib/python3.10/site-packages/airflow/example_dags/example_bash_decorator.py
[2025-02-20T13:21:43.935+0100] {processor.py:914} INFO - Processing file /Users/ajlakorman/Desktop/Data-Mining-Projects/Apache_Airflow/venv/lib/python3.10/site-packages/airflow/example_dags/example_bash_decorator.py for tasks to queue
[2025-02-20T13:21:43.936+0100] {logging_mixin.py:190} INFO - [2025-02-20T13:21:43.935+0100] {dagbag.py:588} INFO - Filling up the DagBag from /Users/ajlakorman/Desktop/Data-Mining-Projects/Apache_Airflow/venv/lib/python3.10/site-packages/airflow/example_dags/example_bash_decorator.py
[2025-02-20T13:21:43.979+0100] {processor.py:925} INFO - DAG(s) 'example_bash_decorator' retrieved from /Users/ajlakorman/Desktop/Data-Mining-Projects/Apache_Airflow/venv/lib/python3.10/site-packages/airflow/example_dags/example_bash_decorator.py
[2025-02-20T13:21:44.062+0100] {logging_mixin.py:190} INFO - [2025-02-20T13:21:44.062+0100] {dag.py:3239} INFO - Sync 1 DAGs
[2025-02-20T13:21:44.067+0100] {logging_mixin.py:190} INFO - [2025-02-20T13:21:44.066+0100] {dag.py:4180} INFO - Setting next_dagrun for example_bash_decorator to None, run_after=None
[2025-02-20T13:21:44.073+0100] {processor.py:208} INFO - Processing /Users/ajlakorman/Desktop/Data-Mining-Projects/Apache_Airflow/venv/lib/python3.10/site-packages/airflow/example_dags/example_bash_decorator.py took 0.141 seconds
[2025-02-20T13:24:23.032+0100] {processor.py:186} INFO - Started process (PID=17448) to work on /Users/ajlakorman/Desktop/Data-Mining-Projects/Apache_Airflow/venv/lib/python3.10/site-packages/airflow/example_dags/example_bash_decorator.py
[2025-02-20T13:24:23.033+0100] {processor.py:914} INFO - Processing file /Users/ajlakorman/Desktop/Data-Mining-Projects/Apache_Airflow/venv/lib/python3.10/site-packages/airflow/example_dags/example_bash_decorator.py for tasks to queue
[2025-02-20T13:24:23.034+0100] {logging_mixin.py:190} INFO - [2025-02-20T13:24:23.033+0100] {dagbag.py:588} INFO - Filling up the DagBag from /Users/ajlakorman/Desktop/Data-Mining-Projects/Apache_Airflow/venv/lib/python3.10/site-packages/airflow/example_dags/example_bash_decorator.py
[2025-02-20T13:24:23.079+0100] {processor.py:925} INFO - DAG(s) 'example_bash_decorator' retrieved from /Users/ajlakorman/Desktop/Data-Mining-Projects/Apache_Airflow/venv/lib/python3.10/site-packages/airflow/example_dags/example_bash_decorator.py
[2025-02-20T13:24:23.160+0100] {logging_mixin.py:190} INFO - [2025-02-20T13:24:23.160+0100] {dag.py:3239} INFO - Sync 1 DAGs
[2025-02-20T13:24:23.165+0100] {logging_mixin.py:190} INFO - [2025-02-20T13:24:23.165+0100] {dag.py:4180} INFO - Setting next_dagrun for example_bash_decorator to None, run_after=None
[2025-02-20T13:24:23.172+0100] {processor.py:208} INFO - Processing /Users/ajlakorman/Desktop/Data-Mining-Projects/Apache_Airflow/venv/lib/python3.10/site-packages/airflow/example_dags/example_bash_decorator.py took 0.141 seconds
[2025-02-20T13:27:01.410+0100] {processor.py:186} INFO - Started process (PID=17650) to work on /Users/ajlakorman/Desktop/Data-Mining-Projects/Apache_Airflow/venv/lib/python3.10/site-packages/airflow/example_dags/example_bash_decorator.py
[2025-02-20T13:27:01.411+0100] {processor.py:914} INFO - Processing file /Users/ajlakorman/Desktop/Data-Mining-Projects/Apache_Airflow/venv/lib/python3.10/site-packages/airflow/example_dags/example_bash_decorator.py for tasks to queue
[2025-02-20T13:27:01.411+0100] {logging_mixin.py:190} INFO - [2025-02-20T13:27:01.411+0100] {dagbag.py:588} INFO - Filling up the DagBag from /Users/ajlakorman/Desktop/Data-Mining-Projects/Apache_Airflow/venv/lib/python3.10/site-packages/airflow/example_dags/example_bash_decorator.py
[2025-02-20T13:27:01.456+0100] {processor.py:925} INFO - DAG(s) 'example_bash_decorator' retrieved from /Users/ajlakorman/Desktop/Data-Mining-Projects/Apache_Airflow/venv/lib/python3.10/site-packages/airflow/example_dags/example_bash_decorator.py
[2025-02-20T13:27:01.539+0100] {logging_mixin.py:190} INFO - [2025-02-20T13:27:01.539+0100] {dag.py:3239} INFO - Sync 1 DAGs
[2025-02-20T13:27:01.543+0100] {logging_mixin.py:190} INFO - [2025-02-20T13:27:01.543+0100] {dag.py:4180} INFO - Setting next_dagrun for example_bash_decorator to None, run_after=None
[2025-02-20T13:27:01.550+0100] {processor.py:208} INFO - Processing /Users/ajlakorman/Desktop/Data-Mining-Projects/Apache_Airflow/venv/lib/python3.10/site-packages/airflow/example_dags/example_bash_decorator.py took 0.142 seconds
