[2025-02-20T10:52:33.613+0100] {processor.py:186} INFO - Started process (PID=6242) to work on /Users/ajlakorman/Desktop/Data-Mining-Projects/Apache_Airflow/venv/lib/python3.10/site-packages/airflow/example_dags/example_sensors.py
[2025-02-20T10:52:33.614+0100] {processor.py:914} INFO - Processing file /Users/ajlakorman/Desktop/Data-Mining-Projects/Apache_Airflow/venv/lib/python3.10/site-packages/airflow/example_dags/example_sensors.py for tasks to queue
[2025-02-20T10:52:33.615+0100] {logging_mixin.py:190} INFO - [2025-02-20T10:52:33.615+0100] {dagbag.py:588} INFO - Filling up the DagBag from /Users/ajlakorman/Desktop/Data-Mining-Projects/Apache_Airflow/venv/lib/python3.10/site-packages/airflow/example_dags/example_sensors.py
[2025-02-20T10:52:33.623+0100] {processor.py:925} INFO - DAG(s) 'example_sensors' retrieved from /Users/ajlakorman/Desktop/Data-Mining-Projects/Apache_Airflow/venv/lib/python3.10/site-packages/airflow/example_dags/example_sensors.py
[2025-02-20T10:52:33.742+0100] {logging_mixin.py:190} INFO - [2025-02-20T10:52:33.741+0100] {workday.py:41} WARNING - Could not import pandas. Holidays will not be considered.
[2025-02-20T10:52:33.805+0100] {logging_mixin.py:190} INFO - [2025-02-20T10:52:33.804+0100] {override.py:1912} INFO - Created Permission View: can read on DAG:example_sensors
[2025-02-20T10:52:33.809+0100] {logging_mixin.py:190} INFO - [2025-02-20T10:52:33.808+0100] {override.py:1912} INFO - Created Permission View: can delete on DAG:example_sensors
[2025-02-20T10:52:33.813+0100] {logging_mixin.py:190} INFO - [2025-02-20T10:52:33.812+0100] {override.py:1912} INFO - Created Permission View: can edit on DAG:example_sensors
[2025-02-20T10:52:33.816+0100] {logging_mixin.py:190} INFO - [2025-02-20T10:52:33.816+0100] {override.py:1912} INFO - Created Permission View: can read on DAG Run:example_sensors
[2025-02-20T10:52:33.819+0100] {logging_mixin.py:190} INFO - [2025-02-20T10:52:33.818+0100] {override.py:1912} INFO - Created Permission View: can delete on DAG Run:example_sensors
[2025-02-20T10:52:33.824+0100] {logging_mixin.py:190} INFO - [2025-02-20T10:52:33.823+0100] {override.py:1912} INFO - Created Permission View: can create on DAG Run:example_sensors
[2025-02-20T10:52:33.826+0100] {logging_mixin.py:190} INFO - [2025-02-20T10:52:33.826+0100] {override.py:1912} INFO - Created Permission View: menu access on DAG Run:example_sensors
[2025-02-20T10:52:33.827+0100] {logging_mixin.py:190} INFO - [2025-02-20T10:52:33.827+0100] {dag.py:3239} INFO - Sync 1 DAGs
[2025-02-20T10:52:33.836+0100] {logging_mixin.py:190} INFO - [2025-02-20T10:52:33.836+0100] {dag.py:3262} INFO - Creating ORM DAG for example_sensors
[2025-02-20T10:52:33.837+0100] {logging_mixin.py:190} INFO - [2025-02-20T10:52:33.837+0100] {dag.py:4180} INFO - Setting next_dagrun for example_sensors to None, run_after=None
[2025-02-20T10:52:33.848+0100] {processor.py:208} INFO - Processing /Users/ajlakorman/Desktop/Data-Mining-Projects/Apache_Airflow/venv/lib/python3.10/site-packages/airflow/example_dags/example_sensors.py took 0.238 seconds
[2025-02-20T10:54:24.288+0100] {processor.py:186} INFO - Started process (PID=6540) to work on /Users/ajlakorman/Desktop/Data-Mining-Projects/Apache_Airflow/venv/lib/python3.10/site-packages/airflow/example_dags/example_sensors.py
[2025-02-20T10:54:24.289+0100] {processor.py:914} INFO - Processing file /Users/ajlakorman/Desktop/Data-Mining-Projects/Apache_Airflow/venv/lib/python3.10/site-packages/airflow/example_dags/example_sensors.py for tasks to queue
[2025-02-20T10:54:24.289+0100] {logging_mixin.py:190} INFO - [2025-02-20T10:54:24.289+0100] {dagbag.py:588} INFO - Filling up the DagBag from /Users/ajlakorman/Desktop/Data-Mining-Projects/Apache_Airflow/venv/lib/python3.10/site-packages/airflow/example_dags/example_sensors.py
[2025-02-20T10:54:24.296+0100] {processor.py:925} INFO - DAG(s) 'example_sensors' retrieved from /Users/ajlakorman/Desktop/Data-Mining-Projects/Apache_Airflow/venv/lib/python3.10/site-packages/airflow/example_dags/example_sensors.py
[2025-02-20T10:54:24.360+0100] {logging_mixin.py:190} INFO - [2025-02-20T10:54:24.360+0100] {workday.py:41} WARNING - Could not import pandas. Holidays will not be considered.
[2025-02-20T10:54:24.375+0100] {logging_mixin.py:190} INFO - [2025-02-20T10:54:24.374+0100] {dag.py:3239} INFO - Sync 1 DAGs
[2025-02-20T10:54:24.380+0100] {logging_mixin.py:190} INFO - [2025-02-20T10:54:24.380+0100] {dag.py:4180} INFO - Setting next_dagrun for example_sensors to None, run_after=None
[2025-02-20T10:54:24.389+0100] {processor.py:208} INFO - Processing /Users/ajlakorman/Desktop/Data-Mining-Projects/Apache_Airflow/venv/lib/python3.10/site-packages/airflow/example_dags/example_sensors.py took 0.103 seconds
[2025-02-20T10:56:55.279+0100] {processor.py:186} INFO - Started process (PID=6839) to work on /Users/ajlakorman/Desktop/Data-Mining-Projects/Apache_Airflow/venv/lib/python3.10/site-packages/airflow/example_dags/example_sensors.py
[2025-02-20T10:56:55.287+0100] {processor.py:914} INFO - Processing file /Users/ajlakorman/Desktop/Data-Mining-Projects/Apache_Airflow/venv/lib/python3.10/site-packages/airflow/example_dags/example_sensors.py for tasks to queue
[2025-02-20T10:56:55.290+0100] {logging_mixin.py:190} INFO - [2025-02-20T10:56:55.289+0100] {dagbag.py:588} INFO - Filling up the DagBag from /Users/ajlakorman/Desktop/Data-Mining-Projects/Apache_Airflow/venv/lib/python3.10/site-packages/airflow/example_dags/example_sensors.py
[2025-02-20T10:56:55.306+0100] {processor.py:925} INFO - DAG(s) 'example_sensors' retrieved from /Users/ajlakorman/Desktop/Data-Mining-Projects/Apache_Airflow/venv/lib/python3.10/site-packages/airflow/example_dags/example_sensors.py
[2025-02-20T10:56:55.386+0100] {logging_mixin.py:190} INFO - [2025-02-20T10:56:55.386+0100] {workday.py:41} WARNING - Could not import pandas. Holidays will not be considered.
[2025-02-20T10:56:55.397+0100] {logging_mixin.py:190} INFO - [2025-02-20T10:56:55.397+0100] {dag.py:3239} INFO - Sync 1 DAGs
[2025-02-20T10:56:55.401+0100] {logging_mixin.py:190} INFO - [2025-02-20T10:56:55.401+0100] {dag.py:4180} INFO - Setting next_dagrun for example_sensors to None, run_after=None
[2025-02-20T10:56:55.409+0100] {processor.py:208} INFO - Processing /Users/ajlakorman/Desktop/Data-Mining-Projects/Apache_Airflow/venv/lib/python3.10/site-packages/airflow/example_dags/example_sensors.py took 0.132 seconds
[2025-02-20T10:58:22.511+0100] {processor.py:186} INFO - Started process (PID=6978) to work on /Users/ajlakorman/Desktop/Data-Mining-Projects/Apache_Airflow/venv/lib/python3.10/site-packages/airflow/example_dags/example_sensors.py
[2025-02-20T10:58:22.512+0100] {processor.py:914} INFO - Processing file /Users/ajlakorman/Desktop/Data-Mining-Projects/Apache_Airflow/venv/lib/python3.10/site-packages/airflow/example_dags/example_sensors.py for tasks to queue
[2025-02-20T10:58:22.513+0100] {logging_mixin.py:190} INFO - [2025-02-20T10:58:22.513+0100] {dagbag.py:588} INFO - Filling up the DagBag from /Users/ajlakorman/Desktop/Data-Mining-Projects/Apache_Airflow/venv/lib/python3.10/site-packages/airflow/example_dags/example_sensors.py
[2025-02-20T10:58:22.525+0100] {processor.py:925} INFO - DAG(s) 'example_sensors' retrieved from /Users/ajlakorman/Desktop/Data-Mining-Projects/Apache_Airflow/venv/lib/python3.10/site-packages/airflow/example_dags/example_sensors.py
[2025-02-20T10:58:22.600+0100] {logging_mixin.py:190} INFO - [2025-02-20T10:58:22.600+0100] {workday.py:41} WARNING - Could not import pandas. Holidays will not be considered.
[2025-02-20T10:58:22.611+0100] {logging_mixin.py:190} INFO - [2025-02-20T10:58:22.611+0100] {dag.py:3239} INFO - Sync 1 DAGs
[2025-02-20T10:58:22.616+0100] {logging_mixin.py:190} INFO - [2025-02-20T10:58:22.616+0100] {dag.py:4180} INFO - Setting next_dagrun for example_sensors to None, run_after=None
[2025-02-20T10:58:22.623+0100] {processor.py:208} INFO - Processing /Users/ajlakorman/Desktop/Data-Mining-Projects/Apache_Airflow/venv/lib/python3.10/site-packages/airflow/example_dags/example_sensors.py took 0.115 seconds
[2025-02-20T10:59:46.664+0100] {processor.py:186} INFO - Started process (PID=7145) to work on /Users/ajlakorman/Desktop/Data-Mining-Projects/Apache_Airflow/venv/lib/python3.10/site-packages/airflow/example_dags/example_sensors.py
[2025-02-20T10:59:46.665+0100] {processor.py:914} INFO - Processing file /Users/ajlakorman/Desktop/Data-Mining-Projects/Apache_Airflow/venv/lib/python3.10/site-packages/airflow/example_dags/example_sensors.py for tasks to queue
[2025-02-20T10:59:46.665+0100] {logging_mixin.py:190} INFO - [2025-02-20T10:59:46.665+0100] {dagbag.py:588} INFO - Filling up the DagBag from /Users/ajlakorman/Desktop/Data-Mining-Projects/Apache_Airflow/venv/lib/python3.10/site-packages/airflow/example_dags/example_sensors.py
[2025-02-20T10:59:46.673+0100] {processor.py:925} INFO - DAG(s) 'example_sensors' retrieved from /Users/ajlakorman/Desktop/Data-Mining-Projects/Apache_Airflow/venv/lib/python3.10/site-packages/airflow/example_dags/example_sensors.py
[2025-02-20T10:59:46.737+0100] {logging_mixin.py:190} INFO - [2025-02-20T10:59:46.737+0100] {workday.py:41} WARNING - Could not import pandas. Holidays will not be considered.
[2025-02-20T10:59:46.748+0100] {logging_mixin.py:190} INFO - [2025-02-20T10:59:46.747+0100] {dag.py:3239} INFO - Sync 1 DAGs
[2025-02-20T10:59:46.751+0100] {logging_mixin.py:190} INFO - [2025-02-20T10:59:46.751+0100] {dag.py:4180} INFO - Setting next_dagrun for example_sensors to None, run_after=None
[2025-02-20T10:59:46.758+0100] {processor.py:208} INFO - Processing /Users/ajlakorman/Desktop/Data-Mining-Projects/Apache_Airflow/venv/lib/python3.10/site-packages/airflow/example_dags/example_sensors.py took 0.096 seconds
[2025-02-20T11:02:15.466+0100] {processor.py:186} INFO - Started process (PID=7444) to work on /Users/ajlakorman/Desktop/Data-Mining-Projects/Apache_Airflow/venv/lib/python3.10/site-packages/airflow/example_dags/example_sensors.py
[2025-02-20T11:02:15.468+0100] {processor.py:914} INFO - Processing file /Users/ajlakorman/Desktop/Data-Mining-Projects/Apache_Airflow/venv/lib/python3.10/site-packages/airflow/example_dags/example_sensors.py for tasks to queue
[2025-02-20T11:02:15.468+0100] {logging_mixin.py:190} INFO - [2025-02-20T11:02:15.468+0100] {dagbag.py:588} INFO - Filling up the DagBag from /Users/ajlakorman/Desktop/Data-Mining-Projects/Apache_Airflow/venv/lib/python3.10/site-packages/airflow/example_dags/example_sensors.py
[2025-02-20T11:02:15.476+0100] {processor.py:925} INFO - DAG(s) 'example_sensors' retrieved from /Users/ajlakorman/Desktop/Data-Mining-Projects/Apache_Airflow/venv/lib/python3.10/site-packages/airflow/example_dags/example_sensors.py
[2025-02-20T11:02:15.538+0100] {logging_mixin.py:190} INFO - [2025-02-20T11:02:15.538+0100] {workday.py:41} WARNING - Could not import pandas. Holidays will not be considered.
[2025-02-20T11:02:15.549+0100] {logging_mixin.py:190} INFO - [2025-02-20T11:02:15.549+0100] {dag.py:3239} INFO - Sync 1 DAGs
[2025-02-20T11:02:15.553+0100] {logging_mixin.py:190} INFO - [2025-02-20T11:02:15.552+0100] {dag.py:4180} INFO - Setting next_dagrun for example_sensors to None, run_after=None
[2025-02-20T11:02:15.560+0100] {processor.py:208} INFO - Processing /Users/ajlakorman/Desktop/Data-Mining-Projects/Apache_Airflow/venv/lib/python3.10/site-packages/airflow/example_dags/example_sensors.py took 0.095 seconds
[2025-02-20T11:04:34.060+0100] {processor.py:186} INFO - Started process (PID=7713) to work on /Users/ajlakorman/Desktop/Data-Mining-Projects/Apache_Airflow/venv/lib/python3.10/site-packages/airflow/example_dags/example_sensors.py
[2025-02-20T11:04:34.061+0100] {processor.py:914} INFO - Processing file /Users/ajlakorman/Desktop/Data-Mining-Projects/Apache_Airflow/venv/lib/python3.10/site-packages/airflow/example_dags/example_sensors.py for tasks to queue
[2025-02-20T11:04:34.061+0100] {logging_mixin.py:190} INFO - [2025-02-20T11:04:34.061+0100] {dagbag.py:588} INFO - Filling up the DagBag from /Users/ajlakorman/Desktop/Data-Mining-Projects/Apache_Airflow/venv/lib/python3.10/site-packages/airflow/example_dags/example_sensors.py
[2025-02-20T11:04:34.068+0100] {processor.py:925} INFO - DAG(s) 'example_sensors' retrieved from /Users/ajlakorman/Desktop/Data-Mining-Projects/Apache_Airflow/venv/lib/python3.10/site-packages/airflow/example_dags/example_sensors.py
[2025-02-20T11:04:34.129+0100] {logging_mixin.py:190} INFO - [2025-02-20T11:04:34.129+0100] {workday.py:41} WARNING - Could not import pandas. Holidays will not be considered.
[2025-02-20T11:04:34.139+0100] {logging_mixin.py:190} INFO - [2025-02-20T11:04:34.139+0100] {dag.py:3239} INFO - Sync 1 DAGs
[2025-02-20T11:04:34.143+0100] {logging_mixin.py:190} INFO - [2025-02-20T11:04:34.143+0100] {dag.py:4180} INFO - Setting next_dagrun for example_sensors to None, run_after=None
[2025-02-20T11:04:34.151+0100] {processor.py:208} INFO - Processing /Users/ajlakorman/Desktop/Data-Mining-Projects/Apache_Airflow/venv/lib/python3.10/site-packages/airflow/example_dags/example_sensors.py took 0.092 seconds
[2025-02-20T11:06:54.659+0100] {processor.py:186} INFO - Started process (PID=8048) to work on /Users/ajlakorman/Desktop/Data-Mining-Projects/Apache_Airflow/venv/lib/python3.10/site-packages/airflow/example_dags/example_sensors.py
[2025-02-20T11:06:54.660+0100] {processor.py:914} INFO - Processing file /Users/ajlakorman/Desktop/Data-Mining-Projects/Apache_Airflow/venv/lib/python3.10/site-packages/airflow/example_dags/example_sensors.py for tasks to queue
[2025-02-20T11:06:54.660+0100] {logging_mixin.py:190} INFO - [2025-02-20T11:06:54.660+0100] {dagbag.py:588} INFO - Filling up the DagBag from /Users/ajlakorman/Desktop/Data-Mining-Projects/Apache_Airflow/venv/lib/python3.10/site-packages/airflow/example_dags/example_sensors.py
[2025-02-20T11:06:54.667+0100] {processor.py:925} INFO - DAG(s) 'example_sensors' retrieved from /Users/ajlakorman/Desktop/Data-Mining-Projects/Apache_Airflow/venv/lib/python3.10/site-packages/airflow/example_dags/example_sensors.py
[2025-02-20T11:06:54.729+0100] {logging_mixin.py:190} INFO - [2025-02-20T11:06:54.729+0100] {workday.py:41} WARNING - Could not import pandas. Holidays will not be considered.
[2025-02-20T11:06:54.740+0100] {logging_mixin.py:190} INFO - [2025-02-20T11:06:54.740+0100] {dag.py:3239} INFO - Sync 1 DAGs
[2025-02-20T11:06:54.744+0100] {logging_mixin.py:190} INFO - [2025-02-20T11:06:54.744+0100] {dag.py:4180} INFO - Setting next_dagrun for example_sensors to None, run_after=None
[2025-02-20T11:06:54.751+0100] {processor.py:208} INFO - Processing /Users/ajlakorman/Desktop/Data-Mining-Projects/Apache_Airflow/venv/lib/python3.10/site-packages/airflow/example_dags/example_sensors.py took 0.093 seconds
[2025-02-20T11:09:12.509+0100] {processor.py:186} INFO - Started process (PID=8288) to work on /Users/ajlakorman/Desktop/Data-Mining-Projects/Apache_Airflow/venv/lib/python3.10/site-packages/airflow/example_dags/example_sensors.py
[2025-02-20T11:09:12.510+0100] {processor.py:914} INFO - Processing file /Users/ajlakorman/Desktop/Data-Mining-Projects/Apache_Airflow/venv/lib/python3.10/site-packages/airflow/example_dags/example_sensors.py for tasks to queue
[2025-02-20T11:09:12.511+0100] {logging_mixin.py:190} INFO - [2025-02-20T11:09:12.510+0100] {dagbag.py:588} INFO - Filling up the DagBag from /Users/ajlakorman/Desktop/Data-Mining-Projects/Apache_Airflow/venv/lib/python3.10/site-packages/airflow/example_dags/example_sensors.py
[2025-02-20T11:09:12.518+0100] {processor.py:925} INFO - DAG(s) 'example_sensors' retrieved from /Users/ajlakorman/Desktop/Data-Mining-Projects/Apache_Airflow/venv/lib/python3.10/site-packages/airflow/example_dags/example_sensors.py
[2025-02-20T11:09:12.579+0100] {logging_mixin.py:190} INFO - [2025-02-20T11:09:12.578+0100] {workday.py:41} WARNING - Could not import pandas. Holidays will not be considered.
[2025-02-20T11:09:12.589+0100] {logging_mixin.py:190} INFO - [2025-02-20T11:09:12.589+0100] {dag.py:3239} INFO - Sync 1 DAGs
[2025-02-20T11:09:12.592+0100] {logging_mixin.py:190} INFO - [2025-02-20T11:09:12.592+0100] {dag.py:4180} INFO - Setting next_dagrun for example_sensors to None, run_after=None
[2025-02-20T11:09:12.600+0100] {processor.py:208} INFO - Processing /Users/ajlakorman/Desktop/Data-Mining-Projects/Apache_Airflow/venv/lib/python3.10/site-packages/airflow/example_dags/example_sensors.py took 0.092 seconds
[2025-02-20T11:11:32.306+0100] {processor.py:186} INFO - Started process (PID=8560) to work on /Users/ajlakorman/Desktop/Data-Mining-Projects/Apache_Airflow/venv/lib/python3.10/site-packages/airflow/example_dags/example_sensors.py
[2025-02-20T11:11:32.307+0100] {processor.py:914} INFO - Processing file /Users/ajlakorman/Desktop/Data-Mining-Projects/Apache_Airflow/venv/lib/python3.10/site-packages/airflow/example_dags/example_sensors.py for tasks to queue
[2025-02-20T11:11:32.307+0100] {logging_mixin.py:190} INFO - [2025-02-20T11:11:32.307+0100] {dagbag.py:588} INFO - Filling up the DagBag from /Users/ajlakorman/Desktop/Data-Mining-Projects/Apache_Airflow/venv/lib/python3.10/site-packages/airflow/example_dags/example_sensors.py
[2025-02-20T11:11:32.315+0100] {processor.py:925} INFO - DAG(s) 'example_sensors' retrieved from /Users/ajlakorman/Desktop/Data-Mining-Projects/Apache_Airflow/venv/lib/python3.10/site-packages/airflow/example_dags/example_sensors.py
[2025-02-20T11:11:32.376+0100] {logging_mixin.py:190} INFO - [2025-02-20T11:11:32.376+0100] {workday.py:41} WARNING - Could not import pandas. Holidays will not be considered.
[2025-02-20T11:11:32.386+0100] {logging_mixin.py:190} INFO - [2025-02-20T11:11:32.386+0100] {dag.py:3239} INFO - Sync 1 DAGs
[2025-02-20T11:11:32.390+0100] {logging_mixin.py:190} INFO - [2025-02-20T11:11:32.390+0100] {dag.py:4180} INFO - Setting next_dagrun for example_sensors to None, run_after=None
[2025-02-20T11:11:32.397+0100] {processor.py:208} INFO - Processing /Users/ajlakorman/Desktop/Data-Mining-Projects/Apache_Airflow/venv/lib/python3.10/site-packages/airflow/example_dags/example_sensors.py took 0.093 seconds
[2025-02-20T11:13:52.232+0100] {processor.py:186} INFO - Started process (PID=8803) to work on /Users/ajlakorman/Desktop/Data-Mining-Projects/Apache_Airflow/venv/lib/python3.10/site-packages/airflow/example_dags/example_sensors.py
[2025-02-20T11:13:52.233+0100] {processor.py:914} INFO - Processing file /Users/ajlakorman/Desktop/Data-Mining-Projects/Apache_Airflow/venv/lib/python3.10/site-packages/airflow/example_dags/example_sensors.py for tasks to queue
[2025-02-20T11:13:52.233+0100] {logging_mixin.py:190} INFO - [2025-02-20T11:13:52.233+0100] {dagbag.py:588} INFO - Filling up the DagBag from /Users/ajlakorman/Desktop/Data-Mining-Projects/Apache_Airflow/venv/lib/python3.10/site-packages/airflow/example_dags/example_sensors.py
[2025-02-20T11:13:52.245+0100] {processor.py:925} INFO - DAG(s) 'example_sensors' retrieved from /Users/ajlakorman/Desktop/Data-Mining-Projects/Apache_Airflow/venv/lib/python3.10/site-packages/airflow/example_dags/example_sensors.py
[2025-02-20T11:13:52.323+0100] {logging_mixin.py:190} INFO - [2025-02-20T11:13:52.323+0100] {workday.py:41} WARNING - Could not import pandas. Holidays will not be considered.
[2025-02-20T11:13:52.334+0100] {logging_mixin.py:190} INFO - [2025-02-20T11:13:52.334+0100] {dag.py:3239} INFO - Sync 1 DAGs
[2025-02-20T11:13:52.338+0100] {logging_mixin.py:190} INFO - [2025-02-20T11:13:52.338+0100] {dag.py:4180} INFO - Setting next_dagrun for example_sensors to None, run_after=None
[2025-02-20T11:13:52.345+0100] {processor.py:208} INFO - Processing /Users/ajlakorman/Desktop/Data-Mining-Projects/Apache_Airflow/venv/lib/python3.10/site-packages/airflow/example_dags/example_sensors.py took 0.116 seconds
[2025-02-20T11:16:18.766+0100] {processor.py:186} INFO - Started process (PID=9028) to work on /Users/ajlakorman/Desktop/Data-Mining-Projects/Apache_Airflow/venv/lib/python3.10/site-packages/airflow/example_dags/example_sensors.py
[2025-02-20T11:16:18.767+0100] {processor.py:914} INFO - Processing file /Users/ajlakorman/Desktop/Data-Mining-Projects/Apache_Airflow/venv/lib/python3.10/site-packages/airflow/example_dags/example_sensors.py for tasks to queue
[2025-02-20T11:16:18.767+0100] {logging_mixin.py:190} INFO - [2025-02-20T11:16:18.767+0100] {dagbag.py:588} INFO - Filling up the DagBag from /Users/ajlakorman/Desktop/Data-Mining-Projects/Apache_Airflow/venv/lib/python3.10/site-packages/airflow/example_dags/example_sensors.py
[2025-02-20T11:16:18.774+0100] {processor.py:925} INFO - DAG(s) 'example_sensors' retrieved from /Users/ajlakorman/Desktop/Data-Mining-Projects/Apache_Airflow/venv/lib/python3.10/site-packages/airflow/example_dags/example_sensors.py
[2025-02-20T11:16:18.843+0100] {logging_mixin.py:190} INFO - [2025-02-20T11:16:18.842+0100] {workday.py:41} WARNING - Could not import pandas. Holidays will not be considered.
[2025-02-20T11:16:18.862+0100] {logging_mixin.py:190} INFO - [2025-02-20T11:16:18.862+0100] {dag.py:3239} INFO - Sync 1 DAGs
[2025-02-20T11:16:18.872+0100] {logging_mixin.py:190} INFO - [2025-02-20T11:16:18.872+0100] {dag.py:4180} INFO - Setting next_dagrun for example_sensors to None, run_after=None
[2025-02-20T11:16:18.891+0100] {processor.py:208} INFO - Processing /Users/ajlakorman/Desktop/Data-Mining-Projects/Apache_Airflow/venv/lib/python3.10/site-packages/airflow/example_dags/example_sensors.py took 0.126 seconds
[2025-02-20T11:18:42.509+0100] {processor.py:186} INFO - Started process (PID=9437) to work on /Users/ajlakorman/Desktop/Data-Mining-Projects/Apache_Airflow/venv/lib/python3.10/site-packages/airflow/example_dags/example_sensors.py
[2025-02-20T11:18:42.510+0100] {processor.py:914} INFO - Processing file /Users/ajlakorman/Desktop/Data-Mining-Projects/Apache_Airflow/venv/lib/python3.10/site-packages/airflow/example_dags/example_sensors.py for tasks to queue
[2025-02-20T11:18:42.510+0100] {logging_mixin.py:190} INFO - [2025-02-20T11:18:42.510+0100] {dagbag.py:588} INFO - Filling up the DagBag from /Users/ajlakorman/Desktop/Data-Mining-Projects/Apache_Airflow/venv/lib/python3.10/site-packages/airflow/example_dags/example_sensors.py
[2025-02-20T11:18:42.518+0100] {processor.py:925} INFO - DAG(s) 'example_sensors' retrieved from /Users/ajlakorman/Desktop/Data-Mining-Projects/Apache_Airflow/venv/lib/python3.10/site-packages/airflow/example_dags/example_sensors.py
[2025-02-20T11:18:42.579+0100] {logging_mixin.py:190} INFO - [2025-02-20T11:18:42.579+0100] {workday.py:41} WARNING - Could not import pandas. Holidays will not be considered.
[2025-02-20T11:18:42.590+0100] {logging_mixin.py:190} INFO - [2025-02-20T11:18:42.590+0100] {dag.py:3239} INFO - Sync 1 DAGs
[2025-02-20T11:18:42.594+0100] {logging_mixin.py:190} INFO - [2025-02-20T11:18:42.593+0100] {dag.py:4180} INFO - Setting next_dagrun for example_sensors to None, run_after=None
[2025-02-20T11:18:42.600+0100] {processor.py:208} INFO - Processing /Users/ajlakorman/Desktop/Data-Mining-Projects/Apache_Airflow/venv/lib/python3.10/site-packages/airflow/example_dags/example_sensors.py took 0.093 seconds
[2025-02-20T11:21:11.179+0100] {processor.py:186} INFO - Started process (PID=9746) to work on /Users/ajlakorman/Desktop/Data-Mining-Projects/Apache_Airflow/venv/lib/python3.10/site-packages/airflow/example_dags/example_sensors.py
[2025-02-20T11:21:11.180+0100] {processor.py:914} INFO - Processing file /Users/ajlakorman/Desktop/Data-Mining-Projects/Apache_Airflow/venv/lib/python3.10/site-packages/airflow/example_dags/example_sensors.py for tasks to queue
[2025-02-20T11:21:11.180+0100] {logging_mixin.py:190} INFO - [2025-02-20T11:21:11.180+0100] {dagbag.py:588} INFO - Filling up the DagBag from /Users/ajlakorman/Desktop/Data-Mining-Projects/Apache_Airflow/venv/lib/python3.10/site-packages/airflow/example_dags/example_sensors.py
[2025-02-20T11:21:11.188+0100] {processor.py:925} INFO - DAG(s) 'example_sensors' retrieved from /Users/ajlakorman/Desktop/Data-Mining-Projects/Apache_Airflow/venv/lib/python3.10/site-packages/airflow/example_dags/example_sensors.py
[2025-02-20T11:21:11.249+0100] {logging_mixin.py:190} INFO - [2025-02-20T11:21:11.248+0100] {workday.py:41} WARNING - Could not import pandas. Holidays will not be considered.
[2025-02-20T11:21:11.261+0100] {logging_mixin.py:190} INFO - [2025-02-20T11:21:11.261+0100] {dag.py:3239} INFO - Sync 1 DAGs
[2025-02-20T11:21:11.265+0100] {logging_mixin.py:190} INFO - [2025-02-20T11:21:11.264+0100] {dag.py:4180} INFO - Setting next_dagrun for example_sensors to None, run_after=None
[2025-02-20T11:21:11.272+0100] {processor.py:208} INFO - Processing /Users/ajlakorman/Desktop/Data-Mining-Projects/Apache_Airflow/venv/lib/python3.10/site-packages/airflow/example_dags/example_sensors.py took 0.094 seconds
[2025-02-20T11:23:40.178+0100] {processor.py:186} INFO - Started process (PID=9989) to work on /Users/ajlakorman/Desktop/Data-Mining-Projects/Apache_Airflow/venv/lib/python3.10/site-packages/airflow/example_dags/example_sensors.py
[2025-02-20T11:23:40.179+0100] {processor.py:914} INFO - Processing file /Users/ajlakorman/Desktop/Data-Mining-Projects/Apache_Airflow/venv/lib/python3.10/site-packages/airflow/example_dags/example_sensors.py for tasks to queue
[2025-02-20T11:23:40.179+0100] {logging_mixin.py:190} INFO - [2025-02-20T11:23:40.179+0100] {dagbag.py:588} INFO - Filling up the DagBag from /Users/ajlakorman/Desktop/Data-Mining-Projects/Apache_Airflow/venv/lib/python3.10/site-packages/airflow/example_dags/example_sensors.py
[2025-02-20T11:23:40.190+0100] {processor.py:925} INFO - DAG(s) 'example_sensors' retrieved from /Users/ajlakorman/Desktop/Data-Mining-Projects/Apache_Airflow/venv/lib/python3.10/site-packages/airflow/example_dags/example_sensors.py
[2025-02-20T11:23:40.282+0100] {logging_mixin.py:190} INFO - [2025-02-20T11:23:40.282+0100] {workday.py:41} WARNING - Could not import pandas. Holidays will not be considered.
[2025-02-20T11:23:40.294+0100] {logging_mixin.py:190} INFO - [2025-02-20T11:23:40.294+0100] {dag.py:3239} INFO - Sync 1 DAGs
[2025-02-20T11:23:40.298+0100] {logging_mixin.py:190} INFO - [2025-02-20T11:23:40.298+0100] {dag.py:4180} INFO - Setting next_dagrun for example_sensors to None, run_after=None
[2025-02-20T11:23:40.307+0100] {processor.py:208} INFO - Processing /Users/ajlakorman/Desktop/Data-Mining-Projects/Apache_Airflow/venv/lib/python3.10/site-packages/airflow/example_dags/example_sensors.py took 0.132 seconds
[2025-02-20T11:26:08.041+0100] {processor.py:186} INFO - Started process (PID=10282) to work on /Users/ajlakorman/Desktop/Data-Mining-Projects/Apache_Airflow/venv/lib/python3.10/site-packages/airflow/example_dags/example_sensors.py
[2025-02-20T11:26:08.042+0100] {processor.py:914} INFO - Processing file /Users/ajlakorman/Desktop/Data-Mining-Projects/Apache_Airflow/venv/lib/python3.10/site-packages/airflow/example_dags/example_sensors.py for tasks to queue
[2025-02-20T11:26:08.043+0100] {logging_mixin.py:190} INFO - [2025-02-20T11:26:08.043+0100] {dagbag.py:588} INFO - Filling up the DagBag from /Users/ajlakorman/Desktop/Data-Mining-Projects/Apache_Airflow/venv/lib/python3.10/site-packages/airflow/example_dags/example_sensors.py
[2025-02-20T11:26:08.050+0100] {processor.py:925} INFO - DAG(s) 'example_sensors' retrieved from /Users/ajlakorman/Desktop/Data-Mining-Projects/Apache_Airflow/venv/lib/python3.10/site-packages/airflow/example_dags/example_sensors.py
[2025-02-20T11:26:08.110+0100] {logging_mixin.py:190} INFO - [2025-02-20T11:26:08.110+0100] {workday.py:41} WARNING - Could not import pandas. Holidays will not be considered.
[2025-02-20T11:26:08.120+0100] {logging_mixin.py:190} INFO - [2025-02-20T11:26:08.120+0100] {dag.py:3239} INFO - Sync 1 DAGs
[2025-02-20T11:26:08.124+0100] {logging_mixin.py:190} INFO - [2025-02-20T11:26:08.124+0100] {dag.py:4180} INFO - Setting next_dagrun for example_sensors to None, run_after=None
[2025-02-20T11:26:08.131+0100] {processor.py:208} INFO - Processing /Users/ajlakorman/Desktop/Data-Mining-Projects/Apache_Airflow/venv/lib/python3.10/site-packages/airflow/example_dags/example_sensors.py took 0.091 seconds
[2025-02-20T11:28:37.449+0100] {processor.py:186} INFO - Started process (PID=10603) to work on /Users/ajlakorman/Desktop/Data-Mining-Projects/Apache_Airflow/venv/lib/python3.10/site-packages/airflow/example_dags/example_sensors.py
[2025-02-20T11:28:37.450+0100] {processor.py:914} INFO - Processing file /Users/ajlakorman/Desktop/Data-Mining-Projects/Apache_Airflow/venv/lib/python3.10/site-packages/airflow/example_dags/example_sensors.py for tasks to queue
[2025-02-20T11:28:37.451+0100] {logging_mixin.py:190} INFO - [2025-02-20T11:28:37.451+0100] {dagbag.py:588} INFO - Filling up the DagBag from /Users/ajlakorman/Desktop/Data-Mining-Projects/Apache_Airflow/venv/lib/python3.10/site-packages/airflow/example_dags/example_sensors.py
[2025-02-20T11:28:37.458+0100] {processor.py:925} INFO - DAG(s) 'example_sensors' retrieved from /Users/ajlakorman/Desktop/Data-Mining-Projects/Apache_Airflow/venv/lib/python3.10/site-packages/airflow/example_dags/example_sensors.py
[2025-02-20T11:28:37.521+0100] {logging_mixin.py:190} INFO - [2025-02-20T11:28:37.521+0100] {workday.py:41} WARNING - Could not import pandas. Holidays will not be considered.
[2025-02-20T11:28:37.531+0100] {logging_mixin.py:190} INFO - [2025-02-20T11:28:37.531+0100] {dag.py:3239} INFO - Sync 1 DAGs
[2025-02-20T11:28:37.535+0100] {logging_mixin.py:190} INFO - [2025-02-20T11:28:37.535+0100] {dag.py:4180} INFO - Setting next_dagrun for example_sensors to None, run_after=None
[2025-02-20T11:28:37.543+0100] {processor.py:208} INFO - Processing /Users/ajlakorman/Desktop/Data-Mining-Projects/Apache_Airflow/venv/lib/python3.10/site-packages/airflow/example_dags/example_sensors.py took 0.095 seconds
[2025-02-20T11:31:07.381+0100] {processor.py:186} INFO - Started process (PID=10925) to work on /Users/ajlakorman/Desktop/Data-Mining-Projects/Apache_Airflow/venv/lib/python3.10/site-packages/airflow/example_dags/example_sensors.py
[2025-02-20T11:31:07.383+0100] {processor.py:914} INFO - Processing file /Users/ajlakorman/Desktop/Data-Mining-Projects/Apache_Airflow/venv/lib/python3.10/site-packages/airflow/example_dags/example_sensors.py for tasks to queue
[2025-02-20T11:31:07.383+0100] {logging_mixin.py:190} INFO - [2025-02-20T11:31:07.383+0100] {dagbag.py:588} INFO - Filling up the DagBag from /Users/ajlakorman/Desktop/Data-Mining-Projects/Apache_Airflow/venv/lib/python3.10/site-packages/airflow/example_dags/example_sensors.py
[2025-02-20T11:31:07.390+0100] {processor.py:925} INFO - DAG(s) 'example_sensors' retrieved from /Users/ajlakorman/Desktop/Data-Mining-Projects/Apache_Airflow/venv/lib/python3.10/site-packages/airflow/example_dags/example_sensors.py
[2025-02-20T11:31:07.453+0100] {logging_mixin.py:190} INFO - [2025-02-20T11:31:07.453+0100] {workday.py:41} WARNING - Could not import pandas. Holidays will not be considered.
[2025-02-20T11:31:07.464+0100] {logging_mixin.py:190} INFO - [2025-02-20T11:31:07.464+0100] {dag.py:3239} INFO - Sync 1 DAGs
[2025-02-20T11:31:07.468+0100] {logging_mixin.py:190} INFO - [2025-02-20T11:31:07.468+0100] {dag.py:4180} INFO - Setting next_dagrun for example_sensors to None, run_after=None
[2025-02-20T11:31:07.475+0100] {processor.py:208} INFO - Processing /Users/ajlakorman/Desktop/Data-Mining-Projects/Apache_Airflow/venv/lib/python3.10/site-packages/airflow/example_dags/example_sensors.py took 0.096 seconds
[2025-02-20T11:33:32.354+0100] {processor.py:186} INFO - Started process (PID=11147) to work on /Users/ajlakorman/Desktop/Data-Mining-Projects/Apache_Airflow/venv/lib/python3.10/site-packages/airflow/example_dags/example_sensors.py
[2025-02-20T11:33:32.355+0100] {processor.py:914} INFO - Processing file /Users/ajlakorman/Desktop/Data-Mining-Projects/Apache_Airflow/venv/lib/python3.10/site-packages/airflow/example_dags/example_sensors.py for tasks to queue
[2025-02-20T11:33:32.356+0100] {logging_mixin.py:190} INFO - [2025-02-20T11:33:32.356+0100] {dagbag.py:588} INFO - Filling up the DagBag from /Users/ajlakorman/Desktop/Data-Mining-Projects/Apache_Airflow/venv/lib/python3.10/site-packages/airflow/example_dags/example_sensors.py
[2025-02-20T11:33:32.364+0100] {processor.py:925} INFO - DAG(s) 'example_sensors' retrieved from /Users/ajlakorman/Desktop/Data-Mining-Projects/Apache_Airflow/venv/lib/python3.10/site-packages/airflow/example_dags/example_sensors.py
[2025-02-20T11:33:32.428+0100] {logging_mixin.py:190} INFO - [2025-02-20T11:33:32.428+0100] {workday.py:41} WARNING - Could not import pandas. Holidays will not be considered.
[2025-02-20T11:33:32.439+0100] {logging_mixin.py:190} INFO - [2025-02-20T11:33:32.439+0100] {dag.py:3239} INFO - Sync 1 DAGs
[2025-02-20T11:33:32.443+0100] {logging_mixin.py:190} INFO - [2025-02-20T11:33:32.443+0100] {dag.py:4180} INFO - Setting next_dagrun for example_sensors to None, run_after=None
[2025-02-20T11:33:32.451+0100] {processor.py:208} INFO - Processing /Users/ajlakorman/Desktop/Data-Mining-Projects/Apache_Airflow/venv/lib/python3.10/site-packages/airflow/example_dags/example_sensors.py took 0.098 seconds
[2025-02-20T11:36:00.749+0100] {processor.py:186} INFO - Started process (PID=11388) to work on /Users/ajlakorman/Desktop/Data-Mining-Projects/Apache_Airflow/venv/lib/python3.10/site-packages/airflow/example_dags/example_sensors.py
[2025-02-20T11:36:00.750+0100] {processor.py:914} INFO - Processing file /Users/ajlakorman/Desktop/Data-Mining-Projects/Apache_Airflow/venv/lib/python3.10/site-packages/airflow/example_dags/example_sensors.py for tasks to queue
[2025-02-20T11:36:00.750+0100] {logging_mixin.py:190} INFO - [2025-02-20T11:36:00.750+0100] {dagbag.py:588} INFO - Filling up the DagBag from /Users/ajlakorman/Desktop/Data-Mining-Projects/Apache_Airflow/venv/lib/python3.10/site-packages/airflow/example_dags/example_sensors.py
[2025-02-20T11:36:00.760+0100] {processor.py:925} INFO - DAG(s) 'example_sensors' retrieved from /Users/ajlakorman/Desktop/Data-Mining-Projects/Apache_Airflow/venv/lib/python3.10/site-packages/airflow/example_dags/example_sensors.py
[2025-02-20T11:36:00.829+0100] {logging_mixin.py:190} INFO - [2025-02-20T11:36:00.829+0100] {workday.py:41} WARNING - Could not import pandas. Holidays will not be considered.
[2025-02-20T11:36:00.841+0100] {logging_mixin.py:190} INFO - [2025-02-20T11:36:00.841+0100] {dag.py:3239} INFO - Sync 1 DAGs
[2025-02-20T11:36:00.845+0100] {logging_mixin.py:190} INFO - [2025-02-20T11:36:00.845+0100] {dag.py:4180} INFO - Setting next_dagrun for example_sensors to None, run_after=None
[2025-02-20T11:36:00.853+0100] {processor.py:208} INFO - Processing /Users/ajlakorman/Desktop/Data-Mining-Projects/Apache_Airflow/venv/lib/python3.10/site-packages/airflow/example_dags/example_sensors.py took 0.106 seconds
[2025-02-20T11:38:34.310+0100] {processor.py:186} INFO - Started process (PID=11674) to work on /Users/ajlakorman/Desktop/Data-Mining-Projects/Apache_Airflow/venv/lib/python3.10/site-packages/airflow/example_dags/example_sensors.py
[2025-02-20T11:38:34.311+0100] {processor.py:914} INFO - Processing file /Users/ajlakorman/Desktop/Data-Mining-Projects/Apache_Airflow/venv/lib/python3.10/site-packages/airflow/example_dags/example_sensors.py for tasks to queue
[2025-02-20T11:38:34.312+0100] {logging_mixin.py:190} INFO - [2025-02-20T11:38:34.312+0100] {dagbag.py:588} INFO - Filling up the DagBag from /Users/ajlakorman/Desktop/Data-Mining-Projects/Apache_Airflow/venv/lib/python3.10/site-packages/airflow/example_dags/example_sensors.py
[2025-02-20T11:38:34.321+0100] {processor.py:925} INFO - DAG(s) 'example_sensors' retrieved from /Users/ajlakorman/Desktop/Data-Mining-Projects/Apache_Airflow/venv/lib/python3.10/site-packages/airflow/example_dags/example_sensors.py
[2025-02-20T11:38:34.397+0100] {logging_mixin.py:190} INFO - [2025-02-20T11:38:34.397+0100] {workday.py:41} WARNING - Could not import pandas. Holidays will not be considered.
[2025-02-20T11:38:34.411+0100] {logging_mixin.py:190} INFO - [2025-02-20T11:38:34.411+0100] {dag.py:3239} INFO - Sync 1 DAGs
[2025-02-20T11:38:34.415+0100] {logging_mixin.py:190} INFO - [2025-02-20T11:38:34.415+0100] {dag.py:4180} INFO - Setting next_dagrun for example_sensors to None, run_after=None
[2025-02-20T11:38:34.425+0100] {processor.py:208} INFO - Processing /Users/ajlakorman/Desktop/Data-Mining-Projects/Apache_Airflow/venv/lib/python3.10/site-packages/airflow/example_dags/example_sensors.py took 0.117 seconds
[2025-02-20T11:40:56.594+0100] {processor.py:186} INFO - Started process (PID=11871) to work on /Users/ajlakorman/Desktop/Data-Mining-Projects/Apache_Airflow/venv/lib/python3.10/site-packages/airflow/example_dags/example_sensors.py
[2025-02-20T11:40:56.595+0100] {processor.py:914} INFO - Processing file /Users/ajlakorman/Desktop/Data-Mining-Projects/Apache_Airflow/venv/lib/python3.10/site-packages/airflow/example_dags/example_sensors.py for tasks to queue
[2025-02-20T11:40:56.596+0100] {logging_mixin.py:190} INFO - [2025-02-20T11:40:56.596+0100] {dagbag.py:588} INFO - Filling up the DagBag from /Users/ajlakorman/Desktop/Data-Mining-Projects/Apache_Airflow/venv/lib/python3.10/site-packages/airflow/example_dags/example_sensors.py
[2025-02-20T11:40:56.604+0100] {processor.py:925} INFO - DAG(s) 'example_sensors' retrieved from /Users/ajlakorman/Desktop/Data-Mining-Projects/Apache_Airflow/venv/lib/python3.10/site-packages/airflow/example_dags/example_sensors.py
[2025-02-20T11:40:56.669+0100] {logging_mixin.py:190} INFO - [2025-02-20T11:40:56.668+0100] {workday.py:41} WARNING - Could not import pandas. Holidays will not be considered.
[2025-02-20T11:40:56.679+0100] {logging_mixin.py:190} INFO - [2025-02-20T11:40:56.679+0100] {dag.py:3239} INFO - Sync 1 DAGs
[2025-02-20T11:40:56.683+0100] {logging_mixin.py:190} INFO - [2025-02-20T11:40:56.683+0100] {dag.py:4180} INFO - Setting next_dagrun for example_sensors to None, run_after=None
[2025-02-20T11:40:56.690+0100] {processor.py:208} INFO - Processing /Users/ajlakorman/Desktop/Data-Mining-Projects/Apache_Airflow/venv/lib/python3.10/site-packages/airflow/example_dags/example_sensors.py took 0.097 seconds
[2025-02-20T12:19:13.152+0100] {processor.py:186} INFO - Started process (PID=12030) to work on /Users/ajlakorman/Desktop/Data-Mining-Projects/Apache_Airflow/venv/lib/python3.10/site-packages/airflow/example_dags/example_sensors.py
[2025-02-20T12:19:13.152+0100] {processor.py:914} INFO - Processing file /Users/ajlakorman/Desktop/Data-Mining-Projects/Apache_Airflow/venv/lib/python3.10/site-packages/airflow/example_dags/example_sensors.py for tasks to queue
[2025-02-20T12:19:13.153+0100] {logging_mixin.py:190} INFO - [2025-02-20T12:19:13.153+0100] {dagbag.py:588} INFO - Filling up the DagBag from /Users/ajlakorman/Desktop/Data-Mining-Projects/Apache_Airflow/venv/lib/python3.10/site-packages/airflow/example_dags/example_sensors.py
[2025-02-20T12:19:13.161+0100] {processor.py:925} INFO - DAG(s) 'example_sensors' retrieved from /Users/ajlakorman/Desktop/Data-Mining-Projects/Apache_Airflow/venv/lib/python3.10/site-packages/airflow/example_dags/example_sensors.py
[2025-02-20T12:19:13.227+0100] {logging_mixin.py:190} INFO - [2025-02-20T12:19:13.226+0100] {workday.py:41} WARNING - Could not import pandas. Holidays will not be considered.
[2025-02-20T12:19:13.237+0100] {logging_mixin.py:190} INFO - [2025-02-20T12:19:13.237+0100] {dag.py:3239} INFO - Sync 1 DAGs
[2025-02-20T12:19:13.241+0100] {logging_mixin.py:190} INFO - [2025-02-20T12:19:13.241+0100] {dag.py:4180} INFO - Setting next_dagrun for example_sensors to None, run_after=None
[2025-02-20T12:19:13.248+0100] {processor.py:208} INFO - Processing /Users/ajlakorman/Desktop/Data-Mining-Projects/Apache_Airflow/venv/lib/python3.10/site-packages/airflow/example_dags/example_sensors.py took 0.098 seconds
[2025-02-20T12:20:55.213+0100] {processor.py:186} INFO - Started process (PID=12162) to work on /Users/ajlakorman/Desktop/Data-Mining-Projects/Apache_Airflow/venv/lib/python3.10/site-packages/airflow/example_dags/example_sensors.py
[2025-02-20T12:20:55.214+0100] {processor.py:914} INFO - Processing file /Users/ajlakorman/Desktop/Data-Mining-Projects/Apache_Airflow/venv/lib/python3.10/site-packages/airflow/example_dags/example_sensors.py for tasks to queue
[2025-02-20T12:20:55.214+0100] {logging_mixin.py:190} INFO - [2025-02-20T12:20:55.214+0100] {dagbag.py:588} INFO - Filling up the DagBag from /Users/ajlakorman/Desktop/Data-Mining-Projects/Apache_Airflow/venv/lib/python3.10/site-packages/airflow/example_dags/example_sensors.py
[2025-02-20T12:20:55.222+0100] {processor.py:925} INFO - DAG(s) 'example_sensors' retrieved from /Users/ajlakorman/Desktop/Data-Mining-Projects/Apache_Airflow/venv/lib/python3.10/site-packages/airflow/example_dags/example_sensors.py
[2025-02-20T12:20:55.283+0100] {logging_mixin.py:190} INFO - [2025-02-20T12:20:55.283+0100] {workday.py:41} WARNING - Could not import pandas. Holidays will not be considered.
[2025-02-20T12:20:55.295+0100] {logging_mixin.py:190} INFO - [2025-02-20T12:20:55.295+0100] {dag.py:3239} INFO - Sync 1 DAGs
[2025-02-20T12:20:55.299+0100] {logging_mixin.py:190} INFO - [2025-02-20T12:20:55.299+0100] {dag.py:4180} INFO - Setting next_dagrun for example_sensors to None, run_after=None
[2025-02-20T12:20:55.307+0100] {processor.py:208} INFO - Processing /Users/ajlakorman/Desktop/Data-Mining-Projects/Apache_Airflow/venv/lib/python3.10/site-packages/airflow/example_dags/example_sensors.py took 0.096 seconds
[2025-02-20T12:23:31.840+0100] {processor.py:186} INFO - Started process (PID=12441) to work on /Users/ajlakorman/Desktop/Data-Mining-Projects/Apache_Airflow/venv/lib/python3.10/site-packages/airflow/example_dags/example_sensors.py
[2025-02-20T12:23:31.841+0100] {processor.py:914} INFO - Processing file /Users/ajlakorman/Desktop/Data-Mining-Projects/Apache_Airflow/venv/lib/python3.10/site-packages/airflow/example_dags/example_sensors.py for tasks to queue
[2025-02-20T12:23:31.841+0100] {logging_mixin.py:190} INFO - [2025-02-20T12:23:31.841+0100] {dagbag.py:588} INFO - Filling up the DagBag from /Users/ajlakorman/Desktop/Data-Mining-Projects/Apache_Airflow/venv/lib/python3.10/site-packages/airflow/example_dags/example_sensors.py
[2025-02-20T12:23:31.849+0100] {processor.py:925} INFO - DAG(s) 'example_sensors' retrieved from /Users/ajlakorman/Desktop/Data-Mining-Projects/Apache_Airflow/venv/lib/python3.10/site-packages/airflow/example_dags/example_sensors.py
[2025-02-20T12:23:31.912+0100] {logging_mixin.py:190} INFO - [2025-02-20T12:23:31.911+0100] {workday.py:41} WARNING - Could not import pandas. Holidays will not be considered.
[2025-02-20T12:23:31.922+0100] {logging_mixin.py:190} INFO - [2025-02-20T12:23:31.922+0100] {dag.py:3239} INFO - Sync 1 DAGs
[2025-02-20T12:23:31.926+0100] {logging_mixin.py:190} INFO - [2025-02-20T12:23:31.926+0100] {dag.py:4180} INFO - Setting next_dagrun for example_sensors to None, run_after=None
[2025-02-20T12:23:31.933+0100] {processor.py:208} INFO - Processing /Users/ajlakorman/Desktop/Data-Mining-Projects/Apache_Airflow/venv/lib/python3.10/site-packages/airflow/example_dags/example_sensors.py took 0.095 seconds
[2025-02-20T12:25:56.261+0100] {processor.py:186} INFO - Started process (PID=12704) to work on /Users/ajlakorman/Desktop/Data-Mining-Projects/Apache_Airflow/venv/lib/python3.10/site-packages/airflow/example_dags/example_sensors.py
[2025-02-20T12:25:56.262+0100] {processor.py:914} INFO - Processing file /Users/ajlakorman/Desktop/Data-Mining-Projects/Apache_Airflow/venv/lib/python3.10/site-packages/airflow/example_dags/example_sensors.py for tasks to queue
[2025-02-20T12:25:56.263+0100] {logging_mixin.py:190} INFO - [2025-02-20T12:25:56.263+0100] {dagbag.py:588} INFO - Filling up the DagBag from /Users/ajlakorman/Desktop/Data-Mining-Projects/Apache_Airflow/venv/lib/python3.10/site-packages/airflow/example_dags/example_sensors.py
[2025-02-20T12:25:56.270+0100] {processor.py:925} INFO - DAG(s) 'example_sensors' retrieved from /Users/ajlakorman/Desktop/Data-Mining-Projects/Apache_Airflow/venv/lib/python3.10/site-packages/airflow/example_dags/example_sensors.py
[2025-02-20T12:25:56.335+0100] {logging_mixin.py:190} INFO - [2025-02-20T12:25:56.335+0100] {workday.py:41} WARNING - Could not import pandas. Holidays will not be considered.
[2025-02-20T12:25:56.345+0100] {logging_mixin.py:190} INFO - [2025-02-20T12:25:56.345+0100] {dag.py:3239} INFO - Sync 1 DAGs
[2025-02-20T12:25:56.349+0100] {logging_mixin.py:190} INFO - [2025-02-20T12:25:56.349+0100] {dag.py:4180} INFO - Setting next_dagrun for example_sensors to None, run_after=None
[2025-02-20T12:25:56.356+0100] {processor.py:208} INFO - Processing /Users/ajlakorman/Desktop/Data-Mining-Projects/Apache_Airflow/venv/lib/python3.10/site-packages/airflow/example_dags/example_sensors.py took 0.096 seconds
[2025-02-20T12:28:31.538+0100] {processor.py:186} INFO - Started process (PID=13033) to work on /Users/ajlakorman/Desktop/Data-Mining-Projects/Apache_Airflow/venv/lib/python3.10/site-packages/airflow/example_dags/example_sensors.py
[2025-02-20T12:28:31.539+0100] {processor.py:914} INFO - Processing file /Users/ajlakorman/Desktop/Data-Mining-Projects/Apache_Airflow/venv/lib/python3.10/site-packages/airflow/example_dags/example_sensors.py for tasks to queue
[2025-02-20T12:28:31.539+0100] {logging_mixin.py:190} INFO - [2025-02-20T12:28:31.539+0100] {dagbag.py:588} INFO - Filling up the DagBag from /Users/ajlakorman/Desktop/Data-Mining-Projects/Apache_Airflow/venv/lib/python3.10/site-packages/airflow/example_dags/example_sensors.py
[2025-02-20T12:28:31.547+0100] {processor.py:925} INFO - DAG(s) 'example_sensors' retrieved from /Users/ajlakorman/Desktop/Data-Mining-Projects/Apache_Airflow/venv/lib/python3.10/site-packages/airflow/example_dags/example_sensors.py
[2025-02-20T12:28:31.610+0100] {logging_mixin.py:190} INFO - [2025-02-20T12:28:31.610+0100] {workday.py:41} WARNING - Could not import pandas. Holidays will not be considered.
[2025-02-20T12:28:31.624+0100] {logging_mixin.py:190} INFO - [2025-02-20T12:28:31.624+0100] {dag.py:3239} INFO - Sync 1 DAGs
[2025-02-20T12:28:31.628+0100] {logging_mixin.py:190} INFO - [2025-02-20T12:28:31.628+0100] {dag.py:4180} INFO - Setting next_dagrun for example_sensors to None, run_after=None
[2025-02-20T12:28:31.637+0100] {processor.py:208} INFO - Processing /Users/ajlakorman/Desktop/Data-Mining-Projects/Apache_Airflow/venv/lib/python3.10/site-packages/airflow/example_dags/example_sensors.py took 0.100 seconds
[2025-02-20T12:30:53.977+0100] {processor.py:186} INFO - Started process (PID=13335) to work on /Users/ajlakorman/Desktop/Data-Mining-Projects/Apache_Airflow/venv/lib/python3.10/site-packages/airflow/example_dags/example_sensors.py
[2025-02-20T12:30:53.978+0100] {processor.py:914} INFO - Processing file /Users/ajlakorman/Desktop/Data-Mining-Projects/Apache_Airflow/venv/lib/python3.10/site-packages/airflow/example_dags/example_sensors.py for tasks to queue
[2025-02-20T12:30:53.979+0100] {logging_mixin.py:190} INFO - [2025-02-20T12:30:53.979+0100] {dagbag.py:588} INFO - Filling up the DagBag from /Users/ajlakorman/Desktop/Data-Mining-Projects/Apache_Airflow/venv/lib/python3.10/site-packages/airflow/example_dags/example_sensors.py
[2025-02-20T12:30:53.987+0100] {processor.py:925} INFO - DAG(s) 'example_sensors' retrieved from /Users/ajlakorman/Desktop/Data-Mining-Projects/Apache_Airflow/venv/lib/python3.10/site-packages/airflow/example_dags/example_sensors.py
[2025-02-20T12:30:54.053+0100] {logging_mixin.py:190} INFO - [2025-02-20T12:30:54.053+0100] {workday.py:41} WARNING - Could not import pandas. Holidays will not be considered.
[2025-02-20T12:30:54.063+0100] {logging_mixin.py:190} INFO - [2025-02-20T12:30:54.063+0100] {dag.py:3239} INFO - Sync 1 DAGs
[2025-02-20T12:30:54.067+0100] {logging_mixin.py:190} INFO - [2025-02-20T12:30:54.067+0100] {dag.py:4180} INFO - Setting next_dagrun for example_sensors to None, run_after=None
[2025-02-20T12:30:54.074+0100] {processor.py:208} INFO - Processing /Users/ajlakorman/Desktop/Data-Mining-Projects/Apache_Airflow/venv/lib/python3.10/site-packages/airflow/example_dags/example_sensors.py took 0.100 seconds
[2025-02-20T12:32:16.668+0100] {processor.py:186} INFO - Started process (PID=13522) to work on /Users/ajlakorman/Desktop/Data-Mining-Projects/Apache_Airflow/venv/lib/python3.10/site-packages/airflow/example_dags/example_sensors.py
[2025-02-20T12:32:16.669+0100] {processor.py:914} INFO - Processing file /Users/ajlakorman/Desktop/Data-Mining-Projects/Apache_Airflow/venv/lib/python3.10/site-packages/airflow/example_dags/example_sensors.py for tasks to queue
[2025-02-20T12:32:16.669+0100] {logging_mixin.py:190} INFO - [2025-02-20T12:32:16.669+0100] {dagbag.py:588} INFO - Filling up the DagBag from /Users/ajlakorman/Desktop/Data-Mining-Projects/Apache_Airflow/venv/lib/python3.10/site-packages/airflow/example_dags/example_sensors.py
[2025-02-20T12:32:16.676+0100] {processor.py:925} INFO - DAG(s) 'example_sensors' retrieved from /Users/ajlakorman/Desktop/Data-Mining-Projects/Apache_Airflow/venv/lib/python3.10/site-packages/airflow/example_dags/example_sensors.py
[2025-02-20T12:32:16.739+0100] {logging_mixin.py:190} INFO - [2025-02-20T12:32:16.739+0100] {workday.py:41} WARNING - Could not import pandas. Holidays will not be considered.
[2025-02-20T12:32:16.749+0100] {logging_mixin.py:190} INFO - [2025-02-20T12:32:16.749+0100] {dag.py:3239} INFO - Sync 1 DAGs
[2025-02-20T12:32:16.753+0100] {logging_mixin.py:190} INFO - [2025-02-20T12:32:16.753+0100] {dag.py:4180} INFO - Setting next_dagrun for example_sensors to None, run_after=None
[2025-02-20T12:32:16.761+0100] {processor.py:208} INFO - Processing /Users/ajlakorman/Desktop/Data-Mining-Projects/Apache_Airflow/venv/lib/python3.10/site-packages/airflow/example_dags/example_sensors.py took 0.094 seconds
[2025-02-20T12:34:44.241+0100] {processor.py:186} INFO - Started process (PID=13812) to work on /Users/ajlakorman/Desktop/Data-Mining-Projects/Apache_Airflow/venv/lib/python3.10/site-packages/airflow/example_dags/example_sensors.py
[2025-02-20T12:34:44.242+0100] {processor.py:914} INFO - Processing file /Users/ajlakorman/Desktop/Data-Mining-Projects/Apache_Airflow/venv/lib/python3.10/site-packages/airflow/example_dags/example_sensors.py for tasks to queue
[2025-02-20T12:34:44.242+0100] {logging_mixin.py:190} INFO - [2025-02-20T12:34:44.242+0100] {dagbag.py:588} INFO - Filling up the DagBag from /Users/ajlakorman/Desktop/Data-Mining-Projects/Apache_Airflow/venv/lib/python3.10/site-packages/airflow/example_dags/example_sensors.py
[2025-02-20T12:34:44.251+0100] {processor.py:925} INFO - DAG(s) 'example_sensors' retrieved from /Users/ajlakorman/Desktop/Data-Mining-Projects/Apache_Airflow/venv/lib/python3.10/site-packages/airflow/example_dags/example_sensors.py
[2025-02-20T12:34:44.313+0100] {logging_mixin.py:190} INFO - [2025-02-20T12:34:44.313+0100] {workday.py:41} WARNING - Could not import pandas. Holidays will not be considered.
[2025-02-20T12:34:44.323+0100] {logging_mixin.py:190} INFO - [2025-02-20T12:34:44.323+0100] {dag.py:3239} INFO - Sync 1 DAGs
[2025-02-20T12:34:44.327+0100] {logging_mixin.py:190} INFO - [2025-02-20T12:34:44.327+0100] {dag.py:4180} INFO - Setting next_dagrun for example_sensors to None, run_after=None
[2025-02-20T12:34:44.334+0100] {processor.py:208} INFO - Processing /Users/ajlakorman/Desktop/Data-Mining-Projects/Apache_Airflow/venv/lib/python3.10/site-packages/airflow/example_dags/example_sensors.py took 0.095 seconds
[2025-02-20T12:37:23.803+0100] {processor.py:186} INFO - Started process (PID=14239) to work on /Users/ajlakorman/Desktop/Data-Mining-Projects/Apache_Airflow/venv/lib/python3.10/site-packages/airflow/example_dags/example_sensors.py
[2025-02-20T12:37:23.804+0100] {processor.py:914} INFO - Processing file /Users/ajlakorman/Desktop/Data-Mining-Projects/Apache_Airflow/venv/lib/python3.10/site-packages/airflow/example_dags/example_sensors.py for tasks to queue
[2025-02-20T12:37:23.804+0100] {logging_mixin.py:190} INFO - [2025-02-20T12:37:23.804+0100] {dagbag.py:588} INFO - Filling up the DagBag from /Users/ajlakorman/Desktop/Data-Mining-Projects/Apache_Airflow/venv/lib/python3.10/site-packages/airflow/example_dags/example_sensors.py
[2025-02-20T12:37:23.812+0100] {processor.py:925} INFO - DAG(s) 'example_sensors' retrieved from /Users/ajlakorman/Desktop/Data-Mining-Projects/Apache_Airflow/venv/lib/python3.10/site-packages/airflow/example_dags/example_sensors.py
[2025-02-20T12:37:23.882+0100] {logging_mixin.py:190} INFO - [2025-02-20T12:37:23.882+0100] {dag.py:3239} INFO - Sync 1 DAGs
[2025-02-20T12:37:23.886+0100] {logging_mixin.py:190} INFO - [2025-02-20T12:37:23.885+0100] {dag.py:4180} INFO - Setting next_dagrun for example_sensors to None, run_after=None
[2025-02-20T12:37:23.893+0100] {processor.py:208} INFO - Processing /Users/ajlakorman/Desktop/Data-Mining-Projects/Apache_Airflow/venv/lib/python3.10/site-packages/airflow/example_dags/example_sensors.py took 0.092 seconds
[2025-02-20T12:55:04.001+0100] {processor.py:186} INFO - Started process (PID=14589) to work on /Users/ajlakorman/Desktop/Data-Mining-Projects/Apache_Airflow/venv/lib/python3.10/site-packages/airflow/example_dags/example_sensors.py
[2025-02-20T12:55:04.002+0100] {processor.py:914} INFO - Processing file /Users/ajlakorman/Desktop/Data-Mining-Projects/Apache_Airflow/venv/lib/python3.10/site-packages/airflow/example_dags/example_sensors.py for tasks to queue
[2025-02-20T12:55:04.002+0100] {logging_mixin.py:190} INFO - [2025-02-20T12:55:04.002+0100] {dagbag.py:588} INFO - Filling up the DagBag from /Users/ajlakorman/Desktop/Data-Mining-Projects/Apache_Airflow/venv/lib/python3.10/site-packages/airflow/example_dags/example_sensors.py
[2025-02-20T12:55:04.009+0100] {processor.py:925} INFO - DAG(s) 'example_sensors' retrieved from /Users/ajlakorman/Desktop/Data-Mining-Projects/Apache_Airflow/venv/lib/python3.10/site-packages/airflow/example_dags/example_sensors.py
[2025-02-20T12:55:04.079+0100] {logging_mixin.py:190} INFO - [2025-02-20T12:55:04.078+0100] {dag.py:3239} INFO - Sync 1 DAGs
[2025-02-20T12:55:04.082+0100] {logging_mixin.py:190} INFO - [2025-02-20T12:55:04.082+0100] {dag.py:4180} INFO - Setting next_dagrun for example_sensors to None, run_after=None
[2025-02-20T12:55:04.090+0100] {processor.py:208} INFO - Processing /Users/ajlakorman/Desktop/Data-Mining-Projects/Apache_Airflow/venv/lib/python3.10/site-packages/airflow/example_dags/example_sensors.py took 0.091 seconds
[2025-02-20T12:56:43.975+0100] {processor.py:186} INFO - Started process (PID=14808) to work on /Users/ajlakorman/Desktop/Data-Mining-Projects/Apache_Airflow/venv/lib/python3.10/site-packages/airflow/example_dags/example_sensors.py
[2025-02-20T12:56:43.978+0100] {processor.py:914} INFO - Processing file /Users/ajlakorman/Desktop/Data-Mining-Projects/Apache_Airflow/venv/lib/python3.10/site-packages/airflow/example_dags/example_sensors.py for tasks to queue
[2025-02-20T12:56:43.979+0100] {logging_mixin.py:190} INFO - [2025-02-20T12:56:43.979+0100] {dagbag.py:588} INFO - Filling up the DagBag from /Users/ajlakorman/Desktop/Data-Mining-Projects/Apache_Airflow/venv/lib/python3.10/site-packages/airflow/example_dags/example_sensors.py
[2025-02-20T12:56:43.990+0100] {processor.py:925} INFO - DAG(s) 'example_sensors' retrieved from /Users/ajlakorman/Desktop/Data-Mining-Projects/Apache_Airflow/venv/lib/python3.10/site-packages/airflow/example_dags/example_sensors.py
[2025-02-20T12:56:44.069+0100] {logging_mixin.py:190} INFO - [2025-02-20T12:56:44.069+0100] {dag.py:3239} INFO - Sync 1 DAGs
[2025-02-20T12:56:44.073+0100] {logging_mixin.py:190} INFO - [2025-02-20T12:56:44.073+0100] {dag.py:4180} INFO - Setting next_dagrun for example_sensors to None, run_after=None
[2025-02-20T12:56:44.081+0100] {processor.py:208} INFO - Processing /Users/ajlakorman/Desktop/Data-Mining-Projects/Apache_Airflow/venv/lib/python3.10/site-packages/airflow/example_dags/example_sensors.py took 0.109 seconds
[2025-02-20T12:58:16.416+0100] {processor.py:186} INFO - Started process (PID=14976) to work on /Users/ajlakorman/Desktop/Data-Mining-Projects/Apache_Airflow/venv/lib/python3.10/site-packages/airflow/example_dags/example_sensors.py
[2025-02-20T12:58:16.418+0100] {processor.py:914} INFO - Processing file /Users/ajlakorman/Desktop/Data-Mining-Projects/Apache_Airflow/venv/lib/python3.10/site-packages/airflow/example_dags/example_sensors.py for tasks to queue
[2025-02-20T12:58:16.419+0100] {logging_mixin.py:190} INFO - [2025-02-20T12:58:16.419+0100] {dagbag.py:588} INFO - Filling up the DagBag from /Users/ajlakorman/Desktop/Data-Mining-Projects/Apache_Airflow/venv/lib/python3.10/site-packages/airflow/example_dags/example_sensors.py
[2025-02-20T12:58:16.428+0100] {processor.py:925} INFO - DAG(s) 'example_sensors' retrieved from /Users/ajlakorman/Desktop/Data-Mining-Projects/Apache_Airflow/venv/lib/python3.10/site-packages/airflow/example_dags/example_sensors.py
[2025-02-20T12:58:16.502+0100] {logging_mixin.py:190} INFO - [2025-02-20T12:58:16.502+0100] {dag.py:3239} INFO - Sync 1 DAGs
[2025-02-20T12:58:16.506+0100] {logging_mixin.py:190} INFO - [2025-02-20T12:58:16.506+0100] {dag.py:4180} INFO - Setting next_dagrun for example_sensors to None, run_after=None
[2025-02-20T12:58:16.513+0100] {processor.py:208} INFO - Processing /Users/ajlakorman/Desktop/Data-Mining-Projects/Apache_Airflow/venv/lib/python3.10/site-packages/airflow/example_dags/example_sensors.py took 0.103 seconds
[2025-02-20T12:59:42.309+0100] {processor.py:186} INFO - Started process (PID=15080) to work on /Users/ajlakorman/Desktop/Data-Mining-Projects/Apache_Airflow/venv/lib/python3.10/site-packages/airflow/example_dags/example_sensors.py
[2025-02-20T12:59:42.311+0100] {processor.py:914} INFO - Processing file /Users/ajlakorman/Desktop/Data-Mining-Projects/Apache_Airflow/venv/lib/python3.10/site-packages/airflow/example_dags/example_sensors.py for tasks to queue
[2025-02-20T12:59:42.311+0100] {logging_mixin.py:190} INFO - [2025-02-20T12:59:42.311+0100] {dagbag.py:588} INFO - Filling up the DagBag from /Users/ajlakorman/Desktop/Data-Mining-Projects/Apache_Airflow/venv/lib/python3.10/site-packages/airflow/example_dags/example_sensors.py
[2025-02-20T12:59:42.320+0100] {processor.py:925} INFO - DAG(s) 'example_sensors' retrieved from /Users/ajlakorman/Desktop/Data-Mining-Projects/Apache_Airflow/venv/lib/python3.10/site-packages/airflow/example_dags/example_sensors.py
[2025-02-20T12:59:42.394+0100] {logging_mixin.py:190} INFO - [2025-02-20T12:59:42.394+0100] {dag.py:3239} INFO - Sync 1 DAGs
[2025-02-20T12:59:42.398+0100] {logging_mixin.py:190} INFO - [2025-02-20T12:59:42.398+0100] {dag.py:4180} INFO - Setting next_dagrun for example_sensors to None, run_after=None
[2025-02-20T12:59:42.405+0100] {processor.py:208} INFO - Processing /Users/ajlakorman/Desktop/Data-Mining-Projects/Apache_Airflow/venv/lib/python3.10/site-packages/airflow/example_dags/example_sensors.py took 0.097 seconds
[2025-02-20T13:02:22.614+0100] {processor.py:186} INFO - Started process (PID=15311) to work on /Users/ajlakorman/Desktop/Data-Mining-Projects/Apache_Airflow/venv/lib/python3.10/site-packages/airflow/example_dags/example_sensors.py
[2025-02-20T13:02:22.616+0100] {processor.py:914} INFO - Processing file /Users/ajlakorman/Desktop/Data-Mining-Projects/Apache_Airflow/venv/lib/python3.10/site-packages/airflow/example_dags/example_sensors.py for tasks to queue
[2025-02-20T13:02:22.616+0100] {logging_mixin.py:190} INFO - [2025-02-20T13:02:22.616+0100] {dagbag.py:588} INFO - Filling up the DagBag from /Users/ajlakorman/Desktop/Data-Mining-Projects/Apache_Airflow/venv/lib/python3.10/site-packages/airflow/example_dags/example_sensors.py
[2025-02-20T13:02:22.623+0100] {processor.py:925} INFO - DAG(s) 'example_sensors' retrieved from /Users/ajlakorman/Desktop/Data-Mining-Projects/Apache_Airflow/venv/lib/python3.10/site-packages/airflow/example_dags/example_sensors.py
[2025-02-20T13:02:22.692+0100] {logging_mixin.py:190} INFO - [2025-02-20T13:02:22.692+0100] {dag.py:3239} INFO - Sync 1 DAGs
[2025-02-20T13:02:22.695+0100] {logging_mixin.py:190} INFO - [2025-02-20T13:02:22.695+0100] {dag.py:4180} INFO - Setting next_dagrun for example_sensors to None, run_after=None
[2025-02-20T13:02:22.702+0100] {processor.py:208} INFO - Processing /Users/ajlakorman/Desktop/Data-Mining-Projects/Apache_Airflow/venv/lib/python3.10/site-packages/airflow/example_dags/example_sensors.py took 0.089 seconds
[2025-02-20T13:07:55.195+0100] {processor.py:186} INFO - Started process (PID=15618) to work on /Users/ajlakorman/Desktop/Data-Mining-Projects/Apache_Airflow/venv/lib/python3.10/site-packages/airflow/example_dags/example_sensors.py
[2025-02-20T13:07:55.196+0100] {processor.py:914} INFO - Processing file /Users/ajlakorman/Desktop/Data-Mining-Projects/Apache_Airflow/venv/lib/python3.10/site-packages/airflow/example_dags/example_sensors.py for tasks to queue
[2025-02-20T13:07:55.197+0100] {logging_mixin.py:190} INFO - [2025-02-20T13:07:55.197+0100] {dagbag.py:588} INFO - Filling up the DagBag from /Users/ajlakorman/Desktop/Data-Mining-Projects/Apache_Airflow/venv/lib/python3.10/site-packages/airflow/example_dags/example_sensors.py
[2025-02-20T13:07:55.204+0100] {processor.py:925} INFO - DAG(s) 'example_sensors' retrieved from /Users/ajlakorman/Desktop/Data-Mining-Projects/Apache_Airflow/venv/lib/python3.10/site-packages/airflow/example_dags/example_sensors.py
[2025-02-20T13:07:55.277+0100] {logging_mixin.py:190} INFO - [2025-02-20T13:07:55.276+0100] {dag.py:3239} INFO - Sync 1 DAGs
[2025-02-20T13:07:55.280+0100] {logging_mixin.py:190} INFO - [2025-02-20T13:07:55.280+0100] {dag.py:4180} INFO - Setting next_dagrun for example_sensors to None, run_after=None
[2025-02-20T13:07:55.288+0100] {processor.py:208} INFO - Processing /Users/ajlakorman/Desktop/Data-Mining-Projects/Apache_Airflow/venv/lib/python3.10/site-packages/airflow/example_dags/example_sensors.py took 0.095 seconds
[2025-02-20T13:10:41.920+0100] {processor.py:186} INFO - Started process (PID=15998) to work on /Users/ajlakorman/Desktop/Data-Mining-Projects/Apache_Airflow/venv/lib/python3.10/site-packages/airflow/example_dags/example_sensors.py
[2025-02-20T13:10:41.921+0100] {processor.py:914} INFO - Processing file /Users/ajlakorman/Desktop/Data-Mining-Projects/Apache_Airflow/venv/lib/python3.10/site-packages/airflow/example_dags/example_sensors.py for tasks to queue
[2025-02-20T13:10:41.922+0100] {logging_mixin.py:190} INFO - [2025-02-20T13:10:41.921+0100] {dagbag.py:588} INFO - Filling up the DagBag from /Users/ajlakorman/Desktop/Data-Mining-Projects/Apache_Airflow/venv/lib/python3.10/site-packages/airflow/example_dags/example_sensors.py
[2025-02-20T13:10:41.929+0100] {processor.py:925} INFO - DAG(s) 'example_sensors' retrieved from /Users/ajlakorman/Desktop/Data-Mining-Projects/Apache_Airflow/venv/lib/python3.10/site-packages/airflow/example_dags/example_sensors.py
[2025-02-20T13:10:42.021+0100] {logging_mixin.py:190} INFO - [2025-02-20T13:10:42.021+0100] {dag.py:3239} INFO - Sync 1 DAGs
[2025-02-20T13:10:42.030+0100] {logging_mixin.py:190} INFO - [2025-02-20T13:10:42.030+0100] {dag.py:4180} INFO - Setting next_dagrun for example_sensors to None, run_after=None
[2025-02-20T13:10:42.045+0100] {processor.py:208} INFO - Processing /Users/ajlakorman/Desktop/Data-Mining-Projects/Apache_Airflow/venv/lib/python3.10/site-packages/airflow/example_dags/example_sensors.py took 0.127 seconds
[2025-02-20T13:13:37.901+0100] {processor.py:186} INFO - Started process (PID=16261) to work on /Users/ajlakorman/Desktop/Data-Mining-Projects/Apache_Airflow/venv/lib/python3.10/site-packages/airflow/example_dags/example_sensors.py
[2025-02-20T13:13:37.902+0100] {processor.py:914} INFO - Processing file /Users/ajlakorman/Desktop/Data-Mining-Projects/Apache_Airflow/venv/lib/python3.10/site-packages/airflow/example_dags/example_sensors.py for tasks to queue
[2025-02-20T13:13:37.902+0100] {logging_mixin.py:190} INFO - [2025-02-20T13:13:37.902+0100] {dagbag.py:588} INFO - Filling up the DagBag from /Users/ajlakorman/Desktop/Data-Mining-Projects/Apache_Airflow/venv/lib/python3.10/site-packages/airflow/example_dags/example_sensors.py
[2025-02-20T13:13:37.911+0100] {processor.py:925} INFO - DAG(s) 'example_sensors' retrieved from /Users/ajlakorman/Desktop/Data-Mining-Projects/Apache_Airflow/venv/lib/python3.10/site-packages/airflow/example_dags/example_sensors.py
[2025-02-20T13:13:37.988+0100] {logging_mixin.py:190} INFO - [2025-02-20T13:13:37.988+0100] {dag.py:3239} INFO - Sync 1 DAGs
[2025-02-20T13:13:37.992+0100] {logging_mixin.py:190} INFO - [2025-02-20T13:13:37.992+0100] {dag.py:4180} INFO - Setting next_dagrun for example_sensors to None, run_after=None
[2025-02-20T13:13:38.000+0100] {processor.py:208} INFO - Processing /Users/ajlakorman/Desktop/Data-Mining-Projects/Apache_Airflow/venv/lib/python3.10/site-packages/airflow/example_dags/example_sensors.py took 0.100 seconds
[2025-02-20T13:15:10.057+0100] {processor.py:186} INFO - Started process (PID=16405) to work on /Users/ajlakorman/Desktop/Data-Mining-Projects/Apache_Airflow/venv/lib/python3.10/site-packages/airflow/example_dags/example_sensors.py
[2025-02-20T13:15:10.058+0100] {processor.py:914} INFO - Processing file /Users/ajlakorman/Desktop/Data-Mining-Projects/Apache_Airflow/venv/lib/python3.10/site-packages/airflow/example_dags/example_sensors.py for tasks to queue
[2025-02-20T13:15:10.059+0100] {logging_mixin.py:190} INFO - [2025-02-20T13:15:10.059+0100] {dagbag.py:588} INFO - Filling up the DagBag from /Users/ajlakorman/Desktop/Data-Mining-Projects/Apache_Airflow/venv/lib/python3.10/site-packages/airflow/example_dags/example_sensors.py
[2025-02-20T13:15:10.066+0100] {processor.py:925} INFO - DAG(s) 'example_sensors' retrieved from /Users/ajlakorman/Desktop/Data-Mining-Projects/Apache_Airflow/venv/lib/python3.10/site-packages/airflow/example_dags/example_sensors.py
[2025-02-20T13:15:10.136+0100] {logging_mixin.py:190} INFO - [2025-02-20T13:15:10.136+0100] {dag.py:3239} INFO - Sync 1 DAGs
[2025-02-20T13:15:10.140+0100] {logging_mixin.py:190} INFO - [2025-02-20T13:15:10.140+0100] {dag.py:4180} INFO - Setting next_dagrun for example_sensors to None, run_after=None
[2025-02-20T13:15:10.147+0100] {processor.py:208} INFO - Processing /Users/ajlakorman/Desktop/Data-Mining-Projects/Apache_Airflow/venv/lib/python3.10/site-packages/airflow/example_dags/example_sensors.py took 0.091 seconds
[2025-02-20T13:18:12.746+0100] {processor.py:186} INFO - Started process (PID=16782) to work on /Users/ajlakorman/Desktop/Data-Mining-Projects/Apache_Airflow/venv/lib/python3.10/site-packages/airflow/example_dags/example_sensors.py
[2025-02-20T13:18:12.747+0100] {processor.py:914} INFO - Processing file /Users/ajlakorman/Desktop/Data-Mining-Projects/Apache_Airflow/venv/lib/python3.10/site-packages/airflow/example_dags/example_sensors.py for tasks to queue
[2025-02-20T13:18:12.748+0100] {logging_mixin.py:190} INFO - [2025-02-20T13:18:12.748+0100] {dagbag.py:588} INFO - Filling up the DagBag from /Users/ajlakorman/Desktop/Data-Mining-Projects/Apache_Airflow/venv/lib/python3.10/site-packages/airflow/example_dags/example_sensors.py
[2025-02-20T13:18:12.756+0100] {processor.py:925} INFO - DAG(s) 'example_sensors' retrieved from /Users/ajlakorman/Desktop/Data-Mining-Projects/Apache_Airflow/venv/lib/python3.10/site-packages/airflow/example_dags/example_sensors.py
[2025-02-20T13:18:12.827+0100] {logging_mixin.py:190} INFO - [2025-02-20T13:18:12.827+0100] {dag.py:3239} INFO - Sync 1 DAGs
[2025-02-20T13:18:12.831+0100] {logging_mixin.py:190} INFO - [2025-02-20T13:18:12.831+0100] {dag.py:4180} INFO - Setting next_dagrun for example_sensors to None, run_after=None
[2025-02-20T13:18:12.839+0100] {processor.py:208} INFO - Processing /Users/ajlakorman/Desktop/Data-Mining-Projects/Apache_Airflow/venv/lib/python3.10/site-packages/airflow/example_dags/example_sensors.py took 0.097 seconds
[2025-02-20T13:19:44.593+0100] {processor.py:186} INFO - Started process (PID=16954) to work on /Users/ajlakorman/Desktop/Data-Mining-Projects/Apache_Airflow/venv/lib/python3.10/site-packages/airflow/example_dags/example_sensors.py
[2025-02-20T13:19:44.594+0100] {processor.py:914} INFO - Processing file /Users/ajlakorman/Desktop/Data-Mining-Projects/Apache_Airflow/venv/lib/python3.10/site-packages/airflow/example_dags/example_sensors.py for tasks to queue
[2025-02-20T13:19:44.594+0100] {logging_mixin.py:190} INFO - [2025-02-20T13:19:44.594+0100] {dagbag.py:588} INFO - Filling up the DagBag from /Users/ajlakorman/Desktop/Data-Mining-Projects/Apache_Airflow/venv/lib/python3.10/site-packages/airflow/example_dags/example_sensors.py
[2025-02-20T13:19:44.602+0100] {processor.py:925} INFO - DAG(s) 'example_sensors' retrieved from /Users/ajlakorman/Desktop/Data-Mining-Projects/Apache_Airflow/venv/lib/python3.10/site-packages/airflow/example_dags/example_sensors.py
[2025-02-20T13:19:44.676+0100] {logging_mixin.py:190} INFO - [2025-02-20T13:19:44.676+0100] {dag.py:3239} INFO - Sync 1 DAGs
[2025-02-20T13:19:44.680+0100] {logging_mixin.py:190} INFO - [2025-02-20T13:19:44.680+0100] {dag.py:4180} INFO - Setting next_dagrun for example_sensors to None, run_after=None
[2025-02-20T13:19:44.687+0100] {processor.py:208} INFO - Processing /Users/ajlakorman/Desktop/Data-Mining-Projects/Apache_Airflow/venv/lib/python3.10/site-packages/airflow/example_dags/example_sensors.py took 0.096 seconds
[2025-02-20T13:22:37.065+0100] {processor.py:186} INFO - Started process (PID=17278) to work on /Users/ajlakorman/Desktop/Data-Mining-Projects/Apache_Airflow/venv/lib/python3.10/site-packages/airflow/example_dags/example_sensors.py
[2025-02-20T13:22:37.066+0100] {processor.py:914} INFO - Processing file /Users/ajlakorman/Desktop/Data-Mining-Projects/Apache_Airflow/venv/lib/python3.10/site-packages/airflow/example_dags/example_sensors.py for tasks to queue
[2025-02-20T13:22:37.066+0100] {logging_mixin.py:190} INFO - [2025-02-20T13:22:37.066+0100] {dagbag.py:588} INFO - Filling up the DagBag from /Users/ajlakorman/Desktop/Data-Mining-Projects/Apache_Airflow/venv/lib/python3.10/site-packages/airflow/example_dags/example_sensors.py
[2025-02-20T13:22:37.073+0100] {processor.py:925} INFO - DAG(s) 'example_sensors' retrieved from /Users/ajlakorman/Desktop/Data-Mining-Projects/Apache_Airflow/venv/lib/python3.10/site-packages/airflow/example_dags/example_sensors.py
[2025-02-20T13:22:37.136+0100] {logging_mixin.py:190} INFO - [2025-02-20T13:22:37.136+0100] {workday.py:41} WARNING - Could not import pandas. Holidays will not be considered.
[2025-02-20T13:22:37.146+0100] {logging_mixin.py:190} INFO - [2025-02-20T13:22:37.146+0100] {dag.py:3239} INFO - Sync 1 DAGs
[2025-02-20T13:22:37.150+0100] {logging_mixin.py:190} INFO - [2025-02-20T13:22:37.150+0100] {dag.py:4180} INFO - Setting next_dagrun for example_sensors to None, run_after=None
[2025-02-20T13:22:37.158+0100] {processor.py:208} INFO - Processing /Users/ajlakorman/Desktop/Data-Mining-Projects/Apache_Airflow/venv/lib/python3.10/site-packages/airflow/example_dags/example_sensors.py took 0.095 seconds
[2025-02-20T13:25:13.761+0100] {processor.py:186} INFO - Started process (PID=17506) to work on /Users/ajlakorman/Desktop/Data-Mining-Projects/Apache_Airflow/venv/lib/python3.10/site-packages/airflow/example_dags/example_sensors.py
[2025-02-20T13:25:13.762+0100] {processor.py:914} INFO - Processing file /Users/ajlakorman/Desktop/Data-Mining-Projects/Apache_Airflow/venv/lib/python3.10/site-packages/airflow/example_dags/example_sensors.py for tasks to queue
[2025-02-20T13:25:13.762+0100] {logging_mixin.py:190} INFO - [2025-02-20T13:25:13.762+0100] {dagbag.py:588} INFO - Filling up the DagBag from /Users/ajlakorman/Desktop/Data-Mining-Projects/Apache_Airflow/venv/lib/python3.10/site-packages/airflow/example_dags/example_sensors.py
[2025-02-20T13:25:13.772+0100] {processor.py:925} INFO - DAG(s) 'example_sensors' retrieved from /Users/ajlakorman/Desktop/Data-Mining-Projects/Apache_Airflow/venv/lib/python3.10/site-packages/airflow/example_dags/example_sensors.py
[2025-02-20T13:25:13.834+0100] {logging_mixin.py:190} INFO - [2025-02-20T13:25:13.834+0100] {workday.py:41} WARNING - Could not import pandas. Holidays will not be considered.
[2025-02-20T13:25:13.845+0100] {logging_mixin.py:190} INFO - [2025-02-20T13:25:13.845+0100] {dag.py:3239} INFO - Sync 1 DAGs
[2025-02-20T13:25:13.849+0100] {logging_mixin.py:190} INFO - [2025-02-20T13:25:13.848+0100] {dag.py:4180} INFO - Setting next_dagrun for example_sensors to None, run_after=None
[2025-02-20T13:25:13.856+0100] {processor.py:208} INFO - Processing /Users/ajlakorman/Desktop/Data-Mining-Projects/Apache_Airflow/venv/lib/python3.10/site-packages/airflow/example_dags/example_sensors.py took 0.096 seconds
