[2025-02-20T10:53:17.451+0100] {processor.py:186} INFO - Started process (PID=6370) to work on /Users/ajlakorman/Desktop/Data-Mining-Projects/Apache_Airflow/venv/lib/python3.10/site-packages/airflow/example_dags/example_complex.py
[2025-02-20T10:53:17.452+0100] {processor.py:914} INFO - Processing file /Users/ajlakorman/Desktop/Data-Mining-Projects/Apache_Airflow/venv/lib/python3.10/site-packages/airflow/example_dags/example_complex.py for tasks to queue
[2025-02-20T10:53:17.452+0100] {logging_mixin.py:190} INFO - [2025-02-20T10:53:17.452+0100] {dagbag.py:588} INFO - Filling up the DagBag from /Users/ajlakorman/Desktop/Data-Mining-Projects/Apache_Airflow/venv/lib/python3.10/site-packages/airflow/example_dags/example_complex.py
[2025-02-20T10:53:17.458+0100] {processor.py:925} INFO - DAG(s) 'example_complex' retrieved from /Users/ajlakorman/Desktop/Data-Mining-Projects/Apache_Airflow/venv/lib/python3.10/site-packages/airflow/example_dags/example_complex.py
[2025-02-20T10:53:17.570+0100] {logging_mixin.py:190} INFO - [2025-02-20T10:53:17.570+0100] {override.py:1912} INFO - Created Permission View: can read on DAG:example_complex
[2025-02-20T10:53:17.573+0100] {logging_mixin.py:190} INFO - [2025-02-20T10:53:17.573+0100] {override.py:1912} INFO - Created Permission View: can delete on DAG:example_complex
[2025-02-20T10:53:17.575+0100] {logging_mixin.py:190} INFO - [2025-02-20T10:53:17.575+0100] {override.py:1912} INFO - Created Permission View: can edit on DAG:example_complex
[2025-02-20T10:53:17.579+0100] {logging_mixin.py:190} INFO - [2025-02-20T10:53:17.578+0100] {override.py:1912} INFO - Created Permission View: can read on DAG Run:example_complex
[2025-02-20T10:53:17.581+0100] {logging_mixin.py:190} INFO - [2025-02-20T10:53:17.581+0100] {override.py:1912} INFO - Created Permission View: menu access on DAG Run:example_complex
[2025-02-20T10:53:17.583+0100] {logging_mixin.py:190} INFO - [2025-02-20T10:53:17.583+0100] {override.py:1912} INFO - Created Permission View: can delete on DAG Run:example_complex
[2025-02-20T10:53:17.585+0100] {logging_mixin.py:190} INFO - [2025-02-20T10:53:17.585+0100] {override.py:1912} INFO - Created Permission View: can create on DAG Run:example_complex
[2025-02-20T10:53:17.585+0100] {logging_mixin.py:190} INFO - [2025-02-20T10:53:17.585+0100] {dag.py:3239} INFO - Sync 1 DAGs
[2025-02-20T10:53:17.589+0100] {logging_mixin.py:190} INFO - [2025-02-20T10:53:17.589+0100] {dag.py:3262} INFO - Creating ORM DAG for example_complex
[2025-02-20T10:53:17.590+0100] {logging_mixin.py:190} INFO - [2025-02-20T10:53:17.589+0100] {dag.py:4180} INFO - Setting next_dagrun for example_complex to None, run_after=None
[2025-02-20T10:53:17.596+0100] {processor.py:208} INFO - Processing /Users/ajlakorman/Desktop/Data-Mining-Projects/Apache_Airflow/venv/lib/python3.10/site-packages/airflow/example_dags/example_complex.py took 0.147 seconds
[2025-02-20T10:55:47.830+0100] {processor.py:186} INFO - Started process (PID=6711) to work on /Users/ajlakorman/Desktop/Data-Mining-Projects/Apache_Airflow/venv/lib/python3.10/site-packages/airflow/example_dags/example_complex.py
[2025-02-20T10:55:47.830+0100] {processor.py:914} INFO - Processing file /Users/ajlakorman/Desktop/Data-Mining-Projects/Apache_Airflow/venv/lib/python3.10/site-packages/airflow/example_dags/example_complex.py for tasks to queue
[2025-02-20T10:55:47.831+0100] {logging_mixin.py:190} INFO - [2025-02-20T10:55:47.831+0100] {dagbag.py:588} INFO - Filling up the DagBag from /Users/ajlakorman/Desktop/Data-Mining-Projects/Apache_Airflow/venv/lib/python3.10/site-packages/airflow/example_dags/example_complex.py
[2025-02-20T10:55:47.837+0100] {processor.py:925} INFO - DAG(s) 'example_complex' retrieved from /Users/ajlakorman/Desktop/Data-Mining-Projects/Apache_Airflow/venv/lib/python3.10/site-packages/airflow/example_dags/example_complex.py
[2025-02-20T10:55:47.910+0100] {logging_mixin.py:190} INFO - [2025-02-20T10:55:47.910+0100] {dag.py:3239} INFO - Sync 1 DAGs
[2025-02-20T10:55:47.914+0100] {logging_mixin.py:190} INFO - [2025-02-20T10:55:47.914+0100] {dag.py:4180} INFO - Setting next_dagrun for example_complex to None, run_after=None
[2025-02-20T10:55:47.921+0100] {processor.py:208} INFO - Processing /Users/ajlakorman/Desktop/Data-Mining-Projects/Apache_Airflow/venv/lib/python3.10/site-packages/airflow/example_dags/example_complex.py took 0.093 seconds
[2025-02-20T10:58:36.679+0100] {processor.py:186} INFO - Started process (PID=7001) to work on /Users/ajlakorman/Desktop/Data-Mining-Projects/Apache_Airflow/venv/lib/python3.10/site-packages/airflow/example_dags/example_complex.py
[2025-02-20T10:58:36.679+0100] {processor.py:914} INFO - Processing file /Users/ajlakorman/Desktop/Data-Mining-Projects/Apache_Airflow/venv/lib/python3.10/site-packages/airflow/example_dags/example_complex.py for tasks to queue
[2025-02-20T10:58:36.680+0100] {logging_mixin.py:190} INFO - [2025-02-20T10:58:36.680+0100] {dagbag.py:588} INFO - Filling up the DagBag from /Users/ajlakorman/Desktop/Data-Mining-Projects/Apache_Airflow/venv/lib/python3.10/site-packages/airflow/example_dags/example_complex.py
[2025-02-20T10:58:36.687+0100] {processor.py:925} INFO - DAG(s) 'example_complex' retrieved from /Users/ajlakorman/Desktop/Data-Mining-Projects/Apache_Airflow/venv/lib/python3.10/site-packages/airflow/example_dags/example_complex.py
[2025-02-20T10:58:36.758+0100] {logging_mixin.py:190} INFO - [2025-02-20T10:58:36.758+0100] {dag.py:3239} INFO - Sync 1 DAGs
[2025-02-20T10:58:36.762+0100] {logging_mixin.py:190} INFO - [2025-02-20T10:58:36.762+0100] {dag.py:4180} INFO - Setting next_dagrun for example_complex to None, run_after=None
[2025-02-20T10:58:36.769+0100] {processor.py:208} INFO - Processing /Users/ajlakorman/Desktop/Data-Mining-Projects/Apache_Airflow/venv/lib/python3.10/site-packages/airflow/example_dags/example_complex.py took 0.092 seconds
[2025-02-20T11:01:12.434+0100] {processor.py:186} INFO - Started process (PID=7341) to work on /Users/ajlakorman/Desktop/Data-Mining-Projects/Apache_Airflow/venv/lib/python3.10/site-packages/airflow/example_dags/example_complex.py
[2025-02-20T11:01:12.435+0100] {processor.py:914} INFO - Processing file /Users/ajlakorman/Desktop/Data-Mining-Projects/Apache_Airflow/venv/lib/python3.10/site-packages/airflow/example_dags/example_complex.py for tasks to queue
[2025-02-20T11:01:12.435+0100] {logging_mixin.py:190} INFO - [2025-02-20T11:01:12.435+0100] {dagbag.py:588} INFO - Filling up the DagBag from /Users/ajlakorman/Desktop/Data-Mining-Projects/Apache_Airflow/venv/lib/python3.10/site-packages/airflow/example_dags/example_complex.py
[2025-02-20T11:01:12.441+0100] {processor.py:925} INFO - DAG(s) 'example_complex' retrieved from /Users/ajlakorman/Desktop/Data-Mining-Projects/Apache_Airflow/venv/lib/python3.10/site-packages/airflow/example_dags/example_complex.py
[2025-02-20T11:01:12.514+0100] {logging_mixin.py:190} INFO - [2025-02-20T11:01:12.514+0100] {dag.py:3239} INFO - Sync 1 DAGs
[2025-02-20T11:01:12.518+0100] {logging_mixin.py:190} INFO - [2025-02-20T11:01:12.518+0100] {dag.py:4180} INFO - Setting next_dagrun for example_complex to None, run_after=None
[2025-02-20T11:01:12.525+0100] {processor.py:208} INFO - Processing /Users/ajlakorman/Desktop/Data-Mining-Projects/Apache_Airflow/venv/lib/python3.10/site-packages/airflow/example_dags/example_complex.py took 0.093 seconds
[2025-02-20T11:03:36.581+0100] {processor.py:186} INFO - Started process (PID=7590) to work on /Users/ajlakorman/Desktop/Data-Mining-Projects/Apache_Airflow/venv/lib/python3.10/site-packages/airflow/example_dags/example_complex.py
[2025-02-20T11:03:36.582+0100] {processor.py:914} INFO - Processing file /Users/ajlakorman/Desktop/Data-Mining-Projects/Apache_Airflow/venv/lib/python3.10/site-packages/airflow/example_dags/example_complex.py for tasks to queue
[2025-02-20T11:03:36.582+0100] {logging_mixin.py:190} INFO - [2025-02-20T11:03:36.582+0100] {dagbag.py:588} INFO - Filling up the DagBag from /Users/ajlakorman/Desktop/Data-Mining-Projects/Apache_Airflow/venv/lib/python3.10/site-packages/airflow/example_dags/example_complex.py
[2025-02-20T11:03:36.588+0100] {processor.py:925} INFO - DAG(s) 'example_complex' retrieved from /Users/ajlakorman/Desktop/Data-Mining-Projects/Apache_Airflow/venv/lib/python3.10/site-packages/airflow/example_dags/example_complex.py
[2025-02-20T11:03:36.659+0100] {logging_mixin.py:190} INFO - [2025-02-20T11:03:36.659+0100] {dag.py:3239} INFO - Sync 1 DAGs
[2025-02-20T11:03:36.663+0100] {logging_mixin.py:190} INFO - [2025-02-20T11:03:36.663+0100] {dag.py:4180} INFO - Setting next_dagrun for example_complex to None, run_after=None
[2025-02-20T11:03:36.671+0100] {processor.py:208} INFO - Processing /Users/ajlakorman/Desktop/Data-Mining-Projects/Apache_Airflow/venv/lib/python3.10/site-packages/airflow/example_dags/example_complex.py took 0.092 seconds
[2025-02-20T11:05:53.616+0100] {processor.py:186} INFO - Started process (PID=7891) to work on /Users/ajlakorman/Desktop/Data-Mining-Projects/Apache_Airflow/venv/lib/python3.10/site-packages/airflow/example_dags/example_complex.py
[2025-02-20T11:05:53.617+0100] {processor.py:914} INFO - Processing file /Users/ajlakorman/Desktop/Data-Mining-Projects/Apache_Airflow/venv/lib/python3.10/site-packages/airflow/example_dags/example_complex.py for tasks to queue
[2025-02-20T11:05:53.617+0100] {logging_mixin.py:190} INFO - [2025-02-20T11:05:53.617+0100] {dagbag.py:588} INFO - Filling up the DagBag from /Users/ajlakorman/Desktop/Data-Mining-Projects/Apache_Airflow/venv/lib/python3.10/site-packages/airflow/example_dags/example_complex.py
[2025-02-20T11:05:53.623+0100] {processor.py:925} INFO - DAG(s) 'example_complex' retrieved from /Users/ajlakorman/Desktop/Data-Mining-Projects/Apache_Airflow/venv/lib/python3.10/site-packages/airflow/example_dags/example_complex.py
[2025-02-20T11:05:53.693+0100] {logging_mixin.py:190} INFO - [2025-02-20T11:05:53.692+0100] {dag.py:3239} INFO - Sync 1 DAGs
[2025-02-20T11:05:53.697+0100] {logging_mixin.py:190} INFO - [2025-02-20T11:05:53.697+0100] {dag.py:4180} INFO - Setting next_dagrun for example_complex to None, run_after=None
[2025-02-20T11:05:53.704+0100] {processor.py:208} INFO - Processing /Users/ajlakorman/Desktop/Data-Mining-Projects/Apache_Airflow/venv/lib/python3.10/site-packages/airflow/example_dags/example_complex.py took 0.089 seconds
[2025-02-20T11:08:13.389+0100] {processor.py:186} INFO - Started process (PID=8197) to work on /Users/ajlakorman/Desktop/Data-Mining-Projects/Apache_Airflow/venv/lib/python3.10/site-packages/airflow/example_dags/example_complex.py
[2025-02-20T11:08:13.389+0100] {processor.py:914} INFO - Processing file /Users/ajlakorman/Desktop/Data-Mining-Projects/Apache_Airflow/venv/lib/python3.10/site-packages/airflow/example_dags/example_complex.py for tasks to queue
[2025-02-20T11:08:13.390+0100] {logging_mixin.py:190} INFO - [2025-02-20T11:08:13.390+0100] {dagbag.py:588} INFO - Filling up the DagBag from /Users/ajlakorman/Desktop/Data-Mining-Projects/Apache_Airflow/venv/lib/python3.10/site-packages/airflow/example_dags/example_complex.py
[2025-02-20T11:08:13.396+0100] {processor.py:925} INFO - DAG(s) 'example_complex' retrieved from /Users/ajlakorman/Desktop/Data-Mining-Projects/Apache_Airflow/venv/lib/python3.10/site-packages/airflow/example_dags/example_complex.py
[2025-02-20T11:08:13.466+0100] {logging_mixin.py:190} INFO - [2025-02-20T11:08:13.466+0100] {dag.py:3239} INFO - Sync 1 DAGs
[2025-02-20T11:08:13.470+0100] {logging_mixin.py:190} INFO - [2025-02-20T11:08:13.470+0100] {dag.py:4180} INFO - Setting next_dagrun for example_complex to None, run_after=None
[2025-02-20T11:08:13.477+0100] {processor.py:208} INFO - Processing /Users/ajlakorman/Desktop/Data-Mining-Projects/Apache_Airflow/venv/lib/python3.10/site-packages/airflow/example_dags/example_complex.py took 0.090 seconds
[2025-02-20T11:10:33.463+0100] {processor.py:186} INFO - Started process (PID=8444) to work on /Users/ajlakorman/Desktop/Data-Mining-Projects/Apache_Airflow/venv/lib/python3.10/site-packages/airflow/example_dags/example_complex.py
[2025-02-20T11:10:33.463+0100] {processor.py:914} INFO - Processing file /Users/ajlakorman/Desktop/Data-Mining-Projects/Apache_Airflow/venv/lib/python3.10/site-packages/airflow/example_dags/example_complex.py for tasks to queue
[2025-02-20T11:10:33.464+0100] {logging_mixin.py:190} INFO - [2025-02-20T11:10:33.464+0100] {dagbag.py:588} INFO - Filling up the DagBag from /Users/ajlakorman/Desktop/Data-Mining-Projects/Apache_Airflow/venv/lib/python3.10/site-packages/airflow/example_dags/example_complex.py
[2025-02-20T11:10:33.470+0100] {processor.py:925} INFO - DAG(s) 'example_complex' retrieved from /Users/ajlakorman/Desktop/Data-Mining-Projects/Apache_Airflow/venv/lib/python3.10/site-packages/airflow/example_dags/example_complex.py
[2025-02-20T11:10:33.543+0100] {logging_mixin.py:190} INFO - [2025-02-20T11:10:33.543+0100] {dag.py:3239} INFO - Sync 1 DAGs
[2025-02-20T11:10:33.547+0100] {logging_mixin.py:190} INFO - [2025-02-20T11:10:33.547+0100] {dag.py:4180} INFO - Setting next_dagrun for example_complex to None, run_after=None
[2025-02-20T11:10:33.554+0100] {processor.py:208} INFO - Processing /Users/ajlakorman/Desktop/Data-Mining-Projects/Apache_Airflow/venv/lib/python3.10/site-packages/airflow/example_dags/example_complex.py took 0.093 seconds
[2025-02-20T11:12:49.583+0100] {processor.py:186} INFO - Started process (PID=8665) to work on /Users/ajlakorman/Desktop/Data-Mining-Projects/Apache_Airflow/venv/lib/python3.10/site-packages/airflow/example_dags/example_complex.py
[2025-02-20T11:12:49.584+0100] {processor.py:914} INFO - Processing file /Users/ajlakorman/Desktop/Data-Mining-Projects/Apache_Airflow/venv/lib/python3.10/site-packages/airflow/example_dags/example_complex.py for tasks to queue
[2025-02-20T11:12:49.584+0100] {logging_mixin.py:190} INFO - [2025-02-20T11:12:49.584+0100] {dagbag.py:588} INFO - Filling up the DagBag from /Users/ajlakorman/Desktop/Data-Mining-Projects/Apache_Airflow/venv/lib/python3.10/site-packages/airflow/example_dags/example_complex.py
[2025-02-20T11:12:49.590+0100] {processor.py:925} INFO - DAG(s) 'example_complex' retrieved from /Users/ajlakorman/Desktop/Data-Mining-Projects/Apache_Airflow/venv/lib/python3.10/site-packages/airflow/example_dags/example_complex.py
[2025-02-20T11:12:49.660+0100] {logging_mixin.py:190} INFO - [2025-02-20T11:12:49.660+0100] {dag.py:3239} INFO - Sync 1 DAGs
[2025-02-20T11:12:49.664+0100] {logging_mixin.py:190} INFO - [2025-02-20T11:12:49.664+0100] {dag.py:4180} INFO - Setting next_dagrun for example_complex to None, run_after=None
[2025-02-20T11:12:49.671+0100] {processor.py:208} INFO - Processing /Users/ajlakorman/Desktop/Data-Mining-Projects/Apache_Airflow/venv/lib/python3.10/site-packages/airflow/example_dags/example_complex.py took 0.089 seconds
[2025-02-20T11:15:15.755+0100] {processor.py:186} INFO - Started process (PID=8921) to work on /Users/ajlakorman/Desktop/Data-Mining-Projects/Apache_Airflow/venv/lib/python3.10/site-packages/airflow/example_dags/example_complex.py
[2025-02-20T11:15:15.755+0100] {processor.py:914} INFO - Processing file /Users/ajlakorman/Desktop/Data-Mining-Projects/Apache_Airflow/venv/lib/python3.10/site-packages/airflow/example_dags/example_complex.py for tasks to queue
[2025-02-20T11:15:15.756+0100] {logging_mixin.py:190} INFO - [2025-02-20T11:15:15.756+0100] {dagbag.py:588} INFO - Filling up the DagBag from /Users/ajlakorman/Desktop/Data-Mining-Projects/Apache_Airflow/venv/lib/python3.10/site-packages/airflow/example_dags/example_complex.py
[2025-02-20T11:15:15.763+0100] {processor.py:925} INFO - DAG(s) 'example_complex' retrieved from /Users/ajlakorman/Desktop/Data-Mining-Projects/Apache_Airflow/venv/lib/python3.10/site-packages/airflow/example_dags/example_complex.py
[2025-02-20T11:15:15.832+0100] {logging_mixin.py:190} INFO - [2025-02-20T11:15:15.831+0100] {dag.py:3239} INFO - Sync 1 DAGs
[2025-02-20T11:15:15.835+0100] {logging_mixin.py:190} INFO - [2025-02-20T11:15:15.835+0100] {dag.py:4180} INFO - Setting next_dagrun for example_complex to None, run_after=None
[2025-02-20T11:15:15.842+0100] {processor.py:208} INFO - Processing /Users/ajlakorman/Desktop/Data-Mining-Projects/Apache_Airflow/venv/lib/python3.10/site-packages/airflow/example_dags/example_complex.py took 0.089 seconds
[2025-02-20T11:17:37.840+0100] {processor.py:186} INFO - Started process (PID=9250) to work on /Users/ajlakorman/Desktop/Data-Mining-Projects/Apache_Airflow/venv/lib/python3.10/site-packages/airflow/example_dags/example_complex.py
[2025-02-20T11:17:37.841+0100] {processor.py:914} INFO - Processing file /Users/ajlakorman/Desktop/Data-Mining-Projects/Apache_Airflow/venv/lib/python3.10/site-packages/airflow/example_dags/example_complex.py for tasks to queue
[2025-02-20T11:17:37.841+0100] {logging_mixin.py:190} INFO - [2025-02-20T11:17:37.841+0100] {dagbag.py:588} INFO - Filling up the DagBag from /Users/ajlakorman/Desktop/Data-Mining-Projects/Apache_Airflow/venv/lib/python3.10/site-packages/airflow/example_dags/example_complex.py
[2025-02-20T11:17:37.847+0100] {processor.py:925} INFO - DAG(s) 'example_complex' retrieved from /Users/ajlakorman/Desktop/Data-Mining-Projects/Apache_Airflow/venv/lib/python3.10/site-packages/airflow/example_dags/example_complex.py
[2025-02-20T11:17:37.920+0100] {logging_mixin.py:190} INFO - [2025-02-20T11:17:37.920+0100] {dag.py:3239} INFO - Sync 1 DAGs
[2025-02-20T11:17:37.924+0100] {logging_mixin.py:190} INFO - [2025-02-20T11:17:37.924+0100] {dag.py:4180} INFO - Setting next_dagrun for example_complex to None, run_after=None
[2025-02-20T11:17:37.931+0100] {processor.py:208} INFO - Processing /Users/ajlakorman/Desktop/Data-Mining-Projects/Apache_Airflow/venv/lib/python3.10/site-packages/airflow/example_dags/example_complex.py took 0.092 seconds
[2025-02-20T11:20:08.483+0100] {processor.py:186} INFO - Started process (PID=9649) to work on /Users/ajlakorman/Desktop/Data-Mining-Projects/Apache_Airflow/venv/lib/python3.10/site-packages/airflow/example_dags/example_complex.py
[2025-02-20T11:20:08.484+0100] {processor.py:914} INFO - Processing file /Users/ajlakorman/Desktop/Data-Mining-Projects/Apache_Airflow/venv/lib/python3.10/site-packages/airflow/example_dags/example_complex.py for tasks to queue
[2025-02-20T11:20:08.484+0100] {logging_mixin.py:190} INFO - [2025-02-20T11:20:08.484+0100] {dagbag.py:588} INFO - Filling up the DagBag from /Users/ajlakorman/Desktop/Data-Mining-Projects/Apache_Airflow/venv/lib/python3.10/site-packages/airflow/example_dags/example_complex.py
[2025-02-20T11:20:08.490+0100] {processor.py:925} INFO - DAG(s) 'example_complex' retrieved from /Users/ajlakorman/Desktop/Data-Mining-Projects/Apache_Airflow/venv/lib/python3.10/site-packages/airflow/example_dags/example_complex.py
[2025-02-20T11:20:08.559+0100] {logging_mixin.py:190} INFO - [2025-02-20T11:20:08.559+0100] {dag.py:3239} INFO - Sync 1 DAGs
[2025-02-20T11:20:08.563+0100] {logging_mixin.py:190} INFO - [2025-02-20T11:20:08.563+0100] {dag.py:4180} INFO - Setting next_dagrun for example_complex to None, run_after=None
[2025-02-20T11:20:08.570+0100] {processor.py:208} INFO - Processing /Users/ajlakorman/Desktop/Data-Mining-Projects/Apache_Airflow/venv/lib/python3.10/site-packages/airflow/example_dags/example_complex.py took 0.089 seconds
[2025-02-20T11:22:34.864+0100] {processor.py:186} INFO - Started process (PID=9879) to work on /Users/ajlakorman/Desktop/Data-Mining-Projects/Apache_Airflow/venv/lib/python3.10/site-packages/airflow/example_dags/example_complex.py
[2025-02-20T11:22:34.865+0100] {processor.py:914} INFO - Processing file /Users/ajlakorman/Desktop/Data-Mining-Projects/Apache_Airflow/venv/lib/python3.10/site-packages/airflow/example_dags/example_complex.py for tasks to queue
[2025-02-20T11:22:34.865+0100] {logging_mixin.py:190} INFO - [2025-02-20T11:22:34.865+0100] {dagbag.py:588} INFO - Filling up the DagBag from /Users/ajlakorman/Desktop/Data-Mining-Projects/Apache_Airflow/venv/lib/python3.10/site-packages/airflow/example_dags/example_complex.py
[2025-02-20T11:22:34.871+0100] {processor.py:925} INFO - DAG(s) 'example_complex' retrieved from /Users/ajlakorman/Desktop/Data-Mining-Projects/Apache_Airflow/venv/lib/python3.10/site-packages/airflow/example_dags/example_complex.py
[2025-02-20T11:22:34.945+0100] {logging_mixin.py:190} INFO - [2025-02-20T11:22:34.945+0100] {dag.py:3239} INFO - Sync 1 DAGs
[2025-02-20T11:22:34.949+0100] {logging_mixin.py:190} INFO - [2025-02-20T11:22:34.949+0100] {dag.py:4180} INFO - Setting next_dagrun for example_complex to None, run_after=None
[2025-02-20T11:22:34.956+0100] {processor.py:208} INFO - Processing /Users/ajlakorman/Desktop/Data-Mining-Projects/Apache_Airflow/venv/lib/python3.10/site-packages/airflow/example_dags/example_complex.py took 0.096 seconds
[2025-02-20T11:25:05.112+0100] {processor.py:186} INFO - Started process (PID=10141) to work on /Users/ajlakorman/Desktop/Data-Mining-Projects/Apache_Airflow/venv/lib/python3.10/site-packages/airflow/example_dags/example_complex.py
[2025-02-20T11:25:05.113+0100] {processor.py:914} INFO - Processing file /Users/ajlakorman/Desktop/Data-Mining-Projects/Apache_Airflow/venv/lib/python3.10/site-packages/airflow/example_dags/example_complex.py for tasks to queue
[2025-02-20T11:25:05.114+0100] {logging_mixin.py:190} INFO - [2025-02-20T11:25:05.114+0100] {dagbag.py:588} INFO - Filling up the DagBag from /Users/ajlakorman/Desktop/Data-Mining-Projects/Apache_Airflow/venv/lib/python3.10/site-packages/airflow/example_dags/example_complex.py
[2025-02-20T11:25:05.120+0100] {processor.py:925} INFO - DAG(s) 'example_complex' retrieved from /Users/ajlakorman/Desktop/Data-Mining-Projects/Apache_Airflow/venv/lib/python3.10/site-packages/airflow/example_dags/example_complex.py
[2025-02-20T11:25:05.204+0100] {logging_mixin.py:190} INFO - [2025-02-20T11:25:05.204+0100] {dag.py:3239} INFO - Sync 1 DAGs
[2025-02-20T11:25:05.208+0100] {logging_mixin.py:190} INFO - [2025-02-20T11:25:05.208+0100] {dag.py:4180} INFO - Setting next_dagrun for example_complex to None, run_after=None
[2025-02-20T11:25:05.215+0100] {processor.py:208} INFO - Processing /Users/ajlakorman/Desktop/Data-Mining-Projects/Apache_Airflow/venv/lib/python3.10/site-packages/airflow/example_dags/example_complex.py took 0.105 seconds
[2025-02-20T11:27:35.534+0100] {processor.py:186} INFO - Started process (PID=10478) to work on /Users/ajlakorman/Desktop/Data-Mining-Projects/Apache_Airflow/venv/lib/python3.10/site-packages/airflow/example_dags/example_complex.py
[2025-02-20T11:27:35.535+0100] {processor.py:914} INFO - Processing file /Users/ajlakorman/Desktop/Data-Mining-Projects/Apache_Airflow/venv/lib/python3.10/site-packages/airflow/example_dags/example_complex.py for tasks to queue
[2025-02-20T11:27:35.535+0100] {logging_mixin.py:190} INFO - [2025-02-20T11:27:35.535+0100] {dagbag.py:588} INFO - Filling up the DagBag from /Users/ajlakorman/Desktop/Data-Mining-Projects/Apache_Airflow/venv/lib/python3.10/site-packages/airflow/example_dags/example_complex.py
[2025-02-20T11:27:35.541+0100] {processor.py:925} INFO - DAG(s) 'example_complex' retrieved from /Users/ajlakorman/Desktop/Data-Mining-Projects/Apache_Airflow/venv/lib/python3.10/site-packages/airflow/example_dags/example_complex.py
[2025-02-20T11:27:35.615+0100] {logging_mixin.py:190} INFO - [2025-02-20T11:27:35.615+0100] {dag.py:3239} INFO - Sync 1 DAGs
[2025-02-20T11:27:35.619+0100] {logging_mixin.py:190} INFO - [2025-02-20T11:27:35.619+0100] {dag.py:4180} INFO - Setting next_dagrun for example_complex to None, run_after=None
[2025-02-20T11:27:35.625+0100] {processor.py:208} INFO - Processing /Users/ajlakorman/Desktop/Data-Mining-Projects/Apache_Airflow/venv/lib/python3.10/site-packages/airflow/example_dags/example_complex.py took 0.093 seconds
[2025-02-20T11:30:01.981+0100] {processor.py:186} INFO - Started process (PID=10813) to work on /Users/ajlakorman/Desktop/Data-Mining-Projects/Apache_Airflow/venv/lib/python3.10/site-packages/airflow/example_dags/example_complex.py
[2025-02-20T11:30:01.982+0100] {processor.py:914} INFO - Processing file /Users/ajlakorman/Desktop/Data-Mining-Projects/Apache_Airflow/venv/lib/python3.10/site-packages/airflow/example_dags/example_complex.py for tasks to queue
[2025-02-20T11:30:01.983+0100] {logging_mixin.py:190} INFO - [2025-02-20T11:30:01.983+0100] {dagbag.py:588} INFO - Filling up the DagBag from /Users/ajlakorman/Desktop/Data-Mining-Projects/Apache_Airflow/venv/lib/python3.10/site-packages/airflow/example_dags/example_complex.py
[2025-02-20T11:30:01.989+0100] {processor.py:925} INFO - DAG(s) 'example_complex' retrieved from /Users/ajlakorman/Desktop/Data-Mining-Projects/Apache_Airflow/venv/lib/python3.10/site-packages/airflow/example_dags/example_complex.py
[2025-02-20T11:30:02.058+0100] {logging_mixin.py:190} INFO - [2025-02-20T11:30:02.058+0100] {dag.py:3239} INFO - Sync 1 DAGs
[2025-02-20T11:30:02.062+0100] {logging_mixin.py:190} INFO - [2025-02-20T11:30:02.062+0100] {dag.py:4180} INFO - Setting next_dagrun for example_complex to None, run_after=None
[2025-02-20T11:30:02.069+0100] {processor.py:208} INFO - Processing /Users/ajlakorman/Desktop/Data-Mining-Projects/Apache_Airflow/venv/lib/python3.10/site-packages/airflow/example_dags/example_complex.py took 0.090 seconds
[2025-02-20T11:32:28.822+0100] {processor.py:186} INFO - Started process (PID=11058) to work on /Users/ajlakorman/Desktop/Data-Mining-Projects/Apache_Airflow/venv/lib/python3.10/site-packages/airflow/example_dags/example_complex.py
[2025-02-20T11:32:28.823+0100] {processor.py:914} INFO - Processing file /Users/ajlakorman/Desktop/Data-Mining-Projects/Apache_Airflow/venv/lib/python3.10/site-packages/airflow/example_dags/example_complex.py for tasks to queue
[2025-02-20T11:32:28.824+0100] {logging_mixin.py:190} INFO - [2025-02-20T11:32:28.824+0100] {dagbag.py:588} INFO - Filling up the DagBag from /Users/ajlakorman/Desktop/Data-Mining-Projects/Apache_Airflow/venv/lib/python3.10/site-packages/airflow/example_dags/example_complex.py
[2025-02-20T11:32:28.830+0100] {processor.py:925} INFO - DAG(s) 'example_complex' retrieved from /Users/ajlakorman/Desktop/Data-Mining-Projects/Apache_Airflow/venv/lib/python3.10/site-packages/airflow/example_dags/example_complex.py
[2025-02-20T11:32:28.897+0100] {logging_mixin.py:190} INFO - [2025-02-20T11:32:28.897+0100] {dag.py:3239} INFO - Sync 1 DAGs
[2025-02-20T11:32:28.901+0100] {logging_mixin.py:190} INFO - [2025-02-20T11:32:28.901+0100] {dag.py:4180} INFO - Setting next_dagrun for example_complex to None, run_after=None
[2025-02-20T11:32:28.908+0100] {processor.py:208} INFO - Processing /Users/ajlakorman/Desktop/Data-Mining-Projects/Apache_Airflow/venv/lib/python3.10/site-packages/airflow/example_dags/example_complex.py took 0.087 seconds
[2025-02-20T11:34:58.341+0100] {processor.py:186} INFO - Started process (PID=11300) to work on /Users/ajlakorman/Desktop/Data-Mining-Projects/Apache_Airflow/venv/lib/python3.10/site-packages/airflow/example_dags/example_complex.py
[2025-02-20T11:34:58.342+0100] {processor.py:914} INFO - Processing file /Users/ajlakorman/Desktop/Data-Mining-Projects/Apache_Airflow/venv/lib/python3.10/site-packages/airflow/example_dags/example_complex.py for tasks to queue
[2025-02-20T11:34:58.342+0100] {logging_mixin.py:190} INFO - [2025-02-20T11:34:58.342+0100] {dagbag.py:588} INFO - Filling up the DagBag from /Users/ajlakorman/Desktop/Data-Mining-Projects/Apache_Airflow/venv/lib/python3.10/site-packages/airflow/example_dags/example_complex.py
[2025-02-20T11:34:58.348+0100] {processor.py:925} INFO - DAG(s) 'example_complex' retrieved from /Users/ajlakorman/Desktop/Data-Mining-Projects/Apache_Airflow/venv/lib/python3.10/site-packages/airflow/example_dags/example_complex.py
[2025-02-20T11:34:58.422+0100] {logging_mixin.py:190} INFO - [2025-02-20T11:34:58.422+0100] {dag.py:3239} INFO - Sync 1 DAGs
[2025-02-20T11:34:58.426+0100] {logging_mixin.py:190} INFO - [2025-02-20T11:34:58.426+0100] {dag.py:4180} INFO - Setting next_dagrun for example_complex to None, run_after=None
[2025-02-20T11:34:58.432+0100] {processor.py:208} INFO - Processing /Users/ajlakorman/Desktop/Data-Mining-Projects/Apache_Airflow/venv/lib/python3.10/site-packages/airflow/example_dags/example_complex.py took 0.093 seconds
[2025-02-20T11:37:30.207+0100] {processor.py:186} INFO - Started process (PID=11582) to work on /Users/ajlakorman/Desktop/Data-Mining-Projects/Apache_Airflow/venv/lib/python3.10/site-packages/airflow/example_dags/example_complex.py
[2025-02-20T11:37:30.208+0100] {processor.py:914} INFO - Processing file /Users/ajlakorman/Desktop/Data-Mining-Projects/Apache_Airflow/venv/lib/python3.10/site-packages/airflow/example_dags/example_complex.py for tasks to queue
[2025-02-20T11:37:30.208+0100] {logging_mixin.py:190} INFO - [2025-02-20T11:37:30.208+0100] {dagbag.py:588} INFO - Filling up the DagBag from /Users/ajlakorman/Desktop/Data-Mining-Projects/Apache_Airflow/venv/lib/python3.10/site-packages/airflow/example_dags/example_complex.py
[2025-02-20T11:37:30.214+0100] {processor.py:925} INFO - DAG(s) 'example_complex' retrieved from /Users/ajlakorman/Desktop/Data-Mining-Projects/Apache_Airflow/venv/lib/python3.10/site-packages/airflow/example_dags/example_complex.py
[2025-02-20T11:37:30.283+0100] {logging_mixin.py:190} INFO - [2025-02-20T11:37:30.283+0100] {dag.py:3239} INFO - Sync 1 DAGs
[2025-02-20T11:37:30.287+0100] {logging_mixin.py:190} INFO - [2025-02-20T11:37:30.287+0100] {dag.py:4180} INFO - Setting next_dagrun for example_complex to None, run_after=None
[2025-02-20T11:37:30.294+0100] {processor.py:208} INFO - Processing /Users/ajlakorman/Desktop/Data-Mining-Projects/Apache_Airflow/venv/lib/python3.10/site-packages/airflow/example_dags/example_complex.py took 0.089 seconds
[2025-02-20T11:39:55.122+0100] {processor.py:186} INFO - Started process (PID=11791) to work on /Users/ajlakorman/Desktop/Data-Mining-Projects/Apache_Airflow/venv/lib/python3.10/site-packages/airflow/example_dags/example_complex.py
[2025-02-20T11:39:55.122+0100] {processor.py:914} INFO - Processing file /Users/ajlakorman/Desktop/Data-Mining-Projects/Apache_Airflow/venv/lib/python3.10/site-packages/airflow/example_dags/example_complex.py for tasks to queue
[2025-02-20T11:39:55.123+0100] {logging_mixin.py:190} INFO - [2025-02-20T11:39:55.123+0100] {dagbag.py:588} INFO - Filling up the DagBag from /Users/ajlakorman/Desktop/Data-Mining-Projects/Apache_Airflow/venv/lib/python3.10/site-packages/airflow/example_dags/example_complex.py
[2025-02-20T11:39:55.129+0100] {processor.py:925} INFO - DAG(s) 'example_complex' retrieved from /Users/ajlakorman/Desktop/Data-Mining-Projects/Apache_Airflow/venv/lib/python3.10/site-packages/airflow/example_dags/example_complex.py
[2025-02-20T11:39:55.198+0100] {logging_mixin.py:190} INFO - [2025-02-20T11:39:55.197+0100] {dag.py:3239} INFO - Sync 1 DAGs
[2025-02-20T11:39:55.201+0100] {logging_mixin.py:190} INFO - [2025-02-20T11:39:55.201+0100] {dag.py:4180} INFO - Setting next_dagrun for example_complex to None, run_after=None
[2025-02-20T11:39:55.209+0100] {processor.py:208} INFO - Processing /Users/ajlakorman/Desktop/Data-Mining-Projects/Apache_Airflow/venv/lib/python3.10/site-packages/airflow/example_dags/example_complex.py took 0.089 seconds
[2025-02-20T12:19:49.488+0100] {processor.py:186} INFO - Started process (PID=12072) to work on /Users/ajlakorman/Desktop/Data-Mining-Projects/Apache_Airflow/venv/lib/python3.10/site-packages/airflow/example_dags/example_complex.py
[2025-02-20T12:19:49.489+0100] {processor.py:914} INFO - Processing file /Users/ajlakorman/Desktop/Data-Mining-Projects/Apache_Airflow/venv/lib/python3.10/site-packages/airflow/example_dags/example_complex.py for tasks to queue
[2025-02-20T12:19:49.489+0100] {logging_mixin.py:190} INFO - [2025-02-20T12:19:49.489+0100] {dagbag.py:588} INFO - Filling up the DagBag from /Users/ajlakorman/Desktop/Data-Mining-Projects/Apache_Airflow/venv/lib/python3.10/site-packages/airflow/example_dags/example_complex.py
[2025-02-20T12:19:49.495+0100] {processor.py:925} INFO - DAG(s) 'example_complex' retrieved from /Users/ajlakorman/Desktop/Data-Mining-Projects/Apache_Airflow/venv/lib/python3.10/site-packages/airflow/example_dags/example_complex.py
[2025-02-20T12:19:49.564+0100] {logging_mixin.py:190} INFO - [2025-02-20T12:19:49.564+0100] {dag.py:3239} INFO - Sync 1 DAGs
[2025-02-20T12:19:49.568+0100] {logging_mixin.py:190} INFO - [2025-02-20T12:19:49.568+0100] {dag.py:4180} INFO - Setting next_dagrun for example_complex to None, run_after=None
[2025-02-20T12:19:49.576+0100] {processor.py:208} INFO - Processing /Users/ajlakorman/Desktop/Data-Mining-Projects/Apache_Airflow/venv/lib/python3.10/site-packages/airflow/example_dags/example_complex.py took 0.089 seconds
[2025-02-20T12:22:26.671+0100] {processor.py:186} INFO - Started process (PID=12297) to work on /Users/ajlakorman/Desktop/Data-Mining-Projects/Apache_Airflow/venv/lib/python3.10/site-packages/airflow/example_dags/example_complex.py
[2025-02-20T12:22:26.672+0100] {processor.py:914} INFO - Processing file /Users/ajlakorman/Desktop/Data-Mining-Projects/Apache_Airflow/venv/lib/python3.10/site-packages/airflow/example_dags/example_complex.py for tasks to queue
[2025-02-20T12:22:26.672+0100] {logging_mixin.py:190} INFO - [2025-02-20T12:22:26.672+0100] {dagbag.py:588} INFO - Filling up the DagBag from /Users/ajlakorman/Desktop/Data-Mining-Projects/Apache_Airflow/venv/lib/python3.10/site-packages/airflow/example_dags/example_complex.py
[2025-02-20T12:22:26.678+0100] {processor.py:925} INFO - DAG(s) 'example_complex' retrieved from /Users/ajlakorman/Desktop/Data-Mining-Projects/Apache_Airflow/venv/lib/python3.10/site-packages/airflow/example_dags/example_complex.py
[2025-02-20T12:22:26.750+0100] {logging_mixin.py:190} INFO - [2025-02-20T12:22:26.750+0100] {dag.py:3239} INFO - Sync 1 DAGs
[2025-02-20T12:22:26.754+0100] {logging_mixin.py:190} INFO - [2025-02-20T12:22:26.754+0100] {dag.py:4180} INFO - Setting next_dagrun for example_complex to None, run_after=None
[2025-02-20T12:22:26.761+0100] {processor.py:208} INFO - Processing /Users/ajlakorman/Desktop/Data-Mining-Projects/Apache_Airflow/venv/lib/python3.10/site-packages/airflow/example_dags/example_complex.py took 0.091 seconds
[2025-02-20T12:25:00.743+0100] {processor.py:186} INFO - Started process (PID=12586) to work on /Users/ajlakorman/Desktop/Data-Mining-Projects/Apache_Airflow/venv/lib/python3.10/site-packages/airflow/example_dags/example_complex.py
[2025-02-20T12:25:00.744+0100] {processor.py:914} INFO - Processing file /Users/ajlakorman/Desktop/Data-Mining-Projects/Apache_Airflow/venv/lib/python3.10/site-packages/airflow/example_dags/example_complex.py for tasks to queue
[2025-02-20T12:25:00.745+0100] {logging_mixin.py:190} INFO - [2025-02-20T12:25:00.745+0100] {dagbag.py:588} INFO - Filling up the DagBag from /Users/ajlakorman/Desktop/Data-Mining-Projects/Apache_Airflow/venv/lib/python3.10/site-packages/airflow/example_dags/example_complex.py
[2025-02-20T12:25:00.751+0100] {processor.py:925} INFO - DAG(s) 'example_complex' retrieved from /Users/ajlakorman/Desktop/Data-Mining-Projects/Apache_Airflow/venv/lib/python3.10/site-packages/airflow/example_dags/example_complex.py
[2025-02-20T12:25:00.824+0100] {logging_mixin.py:190} INFO - [2025-02-20T12:25:00.824+0100] {dag.py:3239} INFO - Sync 1 DAGs
[2025-02-20T12:25:00.829+0100] {logging_mixin.py:190} INFO - [2025-02-20T12:25:00.828+0100] {dag.py:4180} INFO - Setting next_dagrun for example_complex to None, run_after=None
[2025-02-20T12:25:00.836+0100] {processor.py:208} INFO - Processing /Users/ajlakorman/Desktop/Data-Mining-Projects/Apache_Airflow/venv/lib/python3.10/site-packages/airflow/example_dags/example_complex.py took 0.095 seconds
[2025-02-20T12:27:25.605+0100] {processor.py:186} INFO - Started process (PID=12917) to work on /Users/ajlakorman/Desktop/Data-Mining-Projects/Apache_Airflow/venv/lib/python3.10/site-packages/airflow/example_dags/example_complex.py
[2025-02-20T12:27:25.606+0100] {processor.py:914} INFO - Processing file /Users/ajlakorman/Desktop/Data-Mining-Projects/Apache_Airflow/venv/lib/python3.10/site-packages/airflow/example_dags/example_complex.py for tasks to queue
[2025-02-20T12:27:25.607+0100] {logging_mixin.py:190} INFO - [2025-02-20T12:27:25.607+0100] {dagbag.py:588} INFO - Filling up the DagBag from /Users/ajlakorman/Desktop/Data-Mining-Projects/Apache_Airflow/venv/lib/python3.10/site-packages/airflow/example_dags/example_complex.py
[2025-02-20T12:27:25.613+0100] {processor.py:925} INFO - DAG(s) 'example_complex' retrieved from /Users/ajlakorman/Desktop/Data-Mining-Projects/Apache_Airflow/venv/lib/python3.10/site-packages/airflow/example_dags/example_complex.py
[2025-02-20T12:27:25.684+0100] {logging_mixin.py:190} INFO - [2025-02-20T12:27:25.683+0100] {dag.py:3239} INFO - Sync 1 DAGs
[2025-02-20T12:27:25.687+0100] {logging_mixin.py:190} INFO - [2025-02-20T12:27:25.687+0100] {dag.py:4180} INFO - Setting next_dagrun for example_complex to None, run_after=None
[2025-02-20T12:27:25.694+0100] {processor.py:208} INFO - Processing /Users/ajlakorman/Desktop/Data-Mining-Projects/Apache_Airflow/venv/lib/python3.10/site-packages/airflow/example_dags/example_complex.py took 0.091 seconds
[2025-02-20T12:29:55.331+0100] {processor.py:186} INFO - Started process (PID=13186) to work on /Users/ajlakorman/Desktop/Data-Mining-Projects/Apache_Airflow/venv/lib/python3.10/site-packages/airflow/example_dags/example_complex.py
[2025-02-20T12:29:55.332+0100] {processor.py:914} INFO - Processing file /Users/ajlakorman/Desktop/Data-Mining-Projects/Apache_Airflow/venv/lib/python3.10/site-packages/airflow/example_dags/example_complex.py for tasks to queue
[2025-02-20T12:29:55.333+0100] {logging_mixin.py:190} INFO - [2025-02-20T12:29:55.333+0100] {dagbag.py:588} INFO - Filling up the DagBag from /Users/ajlakorman/Desktop/Data-Mining-Projects/Apache_Airflow/venv/lib/python3.10/site-packages/airflow/example_dags/example_complex.py
[2025-02-20T12:29:55.339+0100] {processor.py:925} INFO - DAG(s) 'example_complex' retrieved from /Users/ajlakorman/Desktop/Data-Mining-Projects/Apache_Airflow/venv/lib/python3.10/site-packages/airflow/example_dags/example_complex.py
[2025-02-20T12:29:55.410+0100] {logging_mixin.py:190} INFO - [2025-02-20T12:29:55.410+0100] {dag.py:3239} INFO - Sync 1 DAGs
[2025-02-20T12:29:55.414+0100] {logging_mixin.py:190} INFO - [2025-02-20T12:29:55.414+0100] {dag.py:4180} INFO - Setting next_dagrun for example_complex to None, run_after=None
[2025-02-20T12:29:55.421+0100] {processor.py:208} INFO - Processing /Users/ajlakorman/Desktop/Data-Mining-Projects/Apache_Airflow/venv/lib/python3.10/site-packages/airflow/example_dags/example_complex.py took 0.092 seconds
[2025-02-20T12:32:28.487+0100] {processor.py:186} INFO - Started process (PID=13546) to work on /Users/ajlakorman/Desktop/Data-Mining-Projects/Apache_Airflow/venv/lib/python3.10/site-packages/airflow/example_dags/example_complex.py
[2025-02-20T12:32:28.488+0100] {processor.py:914} INFO - Processing file /Users/ajlakorman/Desktop/Data-Mining-Projects/Apache_Airflow/venv/lib/python3.10/site-packages/airflow/example_dags/example_complex.py for tasks to queue
[2025-02-20T12:32:28.488+0100] {logging_mixin.py:190} INFO - [2025-02-20T12:32:28.488+0100] {dagbag.py:588} INFO - Filling up the DagBag from /Users/ajlakorman/Desktop/Data-Mining-Projects/Apache_Airflow/venv/lib/python3.10/site-packages/airflow/example_dags/example_complex.py
[2025-02-20T12:32:28.494+0100] {processor.py:925} INFO - DAG(s) 'example_complex' retrieved from /Users/ajlakorman/Desktop/Data-Mining-Projects/Apache_Airflow/venv/lib/python3.10/site-packages/airflow/example_dags/example_complex.py
[2025-02-20T12:32:28.564+0100] {logging_mixin.py:190} INFO - [2025-02-20T12:32:28.564+0100] {dag.py:3239} INFO - Sync 1 DAGs
[2025-02-20T12:32:28.568+0100] {logging_mixin.py:190} INFO - [2025-02-20T12:32:28.568+0100] {dag.py:4180} INFO - Setting next_dagrun for example_complex to None, run_after=None
[2025-02-20T12:32:28.575+0100] {processor.py:208} INFO - Processing /Users/ajlakorman/Desktop/Data-Mining-Projects/Apache_Airflow/venv/lib/python3.10/site-packages/airflow/example_dags/example_complex.py took 0.089 seconds
[2025-02-20T12:34:57.840+0100] {processor.py:186} INFO - Started process (PID=13834) to work on /Users/ajlakorman/Desktop/Data-Mining-Projects/Apache_Airflow/venv/lib/python3.10/site-packages/airflow/example_dags/example_complex.py
[2025-02-20T12:34:57.841+0100] {processor.py:914} INFO - Processing file /Users/ajlakorman/Desktop/Data-Mining-Projects/Apache_Airflow/venv/lib/python3.10/site-packages/airflow/example_dags/example_complex.py for tasks to queue
[2025-02-20T12:34:57.842+0100] {logging_mixin.py:190} INFO - [2025-02-20T12:34:57.841+0100] {dagbag.py:588} INFO - Filling up the DagBag from /Users/ajlakorman/Desktop/Data-Mining-Projects/Apache_Airflow/venv/lib/python3.10/site-packages/airflow/example_dags/example_complex.py
[2025-02-20T12:34:57.848+0100] {processor.py:925} INFO - DAG(s) 'example_complex' retrieved from /Users/ajlakorman/Desktop/Data-Mining-Projects/Apache_Airflow/venv/lib/python3.10/site-packages/airflow/example_dags/example_complex.py
[2025-02-20T12:34:57.916+0100] {logging_mixin.py:190} INFO - [2025-02-20T12:34:57.916+0100] {dag.py:3239} INFO - Sync 1 DAGs
[2025-02-20T12:34:57.920+0100] {logging_mixin.py:190} INFO - [2025-02-20T12:34:57.920+0100] {dag.py:4180} INFO - Setting next_dagrun for example_complex to None, run_after=None
[2025-02-20T12:34:57.930+0100] {processor.py:208} INFO - Processing /Users/ajlakorman/Desktop/Data-Mining-Projects/Apache_Airflow/venv/lib/python3.10/site-packages/airflow/example_dags/example_complex.py took 0.091 seconds
[2025-02-20T12:37:34.903+0100] {processor.py:186} INFO - Started process (PID=14263) to work on /Users/ajlakorman/Desktop/Data-Mining-Projects/Apache_Airflow/venv/lib/python3.10/site-packages/airflow/example_dags/example_complex.py
[2025-02-20T12:37:34.904+0100] {processor.py:914} INFO - Processing file /Users/ajlakorman/Desktop/Data-Mining-Projects/Apache_Airflow/venv/lib/python3.10/site-packages/airflow/example_dags/example_complex.py for tasks to queue
[2025-02-20T12:37:34.905+0100] {logging_mixin.py:190} INFO - [2025-02-20T12:37:34.905+0100] {dagbag.py:588} INFO - Filling up the DagBag from /Users/ajlakorman/Desktop/Data-Mining-Projects/Apache_Airflow/venv/lib/python3.10/site-packages/airflow/example_dags/example_complex.py
[2025-02-20T12:37:34.911+0100] {processor.py:925} INFO - DAG(s) 'example_complex' retrieved from /Users/ajlakorman/Desktop/Data-Mining-Projects/Apache_Airflow/venv/lib/python3.10/site-packages/airflow/example_dags/example_complex.py
[2025-02-20T12:37:35.003+0100] {logging_mixin.py:190} INFO - [2025-02-20T12:37:35.003+0100] {dag.py:3239} INFO - Sync 1 DAGs
[2025-02-20T12:37:35.009+0100] {logging_mixin.py:190} INFO - [2025-02-20T12:37:35.009+0100] {dag.py:4180} INFO - Setting next_dagrun for example_complex to None, run_after=None
[2025-02-20T12:37:35.020+0100] {processor.py:208} INFO - Processing /Users/ajlakorman/Desktop/Data-Mining-Projects/Apache_Airflow/venv/lib/python3.10/site-packages/airflow/example_dags/example_complex.py took 0.119 seconds
[2025-02-20T12:55:16.162+0100] {processor.py:186} INFO - Started process (PID=14614) to work on /Users/ajlakorman/Desktop/Data-Mining-Projects/Apache_Airflow/venv/lib/python3.10/site-packages/airflow/example_dags/example_complex.py
[2025-02-20T12:55:16.163+0100] {processor.py:914} INFO - Processing file /Users/ajlakorman/Desktop/Data-Mining-Projects/Apache_Airflow/venv/lib/python3.10/site-packages/airflow/example_dags/example_complex.py for tasks to queue
[2025-02-20T12:55:16.164+0100] {logging_mixin.py:190} INFO - [2025-02-20T12:55:16.164+0100] {dagbag.py:588} INFO - Filling up the DagBag from /Users/ajlakorman/Desktop/Data-Mining-Projects/Apache_Airflow/venv/lib/python3.10/site-packages/airflow/example_dags/example_complex.py
[2025-02-20T12:55:16.171+0100] {processor.py:925} INFO - DAG(s) 'example_complex' retrieved from /Users/ajlakorman/Desktop/Data-Mining-Projects/Apache_Airflow/venv/lib/python3.10/site-packages/airflow/example_dags/example_complex.py
[2025-02-20T12:55:16.262+0100] {logging_mixin.py:190} INFO - [2025-02-20T12:55:16.261+0100] {dag.py:3239} INFO - Sync 1 DAGs
[2025-02-20T12:55:16.266+0100] {logging_mixin.py:190} INFO - [2025-02-20T12:55:16.266+0100] {dag.py:4180} INFO - Setting next_dagrun for example_complex to None, run_after=None
[2025-02-20T12:55:16.273+0100] {processor.py:208} INFO - Processing /Users/ajlakorman/Desktop/Data-Mining-Projects/Apache_Airflow/venv/lib/python3.10/site-packages/airflow/example_dags/example_complex.py took 0.113 seconds
[2025-02-20T12:58:30.756+0100] {processor.py:186} INFO - Started process (PID=14991) to work on /Users/ajlakorman/Desktop/Data-Mining-Projects/Apache_Airflow/venv/lib/python3.10/site-packages/airflow/example_dags/example_complex.py
[2025-02-20T12:58:30.756+0100] {processor.py:914} INFO - Processing file /Users/ajlakorman/Desktop/Data-Mining-Projects/Apache_Airflow/venv/lib/python3.10/site-packages/airflow/example_dags/example_complex.py for tasks to queue
[2025-02-20T12:58:30.757+0100] {logging_mixin.py:190} INFO - [2025-02-20T12:58:30.757+0100] {dagbag.py:588} INFO - Filling up the DagBag from /Users/ajlakorman/Desktop/Data-Mining-Projects/Apache_Airflow/venv/lib/python3.10/site-packages/airflow/example_dags/example_complex.py
[2025-02-20T12:58:30.763+0100] {processor.py:925} INFO - DAG(s) 'example_complex' retrieved from /Users/ajlakorman/Desktop/Data-Mining-Projects/Apache_Airflow/venv/lib/python3.10/site-packages/airflow/example_dags/example_complex.py
[2025-02-20T12:58:30.835+0100] {logging_mixin.py:190} INFO - [2025-02-20T12:58:30.835+0100] {dag.py:3239} INFO - Sync 1 DAGs
[2025-02-20T12:58:30.839+0100] {logging_mixin.py:190} INFO - [2025-02-20T12:58:30.839+0100] {dag.py:4180} INFO - Setting next_dagrun for example_complex to None, run_after=None
[2025-02-20T12:58:30.847+0100] {processor.py:208} INFO - Processing /Users/ajlakorman/Desktop/Data-Mining-Projects/Apache_Airflow/venv/lib/python3.10/site-packages/airflow/example_dags/example_complex.py took 0.093 seconds
[2025-02-20T13:01:17.686+0100] {processor.py:186} INFO - Started process (PID=15227) to work on /Users/ajlakorman/Desktop/Data-Mining-Projects/Apache_Airflow/venv/lib/python3.10/site-packages/airflow/example_dags/example_complex.py
[2025-02-20T13:01:17.687+0100] {processor.py:914} INFO - Processing file /Users/ajlakorman/Desktop/Data-Mining-Projects/Apache_Airflow/venv/lib/python3.10/site-packages/airflow/example_dags/example_complex.py for tasks to queue
[2025-02-20T13:01:17.687+0100] {logging_mixin.py:190} INFO - [2025-02-20T13:01:17.687+0100] {dagbag.py:588} INFO - Filling up the DagBag from /Users/ajlakorman/Desktop/Data-Mining-Projects/Apache_Airflow/venv/lib/python3.10/site-packages/airflow/example_dags/example_complex.py
[2025-02-20T13:01:17.694+0100] {processor.py:925} INFO - DAG(s) 'example_complex' retrieved from /Users/ajlakorman/Desktop/Data-Mining-Projects/Apache_Airflow/venv/lib/python3.10/site-packages/airflow/example_dags/example_complex.py
[2025-02-20T13:01:17.763+0100] {logging_mixin.py:190} INFO - [2025-02-20T13:01:17.763+0100] {dag.py:3239} INFO - Sync 1 DAGs
[2025-02-20T13:01:17.767+0100] {logging_mixin.py:190} INFO - [2025-02-20T13:01:17.767+0100] {dag.py:4180} INFO - Setting next_dagrun for example_complex to None, run_after=None
[2025-02-20T13:01:17.773+0100] {processor.py:208} INFO - Processing /Users/ajlakorman/Desktop/Data-Mining-Projects/Apache_Airflow/venv/lib/python3.10/site-packages/airflow/example_dags/example_complex.py took 0.089 seconds
[2025-02-20T13:06:38.164+0100] {processor.py:186} INFO - Started process (PID=15452) to work on /Users/ajlakorman/Desktop/Data-Mining-Projects/Apache_Airflow/venv/lib/python3.10/site-packages/airflow/example_dags/example_complex.py
[2025-02-20T13:06:38.166+0100] {processor.py:914} INFO - Processing file /Users/ajlakorman/Desktop/Data-Mining-Projects/Apache_Airflow/venv/lib/python3.10/site-packages/airflow/example_dags/example_complex.py for tasks to queue
[2025-02-20T13:06:38.166+0100] {logging_mixin.py:190} INFO - [2025-02-20T13:06:38.166+0100] {dagbag.py:588} INFO - Filling up the DagBag from /Users/ajlakorman/Desktop/Data-Mining-Projects/Apache_Airflow/venv/lib/python3.10/site-packages/airflow/example_dags/example_complex.py
[2025-02-20T13:06:38.175+0100] {processor.py:925} INFO - DAG(s) 'example_complex' retrieved from /Users/ajlakorman/Desktop/Data-Mining-Projects/Apache_Airflow/venv/lib/python3.10/site-packages/airflow/example_dags/example_complex.py
[2025-02-20T13:06:38.247+0100] {logging_mixin.py:190} INFO - [2025-02-20T13:06:38.247+0100] {dag.py:3239} INFO - Sync 1 DAGs
[2025-02-20T13:06:38.251+0100] {logging_mixin.py:190} INFO - [2025-02-20T13:06:38.251+0100] {dag.py:4180} INFO - Setting next_dagrun for example_complex to None, run_after=None
[2025-02-20T13:06:38.259+0100] {processor.py:208} INFO - Processing /Users/ajlakorman/Desktop/Data-Mining-Projects/Apache_Airflow/venv/lib/python3.10/site-packages/airflow/example_dags/example_complex.py took 0.098 seconds
[2025-02-20T13:09:29.345+0100] {processor.py:186} INFO - Started process (PID=15859) to work on /Users/ajlakorman/Desktop/Data-Mining-Projects/Apache_Airflow/venv/lib/python3.10/site-packages/airflow/example_dags/example_complex.py
[2025-02-20T13:09:29.347+0100] {processor.py:914} INFO - Processing file /Users/ajlakorman/Desktop/Data-Mining-Projects/Apache_Airflow/venv/lib/python3.10/site-packages/airflow/example_dags/example_complex.py for tasks to queue
[2025-02-20T13:09:29.347+0100] {logging_mixin.py:190} INFO - [2025-02-20T13:09:29.347+0100] {dagbag.py:588} INFO - Filling up the DagBag from /Users/ajlakorman/Desktop/Data-Mining-Projects/Apache_Airflow/venv/lib/python3.10/site-packages/airflow/example_dags/example_complex.py
[2025-02-20T13:09:29.353+0100] {processor.py:925} INFO - DAG(s) 'example_complex' retrieved from /Users/ajlakorman/Desktop/Data-Mining-Projects/Apache_Airflow/venv/lib/python3.10/site-packages/airflow/example_dags/example_complex.py
[2025-02-20T13:09:29.428+0100] {logging_mixin.py:190} INFO - [2025-02-20T13:09:29.427+0100] {dag.py:3239} INFO - Sync 1 DAGs
[2025-02-20T13:09:29.432+0100] {logging_mixin.py:190} INFO - [2025-02-20T13:09:29.432+0100] {dag.py:4180} INFO - Setting next_dagrun for example_complex to None, run_after=None
[2025-02-20T13:09:29.443+0100] {processor.py:208} INFO - Processing /Users/ajlakorman/Desktop/Data-Mining-Projects/Apache_Airflow/venv/lib/python3.10/site-packages/airflow/example_dags/example_complex.py took 0.100 seconds
[2025-02-20T13:12:18.380+0100] {processor.py:186} INFO - Started process (PID=16130) to work on /Users/ajlakorman/Desktop/Data-Mining-Projects/Apache_Airflow/venv/lib/python3.10/site-packages/airflow/example_dags/example_complex.py
[2025-02-20T13:12:18.381+0100] {processor.py:914} INFO - Processing file /Users/ajlakorman/Desktop/Data-Mining-Projects/Apache_Airflow/venv/lib/python3.10/site-packages/airflow/example_dags/example_complex.py for tasks to queue
[2025-02-20T13:12:18.382+0100] {logging_mixin.py:190} INFO - [2025-02-20T13:12:18.381+0100] {dagbag.py:588} INFO - Filling up the DagBag from /Users/ajlakorman/Desktop/Data-Mining-Projects/Apache_Airflow/venv/lib/python3.10/site-packages/airflow/example_dags/example_complex.py
[2025-02-20T13:12:18.388+0100] {processor.py:925} INFO - DAG(s) 'example_complex' retrieved from /Users/ajlakorman/Desktop/Data-Mining-Projects/Apache_Airflow/venv/lib/python3.10/site-packages/airflow/example_dags/example_complex.py
[2025-02-20T13:12:18.459+0100] {logging_mixin.py:190} INFO - [2025-02-20T13:12:18.459+0100] {dag.py:3239} INFO - Sync 1 DAGs
[2025-02-20T13:12:18.464+0100] {logging_mixin.py:190} INFO - [2025-02-20T13:12:18.463+0100] {dag.py:4180} INFO - Setting next_dagrun for example_complex to None, run_after=None
[2025-02-20T13:12:18.472+0100] {processor.py:208} INFO - Processing /Users/ajlakorman/Desktop/Data-Mining-Projects/Apache_Airflow/venv/lib/python3.10/site-packages/airflow/example_dags/example_complex.py took 0.093 seconds
[2025-02-20T13:15:23.128+0100] {processor.py:186} INFO - Started process (PID=16425) to work on /Users/ajlakorman/Desktop/Data-Mining-Projects/Apache_Airflow/venv/lib/python3.10/site-packages/airflow/example_dags/example_complex.py
[2025-02-20T13:15:23.129+0100] {processor.py:914} INFO - Processing file /Users/ajlakorman/Desktop/Data-Mining-Projects/Apache_Airflow/venv/lib/python3.10/site-packages/airflow/example_dags/example_complex.py for tasks to queue
[2025-02-20T13:15:23.130+0100] {logging_mixin.py:190} INFO - [2025-02-20T13:15:23.130+0100] {dagbag.py:588} INFO - Filling up the DagBag from /Users/ajlakorman/Desktop/Data-Mining-Projects/Apache_Airflow/venv/lib/python3.10/site-packages/airflow/example_dags/example_complex.py
[2025-02-20T13:15:23.136+0100] {processor.py:925} INFO - DAG(s) 'example_complex' retrieved from /Users/ajlakorman/Desktop/Data-Mining-Projects/Apache_Airflow/venv/lib/python3.10/site-packages/airflow/example_dags/example_complex.py
[2025-02-20T13:15:23.211+0100] {logging_mixin.py:190} INFO - [2025-02-20T13:15:23.211+0100] {dag.py:3239} INFO - Sync 1 DAGs
[2025-02-20T13:15:23.215+0100] {logging_mixin.py:190} INFO - [2025-02-20T13:15:23.215+0100] {dag.py:4180} INFO - Setting next_dagrun for example_complex to None, run_after=None
[2025-02-20T13:15:23.222+0100] {processor.py:208} INFO - Processing /Users/ajlakorman/Desktop/Data-Mining-Projects/Apache_Airflow/venv/lib/python3.10/site-packages/airflow/example_dags/example_complex.py took 0.096 seconds
[2025-02-20T13:18:29.621+0100] {processor.py:186} INFO - Started process (PID=16834) to work on /Users/ajlakorman/Desktop/Data-Mining-Projects/Apache_Airflow/venv/lib/python3.10/site-packages/airflow/example_dags/example_complex.py
[2025-02-20T13:18:29.622+0100] {processor.py:914} INFO - Processing file /Users/ajlakorman/Desktop/Data-Mining-Projects/Apache_Airflow/venv/lib/python3.10/site-packages/airflow/example_dags/example_complex.py for tasks to queue
[2025-02-20T13:18:29.622+0100] {logging_mixin.py:190} INFO - [2025-02-20T13:18:29.622+0100] {dagbag.py:588} INFO - Filling up the DagBag from /Users/ajlakorman/Desktop/Data-Mining-Projects/Apache_Airflow/venv/lib/python3.10/site-packages/airflow/example_dags/example_complex.py
[2025-02-20T13:18:29.630+0100] {processor.py:925} INFO - DAG(s) 'example_complex' retrieved from /Users/ajlakorman/Desktop/Data-Mining-Projects/Apache_Airflow/venv/lib/python3.10/site-packages/airflow/example_dags/example_complex.py
[2025-02-20T13:18:29.701+0100] {logging_mixin.py:190} INFO - [2025-02-20T13:18:29.701+0100] {dag.py:3239} INFO - Sync 1 DAGs
[2025-02-20T13:18:29.705+0100] {logging_mixin.py:190} INFO - [2025-02-20T13:18:29.705+0100] {dag.py:4180} INFO - Setting next_dagrun for example_complex to None, run_after=None
[2025-02-20T13:18:29.712+0100] {processor.py:208} INFO - Processing /Users/ajlakorman/Desktop/Data-Mining-Projects/Apache_Airflow/venv/lib/python3.10/site-packages/airflow/example_dags/example_complex.py took 0.093 seconds
[2025-02-20T13:21:29.932+0100] {processor.py:186} INFO - Started process (PID=17119) to work on /Users/ajlakorman/Desktop/Data-Mining-Projects/Apache_Airflow/venv/lib/python3.10/site-packages/airflow/example_dags/example_complex.py
[2025-02-20T13:21:29.932+0100] {processor.py:914} INFO - Processing file /Users/ajlakorman/Desktop/Data-Mining-Projects/Apache_Airflow/venv/lib/python3.10/site-packages/airflow/example_dags/example_complex.py for tasks to queue
[2025-02-20T13:21:29.933+0100] {logging_mixin.py:190} INFO - [2025-02-20T13:21:29.933+0100] {dagbag.py:588} INFO - Filling up the DagBag from /Users/ajlakorman/Desktop/Data-Mining-Projects/Apache_Airflow/venv/lib/python3.10/site-packages/airflow/example_dags/example_complex.py
[2025-02-20T13:21:29.939+0100] {processor.py:925} INFO - DAG(s) 'example_complex' retrieved from /Users/ajlakorman/Desktop/Data-Mining-Projects/Apache_Airflow/venv/lib/python3.10/site-packages/airflow/example_dags/example_complex.py
[2025-02-20T13:21:30.030+0100] {logging_mixin.py:190} INFO - [2025-02-20T13:21:30.030+0100] {dag.py:3239} INFO - Sync 1 DAGs
[2025-02-20T13:21:30.034+0100] {logging_mixin.py:190} INFO - [2025-02-20T13:21:30.034+0100] {dag.py:4180} INFO - Setting next_dagrun for example_complex to None, run_after=None
[2025-02-20T13:21:30.041+0100] {processor.py:208} INFO - Processing /Users/ajlakorman/Desktop/Data-Mining-Projects/Apache_Airflow/venv/lib/python3.10/site-packages/airflow/example_dags/example_complex.py took 0.111 seconds
[2025-02-20T13:24:10.186+0100] {processor.py:186} INFO - Started process (PID=17432) to work on /Users/ajlakorman/Desktop/Data-Mining-Projects/Apache_Airflow/venv/lib/python3.10/site-packages/airflow/example_dags/example_complex.py
[2025-02-20T13:24:10.187+0100] {processor.py:914} INFO - Processing file /Users/ajlakorman/Desktop/Data-Mining-Projects/Apache_Airflow/venv/lib/python3.10/site-packages/airflow/example_dags/example_complex.py for tasks to queue
[2025-02-20T13:24:10.188+0100] {logging_mixin.py:190} INFO - [2025-02-20T13:24:10.188+0100] {dagbag.py:588} INFO - Filling up the DagBag from /Users/ajlakorman/Desktop/Data-Mining-Projects/Apache_Airflow/venv/lib/python3.10/site-packages/airflow/example_dags/example_complex.py
[2025-02-20T13:24:10.194+0100] {processor.py:925} INFO - DAG(s) 'example_complex' retrieved from /Users/ajlakorman/Desktop/Data-Mining-Projects/Apache_Airflow/venv/lib/python3.10/site-packages/airflow/example_dags/example_complex.py
[2025-02-20T13:24:10.264+0100] {logging_mixin.py:190} INFO - [2025-02-20T13:24:10.264+0100] {dag.py:3239} INFO - Sync 1 DAGs
[2025-02-20T13:24:10.268+0100] {logging_mixin.py:190} INFO - [2025-02-20T13:24:10.268+0100] {dag.py:4180} INFO - Setting next_dagrun for example_complex to None, run_after=None
[2025-02-20T13:24:10.275+0100] {processor.py:208} INFO - Processing /Users/ajlakorman/Desktop/Data-Mining-Projects/Apache_Airflow/venv/lib/python3.10/site-packages/airflow/example_dags/example_complex.py took 0.090 seconds
[2025-02-20T13:26:46.655+0100] {processor.py:186} INFO - Started process (PID=17634) to work on /Users/ajlakorman/Desktop/Data-Mining-Projects/Apache_Airflow/venv/lib/python3.10/site-packages/airflow/example_dags/example_complex.py
[2025-02-20T13:26:46.657+0100] {processor.py:914} INFO - Processing file /Users/ajlakorman/Desktop/Data-Mining-Projects/Apache_Airflow/venv/lib/python3.10/site-packages/airflow/example_dags/example_complex.py for tasks to queue
[2025-02-20T13:26:46.657+0100] {logging_mixin.py:190} INFO - [2025-02-20T13:26:46.657+0100] {dagbag.py:588} INFO - Filling up the DagBag from /Users/ajlakorman/Desktop/Data-Mining-Projects/Apache_Airflow/venv/lib/python3.10/site-packages/airflow/example_dags/example_complex.py
[2025-02-20T13:26:46.663+0100] {processor.py:925} INFO - DAG(s) 'example_complex' retrieved from /Users/ajlakorman/Desktop/Data-Mining-Projects/Apache_Airflow/venv/lib/python3.10/site-packages/airflow/example_dags/example_complex.py
[2025-02-20T13:26:46.733+0100] {logging_mixin.py:190} INFO - [2025-02-20T13:26:46.733+0100] {dag.py:3239} INFO - Sync 1 DAGs
[2025-02-20T13:26:46.737+0100] {logging_mixin.py:190} INFO - [2025-02-20T13:26:46.737+0100] {dag.py:4180} INFO - Setting next_dagrun for example_complex to None, run_after=None
[2025-02-20T13:26:46.745+0100] {processor.py:208} INFO - Processing /Users/ajlakorman/Desktop/Data-Mining-Projects/Apache_Airflow/venv/lib/python3.10/site-packages/airflow/example_dags/example_complex.py took 0.091 seconds
