[2025-02-20T10:53:07.184+0100] {processor.py:186} INFO - Started process (PID=6310) to work on /Users/ajlakorman/Desktop/Data-Mining-Projects/Apache_Airflow/venv/lib/python3.10/site-packages/airflow/example_dags/example_display_name.py
[2025-02-20T10:53:07.185+0100] {processor.py:914} INFO - Processing file /Users/ajlakorman/Desktop/Data-Mining-Projects/Apache_Airflow/venv/lib/python3.10/site-packages/airflow/example_dags/example_display_name.py for tasks to queue
[2025-02-20T10:53:07.185+0100] {logging_mixin.py:190} INFO - [2025-02-20T10:53:07.185+0100] {dagbag.py:588} INFO - Filling up the DagBag from /Users/ajlakorman/Desktop/Data-Mining-Projects/Apache_Airflow/venv/lib/python3.10/site-packages/airflow/example_dags/example_display_name.py
[2025-02-20T10:53:07.205+0100] {processor.py:925} INFO - DAG(s) 'example_display_name' retrieved from /Users/ajlakorman/Desktop/Data-Mining-Projects/Apache_Airflow/venv/lib/python3.10/site-packages/airflow/example_dags/example_display_name.py
[2025-02-20T10:53:07.310+0100] {logging_mixin.py:190} INFO - [2025-02-20T10:53:07.310+0100] {override.py:1912} INFO - Created Permission View: can read on DAG:example_display_name
[2025-02-20T10:53:07.314+0100] {logging_mixin.py:190} INFO - [2025-02-20T10:53:07.314+0100] {override.py:1912} INFO - Created Permission View: can edit on DAG:example_display_name
[2025-02-20T10:53:07.316+0100] {logging_mixin.py:190} INFO - [2025-02-20T10:53:07.316+0100] {override.py:1912} INFO - Created Permission View: can delete on DAG:example_display_name
[2025-02-20T10:53:07.319+0100] {logging_mixin.py:190} INFO - [2025-02-20T10:53:07.319+0100] {override.py:1912} INFO - Created Permission View: can read on DAG Run:example_display_name
[2025-02-20T10:53:07.322+0100] {logging_mixin.py:190} INFO - [2025-02-20T10:53:07.322+0100] {override.py:1912} INFO - Created Permission View: can create on DAG Run:example_display_name
[2025-02-20T10:53:07.324+0100] {logging_mixin.py:190} INFO - [2025-02-20T10:53:07.324+0100] {override.py:1912} INFO - Created Permission View: can delete on DAG Run:example_display_name
[2025-02-20T10:53:07.326+0100] {logging_mixin.py:190} INFO - [2025-02-20T10:53:07.326+0100] {override.py:1912} INFO - Created Permission View: menu access on DAG Run:example_display_name
[2025-02-20T10:53:07.326+0100] {logging_mixin.py:190} INFO - [2025-02-20T10:53:07.326+0100] {dag.py:3239} INFO - Sync 1 DAGs
[2025-02-20T10:53:07.331+0100] {logging_mixin.py:190} INFO - [2025-02-20T10:53:07.331+0100] {dag.py:3262} INFO - Creating ORM DAG for example_display_name
[2025-02-20T10:53:07.332+0100] {logging_mixin.py:190} INFO - [2025-02-20T10:53:07.332+0100] {dag.py:4180} INFO - Setting next_dagrun for example_display_name to None, run_after=None
[2025-02-20T10:53:07.340+0100] {processor.py:208} INFO - Processing /Users/ajlakorman/Desktop/Data-Mining-Projects/Apache_Airflow/venv/lib/python3.10/site-packages/airflow/example_dags/example_display_name.py took 0.157 seconds
[2025-02-20T10:55:39.125+0100] {processor.py:186} INFO - Started process (PID=6691) to work on /Users/ajlakorman/Desktop/Data-Mining-Projects/Apache_Airflow/venv/lib/python3.10/site-packages/airflow/example_dags/example_display_name.py
[2025-02-20T10:55:39.125+0100] {processor.py:914} INFO - Processing file /Users/ajlakorman/Desktop/Data-Mining-Projects/Apache_Airflow/venv/lib/python3.10/site-packages/airflow/example_dags/example_display_name.py for tasks to queue
[2025-02-20T10:55:39.126+0100] {logging_mixin.py:190} INFO - [2025-02-20T10:55:39.126+0100] {dagbag.py:588} INFO - Filling up the DagBag from /Users/ajlakorman/Desktop/Data-Mining-Projects/Apache_Airflow/venv/lib/python3.10/site-packages/airflow/example_dags/example_display_name.py
[2025-02-20T10:55:39.141+0100] {processor.py:925} INFO - DAG(s) 'example_display_name' retrieved from /Users/ajlakorman/Desktop/Data-Mining-Projects/Apache_Airflow/venv/lib/python3.10/site-packages/airflow/example_dags/example_display_name.py
[2025-02-20T10:55:39.212+0100] {logging_mixin.py:190} INFO - [2025-02-20T10:55:39.211+0100] {dag.py:3239} INFO - Sync 1 DAGs
[2025-02-20T10:55:39.217+0100] {logging_mixin.py:190} INFO - [2025-02-20T10:55:39.217+0100] {dag.py:4180} INFO - Setting next_dagrun for example_display_name to None, run_after=None
[2025-02-20T10:55:39.226+0100] {processor.py:208} INFO - Processing /Users/ajlakorman/Desktop/Data-Mining-Projects/Apache_Airflow/venv/lib/python3.10/site-packages/airflow/example_dags/example_display_name.py took 0.103 seconds
[2025-02-20T10:58:28.580+0100] {processor.py:186} INFO - Started process (PID=6989) to work on /Users/ajlakorman/Desktop/Data-Mining-Projects/Apache_Airflow/venv/lib/python3.10/site-packages/airflow/example_dags/example_display_name.py
[2025-02-20T10:58:28.581+0100] {processor.py:914} INFO - Processing file /Users/ajlakorman/Desktop/Data-Mining-Projects/Apache_Airflow/venv/lib/python3.10/site-packages/airflow/example_dags/example_display_name.py for tasks to queue
[2025-02-20T10:58:28.581+0100] {logging_mixin.py:190} INFO - [2025-02-20T10:58:28.581+0100] {dagbag.py:588} INFO - Filling up the DagBag from /Users/ajlakorman/Desktop/Data-Mining-Projects/Apache_Airflow/venv/lib/python3.10/site-packages/airflow/example_dags/example_display_name.py
[2025-02-20T10:58:28.596+0100] {processor.py:925} INFO - DAG(s) 'example_display_name' retrieved from /Users/ajlakorman/Desktop/Data-Mining-Projects/Apache_Airflow/venv/lib/python3.10/site-packages/airflow/example_dags/example_display_name.py
[2025-02-20T10:58:28.658+0100] {logging_mixin.py:190} INFO - [2025-02-20T10:58:28.658+0100] {dag.py:3239} INFO - Sync 1 DAGs
[2025-02-20T10:58:28.664+0100] {logging_mixin.py:190} INFO - [2025-02-20T10:58:28.664+0100] {dag.py:4180} INFO - Setting next_dagrun for example_display_name to None, run_after=None
[2025-02-20T10:58:28.670+0100] {processor.py:208} INFO - Processing /Users/ajlakorman/Desktop/Data-Mining-Projects/Apache_Airflow/venv/lib/python3.10/site-packages/airflow/example_dags/example_display_name.py took 0.092 seconds
[2025-02-20T11:01:03.447+0100] {processor.py:186} INFO - Started process (PID=7320) to work on /Users/ajlakorman/Desktop/Data-Mining-Projects/Apache_Airflow/venv/lib/python3.10/site-packages/airflow/example_dags/example_display_name.py
[2025-02-20T11:01:03.448+0100] {processor.py:914} INFO - Processing file /Users/ajlakorman/Desktop/Data-Mining-Projects/Apache_Airflow/venv/lib/python3.10/site-packages/airflow/example_dags/example_display_name.py for tasks to queue
[2025-02-20T11:01:03.448+0100] {logging_mixin.py:190} INFO - [2025-02-20T11:01:03.448+0100] {dagbag.py:588} INFO - Filling up the DagBag from /Users/ajlakorman/Desktop/Data-Mining-Projects/Apache_Airflow/venv/lib/python3.10/site-packages/airflow/example_dags/example_display_name.py
[2025-02-20T11:01:03.463+0100] {processor.py:925} INFO - DAG(s) 'example_display_name' retrieved from /Users/ajlakorman/Desktop/Data-Mining-Projects/Apache_Airflow/venv/lib/python3.10/site-packages/airflow/example_dags/example_display_name.py
[2025-02-20T11:01:03.527+0100] {logging_mixin.py:190} INFO - [2025-02-20T11:01:03.526+0100] {dag.py:3239} INFO - Sync 1 DAGs
[2025-02-20T11:01:03.531+0100] {logging_mixin.py:190} INFO - [2025-02-20T11:01:03.531+0100] {dag.py:4180} INFO - Setting next_dagrun for example_display_name to None, run_after=None
[2025-02-20T11:01:03.538+0100] {processor.py:208} INFO - Processing /Users/ajlakorman/Desktop/Data-Mining-Projects/Apache_Airflow/venv/lib/python3.10/site-packages/airflow/example_dags/example_display_name.py took 0.092 seconds
[2025-02-20T11:03:27.215+0100] {processor.py:186} INFO - Started process (PID=7580) to work on /Users/ajlakorman/Desktop/Data-Mining-Projects/Apache_Airflow/venv/lib/python3.10/site-packages/airflow/example_dags/example_display_name.py
[2025-02-20T11:03:27.216+0100] {processor.py:914} INFO - Processing file /Users/ajlakorman/Desktop/Data-Mining-Projects/Apache_Airflow/venv/lib/python3.10/site-packages/airflow/example_dags/example_display_name.py for tasks to queue
[2025-02-20T11:03:27.217+0100] {logging_mixin.py:190} INFO - [2025-02-20T11:03:27.216+0100] {dagbag.py:588} INFO - Filling up the DagBag from /Users/ajlakorman/Desktop/Data-Mining-Projects/Apache_Airflow/venv/lib/python3.10/site-packages/airflow/example_dags/example_display_name.py
[2025-02-20T11:03:27.232+0100] {processor.py:925} INFO - DAG(s) 'example_display_name' retrieved from /Users/ajlakorman/Desktop/Data-Mining-Projects/Apache_Airflow/venv/lib/python3.10/site-packages/airflow/example_dags/example_display_name.py
[2025-02-20T11:03:27.294+0100] {logging_mixin.py:190} INFO - [2025-02-20T11:03:27.294+0100] {dag.py:3239} INFO - Sync 1 DAGs
[2025-02-20T11:03:27.298+0100] {logging_mixin.py:190} INFO - [2025-02-20T11:03:27.298+0100] {dag.py:4180} INFO - Setting next_dagrun for example_display_name to None, run_after=None
[2025-02-20T11:03:27.305+0100] {processor.py:208} INFO - Processing /Users/ajlakorman/Desktop/Data-Mining-Projects/Apache_Airflow/venv/lib/python3.10/site-packages/airflow/example_dags/example_display_name.py took 0.091 seconds
[2025-02-20T11:05:45.330+0100] {processor.py:186} INFO - Started process (PID=7871) to work on /Users/ajlakorman/Desktop/Data-Mining-Projects/Apache_Airflow/venv/lib/python3.10/site-packages/airflow/example_dags/example_display_name.py
[2025-02-20T11:05:45.331+0100] {processor.py:914} INFO - Processing file /Users/ajlakorman/Desktop/Data-Mining-Projects/Apache_Airflow/venv/lib/python3.10/site-packages/airflow/example_dags/example_display_name.py for tasks to queue
[2025-02-20T11:05:45.331+0100] {logging_mixin.py:190} INFO - [2025-02-20T11:05:45.331+0100] {dagbag.py:588} INFO - Filling up the DagBag from /Users/ajlakorman/Desktop/Data-Mining-Projects/Apache_Airflow/venv/lib/python3.10/site-packages/airflow/example_dags/example_display_name.py
[2025-02-20T11:05:45.345+0100] {processor.py:925} INFO - DAG(s) 'example_display_name' retrieved from /Users/ajlakorman/Desktop/Data-Mining-Projects/Apache_Airflow/venv/lib/python3.10/site-packages/airflow/example_dags/example_display_name.py
[2025-02-20T11:05:45.407+0100] {logging_mixin.py:190} INFO - [2025-02-20T11:05:45.407+0100] {dag.py:3239} INFO - Sync 1 DAGs
[2025-02-20T11:05:45.412+0100] {logging_mixin.py:190} INFO - [2025-02-20T11:05:45.412+0100] {dag.py:4180} INFO - Setting next_dagrun for example_display_name to None, run_after=None
[2025-02-20T11:05:45.418+0100] {processor.py:208} INFO - Processing /Users/ajlakorman/Desktop/Data-Mining-Projects/Apache_Airflow/venv/lib/python3.10/site-packages/airflow/example_dags/example_display_name.py took 0.090 seconds
[2025-02-20T11:08:03.845+0100] {processor.py:186} INFO - Started process (PID=8177) to work on /Users/ajlakorman/Desktop/Data-Mining-Projects/Apache_Airflow/venv/lib/python3.10/site-packages/airflow/example_dags/example_display_name.py
[2025-02-20T11:08:03.846+0100] {processor.py:914} INFO - Processing file /Users/ajlakorman/Desktop/Data-Mining-Projects/Apache_Airflow/venv/lib/python3.10/site-packages/airflow/example_dags/example_display_name.py for tasks to queue
[2025-02-20T11:08:03.847+0100] {logging_mixin.py:190} INFO - [2025-02-20T11:08:03.847+0100] {dagbag.py:588} INFO - Filling up the DagBag from /Users/ajlakorman/Desktop/Data-Mining-Projects/Apache_Airflow/venv/lib/python3.10/site-packages/airflow/example_dags/example_display_name.py
[2025-02-20T11:08:03.861+0100] {processor.py:925} INFO - DAG(s) 'example_display_name' retrieved from /Users/ajlakorman/Desktop/Data-Mining-Projects/Apache_Airflow/venv/lib/python3.10/site-packages/airflow/example_dags/example_display_name.py
[2025-02-20T11:08:03.923+0100] {logging_mixin.py:190} INFO - [2025-02-20T11:08:03.923+0100] {dag.py:3239} INFO - Sync 1 DAGs
[2025-02-20T11:08:03.927+0100] {logging_mixin.py:190} INFO - [2025-02-20T11:08:03.927+0100] {dag.py:4180} INFO - Setting next_dagrun for example_display_name to None, run_after=None
[2025-02-20T11:08:03.934+0100] {processor.py:208} INFO - Processing /Users/ajlakorman/Desktop/Data-Mining-Projects/Apache_Airflow/venv/lib/python3.10/site-packages/airflow/example_dags/example_display_name.py took 0.091 seconds
[2025-02-20T11:10:23.825+0100] {processor.py:186} INFO - Started process (PID=8421) to work on /Users/ajlakorman/Desktop/Data-Mining-Projects/Apache_Airflow/venv/lib/python3.10/site-packages/airflow/example_dags/example_display_name.py
[2025-02-20T11:10:23.826+0100] {processor.py:914} INFO - Processing file /Users/ajlakorman/Desktop/Data-Mining-Projects/Apache_Airflow/venv/lib/python3.10/site-packages/airflow/example_dags/example_display_name.py for tasks to queue
[2025-02-20T11:10:23.827+0100] {logging_mixin.py:190} INFO - [2025-02-20T11:10:23.827+0100] {dagbag.py:588} INFO - Filling up the DagBag from /Users/ajlakorman/Desktop/Data-Mining-Projects/Apache_Airflow/venv/lib/python3.10/site-packages/airflow/example_dags/example_display_name.py
[2025-02-20T11:10:23.841+0100] {processor.py:925} INFO - DAG(s) 'example_display_name' retrieved from /Users/ajlakorman/Desktop/Data-Mining-Projects/Apache_Airflow/venv/lib/python3.10/site-packages/airflow/example_dags/example_display_name.py
[2025-02-20T11:10:23.903+0100] {logging_mixin.py:190} INFO - [2025-02-20T11:10:23.902+0100] {dag.py:3239} INFO - Sync 1 DAGs
[2025-02-20T11:10:23.907+0100] {logging_mixin.py:190} INFO - [2025-02-20T11:10:23.907+0100] {dag.py:4180} INFO - Setting next_dagrun for example_display_name to None, run_after=None
[2025-02-20T11:10:23.914+0100] {processor.py:208} INFO - Processing /Users/ajlakorman/Desktop/Data-Mining-Projects/Apache_Airflow/venv/lib/python3.10/site-packages/airflow/example_dags/example_display_name.py took 0.090 seconds
[2025-02-20T11:12:40.461+0100] {processor.py:186} INFO - Started process (PID=8651) to work on /Users/ajlakorman/Desktop/Data-Mining-Projects/Apache_Airflow/venv/lib/python3.10/site-packages/airflow/example_dags/example_display_name.py
[2025-02-20T11:12:40.463+0100] {processor.py:914} INFO - Processing file /Users/ajlakorman/Desktop/Data-Mining-Projects/Apache_Airflow/venv/lib/python3.10/site-packages/airflow/example_dags/example_display_name.py for tasks to queue
[2025-02-20T11:12:40.463+0100] {logging_mixin.py:190} INFO - [2025-02-20T11:12:40.463+0100] {dagbag.py:588} INFO - Filling up the DagBag from /Users/ajlakorman/Desktop/Data-Mining-Projects/Apache_Airflow/venv/lib/python3.10/site-packages/airflow/example_dags/example_display_name.py
[2025-02-20T11:12:40.479+0100] {processor.py:925} INFO - DAG(s) 'example_display_name' retrieved from /Users/ajlakorman/Desktop/Data-Mining-Projects/Apache_Airflow/venv/lib/python3.10/site-packages/airflow/example_dags/example_display_name.py
[2025-02-20T11:12:40.541+0100] {logging_mixin.py:190} INFO - [2025-02-20T11:12:40.541+0100] {dag.py:3239} INFO - Sync 1 DAGs
[2025-02-20T11:12:40.545+0100] {logging_mixin.py:190} INFO - [2025-02-20T11:12:40.545+0100] {dag.py:4180} INFO - Setting next_dagrun for example_display_name to None, run_after=None
[2025-02-20T11:12:40.552+0100] {processor.py:208} INFO - Processing /Users/ajlakorman/Desktop/Data-Mining-Projects/Apache_Airflow/venv/lib/python3.10/site-packages/airflow/example_dags/example_display_name.py took 0.092 seconds
[2025-02-20T11:15:06.083+0100] {processor.py:186} INFO - Started process (PID=8911) to work on /Users/ajlakorman/Desktop/Data-Mining-Projects/Apache_Airflow/venv/lib/python3.10/site-packages/airflow/example_dags/example_display_name.py
[2025-02-20T11:15:06.083+0100] {processor.py:914} INFO - Processing file /Users/ajlakorman/Desktop/Data-Mining-Projects/Apache_Airflow/venv/lib/python3.10/site-packages/airflow/example_dags/example_display_name.py for tasks to queue
[2025-02-20T11:15:06.084+0100] {logging_mixin.py:190} INFO - [2025-02-20T11:15:06.084+0100] {dagbag.py:588} INFO - Filling up the DagBag from /Users/ajlakorman/Desktop/Data-Mining-Projects/Apache_Airflow/venv/lib/python3.10/site-packages/airflow/example_dags/example_display_name.py
[2025-02-20T11:15:06.099+0100] {processor.py:925} INFO - DAG(s) 'example_display_name' retrieved from /Users/ajlakorman/Desktop/Data-Mining-Projects/Apache_Airflow/venv/lib/python3.10/site-packages/airflow/example_dags/example_display_name.py
[2025-02-20T11:15:06.167+0100] {logging_mixin.py:190} INFO - [2025-02-20T11:15:06.167+0100] {dag.py:3239} INFO - Sync 1 DAGs
[2025-02-20T11:15:06.173+0100] {logging_mixin.py:190} INFO - [2025-02-20T11:15:06.173+0100] {dag.py:4180} INFO - Setting next_dagrun for example_display_name to None, run_after=None
[2025-02-20T11:15:06.180+0100] {processor.py:208} INFO - Processing /Users/ajlakorman/Desktop/Data-Mining-Projects/Apache_Airflow/venv/lib/python3.10/site-packages/airflow/example_dags/example_display_name.py took 0.099 seconds
[2025-02-20T11:17:28.724+0100] {processor.py:186} INFO - Started process (PID=9225) to work on /Users/ajlakorman/Desktop/Data-Mining-Projects/Apache_Airflow/venv/lib/python3.10/site-packages/airflow/example_dags/example_display_name.py
[2025-02-20T11:17:28.725+0100] {processor.py:914} INFO - Processing file /Users/ajlakorman/Desktop/Data-Mining-Projects/Apache_Airflow/venv/lib/python3.10/site-packages/airflow/example_dags/example_display_name.py for tasks to queue
[2025-02-20T11:17:28.725+0100] {logging_mixin.py:190} INFO - [2025-02-20T11:17:28.725+0100] {dagbag.py:588} INFO - Filling up the DagBag from /Users/ajlakorman/Desktop/Data-Mining-Projects/Apache_Airflow/venv/lib/python3.10/site-packages/airflow/example_dags/example_display_name.py
[2025-02-20T11:17:28.753+0100] {processor.py:925} INFO - DAG(s) 'example_display_name' retrieved from /Users/ajlakorman/Desktop/Data-Mining-Projects/Apache_Airflow/venv/lib/python3.10/site-packages/airflow/example_dags/example_display_name.py
[2025-02-20T11:17:28.827+0100] {logging_mixin.py:190} INFO - [2025-02-20T11:17:28.827+0100] {dag.py:3239} INFO - Sync 1 DAGs
[2025-02-20T11:17:28.832+0100] {logging_mixin.py:190} INFO - [2025-02-20T11:17:28.832+0100] {dag.py:4180} INFO - Setting next_dagrun for example_display_name to None, run_after=None
[2025-02-20T11:17:28.840+0100] {processor.py:208} INFO - Processing /Users/ajlakorman/Desktop/Data-Mining-Projects/Apache_Airflow/venv/lib/python3.10/site-packages/airflow/example_dags/example_display_name.py took 0.118 seconds
[2025-02-20T11:19:59.302+0100] {processor.py:186} INFO - Started process (PID=9616) to work on /Users/ajlakorman/Desktop/Data-Mining-Projects/Apache_Airflow/venv/lib/python3.10/site-packages/airflow/example_dags/example_display_name.py
[2025-02-20T11:19:59.302+0100] {processor.py:914} INFO - Processing file /Users/ajlakorman/Desktop/Data-Mining-Projects/Apache_Airflow/venv/lib/python3.10/site-packages/airflow/example_dags/example_display_name.py for tasks to queue
[2025-02-20T11:19:59.303+0100] {logging_mixin.py:190} INFO - [2025-02-20T11:19:59.303+0100] {dagbag.py:588} INFO - Filling up the DagBag from /Users/ajlakorman/Desktop/Data-Mining-Projects/Apache_Airflow/venv/lib/python3.10/site-packages/airflow/example_dags/example_display_name.py
[2025-02-20T11:19:59.317+0100] {processor.py:925} INFO - DAG(s) 'example_display_name' retrieved from /Users/ajlakorman/Desktop/Data-Mining-Projects/Apache_Airflow/venv/lib/python3.10/site-packages/airflow/example_dags/example_display_name.py
[2025-02-20T11:19:59.383+0100] {logging_mixin.py:190} INFO - [2025-02-20T11:19:59.382+0100] {dag.py:3239} INFO - Sync 1 DAGs
[2025-02-20T11:19:59.387+0100] {logging_mixin.py:190} INFO - [2025-02-20T11:19:59.387+0100] {dag.py:4180} INFO - Setting next_dagrun for example_display_name to None, run_after=None
[2025-02-20T11:19:59.394+0100] {processor.py:208} INFO - Processing /Users/ajlakorman/Desktop/Data-Mining-Projects/Apache_Airflow/venv/lib/python3.10/site-packages/airflow/example_dags/example_display_name.py took 0.093 seconds
[2025-02-20T11:22:24.995+0100] {processor.py:186} INFO - Started process (PID=9863) to work on /Users/ajlakorman/Desktop/Data-Mining-Projects/Apache_Airflow/venv/lib/python3.10/site-packages/airflow/example_dags/example_display_name.py
[2025-02-20T11:22:24.996+0100] {processor.py:914} INFO - Processing file /Users/ajlakorman/Desktop/Data-Mining-Projects/Apache_Airflow/venv/lib/python3.10/site-packages/airflow/example_dags/example_display_name.py for tasks to queue
[2025-02-20T11:22:24.996+0100] {logging_mixin.py:190} INFO - [2025-02-20T11:22:24.996+0100] {dagbag.py:588} INFO - Filling up the DagBag from /Users/ajlakorman/Desktop/Data-Mining-Projects/Apache_Airflow/venv/lib/python3.10/site-packages/airflow/example_dags/example_display_name.py
[2025-02-20T11:22:25.012+0100] {processor.py:925} INFO - DAG(s) 'example_display_name' retrieved from /Users/ajlakorman/Desktop/Data-Mining-Projects/Apache_Airflow/venv/lib/python3.10/site-packages/airflow/example_dags/example_display_name.py
[2025-02-20T11:22:25.076+0100] {logging_mixin.py:190} INFO - [2025-02-20T11:22:25.075+0100] {dag.py:3239} INFO - Sync 1 DAGs
[2025-02-20T11:22:25.080+0100] {logging_mixin.py:190} INFO - [2025-02-20T11:22:25.080+0100] {dag.py:4180} INFO - Setting next_dagrun for example_display_name to None, run_after=None
[2025-02-20T11:22:25.087+0100] {processor.py:208} INFO - Processing /Users/ajlakorman/Desktop/Data-Mining-Projects/Apache_Airflow/venv/lib/python3.10/site-packages/airflow/example_dags/example_display_name.py took 0.093 seconds
[2025-02-20T11:24:55.273+0100] {processor.py:186} INFO - Started process (PID=10129) to work on /Users/ajlakorman/Desktop/Data-Mining-Projects/Apache_Airflow/venv/lib/python3.10/site-packages/airflow/example_dags/example_display_name.py
[2025-02-20T11:24:55.274+0100] {processor.py:914} INFO - Processing file /Users/ajlakorman/Desktop/Data-Mining-Projects/Apache_Airflow/venv/lib/python3.10/site-packages/airflow/example_dags/example_display_name.py for tasks to queue
[2025-02-20T11:24:55.275+0100] {logging_mixin.py:190} INFO - [2025-02-20T11:24:55.275+0100] {dagbag.py:588} INFO - Filling up the DagBag from /Users/ajlakorman/Desktop/Data-Mining-Projects/Apache_Airflow/venv/lib/python3.10/site-packages/airflow/example_dags/example_display_name.py
[2025-02-20T11:24:55.290+0100] {processor.py:925} INFO - DAG(s) 'example_display_name' retrieved from /Users/ajlakorman/Desktop/Data-Mining-Projects/Apache_Airflow/venv/lib/python3.10/site-packages/airflow/example_dags/example_display_name.py
[2025-02-20T11:24:55.356+0100] {logging_mixin.py:190} INFO - [2025-02-20T11:24:55.356+0100] {dag.py:3239} INFO - Sync 1 DAGs
[2025-02-20T11:24:55.361+0100] {logging_mixin.py:190} INFO - [2025-02-20T11:24:55.361+0100] {dag.py:4180} INFO - Setting next_dagrun for example_display_name to None, run_after=None
[2025-02-20T11:24:55.369+0100] {processor.py:208} INFO - Processing /Users/ajlakorman/Desktop/Data-Mining-Projects/Apache_Airflow/venv/lib/python3.10/site-packages/airflow/example_dags/example_display_name.py took 0.097 seconds
[2025-02-20T11:27:26.019+0100] {processor.py:186} INFO - Started process (PID=10445) to work on /Users/ajlakorman/Desktop/Data-Mining-Projects/Apache_Airflow/venv/lib/python3.10/site-packages/airflow/example_dags/example_display_name.py
[2025-02-20T11:27:26.020+0100] {processor.py:914} INFO - Processing file /Users/ajlakorman/Desktop/Data-Mining-Projects/Apache_Airflow/venv/lib/python3.10/site-packages/airflow/example_dags/example_display_name.py for tasks to queue
[2025-02-20T11:27:26.020+0100] {logging_mixin.py:190} INFO - [2025-02-20T11:27:26.020+0100] {dagbag.py:588} INFO - Filling up the DagBag from /Users/ajlakorman/Desktop/Data-Mining-Projects/Apache_Airflow/venv/lib/python3.10/site-packages/airflow/example_dags/example_display_name.py
[2025-02-20T11:27:26.044+0100] {processor.py:925} INFO - DAG(s) 'example_display_name' retrieved from /Users/ajlakorman/Desktop/Data-Mining-Projects/Apache_Airflow/venv/lib/python3.10/site-packages/airflow/example_dags/example_display_name.py
[2025-02-20T11:27:26.126+0100] {logging_mixin.py:190} INFO - [2025-02-20T11:27:26.126+0100] {dag.py:3239} INFO - Sync 1 DAGs
[2025-02-20T11:27:26.140+0100] {logging_mixin.py:190} INFO - [2025-02-20T11:27:26.140+0100] {dag.py:4180} INFO - Setting next_dagrun for example_display_name to None, run_after=None
[2025-02-20T11:27:26.162+0100] {processor.py:208} INFO - Processing /Users/ajlakorman/Desktop/Data-Mining-Projects/Apache_Airflow/venv/lib/python3.10/site-packages/airflow/example_dags/example_display_name.py took 0.146 seconds
[2025-02-20T11:29:52.737+0100] {processor.py:186} INFO - Started process (PID=10798) to work on /Users/ajlakorman/Desktop/Data-Mining-Projects/Apache_Airflow/venv/lib/python3.10/site-packages/airflow/example_dags/example_display_name.py
[2025-02-20T11:29:52.738+0100] {processor.py:914} INFO - Processing file /Users/ajlakorman/Desktop/Data-Mining-Projects/Apache_Airflow/venv/lib/python3.10/site-packages/airflow/example_dags/example_display_name.py for tasks to queue
[2025-02-20T11:29:52.739+0100] {logging_mixin.py:190} INFO - [2025-02-20T11:29:52.739+0100] {dagbag.py:588} INFO - Filling up the DagBag from /Users/ajlakorman/Desktop/Data-Mining-Projects/Apache_Airflow/venv/lib/python3.10/site-packages/airflow/example_dags/example_display_name.py
[2025-02-20T11:29:52.754+0100] {processor.py:925} INFO - DAG(s) 'example_display_name' retrieved from /Users/ajlakorman/Desktop/Data-Mining-Projects/Apache_Airflow/venv/lib/python3.10/site-packages/airflow/example_dags/example_display_name.py
[2025-02-20T11:29:52.816+0100] {logging_mixin.py:190} INFO - [2025-02-20T11:29:52.815+0100] {dag.py:3239} INFO - Sync 1 DAGs
[2025-02-20T11:29:52.820+0100] {logging_mixin.py:190} INFO - [2025-02-20T11:29:52.820+0100] {dag.py:4180} INFO - Setting next_dagrun for example_display_name to None, run_after=None
[2025-02-20T11:29:52.827+0100] {processor.py:208} INFO - Processing /Users/ajlakorman/Desktop/Data-Mining-Projects/Apache_Airflow/venv/lib/python3.10/site-packages/airflow/example_dags/example_display_name.py took 0.091 seconds
[2025-02-20T11:32:19.555+0100] {processor.py:186} INFO - Started process (PID=11044) to work on /Users/ajlakorman/Desktop/Data-Mining-Projects/Apache_Airflow/venv/lib/python3.10/site-packages/airflow/example_dags/example_display_name.py
[2025-02-20T11:32:19.556+0100] {processor.py:914} INFO - Processing file /Users/ajlakorman/Desktop/Data-Mining-Projects/Apache_Airflow/venv/lib/python3.10/site-packages/airflow/example_dags/example_display_name.py for tasks to queue
[2025-02-20T11:32:19.557+0100] {logging_mixin.py:190} INFO - [2025-02-20T11:32:19.557+0100] {dagbag.py:588} INFO - Filling up the DagBag from /Users/ajlakorman/Desktop/Data-Mining-Projects/Apache_Airflow/venv/lib/python3.10/site-packages/airflow/example_dags/example_display_name.py
[2025-02-20T11:32:19.572+0100] {processor.py:925} INFO - DAG(s) 'example_display_name' retrieved from /Users/ajlakorman/Desktop/Data-Mining-Projects/Apache_Airflow/venv/lib/python3.10/site-packages/airflow/example_dags/example_display_name.py
[2025-02-20T11:32:19.634+0100] {logging_mixin.py:190} INFO - [2025-02-20T11:32:19.634+0100] {dag.py:3239} INFO - Sync 1 DAGs
[2025-02-20T11:32:19.638+0100] {logging_mixin.py:190} INFO - [2025-02-20T11:32:19.638+0100] {dag.py:4180} INFO - Setting next_dagrun for example_display_name to None, run_after=None
[2025-02-20T11:32:19.645+0100] {processor.py:208} INFO - Processing /Users/ajlakorman/Desktop/Data-Mining-Projects/Apache_Airflow/venv/lib/python3.10/site-packages/airflow/example_dags/example_display_name.py took 0.092 seconds
[2025-02-20T11:34:48.182+0100] {processor.py:186} INFO - Started process (PID=11279) to work on /Users/ajlakorman/Desktop/Data-Mining-Projects/Apache_Airflow/venv/lib/python3.10/site-packages/airflow/example_dags/example_display_name.py
[2025-02-20T11:34:48.183+0100] {processor.py:914} INFO - Processing file /Users/ajlakorman/Desktop/Data-Mining-Projects/Apache_Airflow/venv/lib/python3.10/site-packages/airflow/example_dags/example_display_name.py for tasks to queue
[2025-02-20T11:34:48.184+0100] {logging_mixin.py:190} INFO - [2025-02-20T11:34:48.183+0100] {dagbag.py:588} INFO - Filling up the DagBag from /Users/ajlakorman/Desktop/Data-Mining-Projects/Apache_Airflow/venv/lib/python3.10/site-packages/airflow/example_dags/example_display_name.py
[2025-02-20T11:34:48.206+0100] {processor.py:925} INFO - DAG(s) 'example_display_name' retrieved from /Users/ajlakorman/Desktop/Data-Mining-Projects/Apache_Airflow/venv/lib/python3.10/site-packages/airflow/example_dags/example_display_name.py
[2025-02-20T11:34:48.369+0100] {logging_mixin.py:190} INFO - [2025-02-20T11:34:48.369+0100] {dag.py:3239} INFO - Sync 1 DAGs
[2025-02-20T11:34:48.373+0100] {logging_mixin.py:190} INFO - [2025-02-20T11:34:48.373+0100] {dag.py:4180} INFO - Setting next_dagrun for example_display_name to None, run_after=None
[2025-02-20T11:34:48.380+0100] {processor.py:208} INFO - Processing /Users/ajlakorman/Desktop/Data-Mining-Projects/Apache_Airflow/venv/lib/python3.10/site-packages/airflow/example_dags/example_display_name.py took 0.201 seconds
[2025-02-20T11:37:21.435+0100] {processor.py:186} INFO - Started process (PID=11570) to work on /Users/ajlakorman/Desktop/Data-Mining-Projects/Apache_Airflow/venv/lib/python3.10/site-packages/airflow/example_dags/example_display_name.py
[2025-02-20T11:37:21.436+0100] {processor.py:914} INFO - Processing file /Users/ajlakorman/Desktop/Data-Mining-Projects/Apache_Airflow/venv/lib/python3.10/site-packages/airflow/example_dags/example_display_name.py for tasks to queue
[2025-02-20T11:37:21.436+0100] {logging_mixin.py:190} INFO - [2025-02-20T11:37:21.436+0100] {dagbag.py:588} INFO - Filling up the DagBag from /Users/ajlakorman/Desktop/Data-Mining-Projects/Apache_Airflow/venv/lib/python3.10/site-packages/airflow/example_dags/example_display_name.py
[2025-02-20T11:37:21.453+0100] {processor.py:925} INFO - DAG(s) 'example_display_name' retrieved from /Users/ajlakorman/Desktop/Data-Mining-Projects/Apache_Airflow/venv/lib/python3.10/site-packages/airflow/example_dags/example_display_name.py
[2025-02-20T11:37:21.520+0100] {logging_mixin.py:190} INFO - [2025-02-20T11:37:21.520+0100] {dag.py:3239} INFO - Sync 1 DAGs
[2025-02-20T11:37:21.524+0100] {logging_mixin.py:190} INFO - [2025-02-20T11:37:21.524+0100] {dag.py:4180} INFO - Setting next_dagrun for example_display_name to None, run_after=None
[2025-02-20T11:37:21.532+0100] {processor.py:208} INFO - Processing /Users/ajlakorman/Desktop/Data-Mining-Projects/Apache_Airflow/venv/lib/python3.10/site-packages/airflow/example_dags/example_display_name.py took 0.099 seconds
[2025-02-20T11:39:47.242+0100] {processor.py:186} INFO - Started process (PID=11775) to work on /Users/ajlakorman/Desktop/Data-Mining-Projects/Apache_Airflow/venv/lib/python3.10/site-packages/airflow/example_dags/example_display_name.py
[2025-02-20T11:39:47.243+0100] {processor.py:914} INFO - Processing file /Users/ajlakorman/Desktop/Data-Mining-Projects/Apache_Airflow/venv/lib/python3.10/site-packages/airflow/example_dags/example_display_name.py for tasks to queue
[2025-02-20T11:39:47.243+0100] {logging_mixin.py:190} INFO - [2025-02-20T11:39:47.243+0100] {dagbag.py:588} INFO - Filling up the DagBag from /Users/ajlakorman/Desktop/Data-Mining-Projects/Apache_Airflow/venv/lib/python3.10/site-packages/airflow/example_dags/example_display_name.py
[2025-02-20T11:39:47.258+0100] {processor.py:925} INFO - DAG(s) 'example_display_name' retrieved from /Users/ajlakorman/Desktop/Data-Mining-Projects/Apache_Airflow/venv/lib/python3.10/site-packages/airflow/example_dags/example_display_name.py
[2025-02-20T11:39:47.319+0100] {logging_mixin.py:190} INFO - [2025-02-20T11:39:47.318+0100] {dag.py:3239} INFO - Sync 1 DAGs
[2025-02-20T11:39:47.323+0100] {logging_mixin.py:190} INFO - [2025-02-20T11:39:47.323+0100] {dag.py:4180} INFO - Setting next_dagrun for example_display_name to None, run_after=None
[2025-02-20T11:39:47.330+0100] {processor.py:208} INFO - Processing /Users/ajlakorman/Desktop/Data-Mining-Projects/Apache_Airflow/venv/lib/python3.10/site-packages/airflow/example_dags/example_display_name.py took 0.090 seconds
[2025-02-20T12:19:39.192+0100] {processor.py:186} INFO - Started process (PID=12062) to work on /Users/ajlakorman/Desktop/Data-Mining-Projects/Apache_Airflow/venv/lib/python3.10/site-packages/airflow/example_dags/example_display_name.py
[2025-02-20T12:19:39.193+0100] {processor.py:914} INFO - Processing file /Users/ajlakorman/Desktop/Data-Mining-Projects/Apache_Airflow/venv/lib/python3.10/site-packages/airflow/example_dags/example_display_name.py for tasks to queue
[2025-02-20T12:19:39.194+0100] {logging_mixin.py:190} INFO - [2025-02-20T12:19:39.194+0100] {dagbag.py:588} INFO - Filling up the DagBag from /Users/ajlakorman/Desktop/Data-Mining-Projects/Apache_Airflow/venv/lib/python3.10/site-packages/airflow/example_dags/example_display_name.py
[2025-02-20T12:19:39.211+0100] {processor.py:925} INFO - DAG(s) 'example_display_name' retrieved from /Users/ajlakorman/Desktop/Data-Mining-Projects/Apache_Airflow/venv/lib/python3.10/site-packages/airflow/example_dags/example_display_name.py
[2025-02-20T12:19:39.273+0100] {logging_mixin.py:190} INFO - [2025-02-20T12:19:39.273+0100] {dag.py:3239} INFO - Sync 1 DAGs
[2025-02-20T12:19:39.278+0100] {logging_mixin.py:190} INFO - [2025-02-20T12:19:39.277+0100] {dag.py:4180} INFO - Setting next_dagrun for example_display_name to None, run_after=None
[2025-02-20T12:19:39.284+0100] {processor.py:208} INFO - Processing /Users/ajlakorman/Desktop/Data-Mining-Projects/Apache_Airflow/venv/lib/python3.10/site-packages/airflow/example_dags/example_display_name.py took 0.095 seconds
[2025-02-20T12:22:17.608+0100] {processor.py:186} INFO - Started process (PID=12282) to work on /Users/ajlakorman/Desktop/Data-Mining-Projects/Apache_Airflow/venv/lib/python3.10/site-packages/airflow/example_dags/example_display_name.py
[2025-02-20T12:22:17.608+0100] {processor.py:914} INFO - Processing file /Users/ajlakorman/Desktop/Data-Mining-Projects/Apache_Airflow/venv/lib/python3.10/site-packages/airflow/example_dags/example_display_name.py for tasks to queue
[2025-02-20T12:22:17.609+0100] {logging_mixin.py:190} INFO - [2025-02-20T12:22:17.609+0100] {dagbag.py:588} INFO - Filling up the DagBag from /Users/ajlakorman/Desktop/Data-Mining-Projects/Apache_Airflow/venv/lib/python3.10/site-packages/airflow/example_dags/example_display_name.py
[2025-02-20T12:22:17.624+0100] {processor.py:925} INFO - DAG(s) 'example_display_name' retrieved from /Users/ajlakorman/Desktop/Data-Mining-Projects/Apache_Airflow/venv/lib/python3.10/site-packages/airflow/example_dags/example_display_name.py
[2025-02-20T12:22:17.687+0100] {logging_mixin.py:190} INFO - [2025-02-20T12:22:17.687+0100] {dag.py:3239} INFO - Sync 1 DAGs
[2025-02-20T12:22:17.692+0100] {logging_mixin.py:190} INFO - [2025-02-20T12:22:17.692+0100] {dag.py:4180} INFO - Setting next_dagrun for example_display_name to None, run_after=None
[2025-02-20T12:22:17.699+0100] {processor.py:208} INFO - Processing /Users/ajlakorman/Desktop/Data-Mining-Projects/Apache_Airflow/venv/lib/python3.10/site-packages/airflow/example_dags/example_display_name.py took 0.093 seconds
[2025-02-20T12:24:51.524+0100] {processor.py:186} INFO - Started process (PID=12574) to work on /Users/ajlakorman/Desktop/Data-Mining-Projects/Apache_Airflow/venv/lib/python3.10/site-packages/airflow/example_dags/example_display_name.py
[2025-02-20T12:24:51.525+0100] {processor.py:914} INFO - Processing file /Users/ajlakorman/Desktop/Data-Mining-Projects/Apache_Airflow/venv/lib/python3.10/site-packages/airflow/example_dags/example_display_name.py for tasks to queue
[2025-02-20T12:24:51.525+0100] {logging_mixin.py:190} INFO - [2025-02-20T12:24:51.525+0100] {dagbag.py:588} INFO - Filling up the DagBag from /Users/ajlakorman/Desktop/Data-Mining-Projects/Apache_Airflow/venv/lib/python3.10/site-packages/airflow/example_dags/example_display_name.py
[2025-02-20T12:24:51.540+0100] {processor.py:925} INFO - DAG(s) 'example_display_name' retrieved from /Users/ajlakorman/Desktop/Data-Mining-Projects/Apache_Airflow/venv/lib/python3.10/site-packages/airflow/example_dags/example_display_name.py
[2025-02-20T12:24:51.602+0100] {logging_mixin.py:190} INFO - [2025-02-20T12:24:51.602+0100] {dag.py:3239} INFO - Sync 1 DAGs
[2025-02-20T12:24:51.607+0100] {logging_mixin.py:190} INFO - [2025-02-20T12:24:51.606+0100] {dag.py:4180} INFO - Setting next_dagrun for example_display_name to None, run_after=None
[2025-02-20T12:24:51.613+0100] {processor.py:208} INFO - Processing /Users/ajlakorman/Desktop/Data-Mining-Projects/Apache_Airflow/venv/lib/python3.10/site-packages/airflow/example_dags/example_display_name.py took 0.091 seconds
[2025-02-20T12:27:16.633+0100] {processor.py:186} INFO - Started process (PID=12895) to work on /Users/ajlakorman/Desktop/Data-Mining-Projects/Apache_Airflow/venv/lib/python3.10/site-packages/airflow/example_dags/example_display_name.py
[2025-02-20T12:27:16.634+0100] {processor.py:914} INFO - Processing file /Users/ajlakorman/Desktop/Data-Mining-Projects/Apache_Airflow/venv/lib/python3.10/site-packages/airflow/example_dags/example_display_name.py for tasks to queue
[2025-02-20T12:27:16.635+0100] {logging_mixin.py:190} INFO - [2025-02-20T12:27:16.635+0100] {dagbag.py:588} INFO - Filling up the DagBag from /Users/ajlakorman/Desktop/Data-Mining-Projects/Apache_Airflow/venv/lib/python3.10/site-packages/airflow/example_dags/example_display_name.py
[2025-02-20T12:27:16.650+0100] {processor.py:925} INFO - DAG(s) 'example_display_name' retrieved from /Users/ajlakorman/Desktop/Data-Mining-Projects/Apache_Airflow/venv/lib/python3.10/site-packages/airflow/example_dags/example_display_name.py
[2025-02-20T12:27:16.718+0100] {logging_mixin.py:190} INFO - [2025-02-20T12:27:16.718+0100] {dag.py:3239} INFO - Sync 1 DAGs
[2025-02-20T12:27:16.723+0100] {logging_mixin.py:190} INFO - [2025-02-20T12:27:16.723+0100] {dag.py:4180} INFO - Setting next_dagrun for example_display_name to None, run_after=None
[2025-02-20T12:27:16.729+0100] {processor.py:208} INFO - Processing /Users/ajlakorman/Desktop/Data-Mining-Projects/Apache_Airflow/venv/lib/python3.10/site-packages/airflow/example_dags/example_display_name.py took 0.098 seconds
[2025-02-20T12:29:45.960+0100] {processor.py:186} INFO - Started process (PID=13165) to work on /Users/ajlakorman/Desktop/Data-Mining-Projects/Apache_Airflow/venv/lib/python3.10/site-packages/airflow/example_dags/example_display_name.py
[2025-02-20T12:29:45.961+0100] {processor.py:914} INFO - Processing file /Users/ajlakorman/Desktop/Data-Mining-Projects/Apache_Airflow/venv/lib/python3.10/site-packages/airflow/example_dags/example_display_name.py for tasks to queue
[2025-02-20T12:29:45.961+0100] {logging_mixin.py:190} INFO - [2025-02-20T12:29:45.961+0100] {dagbag.py:588} INFO - Filling up the DagBag from /Users/ajlakorman/Desktop/Data-Mining-Projects/Apache_Airflow/venv/lib/python3.10/site-packages/airflow/example_dags/example_display_name.py
[2025-02-20T12:29:45.986+0100] {processor.py:925} INFO - DAG(s) 'example_display_name' retrieved from /Users/ajlakorman/Desktop/Data-Mining-Projects/Apache_Airflow/venv/lib/python3.10/site-packages/airflow/example_dags/example_display_name.py
[2025-02-20T12:29:46.057+0100] {logging_mixin.py:190} INFO - [2025-02-20T12:29:46.057+0100] {dag.py:3239} INFO - Sync 1 DAGs
[2025-02-20T12:29:46.061+0100] {logging_mixin.py:190} INFO - [2025-02-20T12:29:46.061+0100] {dag.py:4180} INFO - Setting next_dagrun for example_display_name to None, run_after=None
[2025-02-20T12:29:46.068+0100] {processor.py:208} INFO - Processing /Users/ajlakorman/Desktop/Data-Mining-Projects/Apache_Airflow/venv/lib/python3.10/site-packages/airflow/example_dags/example_display_name.py took 0.112 seconds
[2025-02-20T12:32:19.470+0100] {processor.py:186} INFO - Started process (PID=13526) to work on /Users/ajlakorman/Desktop/Data-Mining-Projects/Apache_Airflow/venv/lib/python3.10/site-packages/airflow/example_dags/example_display_name.py
[2025-02-20T12:32:19.471+0100] {processor.py:914} INFO - Processing file /Users/ajlakorman/Desktop/Data-Mining-Projects/Apache_Airflow/venv/lib/python3.10/site-packages/airflow/example_dags/example_display_name.py for tasks to queue
[2025-02-20T12:32:19.471+0100] {logging_mixin.py:190} INFO - [2025-02-20T12:32:19.471+0100] {dagbag.py:588} INFO - Filling up the DagBag from /Users/ajlakorman/Desktop/Data-Mining-Projects/Apache_Airflow/venv/lib/python3.10/site-packages/airflow/example_dags/example_display_name.py
[2025-02-20T12:32:19.486+0100] {processor.py:925} INFO - DAG(s) 'example_display_name' retrieved from /Users/ajlakorman/Desktop/Data-Mining-Projects/Apache_Airflow/venv/lib/python3.10/site-packages/airflow/example_dags/example_display_name.py
[2025-02-20T12:32:19.548+0100] {logging_mixin.py:190} INFO - [2025-02-20T12:32:19.548+0100] {dag.py:3239} INFO - Sync 1 DAGs
[2025-02-20T12:32:19.553+0100] {logging_mixin.py:190} INFO - [2025-02-20T12:32:19.552+0100] {dag.py:4180} INFO - Setting next_dagrun for example_display_name to None, run_after=None
[2025-02-20T12:32:19.559+0100] {processor.py:208} INFO - Processing /Users/ajlakorman/Desktop/Data-Mining-Projects/Apache_Airflow/venv/lib/python3.10/site-packages/airflow/example_dags/example_display_name.py took 0.091 seconds
[2025-02-20T12:34:48.039+0100] {processor.py:186} INFO - Started process (PID=13816) to work on /Users/ajlakorman/Desktop/Data-Mining-Projects/Apache_Airflow/venv/lib/python3.10/site-packages/airflow/example_dags/example_display_name.py
[2025-02-20T12:34:48.040+0100] {processor.py:914} INFO - Processing file /Users/ajlakorman/Desktop/Data-Mining-Projects/Apache_Airflow/venv/lib/python3.10/site-packages/airflow/example_dags/example_display_name.py for tasks to queue
[2025-02-20T12:34:48.041+0100] {logging_mixin.py:190} INFO - [2025-02-20T12:34:48.041+0100] {dagbag.py:588} INFO - Filling up the DagBag from /Users/ajlakorman/Desktop/Data-Mining-Projects/Apache_Airflow/venv/lib/python3.10/site-packages/airflow/example_dags/example_display_name.py
[2025-02-20T12:34:48.056+0100] {processor.py:925} INFO - DAG(s) 'example_display_name' retrieved from /Users/ajlakorman/Desktop/Data-Mining-Projects/Apache_Airflow/venv/lib/python3.10/site-packages/airflow/example_dags/example_display_name.py
[2025-02-20T12:34:48.117+0100] {logging_mixin.py:190} INFO - [2025-02-20T12:34:48.117+0100] {dag.py:3239} INFO - Sync 1 DAGs
[2025-02-20T12:34:48.121+0100] {logging_mixin.py:190} INFO - [2025-02-20T12:34:48.121+0100] {dag.py:4180} INFO - Setting next_dagrun for example_display_name to None, run_after=None
[2025-02-20T12:34:48.128+0100] {processor.py:208} INFO - Processing /Users/ajlakorman/Desktop/Data-Mining-Projects/Apache_Airflow/venv/lib/python3.10/site-packages/airflow/example_dags/example_display_name.py took 0.090 seconds
[2025-02-20T12:37:26.920+0100] {processor.py:186} INFO - Started process (PID=14243) to work on /Users/ajlakorman/Desktop/Data-Mining-Projects/Apache_Airflow/venv/lib/python3.10/site-packages/airflow/example_dags/example_display_name.py
[2025-02-20T12:37:26.922+0100] {processor.py:914} INFO - Processing file /Users/ajlakorman/Desktop/Data-Mining-Projects/Apache_Airflow/venv/lib/python3.10/site-packages/airflow/example_dags/example_display_name.py for tasks to queue
[2025-02-20T12:37:26.922+0100] {logging_mixin.py:190} INFO - [2025-02-20T12:37:26.922+0100] {dagbag.py:588} INFO - Filling up the DagBag from /Users/ajlakorman/Desktop/Data-Mining-Projects/Apache_Airflow/venv/lib/python3.10/site-packages/airflow/example_dags/example_display_name.py
[2025-02-20T12:37:26.937+0100] {processor.py:925} INFO - DAG(s) 'example_display_name' retrieved from /Users/ajlakorman/Desktop/Data-Mining-Projects/Apache_Airflow/venv/lib/python3.10/site-packages/airflow/example_dags/example_display_name.py
[2025-02-20T12:37:26.998+0100] {logging_mixin.py:190} INFO - [2025-02-20T12:37:26.998+0100] {dag.py:3239} INFO - Sync 1 DAGs
[2025-02-20T12:37:27.002+0100] {logging_mixin.py:190} INFO - [2025-02-20T12:37:27.002+0100] {dag.py:4180} INFO - Setting next_dagrun for example_display_name to None, run_after=None
[2025-02-20T12:37:27.009+0100] {processor.py:208} INFO - Processing /Users/ajlakorman/Desktop/Data-Mining-Projects/Apache_Airflow/venv/lib/python3.10/site-packages/airflow/example_dags/example_display_name.py took 0.090 seconds
[2025-02-20T12:55:06.067+0100] {processor.py:186} INFO - Started process (PID=14596) to work on /Users/ajlakorman/Desktop/Data-Mining-Projects/Apache_Airflow/venv/lib/python3.10/site-packages/airflow/example_dags/example_display_name.py
[2025-02-20T12:55:06.067+0100] {processor.py:914} INFO - Processing file /Users/ajlakorman/Desktop/Data-Mining-Projects/Apache_Airflow/venv/lib/python3.10/site-packages/airflow/example_dags/example_display_name.py for tasks to queue
[2025-02-20T12:55:06.068+0100] {logging_mixin.py:190} INFO - [2025-02-20T12:55:06.068+0100] {dagbag.py:588} INFO - Filling up the DagBag from /Users/ajlakorman/Desktop/Data-Mining-Projects/Apache_Airflow/venv/lib/python3.10/site-packages/airflow/example_dags/example_display_name.py
[2025-02-20T12:55:06.083+0100] {processor.py:925} INFO - DAG(s) 'example_display_name' retrieved from /Users/ajlakorman/Desktop/Data-Mining-Projects/Apache_Airflow/venv/lib/python3.10/site-packages/airflow/example_dags/example_display_name.py
[2025-02-20T12:55:06.144+0100] {logging_mixin.py:190} INFO - [2025-02-20T12:55:06.144+0100] {dag.py:3239} INFO - Sync 1 DAGs
[2025-02-20T12:55:06.148+0100] {logging_mixin.py:190} INFO - [2025-02-20T12:55:06.148+0100] {dag.py:4180} INFO - Setting next_dagrun for example_display_name to None, run_after=None
[2025-02-20T12:55:06.155+0100] {processor.py:208} INFO - Processing /Users/ajlakorman/Desktop/Data-Mining-Projects/Apache_Airflow/venv/lib/python3.10/site-packages/airflow/example_dags/example_display_name.py took 0.090 seconds
[2025-02-20T12:57:17.546+0100] {processor.py:186} INFO - Started process (PID=14875) to work on /Users/ajlakorman/Desktop/Data-Mining-Projects/Apache_Airflow/venv/lib/python3.10/site-packages/airflow/example_dags/example_display_name.py
[2025-02-20T12:57:17.547+0100] {processor.py:914} INFO - Processing file /Users/ajlakorman/Desktop/Data-Mining-Projects/Apache_Airflow/venv/lib/python3.10/site-packages/airflow/example_dags/example_display_name.py for tasks to queue
[2025-02-20T12:57:17.547+0100] {logging_mixin.py:190} INFO - [2025-02-20T12:57:17.547+0100] {dagbag.py:588} INFO - Filling up the DagBag from /Users/ajlakorman/Desktop/Data-Mining-Projects/Apache_Airflow/venv/lib/python3.10/site-packages/airflow/example_dags/example_display_name.py
[2025-02-20T12:57:17.563+0100] {processor.py:925} INFO - DAG(s) 'example_display_name' retrieved from /Users/ajlakorman/Desktop/Data-Mining-Projects/Apache_Airflow/venv/lib/python3.10/site-packages/airflow/example_dags/example_display_name.py
[2025-02-20T12:57:17.634+0100] {logging_mixin.py:190} INFO - [2025-02-20T12:57:17.634+0100] {dag.py:3239} INFO - Sync 1 DAGs
[2025-02-20T12:57:17.639+0100] {logging_mixin.py:190} INFO - [2025-02-20T12:57:17.638+0100] {dag.py:4180} INFO - Setting next_dagrun for example_display_name to None, run_after=None
[2025-02-20T12:57:17.646+0100] {processor.py:208} INFO - Processing /Users/ajlakorman/Desktop/Data-Mining-Projects/Apache_Airflow/venv/lib/python3.10/site-packages/airflow/example_dags/example_display_name.py took 0.109 seconds
[2025-02-20T13:00:10.356+0100] {processor.py:186} INFO - Started process (PID=15117) to work on /Users/ajlakorman/Desktop/Data-Mining-Projects/Apache_Airflow/venv/lib/python3.10/site-packages/airflow/example_dags/example_display_name.py
[2025-02-20T13:00:10.357+0100] {processor.py:914} INFO - Processing file /Users/ajlakorman/Desktop/Data-Mining-Projects/Apache_Airflow/venv/lib/python3.10/site-packages/airflow/example_dags/example_display_name.py for tasks to queue
[2025-02-20T13:00:10.357+0100] {logging_mixin.py:190} INFO - [2025-02-20T13:00:10.357+0100] {dagbag.py:588} INFO - Filling up the DagBag from /Users/ajlakorman/Desktop/Data-Mining-Projects/Apache_Airflow/venv/lib/python3.10/site-packages/airflow/example_dags/example_display_name.py
[2025-02-20T13:00:10.372+0100] {processor.py:925} INFO - DAG(s) 'example_display_name' retrieved from /Users/ajlakorman/Desktop/Data-Mining-Projects/Apache_Airflow/venv/lib/python3.10/site-packages/airflow/example_dags/example_display_name.py
[2025-02-20T13:00:10.447+0100] {logging_mixin.py:190} INFO - [2025-02-20T13:00:10.447+0100] {dag.py:3239} INFO - Sync 1 DAGs
[2025-02-20T13:00:10.452+0100] {logging_mixin.py:190} INFO - [2025-02-20T13:00:10.452+0100] {dag.py:4180} INFO - Setting next_dagrun for example_display_name to None, run_after=None
[2025-02-20T13:00:10.459+0100] {processor.py:208} INFO - Processing /Users/ajlakorman/Desktop/Data-Mining-Projects/Apache_Airflow/venv/lib/python3.10/site-packages/airflow/example_dags/example_display_name.py took 0.104 seconds
[2025-02-20T13:02:49.112+0100] {processor.py:186} INFO - Started process (PID=15341) to work on /Users/ajlakorman/Desktop/Data-Mining-Projects/Apache_Airflow/venv/lib/python3.10/site-packages/airflow/example_dags/example_display_name.py
[2025-02-20T13:02:49.114+0100] {processor.py:914} INFO - Processing file /Users/ajlakorman/Desktop/Data-Mining-Projects/Apache_Airflow/venv/lib/python3.10/site-packages/airflow/example_dags/example_display_name.py for tasks to queue
[2025-02-20T13:02:49.114+0100] {logging_mixin.py:190} INFO - [2025-02-20T13:02:49.114+0100] {dagbag.py:588} INFO - Filling up the DagBag from /Users/ajlakorman/Desktop/Data-Mining-Projects/Apache_Airflow/venv/lib/python3.10/site-packages/airflow/example_dags/example_display_name.py
[2025-02-20T13:02:49.129+0100] {processor.py:925} INFO - DAG(s) 'example_display_name' retrieved from /Users/ajlakorman/Desktop/Data-Mining-Projects/Apache_Airflow/venv/lib/python3.10/site-packages/airflow/example_dags/example_display_name.py
[2025-02-20T13:02:49.189+0100] {logging_mixin.py:190} INFO - [2025-02-20T13:02:49.188+0100] {dag.py:3239} INFO - Sync 1 DAGs
[2025-02-20T13:02:49.193+0100] {logging_mixin.py:190} INFO - [2025-02-20T13:02:49.193+0100] {dag.py:4180} INFO - Setting next_dagrun for example_display_name to None, run_after=None
[2025-02-20T13:02:49.199+0100] {processor.py:208} INFO - Processing /Users/ajlakorman/Desktop/Data-Mining-Projects/Apache_Airflow/venv/lib/python3.10/site-packages/airflow/example_dags/example_display_name.py took 0.088 seconds
[2025-02-20T13:08:21.330+0100] {processor.py:186} INFO - Started process (PID=15691) to work on /Users/ajlakorman/Desktop/Data-Mining-Projects/Apache_Airflow/venv/lib/python3.10/site-packages/airflow/example_dags/example_display_name.py
[2025-02-20T13:08:21.331+0100] {processor.py:914} INFO - Processing file /Users/ajlakorman/Desktop/Data-Mining-Projects/Apache_Airflow/venv/lib/python3.10/site-packages/airflow/example_dags/example_display_name.py for tasks to queue
[2025-02-20T13:08:21.331+0100] {logging_mixin.py:190} INFO - [2025-02-20T13:08:21.331+0100] {dagbag.py:588} INFO - Filling up the DagBag from /Users/ajlakorman/Desktop/Data-Mining-Projects/Apache_Airflow/venv/lib/python3.10/site-packages/airflow/example_dags/example_display_name.py
[2025-02-20T13:08:21.346+0100] {processor.py:925} INFO - DAG(s) 'example_display_name' retrieved from /Users/ajlakorman/Desktop/Data-Mining-Projects/Apache_Airflow/venv/lib/python3.10/site-packages/airflow/example_dags/example_display_name.py
[2025-02-20T13:08:21.410+0100] {logging_mixin.py:190} INFO - [2025-02-20T13:08:21.410+0100] {dag.py:3239} INFO - Sync 1 DAGs
[2025-02-20T13:08:21.415+0100] {logging_mixin.py:190} INFO - [2025-02-20T13:08:21.414+0100] {dag.py:4180} INFO - Setting next_dagrun for example_display_name to None, run_after=None
[2025-02-20T13:08:21.423+0100] {processor.py:208} INFO - Processing /Users/ajlakorman/Desktop/Data-Mining-Projects/Apache_Airflow/venv/lib/python3.10/site-packages/airflow/example_dags/example_display_name.py took 0.095 seconds
[2025-02-20T13:11:07.824+0100] {processor.py:186} INFO - Started process (PID=16032) to work on /Users/ajlakorman/Desktop/Data-Mining-Projects/Apache_Airflow/venv/lib/python3.10/site-packages/airflow/example_dags/example_display_name.py
[2025-02-20T13:11:07.825+0100] {processor.py:914} INFO - Processing file /Users/ajlakorman/Desktop/Data-Mining-Projects/Apache_Airflow/venv/lib/python3.10/site-packages/airflow/example_dags/example_display_name.py for tasks to queue
[2025-02-20T13:11:07.825+0100] {logging_mixin.py:190} INFO - [2025-02-20T13:11:07.825+0100] {dagbag.py:588} INFO - Filling up the DagBag from /Users/ajlakorman/Desktop/Data-Mining-Projects/Apache_Airflow/venv/lib/python3.10/site-packages/airflow/example_dags/example_display_name.py
[2025-02-20T13:11:07.843+0100] {processor.py:925} INFO - DAG(s) 'example_display_name' retrieved from /Users/ajlakorman/Desktop/Data-Mining-Projects/Apache_Airflow/venv/lib/python3.10/site-packages/airflow/example_dags/example_display_name.py
[2025-02-20T13:11:07.911+0100] {logging_mixin.py:190} INFO - [2025-02-20T13:11:07.911+0100] {dag.py:3239} INFO - Sync 1 DAGs
[2025-02-20T13:11:07.916+0100] {logging_mixin.py:190} INFO - [2025-02-20T13:11:07.916+0100] {dag.py:4180} INFO - Setting next_dagrun for example_display_name to None, run_after=None
[2025-02-20T13:11:07.922+0100] {processor.py:208} INFO - Processing /Users/ajlakorman/Desktop/Data-Mining-Projects/Apache_Airflow/venv/lib/python3.10/site-packages/airflow/example_dags/example_display_name.py took 0.100 seconds
[2025-02-20T13:14:07.696+0100] {processor.py:186} INFO - Started process (PID=16308) to work on /Users/ajlakorman/Desktop/Data-Mining-Projects/Apache_Airflow/venv/lib/python3.10/site-packages/airflow/example_dags/example_display_name.py
[2025-02-20T13:14:07.698+0100] {processor.py:914} INFO - Processing file /Users/ajlakorman/Desktop/Data-Mining-Projects/Apache_Airflow/venv/lib/python3.10/site-packages/airflow/example_dags/example_display_name.py for tasks to queue
[2025-02-20T13:14:07.698+0100] {logging_mixin.py:190} INFO - [2025-02-20T13:14:07.698+0100] {dagbag.py:588} INFO - Filling up the DagBag from /Users/ajlakorman/Desktop/Data-Mining-Projects/Apache_Airflow/venv/lib/python3.10/site-packages/airflow/example_dags/example_display_name.py
[2025-02-20T13:14:07.713+0100] {processor.py:925} INFO - DAG(s) 'example_display_name' retrieved from /Users/ajlakorman/Desktop/Data-Mining-Projects/Apache_Airflow/venv/lib/python3.10/site-packages/airflow/example_dags/example_display_name.py
[2025-02-20T13:14:07.777+0100] {logging_mixin.py:190} INFO - [2025-02-20T13:14:07.776+0100] {dag.py:3239} INFO - Sync 1 DAGs
[2025-02-20T13:14:07.781+0100] {logging_mixin.py:190} INFO - [2025-02-20T13:14:07.781+0100] {dag.py:4180} INFO - Setting next_dagrun for example_display_name to None, run_after=None
[2025-02-20T13:14:07.790+0100] {processor.py:208} INFO - Processing /Users/ajlakorman/Desktop/Data-Mining-Projects/Apache_Airflow/venv/lib/python3.10/site-packages/airflow/example_dags/example_display_name.py took 0.096 seconds
[2025-02-20T13:17:07.560+0100] {processor.py:186} INFO - Started process (PID=16641) to work on /Users/ajlakorman/Desktop/Data-Mining-Projects/Apache_Airflow/venv/lib/python3.10/site-packages/airflow/example_dags/example_display_name.py
[2025-02-20T13:17:07.561+0100] {processor.py:914} INFO - Processing file /Users/ajlakorman/Desktop/Data-Mining-Projects/Apache_Airflow/venv/lib/python3.10/site-packages/airflow/example_dags/example_display_name.py for tasks to queue
[2025-02-20T13:17:07.561+0100] {logging_mixin.py:190} INFO - [2025-02-20T13:17:07.561+0100] {dagbag.py:588} INFO - Filling up the DagBag from /Users/ajlakorman/Desktop/Data-Mining-Projects/Apache_Airflow/venv/lib/python3.10/site-packages/airflow/example_dags/example_display_name.py
[2025-02-20T13:17:07.579+0100] {processor.py:925} INFO - DAG(s) 'example_display_name' retrieved from /Users/ajlakorman/Desktop/Data-Mining-Projects/Apache_Airflow/venv/lib/python3.10/site-packages/airflow/example_dags/example_display_name.py
[2025-02-20T13:17:07.652+0100] {logging_mixin.py:190} INFO - [2025-02-20T13:17:07.652+0100] {dag.py:3239} INFO - Sync 1 DAGs
[2025-02-20T13:17:07.658+0100] {logging_mixin.py:190} INFO - [2025-02-20T13:17:07.658+0100] {dag.py:4180} INFO - Setting next_dagrun for example_display_name to None, run_after=None
[2025-02-20T13:17:07.668+0100] {processor.py:208} INFO - Processing /Users/ajlakorman/Desktop/Data-Mining-Projects/Apache_Airflow/venv/lib/python3.10/site-packages/airflow/example_dags/example_display_name.py took 0.110 seconds
[2025-02-20T13:20:12.459+0100] {processor.py:186} INFO - Started process (PID=16986) to work on /Users/ajlakorman/Desktop/Data-Mining-Projects/Apache_Airflow/venv/lib/python3.10/site-packages/airflow/example_dags/example_display_name.py
[2025-02-20T13:20:12.460+0100] {processor.py:914} INFO - Processing file /Users/ajlakorman/Desktop/Data-Mining-Projects/Apache_Airflow/venv/lib/python3.10/site-packages/airflow/example_dags/example_display_name.py for tasks to queue
[2025-02-20T13:20:12.460+0100] {logging_mixin.py:190} INFO - [2025-02-20T13:20:12.460+0100] {dagbag.py:588} INFO - Filling up the DagBag from /Users/ajlakorman/Desktop/Data-Mining-Projects/Apache_Airflow/venv/lib/python3.10/site-packages/airflow/example_dags/example_display_name.py
[2025-02-20T13:20:12.475+0100] {processor.py:925} INFO - DAG(s) 'example_display_name' retrieved from /Users/ajlakorman/Desktop/Data-Mining-Projects/Apache_Airflow/venv/lib/python3.10/site-packages/airflow/example_dags/example_display_name.py
[2025-02-20T13:20:12.537+0100] {logging_mixin.py:190} INFO - [2025-02-20T13:20:12.537+0100] {dag.py:3239} INFO - Sync 1 DAGs
[2025-02-20T13:20:12.542+0100] {logging_mixin.py:190} INFO - [2025-02-20T13:20:12.542+0100] {dag.py:4180} INFO - Setting next_dagrun for example_display_name to None, run_after=None
[2025-02-20T13:20:12.550+0100] {processor.py:208} INFO - Processing /Users/ajlakorman/Desktop/Data-Mining-Projects/Apache_Airflow/venv/lib/python3.10/site-packages/airflow/example_dags/example_display_name.py took 0.092 seconds
[2025-02-20T13:23:05.232+0100] {processor.py:186} INFO - Started process (PID=17342) to work on /Users/ajlakorman/Desktop/Data-Mining-Projects/Apache_Airflow/venv/lib/python3.10/site-packages/airflow/example_dags/example_display_name.py
[2025-02-20T13:23:05.233+0100] {processor.py:914} INFO - Processing file /Users/ajlakorman/Desktop/Data-Mining-Projects/Apache_Airflow/venv/lib/python3.10/site-packages/airflow/example_dags/example_display_name.py for tasks to queue
[2025-02-20T13:23:05.233+0100] {logging_mixin.py:190} INFO - [2025-02-20T13:23:05.233+0100] {dagbag.py:588} INFO - Filling up the DagBag from /Users/ajlakorman/Desktop/Data-Mining-Projects/Apache_Airflow/venv/lib/python3.10/site-packages/airflow/example_dags/example_display_name.py
[2025-02-20T13:23:05.251+0100] {processor.py:925} INFO - DAG(s) 'example_display_name' retrieved from /Users/ajlakorman/Desktop/Data-Mining-Projects/Apache_Airflow/venv/lib/python3.10/site-packages/airflow/example_dags/example_display_name.py
[2025-02-20T13:23:05.313+0100] {logging_mixin.py:190} INFO - [2025-02-20T13:23:05.312+0100] {dag.py:3239} INFO - Sync 1 DAGs
[2025-02-20T13:23:05.317+0100] {logging_mixin.py:190} INFO - [2025-02-20T13:23:05.317+0100] {dag.py:4180} INFO - Setting next_dagrun for example_display_name to None, run_after=None
[2025-02-20T13:23:05.324+0100] {processor.py:208} INFO - Processing /Users/ajlakorman/Desktop/Data-Mining-Projects/Apache_Airflow/venv/lib/python3.10/site-packages/airflow/example_dags/example_display_name.py took 0.093 seconds
[2025-02-20T13:25:41.099+0100] {processor.py:186} INFO - Started process (PID=17553) to work on /Users/ajlakorman/Desktop/Data-Mining-Projects/Apache_Airflow/venv/lib/python3.10/site-packages/airflow/example_dags/example_display_name.py
[2025-02-20T13:25:41.100+0100] {processor.py:914} INFO - Processing file /Users/ajlakorman/Desktop/Data-Mining-Projects/Apache_Airflow/venv/lib/python3.10/site-packages/airflow/example_dags/example_display_name.py for tasks to queue
[2025-02-20T13:25:41.101+0100] {logging_mixin.py:190} INFO - [2025-02-20T13:25:41.101+0100] {dagbag.py:588} INFO - Filling up the DagBag from /Users/ajlakorman/Desktop/Data-Mining-Projects/Apache_Airflow/venv/lib/python3.10/site-packages/airflow/example_dags/example_display_name.py
[2025-02-20T13:25:41.115+0100] {processor.py:925} INFO - DAG(s) 'example_display_name' retrieved from /Users/ajlakorman/Desktop/Data-Mining-Projects/Apache_Airflow/venv/lib/python3.10/site-packages/airflow/example_dags/example_display_name.py
[2025-02-20T13:25:41.177+0100] {logging_mixin.py:190} INFO - [2025-02-20T13:25:41.177+0100] {dag.py:3239} INFO - Sync 1 DAGs
[2025-02-20T13:25:41.182+0100] {logging_mixin.py:190} INFO - [2025-02-20T13:25:41.181+0100] {dag.py:4180} INFO - Setting next_dagrun for example_display_name to None, run_after=None
[2025-02-20T13:25:41.189+0100] {processor.py:208} INFO - Processing /Users/ajlakorman/Desktop/Data-Mining-Projects/Apache_Airflow/venv/lib/python3.10/site-packages/airflow/example_dags/example_display_name.py took 0.091 seconds
[2025-02-20T13:28:19.981+0100] {processor.py:186} INFO - Started process (PID=17923) to work on /Users/ajlakorman/Desktop/Data-Mining-Projects/Apache_Airflow/venv/lib/python3.10/site-packages/airflow/example_dags/example_display_name.py
[2025-02-20T13:28:19.982+0100] {processor.py:914} INFO - Processing file /Users/ajlakorman/Desktop/Data-Mining-Projects/Apache_Airflow/venv/lib/python3.10/site-packages/airflow/example_dags/example_display_name.py for tasks to queue
[2025-02-20T13:28:19.983+0100] {logging_mixin.py:190} INFO - [2025-02-20T13:28:19.983+0100] {dagbag.py:588} INFO - Filling up the DagBag from /Users/ajlakorman/Desktop/Data-Mining-Projects/Apache_Airflow/venv/lib/python3.10/site-packages/airflow/example_dags/example_display_name.py
[2025-02-20T13:28:20.000+0100] {processor.py:925} INFO - DAG(s) 'example_display_name' retrieved from /Users/ajlakorman/Desktop/Data-Mining-Projects/Apache_Airflow/venv/lib/python3.10/site-packages/airflow/example_dags/example_display_name.py
[2025-02-20T13:28:20.071+0100] {logging_mixin.py:190} INFO - [2025-02-20T13:28:20.071+0100] {dag.py:3239} INFO - Sync 1 DAGs
[2025-02-20T13:28:20.076+0100] {logging_mixin.py:190} INFO - [2025-02-20T13:28:20.076+0100] {dag.py:4180} INFO - Setting next_dagrun for example_display_name to None, run_after=None
[2025-02-20T13:28:20.084+0100] {processor.py:208} INFO - Processing /Users/ajlakorman/Desktop/Data-Mining-Projects/Apache_Airflow/venv/lib/python3.10/site-packages/airflow/example_dags/example_display_name.py took 0.104 seconds
[2025-02-20T13:30:56.531+0100] {processor.py:186} INFO - Started process (PID=18121) to work on /Users/ajlakorman/Desktop/Data-Mining-Projects/Apache_Airflow/venv/lib/python3.10/site-packages/airflow/example_dags/example_display_name.py
[2025-02-20T13:30:56.532+0100] {processor.py:914} INFO - Processing file /Users/ajlakorman/Desktop/Data-Mining-Projects/Apache_Airflow/venv/lib/python3.10/site-packages/airflow/example_dags/example_display_name.py for tasks to queue
[2025-02-20T13:30:56.533+0100] {logging_mixin.py:190} INFO - [2025-02-20T13:30:56.532+0100] {dagbag.py:588} INFO - Filling up the DagBag from /Users/ajlakorman/Desktop/Data-Mining-Projects/Apache_Airflow/venv/lib/python3.10/site-packages/airflow/example_dags/example_display_name.py
[2025-02-20T13:30:56.547+0100] {processor.py:925} INFO - DAG(s) 'example_display_name' retrieved from /Users/ajlakorman/Desktop/Data-Mining-Projects/Apache_Airflow/venv/lib/python3.10/site-packages/airflow/example_dags/example_display_name.py
[2025-02-20T13:30:56.611+0100] {logging_mixin.py:190} INFO - [2025-02-20T13:30:56.611+0100] {dag.py:3239} INFO - Sync 1 DAGs
[2025-02-20T13:30:56.615+0100] {logging_mixin.py:190} INFO - [2025-02-20T13:30:56.615+0100] {dag.py:4180} INFO - Setting next_dagrun for example_display_name to None, run_after=None
[2025-02-20T13:30:56.622+0100] {processor.py:208} INFO - Processing /Users/ajlakorman/Desktop/Data-Mining-Projects/Apache_Airflow/venv/lib/python3.10/site-packages/airflow/example_dags/example_display_name.py took 0.094 seconds
[2025-02-20T13:33:38.527+0100] {processor.py:186} INFO - Started process (PID=18312) to work on /Users/ajlakorman/Desktop/Data-Mining-Projects/Apache_Airflow/venv/lib/python3.10/site-packages/airflow/example_dags/example_display_name.py
[2025-02-20T13:33:38.528+0100] {processor.py:914} INFO - Processing file /Users/ajlakorman/Desktop/Data-Mining-Projects/Apache_Airflow/venv/lib/python3.10/site-packages/airflow/example_dags/example_display_name.py for tasks to queue
[2025-02-20T13:33:38.528+0100] {logging_mixin.py:190} INFO - [2025-02-20T13:33:38.528+0100] {dagbag.py:588} INFO - Filling up the DagBag from /Users/ajlakorman/Desktop/Data-Mining-Projects/Apache_Airflow/venv/lib/python3.10/site-packages/airflow/example_dags/example_display_name.py
[2025-02-20T13:33:38.545+0100] {processor.py:925} INFO - DAG(s) 'example_display_name' retrieved from /Users/ajlakorman/Desktop/Data-Mining-Projects/Apache_Airflow/venv/lib/python3.10/site-packages/airflow/example_dags/example_display_name.py
[2025-02-20T13:33:38.607+0100] {logging_mixin.py:190} INFO - [2025-02-20T13:33:38.607+0100] {dag.py:3239} INFO - Sync 1 DAGs
[2025-02-20T13:33:38.612+0100] {logging_mixin.py:190} INFO - [2025-02-20T13:33:38.612+0100] {dag.py:4180} INFO - Setting next_dagrun for example_display_name to None, run_after=None
[2025-02-20T13:33:38.620+0100] {processor.py:208} INFO - Processing /Users/ajlakorman/Desktop/Data-Mining-Projects/Apache_Airflow/venv/lib/python3.10/site-packages/airflow/example_dags/example_display_name.py took 0.094 seconds
[2025-02-20T13:36:20.568+0100] {processor.py:186} INFO - Started process (PID=18661) to work on /Users/ajlakorman/Desktop/Data-Mining-Projects/Apache_Airflow/venv/lib/python3.10/site-packages/airflow/example_dags/example_display_name.py
[2025-02-20T13:36:20.569+0100] {processor.py:914} INFO - Processing file /Users/ajlakorman/Desktop/Data-Mining-Projects/Apache_Airflow/venv/lib/python3.10/site-packages/airflow/example_dags/example_display_name.py for tasks to queue
[2025-02-20T13:36:20.570+0100] {logging_mixin.py:190} INFO - [2025-02-20T13:36:20.570+0100] {dagbag.py:588} INFO - Filling up the DagBag from /Users/ajlakorman/Desktop/Data-Mining-Projects/Apache_Airflow/venv/lib/python3.10/site-packages/airflow/example_dags/example_display_name.py
[2025-02-20T13:36:20.585+0100] {processor.py:925} INFO - DAG(s) 'example_display_name' retrieved from /Users/ajlakorman/Desktop/Data-Mining-Projects/Apache_Airflow/venv/lib/python3.10/site-packages/airflow/example_dags/example_display_name.py
[2025-02-20T13:36:20.651+0100] {logging_mixin.py:190} INFO - [2025-02-20T13:36:20.651+0100] {dag.py:3239} INFO - Sync 1 DAGs
[2025-02-20T13:36:20.655+0100] {logging_mixin.py:190} INFO - [2025-02-20T13:36:20.655+0100] {dag.py:4180} INFO - Setting next_dagrun for example_display_name to None, run_after=None
[2025-02-20T13:36:20.663+0100] {processor.py:208} INFO - Processing /Users/ajlakorman/Desktop/Data-Mining-Projects/Apache_Airflow/venv/lib/python3.10/site-packages/airflow/example_dags/example_display_name.py took 0.096 seconds
[2025-02-20T13:39:01.958+0100] {processor.py:186} INFO - Started process (PID=19091) to work on /Users/ajlakorman/Desktop/Data-Mining-Projects/Apache_Airflow/venv/lib/python3.10/site-packages/airflow/example_dags/example_display_name.py
[2025-02-20T13:39:01.960+0100] {processor.py:914} INFO - Processing file /Users/ajlakorman/Desktop/Data-Mining-Projects/Apache_Airflow/venv/lib/python3.10/site-packages/airflow/example_dags/example_display_name.py for tasks to queue
[2025-02-20T13:39:01.961+0100] {logging_mixin.py:190} INFO - [2025-02-20T13:39:01.961+0100] {dagbag.py:588} INFO - Filling up the DagBag from /Users/ajlakorman/Desktop/Data-Mining-Projects/Apache_Airflow/venv/lib/python3.10/site-packages/airflow/example_dags/example_display_name.py
[2025-02-20T13:39:01.983+0100] {processor.py:925} INFO - DAG(s) 'example_display_name' retrieved from /Users/ajlakorman/Desktop/Data-Mining-Projects/Apache_Airflow/venv/lib/python3.10/site-packages/airflow/example_dags/example_display_name.py
[2025-02-20T13:39:02.051+0100] {logging_mixin.py:190} INFO - [2025-02-20T13:39:02.051+0100] {dag.py:3239} INFO - Sync 1 DAGs
[2025-02-20T13:39:02.055+0100] {logging_mixin.py:190} INFO - [2025-02-20T13:39:02.055+0100] {dag.py:4180} INFO - Setting next_dagrun for example_display_name to None, run_after=None
[2025-02-20T13:39:02.062+0100] {processor.py:208} INFO - Processing /Users/ajlakorman/Desktop/Data-Mining-Projects/Apache_Airflow/venv/lib/python3.10/site-packages/airflow/example_dags/example_display_name.py took 0.107 seconds
[2025-02-20T13:41:43.223+0100] {processor.py:186} INFO - Started process (PID=19503) to work on /Users/ajlakorman/Desktop/Data-Mining-Projects/Apache_Airflow/venv/lib/python3.10/site-packages/airflow/example_dags/example_display_name.py
[2025-02-20T13:41:43.224+0100] {processor.py:914} INFO - Processing file /Users/ajlakorman/Desktop/Data-Mining-Projects/Apache_Airflow/venv/lib/python3.10/site-packages/airflow/example_dags/example_display_name.py for tasks to queue
[2025-02-20T13:41:43.224+0100] {logging_mixin.py:190} INFO - [2025-02-20T13:41:43.224+0100] {dagbag.py:588} INFO - Filling up the DagBag from /Users/ajlakorman/Desktop/Data-Mining-Projects/Apache_Airflow/venv/lib/python3.10/site-packages/airflow/example_dags/example_display_name.py
[2025-02-20T13:41:43.239+0100] {processor.py:925} INFO - DAG(s) 'example_display_name' retrieved from /Users/ajlakorman/Desktop/Data-Mining-Projects/Apache_Airflow/venv/lib/python3.10/site-packages/airflow/example_dags/example_display_name.py
[2025-02-20T13:41:43.301+0100] {logging_mixin.py:190} INFO - [2025-02-20T13:41:43.301+0100] {dag.py:3239} INFO - Sync 1 DAGs
[2025-02-20T13:41:43.306+0100] {logging_mixin.py:190} INFO - [2025-02-20T13:41:43.306+0100] {dag.py:4180} INFO - Setting next_dagrun for example_display_name to None, run_after=None
[2025-02-20T13:41:43.312+0100] {processor.py:208} INFO - Processing /Users/ajlakorman/Desktop/Data-Mining-Projects/Apache_Airflow/venv/lib/python3.10/site-packages/airflow/example_dags/example_display_name.py took 0.091 seconds
[2025-02-20T13:44:44.795+0100] {processor.py:186} INFO - Started process (PID=19933) to work on /Users/ajlakorman/Desktop/Data-Mining-Projects/Apache_Airflow/venv/lib/python3.10/site-packages/airflow/example_dags/example_display_name.py
[2025-02-20T13:44:44.796+0100] {processor.py:914} INFO - Processing file /Users/ajlakorman/Desktop/Data-Mining-Projects/Apache_Airflow/venv/lib/python3.10/site-packages/airflow/example_dags/example_display_name.py for tasks to queue
[2025-02-20T13:44:44.796+0100] {logging_mixin.py:190} INFO - [2025-02-20T13:44:44.796+0100] {dagbag.py:588} INFO - Filling up the DagBag from /Users/ajlakorman/Desktop/Data-Mining-Projects/Apache_Airflow/venv/lib/python3.10/site-packages/airflow/example_dags/example_display_name.py
[2025-02-20T13:44:44.825+0100] {processor.py:925} INFO - DAG(s) 'example_display_name' retrieved from /Users/ajlakorman/Desktop/Data-Mining-Projects/Apache_Airflow/venv/lib/python3.10/site-packages/airflow/example_dags/example_display_name.py
[2025-02-20T13:44:44.911+0100] {logging_mixin.py:190} INFO - [2025-02-20T13:44:44.911+0100] {dag.py:3239} INFO - Sync 1 DAGs
[2025-02-20T13:44:44.919+0100] {logging_mixin.py:190} INFO - [2025-02-20T13:44:44.919+0100] {dag.py:4180} INFO - Setting next_dagrun for example_display_name to None, run_after=None
[2025-02-20T13:44:44.930+0100] {processor.py:208} INFO - Processing /Users/ajlakorman/Desktop/Data-Mining-Projects/Apache_Airflow/venv/lib/python3.10/site-packages/airflow/example_dags/example_display_name.py took 0.137 seconds
[2025-02-20T13:47:41.636+0100] {processor.py:186} INFO - Started process (PID=20503) to work on /Users/ajlakorman/Desktop/Data-Mining-Projects/Apache_Airflow/venv/lib/python3.10/site-packages/airflow/example_dags/example_display_name.py
[2025-02-20T13:47:41.639+0100] {processor.py:914} INFO - Processing file /Users/ajlakorman/Desktop/Data-Mining-Projects/Apache_Airflow/venv/lib/python3.10/site-packages/airflow/example_dags/example_display_name.py for tasks to queue
[2025-02-20T13:47:41.640+0100] {logging_mixin.py:190} INFO - [2025-02-20T13:47:41.640+0100] {dagbag.py:588} INFO - Filling up the DagBag from /Users/ajlakorman/Desktop/Data-Mining-Projects/Apache_Airflow/venv/lib/python3.10/site-packages/airflow/example_dags/example_display_name.py
[2025-02-20T13:47:41.662+0100] {processor.py:925} INFO - DAG(s) 'example_display_name' retrieved from /Users/ajlakorman/Desktop/Data-Mining-Projects/Apache_Airflow/venv/lib/python3.10/site-packages/airflow/example_dags/example_display_name.py
[2025-02-20T13:47:41.742+0100] {logging_mixin.py:190} INFO - [2025-02-20T13:47:41.741+0100] {dag.py:3239} INFO - Sync 1 DAGs
[2025-02-20T13:47:41.748+0100] {logging_mixin.py:190} INFO - [2025-02-20T13:47:41.748+0100] {dag.py:4180} INFO - Setting next_dagrun for example_display_name to None, run_after=None
[2025-02-20T13:47:41.760+0100] {processor.py:208} INFO - Processing /Users/ajlakorman/Desktop/Data-Mining-Projects/Apache_Airflow/venv/lib/python3.10/site-packages/airflow/example_dags/example_display_name.py took 0.126 seconds
[2025-02-20T13:50:39.925+0100] {processor.py:186} INFO - Started process (PID=20869) to work on /Users/ajlakorman/Desktop/Data-Mining-Projects/Apache_Airflow/venv/lib/python3.10/site-packages/airflow/example_dags/example_display_name.py
[2025-02-20T13:50:39.926+0100] {processor.py:914} INFO - Processing file /Users/ajlakorman/Desktop/Data-Mining-Projects/Apache_Airflow/venv/lib/python3.10/site-packages/airflow/example_dags/example_display_name.py for tasks to queue
[2025-02-20T13:50:39.927+0100] {logging_mixin.py:190} INFO - [2025-02-20T13:50:39.927+0100] {dagbag.py:588} INFO - Filling up the DagBag from /Users/ajlakorman/Desktop/Data-Mining-Projects/Apache_Airflow/venv/lib/python3.10/site-packages/airflow/example_dags/example_display_name.py
[2025-02-20T13:50:39.943+0100] {processor.py:925} INFO - DAG(s) 'example_display_name' retrieved from /Users/ajlakorman/Desktop/Data-Mining-Projects/Apache_Airflow/venv/lib/python3.10/site-packages/airflow/example_dags/example_display_name.py
[2025-02-20T13:50:40.007+0100] {logging_mixin.py:190} INFO - [2025-02-20T13:50:40.007+0100] {dag.py:3239} INFO - Sync 1 DAGs
[2025-02-20T13:50:40.012+0100] {logging_mixin.py:190} INFO - [2025-02-20T13:50:40.012+0100] {dag.py:4180} INFO - Setting next_dagrun for example_display_name to None, run_after=None
[2025-02-20T13:50:40.019+0100] {processor.py:208} INFO - Processing /Users/ajlakorman/Desktop/Data-Mining-Projects/Apache_Airflow/venv/lib/python3.10/site-packages/airflow/example_dags/example_display_name.py took 0.096 seconds
[2025-02-20T13:53:33.000+0100] {processor.py:186} INFO - Started process (PID=21129) to work on /Users/ajlakorman/Desktop/Data-Mining-Projects/Apache_Airflow/venv/lib/python3.10/site-packages/airflow/example_dags/example_display_name.py
[2025-02-20T13:53:33.002+0100] {processor.py:914} INFO - Processing file /Users/ajlakorman/Desktop/Data-Mining-Projects/Apache_Airflow/venv/lib/python3.10/site-packages/airflow/example_dags/example_display_name.py for tasks to queue
[2025-02-20T13:53:33.002+0100] {logging_mixin.py:190} INFO - [2025-02-20T13:53:33.002+0100] {dagbag.py:588} INFO - Filling up the DagBag from /Users/ajlakorman/Desktop/Data-Mining-Projects/Apache_Airflow/venv/lib/python3.10/site-packages/airflow/example_dags/example_display_name.py
[2025-02-20T13:53:33.024+0100] {processor.py:925} INFO - DAG(s) 'example_display_name' retrieved from /Users/ajlakorman/Desktop/Data-Mining-Projects/Apache_Airflow/venv/lib/python3.10/site-packages/airflow/example_dags/example_display_name.py
[2025-02-20T13:53:33.090+0100] {logging_mixin.py:190} INFO - [2025-02-20T13:53:33.090+0100] {dag.py:3239} INFO - Sync 1 DAGs
[2025-02-20T13:53:33.095+0100] {logging_mixin.py:190} INFO - [2025-02-20T13:53:33.095+0100] {dag.py:4180} INFO - Setting next_dagrun for example_display_name to None, run_after=None
[2025-02-20T13:53:33.103+0100] {processor.py:208} INFO - Processing /Users/ajlakorman/Desktop/Data-Mining-Projects/Apache_Airflow/venv/lib/python3.10/site-packages/airflow/example_dags/example_display_name.py took 0.106 seconds
[2025-02-20T13:56:26.604+0100] {processor.py:186} INFO - Started process (PID=21346) to work on /Users/ajlakorman/Desktop/Data-Mining-Projects/Apache_Airflow/venv/lib/python3.10/site-packages/airflow/example_dags/example_display_name.py
[2025-02-20T13:56:26.607+0100] {processor.py:914} INFO - Processing file /Users/ajlakorman/Desktop/Data-Mining-Projects/Apache_Airflow/venv/lib/python3.10/site-packages/airflow/example_dags/example_display_name.py for tasks to queue
[2025-02-20T13:56:26.608+0100] {logging_mixin.py:190} INFO - [2025-02-20T13:56:26.608+0100] {dagbag.py:588} INFO - Filling up the DagBag from /Users/ajlakorman/Desktop/Data-Mining-Projects/Apache_Airflow/venv/lib/python3.10/site-packages/airflow/example_dags/example_display_name.py
[2025-02-20T13:56:26.623+0100] {processor.py:925} INFO - DAG(s) 'example_display_name' retrieved from /Users/ajlakorman/Desktop/Data-Mining-Projects/Apache_Airflow/venv/lib/python3.10/site-packages/airflow/example_dags/example_display_name.py
[2025-02-20T13:56:26.687+0100] {logging_mixin.py:190} INFO - [2025-02-20T13:56:26.686+0100] {dag.py:3239} INFO - Sync 1 DAGs
[2025-02-20T13:56:26.691+0100] {logging_mixin.py:190} INFO - [2025-02-20T13:56:26.691+0100] {dag.py:4180} INFO - Setting next_dagrun for example_display_name to None, run_after=None
[2025-02-20T13:56:26.698+0100] {processor.py:208} INFO - Processing /Users/ajlakorman/Desktop/Data-Mining-Projects/Apache_Airflow/venv/lib/python3.10/site-packages/airflow/example_dags/example_display_name.py took 0.096 seconds
[2025-02-20T13:59:21.921+0100] {processor.py:186} INFO - Started process (PID=21599) to work on /Users/ajlakorman/Desktop/Data-Mining-Projects/Apache_Airflow/venv/lib/python3.10/site-packages/airflow/example_dags/example_display_name.py
[2025-02-20T13:59:21.922+0100] {processor.py:914} INFO - Processing file /Users/ajlakorman/Desktop/Data-Mining-Projects/Apache_Airflow/venv/lib/python3.10/site-packages/airflow/example_dags/example_display_name.py for tasks to queue
[2025-02-20T13:59:21.923+0100] {logging_mixin.py:190} INFO - [2025-02-20T13:59:21.923+0100] {dagbag.py:588} INFO - Filling up the DagBag from /Users/ajlakorman/Desktop/Data-Mining-Projects/Apache_Airflow/venv/lib/python3.10/site-packages/airflow/example_dags/example_display_name.py
[2025-02-20T13:59:21.948+0100] {processor.py:925} INFO - DAG(s) 'example_display_name' retrieved from /Users/ajlakorman/Desktop/Data-Mining-Projects/Apache_Airflow/venv/lib/python3.10/site-packages/airflow/example_dags/example_display_name.py
[2025-02-20T13:59:22.022+0100] {logging_mixin.py:190} INFO - [2025-02-20T13:59:22.021+0100] {dag.py:3239} INFO - Sync 1 DAGs
[2025-02-20T13:59:22.026+0100] {logging_mixin.py:190} INFO - [2025-02-20T13:59:22.026+0100] {dag.py:4180} INFO - Setting next_dagrun for example_display_name to None, run_after=None
[2025-02-20T13:59:22.033+0100] {processor.py:208} INFO - Processing /Users/ajlakorman/Desktop/Data-Mining-Projects/Apache_Airflow/venv/lib/python3.10/site-packages/airflow/example_dags/example_display_name.py took 0.115 seconds
[2025-02-20T14:02:19.744+0100] {processor.py:186} INFO - Started process (PID=22060) to work on /Users/ajlakorman/Desktop/Data-Mining-Projects/Apache_Airflow/venv/lib/python3.10/site-packages/airflow/example_dags/example_display_name.py
[2025-02-20T14:02:19.745+0100] {processor.py:914} INFO - Processing file /Users/ajlakorman/Desktop/Data-Mining-Projects/Apache_Airflow/venv/lib/python3.10/site-packages/airflow/example_dags/example_display_name.py for tasks to queue
[2025-02-20T14:02:19.746+0100] {logging_mixin.py:190} INFO - [2025-02-20T14:02:19.745+0100] {dagbag.py:588} INFO - Filling up the DagBag from /Users/ajlakorman/Desktop/Data-Mining-Projects/Apache_Airflow/venv/lib/python3.10/site-packages/airflow/example_dags/example_display_name.py
[2025-02-20T14:02:19.762+0100] {processor.py:925} INFO - DAG(s) 'example_display_name' retrieved from /Users/ajlakorman/Desktop/Data-Mining-Projects/Apache_Airflow/venv/lib/python3.10/site-packages/airflow/example_dags/example_display_name.py
[2025-02-20T14:02:19.827+0100] {logging_mixin.py:190} INFO - [2025-02-20T14:02:19.827+0100] {dag.py:3239} INFO - Sync 1 DAGs
[2025-02-20T14:02:19.832+0100] {logging_mixin.py:190} INFO - [2025-02-20T14:02:19.832+0100] {dag.py:4180} INFO - Setting next_dagrun for example_display_name to None, run_after=None
[2025-02-20T14:02:19.839+0100] {processor.py:208} INFO - Processing /Users/ajlakorman/Desktop/Data-Mining-Projects/Apache_Airflow/venv/lib/python3.10/site-packages/airflow/example_dags/example_display_name.py took 0.096 seconds
[2025-02-20T14:05:15.403+0100] {processor.py:186} INFO - Started process (PID=22407) to work on /Users/ajlakorman/Desktop/Data-Mining-Projects/Apache_Airflow/venv/lib/python3.10/site-packages/airflow/example_dags/example_display_name.py
[2025-02-20T14:05:15.404+0100] {processor.py:914} INFO - Processing file /Users/ajlakorman/Desktop/Data-Mining-Projects/Apache_Airflow/venv/lib/python3.10/site-packages/airflow/example_dags/example_display_name.py for tasks to queue
[2025-02-20T14:05:15.405+0100] {logging_mixin.py:190} INFO - [2025-02-20T14:05:15.405+0100] {dagbag.py:588} INFO - Filling up the DagBag from /Users/ajlakorman/Desktop/Data-Mining-Projects/Apache_Airflow/venv/lib/python3.10/site-packages/airflow/example_dags/example_display_name.py
[2025-02-20T14:05:15.421+0100] {processor.py:925} INFO - DAG(s) 'example_display_name' retrieved from /Users/ajlakorman/Desktop/Data-Mining-Projects/Apache_Airflow/venv/lib/python3.10/site-packages/airflow/example_dags/example_display_name.py
[2025-02-20T14:05:15.488+0100] {logging_mixin.py:190} INFO - [2025-02-20T14:05:15.488+0100] {dag.py:3239} INFO - Sync 1 DAGs
[2025-02-20T14:05:15.493+0100] {logging_mixin.py:190} INFO - [2025-02-20T14:05:15.492+0100] {dag.py:4180} INFO - Setting next_dagrun for example_display_name to None, run_after=None
[2025-02-20T14:05:15.499+0100] {processor.py:208} INFO - Processing /Users/ajlakorman/Desktop/Data-Mining-Projects/Apache_Airflow/venv/lib/python3.10/site-packages/airflow/example_dags/example_display_name.py took 0.098 seconds
[2025-02-20T14:08:15.945+0100] {processor.py:186} INFO - Started process (PID=22782) to work on /Users/ajlakorman/Desktop/Data-Mining-Projects/Apache_Airflow/venv/lib/python3.10/site-packages/airflow/example_dags/example_display_name.py
[2025-02-20T14:08:15.946+0100] {processor.py:914} INFO - Processing file /Users/ajlakorman/Desktop/Data-Mining-Projects/Apache_Airflow/venv/lib/python3.10/site-packages/airflow/example_dags/example_display_name.py for tasks to queue
[2025-02-20T14:08:15.947+0100] {logging_mixin.py:190} INFO - [2025-02-20T14:08:15.947+0100] {dagbag.py:588} INFO - Filling up the DagBag from /Users/ajlakorman/Desktop/Data-Mining-Projects/Apache_Airflow/venv/lib/python3.10/site-packages/airflow/example_dags/example_display_name.py
[2025-02-20T14:08:15.969+0100] {processor.py:925} INFO - DAG(s) 'example_display_name' retrieved from /Users/ajlakorman/Desktop/Data-Mining-Projects/Apache_Airflow/venv/lib/python3.10/site-packages/airflow/example_dags/example_display_name.py
[2025-02-20T14:08:16.050+0100] {logging_mixin.py:190} INFO - [2025-02-20T14:08:16.050+0100] {dag.py:3239} INFO - Sync 1 DAGs
[2025-02-20T14:08:16.054+0100] {logging_mixin.py:190} INFO - [2025-02-20T14:08:16.054+0100] {dag.py:4180} INFO - Setting next_dagrun for example_display_name to None, run_after=None
[2025-02-20T14:08:16.063+0100] {processor.py:208} INFO - Processing /Users/ajlakorman/Desktop/Data-Mining-Projects/Apache_Airflow/venv/lib/python3.10/site-packages/airflow/example_dags/example_display_name.py took 0.120 seconds
[2025-02-20T14:11:10.903+0100] {processor.py:186} INFO - Started process (PID=23110) to work on /Users/ajlakorman/Desktop/Data-Mining-Projects/Apache_Airflow/venv/lib/python3.10/site-packages/airflow/example_dags/example_display_name.py
[2025-02-20T14:11:10.905+0100] {processor.py:914} INFO - Processing file /Users/ajlakorman/Desktop/Data-Mining-Projects/Apache_Airflow/venv/lib/python3.10/site-packages/airflow/example_dags/example_display_name.py for tasks to queue
[2025-02-20T14:11:10.906+0100] {logging_mixin.py:190} INFO - [2025-02-20T14:11:10.906+0100] {dagbag.py:588} INFO - Filling up the DagBag from /Users/ajlakorman/Desktop/Data-Mining-Projects/Apache_Airflow/venv/lib/python3.10/site-packages/airflow/example_dags/example_display_name.py
[2025-02-20T14:11:10.926+0100] {processor.py:925} INFO - DAG(s) 'example_display_name' retrieved from /Users/ajlakorman/Desktop/Data-Mining-Projects/Apache_Airflow/venv/lib/python3.10/site-packages/airflow/example_dags/example_display_name.py
[2025-02-20T14:11:10.999+0100] {logging_mixin.py:190} INFO - [2025-02-20T14:11:10.999+0100] {dag.py:3239} INFO - Sync 1 DAGs
[2025-02-20T14:11:11.004+0100] {logging_mixin.py:190} INFO - [2025-02-20T14:11:11.004+0100] {dag.py:4180} INFO - Setting next_dagrun for example_display_name to None, run_after=None
[2025-02-20T14:11:11.013+0100] {processor.py:208} INFO - Processing /Users/ajlakorman/Desktop/Data-Mining-Projects/Apache_Airflow/venv/lib/python3.10/site-packages/airflow/example_dags/example_display_name.py took 0.113 seconds
[2025-02-20T14:14:14.862+0100] {processor.py:186} INFO - Started process (PID=23557) to work on /Users/ajlakorman/Desktop/Data-Mining-Projects/Apache_Airflow/venv/lib/python3.10/site-packages/airflow/example_dags/example_display_name.py
[2025-02-20T14:14:14.863+0100] {processor.py:914} INFO - Processing file /Users/ajlakorman/Desktop/Data-Mining-Projects/Apache_Airflow/venv/lib/python3.10/site-packages/airflow/example_dags/example_display_name.py for tasks to queue
[2025-02-20T14:14:14.864+0100] {logging_mixin.py:190} INFO - [2025-02-20T14:14:14.864+0100] {dagbag.py:588} INFO - Filling up the DagBag from /Users/ajlakorman/Desktop/Data-Mining-Projects/Apache_Airflow/venv/lib/python3.10/site-packages/airflow/example_dags/example_display_name.py
[2025-02-20T14:14:14.881+0100] {processor.py:925} INFO - DAG(s) 'example_display_name' retrieved from /Users/ajlakorman/Desktop/Data-Mining-Projects/Apache_Airflow/venv/lib/python3.10/site-packages/airflow/example_dags/example_display_name.py
[2025-02-20T14:14:14.947+0100] {logging_mixin.py:190} INFO - [2025-02-20T14:14:14.946+0100] {dag.py:3239} INFO - Sync 1 DAGs
[2025-02-20T14:14:14.951+0100] {logging_mixin.py:190} INFO - [2025-02-20T14:14:14.951+0100] {dag.py:4180} INFO - Setting next_dagrun for example_display_name to None, run_after=None
[2025-02-20T14:14:14.958+0100] {processor.py:208} INFO - Processing /Users/ajlakorman/Desktop/Data-Mining-Projects/Apache_Airflow/venv/lib/python3.10/site-packages/airflow/example_dags/example_display_name.py took 0.099 seconds
[2025-02-20T14:17:07.218+0100] {processor.py:186} INFO - Started process (PID=23787) to work on /Users/ajlakorman/Desktop/Data-Mining-Projects/Apache_Airflow/venv/lib/python3.10/site-packages/airflow/example_dags/example_display_name.py
[2025-02-20T14:17:07.219+0100] {processor.py:914} INFO - Processing file /Users/ajlakorman/Desktop/Data-Mining-Projects/Apache_Airflow/venv/lib/python3.10/site-packages/airflow/example_dags/example_display_name.py for tasks to queue
[2025-02-20T14:17:07.219+0100] {logging_mixin.py:190} INFO - [2025-02-20T14:17:07.219+0100] {dagbag.py:588} INFO - Filling up the DagBag from /Users/ajlakorman/Desktop/Data-Mining-Projects/Apache_Airflow/venv/lib/python3.10/site-packages/airflow/example_dags/example_display_name.py
[2025-02-20T14:17:07.235+0100] {processor.py:925} INFO - DAG(s) 'example_display_name' retrieved from /Users/ajlakorman/Desktop/Data-Mining-Projects/Apache_Airflow/venv/lib/python3.10/site-packages/airflow/example_dags/example_display_name.py
[2025-02-20T14:17:07.296+0100] {logging_mixin.py:190} INFO - [2025-02-20T14:17:07.296+0100] {dag.py:3239} INFO - Sync 1 DAGs
[2025-02-20T14:17:07.300+0100] {logging_mixin.py:190} INFO - [2025-02-20T14:17:07.300+0100] {dag.py:4180} INFO - Setting next_dagrun for example_display_name to None, run_after=None
[2025-02-20T14:17:07.307+0100] {processor.py:208} INFO - Processing /Users/ajlakorman/Desktop/Data-Mining-Projects/Apache_Airflow/venv/lib/python3.10/site-packages/airflow/example_dags/example_display_name.py took 0.090 seconds
