[2025-02-20T10:53:29.027+0100] {processor.py:186} INFO - Started process (PID=6399) to work on /Users/ajlakorman/Desktop/Data-Mining-Projects/Apache_Airflow/venv/lib/python3.10/site-packages/airflow/example_dags/example_branch_datetime_operator.py
[2025-02-20T10:53:29.028+0100] {processor.py:914} INFO - Processing file /Users/ajlakorman/Desktop/Data-Mining-Projects/Apache_Airflow/venv/lib/python3.10/site-packages/airflow/example_dags/example_branch_datetime_operator.py for tasks to queue
[2025-02-20T10:53:29.028+0100] {logging_mixin.py:190} INFO - [2025-02-20T10:53:29.028+0100] {dagbag.py:588} INFO - Filling up the DagBag from /Users/ajlakorman/Desktop/Data-Mining-Projects/Apache_Airflow/venv/lib/python3.10/site-packages/airflow/example_dags/example_branch_datetime_operator.py
[2025-02-20T10:53:29.035+0100] {processor.py:925} INFO - DAG(s) 'example_branch_datetime_operator', 'example_branch_datetime_operator_2', 'example_branch_datetime_operator_3' retrieved from /Users/ajlakorman/Desktop/Data-Mining-Projects/Apache_Airflow/venv/lib/python3.10/site-packages/airflow/example_dags/example_branch_datetime_operator.py
[2025-02-20T10:53:29.347+0100] {logging_mixin.py:190} INFO - [2025-02-20T10:53:29.347+0100] {override.py:1912} INFO - Created Permission View: can delete on DAG:example_branch_datetime_operator
[2025-02-20T10:53:29.352+0100] {logging_mixin.py:190} INFO - [2025-02-20T10:53:29.352+0100] {override.py:1912} INFO - Created Permission View: can edit on DAG:example_branch_datetime_operator
[2025-02-20T10:53:29.355+0100] {logging_mixin.py:190} INFO - [2025-02-20T10:53:29.355+0100] {override.py:1912} INFO - Created Permission View: can read on DAG:example_branch_datetime_operator
[2025-02-20T10:53:29.359+0100] {logging_mixin.py:190} INFO - [2025-02-20T10:53:29.359+0100] {override.py:1912} INFO - Created Permission View: can delete on DAG Run:example_branch_datetime_operator
[2025-02-20T10:53:29.363+0100] {logging_mixin.py:190} INFO - [2025-02-20T10:53:29.363+0100] {override.py:1912} INFO - Created Permission View: menu access on DAG Run:example_branch_datetime_operator
[2025-02-20T10:53:29.365+0100] {logging_mixin.py:190} INFO - [2025-02-20T10:53:29.365+0100] {override.py:1912} INFO - Created Permission View: can read on DAG Run:example_branch_datetime_operator
[2025-02-20T10:53:29.368+0100] {logging_mixin.py:190} INFO - [2025-02-20T10:53:29.368+0100] {override.py:1912} INFO - Created Permission View: can create on DAG Run:example_branch_datetime_operator
[2025-02-20T10:53:29.373+0100] {logging_mixin.py:190} INFO - [2025-02-20T10:53:29.373+0100] {override.py:1912} INFO - Created Permission View: can delete on DAG:example_branch_datetime_operator_2
[2025-02-20T10:53:29.376+0100] {logging_mixin.py:190} INFO - [2025-02-20T10:53:29.376+0100] {override.py:1912} INFO - Created Permission View: can edit on DAG:example_branch_datetime_operator_2
[2025-02-20T10:53:29.379+0100] {logging_mixin.py:190} INFO - [2025-02-20T10:53:29.378+0100] {override.py:1912} INFO - Created Permission View: can read on DAG:example_branch_datetime_operator_2
[2025-02-20T10:53:29.385+0100] {logging_mixin.py:190} INFO - [2025-02-20T10:53:29.384+0100] {override.py:1912} INFO - Created Permission View: can delete on DAG Run:example_branch_datetime_operator_2
[2025-02-20T10:53:29.388+0100] {logging_mixin.py:190} INFO - [2025-02-20T10:53:29.388+0100] {override.py:1912} INFO - Created Permission View: menu access on DAG Run:example_branch_datetime_operator_2
[2025-02-20T10:53:29.391+0100] {logging_mixin.py:190} INFO - [2025-02-20T10:53:29.391+0100] {override.py:1912} INFO - Created Permission View: can read on DAG Run:example_branch_datetime_operator_2
[2025-02-20T10:53:29.395+0100] {logging_mixin.py:190} INFO - [2025-02-20T10:53:29.394+0100] {override.py:1912} INFO - Created Permission View: can create on DAG Run:example_branch_datetime_operator_2
[2025-02-20T10:53:29.400+0100] {logging_mixin.py:190} INFO - [2025-02-20T10:53:29.400+0100] {override.py:1912} INFO - Created Permission View: can delete on DAG:example_branch_datetime_operator_3
[2025-02-20T10:53:29.403+0100] {logging_mixin.py:190} INFO - [2025-02-20T10:53:29.403+0100] {override.py:1912} INFO - Created Permission View: can edit on DAG:example_branch_datetime_operator_3
[2025-02-20T10:53:29.405+0100] {logging_mixin.py:190} INFO - [2025-02-20T10:53:29.405+0100] {override.py:1912} INFO - Created Permission View: can read on DAG:example_branch_datetime_operator_3
[2025-02-20T10:53:29.408+0100] {logging_mixin.py:190} INFO - [2025-02-20T10:53:29.408+0100] {override.py:1912} INFO - Created Permission View: can delete on DAG Run:example_branch_datetime_operator_3
[2025-02-20T10:53:29.410+0100] {logging_mixin.py:190} INFO - [2025-02-20T10:53:29.410+0100] {override.py:1912} INFO - Created Permission View: menu access on DAG Run:example_branch_datetime_operator_3
[2025-02-20T10:53:29.413+0100] {logging_mixin.py:190} INFO - [2025-02-20T10:53:29.413+0100] {override.py:1912} INFO - Created Permission View: can read on DAG Run:example_branch_datetime_operator_3
[2025-02-20T10:53:29.415+0100] {logging_mixin.py:190} INFO - [2025-02-20T10:53:29.415+0100] {override.py:1912} INFO - Created Permission View: can create on DAG Run:example_branch_datetime_operator_3
[2025-02-20T10:53:29.415+0100] {logging_mixin.py:190} INFO - [2025-02-20T10:53:29.415+0100] {dag.py:3239} INFO - Sync 3 DAGs
[2025-02-20T10:53:29.421+0100] {logging_mixin.py:190} INFO - [2025-02-20T10:53:29.420+0100] {dag.py:3262} INFO - Creating ORM DAG for example_branch_datetime_operator_2
[2025-02-20T10:53:29.421+0100] {logging_mixin.py:190} INFO - [2025-02-20T10:53:29.421+0100] {dag.py:3262} INFO - Creating ORM DAG for example_branch_datetime_operator_3
[2025-02-20T10:53:29.421+0100] {logging_mixin.py:190} INFO - [2025-02-20T10:53:29.421+0100] {dag.py:3262} INFO - Creating ORM DAG for example_branch_datetime_operator
[2025-02-20T10:53:29.424+0100] {logging_mixin.py:190} INFO - [2025-02-20T10:53:29.424+0100] {dag.py:4180} INFO - Setting next_dagrun for example_branch_datetime_operator to 2025-02-19 00:00:00+00:00, run_after=2025-02-20 00:00:00+00:00
[2025-02-20T10:53:29.425+0100] {logging_mixin.py:190} INFO - [2025-02-20T10:53:29.425+0100] {dag.py:4180} INFO - Setting next_dagrun for example_branch_datetime_operator_2 to 2025-02-19 00:00:00+00:00, run_after=2025-02-20 00:00:00+00:00
[2025-02-20T10:53:29.426+0100] {logging_mixin.py:190} INFO - [2025-02-20T10:53:29.426+0100] {dag.py:4180} INFO - Setting next_dagrun for example_branch_datetime_operator_3 to 2025-02-19 00:00:00+00:00, run_after=2025-02-20 00:00:00+00:00
[2025-02-20T10:53:29.432+0100] {processor.py:208} INFO - Processing /Users/ajlakorman/Desktop/Data-Mining-Projects/Apache_Airflow/venv/lib/python3.10/site-packages/airflow/example_dags/example_branch_datetime_operator.py took 0.407 seconds
[2025-02-20T10:55:58.931+0100] {processor.py:186} INFO - Started process (PID=6734) to work on /Users/ajlakorman/Desktop/Data-Mining-Projects/Apache_Airflow/venv/lib/python3.10/site-packages/airflow/example_dags/example_branch_datetime_operator.py
[2025-02-20T10:55:58.932+0100] {processor.py:914} INFO - Processing file /Users/ajlakorman/Desktop/Data-Mining-Projects/Apache_Airflow/venv/lib/python3.10/site-packages/airflow/example_dags/example_branch_datetime_operator.py for tasks to queue
[2025-02-20T10:55:58.932+0100] {logging_mixin.py:190} INFO - [2025-02-20T10:55:58.932+0100] {dagbag.py:588} INFO - Filling up the DagBag from /Users/ajlakorman/Desktop/Data-Mining-Projects/Apache_Airflow/venv/lib/python3.10/site-packages/airflow/example_dags/example_branch_datetime_operator.py
[2025-02-20T10:55:58.937+0100] {processor.py:925} INFO - DAG(s) 'example_branch_datetime_operator_2', 'example_branch_datetime_operator_3', 'example_branch_datetime_operator' retrieved from /Users/ajlakorman/Desktop/Data-Mining-Projects/Apache_Airflow/venv/lib/python3.10/site-packages/airflow/example_dags/example_branch_datetime_operator.py
[2025-02-20T10:55:59.007+0100] {logging_mixin.py:190} INFO - [2025-02-20T10:55:59.006+0100] {dag.py:3239} INFO - Sync 3 DAGs
[2025-02-20T10:55:59.014+0100] {logging_mixin.py:190} INFO - [2025-02-20T10:55:59.013+0100] {dag.py:4180} INFO - Setting next_dagrun for example_branch_datetime_operator to 2025-02-19 00:00:00+00:00, run_after=2025-02-20 00:00:00+00:00
[2025-02-20T10:55:59.015+0100] {logging_mixin.py:190} INFO - [2025-02-20T10:55:59.015+0100] {dag.py:4180} INFO - Setting next_dagrun for example_branch_datetime_operator_2 to 2025-02-19 00:00:00+00:00, run_after=2025-02-20 00:00:00+00:00
[2025-02-20T10:55:59.016+0100] {logging_mixin.py:190} INFO - [2025-02-20T10:55:59.016+0100] {dag.py:4180} INFO - Setting next_dagrun for example_branch_datetime_operator_3 to 2025-02-19 00:00:00+00:00, run_after=2025-02-20 00:00:00+00:00
[2025-02-20T10:55:59.024+0100] {processor.py:208} INFO - Processing /Users/ajlakorman/Desktop/Data-Mining-Projects/Apache_Airflow/venv/lib/python3.10/site-packages/airflow/example_dags/example_branch_datetime_operator.py took 0.095 seconds
[2025-02-20T10:58:49.666+0100] {processor.py:186} INFO - Started process (PID=7014) to work on /Users/ajlakorman/Desktop/Data-Mining-Projects/Apache_Airflow/venv/lib/python3.10/site-packages/airflow/example_dags/example_branch_datetime_operator.py
[2025-02-20T10:58:49.666+0100] {processor.py:914} INFO - Processing file /Users/ajlakorman/Desktop/Data-Mining-Projects/Apache_Airflow/venv/lib/python3.10/site-packages/airflow/example_dags/example_branch_datetime_operator.py for tasks to queue
[2025-02-20T10:58:49.667+0100] {logging_mixin.py:190} INFO - [2025-02-20T10:58:49.667+0100] {dagbag.py:588} INFO - Filling up the DagBag from /Users/ajlakorman/Desktop/Data-Mining-Projects/Apache_Airflow/venv/lib/python3.10/site-packages/airflow/example_dags/example_branch_datetime_operator.py
[2025-02-20T10:58:49.674+0100] {processor.py:925} INFO - DAG(s) 'example_branch_datetime_operator_3', 'example_branch_datetime_operator', 'example_branch_datetime_operator_2' retrieved from /Users/ajlakorman/Desktop/Data-Mining-Projects/Apache_Airflow/venv/lib/python3.10/site-packages/airflow/example_dags/example_branch_datetime_operator.py
[2025-02-20T10:58:49.746+0100] {logging_mixin.py:190} INFO - [2025-02-20T10:58:49.746+0100] {dag.py:3239} INFO - Sync 3 DAGs
[2025-02-20T10:58:49.754+0100] {logging_mixin.py:190} INFO - [2025-02-20T10:58:49.754+0100] {dag.py:4180} INFO - Setting next_dagrun for example_branch_datetime_operator to 2025-02-19 00:00:00+00:00, run_after=2025-02-20 00:00:00+00:00
[2025-02-20T10:58:49.755+0100] {logging_mixin.py:190} INFO - [2025-02-20T10:58:49.755+0100] {dag.py:4180} INFO - Setting next_dagrun for example_branch_datetime_operator_2 to 2025-02-19 00:00:00+00:00, run_after=2025-02-20 00:00:00+00:00
[2025-02-20T10:58:49.756+0100] {logging_mixin.py:190} INFO - [2025-02-20T10:58:49.756+0100] {dag.py:4180} INFO - Setting next_dagrun for example_branch_datetime_operator_3 to 2025-02-19 00:00:00+00:00, run_after=2025-02-20 00:00:00+00:00
[2025-02-20T10:58:49.763+0100] {processor.py:208} INFO - Processing /Users/ajlakorman/Desktop/Data-Mining-Projects/Apache_Airflow/venv/lib/python3.10/site-packages/airflow/example_dags/example_branch_datetime_operator.py took 0.099 seconds
[2025-02-20T11:01:23.945+0100] {processor.py:186} INFO - Started process (PID=7363) to work on /Users/ajlakorman/Desktop/Data-Mining-Projects/Apache_Airflow/venv/lib/python3.10/site-packages/airflow/example_dags/example_branch_datetime_operator.py
[2025-02-20T11:01:23.946+0100] {processor.py:914} INFO - Processing file /Users/ajlakorman/Desktop/Data-Mining-Projects/Apache_Airflow/venv/lib/python3.10/site-packages/airflow/example_dags/example_branch_datetime_operator.py for tasks to queue
[2025-02-20T11:01:23.947+0100] {logging_mixin.py:190} INFO - [2025-02-20T11:01:23.947+0100] {dagbag.py:588} INFO - Filling up the DagBag from /Users/ajlakorman/Desktop/Data-Mining-Projects/Apache_Airflow/venv/lib/python3.10/site-packages/airflow/example_dags/example_branch_datetime_operator.py
[2025-02-20T11:01:23.952+0100] {processor.py:925} INFO - DAG(s) 'example_branch_datetime_operator_3', 'example_branch_datetime_operator', 'example_branch_datetime_operator_2' retrieved from /Users/ajlakorman/Desktop/Data-Mining-Projects/Apache_Airflow/venv/lib/python3.10/site-packages/airflow/example_dags/example_branch_datetime_operator.py
[2025-02-20T11:01:24.019+0100] {logging_mixin.py:190} INFO - [2025-02-20T11:01:24.019+0100] {dag.py:3239} INFO - Sync 3 DAGs
[2025-02-20T11:01:24.026+0100] {logging_mixin.py:190} INFO - [2025-02-20T11:01:24.026+0100] {dag.py:4180} INFO - Setting next_dagrun for example_branch_datetime_operator to 2025-02-19 00:00:00+00:00, run_after=2025-02-20 00:00:00+00:00
[2025-02-20T11:01:24.027+0100] {logging_mixin.py:190} INFO - [2025-02-20T11:01:24.027+0100] {dag.py:4180} INFO - Setting next_dagrun for example_branch_datetime_operator_2 to 2025-02-19 00:00:00+00:00, run_after=2025-02-20 00:00:00+00:00
[2025-02-20T11:01:24.028+0100] {logging_mixin.py:190} INFO - [2025-02-20T11:01:24.028+0100] {dag.py:4180} INFO - Setting next_dagrun for example_branch_datetime_operator_3 to 2025-02-19 00:00:00+00:00, run_after=2025-02-20 00:00:00+00:00
[2025-02-20T11:01:24.035+0100] {processor.py:208} INFO - Processing /Users/ajlakorman/Desktop/Data-Mining-Projects/Apache_Airflow/venv/lib/python3.10/site-packages/airflow/example_dags/example_branch_datetime_operator.py took 0.091 seconds
[2025-02-20T11:03:46.428+0100] {processor.py:186} INFO - Started process (PID=7607) to work on /Users/ajlakorman/Desktop/Data-Mining-Projects/Apache_Airflow/venv/lib/python3.10/site-packages/airflow/example_dags/example_branch_datetime_operator.py
[2025-02-20T11:03:46.429+0100] {processor.py:914} INFO - Processing file /Users/ajlakorman/Desktop/Data-Mining-Projects/Apache_Airflow/venv/lib/python3.10/site-packages/airflow/example_dags/example_branch_datetime_operator.py for tasks to queue
[2025-02-20T11:03:46.429+0100] {logging_mixin.py:190} INFO - [2025-02-20T11:03:46.429+0100] {dagbag.py:588} INFO - Filling up the DagBag from /Users/ajlakorman/Desktop/Data-Mining-Projects/Apache_Airflow/venv/lib/python3.10/site-packages/airflow/example_dags/example_branch_datetime_operator.py
[2025-02-20T11:03:46.435+0100] {processor.py:925} INFO - DAG(s) 'example_branch_datetime_operator_2', 'example_branch_datetime_operator', 'example_branch_datetime_operator_3' retrieved from /Users/ajlakorman/Desktop/Data-Mining-Projects/Apache_Airflow/venv/lib/python3.10/site-packages/airflow/example_dags/example_branch_datetime_operator.py
[2025-02-20T11:03:46.512+0100] {logging_mixin.py:190} INFO - [2025-02-20T11:03:46.512+0100] {dag.py:3239} INFO - Sync 3 DAGs
[2025-02-20T11:03:46.520+0100] {logging_mixin.py:190} INFO - [2025-02-20T11:03:46.520+0100] {dag.py:4180} INFO - Setting next_dagrun for example_branch_datetime_operator to 2025-02-19 00:00:00+00:00, run_after=2025-02-20 00:00:00+00:00
[2025-02-20T11:03:46.522+0100] {logging_mixin.py:190} INFO - [2025-02-20T11:03:46.522+0100] {dag.py:4180} INFO - Setting next_dagrun for example_branch_datetime_operator_2 to 2025-02-19 00:00:00+00:00, run_after=2025-02-20 00:00:00+00:00
[2025-02-20T11:03:46.523+0100] {logging_mixin.py:190} INFO - [2025-02-20T11:03:46.523+0100] {dag.py:4180} INFO - Setting next_dagrun for example_branch_datetime_operator_3 to 2025-02-19 00:00:00+00:00, run_after=2025-02-20 00:00:00+00:00
[2025-02-20T11:03:46.531+0100] {processor.py:208} INFO - Processing /Users/ajlakorman/Desktop/Data-Mining-Projects/Apache_Airflow/venv/lib/python3.10/site-packages/airflow/example_dags/example_branch_datetime_operator.py took 0.104 seconds
[2025-02-20T11:06:04.586+0100] {processor.py:186} INFO - Started process (PID=7938) to work on /Users/ajlakorman/Desktop/Data-Mining-Projects/Apache_Airflow/venv/lib/python3.10/site-packages/airflow/example_dags/example_branch_datetime_operator.py
[2025-02-20T11:06:04.587+0100] {processor.py:914} INFO - Processing file /Users/ajlakorman/Desktop/Data-Mining-Projects/Apache_Airflow/venv/lib/python3.10/site-packages/airflow/example_dags/example_branch_datetime_operator.py for tasks to queue
[2025-02-20T11:06:04.588+0100] {logging_mixin.py:190} INFO - [2025-02-20T11:06:04.588+0100] {dagbag.py:588} INFO - Filling up the DagBag from /Users/ajlakorman/Desktop/Data-Mining-Projects/Apache_Airflow/venv/lib/python3.10/site-packages/airflow/example_dags/example_branch_datetime_operator.py
[2025-02-20T11:06:04.594+0100] {processor.py:925} INFO - DAG(s) 'example_branch_datetime_operator', 'example_branch_datetime_operator_3', 'example_branch_datetime_operator_2' retrieved from /Users/ajlakorman/Desktop/Data-Mining-Projects/Apache_Airflow/venv/lib/python3.10/site-packages/airflow/example_dags/example_branch_datetime_operator.py
[2025-02-20T11:06:04.664+0100] {logging_mixin.py:190} INFO - [2025-02-20T11:06:04.664+0100] {dag.py:3239} INFO - Sync 3 DAGs
[2025-02-20T11:06:04.671+0100] {logging_mixin.py:190} INFO - [2025-02-20T11:06:04.671+0100] {dag.py:4180} INFO - Setting next_dagrun for example_branch_datetime_operator to 2025-02-19 00:00:00+00:00, run_after=2025-02-20 00:00:00+00:00
[2025-02-20T11:06:04.672+0100] {logging_mixin.py:190} INFO - [2025-02-20T11:06:04.672+0100] {dag.py:4180} INFO - Setting next_dagrun for example_branch_datetime_operator_2 to 2025-02-19 00:00:00+00:00, run_after=2025-02-20 00:00:00+00:00
[2025-02-20T11:06:04.673+0100] {logging_mixin.py:190} INFO - [2025-02-20T11:06:04.673+0100] {dag.py:4180} INFO - Setting next_dagrun for example_branch_datetime_operator_3 to 2025-02-19 00:00:00+00:00, run_after=2025-02-20 00:00:00+00:00
[2025-02-20T11:06:04.680+0100] {processor.py:208} INFO - Processing /Users/ajlakorman/Desktop/Data-Mining-Projects/Apache_Airflow/venv/lib/python3.10/site-packages/airflow/example_dags/example_branch_datetime_operator.py took 0.095 seconds
[2025-02-20T11:08:24.216+0100] {processor.py:186} INFO - Started process (PID=8219) to work on /Users/ajlakorman/Desktop/Data-Mining-Projects/Apache_Airflow/venv/lib/python3.10/site-packages/airflow/example_dags/example_branch_datetime_operator.py
[2025-02-20T11:08:24.217+0100] {processor.py:914} INFO - Processing file /Users/ajlakorman/Desktop/Data-Mining-Projects/Apache_Airflow/venv/lib/python3.10/site-packages/airflow/example_dags/example_branch_datetime_operator.py for tasks to queue
[2025-02-20T11:08:24.218+0100] {logging_mixin.py:190} INFO - [2025-02-20T11:08:24.218+0100] {dagbag.py:588} INFO - Filling up the DagBag from /Users/ajlakorman/Desktop/Data-Mining-Projects/Apache_Airflow/venv/lib/python3.10/site-packages/airflow/example_dags/example_branch_datetime_operator.py
[2025-02-20T11:08:24.229+0100] {processor.py:925} INFO - DAG(s) 'example_branch_datetime_operator', 'example_branch_datetime_operator_2', 'example_branch_datetime_operator_3' retrieved from /Users/ajlakorman/Desktop/Data-Mining-Projects/Apache_Airflow/venv/lib/python3.10/site-packages/airflow/example_dags/example_branch_datetime_operator.py
[2025-02-20T11:08:24.305+0100] {logging_mixin.py:190} INFO - [2025-02-20T11:08:24.305+0100] {dag.py:3239} INFO - Sync 3 DAGs
[2025-02-20T11:08:24.313+0100] {logging_mixin.py:190} INFO - [2025-02-20T11:08:24.312+0100] {dag.py:4180} INFO - Setting next_dagrun for example_branch_datetime_operator to 2025-02-19 00:00:00+00:00, run_after=2025-02-20 00:00:00+00:00
[2025-02-20T11:08:24.314+0100] {logging_mixin.py:190} INFO - [2025-02-20T11:08:24.314+0100] {dag.py:4180} INFO - Setting next_dagrun for example_branch_datetime_operator_2 to 2025-02-19 00:00:00+00:00, run_after=2025-02-20 00:00:00+00:00
[2025-02-20T11:08:24.315+0100] {logging_mixin.py:190} INFO - [2025-02-20T11:08:24.315+0100] {dag.py:4180} INFO - Setting next_dagrun for example_branch_datetime_operator_3 to 2025-02-19 00:00:00+00:00, run_after=2025-02-20 00:00:00+00:00
[2025-02-20T11:08:24.322+0100] {processor.py:208} INFO - Processing /Users/ajlakorman/Desktop/Data-Mining-Projects/Apache_Airflow/venv/lib/python3.10/site-packages/airflow/example_dags/example_branch_datetime_operator.py took 0.109 seconds
[2025-02-20T11:10:43.337+0100] {processor.py:186} INFO - Started process (PID=8470) to work on /Users/ajlakorman/Desktop/Data-Mining-Projects/Apache_Airflow/venv/lib/python3.10/site-packages/airflow/example_dags/example_branch_datetime_operator.py
[2025-02-20T11:10:43.338+0100] {processor.py:914} INFO - Processing file /Users/ajlakorman/Desktop/Data-Mining-Projects/Apache_Airflow/venv/lib/python3.10/site-packages/airflow/example_dags/example_branch_datetime_operator.py for tasks to queue
[2025-02-20T11:10:43.338+0100] {logging_mixin.py:190} INFO - [2025-02-20T11:10:43.338+0100] {dagbag.py:588} INFO - Filling up the DagBag from /Users/ajlakorman/Desktop/Data-Mining-Projects/Apache_Airflow/venv/lib/python3.10/site-packages/airflow/example_dags/example_branch_datetime_operator.py
[2025-02-20T11:10:43.344+0100] {processor.py:925} INFO - DAG(s) 'example_branch_datetime_operator', 'example_branch_datetime_operator_3', 'example_branch_datetime_operator_2' retrieved from /Users/ajlakorman/Desktop/Data-Mining-Projects/Apache_Airflow/venv/lib/python3.10/site-packages/airflow/example_dags/example_branch_datetime_operator.py
[2025-02-20T11:10:43.411+0100] {logging_mixin.py:190} INFO - [2025-02-20T11:10:43.411+0100] {dag.py:3239} INFO - Sync 3 DAGs
[2025-02-20T11:10:43.417+0100] {logging_mixin.py:190} INFO - [2025-02-20T11:10:43.417+0100] {dag.py:4180} INFO - Setting next_dagrun for example_branch_datetime_operator to 2025-02-19 00:00:00+00:00, run_after=2025-02-20 00:00:00+00:00
[2025-02-20T11:10:43.419+0100] {logging_mixin.py:190} INFO - [2025-02-20T11:10:43.419+0100] {dag.py:4180} INFO - Setting next_dagrun for example_branch_datetime_operator_2 to 2025-02-19 00:00:00+00:00, run_after=2025-02-20 00:00:00+00:00
[2025-02-20T11:10:43.420+0100] {logging_mixin.py:190} INFO - [2025-02-20T11:10:43.420+0100] {dag.py:4180} INFO - Setting next_dagrun for example_branch_datetime_operator_3 to 2025-02-19 00:00:00+00:00, run_after=2025-02-20 00:00:00+00:00
[2025-02-20T11:10:43.427+0100] {processor.py:208} INFO - Processing /Users/ajlakorman/Desktop/Data-Mining-Projects/Apache_Airflow/venv/lib/python3.10/site-packages/airflow/example_dags/example_branch_datetime_operator.py took 0.092 seconds
[2025-02-20T11:12:59.159+0100] {processor.py:186} INFO - Started process (PID=8677) to work on /Users/ajlakorman/Desktop/Data-Mining-Projects/Apache_Airflow/venv/lib/python3.10/site-packages/airflow/example_dags/example_branch_datetime_operator.py
[2025-02-20T11:12:59.160+0100] {processor.py:914} INFO - Processing file /Users/ajlakorman/Desktop/Data-Mining-Projects/Apache_Airflow/venv/lib/python3.10/site-packages/airflow/example_dags/example_branch_datetime_operator.py for tasks to queue
[2025-02-20T11:12:59.160+0100] {logging_mixin.py:190} INFO - [2025-02-20T11:12:59.160+0100] {dagbag.py:588} INFO - Filling up the DagBag from /Users/ajlakorman/Desktop/Data-Mining-Projects/Apache_Airflow/venv/lib/python3.10/site-packages/airflow/example_dags/example_branch_datetime_operator.py
[2025-02-20T11:12:59.166+0100] {processor.py:925} INFO - DAG(s) 'example_branch_datetime_operator', 'example_branch_datetime_operator_2', 'example_branch_datetime_operator_3' retrieved from /Users/ajlakorman/Desktop/Data-Mining-Projects/Apache_Airflow/venv/lib/python3.10/site-packages/airflow/example_dags/example_branch_datetime_operator.py
[2025-02-20T11:12:59.232+0100] {logging_mixin.py:190} INFO - [2025-02-20T11:12:59.232+0100] {dag.py:3239} INFO - Sync 3 DAGs
[2025-02-20T11:12:59.239+0100] {logging_mixin.py:190} INFO - [2025-02-20T11:12:59.238+0100] {dag.py:4180} INFO - Setting next_dagrun for example_branch_datetime_operator to 2025-02-19 00:00:00+00:00, run_after=2025-02-20 00:00:00+00:00
[2025-02-20T11:12:59.240+0100] {logging_mixin.py:190} INFO - [2025-02-20T11:12:59.240+0100] {dag.py:4180} INFO - Setting next_dagrun for example_branch_datetime_operator_2 to 2025-02-19 00:00:00+00:00, run_after=2025-02-20 00:00:00+00:00
[2025-02-20T11:12:59.241+0100] {logging_mixin.py:190} INFO - [2025-02-20T11:12:59.241+0100] {dag.py:4180} INFO - Setting next_dagrun for example_branch_datetime_operator_3 to 2025-02-19 00:00:00+00:00, run_after=2025-02-20 00:00:00+00:00
[2025-02-20T11:12:59.248+0100] {processor.py:208} INFO - Processing /Users/ajlakorman/Desktop/Data-Mining-Projects/Apache_Airflow/venv/lib/python3.10/site-packages/airflow/example_dags/example_branch_datetime_operator.py took 0.090 seconds
[2025-02-20T11:15:25.363+0100] {processor.py:186} INFO - Started process (PID=8934) to work on /Users/ajlakorman/Desktop/Data-Mining-Projects/Apache_Airflow/venv/lib/python3.10/site-packages/airflow/example_dags/example_branch_datetime_operator.py
[2025-02-20T11:15:25.363+0100] {processor.py:914} INFO - Processing file /Users/ajlakorman/Desktop/Data-Mining-Projects/Apache_Airflow/venv/lib/python3.10/site-packages/airflow/example_dags/example_branch_datetime_operator.py for tasks to queue
[2025-02-20T11:15:25.364+0100] {logging_mixin.py:190} INFO - [2025-02-20T11:15:25.364+0100] {dagbag.py:588} INFO - Filling up the DagBag from /Users/ajlakorman/Desktop/Data-Mining-Projects/Apache_Airflow/venv/lib/python3.10/site-packages/airflow/example_dags/example_branch_datetime_operator.py
[2025-02-20T11:15:25.369+0100] {processor.py:925} INFO - DAG(s) 'example_branch_datetime_operator', 'example_branch_datetime_operator_2', 'example_branch_datetime_operator_3' retrieved from /Users/ajlakorman/Desktop/Data-Mining-Projects/Apache_Airflow/venv/lib/python3.10/site-packages/airflow/example_dags/example_branch_datetime_operator.py
[2025-02-20T11:15:25.437+0100] {logging_mixin.py:190} INFO - [2025-02-20T11:15:25.436+0100] {dag.py:3239} INFO - Sync 3 DAGs
[2025-02-20T11:15:25.445+0100] {logging_mixin.py:190} INFO - [2025-02-20T11:15:25.445+0100] {dag.py:4180} INFO - Setting next_dagrun for example_branch_datetime_operator to 2025-02-19 00:00:00+00:00, run_after=2025-02-20 00:00:00+00:00
[2025-02-20T11:15:25.447+0100] {logging_mixin.py:190} INFO - [2025-02-20T11:15:25.447+0100] {dag.py:4180} INFO - Setting next_dagrun for example_branch_datetime_operator_2 to 2025-02-19 00:00:00+00:00, run_after=2025-02-20 00:00:00+00:00
[2025-02-20T11:15:25.448+0100] {logging_mixin.py:190} INFO - [2025-02-20T11:15:25.448+0100] {dag.py:4180} INFO - Setting next_dagrun for example_branch_datetime_operator_3 to 2025-02-19 00:00:00+00:00, run_after=2025-02-20 00:00:00+00:00
[2025-02-20T11:15:25.454+0100] {processor.py:208} INFO - Processing /Users/ajlakorman/Desktop/Data-Mining-Projects/Apache_Airflow/venv/lib/python3.10/site-packages/airflow/example_dags/example_branch_datetime_operator.py took 0.093 seconds
[2025-02-20T11:17:48.677+0100] {processor.py:186} INFO - Started process (PID=9288) to work on /Users/ajlakorman/Desktop/Data-Mining-Projects/Apache_Airflow/venv/lib/python3.10/site-packages/airflow/example_dags/example_branch_datetime_operator.py
[2025-02-20T11:17:48.679+0100] {processor.py:914} INFO - Processing file /Users/ajlakorman/Desktop/Data-Mining-Projects/Apache_Airflow/venv/lib/python3.10/site-packages/airflow/example_dags/example_branch_datetime_operator.py for tasks to queue
[2025-02-20T11:17:48.679+0100] {logging_mixin.py:190} INFO - [2025-02-20T11:17:48.679+0100] {dagbag.py:588} INFO - Filling up the DagBag from /Users/ajlakorman/Desktop/Data-Mining-Projects/Apache_Airflow/venv/lib/python3.10/site-packages/airflow/example_dags/example_branch_datetime_operator.py
[2025-02-20T11:17:48.685+0100] {processor.py:925} INFO - DAG(s) 'example_branch_datetime_operator_2', 'example_branch_datetime_operator_3', 'example_branch_datetime_operator' retrieved from /Users/ajlakorman/Desktop/Data-Mining-Projects/Apache_Airflow/venv/lib/python3.10/site-packages/airflow/example_dags/example_branch_datetime_operator.py
[2025-02-20T11:17:48.751+0100] {logging_mixin.py:190} INFO - [2025-02-20T11:17:48.751+0100] {dag.py:3239} INFO - Sync 3 DAGs
[2025-02-20T11:17:48.758+0100] {logging_mixin.py:190} INFO - [2025-02-20T11:17:48.758+0100] {dag.py:4180} INFO - Setting next_dagrun for example_branch_datetime_operator to 2025-02-19 00:00:00+00:00, run_after=2025-02-20 00:00:00+00:00
[2025-02-20T11:17:48.759+0100] {logging_mixin.py:190} INFO - [2025-02-20T11:17:48.759+0100] {dag.py:4180} INFO - Setting next_dagrun for example_branch_datetime_operator_2 to 2025-02-19 00:00:00+00:00, run_after=2025-02-20 00:00:00+00:00
[2025-02-20T11:17:48.760+0100] {logging_mixin.py:190} INFO - [2025-02-20T11:17:48.760+0100] {dag.py:4180} INFO - Setting next_dagrun for example_branch_datetime_operator_3 to 2025-02-19 00:00:00+00:00, run_after=2025-02-20 00:00:00+00:00
[2025-02-20T11:17:48.767+0100] {processor.py:208} INFO - Processing /Users/ajlakorman/Desktop/Data-Mining-Projects/Apache_Airflow/venv/lib/python3.10/site-packages/airflow/example_dags/example_branch_datetime_operator.py took 0.091 seconds
[2025-02-20T11:20:18.448+0100] {processor.py:186} INFO - Started process (PID=9666) to work on /Users/ajlakorman/Desktop/Data-Mining-Projects/Apache_Airflow/venv/lib/python3.10/site-packages/airflow/example_dags/example_branch_datetime_operator.py
[2025-02-20T11:20:18.449+0100] {processor.py:914} INFO - Processing file /Users/ajlakorman/Desktop/Data-Mining-Projects/Apache_Airflow/venv/lib/python3.10/site-packages/airflow/example_dags/example_branch_datetime_operator.py for tasks to queue
[2025-02-20T11:20:18.450+0100] {logging_mixin.py:190} INFO - [2025-02-20T11:20:18.450+0100] {dagbag.py:588} INFO - Filling up the DagBag from /Users/ajlakorman/Desktop/Data-Mining-Projects/Apache_Airflow/venv/lib/python3.10/site-packages/airflow/example_dags/example_branch_datetime_operator.py
[2025-02-20T11:20:18.461+0100] {processor.py:925} INFO - DAG(s) 'example_branch_datetime_operator', 'example_branch_datetime_operator_2', 'example_branch_datetime_operator_3' retrieved from /Users/ajlakorman/Desktop/Data-Mining-Projects/Apache_Airflow/venv/lib/python3.10/site-packages/airflow/example_dags/example_branch_datetime_operator.py
[2025-02-20T11:20:18.540+0100] {logging_mixin.py:190} INFO - [2025-02-20T11:20:18.540+0100] {dag.py:3239} INFO - Sync 3 DAGs
[2025-02-20T11:20:18.549+0100] {logging_mixin.py:190} INFO - [2025-02-20T11:20:18.549+0100] {dag.py:4180} INFO - Setting next_dagrun for example_branch_datetime_operator to 2025-02-19 00:00:00+00:00, run_after=2025-02-20 00:00:00+00:00
[2025-02-20T11:20:18.550+0100] {logging_mixin.py:190} INFO - [2025-02-20T11:20:18.550+0100] {dag.py:4180} INFO - Setting next_dagrun for example_branch_datetime_operator_2 to 2025-02-19 00:00:00+00:00, run_after=2025-02-20 00:00:00+00:00
[2025-02-20T11:20:18.551+0100] {logging_mixin.py:190} INFO - [2025-02-20T11:20:18.551+0100] {dag.py:4180} INFO - Setting next_dagrun for example_branch_datetime_operator_3 to 2025-02-19 00:00:00+00:00, run_after=2025-02-20 00:00:00+00:00
[2025-02-20T11:20:18.559+0100] {processor.py:208} INFO - Processing /Users/ajlakorman/Desktop/Data-Mining-Projects/Apache_Airflow/venv/lib/python3.10/site-packages/airflow/example_dags/example_branch_datetime_operator.py took 0.114 seconds
[2025-02-20T11:22:44.668+0100] {processor.py:186} INFO - Started process (PID=9895) to work on /Users/ajlakorman/Desktop/Data-Mining-Projects/Apache_Airflow/venv/lib/python3.10/site-packages/airflow/example_dags/example_branch_datetime_operator.py
[2025-02-20T11:22:44.669+0100] {processor.py:914} INFO - Processing file /Users/ajlakorman/Desktop/Data-Mining-Projects/Apache_Airflow/venv/lib/python3.10/site-packages/airflow/example_dags/example_branch_datetime_operator.py for tasks to queue
[2025-02-20T11:22:44.670+0100] {logging_mixin.py:190} INFO - [2025-02-20T11:22:44.670+0100] {dagbag.py:588} INFO - Filling up the DagBag from /Users/ajlakorman/Desktop/Data-Mining-Projects/Apache_Airflow/venv/lib/python3.10/site-packages/airflow/example_dags/example_branch_datetime_operator.py
[2025-02-20T11:22:44.675+0100] {processor.py:925} INFO - DAG(s) 'example_branch_datetime_operator_3', 'example_branch_datetime_operator_2', 'example_branch_datetime_operator' retrieved from /Users/ajlakorman/Desktop/Data-Mining-Projects/Apache_Airflow/venv/lib/python3.10/site-packages/airflow/example_dags/example_branch_datetime_operator.py
[2025-02-20T11:22:44.742+0100] {logging_mixin.py:190} INFO - [2025-02-20T11:22:44.742+0100] {dag.py:3239} INFO - Sync 3 DAGs
[2025-02-20T11:22:44.749+0100] {logging_mixin.py:190} INFO - [2025-02-20T11:22:44.749+0100] {dag.py:4180} INFO - Setting next_dagrun for example_branch_datetime_operator to 2025-02-19 00:00:00+00:00, run_after=2025-02-20 00:00:00+00:00
[2025-02-20T11:22:44.751+0100] {logging_mixin.py:190} INFO - [2025-02-20T11:22:44.751+0100] {dag.py:4180} INFO - Setting next_dagrun for example_branch_datetime_operator_2 to 2025-02-19 00:00:00+00:00, run_after=2025-02-20 00:00:00+00:00
[2025-02-20T11:22:44.751+0100] {logging_mixin.py:190} INFO - [2025-02-20T11:22:44.751+0100] {dag.py:4180} INFO - Setting next_dagrun for example_branch_datetime_operator_3 to 2025-02-19 00:00:00+00:00, run_after=2025-02-20 00:00:00+00:00
[2025-02-20T11:22:44.759+0100] {processor.py:208} INFO - Processing /Users/ajlakorman/Desktop/Data-Mining-Projects/Apache_Airflow/venv/lib/python3.10/site-packages/airflow/example_dags/example_branch_datetime_operator.py took 0.092 seconds
[2025-02-20T11:25:14.780+0100] {processor.py:186} INFO - Started process (PID=10160) to work on /Users/ajlakorman/Desktop/Data-Mining-Projects/Apache_Airflow/venv/lib/python3.10/site-packages/airflow/example_dags/example_branch_datetime_operator.py
[2025-02-20T11:25:14.781+0100] {processor.py:914} INFO - Processing file /Users/ajlakorman/Desktop/Data-Mining-Projects/Apache_Airflow/venv/lib/python3.10/site-packages/airflow/example_dags/example_branch_datetime_operator.py for tasks to queue
[2025-02-20T11:25:14.782+0100] {logging_mixin.py:190} INFO - [2025-02-20T11:25:14.782+0100] {dagbag.py:588} INFO - Filling up the DagBag from /Users/ajlakorman/Desktop/Data-Mining-Projects/Apache_Airflow/venv/lib/python3.10/site-packages/airflow/example_dags/example_branch_datetime_operator.py
[2025-02-20T11:25:14.787+0100] {processor.py:925} INFO - DAG(s) 'example_branch_datetime_operator_3', 'example_branch_datetime_operator', 'example_branch_datetime_operator_2' retrieved from /Users/ajlakorman/Desktop/Data-Mining-Projects/Apache_Airflow/venv/lib/python3.10/site-packages/airflow/example_dags/example_branch_datetime_operator.py
[2025-02-20T11:25:14.854+0100] {logging_mixin.py:190} INFO - [2025-02-20T11:25:14.853+0100] {dag.py:3239} INFO - Sync 3 DAGs
[2025-02-20T11:25:14.860+0100] {logging_mixin.py:190} INFO - [2025-02-20T11:25:14.860+0100] {dag.py:4180} INFO - Setting next_dagrun for example_branch_datetime_operator to 2025-02-19 00:00:00+00:00, run_after=2025-02-20 00:00:00+00:00
[2025-02-20T11:25:14.862+0100] {logging_mixin.py:190} INFO - [2025-02-20T11:25:14.862+0100] {dag.py:4180} INFO - Setting next_dagrun for example_branch_datetime_operator_2 to 2025-02-19 00:00:00+00:00, run_after=2025-02-20 00:00:00+00:00
[2025-02-20T11:25:14.863+0100] {logging_mixin.py:190} INFO - [2025-02-20T11:25:14.863+0100] {dag.py:4180} INFO - Setting next_dagrun for example_branch_datetime_operator_3 to 2025-02-19 00:00:00+00:00, run_after=2025-02-20 00:00:00+00:00
[2025-02-20T11:25:14.869+0100] {processor.py:208} INFO - Processing /Users/ajlakorman/Desktop/Data-Mining-Projects/Apache_Airflow/venv/lib/python3.10/site-packages/airflow/example_dags/example_branch_datetime_operator.py took 0.091 seconds
[2025-02-20T11:27:46.906+0100] {processor.py:186} INFO - Started process (PID=10497) to work on /Users/ajlakorman/Desktop/Data-Mining-Projects/Apache_Airflow/venv/lib/python3.10/site-packages/airflow/example_dags/example_branch_datetime_operator.py
[2025-02-20T11:27:46.907+0100] {processor.py:914} INFO - Processing file /Users/ajlakorman/Desktop/Data-Mining-Projects/Apache_Airflow/venv/lib/python3.10/site-packages/airflow/example_dags/example_branch_datetime_operator.py for tasks to queue
[2025-02-20T11:27:46.908+0100] {logging_mixin.py:190} INFO - [2025-02-20T11:27:46.908+0100] {dagbag.py:588} INFO - Filling up the DagBag from /Users/ajlakorman/Desktop/Data-Mining-Projects/Apache_Airflow/venv/lib/python3.10/site-packages/airflow/example_dags/example_branch_datetime_operator.py
[2025-02-20T11:27:46.914+0100] {processor.py:925} INFO - DAG(s) 'example_branch_datetime_operator_2', 'example_branch_datetime_operator', 'example_branch_datetime_operator_3' retrieved from /Users/ajlakorman/Desktop/Data-Mining-Projects/Apache_Airflow/venv/lib/python3.10/site-packages/airflow/example_dags/example_branch_datetime_operator.py
[2025-02-20T11:27:46.980+0100] {logging_mixin.py:190} INFO - [2025-02-20T11:27:46.980+0100] {dag.py:3239} INFO - Sync 3 DAGs
[2025-02-20T11:27:46.987+0100] {logging_mixin.py:190} INFO - [2025-02-20T11:27:46.987+0100] {dag.py:4180} INFO - Setting next_dagrun for example_branch_datetime_operator to 2025-02-19 00:00:00+00:00, run_after=2025-02-20 00:00:00+00:00
[2025-02-20T11:27:46.988+0100] {logging_mixin.py:190} INFO - [2025-02-20T11:27:46.988+0100] {dag.py:4180} INFO - Setting next_dagrun for example_branch_datetime_operator_2 to 2025-02-19 00:00:00+00:00, run_after=2025-02-20 00:00:00+00:00
[2025-02-20T11:27:46.989+0100] {logging_mixin.py:190} INFO - [2025-02-20T11:27:46.989+0100] {dag.py:4180} INFO - Setting next_dagrun for example_branch_datetime_operator_3 to 2025-02-19 00:00:00+00:00, run_after=2025-02-20 00:00:00+00:00
[2025-02-20T11:27:46.995+0100] {processor.py:208} INFO - Processing /Users/ajlakorman/Desktop/Data-Mining-Projects/Apache_Airflow/venv/lib/python3.10/site-packages/airflow/example_dags/example_branch_datetime_operator.py took 0.091 seconds
[2025-02-20T11:30:13.259+0100] {processor.py:186} INFO - Started process (PID=10830) to work on /Users/ajlakorman/Desktop/Data-Mining-Projects/Apache_Airflow/venv/lib/python3.10/site-packages/airflow/example_dags/example_branch_datetime_operator.py
[2025-02-20T11:30:13.259+0100] {processor.py:914} INFO - Processing file /Users/ajlakorman/Desktop/Data-Mining-Projects/Apache_Airflow/venv/lib/python3.10/site-packages/airflow/example_dags/example_branch_datetime_operator.py for tasks to queue
[2025-02-20T11:30:13.261+0100] {logging_mixin.py:190} INFO - [2025-02-20T11:30:13.260+0100] {dagbag.py:588} INFO - Filling up the DagBag from /Users/ajlakorman/Desktop/Data-Mining-Projects/Apache_Airflow/venv/lib/python3.10/site-packages/airflow/example_dags/example_branch_datetime_operator.py
[2025-02-20T11:30:13.268+0100] {processor.py:925} INFO - DAG(s) 'example_branch_datetime_operator_2', 'example_branch_datetime_operator', 'example_branch_datetime_operator_3' retrieved from /Users/ajlakorman/Desktop/Data-Mining-Projects/Apache_Airflow/venv/lib/python3.10/site-packages/airflow/example_dags/example_branch_datetime_operator.py
[2025-02-20T11:30:13.338+0100] {logging_mixin.py:190} INFO - [2025-02-20T11:30:13.338+0100] {dag.py:3239} INFO - Sync 3 DAGs
[2025-02-20T11:30:13.345+0100] {logging_mixin.py:190} INFO - [2025-02-20T11:30:13.345+0100] {dag.py:4180} INFO - Setting next_dagrun for example_branch_datetime_operator to 2025-02-19 00:00:00+00:00, run_after=2025-02-20 00:00:00+00:00
[2025-02-20T11:30:13.346+0100] {logging_mixin.py:190} INFO - [2025-02-20T11:30:13.346+0100] {dag.py:4180} INFO - Setting next_dagrun for example_branch_datetime_operator_2 to 2025-02-19 00:00:00+00:00, run_after=2025-02-20 00:00:00+00:00
[2025-02-20T11:30:13.347+0100] {logging_mixin.py:190} INFO - [2025-02-20T11:30:13.347+0100] {dag.py:4180} INFO - Setting next_dagrun for example_branch_datetime_operator_3 to 2025-02-19 00:00:00+00:00, run_after=2025-02-20 00:00:00+00:00
[2025-02-20T11:30:13.354+0100] {processor.py:208} INFO - Processing /Users/ajlakorman/Desktop/Data-Mining-Projects/Apache_Airflow/venv/lib/python3.10/site-packages/airflow/example_dags/example_branch_datetime_operator.py took 0.097 seconds
[2025-02-20T11:32:39.706+0100] {processor.py:186} INFO - Started process (PID=11071) to work on /Users/ajlakorman/Desktop/Data-Mining-Projects/Apache_Airflow/venv/lib/python3.10/site-packages/airflow/example_dags/example_branch_datetime_operator.py
[2025-02-20T11:32:39.707+0100] {processor.py:914} INFO - Processing file /Users/ajlakorman/Desktop/Data-Mining-Projects/Apache_Airflow/venv/lib/python3.10/site-packages/airflow/example_dags/example_branch_datetime_operator.py for tasks to queue
[2025-02-20T11:32:39.707+0100] {logging_mixin.py:190} INFO - [2025-02-20T11:32:39.707+0100] {dagbag.py:588} INFO - Filling up the DagBag from /Users/ajlakorman/Desktop/Data-Mining-Projects/Apache_Airflow/venv/lib/python3.10/site-packages/airflow/example_dags/example_branch_datetime_operator.py
[2025-02-20T11:32:39.713+0100] {processor.py:925} INFO - DAG(s) 'example_branch_datetime_operator_3', 'example_branch_datetime_operator_2', 'example_branch_datetime_operator' retrieved from /Users/ajlakorman/Desktop/Data-Mining-Projects/Apache_Airflow/venv/lib/python3.10/site-packages/airflow/example_dags/example_branch_datetime_operator.py
[2025-02-20T11:32:39.778+0100] {logging_mixin.py:190} INFO - [2025-02-20T11:32:39.778+0100] {dag.py:3239} INFO - Sync 3 DAGs
[2025-02-20T11:32:39.785+0100] {logging_mixin.py:190} INFO - [2025-02-20T11:32:39.784+0100] {dag.py:4180} INFO - Setting next_dagrun for example_branch_datetime_operator to 2025-02-19 00:00:00+00:00, run_after=2025-02-20 00:00:00+00:00
[2025-02-20T11:32:39.787+0100] {logging_mixin.py:190} INFO - [2025-02-20T11:32:39.787+0100] {dag.py:4180} INFO - Setting next_dagrun for example_branch_datetime_operator_2 to 2025-02-19 00:00:00+00:00, run_after=2025-02-20 00:00:00+00:00
[2025-02-20T11:32:39.788+0100] {logging_mixin.py:190} INFO - [2025-02-20T11:32:39.788+0100] {dag.py:4180} INFO - Setting next_dagrun for example_branch_datetime_operator_3 to 2025-02-19 00:00:00+00:00, run_after=2025-02-20 00:00:00+00:00
[2025-02-20T11:32:39.794+0100] {processor.py:208} INFO - Processing /Users/ajlakorman/Desktop/Data-Mining-Projects/Apache_Airflow/venv/lib/python3.10/site-packages/airflow/example_dags/example_branch_datetime_operator.py took 0.090 seconds
[2025-02-20T11:35:07.187+0100] {processor.py:186} INFO - Started process (PID=11315) to work on /Users/ajlakorman/Desktop/Data-Mining-Projects/Apache_Airflow/venv/lib/python3.10/site-packages/airflow/example_dags/example_branch_datetime_operator.py
[2025-02-20T11:35:07.188+0100] {processor.py:914} INFO - Processing file /Users/ajlakorman/Desktop/Data-Mining-Projects/Apache_Airflow/venv/lib/python3.10/site-packages/airflow/example_dags/example_branch_datetime_operator.py for tasks to queue
[2025-02-20T11:35:07.188+0100] {logging_mixin.py:190} INFO - [2025-02-20T11:35:07.188+0100] {dagbag.py:588} INFO - Filling up the DagBag from /Users/ajlakorman/Desktop/Data-Mining-Projects/Apache_Airflow/venv/lib/python3.10/site-packages/airflow/example_dags/example_branch_datetime_operator.py
[2025-02-20T11:35:07.194+0100] {processor.py:925} INFO - DAG(s) 'example_branch_datetime_operator_3', 'example_branch_datetime_operator_2', 'example_branch_datetime_operator' retrieved from /Users/ajlakorman/Desktop/Data-Mining-Projects/Apache_Airflow/venv/lib/python3.10/site-packages/airflow/example_dags/example_branch_datetime_operator.py
[2025-02-20T11:35:07.260+0100] {logging_mixin.py:190} INFO - [2025-02-20T11:35:07.260+0100] {dag.py:3239} INFO - Sync 3 DAGs
[2025-02-20T11:35:07.267+0100] {logging_mixin.py:190} INFO - [2025-02-20T11:35:07.267+0100] {dag.py:4180} INFO - Setting next_dagrun for example_branch_datetime_operator to 2025-02-19 00:00:00+00:00, run_after=2025-02-20 00:00:00+00:00
[2025-02-20T11:35:07.269+0100] {logging_mixin.py:190} INFO - [2025-02-20T11:35:07.268+0100] {dag.py:4180} INFO - Setting next_dagrun for example_branch_datetime_operator_2 to 2025-02-19 00:00:00+00:00, run_after=2025-02-20 00:00:00+00:00
[2025-02-20T11:35:07.269+0100] {logging_mixin.py:190} INFO - [2025-02-20T11:35:07.269+0100] {dag.py:4180} INFO - Setting next_dagrun for example_branch_datetime_operator_3 to 2025-02-19 00:00:00+00:00, run_after=2025-02-20 00:00:00+00:00
[2025-02-20T11:35:07.276+0100] {processor.py:208} INFO - Processing /Users/ajlakorman/Desktop/Data-Mining-Projects/Apache_Airflow/venv/lib/python3.10/site-packages/airflow/example_dags/example_branch_datetime_operator.py took 0.091 seconds
[2025-02-20T11:37:40.755+0100] {processor.py:186} INFO - Started process (PID=11594) to work on /Users/ajlakorman/Desktop/Data-Mining-Projects/Apache_Airflow/venv/lib/python3.10/site-packages/airflow/example_dags/example_branch_datetime_operator.py
[2025-02-20T11:37:40.756+0100] {processor.py:914} INFO - Processing file /Users/ajlakorman/Desktop/Data-Mining-Projects/Apache_Airflow/venv/lib/python3.10/site-packages/airflow/example_dags/example_branch_datetime_operator.py for tasks to queue
[2025-02-20T11:37:40.757+0100] {logging_mixin.py:190} INFO - [2025-02-20T11:37:40.757+0100] {dagbag.py:588} INFO - Filling up the DagBag from /Users/ajlakorman/Desktop/Data-Mining-Projects/Apache_Airflow/venv/lib/python3.10/site-packages/airflow/example_dags/example_branch_datetime_operator.py
[2025-02-20T11:37:40.763+0100] {processor.py:925} INFO - DAG(s) 'example_branch_datetime_operator_3', 'example_branch_datetime_operator', 'example_branch_datetime_operator_2' retrieved from /Users/ajlakorman/Desktop/Data-Mining-Projects/Apache_Airflow/venv/lib/python3.10/site-packages/airflow/example_dags/example_branch_datetime_operator.py
[2025-02-20T11:37:40.833+0100] {logging_mixin.py:190} INFO - [2025-02-20T11:37:40.833+0100] {dag.py:3239} INFO - Sync 3 DAGs
[2025-02-20T11:37:40.841+0100] {logging_mixin.py:190} INFO - [2025-02-20T11:37:40.840+0100] {dag.py:4180} INFO - Setting next_dagrun for example_branch_datetime_operator to 2025-02-19 00:00:00+00:00, run_after=2025-02-20 00:00:00+00:00
[2025-02-20T11:37:40.842+0100] {logging_mixin.py:190} INFO - [2025-02-20T11:37:40.842+0100] {dag.py:4180} INFO - Setting next_dagrun for example_branch_datetime_operator_2 to 2025-02-19 00:00:00+00:00, run_after=2025-02-20 00:00:00+00:00
[2025-02-20T11:37:40.843+0100] {logging_mixin.py:190} INFO - [2025-02-20T11:37:40.843+0100] {dag.py:4180} INFO - Setting next_dagrun for example_branch_datetime_operator_3 to 2025-02-19 00:00:00+00:00, run_after=2025-02-20 00:00:00+00:00
[2025-02-20T11:37:40.851+0100] {processor.py:208} INFO - Processing /Users/ajlakorman/Desktop/Data-Mining-Projects/Apache_Airflow/venv/lib/python3.10/site-packages/airflow/example_dags/example_branch_datetime_operator.py took 0.097 seconds
[2025-02-20T11:40:06.321+0100] {processor.py:186} INFO - Started process (PID=11812) to work on /Users/ajlakorman/Desktop/Data-Mining-Projects/Apache_Airflow/venv/lib/python3.10/site-packages/airflow/example_dags/example_branch_datetime_operator.py
[2025-02-20T11:40:06.322+0100] {processor.py:914} INFO - Processing file /Users/ajlakorman/Desktop/Data-Mining-Projects/Apache_Airflow/venv/lib/python3.10/site-packages/airflow/example_dags/example_branch_datetime_operator.py for tasks to queue
[2025-02-20T11:40:06.322+0100] {logging_mixin.py:190} INFO - [2025-02-20T11:40:06.322+0100] {dagbag.py:588} INFO - Filling up the DagBag from /Users/ajlakorman/Desktop/Data-Mining-Projects/Apache_Airflow/venv/lib/python3.10/site-packages/airflow/example_dags/example_branch_datetime_operator.py
[2025-02-20T11:40:06.328+0100] {processor.py:925} INFO - DAG(s) 'example_branch_datetime_operator_2', 'example_branch_datetime_operator_3', 'example_branch_datetime_operator' retrieved from /Users/ajlakorman/Desktop/Data-Mining-Projects/Apache_Airflow/venv/lib/python3.10/site-packages/airflow/example_dags/example_branch_datetime_operator.py
[2025-02-20T11:40:06.394+0100] {logging_mixin.py:190} INFO - [2025-02-20T11:40:06.393+0100] {dag.py:3239} INFO - Sync 3 DAGs
[2025-02-20T11:40:06.400+0100] {logging_mixin.py:190} INFO - [2025-02-20T11:40:06.400+0100] {dag.py:4180} INFO - Setting next_dagrun for example_branch_datetime_operator to 2025-02-19 00:00:00+00:00, run_after=2025-02-20 00:00:00+00:00
[2025-02-20T11:40:06.402+0100] {logging_mixin.py:190} INFO - [2025-02-20T11:40:06.402+0100] {dag.py:4180} INFO - Setting next_dagrun for example_branch_datetime_operator_2 to 2025-02-19 00:00:00+00:00, run_after=2025-02-20 00:00:00+00:00
[2025-02-20T11:40:06.403+0100] {logging_mixin.py:190} INFO - [2025-02-20T11:40:06.402+0100] {dag.py:4180} INFO - Setting next_dagrun for example_branch_datetime_operator_3 to 2025-02-19 00:00:00+00:00, run_after=2025-02-20 00:00:00+00:00
[2025-02-20T11:40:06.410+0100] {processor.py:208} INFO - Processing /Users/ajlakorman/Desktop/Data-Mining-Projects/Apache_Airflow/venv/lib/python3.10/site-packages/airflow/example_dags/example_branch_datetime_operator.py took 0.090 seconds
[2025-02-20T12:20:01.352+0100] {processor.py:186} INFO - Started process (PID=12084) to work on /Users/ajlakorman/Desktop/Data-Mining-Projects/Apache_Airflow/venv/lib/python3.10/site-packages/airflow/example_dags/example_branch_datetime_operator.py
[2025-02-20T12:20:01.353+0100] {processor.py:914} INFO - Processing file /Users/ajlakorman/Desktop/Data-Mining-Projects/Apache_Airflow/venv/lib/python3.10/site-packages/airflow/example_dags/example_branch_datetime_operator.py for tasks to queue
[2025-02-20T12:20:01.353+0100] {logging_mixin.py:190} INFO - [2025-02-20T12:20:01.353+0100] {dagbag.py:588} INFO - Filling up the DagBag from /Users/ajlakorman/Desktop/Data-Mining-Projects/Apache_Airflow/venv/lib/python3.10/site-packages/airflow/example_dags/example_branch_datetime_operator.py
[2025-02-20T12:20:01.360+0100] {processor.py:925} INFO - DAG(s) 'example_branch_datetime_operator', 'example_branch_datetime_operator_3', 'example_branch_datetime_operator_2' retrieved from /Users/ajlakorman/Desktop/Data-Mining-Projects/Apache_Airflow/venv/lib/python3.10/site-packages/airflow/example_dags/example_branch_datetime_operator.py
[2025-02-20T12:20:01.426+0100] {logging_mixin.py:190} INFO - [2025-02-20T12:20:01.426+0100] {dag.py:3239} INFO - Sync 3 DAGs
[2025-02-20T12:20:01.433+0100] {logging_mixin.py:190} INFO - [2025-02-20T12:20:01.433+0100] {dag.py:4180} INFO - Setting next_dagrun for example_branch_datetime_operator to 2025-02-19 00:00:00+00:00, run_after=2025-02-20 00:00:00+00:00
[2025-02-20T12:20:01.434+0100] {logging_mixin.py:190} INFO - [2025-02-20T12:20:01.434+0100] {dag.py:4180} INFO - Setting next_dagrun for example_branch_datetime_operator_2 to 2025-02-19 00:00:00+00:00, run_after=2025-02-20 00:00:00+00:00
[2025-02-20T12:20:01.435+0100] {logging_mixin.py:190} INFO - [2025-02-20T12:20:01.435+0100] {dag.py:4180} INFO - Setting next_dagrun for example_branch_datetime_operator_3 to 2025-02-19 00:00:00+00:00, run_after=2025-02-20 00:00:00+00:00
[2025-02-20T12:20:01.442+0100] {processor.py:208} INFO - Processing /Users/ajlakorman/Desktop/Data-Mining-Projects/Apache_Airflow/venv/lib/python3.10/site-packages/airflow/example_dags/example_branch_datetime_operator.py took 0.093 seconds
[2025-02-20T12:22:37.473+0100] {processor.py:186} INFO - Started process (PID=12336) to work on /Users/ajlakorman/Desktop/Data-Mining-Projects/Apache_Airflow/venv/lib/python3.10/site-packages/airflow/example_dags/example_branch_datetime_operator.py
[2025-02-20T12:22:37.474+0100] {processor.py:914} INFO - Processing file /Users/ajlakorman/Desktop/Data-Mining-Projects/Apache_Airflow/venv/lib/python3.10/site-packages/airflow/example_dags/example_branch_datetime_operator.py for tasks to queue
[2025-02-20T12:22:37.475+0100] {logging_mixin.py:190} INFO - [2025-02-20T12:22:37.474+0100] {dagbag.py:588} INFO - Filling up the DagBag from /Users/ajlakorman/Desktop/Data-Mining-Projects/Apache_Airflow/venv/lib/python3.10/site-packages/airflow/example_dags/example_branch_datetime_operator.py
[2025-02-20T12:22:37.480+0100] {processor.py:925} INFO - DAG(s) 'example_branch_datetime_operator_2', 'example_branch_datetime_operator_3', 'example_branch_datetime_operator' retrieved from /Users/ajlakorman/Desktop/Data-Mining-Projects/Apache_Airflow/venv/lib/python3.10/site-packages/airflow/example_dags/example_branch_datetime_operator.py
[2025-02-20T12:22:37.549+0100] {logging_mixin.py:190} INFO - [2025-02-20T12:22:37.548+0100] {dag.py:3239} INFO - Sync 3 DAGs
[2025-02-20T12:22:37.555+0100] {logging_mixin.py:190} INFO - [2025-02-20T12:22:37.555+0100] {dag.py:4180} INFO - Setting next_dagrun for example_branch_datetime_operator to 2025-02-19 00:00:00+00:00, run_after=2025-02-20 00:00:00+00:00
[2025-02-20T12:22:37.557+0100] {logging_mixin.py:190} INFO - [2025-02-20T12:22:37.557+0100] {dag.py:4180} INFO - Setting next_dagrun for example_branch_datetime_operator_2 to 2025-02-19 00:00:00+00:00, run_after=2025-02-20 00:00:00+00:00
[2025-02-20T12:22:37.558+0100] {logging_mixin.py:190} INFO - [2025-02-20T12:22:37.558+0100] {dag.py:4180} INFO - Setting next_dagrun for example_branch_datetime_operator_3 to 2025-02-19 00:00:00+00:00, run_after=2025-02-20 00:00:00+00:00
[2025-02-20T12:22:37.564+0100] {processor.py:208} INFO - Processing /Users/ajlakorman/Desktop/Data-Mining-Projects/Apache_Airflow/venv/lib/python3.10/site-packages/airflow/example_dags/example_branch_datetime_operator.py took 0.093 seconds
[2025-02-20T12:25:09.602+0100] {processor.py:186} INFO - Started process (PID=12599) to work on /Users/ajlakorman/Desktop/Data-Mining-Projects/Apache_Airflow/venv/lib/python3.10/site-packages/airflow/example_dags/example_branch_datetime_operator.py
[2025-02-20T12:25:09.603+0100] {processor.py:914} INFO - Processing file /Users/ajlakorman/Desktop/Data-Mining-Projects/Apache_Airflow/venv/lib/python3.10/site-packages/airflow/example_dags/example_branch_datetime_operator.py for tasks to queue
[2025-02-20T12:25:09.604+0100] {logging_mixin.py:190} INFO - [2025-02-20T12:25:09.604+0100] {dagbag.py:588} INFO - Filling up the DagBag from /Users/ajlakorman/Desktop/Data-Mining-Projects/Apache_Airflow/venv/lib/python3.10/site-packages/airflow/example_dags/example_branch_datetime_operator.py
[2025-02-20T12:25:09.609+0100] {processor.py:925} INFO - DAG(s) 'example_branch_datetime_operator_2', 'example_branch_datetime_operator_3', 'example_branch_datetime_operator' retrieved from /Users/ajlakorman/Desktop/Data-Mining-Projects/Apache_Airflow/venv/lib/python3.10/site-packages/airflow/example_dags/example_branch_datetime_operator.py
[2025-02-20T12:25:09.676+0100] {logging_mixin.py:190} INFO - [2025-02-20T12:25:09.676+0100] {dag.py:3239} INFO - Sync 3 DAGs
[2025-02-20T12:25:09.683+0100] {logging_mixin.py:190} INFO - [2025-02-20T12:25:09.683+0100] {dag.py:4180} INFO - Setting next_dagrun for example_branch_datetime_operator to 2025-02-19 00:00:00+00:00, run_after=2025-02-20 00:00:00+00:00
[2025-02-20T12:25:09.684+0100] {logging_mixin.py:190} INFO - [2025-02-20T12:25:09.684+0100] {dag.py:4180} INFO - Setting next_dagrun for example_branch_datetime_operator_2 to 2025-02-19 00:00:00+00:00, run_after=2025-02-20 00:00:00+00:00
[2025-02-20T12:25:09.685+0100] {logging_mixin.py:190} INFO - [2025-02-20T12:25:09.685+0100] {dag.py:4180} INFO - Setting next_dagrun for example_branch_datetime_operator_3 to 2025-02-19 00:00:00+00:00, run_after=2025-02-20 00:00:00+00:00
[2025-02-20T12:25:09.692+0100] {processor.py:208} INFO - Processing /Users/ajlakorman/Desktop/Data-Mining-Projects/Apache_Airflow/venv/lib/python3.10/site-packages/airflow/example_dags/example_branch_datetime_operator.py took 0.091 seconds
[2025-02-20T12:27:37.896+0100] {processor.py:186} INFO - Started process (PID=12935) to work on /Users/ajlakorman/Desktop/Data-Mining-Projects/Apache_Airflow/venv/lib/python3.10/site-packages/airflow/example_dags/example_branch_datetime_operator.py
[2025-02-20T12:27:37.899+0100] {processor.py:914} INFO - Processing file /Users/ajlakorman/Desktop/Data-Mining-Projects/Apache_Airflow/venv/lib/python3.10/site-packages/airflow/example_dags/example_branch_datetime_operator.py for tasks to queue
[2025-02-20T12:27:37.899+0100] {logging_mixin.py:190} INFO - [2025-02-20T12:27:37.899+0100] {dagbag.py:588} INFO - Filling up the DagBag from /Users/ajlakorman/Desktop/Data-Mining-Projects/Apache_Airflow/venv/lib/python3.10/site-packages/airflow/example_dags/example_branch_datetime_operator.py
[2025-02-20T12:27:37.906+0100] {processor.py:925} INFO - DAG(s) 'example_branch_datetime_operator_3', 'example_branch_datetime_operator', 'example_branch_datetime_operator_2' retrieved from /Users/ajlakorman/Desktop/Data-Mining-Projects/Apache_Airflow/venv/lib/python3.10/site-packages/airflow/example_dags/example_branch_datetime_operator.py
[2025-02-20T12:27:37.982+0100] {logging_mixin.py:190} INFO - [2025-02-20T12:27:37.982+0100] {dag.py:3239} INFO - Sync 3 DAGs
[2025-02-20T12:27:37.989+0100] {logging_mixin.py:190} INFO - [2025-02-20T12:27:37.989+0100] {dag.py:4180} INFO - Setting next_dagrun for example_branch_datetime_operator to 2025-02-19 00:00:00+00:00, run_after=2025-02-20 00:00:00+00:00
[2025-02-20T12:27:37.991+0100] {logging_mixin.py:190} INFO - [2025-02-20T12:27:37.991+0100] {dag.py:4180} INFO - Setting next_dagrun for example_branch_datetime_operator_2 to 2025-02-19 00:00:00+00:00, run_after=2025-02-20 00:00:00+00:00
[2025-02-20T12:27:37.992+0100] {logging_mixin.py:190} INFO - [2025-02-20T12:27:37.992+0100] {dag.py:4180} INFO - Setting next_dagrun for example_branch_datetime_operator_3 to 2025-02-19 00:00:00+00:00, run_after=2025-02-20 00:00:00+00:00
[2025-02-20T12:27:37.999+0100] {processor.py:208} INFO - Processing /Users/ajlakorman/Desktop/Data-Mining-Projects/Apache_Airflow/venv/lib/python3.10/site-packages/airflow/example_dags/example_branch_datetime_operator.py took 0.107 seconds
[2025-02-20T12:30:05.042+0100] {processor.py:186} INFO - Started process (PID=13217) to work on /Users/ajlakorman/Desktop/Data-Mining-Projects/Apache_Airflow/venv/lib/python3.10/site-packages/airflow/example_dags/example_branch_datetime_operator.py
[2025-02-20T12:30:05.043+0100] {processor.py:914} INFO - Processing file /Users/ajlakorman/Desktop/Data-Mining-Projects/Apache_Airflow/venv/lib/python3.10/site-packages/airflow/example_dags/example_branch_datetime_operator.py for tasks to queue
[2025-02-20T12:30:05.044+0100] {logging_mixin.py:190} INFO - [2025-02-20T12:30:05.044+0100] {dagbag.py:588} INFO - Filling up the DagBag from /Users/ajlakorman/Desktop/Data-Mining-Projects/Apache_Airflow/venv/lib/python3.10/site-packages/airflow/example_dags/example_branch_datetime_operator.py
[2025-02-20T12:30:05.052+0100] {processor.py:925} INFO - DAG(s) 'example_branch_datetime_operator_3', 'example_branch_datetime_operator', 'example_branch_datetime_operator_2' retrieved from /Users/ajlakorman/Desktop/Data-Mining-Projects/Apache_Airflow/venv/lib/python3.10/site-packages/airflow/example_dags/example_branch_datetime_operator.py
[2025-02-20T12:30:05.215+0100] {logging_mixin.py:190} INFO - [2025-02-20T12:30:05.214+0100] {dag.py:3239} INFO - Sync 3 DAGs
[2025-02-20T12:30:05.225+0100] {logging_mixin.py:190} INFO - [2025-02-20T12:30:05.225+0100] {dag.py:4180} INFO - Setting next_dagrun for example_branch_datetime_operator to 2025-02-19 00:00:00+00:00, run_after=2025-02-20 00:00:00+00:00
[2025-02-20T12:30:05.227+0100] {logging_mixin.py:190} INFO - [2025-02-20T12:30:05.227+0100] {dag.py:4180} INFO - Setting next_dagrun for example_branch_datetime_operator_2 to 2025-02-19 00:00:00+00:00, run_after=2025-02-20 00:00:00+00:00
[2025-02-20T12:30:05.229+0100] {logging_mixin.py:190} INFO - [2025-02-20T12:30:05.229+0100] {dag.py:4180} INFO - Setting next_dagrun for example_branch_datetime_operator_3 to 2025-02-19 00:00:00+00:00, run_after=2025-02-20 00:00:00+00:00
[2025-02-20T12:30:05.239+0100] {processor.py:208} INFO - Processing /Users/ajlakorman/Desktop/Data-Mining-Projects/Apache_Airflow/venv/lib/python3.10/site-packages/airflow/example_dags/example_branch_datetime_operator.py took 0.204 seconds
[2025-02-20T12:32:39.427+0100] {processor.py:186} INFO - Started process (PID=13566) to work on /Users/ajlakorman/Desktop/Data-Mining-Projects/Apache_Airflow/venv/lib/python3.10/site-packages/airflow/example_dags/example_branch_datetime_operator.py
[2025-02-20T12:32:39.427+0100] {processor.py:914} INFO - Processing file /Users/ajlakorman/Desktop/Data-Mining-Projects/Apache_Airflow/venv/lib/python3.10/site-packages/airflow/example_dags/example_branch_datetime_operator.py for tasks to queue
[2025-02-20T12:32:39.428+0100] {logging_mixin.py:190} INFO - [2025-02-20T12:32:39.428+0100] {dagbag.py:588} INFO - Filling up the DagBag from /Users/ajlakorman/Desktop/Data-Mining-Projects/Apache_Airflow/venv/lib/python3.10/site-packages/airflow/example_dags/example_branch_datetime_operator.py
[2025-02-20T12:32:39.434+0100] {processor.py:925} INFO - DAG(s) 'example_branch_datetime_operator_3', 'example_branch_datetime_operator_2', 'example_branch_datetime_operator' retrieved from /Users/ajlakorman/Desktop/Data-Mining-Projects/Apache_Airflow/venv/lib/python3.10/site-packages/airflow/example_dags/example_branch_datetime_operator.py
[2025-02-20T12:32:39.499+0100] {logging_mixin.py:190} INFO - [2025-02-20T12:32:39.499+0100] {dag.py:3239} INFO - Sync 3 DAGs
[2025-02-20T12:32:39.506+0100] {logging_mixin.py:190} INFO - [2025-02-20T12:32:39.506+0100] {dag.py:4180} INFO - Setting next_dagrun for example_branch_datetime_operator to 2025-02-19 00:00:00+00:00, run_after=2025-02-20 00:00:00+00:00
[2025-02-20T12:32:39.508+0100] {logging_mixin.py:190} INFO - [2025-02-20T12:32:39.508+0100] {dag.py:4180} INFO - Setting next_dagrun for example_branch_datetime_operator_2 to 2025-02-19 00:00:00+00:00, run_after=2025-02-20 00:00:00+00:00
[2025-02-20T12:32:39.509+0100] {logging_mixin.py:190} INFO - [2025-02-20T12:32:39.508+0100] {dag.py:4180} INFO - Setting next_dagrun for example_branch_datetime_operator_3 to 2025-02-19 00:00:00+00:00, run_after=2025-02-20 00:00:00+00:00
[2025-02-20T12:32:39.516+0100] {processor.py:208} INFO - Processing /Users/ajlakorman/Desktop/Data-Mining-Projects/Apache_Airflow/venv/lib/python3.10/site-packages/airflow/example_dags/example_branch_datetime_operator.py took 0.091 seconds
[2025-02-20T12:35:09.872+0100] {processor.py:186} INFO - Started process (PID=13882) to work on /Users/ajlakorman/Desktop/Data-Mining-Projects/Apache_Airflow/venv/lib/python3.10/site-packages/airflow/example_dags/example_branch_datetime_operator.py
[2025-02-20T12:35:09.873+0100] {processor.py:914} INFO - Processing file /Users/ajlakorman/Desktop/Data-Mining-Projects/Apache_Airflow/venv/lib/python3.10/site-packages/airflow/example_dags/example_branch_datetime_operator.py for tasks to queue
[2025-02-20T12:35:09.874+0100] {logging_mixin.py:190} INFO - [2025-02-20T12:35:09.874+0100] {dagbag.py:588} INFO - Filling up the DagBag from /Users/ajlakorman/Desktop/Data-Mining-Projects/Apache_Airflow/venv/lib/python3.10/site-packages/airflow/example_dags/example_branch_datetime_operator.py
[2025-02-20T12:35:09.880+0100] {processor.py:925} INFO - DAG(s) 'example_branch_datetime_operator_2', 'example_branch_datetime_operator_3', 'example_branch_datetime_operator' retrieved from /Users/ajlakorman/Desktop/Data-Mining-Projects/Apache_Airflow/venv/lib/python3.10/site-packages/airflow/example_dags/example_branch_datetime_operator.py
[2025-02-20T12:35:09.955+0100] {logging_mixin.py:190} INFO - [2025-02-20T12:35:09.955+0100] {dag.py:3239} INFO - Sync 3 DAGs
[2025-02-20T12:35:09.968+0100] {logging_mixin.py:190} INFO - [2025-02-20T12:35:09.968+0100] {dag.py:4180} INFO - Setting next_dagrun for example_branch_datetime_operator to 2025-02-19 00:00:00+00:00, run_after=2025-02-20 00:00:00+00:00
[2025-02-20T12:35:09.971+0100] {logging_mixin.py:190} INFO - [2025-02-20T12:35:09.970+0100] {dag.py:4180} INFO - Setting next_dagrun for example_branch_datetime_operator_2 to 2025-02-19 00:00:00+00:00, run_after=2025-02-20 00:00:00+00:00
[2025-02-20T12:35:09.973+0100] {logging_mixin.py:190} INFO - [2025-02-20T12:35:09.973+0100] {dag.py:4180} INFO - Setting next_dagrun for example_branch_datetime_operator_3 to 2025-02-19 00:00:00+00:00, run_after=2025-02-20 00:00:00+00:00
[2025-02-20T12:35:09.985+0100] {processor.py:208} INFO - Processing /Users/ajlakorman/Desktop/Data-Mining-Projects/Apache_Airflow/venv/lib/python3.10/site-packages/airflow/example_dags/example_branch_datetime_operator.py took 0.114 seconds
[2025-02-20T12:37:45.207+0100] {processor.py:186} INFO - Started process (PID=14286) to work on /Users/ajlakorman/Desktop/Data-Mining-Projects/Apache_Airflow/venv/lib/python3.10/site-packages/airflow/example_dags/example_branch_datetime_operator.py
[2025-02-20T12:37:45.207+0100] {processor.py:914} INFO - Processing file /Users/ajlakorman/Desktop/Data-Mining-Projects/Apache_Airflow/venv/lib/python3.10/site-packages/airflow/example_dags/example_branch_datetime_operator.py for tasks to queue
[2025-02-20T12:37:45.208+0100] {logging_mixin.py:190} INFO - [2025-02-20T12:37:45.208+0100] {dagbag.py:588} INFO - Filling up the DagBag from /Users/ajlakorman/Desktop/Data-Mining-Projects/Apache_Airflow/venv/lib/python3.10/site-packages/airflow/example_dags/example_branch_datetime_operator.py
[2025-02-20T12:37:45.214+0100] {processor.py:925} INFO - DAG(s) 'example_branch_datetime_operator_2', 'example_branch_datetime_operator_3', 'example_branch_datetime_operator' retrieved from /Users/ajlakorman/Desktop/Data-Mining-Projects/Apache_Airflow/venv/lib/python3.10/site-packages/airflow/example_dags/example_branch_datetime_operator.py
[2025-02-20T12:37:45.280+0100] {logging_mixin.py:190} INFO - [2025-02-20T12:37:45.279+0100] {dag.py:3239} INFO - Sync 3 DAGs
[2025-02-20T12:37:45.286+0100] {logging_mixin.py:190} INFO - [2025-02-20T12:37:45.286+0100] {dag.py:4180} INFO - Setting next_dagrun for example_branch_datetime_operator to 2025-02-19 00:00:00+00:00, run_after=2025-02-20 00:00:00+00:00
[2025-02-20T12:37:45.288+0100] {logging_mixin.py:190} INFO - [2025-02-20T12:37:45.288+0100] {dag.py:4180} INFO - Setting next_dagrun for example_branch_datetime_operator_2 to 2025-02-19 00:00:00+00:00, run_after=2025-02-20 00:00:00+00:00
[2025-02-20T12:37:45.288+0100] {logging_mixin.py:190} INFO - [2025-02-20T12:37:45.288+0100] {dag.py:4180} INFO - Setting next_dagrun for example_branch_datetime_operator_3 to 2025-02-19 00:00:00+00:00, run_after=2025-02-20 00:00:00+00:00
[2025-02-20T12:37:45.296+0100] {processor.py:208} INFO - Processing /Users/ajlakorman/Desktop/Data-Mining-Projects/Apache_Airflow/venv/lib/python3.10/site-packages/airflow/example_dags/example_branch_datetime_operator.py took 0.090 seconds
[2025-02-20T12:55:28.259+0100] {processor.py:186} INFO - Started process (PID=14640) to work on /Users/ajlakorman/Desktop/Data-Mining-Projects/Apache_Airflow/venv/lib/python3.10/site-packages/airflow/example_dags/example_branch_datetime_operator.py
[2025-02-20T12:55:28.260+0100] {processor.py:914} INFO - Processing file /Users/ajlakorman/Desktop/Data-Mining-Projects/Apache_Airflow/venv/lib/python3.10/site-packages/airflow/example_dags/example_branch_datetime_operator.py for tasks to queue
[2025-02-20T12:55:28.261+0100] {logging_mixin.py:190} INFO - [2025-02-20T12:55:28.261+0100] {dagbag.py:588} INFO - Filling up the DagBag from /Users/ajlakorman/Desktop/Data-Mining-Projects/Apache_Airflow/venv/lib/python3.10/site-packages/airflow/example_dags/example_branch_datetime_operator.py
[2025-02-20T12:55:28.266+0100] {processor.py:925} INFO - DAG(s) 'example_branch_datetime_operator', 'example_branch_datetime_operator_3', 'example_branch_datetime_operator_2' retrieved from /Users/ajlakorman/Desktop/Data-Mining-Projects/Apache_Airflow/venv/lib/python3.10/site-packages/airflow/example_dags/example_branch_datetime_operator.py
[2025-02-20T12:55:28.332+0100] {logging_mixin.py:190} INFO - [2025-02-20T12:55:28.332+0100] {dag.py:3239} INFO - Sync 3 DAGs
[2025-02-20T12:55:28.339+0100] {logging_mixin.py:190} INFO - [2025-02-20T12:55:28.339+0100] {dag.py:4180} INFO - Setting next_dagrun for example_branch_datetime_operator to 2025-02-19 00:00:00+00:00, run_after=2025-02-20 00:00:00+00:00
[2025-02-20T12:55:28.340+0100] {logging_mixin.py:190} INFO - [2025-02-20T12:55:28.340+0100] {dag.py:4180} INFO - Setting next_dagrun for example_branch_datetime_operator_2 to 2025-02-19 00:00:00+00:00, run_after=2025-02-20 00:00:00+00:00
[2025-02-20T12:55:28.341+0100] {logging_mixin.py:190} INFO - [2025-02-20T12:55:28.341+0100] {dag.py:4180} INFO - Setting next_dagrun for example_branch_datetime_operator_3 to 2025-02-19 00:00:00+00:00, run_after=2025-02-20 00:00:00+00:00
[2025-02-20T12:55:28.350+0100] {processor.py:208} INFO - Processing /Users/ajlakorman/Desktop/Data-Mining-Projects/Apache_Airflow/venv/lib/python3.10/site-packages/airflow/example_dags/example_branch_datetime_operator.py took 0.093 seconds
[2025-02-20T12:58:42.017+0100] {processor.py:186} INFO - Started process (PID=15004) to work on /Users/ajlakorman/Desktop/Data-Mining-Projects/Apache_Airflow/venv/lib/python3.10/site-packages/airflow/example_dags/example_branch_datetime_operator.py
[2025-02-20T12:58:42.018+0100] {processor.py:914} INFO - Processing file /Users/ajlakorman/Desktop/Data-Mining-Projects/Apache_Airflow/venv/lib/python3.10/site-packages/airflow/example_dags/example_branch_datetime_operator.py for tasks to queue
[2025-02-20T12:58:42.018+0100] {logging_mixin.py:190} INFO - [2025-02-20T12:58:42.018+0100] {dagbag.py:588} INFO - Filling up the DagBag from /Users/ajlakorman/Desktop/Data-Mining-Projects/Apache_Airflow/venv/lib/python3.10/site-packages/airflow/example_dags/example_branch_datetime_operator.py
[2025-02-20T12:58:42.025+0100] {processor.py:925} INFO - DAG(s) 'example_branch_datetime_operator', 'example_branch_datetime_operator_2', 'example_branch_datetime_operator_3' retrieved from /Users/ajlakorman/Desktop/Data-Mining-Projects/Apache_Airflow/venv/lib/python3.10/site-packages/airflow/example_dags/example_branch_datetime_operator.py
[2025-02-20T12:58:42.173+0100] {logging_mixin.py:190} INFO - [2025-02-20T12:58:42.173+0100] {dag.py:3239} INFO - Sync 3 DAGs
[2025-02-20T12:58:42.184+0100] {logging_mixin.py:190} INFO - [2025-02-20T12:58:42.183+0100] {dag.py:4180} INFO - Setting next_dagrun for example_branch_datetime_operator to 2025-02-19 00:00:00+00:00, run_after=2025-02-20 00:00:00+00:00
[2025-02-20T12:58:42.186+0100] {logging_mixin.py:190} INFO - [2025-02-20T12:58:42.186+0100] {dag.py:4180} INFO - Setting next_dagrun for example_branch_datetime_operator_2 to 2025-02-19 00:00:00+00:00, run_after=2025-02-20 00:00:00+00:00
[2025-02-20T12:58:42.187+0100] {logging_mixin.py:190} INFO - [2025-02-20T12:58:42.187+0100] {dag.py:4180} INFO - Setting next_dagrun for example_branch_datetime_operator_3 to 2025-02-19 00:00:00+00:00, run_after=2025-02-20 00:00:00+00:00
[2025-02-20T12:58:42.195+0100] {processor.py:208} INFO - Processing /Users/ajlakorman/Desktop/Data-Mining-Projects/Apache_Airflow/venv/lib/python3.10/site-packages/airflow/example_dags/example_branch_datetime_operator.py took 0.180 seconds
[2025-02-20T13:01:26.963+0100] {processor.py:186} INFO - Started process (PID=15239) to work on /Users/ajlakorman/Desktop/Data-Mining-Projects/Apache_Airflow/venv/lib/python3.10/site-packages/airflow/example_dags/example_branch_datetime_operator.py
[2025-02-20T13:01:26.964+0100] {processor.py:914} INFO - Processing file /Users/ajlakorman/Desktop/Data-Mining-Projects/Apache_Airflow/venv/lib/python3.10/site-packages/airflow/example_dags/example_branch_datetime_operator.py for tasks to queue
[2025-02-20T13:01:26.964+0100] {logging_mixin.py:190} INFO - [2025-02-20T13:01:26.964+0100] {dagbag.py:588} INFO - Filling up the DagBag from /Users/ajlakorman/Desktop/Data-Mining-Projects/Apache_Airflow/venv/lib/python3.10/site-packages/airflow/example_dags/example_branch_datetime_operator.py
[2025-02-20T13:01:26.970+0100] {processor.py:925} INFO - DAG(s) 'example_branch_datetime_operator', 'example_branch_datetime_operator_3', 'example_branch_datetime_operator_2' retrieved from /Users/ajlakorman/Desktop/Data-Mining-Projects/Apache_Airflow/venv/lib/python3.10/site-packages/airflow/example_dags/example_branch_datetime_operator.py
[2025-02-20T13:01:27.036+0100] {logging_mixin.py:190} INFO - [2025-02-20T13:01:27.035+0100] {dag.py:3239} INFO - Sync 3 DAGs
[2025-02-20T13:01:27.042+0100] {logging_mixin.py:190} INFO - [2025-02-20T13:01:27.042+0100] {dag.py:4180} INFO - Setting next_dagrun for example_branch_datetime_operator to 2025-02-19 00:00:00+00:00, run_after=2025-02-20 00:00:00+00:00
[2025-02-20T13:01:27.044+0100] {logging_mixin.py:190} INFO - [2025-02-20T13:01:27.044+0100] {dag.py:4180} INFO - Setting next_dagrun for example_branch_datetime_operator_2 to 2025-02-19 00:00:00+00:00, run_after=2025-02-20 00:00:00+00:00
[2025-02-20T13:01:27.045+0100] {logging_mixin.py:190} INFO - [2025-02-20T13:01:27.045+0100] {dag.py:4180} INFO - Setting next_dagrun for example_branch_datetime_operator_3 to 2025-02-19 00:00:00+00:00, run_after=2025-02-20 00:00:00+00:00
[2025-02-20T13:01:27.052+0100] {processor.py:208} INFO - Processing /Users/ajlakorman/Desktop/Data-Mining-Projects/Apache_Airflow/venv/lib/python3.10/site-packages/airflow/example_dags/example_branch_datetime_operator.py took 0.090 seconds
[2025-02-20T13:06:49.258+0100] {processor.py:186} INFO - Started process (PID=15468) to work on /Users/ajlakorman/Desktop/Data-Mining-Projects/Apache_Airflow/venv/lib/python3.10/site-packages/airflow/example_dags/example_branch_datetime_operator.py
[2025-02-20T13:06:49.258+0100] {processor.py:914} INFO - Processing file /Users/ajlakorman/Desktop/Data-Mining-Projects/Apache_Airflow/venv/lib/python3.10/site-packages/airflow/example_dags/example_branch_datetime_operator.py for tasks to queue
[2025-02-20T13:06:49.259+0100] {logging_mixin.py:190} INFO - [2025-02-20T13:06:49.259+0100] {dagbag.py:588} INFO - Filling up the DagBag from /Users/ajlakorman/Desktop/Data-Mining-Projects/Apache_Airflow/venv/lib/python3.10/site-packages/airflow/example_dags/example_branch_datetime_operator.py
[2025-02-20T13:06:49.265+0100] {processor.py:925} INFO - DAG(s) 'example_branch_datetime_operator_2', 'example_branch_datetime_operator_3', 'example_branch_datetime_operator' retrieved from /Users/ajlakorman/Desktop/Data-Mining-Projects/Apache_Airflow/venv/lib/python3.10/site-packages/airflow/example_dags/example_branch_datetime_operator.py
[2025-02-20T13:06:49.330+0100] {logging_mixin.py:190} INFO - [2025-02-20T13:06:49.330+0100] {dag.py:3239} INFO - Sync 3 DAGs
[2025-02-20T13:06:49.337+0100] {logging_mixin.py:190} INFO - [2025-02-20T13:06:49.337+0100] {dag.py:4180} INFO - Setting next_dagrun for example_branch_datetime_operator to 2025-02-19 00:00:00+00:00, run_after=2025-02-20 00:00:00+00:00
[2025-02-20T13:06:49.338+0100] {logging_mixin.py:190} INFO - [2025-02-20T13:06:49.338+0100] {dag.py:4180} INFO - Setting next_dagrun for example_branch_datetime_operator_2 to 2025-02-19 00:00:00+00:00, run_after=2025-02-20 00:00:00+00:00
[2025-02-20T13:06:49.339+0100] {logging_mixin.py:190} INFO - [2025-02-20T13:06:49.339+0100] {dag.py:4180} INFO - Setting next_dagrun for example_branch_datetime_operator_3 to 2025-02-19 00:00:00+00:00, run_after=2025-02-20 00:00:00+00:00
[2025-02-20T13:06:49.346+0100] {processor.py:208} INFO - Processing /Users/ajlakorman/Desktop/Data-Mining-Projects/Apache_Airflow/venv/lib/python3.10/site-packages/airflow/example_dags/example_branch_datetime_operator.py took 0.090 seconds
[2025-02-20T13:09:41.305+0100] {processor.py:186} INFO - Started process (PID=15896) to work on /Users/ajlakorman/Desktop/Data-Mining-Projects/Apache_Airflow/venv/lib/python3.10/site-packages/airflow/example_dags/example_branch_datetime_operator.py
[2025-02-20T13:09:41.306+0100] {processor.py:914} INFO - Processing file /Users/ajlakorman/Desktop/Data-Mining-Projects/Apache_Airflow/venv/lib/python3.10/site-packages/airflow/example_dags/example_branch_datetime_operator.py for tasks to queue
[2025-02-20T13:09:41.306+0100] {logging_mixin.py:190} INFO - [2025-02-20T13:09:41.306+0100] {dagbag.py:588} INFO - Filling up the DagBag from /Users/ajlakorman/Desktop/Data-Mining-Projects/Apache_Airflow/venv/lib/python3.10/site-packages/airflow/example_dags/example_branch_datetime_operator.py
[2025-02-20T13:09:41.312+0100] {processor.py:925} INFO - DAG(s) 'example_branch_datetime_operator', 'example_branch_datetime_operator_3', 'example_branch_datetime_operator_2' retrieved from /Users/ajlakorman/Desktop/Data-Mining-Projects/Apache_Airflow/venv/lib/python3.10/site-packages/airflow/example_dags/example_branch_datetime_operator.py
[2025-02-20T13:09:41.394+0100] {logging_mixin.py:190} INFO - [2025-02-20T13:09:41.394+0100] {dag.py:3239} INFO - Sync 3 DAGs
[2025-02-20T13:09:41.403+0100] {logging_mixin.py:190} INFO - [2025-02-20T13:09:41.403+0100] {dag.py:4180} INFO - Setting next_dagrun for example_branch_datetime_operator to 2025-02-19 00:00:00+00:00, run_after=2025-02-20 00:00:00+00:00
[2025-02-20T13:09:41.406+0100] {logging_mixin.py:190} INFO - [2025-02-20T13:09:41.406+0100] {dag.py:4180} INFO - Setting next_dagrun for example_branch_datetime_operator_2 to 2025-02-19 00:00:00+00:00, run_after=2025-02-20 00:00:00+00:00
[2025-02-20T13:09:41.407+0100] {logging_mixin.py:190} INFO - [2025-02-20T13:09:41.407+0100] {dag.py:4180} INFO - Setting next_dagrun for example_branch_datetime_operator_3 to 2025-02-19 00:00:00+00:00, run_after=2025-02-20 00:00:00+00:00
[2025-02-20T13:09:41.417+0100] {processor.py:208} INFO - Processing /Users/ajlakorman/Desktop/Data-Mining-Projects/Apache_Airflow/venv/lib/python3.10/site-packages/airflow/example_dags/example_branch_datetime_operator.py took 0.114 seconds
[2025-02-20T13:12:29.216+0100] {processor.py:186} INFO - Started process (PID=16146) to work on /Users/ajlakorman/Desktop/Data-Mining-Projects/Apache_Airflow/venv/lib/python3.10/site-packages/airflow/example_dags/example_branch_datetime_operator.py
[2025-02-20T13:12:29.217+0100] {processor.py:914} INFO - Processing file /Users/ajlakorman/Desktop/Data-Mining-Projects/Apache_Airflow/venv/lib/python3.10/site-packages/airflow/example_dags/example_branch_datetime_operator.py for tasks to queue
[2025-02-20T13:12:29.218+0100] {logging_mixin.py:190} INFO - [2025-02-20T13:12:29.217+0100] {dagbag.py:588} INFO - Filling up the DagBag from /Users/ajlakorman/Desktop/Data-Mining-Projects/Apache_Airflow/venv/lib/python3.10/site-packages/airflow/example_dags/example_branch_datetime_operator.py
[2025-02-20T13:12:29.223+0100] {processor.py:925} INFO - DAG(s) 'example_branch_datetime_operator_3', 'example_branch_datetime_operator_2', 'example_branch_datetime_operator' retrieved from /Users/ajlakorman/Desktop/Data-Mining-Projects/Apache_Airflow/venv/lib/python3.10/site-packages/airflow/example_dags/example_branch_datetime_operator.py
[2025-02-20T13:12:29.297+0100] {logging_mixin.py:190} INFO - [2025-02-20T13:12:29.296+0100] {dag.py:3239} INFO - Sync 3 DAGs
[2025-02-20T13:12:29.304+0100] {logging_mixin.py:190} INFO - [2025-02-20T13:12:29.304+0100] {dag.py:4180} INFO - Setting next_dagrun for example_branch_datetime_operator to 2025-02-19 00:00:00+00:00, run_after=2025-02-20 00:00:00+00:00
[2025-02-20T13:12:29.306+0100] {logging_mixin.py:190} INFO - [2025-02-20T13:12:29.306+0100] {dag.py:4180} INFO - Setting next_dagrun for example_branch_datetime_operator_2 to 2025-02-19 00:00:00+00:00, run_after=2025-02-20 00:00:00+00:00
[2025-02-20T13:12:29.307+0100] {logging_mixin.py:190} INFO - [2025-02-20T13:12:29.307+0100] {dag.py:4180} INFO - Setting next_dagrun for example_branch_datetime_operator_3 to 2025-02-19 00:00:00+00:00, run_after=2025-02-20 00:00:00+00:00
[2025-02-20T13:12:29.314+0100] {processor.py:208} INFO - Processing /Users/ajlakorman/Desktop/Data-Mining-Projects/Apache_Airflow/venv/lib/python3.10/site-packages/airflow/example_dags/example_branch_datetime_operator.py took 0.099 seconds
[2025-02-20T13:15:32.814+0100] {processor.py:186} INFO - Started process (PID=16439) to work on /Users/ajlakorman/Desktop/Data-Mining-Projects/Apache_Airflow/venv/lib/python3.10/site-packages/airflow/example_dags/example_branch_datetime_operator.py
[2025-02-20T13:15:32.815+0100] {processor.py:914} INFO - Processing file /Users/ajlakorman/Desktop/Data-Mining-Projects/Apache_Airflow/venv/lib/python3.10/site-packages/airflow/example_dags/example_branch_datetime_operator.py for tasks to queue
[2025-02-20T13:15:32.816+0100] {logging_mixin.py:190} INFO - [2025-02-20T13:15:32.816+0100] {dagbag.py:588} INFO - Filling up the DagBag from /Users/ajlakorman/Desktop/Data-Mining-Projects/Apache_Airflow/venv/lib/python3.10/site-packages/airflow/example_dags/example_branch_datetime_operator.py
[2025-02-20T13:15:32.822+0100] {processor.py:925} INFO - DAG(s) 'example_branch_datetime_operator_3', 'example_branch_datetime_operator_2', 'example_branch_datetime_operator' retrieved from /Users/ajlakorman/Desktop/Data-Mining-Projects/Apache_Airflow/venv/lib/python3.10/site-packages/airflow/example_dags/example_branch_datetime_operator.py
[2025-02-20T13:15:32.889+0100] {logging_mixin.py:190} INFO - [2025-02-20T13:15:32.889+0100] {dag.py:3239} INFO - Sync 3 DAGs
[2025-02-20T13:15:32.896+0100] {logging_mixin.py:190} INFO - [2025-02-20T13:15:32.896+0100] {dag.py:4180} INFO - Setting next_dagrun for example_branch_datetime_operator to 2025-02-19 00:00:00+00:00, run_after=2025-02-20 00:00:00+00:00
[2025-02-20T13:15:32.897+0100] {logging_mixin.py:190} INFO - [2025-02-20T13:15:32.897+0100] {dag.py:4180} INFO - Setting next_dagrun for example_branch_datetime_operator_2 to 2025-02-19 00:00:00+00:00, run_after=2025-02-20 00:00:00+00:00
[2025-02-20T13:15:32.898+0100] {logging_mixin.py:190} INFO - [2025-02-20T13:15:32.898+0100] {dag.py:4180} INFO - Setting next_dagrun for example_branch_datetime_operator_3 to 2025-02-19 00:00:00+00:00, run_after=2025-02-20 00:00:00+00:00
[2025-02-20T13:15:32.905+0100] {processor.py:208} INFO - Processing /Users/ajlakorman/Desktop/Data-Mining-Projects/Apache_Airflow/venv/lib/python3.10/site-packages/airflow/example_dags/example_branch_datetime_operator.py took 0.092 seconds
[2025-02-20T13:18:41.694+0100] {processor.py:186} INFO - Started process (PID=16878) to work on /Users/ajlakorman/Desktop/Data-Mining-Projects/Apache_Airflow/venv/lib/python3.10/site-packages/airflow/example_dags/example_branch_datetime_operator.py
[2025-02-20T13:18:41.695+0100] {processor.py:914} INFO - Processing file /Users/ajlakorman/Desktop/Data-Mining-Projects/Apache_Airflow/venv/lib/python3.10/site-packages/airflow/example_dags/example_branch_datetime_operator.py for tasks to queue
[2025-02-20T13:18:41.696+0100] {logging_mixin.py:190} INFO - [2025-02-20T13:18:41.696+0100] {dagbag.py:588} INFO - Filling up the DagBag from /Users/ajlakorman/Desktop/Data-Mining-Projects/Apache_Airflow/venv/lib/python3.10/site-packages/airflow/example_dags/example_branch_datetime_operator.py
[2025-02-20T13:18:41.704+0100] {processor.py:925} INFO - DAG(s) 'example_branch_datetime_operator_3', 'example_branch_datetime_operator_2', 'example_branch_datetime_operator' retrieved from /Users/ajlakorman/Desktop/Data-Mining-Projects/Apache_Airflow/venv/lib/python3.10/site-packages/airflow/example_dags/example_branch_datetime_operator.py
[2025-02-20T13:18:41.824+0100] {logging_mixin.py:190} INFO - [2025-02-20T13:18:41.824+0100] {dag.py:3239} INFO - Sync 3 DAGs
[2025-02-20T13:18:41.843+0100] {logging_mixin.py:190} INFO - [2025-02-20T13:18:41.842+0100] {dag.py:4180} INFO - Setting next_dagrun for example_branch_datetime_operator to 2025-02-19 00:00:00+00:00, run_after=2025-02-20 00:00:00+00:00
[2025-02-20T13:18:41.848+0100] {logging_mixin.py:190} INFO - [2025-02-20T13:18:41.848+0100] {dag.py:4180} INFO - Setting next_dagrun for example_branch_datetime_operator_2 to 2025-02-19 00:00:00+00:00, run_after=2025-02-20 00:00:00+00:00
[2025-02-20T13:18:41.850+0100] {logging_mixin.py:190} INFO - [2025-02-20T13:18:41.850+0100] {dag.py:4180} INFO - Setting next_dagrun for example_branch_datetime_operator_3 to 2025-02-19 00:00:00+00:00, run_after=2025-02-20 00:00:00+00:00
[2025-02-20T13:18:41.858+0100] {processor.py:208} INFO - Processing /Users/ajlakorman/Desktop/Data-Mining-Projects/Apache_Airflow/venv/lib/python3.10/site-packages/airflow/example_dags/example_branch_datetime_operator.py took 0.167 seconds
[2025-02-20T13:21:40.868+0100] {processor.py:186} INFO - Started process (PID=17141) to work on /Users/ajlakorman/Desktop/Data-Mining-Projects/Apache_Airflow/venv/lib/python3.10/site-packages/airflow/example_dags/example_branch_datetime_operator.py
[2025-02-20T13:21:40.869+0100] {processor.py:914} INFO - Processing file /Users/ajlakorman/Desktop/Data-Mining-Projects/Apache_Airflow/venv/lib/python3.10/site-packages/airflow/example_dags/example_branch_datetime_operator.py for tasks to queue
[2025-02-20T13:21:40.869+0100] {logging_mixin.py:190} INFO - [2025-02-20T13:21:40.869+0100] {dagbag.py:588} INFO - Filling up the DagBag from /Users/ajlakorman/Desktop/Data-Mining-Projects/Apache_Airflow/venv/lib/python3.10/site-packages/airflow/example_dags/example_branch_datetime_operator.py
[2025-02-20T13:21:40.875+0100] {processor.py:925} INFO - DAG(s) 'example_branch_datetime_operator', 'example_branch_datetime_operator_3', 'example_branch_datetime_operator_2' retrieved from /Users/ajlakorman/Desktop/Data-Mining-Projects/Apache_Airflow/venv/lib/python3.10/site-packages/airflow/example_dags/example_branch_datetime_operator.py
[2025-02-20T13:21:40.942+0100] {logging_mixin.py:190} INFO - [2025-02-20T13:21:40.942+0100] {dag.py:3239} INFO - Sync 3 DAGs
[2025-02-20T13:21:40.949+0100] {logging_mixin.py:190} INFO - [2025-02-20T13:21:40.949+0100] {dag.py:4180} INFO - Setting next_dagrun for example_branch_datetime_operator to 2025-02-19 00:00:00+00:00, run_after=2025-02-20 00:00:00+00:00
[2025-02-20T13:21:40.951+0100] {logging_mixin.py:190} INFO - [2025-02-20T13:21:40.951+0100] {dag.py:4180} INFO - Setting next_dagrun for example_branch_datetime_operator_2 to 2025-02-19 00:00:00+00:00, run_after=2025-02-20 00:00:00+00:00
[2025-02-20T13:21:40.952+0100] {logging_mixin.py:190} INFO - [2025-02-20T13:21:40.952+0100] {dag.py:4180} INFO - Setting next_dagrun for example_branch_datetime_operator_3 to 2025-02-19 00:00:00+00:00, run_after=2025-02-20 00:00:00+00:00
[2025-02-20T13:21:40.958+0100] {processor.py:208} INFO - Processing /Users/ajlakorman/Desktop/Data-Mining-Projects/Apache_Airflow/venv/lib/python3.10/site-packages/airflow/example_dags/example_branch_datetime_operator.py took 0.092 seconds
[2025-02-20T13:24:19.857+0100] {processor.py:186} INFO - Started process (PID=17444) to work on /Users/ajlakorman/Desktop/Data-Mining-Projects/Apache_Airflow/venv/lib/python3.10/site-packages/airflow/example_dags/example_branch_datetime_operator.py
[2025-02-20T13:24:19.858+0100] {processor.py:914} INFO - Processing file /Users/ajlakorman/Desktop/Data-Mining-Projects/Apache_Airflow/venv/lib/python3.10/site-packages/airflow/example_dags/example_branch_datetime_operator.py for tasks to queue
[2025-02-20T13:24:19.858+0100] {logging_mixin.py:190} INFO - [2025-02-20T13:24:19.858+0100] {dagbag.py:588} INFO - Filling up the DagBag from /Users/ajlakorman/Desktop/Data-Mining-Projects/Apache_Airflow/venv/lib/python3.10/site-packages/airflow/example_dags/example_branch_datetime_operator.py
[2025-02-20T13:24:19.864+0100] {processor.py:925} INFO - DAG(s) 'example_branch_datetime_operator_2', 'example_branch_datetime_operator_3', 'example_branch_datetime_operator' retrieved from /Users/ajlakorman/Desktop/Data-Mining-Projects/Apache_Airflow/venv/lib/python3.10/site-packages/airflow/example_dags/example_branch_datetime_operator.py
[2025-02-20T13:24:19.932+0100] {logging_mixin.py:190} INFO - [2025-02-20T13:24:19.932+0100] {dag.py:3239} INFO - Sync 3 DAGs
[2025-02-20T13:24:19.939+0100] {logging_mixin.py:190} INFO - [2025-02-20T13:24:19.939+0100] {dag.py:4180} INFO - Setting next_dagrun for example_branch_datetime_operator to 2025-02-19 00:00:00+00:00, run_after=2025-02-20 00:00:00+00:00
[2025-02-20T13:24:19.940+0100] {logging_mixin.py:190} INFO - [2025-02-20T13:24:19.940+0100] {dag.py:4180} INFO - Setting next_dagrun for example_branch_datetime_operator_2 to 2025-02-19 00:00:00+00:00, run_after=2025-02-20 00:00:00+00:00
[2025-02-20T13:24:19.941+0100] {logging_mixin.py:190} INFO - [2025-02-20T13:24:19.941+0100] {dag.py:4180} INFO - Setting next_dagrun for example_branch_datetime_operator_3 to 2025-02-19 00:00:00+00:00, run_after=2025-02-20 00:00:00+00:00
[2025-02-20T13:24:19.948+0100] {processor.py:208} INFO - Processing /Users/ajlakorman/Desktop/Data-Mining-Projects/Apache_Airflow/venv/lib/python3.10/site-packages/airflow/example_dags/example_branch_datetime_operator.py took 0.093 seconds
[2025-02-20T13:26:57.914+0100] {processor.py:186} INFO - Started process (PID=17646) to work on /Users/ajlakorman/Desktop/Data-Mining-Projects/Apache_Airflow/venv/lib/python3.10/site-packages/airflow/example_dags/example_branch_datetime_operator.py
[2025-02-20T13:26:57.914+0100] {processor.py:914} INFO - Processing file /Users/ajlakorman/Desktop/Data-Mining-Projects/Apache_Airflow/venv/lib/python3.10/site-packages/airflow/example_dags/example_branch_datetime_operator.py for tasks to queue
[2025-02-20T13:26:57.915+0100] {logging_mixin.py:190} INFO - [2025-02-20T13:26:57.915+0100] {dagbag.py:588} INFO - Filling up the DagBag from /Users/ajlakorman/Desktop/Data-Mining-Projects/Apache_Airflow/venv/lib/python3.10/site-packages/airflow/example_dags/example_branch_datetime_operator.py
[2025-02-20T13:26:57.921+0100] {processor.py:925} INFO - DAG(s) 'example_branch_datetime_operator', 'example_branch_datetime_operator_2', 'example_branch_datetime_operator_3' retrieved from /Users/ajlakorman/Desktop/Data-Mining-Projects/Apache_Airflow/venv/lib/python3.10/site-packages/airflow/example_dags/example_branch_datetime_operator.py
[2025-02-20T13:26:58.010+0100] {logging_mixin.py:190} INFO - [2025-02-20T13:26:58.009+0100] {dag.py:3239} INFO - Sync 3 DAGs
[2025-02-20T13:26:58.017+0100] {logging_mixin.py:190} INFO - [2025-02-20T13:26:58.017+0100] {dag.py:4180} INFO - Setting next_dagrun for example_branch_datetime_operator to 2025-02-19 00:00:00+00:00, run_after=2025-02-20 00:00:00+00:00
[2025-02-20T13:26:58.018+0100] {logging_mixin.py:190} INFO - [2025-02-20T13:26:58.018+0100] {dag.py:4180} INFO - Setting next_dagrun for example_branch_datetime_operator_2 to 2025-02-19 00:00:00+00:00, run_after=2025-02-20 00:00:00+00:00
[2025-02-20T13:26:58.019+0100] {logging_mixin.py:190} INFO - [2025-02-20T13:26:58.019+0100] {dag.py:4180} INFO - Setting next_dagrun for example_branch_datetime_operator_3 to 2025-02-19 00:00:00+00:00, run_after=2025-02-20 00:00:00+00:00
[2025-02-20T13:26:58.026+0100] {processor.py:208} INFO - Processing /Users/ajlakorman/Desktop/Data-Mining-Projects/Apache_Airflow/venv/lib/python3.10/site-packages/airflow/example_dags/example_branch_datetime_operator.py took 0.114 seconds
