[2025-02-20T10:53:31.291+0100] {processor.py:186} INFO - Started process (PID=6401) to work on /Users/ajlakorman/Desktop/Data-Mining-Projects/Apache_Airflow/venv/lib/python3.10/site-packages/airflow/example_dags/example_bash_operator.py
[2025-02-20T10:53:31.292+0100] {processor.py:914} INFO - Processing file /Users/ajlakorman/Desktop/Data-Mining-Projects/Apache_Airflow/venv/lib/python3.10/site-packages/airflow/example_dags/example_bash_operator.py for tasks to queue
[2025-02-20T10:53:31.292+0100] {logging_mixin.py:190} INFO - [2025-02-20T10:53:31.292+0100] {dagbag.py:588} INFO - Filling up the DagBag from /Users/ajlakorman/Desktop/Data-Mining-Projects/Apache_Airflow/venv/lib/python3.10/site-packages/airflow/example_dags/example_bash_operator.py
[2025-02-20T10:53:31.298+0100] {processor.py:925} INFO - DAG(s) 'example_bash_operator' retrieved from /Users/ajlakorman/Desktop/Data-Mining-Projects/Apache_Airflow/venv/lib/python3.10/site-packages/airflow/example_dags/example_bash_operator.py
[2025-02-20T10:53:31.400+0100] {logging_mixin.py:190} INFO - [2025-02-20T10:53:31.400+0100] {override.py:1912} INFO - Created Permission View: can read on DAG:example_bash_operator
[2025-02-20T10:53:31.403+0100] {logging_mixin.py:190} INFO - [2025-02-20T10:53:31.403+0100] {override.py:1912} INFO - Created Permission View: can edit on DAG:example_bash_operator
[2025-02-20T10:53:31.406+0100] {logging_mixin.py:190} INFO - [2025-02-20T10:53:31.405+0100] {override.py:1912} INFO - Created Permission View: can delete on DAG:example_bash_operator
[2025-02-20T10:53:31.408+0100] {logging_mixin.py:190} INFO - [2025-02-20T10:53:31.408+0100] {override.py:1912} INFO - Created Permission View: can read on DAG Run:example_bash_operator
[2025-02-20T10:53:31.411+0100] {logging_mixin.py:190} INFO - [2025-02-20T10:53:31.410+0100] {override.py:1912} INFO - Created Permission View: can delete on DAG Run:example_bash_operator
[2025-02-20T10:53:31.413+0100] {logging_mixin.py:190} INFO - [2025-02-20T10:53:31.412+0100] {override.py:1912} INFO - Created Permission View: can create on DAG Run:example_bash_operator
[2025-02-20T10:53:31.415+0100] {logging_mixin.py:190} INFO - [2025-02-20T10:53:31.415+0100] {override.py:1912} INFO - Created Permission View: menu access on DAG Run:example_bash_operator
[2025-02-20T10:53:31.415+0100] {logging_mixin.py:190} INFO - [2025-02-20T10:53:31.415+0100] {dag.py:3239} INFO - Sync 1 DAGs
[2025-02-20T10:53:31.419+0100] {logging_mixin.py:190} INFO - [2025-02-20T10:53:31.419+0100] {dag.py:3262} INFO - Creating ORM DAG for example_bash_operator
[2025-02-20T10:53:31.422+0100] {logging_mixin.py:190} INFO - [2025-02-20T10:53:31.422+0100] {dag.py:4180} INFO - Setting next_dagrun for example_bash_operator to 2025-02-19 00:00:00+00:00, run_after=2025-02-20 00:00:00+00:00
[2025-02-20T10:53:31.429+0100] {processor.py:208} INFO - Processing /Users/ajlakorman/Desktop/Data-Mining-Projects/Apache_Airflow/venv/lib/python3.10/site-packages/airflow/example_dags/example_bash_operator.py took 0.139 seconds
[2025-02-20T10:56:00.864+0100] {processor.py:186} INFO - Started process (PID=6737) to work on /Users/ajlakorman/Desktop/Data-Mining-Projects/Apache_Airflow/venv/lib/python3.10/site-packages/airflow/example_dags/example_bash_operator.py
[2025-02-20T10:56:00.865+0100] {processor.py:914} INFO - Processing file /Users/ajlakorman/Desktop/Data-Mining-Projects/Apache_Airflow/venv/lib/python3.10/site-packages/airflow/example_dags/example_bash_operator.py for tasks to queue
[2025-02-20T10:56:00.865+0100] {logging_mixin.py:190} INFO - [2025-02-20T10:56:00.865+0100] {dagbag.py:588} INFO - Filling up the DagBag from /Users/ajlakorman/Desktop/Data-Mining-Projects/Apache_Airflow/venv/lib/python3.10/site-packages/airflow/example_dags/example_bash_operator.py
[2025-02-20T10:56:00.871+0100] {processor.py:925} INFO - DAG(s) 'example_bash_operator' retrieved from /Users/ajlakorman/Desktop/Data-Mining-Projects/Apache_Airflow/venv/lib/python3.10/site-packages/airflow/example_dags/example_bash_operator.py
[2025-02-20T10:56:00.940+0100] {logging_mixin.py:190} INFO - [2025-02-20T10:56:00.940+0100] {dag.py:3239} INFO - Sync 1 DAGs
[2025-02-20T10:56:00.947+0100] {logging_mixin.py:190} INFO - [2025-02-20T10:56:00.947+0100] {dag.py:4180} INFO - Setting next_dagrun for example_bash_operator to 2025-02-19 00:00:00+00:00, run_after=2025-02-20 00:00:00+00:00
[2025-02-20T10:56:00.955+0100] {processor.py:208} INFO - Processing /Users/ajlakorman/Desktop/Data-Mining-Projects/Apache_Airflow/venv/lib/python3.10/site-packages/airflow/example_dags/example_bash_operator.py took 0.092 seconds
[2025-02-20T10:58:51.636+0100] {processor.py:186} INFO - Started process (PID=7016) to work on /Users/ajlakorman/Desktop/Data-Mining-Projects/Apache_Airflow/venv/lib/python3.10/site-packages/airflow/example_dags/example_bash_operator.py
[2025-02-20T10:58:51.637+0100] {processor.py:914} INFO - Processing file /Users/ajlakorman/Desktop/Data-Mining-Projects/Apache_Airflow/venv/lib/python3.10/site-packages/airflow/example_dags/example_bash_operator.py for tasks to queue
[2025-02-20T10:58:51.637+0100] {logging_mixin.py:190} INFO - [2025-02-20T10:58:51.637+0100] {dagbag.py:588} INFO - Filling up the DagBag from /Users/ajlakorman/Desktop/Data-Mining-Projects/Apache_Airflow/venv/lib/python3.10/site-packages/airflow/example_dags/example_bash_operator.py
[2025-02-20T10:58:51.643+0100] {processor.py:925} INFO - DAG(s) 'example_bash_operator' retrieved from /Users/ajlakorman/Desktop/Data-Mining-Projects/Apache_Airflow/venv/lib/python3.10/site-packages/airflow/example_dags/example_bash_operator.py
[2025-02-20T10:58:51.715+0100] {logging_mixin.py:190} INFO - [2025-02-20T10:58:51.715+0100] {dag.py:3239} INFO - Sync 1 DAGs
[2025-02-20T10:58:51.722+0100] {logging_mixin.py:190} INFO - [2025-02-20T10:58:51.722+0100] {dag.py:4180} INFO - Setting next_dagrun for example_bash_operator to 2025-02-19 00:00:00+00:00, run_after=2025-02-20 00:00:00+00:00
[2025-02-20T10:58:51.729+0100] {processor.py:208} INFO - Processing /Users/ajlakorman/Desktop/Data-Mining-Projects/Apache_Airflow/venv/lib/python3.10/site-packages/airflow/example_dags/example_bash_operator.py took 0.095 seconds
[2025-02-20T11:01:25.332+0100] {processor.py:186} INFO - Started process (PID=7365) to work on /Users/ajlakorman/Desktop/Data-Mining-Projects/Apache_Airflow/venv/lib/python3.10/site-packages/airflow/example_dags/example_bash_operator.py
[2025-02-20T11:01:25.333+0100] {processor.py:914} INFO - Processing file /Users/ajlakorman/Desktop/Data-Mining-Projects/Apache_Airflow/venv/lib/python3.10/site-packages/airflow/example_dags/example_bash_operator.py for tasks to queue
[2025-02-20T11:01:25.333+0100] {logging_mixin.py:190} INFO - [2025-02-20T11:01:25.333+0100] {dagbag.py:588} INFO - Filling up the DagBag from /Users/ajlakorman/Desktop/Data-Mining-Projects/Apache_Airflow/venv/lib/python3.10/site-packages/airflow/example_dags/example_bash_operator.py
[2025-02-20T11:01:25.339+0100] {processor.py:925} INFO - DAG(s) 'example_bash_operator' retrieved from /Users/ajlakorman/Desktop/Data-Mining-Projects/Apache_Airflow/venv/lib/python3.10/site-packages/airflow/example_dags/example_bash_operator.py
[2025-02-20T11:01:25.413+0100] {logging_mixin.py:190} INFO - [2025-02-20T11:01:25.413+0100] {dag.py:3239} INFO - Sync 1 DAGs
[2025-02-20T11:01:25.421+0100] {logging_mixin.py:190} INFO - [2025-02-20T11:01:25.420+0100] {dag.py:4180} INFO - Setting next_dagrun for example_bash_operator to 2025-02-19 00:00:00+00:00, run_after=2025-02-20 00:00:00+00:00
[2025-02-20T11:01:25.430+0100] {processor.py:208} INFO - Processing /Users/ajlakorman/Desktop/Data-Mining-Projects/Apache_Airflow/venv/lib/python3.10/site-packages/airflow/example_dags/example_bash_operator.py took 0.100 seconds
[2025-02-20T11:03:48.019+0100] {processor.py:186} INFO - Started process (PID=7614) to work on /Users/ajlakorman/Desktop/Data-Mining-Projects/Apache_Airflow/venv/lib/python3.10/site-packages/airflow/example_dags/example_bash_operator.py
[2025-02-20T11:03:48.020+0100] {processor.py:914} INFO - Processing file /Users/ajlakorman/Desktop/Data-Mining-Projects/Apache_Airflow/venv/lib/python3.10/site-packages/airflow/example_dags/example_bash_operator.py for tasks to queue
[2025-02-20T11:03:48.021+0100] {logging_mixin.py:190} INFO - [2025-02-20T11:03:48.021+0100] {dagbag.py:588} INFO - Filling up the DagBag from /Users/ajlakorman/Desktop/Data-Mining-Projects/Apache_Airflow/venv/lib/python3.10/site-packages/airflow/example_dags/example_bash_operator.py
[2025-02-20T11:03:48.027+0100] {processor.py:925} INFO - DAG(s) 'example_bash_operator' retrieved from /Users/ajlakorman/Desktop/Data-Mining-Projects/Apache_Airflow/venv/lib/python3.10/site-packages/airflow/example_dags/example_bash_operator.py
[2025-02-20T11:03:48.094+0100] {logging_mixin.py:190} INFO - [2025-02-20T11:03:48.094+0100] {dag.py:3239} INFO - Sync 1 DAGs
[2025-02-20T11:03:48.101+0100] {logging_mixin.py:190} INFO - [2025-02-20T11:03:48.101+0100] {dag.py:4180} INFO - Setting next_dagrun for example_bash_operator to 2025-02-19 00:00:00+00:00, run_after=2025-02-20 00:00:00+00:00
[2025-02-20T11:03:48.108+0100] {processor.py:208} INFO - Processing /Users/ajlakorman/Desktop/Data-Mining-Projects/Apache_Airflow/venv/lib/python3.10/site-packages/airflow/example_dags/example_bash_operator.py took 0.091 seconds
[2025-02-20T11:06:06.571+0100] {processor.py:186} INFO - Started process (PID=7940) to work on /Users/ajlakorman/Desktop/Data-Mining-Projects/Apache_Airflow/venv/lib/python3.10/site-packages/airflow/example_dags/example_bash_operator.py
[2025-02-20T11:06:06.573+0100] {processor.py:914} INFO - Processing file /Users/ajlakorman/Desktop/Data-Mining-Projects/Apache_Airflow/venv/lib/python3.10/site-packages/airflow/example_dags/example_bash_operator.py for tasks to queue
[2025-02-20T11:06:06.573+0100] {logging_mixin.py:190} INFO - [2025-02-20T11:06:06.573+0100] {dagbag.py:588} INFO - Filling up the DagBag from /Users/ajlakorman/Desktop/Data-Mining-Projects/Apache_Airflow/venv/lib/python3.10/site-packages/airflow/example_dags/example_bash_operator.py
[2025-02-20T11:06:06.579+0100] {processor.py:925} INFO - DAG(s) 'example_bash_operator' retrieved from /Users/ajlakorman/Desktop/Data-Mining-Projects/Apache_Airflow/venv/lib/python3.10/site-packages/airflow/example_dags/example_bash_operator.py
[2025-02-20T11:06:06.649+0100] {logging_mixin.py:190} INFO - [2025-02-20T11:06:06.649+0100] {dag.py:3239} INFO - Sync 1 DAGs
[2025-02-20T11:06:06.656+0100] {logging_mixin.py:190} INFO - [2025-02-20T11:06:06.656+0100] {dag.py:4180} INFO - Setting next_dagrun for example_bash_operator to 2025-02-19 00:00:00+00:00, run_after=2025-02-20 00:00:00+00:00
[2025-02-20T11:06:06.664+0100] {processor.py:208} INFO - Processing /Users/ajlakorman/Desktop/Data-Mining-Projects/Apache_Airflow/venv/lib/python3.10/site-packages/airflow/example_dags/example_bash_operator.py took 0.095 seconds
[2025-02-20T11:08:25.489+0100] {processor.py:186} INFO - Started process (PID=8221) to work on /Users/ajlakorman/Desktop/Data-Mining-Projects/Apache_Airflow/venv/lib/python3.10/site-packages/airflow/example_dags/example_bash_operator.py
[2025-02-20T11:08:25.490+0100] {processor.py:914} INFO - Processing file /Users/ajlakorman/Desktop/Data-Mining-Projects/Apache_Airflow/venv/lib/python3.10/site-packages/airflow/example_dags/example_bash_operator.py for tasks to queue
[2025-02-20T11:08:25.491+0100] {logging_mixin.py:190} INFO - [2025-02-20T11:08:25.491+0100] {dagbag.py:588} INFO - Filling up the DagBag from /Users/ajlakorman/Desktop/Data-Mining-Projects/Apache_Airflow/venv/lib/python3.10/site-packages/airflow/example_dags/example_bash_operator.py
[2025-02-20T11:08:25.497+0100] {processor.py:925} INFO - DAG(s) 'example_bash_operator' retrieved from /Users/ajlakorman/Desktop/Data-Mining-Projects/Apache_Airflow/venv/lib/python3.10/site-packages/airflow/example_dags/example_bash_operator.py
[2025-02-20T11:08:25.571+0100] {logging_mixin.py:190} INFO - [2025-02-20T11:08:25.570+0100] {dag.py:3239} INFO - Sync 1 DAGs
[2025-02-20T11:08:25.578+0100] {logging_mixin.py:190} INFO - [2025-02-20T11:08:25.578+0100] {dag.py:4180} INFO - Setting next_dagrun for example_bash_operator to 2025-02-19 00:00:00+00:00, run_after=2025-02-20 00:00:00+00:00
[2025-02-20T11:08:25.585+0100] {processor.py:208} INFO - Processing /Users/ajlakorman/Desktop/Data-Mining-Projects/Apache_Airflow/venv/lib/python3.10/site-packages/airflow/example_dags/example_bash_operator.py took 0.098 seconds
[2025-02-20T11:10:45.196+0100] {processor.py:186} INFO - Started process (PID=8477) to work on /Users/ajlakorman/Desktop/Data-Mining-Projects/Apache_Airflow/venv/lib/python3.10/site-packages/airflow/example_dags/example_bash_operator.py
[2025-02-20T11:10:45.197+0100] {processor.py:914} INFO - Processing file /Users/ajlakorman/Desktop/Data-Mining-Projects/Apache_Airflow/venv/lib/python3.10/site-packages/airflow/example_dags/example_bash_operator.py for tasks to queue
[2025-02-20T11:10:45.198+0100] {logging_mixin.py:190} INFO - [2025-02-20T11:10:45.197+0100] {dagbag.py:588} INFO - Filling up the DagBag from /Users/ajlakorman/Desktop/Data-Mining-Projects/Apache_Airflow/venv/lib/python3.10/site-packages/airflow/example_dags/example_bash_operator.py
[2025-02-20T11:10:45.203+0100] {processor.py:925} INFO - DAG(s) 'example_bash_operator' retrieved from /Users/ajlakorman/Desktop/Data-Mining-Projects/Apache_Airflow/venv/lib/python3.10/site-packages/airflow/example_dags/example_bash_operator.py
[2025-02-20T11:10:45.270+0100] {logging_mixin.py:190} INFO - [2025-02-20T11:10:45.269+0100] {dag.py:3239} INFO - Sync 1 DAGs
[2025-02-20T11:10:45.276+0100] {logging_mixin.py:190} INFO - [2025-02-20T11:10:45.276+0100] {dag.py:4180} INFO - Setting next_dagrun for example_bash_operator to 2025-02-19 00:00:00+00:00, run_after=2025-02-20 00:00:00+00:00
[2025-02-20T11:10:45.283+0100] {processor.py:208} INFO - Processing /Users/ajlakorman/Desktop/Data-Mining-Projects/Apache_Airflow/venv/lib/python3.10/site-packages/airflow/example_dags/example_bash_operator.py took 0.089 seconds
[2025-02-20T11:13:01.046+0100] {processor.py:186} INFO - Started process (PID=8679) to work on /Users/ajlakorman/Desktop/Data-Mining-Projects/Apache_Airflow/venv/lib/python3.10/site-packages/airflow/example_dags/example_bash_operator.py
[2025-02-20T11:13:01.047+0100] {processor.py:914} INFO - Processing file /Users/ajlakorman/Desktop/Data-Mining-Projects/Apache_Airflow/venv/lib/python3.10/site-packages/airflow/example_dags/example_bash_operator.py for tasks to queue
[2025-02-20T11:13:01.047+0100] {logging_mixin.py:190} INFO - [2025-02-20T11:13:01.047+0100] {dagbag.py:588} INFO - Filling up the DagBag from /Users/ajlakorman/Desktop/Data-Mining-Projects/Apache_Airflow/venv/lib/python3.10/site-packages/airflow/example_dags/example_bash_operator.py
[2025-02-20T11:13:01.053+0100] {processor.py:925} INFO - DAG(s) 'example_bash_operator' retrieved from /Users/ajlakorman/Desktop/Data-Mining-Projects/Apache_Airflow/venv/lib/python3.10/site-packages/airflow/example_dags/example_bash_operator.py
[2025-02-20T11:13:01.120+0100] {logging_mixin.py:190} INFO - [2025-02-20T11:13:01.120+0100] {dag.py:3239} INFO - Sync 1 DAGs
[2025-02-20T11:13:01.127+0100] {logging_mixin.py:190} INFO - [2025-02-20T11:13:01.127+0100] {dag.py:4180} INFO - Setting next_dagrun for example_bash_operator to 2025-02-19 00:00:00+00:00, run_after=2025-02-20 00:00:00+00:00
[2025-02-20T11:13:01.134+0100] {processor.py:208} INFO - Processing /Users/ajlakorman/Desktop/Data-Mining-Projects/Apache_Airflow/venv/lib/python3.10/site-packages/airflow/example_dags/example_bash_operator.py took 0.090 seconds
[2025-02-20T11:15:27.236+0100] {processor.py:186} INFO - Started process (PID=8936) to work on /Users/ajlakorman/Desktop/Data-Mining-Projects/Apache_Airflow/venv/lib/python3.10/site-packages/airflow/example_dags/example_bash_operator.py
[2025-02-20T11:15:27.237+0100] {processor.py:914} INFO - Processing file /Users/ajlakorman/Desktop/Data-Mining-Projects/Apache_Airflow/venv/lib/python3.10/site-packages/airflow/example_dags/example_bash_operator.py for tasks to queue
[2025-02-20T11:15:27.237+0100] {logging_mixin.py:190} INFO - [2025-02-20T11:15:27.237+0100] {dagbag.py:588} INFO - Filling up the DagBag from /Users/ajlakorman/Desktop/Data-Mining-Projects/Apache_Airflow/venv/lib/python3.10/site-packages/airflow/example_dags/example_bash_operator.py
[2025-02-20T11:15:27.243+0100] {processor.py:925} INFO - DAG(s) 'example_bash_operator' retrieved from /Users/ajlakorman/Desktop/Data-Mining-Projects/Apache_Airflow/venv/lib/python3.10/site-packages/airflow/example_dags/example_bash_operator.py
[2025-02-20T11:15:27.308+0100] {logging_mixin.py:190} INFO - [2025-02-20T11:15:27.308+0100] {dag.py:3239} INFO - Sync 1 DAGs
[2025-02-20T11:15:27.315+0100] {logging_mixin.py:190} INFO - [2025-02-20T11:15:27.315+0100] {dag.py:4180} INFO - Setting next_dagrun for example_bash_operator to 2025-02-19 00:00:00+00:00, run_after=2025-02-20 00:00:00+00:00
[2025-02-20T11:15:27.323+0100] {processor.py:208} INFO - Processing /Users/ajlakorman/Desktop/Data-Mining-Projects/Apache_Airflow/venv/lib/python3.10/site-packages/airflow/example_dags/example_bash_operator.py took 0.088 seconds
[2025-02-20T11:17:49.572+0100] {processor.py:186} INFO - Started process (PID=9295) to work on /Users/ajlakorman/Desktop/Data-Mining-Projects/Apache_Airflow/venv/lib/python3.10/site-packages/airflow/example_dags/example_bash_operator.py
[2025-02-20T11:17:49.573+0100] {processor.py:914} INFO - Processing file /Users/ajlakorman/Desktop/Data-Mining-Projects/Apache_Airflow/venv/lib/python3.10/site-packages/airflow/example_dags/example_bash_operator.py for tasks to queue
[2025-02-20T11:17:49.574+0100] {logging_mixin.py:190} INFO - [2025-02-20T11:17:49.573+0100] {dagbag.py:588} INFO - Filling up the DagBag from /Users/ajlakorman/Desktop/Data-Mining-Projects/Apache_Airflow/venv/lib/python3.10/site-packages/airflow/example_dags/example_bash_operator.py
[2025-02-20T11:17:49.579+0100] {processor.py:925} INFO - DAG(s) 'example_bash_operator' retrieved from /Users/ajlakorman/Desktop/Data-Mining-Projects/Apache_Airflow/venv/lib/python3.10/site-packages/airflow/example_dags/example_bash_operator.py
[2025-02-20T11:17:49.645+0100] {logging_mixin.py:190} INFO - [2025-02-20T11:17:49.645+0100] {dag.py:3239} INFO - Sync 1 DAGs
[2025-02-20T11:17:49.652+0100] {logging_mixin.py:190} INFO - [2025-02-20T11:17:49.652+0100] {dag.py:4180} INFO - Setting next_dagrun for example_bash_operator to 2025-02-19 00:00:00+00:00, run_after=2025-02-20 00:00:00+00:00
[2025-02-20T11:17:49.659+0100] {processor.py:208} INFO - Processing /Users/ajlakorman/Desktop/Data-Mining-Projects/Apache_Airflow/venv/lib/python3.10/site-packages/airflow/example_dags/example_bash_operator.py took 0.089 seconds
[2025-02-20T11:20:20.397+0100] {processor.py:186} INFO - Started process (PID=9670) to work on /Users/ajlakorman/Desktop/Data-Mining-Projects/Apache_Airflow/venv/lib/python3.10/site-packages/airflow/example_dags/example_bash_operator.py
[2025-02-20T11:20:20.398+0100] {processor.py:914} INFO - Processing file /Users/ajlakorman/Desktop/Data-Mining-Projects/Apache_Airflow/venv/lib/python3.10/site-packages/airflow/example_dags/example_bash_operator.py for tasks to queue
[2025-02-20T11:20:20.398+0100] {logging_mixin.py:190} INFO - [2025-02-20T11:20:20.398+0100] {dagbag.py:588} INFO - Filling up the DagBag from /Users/ajlakorman/Desktop/Data-Mining-Projects/Apache_Airflow/venv/lib/python3.10/site-packages/airflow/example_dags/example_bash_operator.py
[2025-02-20T11:20:20.405+0100] {processor.py:925} INFO - DAG(s) 'example_bash_operator' retrieved from /Users/ajlakorman/Desktop/Data-Mining-Projects/Apache_Airflow/venv/lib/python3.10/site-packages/airflow/example_dags/example_bash_operator.py
[2025-02-20T11:20:20.473+0100] {logging_mixin.py:190} INFO - [2025-02-20T11:20:20.473+0100] {dag.py:3239} INFO - Sync 1 DAGs
[2025-02-20T11:20:20.480+0100] {logging_mixin.py:190} INFO - [2025-02-20T11:20:20.479+0100] {dag.py:4180} INFO - Setting next_dagrun for example_bash_operator to 2025-02-19 00:00:00+00:00, run_after=2025-02-20 00:00:00+00:00
[2025-02-20T11:20:20.487+0100] {processor.py:208} INFO - Processing /Users/ajlakorman/Desktop/Data-Mining-Projects/Apache_Airflow/venv/lib/python3.10/site-packages/airflow/example_dags/example_bash_operator.py took 0.092 seconds
[2025-02-20T11:22:46.600+0100] {processor.py:186} INFO - Started process (PID=9899) to work on /Users/ajlakorman/Desktop/Data-Mining-Projects/Apache_Airflow/venv/lib/python3.10/site-packages/airflow/example_dags/example_bash_operator.py
[2025-02-20T11:22:46.601+0100] {processor.py:914} INFO - Processing file /Users/ajlakorman/Desktop/Data-Mining-Projects/Apache_Airflow/venv/lib/python3.10/site-packages/airflow/example_dags/example_bash_operator.py for tasks to queue
[2025-02-20T11:22:46.601+0100] {logging_mixin.py:190} INFO - [2025-02-20T11:22:46.601+0100] {dagbag.py:588} INFO - Filling up the DagBag from /Users/ajlakorman/Desktop/Data-Mining-Projects/Apache_Airflow/venv/lib/python3.10/site-packages/airflow/example_dags/example_bash_operator.py
[2025-02-20T11:22:46.607+0100] {processor.py:925} INFO - DAG(s) 'example_bash_operator' retrieved from /Users/ajlakorman/Desktop/Data-Mining-Projects/Apache_Airflow/venv/lib/python3.10/site-packages/airflow/example_dags/example_bash_operator.py
[2025-02-20T11:22:46.673+0100] {logging_mixin.py:190} INFO - [2025-02-20T11:22:46.673+0100] {dag.py:3239} INFO - Sync 1 DAGs
[2025-02-20T11:22:46.680+0100] {logging_mixin.py:190} INFO - [2025-02-20T11:22:46.680+0100] {dag.py:4180} INFO - Setting next_dagrun for example_bash_operator to 2025-02-19 00:00:00+00:00, run_after=2025-02-20 00:00:00+00:00
[2025-02-20T11:22:46.687+0100] {processor.py:208} INFO - Processing /Users/ajlakorman/Desktop/Data-Mining-Projects/Apache_Airflow/venv/lib/python3.10/site-packages/airflow/example_dags/example_bash_operator.py took 0.089 seconds
[2025-02-20T11:25:16.703+0100] {processor.py:186} INFO - Started process (PID=10165) to work on /Users/ajlakorman/Desktop/Data-Mining-Projects/Apache_Airflow/venv/lib/python3.10/site-packages/airflow/example_dags/example_bash_operator.py
[2025-02-20T11:25:16.704+0100] {processor.py:914} INFO - Processing file /Users/ajlakorman/Desktop/Data-Mining-Projects/Apache_Airflow/venv/lib/python3.10/site-packages/airflow/example_dags/example_bash_operator.py for tasks to queue
[2025-02-20T11:25:16.704+0100] {logging_mixin.py:190} INFO - [2025-02-20T11:25:16.704+0100] {dagbag.py:588} INFO - Filling up the DagBag from /Users/ajlakorman/Desktop/Data-Mining-Projects/Apache_Airflow/venv/lib/python3.10/site-packages/airflow/example_dags/example_bash_operator.py
[2025-02-20T11:25:16.710+0100] {processor.py:925} INFO - DAG(s) 'example_bash_operator' retrieved from /Users/ajlakorman/Desktop/Data-Mining-Projects/Apache_Airflow/venv/lib/python3.10/site-packages/airflow/example_dags/example_bash_operator.py
[2025-02-20T11:25:16.777+0100] {logging_mixin.py:190} INFO - [2025-02-20T11:25:16.777+0100] {dag.py:3239} INFO - Sync 1 DAGs
[2025-02-20T11:25:16.784+0100] {logging_mixin.py:190} INFO - [2025-02-20T11:25:16.784+0100] {dag.py:4180} INFO - Setting next_dagrun for example_bash_operator to 2025-02-19 00:00:00+00:00, run_after=2025-02-20 00:00:00+00:00
[2025-02-20T11:25:16.791+0100] {processor.py:208} INFO - Processing /Users/ajlakorman/Desktop/Data-Mining-Projects/Apache_Airflow/venv/lib/python3.10/site-packages/airflow/example_dags/example_bash_operator.py took 0.090 seconds
[2025-02-20T11:27:48.341+0100] {processor.py:186} INFO - Started process (PID=10500) to work on /Users/ajlakorman/Desktop/Data-Mining-Projects/Apache_Airflow/venv/lib/python3.10/site-packages/airflow/example_dags/example_bash_operator.py
[2025-02-20T11:27:48.342+0100] {processor.py:914} INFO - Processing file /Users/ajlakorman/Desktop/Data-Mining-Projects/Apache_Airflow/venv/lib/python3.10/site-packages/airflow/example_dags/example_bash_operator.py for tasks to queue
[2025-02-20T11:27:48.343+0100] {logging_mixin.py:190} INFO - [2025-02-20T11:27:48.343+0100] {dagbag.py:588} INFO - Filling up the DagBag from /Users/ajlakorman/Desktop/Data-Mining-Projects/Apache_Airflow/venv/lib/python3.10/site-packages/airflow/example_dags/example_bash_operator.py
[2025-02-20T11:27:48.349+0100] {processor.py:925} INFO - DAG(s) 'example_bash_operator' retrieved from /Users/ajlakorman/Desktop/Data-Mining-Projects/Apache_Airflow/venv/lib/python3.10/site-packages/airflow/example_dags/example_bash_operator.py
[2025-02-20T11:27:48.416+0100] {logging_mixin.py:190} INFO - [2025-02-20T11:27:48.415+0100] {dag.py:3239} INFO - Sync 1 DAGs
[2025-02-20T11:27:48.422+0100] {logging_mixin.py:190} INFO - [2025-02-20T11:27:48.422+0100] {dag.py:4180} INFO - Setting next_dagrun for example_bash_operator to 2025-02-19 00:00:00+00:00, run_after=2025-02-20 00:00:00+00:00
[2025-02-20T11:27:48.429+0100] {processor.py:208} INFO - Processing /Users/ajlakorman/Desktop/Data-Mining-Projects/Apache_Airflow/venv/lib/python3.10/site-packages/airflow/example_dags/example_bash_operator.py took 0.089 seconds
[2025-02-20T11:30:15.229+0100] {processor.py:186} INFO - Started process (PID=10832) to work on /Users/ajlakorman/Desktop/Data-Mining-Projects/Apache_Airflow/venv/lib/python3.10/site-packages/airflow/example_dags/example_bash_operator.py
[2025-02-20T11:30:15.231+0100] {processor.py:914} INFO - Processing file /Users/ajlakorman/Desktop/Data-Mining-Projects/Apache_Airflow/venv/lib/python3.10/site-packages/airflow/example_dags/example_bash_operator.py for tasks to queue
[2025-02-20T11:30:15.231+0100] {logging_mixin.py:190} INFO - [2025-02-20T11:30:15.231+0100] {dagbag.py:588} INFO - Filling up the DagBag from /Users/ajlakorman/Desktop/Data-Mining-Projects/Apache_Airflow/venv/lib/python3.10/site-packages/airflow/example_dags/example_bash_operator.py
[2025-02-20T11:30:15.238+0100] {processor.py:925} INFO - DAG(s) 'example_bash_operator' retrieved from /Users/ajlakorman/Desktop/Data-Mining-Projects/Apache_Airflow/venv/lib/python3.10/site-packages/airflow/example_dags/example_bash_operator.py
[2025-02-20T11:30:15.309+0100] {logging_mixin.py:190} INFO - [2025-02-20T11:30:15.309+0100] {dag.py:3239} INFO - Sync 1 DAGs
[2025-02-20T11:30:15.316+0100] {logging_mixin.py:190} INFO - [2025-02-20T11:30:15.316+0100] {dag.py:4180} INFO - Setting next_dagrun for example_bash_operator to 2025-02-19 00:00:00+00:00, run_after=2025-02-20 00:00:00+00:00
[2025-02-20T11:30:15.324+0100] {processor.py:208} INFO - Processing /Users/ajlakorman/Desktop/Data-Mining-Projects/Apache_Airflow/venv/lib/python3.10/site-packages/airflow/example_dags/example_bash_operator.py took 0.096 seconds
[2025-02-20T11:32:41.612+0100] {processor.py:186} INFO - Started process (PID=11073) to work on /Users/ajlakorman/Desktop/Data-Mining-Projects/Apache_Airflow/venv/lib/python3.10/site-packages/airflow/example_dags/example_bash_operator.py
[2025-02-20T11:32:41.613+0100] {processor.py:914} INFO - Processing file /Users/ajlakorman/Desktop/Data-Mining-Projects/Apache_Airflow/venv/lib/python3.10/site-packages/airflow/example_dags/example_bash_operator.py for tasks to queue
[2025-02-20T11:32:41.614+0100] {logging_mixin.py:190} INFO - [2025-02-20T11:32:41.614+0100] {dagbag.py:588} INFO - Filling up the DagBag from /Users/ajlakorman/Desktop/Data-Mining-Projects/Apache_Airflow/venv/lib/python3.10/site-packages/airflow/example_dags/example_bash_operator.py
[2025-02-20T11:32:41.621+0100] {processor.py:925} INFO - DAG(s) 'example_bash_operator' retrieved from /Users/ajlakorman/Desktop/Data-Mining-Projects/Apache_Airflow/venv/lib/python3.10/site-packages/airflow/example_dags/example_bash_operator.py
[2025-02-20T11:32:41.689+0100] {logging_mixin.py:190} INFO - [2025-02-20T11:32:41.688+0100] {dag.py:3239} INFO - Sync 1 DAGs
[2025-02-20T11:32:41.695+0100] {logging_mixin.py:190} INFO - [2025-02-20T11:32:41.695+0100] {dag.py:4180} INFO - Setting next_dagrun for example_bash_operator to 2025-02-19 00:00:00+00:00, run_after=2025-02-20 00:00:00+00:00
[2025-02-20T11:32:41.702+0100] {processor.py:208} INFO - Processing /Users/ajlakorman/Desktop/Data-Mining-Projects/Apache_Airflow/venv/lib/python3.10/site-packages/airflow/example_dags/example_bash_operator.py took 0.091 seconds
[2025-02-20T11:35:09.193+0100] {processor.py:186} INFO - Started process (PID=11317) to work on /Users/ajlakorman/Desktop/Data-Mining-Projects/Apache_Airflow/venv/lib/python3.10/site-packages/airflow/example_dags/example_bash_operator.py
[2025-02-20T11:35:09.195+0100] {processor.py:914} INFO - Processing file /Users/ajlakorman/Desktop/Data-Mining-Projects/Apache_Airflow/venv/lib/python3.10/site-packages/airflow/example_dags/example_bash_operator.py for tasks to queue
[2025-02-20T11:35:09.195+0100] {logging_mixin.py:190} INFO - [2025-02-20T11:35:09.195+0100] {dagbag.py:588} INFO - Filling up the DagBag from /Users/ajlakorman/Desktop/Data-Mining-Projects/Apache_Airflow/venv/lib/python3.10/site-packages/airflow/example_dags/example_bash_operator.py
[2025-02-20T11:35:09.201+0100] {processor.py:925} INFO - DAG(s) 'example_bash_operator' retrieved from /Users/ajlakorman/Desktop/Data-Mining-Projects/Apache_Airflow/venv/lib/python3.10/site-packages/airflow/example_dags/example_bash_operator.py
[2025-02-20T11:35:09.268+0100] {logging_mixin.py:190} INFO - [2025-02-20T11:35:09.268+0100] {dag.py:3239} INFO - Sync 1 DAGs
[2025-02-20T11:35:09.274+0100] {logging_mixin.py:190} INFO - [2025-02-20T11:35:09.274+0100] {dag.py:4180} INFO - Setting next_dagrun for example_bash_operator to 2025-02-19 00:00:00+00:00, run_after=2025-02-20 00:00:00+00:00
[2025-02-20T11:35:09.283+0100] {processor.py:208} INFO - Processing /Users/ajlakorman/Desktop/Data-Mining-Projects/Apache_Airflow/venv/lib/python3.10/site-packages/airflow/example_dags/example_bash_operator.py took 0.091 seconds
[2025-02-20T11:37:42.163+0100] {processor.py:186} INFO - Started process (PID=11596) to work on /Users/ajlakorman/Desktop/Data-Mining-Projects/Apache_Airflow/venv/lib/python3.10/site-packages/airflow/example_dags/example_bash_operator.py
[2025-02-20T11:37:42.165+0100] {processor.py:914} INFO - Processing file /Users/ajlakorman/Desktop/Data-Mining-Projects/Apache_Airflow/venv/lib/python3.10/site-packages/airflow/example_dags/example_bash_operator.py for tasks to queue
[2025-02-20T11:37:42.166+0100] {logging_mixin.py:190} INFO - [2025-02-20T11:37:42.166+0100] {dagbag.py:588} INFO - Filling up the DagBag from /Users/ajlakorman/Desktop/Data-Mining-Projects/Apache_Airflow/venv/lib/python3.10/site-packages/airflow/example_dags/example_bash_operator.py
[2025-02-20T11:37:42.176+0100] {processor.py:925} INFO - DAG(s) 'example_bash_operator' retrieved from /Users/ajlakorman/Desktop/Data-Mining-Projects/Apache_Airflow/venv/lib/python3.10/site-packages/airflow/example_dags/example_bash_operator.py
[2025-02-20T11:37:42.268+0100] {logging_mixin.py:190} INFO - [2025-02-20T11:37:42.268+0100] {dag.py:3239} INFO - Sync 1 DAGs
[2025-02-20T11:37:42.275+0100] {logging_mixin.py:190} INFO - [2025-02-20T11:37:42.275+0100] {dag.py:4180} INFO - Setting next_dagrun for example_bash_operator to 2025-02-19 00:00:00+00:00, run_after=2025-02-20 00:00:00+00:00
[2025-02-20T11:37:42.283+0100] {processor.py:208} INFO - Processing /Users/ajlakorman/Desktop/Data-Mining-Projects/Apache_Airflow/venv/lib/python3.10/site-packages/airflow/example_dags/example_bash_operator.py took 0.122 seconds
[2025-02-20T11:40:08.208+0100] {processor.py:186} INFO - Started process (PID=11814) to work on /Users/ajlakorman/Desktop/Data-Mining-Projects/Apache_Airflow/venv/lib/python3.10/site-packages/airflow/example_dags/example_bash_operator.py
[2025-02-20T11:40:08.209+0100] {processor.py:914} INFO - Processing file /Users/ajlakorman/Desktop/Data-Mining-Projects/Apache_Airflow/venv/lib/python3.10/site-packages/airflow/example_dags/example_bash_operator.py for tasks to queue
[2025-02-20T11:40:08.209+0100] {logging_mixin.py:190} INFO - [2025-02-20T11:40:08.209+0100] {dagbag.py:588} INFO - Filling up the DagBag from /Users/ajlakorman/Desktop/Data-Mining-Projects/Apache_Airflow/venv/lib/python3.10/site-packages/airflow/example_dags/example_bash_operator.py
[2025-02-20T11:40:08.216+0100] {processor.py:925} INFO - DAG(s) 'example_bash_operator' retrieved from /Users/ajlakorman/Desktop/Data-Mining-Projects/Apache_Airflow/venv/lib/python3.10/site-packages/airflow/example_dags/example_bash_operator.py
[2025-02-20T11:40:08.282+0100] {logging_mixin.py:190} INFO - [2025-02-20T11:40:08.282+0100] {dag.py:3239} INFO - Sync 1 DAGs
[2025-02-20T11:40:08.289+0100] {logging_mixin.py:190} INFO - [2025-02-20T11:40:08.289+0100] {dag.py:4180} INFO - Setting next_dagrun for example_bash_operator to 2025-02-19 00:00:00+00:00, run_after=2025-02-20 00:00:00+00:00
[2025-02-20T11:40:08.298+0100] {processor.py:208} INFO - Processing /Users/ajlakorman/Desktop/Data-Mining-Projects/Apache_Airflow/venv/lib/python3.10/site-packages/airflow/example_dags/example_bash_operator.py took 0.092 seconds
[2025-02-20T12:20:03.236+0100] {processor.py:186} INFO - Started process (PID=12086) to work on /Users/ajlakorman/Desktop/Data-Mining-Projects/Apache_Airflow/venv/lib/python3.10/site-packages/airflow/example_dags/example_bash_operator.py
[2025-02-20T12:20:03.237+0100] {processor.py:914} INFO - Processing file /Users/ajlakorman/Desktop/Data-Mining-Projects/Apache_Airflow/venv/lib/python3.10/site-packages/airflow/example_dags/example_bash_operator.py for tasks to queue
[2025-02-20T12:20:03.237+0100] {logging_mixin.py:190} INFO - [2025-02-20T12:20:03.237+0100] {dagbag.py:588} INFO - Filling up the DagBag from /Users/ajlakorman/Desktop/Data-Mining-Projects/Apache_Airflow/venv/lib/python3.10/site-packages/airflow/example_dags/example_bash_operator.py
[2025-02-20T12:20:03.244+0100] {processor.py:925} INFO - DAG(s) 'example_bash_operator' retrieved from /Users/ajlakorman/Desktop/Data-Mining-Projects/Apache_Airflow/venv/lib/python3.10/site-packages/airflow/example_dags/example_bash_operator.py
[2025-02-20T12:20:03.310+0100] {logging_mixin.py:190} INFO - [2025-02-20T12:20:03.310+0100] {dag.py:3239} INFO - Sync 1 DAGs
[2025-02-20T12:20:03.316+0100] {logging_mixin.py:190} INFO - [2025-02-20T12:20:03.316+0100] {dag.py:4180} INFO - Setting next_dagrun for example_bash_operator to 2025-02-19 00:00:00+00:00, run_after=2025-02-20 00:00:00+00:00
[2025-02-20T12:20:03.323+0100] {processor.py:208} INFO - Processing /Users/ajlakorman/Desktop/Data-Mining-Projects/Apache_Airflow/venv/lib/python3.10/site-packages/airflow/example_dags/example_bash_operator.py took 0.089 seconds
[2025-02-20T12:22:39.451+0100] {processor.py:186} INFO - Started process (PID=12342) to work on /Users/ajlakorman/Desktop/Data-Mining-Projects/Apache_Airflow/venv/lib/python3.10/site-packages/airflow/example_dags/example_bash_operator.py
[2025-02-20T12:22:39.451+0100] {processor.py:914} INFO - Processing file /Users/ajlakorman/Desktop/Data-Mining-Projects/Apache_Airflow/venv/lib/python3.10/site-packages/airflow/example_dags/example_bash_operator.py for tasks to queue
[2025-02-20T12:22:39.452+0100] {logging_mixin.py:190} INFO - [2025-02-20T12:22:39.452+0100] {dagbag.py:588} INFO - Filling up the DagBag from /Users/ajlakorman/Desktop/Data-Mining-Projects/Apache_Airflow/venv/lib/python3.10/site-packages/airflow/example_dags/example_bash_operator.py
[2025-02-20T12:22:39.457+0100] {processor.py:925} INFO - DAG(s) 'example_bash_operator' retrieved from /Users/ajlakorman/Desktop/Data-Mining-Projects/Apache_Airflow/venv/lib/python3.10/site-packages/airflow/example_dags/example_bash_operator.py
[2025-02-20T12:22:39.527+0100] {logging_mixin.py:190} INFO - [2025-02-20T12:22:39.527+0100] {dag.py:3239} INFO - Sync 1 DAGs
[2025-02-20T12:22:39.534+0100] {logging_mixin.py:190} INFO - [2025-02-20T12:22:39.534+0100] {dag.py:4180} INFO - Setting next_dagrun for example_bash_operator to 2025-02-19 00:00:00+00:00, run_after=2025-02-20 00:00:00+00:00
[2025-02-20T12:22:39.541+0100] {processor.py:208} INFO - Processing /Users/ajlakorman/Desktop/Data-Mining-Projects/Apache_Airflow/venv/lib/python3.10/site-packages/airflow/example_dags/example_bash_operator.py took 0.092 seconds
[2025-02-20T12:25:10.937+0100] {processor.py:186} INFO - Started process (PID=12601) to work on /Users/ajlakorman/Desktop/Data-Mining-Projects/Apache_Airflow/venv/lib/python3.10/site-packages/airflow/example_dags/example_bash_operator.py
[2025-02-20T12:25:10.939+0100] {processor.py:914} INFO - Processing file /Users/ajlakorman/Desktop/Data-Mining-Projects/Apache_Airflow/venv/lib/python3.10/site-packages/airflow/example_dags/example_bash_operator.py for tasks to queue
[2025-02-20T12:25:10.939+0100] {logging_mixin.py:190} INFO - [2025-02-20T12:25:10.939+0100] {dagbag.py:588} INFO - Filling up the DagBag from /Users/ajlakorman/Desktop/Data-Mining-Projects/Apache_Airflow/venv/lib/python3.10/site-packages/airflow/example_dags/example_bash_operator.py
[2025-02-20T12:25:10.950+0100] {processor.py:925} INFO - DAG(s) 'example_bash_operator' retrieved from /Users/ajlakorman/Desktop/Data-Mining-Projects/Apache_Airflow/venv/lib/python3.10/site-packages/airflow/example_dags/example_bash_operator.py
[2025-02-20T12:25:11.066+0100] {logging_mixin.py:190} INFO - [2025-02-20T12:25:11.066+0100] {dag.py:3239} INFO - Sync 1 DAGs
[2025-02-20T12:25:11.075+0100] {logging_mixin.py:190} INFO - [2025-02-20T12:25:11.075+0100] {dag.py:4180} INFO - Setting next_dagrun for example_bash_operator to 2025-02-19 00:00:00+00:00, run_after=2025-02-20 00:00:00+00:00
[2025-02-20T12:25:11.086+0100] {processor.py:208} INFO - Processing /Users/ajlakorman/Desktop/Data-Mining-Projects/Apache_Airflow/venv/lib/python3.10/site-packages/airflow/example_dags/example_bash_operator.py took 0.151 seconds
[2025-02-20T12:27:39.836+0100] {processor.py:186} INFO - Started process (PID=12939) to work on /Users/ajlakorman/Desktop/Data-Mining-Projects/Apache_Airflow/venv/lib/python3.10/site-packages/airflow/example_dags/example_bash_operator.py
[2025-02-20T12:27:39.837+0100] {processor.py:914} INFO - Processing file /Users/ajlakorman/Desktop/Data-Mining-Projects/Apache_Airflow/venv/lib/python3.10/site-packages/airflow/example_dags/example_bash_operator.py for tasks to queue
[2025-02-20T12:27:39.837+0100] {logging_mixin.py:190} INFO - [2025-02-20T12:27:39.837+0100] {dagbag.py:588} INFO - Filling up the DagBag from /Users/ajlakorman/Desktop/Data-Mining-Projects/Apache_Airflow/venv/lib/python3.10/site-packages/airflow/example_dags/example_bash_operator.py
[2025-02-20T12:27:39.844+0100] {processor.py:925} INFO - DAG(s) 'example_bash_operator' retrieved from /Users/ajlakorman/Desktop/Data-Mining-Projects/Apache_Airflow/venv/lib/python3.10/site-packages/airflow/example_dags/example_bash_operator.py
[2025-02-20T12:27:39.912+0100] {logging_mixin.py:190} INFO - [2025-02-20T12:27:39.912+0100] {dag.py:3239} INFO - Sync 1 DAGs
[2025-02-20T12:27:39.919+0100] {logging_mixin.py:190} INFO - [2025-02-20T12:27:39.919+0100] {dag.py:4180} INFO - Setting next_dagrun for example_bash_operator to 2025-02-19 00:00:00+00:00, run_after=2025-02-20 00:00:00+00:00
[2025-02-20T12:27:39.926+0100] {processor.py:208} INFO - Processing /Users/ajlakorman/Desktop/Data-Mining-Projects/Apache_Airflow/venv/lib/python3.10/site-packages/airflow/example_dags/example_bash_operator.py took 0.092 seconds
[2025-02-20T12:30:07.141+0100] {processor.py:186} INFO - Started process (PID=13220) to work on /Users/ajlakorman/Desktop/Data-Mining-Projects/Apache_Airflow/venv/lib/python3.10/site-packages/airflow/example_dags/example_bash_operator.py
[2025-02-20T12:30:07.141+0100] {processor.py:914} INFO - Processing file /Users/ajlakorman/Desktop/Data-Mining-Projects/Apache_Airflow/venv/lib/python3.10/site-packages/airflow/example_dags/example_bash_operator.py for tasks to queue
[2025-02-20T12:30:07.142+0100] {logging_mixin.py:190} INFO - [2025-02-20T12:30:07.142+0100] {dagbag.py:588} INFO - Filling up the DagBag from /Users/ajlakorman/Desktop/Data-Mining-Projects/Apache_Airflow/venv/lib/python3.10/site-packages/airflow/example_dags/example_bash_operator.py
[2025-02-20T12:30:07.150+0100] {processor.py:925} INFO - DAG(s) 'example_bash_operator' retrieved from /Users/ajlakorman/Desktop/Data-Mining-Projects/Apache_Airflow/venv/lib/python3.10/site-packages/airflow/example_dags/example_bash_operator.py
[2025-02-20T12:30:07.222+0100] {logging_mixin.py:190} INFO - [2025-02-20T12:30:07.222+0100] {dag.py:3239} INFO - Sync 1 DAGs
[2025-02-20T12:30:07.228+0100] {logging_mixin.py:190} INFO - [2025-02-20T12:30:07.228+0100] {dag.py:4180} INFO - Setting next_dagrun for example_bash_operator to 2025-02-19 00:00:00+00:00, run_after=2025-02-20 00:00:00+00:00
[2025-02-20T12:30:07.236+0100] {processor.py:208} INFO - Processing /Users/ajlakorman/Desktop/Data-Mining-Projects/Apache_Airflow/venv/lib/python3.10/site-packages/airflow/example_dags/example_bash_operator.py took 0.097 seconds
[2025-02-20T12:32:41.398+0100] {processor.py:186} INFO - Started process (PID=13568) to work on /Users/ajlakorman/Desktop/Data-Mining-Projects/Apache_Airflow/venv/lib/python3.10/site-packages/airflow/example_dags/example_bash_operator.py
[2025-02-20T12:32:41.398+0100] {processor.py:914} INFO - Processing file /Users/ajlakorman/Desktop/Data-Mining-Projects/Apache_Airflow/venv/lib/python3.10/site-packages/airflow/example_dags/example_bash_operator.py for tasks to queue
[2025-02-20T12:32:41.399+0100] {logging_mixin.py:190} INFO - [2025-02-20T12:32:41.399+0100] {dagbag.py:588} INFO - Filling up the DagBag from /Users/ajlakorman/Desktop/Data-Mining-Projects/Apache_Airflow/venv/lib/python3.10/site-packages/airflow/example_dags/example_bash_operator.py
[2025-02-20T12:32:41.405+0100] {processor.py:925} INFO - DAG(s) 'example_bash_operator' retrieved from /Users/ajlakorman/Desktop/Data-Mining-Projects/Apache_Airflow/venv/lib/python3.10/site-packages/airflow/example_dags/example_bash_operator.py
[2025-02-20T12:32:41.473+0100] {logging_mixin.py:190} INFO - [2025-02-20T12:32:41.473+0100] {dag.py:3239} INFO - Sync 1 DAGs
[2025-02-20T12:32:41.480+0100] {logging_mixin.py:190} INFO - [2025-02-20T12:32:41.480+0100] {dag.py:4180} INFO - Setting next_dagrun for example_bash_operator to 2025-02-19 00:00:00+00:00, run_after=2025-02-20 00:00:00+00:00
[2025-02-20T12:32:41.487+0100] {processor.py:208} INFO - Processing /Users/ajlakorman/Desktop/Data-Mining-Projects/Apache_Airflow/venv/lib/python3.10/site-packages/airflow/example_dags/example_bash_operator.py took 0.091 seconds
[2025-02-20T12:35:11.902+0100] {processor.py:186} INFO - Started process (PID=13893) to work on /Users/ajlakorman/Desktop/Data-Mining-Projects/Apache_Airflow/venv/lib/python3.10/site-packages/airflow/example_dags/example_bash_operator.py
[2025-02-20T12:35:11.902+0100] {processor.py:914} INFO - Processing file /Users/ajlakorman/Desktop/Data-Mining-Projects/Apache_Airflow/venv/lib/python3.10/site-packages/airflow/example_dags/example_bash_operator.py for tasks to queue
[2025-02-20T12:35:11.903+0100] {logging_mixin.py:190} INFO - [2025-02-20T12:35:11.903+0100] {dagbag.py:588} INFO - Filling up the DagBag from /Users/ajlakorman/Desktop/Data-Mining-Projects/Apache_Airflow/venv/lib/python3.10/site-packages/airflow/example_dags/example_bash_operator.py
[2025-02-20T12:35:11.909+0100] {processor.py:925} INFO - DAG(s) 'example_bash_operator' retrieved from /Users/ajlakorman/Desktop/Data-Mining-Projects/Apache_Airflow/venv/lib/python3.10/site-packages/airflow/example_dags/example_bash_operator.py
[2025-02-20T12:35:11.977+0100] {logging_mixin.py:190} INFO - [2025-02-20T12:35:11.977+0100] {dag.py:3239} INFO - Sync 1 DAGs
[2025-02-20T12:35:11.984+0100] {logging_mixin.py:190} INFO - [2025-02-20T12:35:11.984+0100] {dag.py:4180} INFO - Setting next_dagrun for example_bash_operator to 2025-02-19 00:00:00+00:00, run_after=2025-02-20 00:00:00+00:00
[2025-02-20T12:35:11.992+0100] {processor.py:208} INFO - Processing /Users/ajlakorman/Desktop/Data-Mining-Projects/Apache_Airflow/venv/lib/python3.10/site-packages/airflow/example_dags/example_bash_operator.py took 0.091 seconds
[2025-02-20T12:37:46.757+0100] {processor.py:186} INFO - Started process (PID=14288) to work on /Users/ajlakorman/Desktop/Data-Mining-Projects/Apache_Airflow/venv/lib/python3.10/site-packages/airflow/example_dags/example_bash_operator.py
[2025-02-20T12:37:46.758+0100] {processor.py:914} INFO - Processing file /Users/ajlakorman/Desktop/Data-Mining-Projects/Apache_Airflow/venv/lib/python3.10/site-packages/airflow/example_dags/example_bash_operator.py for tasks to queue
[2025-02-20T12:37:46.758+0100] {logging_mixin.py:190} INFO - [2025-02-20T12:37:46.758+0100] {dagbag.py:588} INFO - Filling up the DagBag from /Users/ajlakorman/Desktop/Data-Mining-Projects/Apache_Airflow/venv/lib/python3.10/site-packages/airflow/example_dags/example_bash_operator.py
[2025-02-20T12:37:46.764+0100] {processor.py:925} INFO - DAG(s) 'example_bash_operator' retrieved from /Users/ajlakorman/Desktop/Data-Mining-Projects/Apache_Airflow/venv/lib/python3.10/site-packages/airflow/example_dags/example_bash_operator.py
[2025-02-20T12:37:46.838+0100] {logging_mixin.py:190} INFO - [2025-02-20T12:37:46.838+0100] {dag.py:3239} INFO - Sync 1 DAGs
[2025-02-20T12:37:46.845+0100] {logging_mixin.py:190} INFO - [2025-02-20T12:37:46.845+0100] {dag.py:4180} INFO - Setting next_dagrun for example_bash_operator to 2025-02-19 00:00:00+00:00, run_after=2025-02-20 00:00:00+00:00
[2025-02-20T12:37:46.853+0100] {processor.py:208} INFO - Processing /Users/ajlakorman/Desktop/Data-Mining-Projects/Apache_Airflow/venv/lib/python3.10/site-packages/airflow/example_dags/example_bash_operator.py took 0.098 seconds
[2025-02-20T12:55:33.571+0100] {processor.py:186} INFO - Started process (PID=14645) to work on /Users/ajlakorman/Desktop/Data-Mining-Projects/Apache_Airflow/venv/lib/python3.10/site-packages/airflow/example_dags/example_bash_operator.py
[2025-02-20T12:55:33.572+0100] {processor.py:914} INFO - Processing file /Users/ajlakorman/Desktop/Data-Mining-Projects/Apache_Airflow/venv/lib/python3.10/site-packages/airflow/example_dags/example_bash_operator.py for tasks to queue
[2025-02-20T12:55:33.573+0100] {logging_mixin.py:190} INFO - [2025-02-20T12:55:33.573+0100] {dagbag.py:588} INFO - Filling up the DagBag from /Users/ajlakorman/Desktop/Data-Mining-Projects/Apache_Airflow/venv/lib/python3.10/site-packages/airflow/example_dags/example_bash_operator.py
[2025-02-20T12:55:33.583+0100] {processor.py:925} INFO - DAG(s) 'example_bash_operator' retrieved from /Users/ajlakorman/Desktop/Data-Mining-Projects/Apache_Airflow/venv/lib/python3.10/site-packages/airflow/example_dags/example_bash_operator.py
[2025-02-20T12:55:33.757+0100] {logging_mixin.py:190} INFO - [2025-02-20T12:55:33.757+0100] {dag.py:3239} INFO - Sync 1 DAGs
[2025-02-20T12:55:33.768+0100] {logging_mixin.py:190} INFO - [2025-02-20T12:55:33.768+0100] {dag.py:4180} INFO - Setting next_dagrun for example_bash_operator to 2025-02-19 00:00:00+00:00, run_after=2025-02-20 00:00:00+00:00
[2025-02-20T12:55:33.786+0100] {processor.py:208} INFO - Processing /Users/ajlakorman/Desktop/Data-Mining-Projects/Apache_Airflow/venv/lib/python3.10/site-packages/airflow/example_dags/example_bash_operator.py took 0.218 seconds
[2025-02-20T12:58:44.509+0100] {processor.py:186} INFO - Started process (PID=15006) to work on /Users/ajlakorman/Desktop/Data-Mining-Projects/Apache_Airflow/venv/lib/python3.10/site-packages/airflow/example_dags/example_bash_operator.py
[2025-02-20T12:58:44.510+0100] {processor.py:914} INFO - Processing file /Users/ajlakorman/Desktop/Data-Mining-Projects/Apache_Airflow/venv/lib/python3.10/site-packages/airflow/example_dags/example_bash_operator.py for tasks to queue
[2025-02-20T12:58:44.510+0100] {logging_mixin.py:190} INFO - [2025-02-20T12:58:44.510+0100] {dagbag.py:588} INFO - Filling up the DagBag from /Users/ajlakorman/Desktop/Data-Mining-Projects/Apache_Airflow/venv/lib/python3.10/site-packages/airflow/example_dags/example_bash_operator.py
[2025-02-20T12:58:44.521+0100] {processor.py:925} INFO - DAG(s) 'example_bash_operator' retrieved from /Users/ajlakorman/Desktop/Data-Mining-Projects/Apache_Airflow/venv/lib/python3.10/site-packages/airflow/example_dags/example_bash_operator.py
[2025-02-20T12:58:44.618+0100] {logging_mixin.py:190} INFO - [2025-02-20T12:58:44.618+0100] {dag.py:3239} INFO - Sync 1 DAGs
[2025-02-20T12:58:44.626+0100] {logging_mixin.py:190} INFO - [2025-02-20T12:58:44.626+0100] {dag.py:4180} INFO - Setting next_dagrun for example_bash_operator to 2025-02-19 00:00:00+00:00, run_after=2025-02-20 00:00:00+00:00
[2025-02-20T12:58:44.645+0100] {processor.py:208} INFO - Processing /Users/ajlakorman/Desktop/Data-Mining-Projects/Apache_Airflow/venv/lib/python3.10/site-packages/airflow/example_dags/example_bash_operator.py took 0.138 seconds
[2025-02-20T13:01:28.840+0100] {processor.py:186} INFO - Started process (PID=15241) to work on /Users/ajlakorman/Desktop/Data-Mining-Projects/Apache_Airflow/venv/lib/python3.10/site-packages/airflow/example_dags/example_bash_operator.py
[2025-02-20T13:01:28.841+0100] {processor.py:914} INFO - Processing file /Users/ajlakorman/Desktop/Data-Mining-Projects/Apache_Airflow/venv/lib/python3.10/site-packages/airflow/example_dags/example_bash_operator.py for tasks to queue
[2025-02-20T13:01:28.841+0100] {logging_mixin.py:190} INFO - [2025-02-20T13:01:28.841+0100] {dagbag.py:588} INFO - Filling up the DagBag from /Users/ajlakorman/Desktop/Data-Mining-Projects/Apache_Airflow/venv/lib/python3.10/site-packages/airflow/example_dags/example_bash_operator.py
[2025-02-20T13:01:28.847+0100] {processor.py:925} INFO - DAG(s) 'example_bash_operator' retrieved from /Users/ajlakorman/Desktop/Data-Mining-Projects/Apache_Airflow/venv/lib/python3.10/site-packages/airflow/example_dags/example_bash_operator.py
[2025-02-20T13:01:28.913+0100] {logging_mixin.py:190} INFO - [2025-02-20T13:01:28.913+0100] {dag.py:3239} INFO - Sync 1 DAGs
[2025-02-20T13:01:28.919+0100] {logging_mixin.py:190} INFO - [2025-02-20T13:01:28.919+0100] {dag.py:4180} INFO - Setting next_dagrun for example_bash_operator to 2025-02-19 00:00:00+00:00, run_after=2025-02-20 00:00:00+00:00
[2025-02-20T13:01:28.926+0100] {processor.py:208} INFO - Processing /Users/ajlakorman/Desktop/Data-Mining-Projects/Apache_Airflow/venv/lib/python3.10/site-packages/airflow/example_dags/example_bash_operator.py took 0.088 seconds
[2025-02-20T13:06:51.205+0100] {processor.py:186} INFO - Started process (PID=15471) to work on /Users/ajlakorman/Desktop/Data-Mining-Projects/Apache_Airflow/venv/lib/python3.10/site-packages/airflow/example_dags/example_bash_operator.py
[2025-02-20T13:06:51.206+0100] {processor.py:914} INFO - Processing file /Users/ajlakorman/Desktop/Data-Mining-Projects/Apache_Airflow/venv/lib/python3.10/site-packages/airflow/example_dags/example_bash_operator.py for tasks to queue
[2025-02-20T13:06:51.206+0100] {logging_mixin.py:190} INFO - [2025-02-20T13:06:51.206+0100] {dagbag.py:588} INFO - Filling up the DagBag from /Users/ajlakorman/Desktop/Data-Mining-Projects/Apache_Airflow/venv/lib/python3.10/site-packages/airflow/example_dags/example_bash_operator.py
[2025-02-20T13:06:51.212+0100] {processor.py:925} INFO - DAG(s) 'example_bash_operator' retrieved from /Users/ajlakorman/Desktop/Data-Mining-Projects/Apache_Airflow/venv/lib/python3.10/site-packages/airflow/example_dags/example_bash_operator.py
[2025-02-20T13:06:51.282+0100] {logging_mixin.py:190} INFO - [2025-02-20T13:06:51.282+0100] {dag.py:3239} INFO - Sync 1 DAGs
[2025-02-20T13:06:51.290+0100] {logging_mixin.py:190} INFO - [2025-02-20T13:06:51.289+0100] {dag.py:4180} INFO - Setting next_dagrun for example_bash_operator to 2025-02-19 00:00:00+00:00, run_after=2025-02-20 00:00:00+00:00
[2025-02-20T13:06:51.297+0100] {processor.py:208} INFO - Processing /Users/ajlakorman/Desktop/Data-Mining-Projects/Apache_Airflow/venv/lib/python3.10/site-packages/airflow/example_dags/example_bash_operator.py took 0.094 seconds
[2025-02-20T13:09:43.366+0100] {processor.py:186} INFO - Started process (PID=15905) to work on /Users/ajlakorman/Desktop/Data-Mining-Projects/Apache_Airflow/venv/lib/python3.10/site-packages/airflow/example_dags/example_bash_operator.py
[2025-02-20T13:09:43.367+0100] {processor.py:914} INFO - Processing file /Users/ajlakorman/Desktop/Data-Mining-Projects/Apache_Airflow/venv/lib/python3.10/site-packages/airflow/example_dags/example_bash_operator.py for tasks to queue
[2025-02-20T13:09:43.368+0100] {logging_mixin.py:190} INFO - [2025-02-20T13:09:43.368+0100] {dagbag.py:588} INFO - Filling up the DagBag from /Users/ajlakorman/Desktop/Data-Mining-Projects/Apache_Airflow/venv/lib/python3.10/site-packages/airflow/example_dags/example_bash_operator.py
[2025-02-20T13:09:43.420+0100] {processor.py:925} INFO - DAG(s) 'example_bash_operator' retrieved from /Users/ajlakorman/Desktop/Data-Mining-Projects/Apache_Airflow/venv/lib/python3.10/site-packages/airflow/example_dags/example_bash_operator.py
[2025-02-20T13:09:43.844+0100] {logging_mixin.py:190} INFO - [2025-02-20T13:09:43.843+0100] {dag.py:3239} INFO - Sync 1 DAGs
[2025-02-20T13:09:43.855+0100] {logging_mixin.py:190} INFO - [2025-02-20T13:09:43.855+0100] {dag.py:4180} INFO - Setting next_dagrun for example_bash_operator to 2025-02-19 00:00:00+00:00, run_after=2025-02-20 00:00:00+00:00
[2025-02-20T13:09:43.881+0100] {processor.py:208} INFO - Processing /Users/ajlakorman/Desktop/Data-Mining-Projects/Apache_Airflow/venv/lib/python3.10/site-packages/airflow/example_dags/example_bash_operator.py took 0.522 seconds
[2025-02-20T13:12:31.489+0100] {processor.py:186} INFO - Started process (PID=16148) to work on /Users/ajlakorman/Desktop/Data-Mining-Projects/Apache_Airflow/venv/lib/python3.10/site-packages/airflow/example_dags/example_bash_operator.py
[2025-02-20T13:12:31.490+0100] {processor.py:914} INFO - Processing file /Users/ajlakorman/Desktop/Data-Mining-Projects/Apache_Airflow/venv/lib/python3.10/site-packages/airflow/example_dags/example_bash_operator.py for tasks to queue
[2025-02-20T13:12:31.491+0100] {logging_mixin.py:190} INFO - [2025-02-20T13:12:31.491+0100] {dagbag.py:588} INFO - Filling up the DagBag from /Users/ajlakorman/Desktop/Data-Mining-Projects/Apache_Airflow/venv/lib/python3.10/site-packages/airflow/example_dags/example_bash_operator.py
[2025-02-20T13:12:31.508+0100] {processor.py:925} INFO - DAG(s) 'example_bash_operator' retrieved from /Users/ajlakorman/Desktop/Data-Mining-Projects/Apache_Airflow/venv/lib/python3.10/site-packages/airflow/example_dags/example_bash_operator.py
[2025-02-20T13:12:31.589+0100] {logging_mixin.py:190} INFO - [2025-02-20T13:12:31.588+0100] {dag.py:3239} INFO - Sync 1 DAGs
[2025-02-20T13:12:31.601+0100] {logging_mixin.py:190} INFO - [2025-02-20T13:12:31.601+0100] {dag.py:4180} INFO - Setting next_dagrun for example_bash_operator to 2025-02-19 00:00:00+00:00, run_after=2025-02-20 00:00:00+00:00
[2025-02-20T13:12:31.610+0100] {processor.py:208} INFO - Processing /Users/ajlakorman/Desktop/Data-Mining-Projects/Apache_Airflow/venv/lib/python3.10/site-packages/airflow/example_dags/example_bash_operator.py took 0.123 seconds
[2025-02-20T13:15:34.674+0100] {processor.py:186} INFO - Started process (PID=16441) to work on /Users/ajlakorman/Desktop/Data-Mining-Projects/Apache_Airflow/venv/lib/python3.10/site-packages/airflow/example_dags/example_bash_operator.py
[2025-02-20T13:15:34.676+0100] {processor.py:914} INFO - Processing file /Users/ajlakorman/Desktop/Data-Mining-Projects/Apache_Airflow/venv/lib/python3.10/site-packages/airflow/example_dags/example_bash_operator.py for tasks to queue
[2025-02-20T13:15:34.676+0100] {logging_mixin.py:190} INFO - [2025-02-20T13:15:34.676+0100] {dagbag.py:588} INFO - Filling up the DagBag from /Users/ajlakorman/Desktop/Data-Mining-Projects/Apache_Airflow/venv/lib/python3.10/site-packages/airflow/example_dags/example_bash_operator.py
[2025-02-20T13:15:34.682+0100] {processor.py:925} INFO - DAG(s) 'example_bash_operator' retrieved from /Users/ajlakorman/Desktop/Data-Mining-Projects/Apache_Airflow/venv/lib/python3.10/site-packages/airflow/example_dags/example_bash_operator.py
[2025-02-20T13:15:34.749+0100] {logging_mixin.py:190} INFO - [2025-02-20T13:15:34.749+0100] {dag.py:3239} INFO - Sync 1 DAGs
[2025-02-20T13:15:34.755+0100] {logging_mixin.py:190} INFO - [2025-02-20T13:15:34.755+0100] {dag.py:4180} INFO - Setting next_dagrun for example_bash_operator to 2025-02-19 00:00:00+00:00, run_after=2025-02-20 00:00:00+00:00
[2025-02-20T13:15:34.762+0100] {processor.py:208} INFO - Processing /Users/ajlakorman/Desktop/Data-Mining-Projects/Apache_Airflow/venv/lib/python3.10/site-packages/airflow/example_dags/example_bash_operator.py took 0.090 seconds
[2025-02-20T13:18:43.954+0100] {processor.py:186} INFO - Started process (PID=16882) to work on /Users/ajlakorman/Desktop/Data-Mining-Projects/Apache_Airflow/venv/lib/python3.10/site-packages/airflow/example_dags/example_bash_operator.py
[2025-02-20T13:18:43.955+0100] {processor.py:914} INFO - Processing file /Users/ajlakorman/Desktop/Data-Mining-Projects/Apache_Airflow/venv/lib/python3.10/site-packages/airflow/example_dags/example_bash_operator.py for tasks to queue
[2025-02-20T13:18:43.955+0100] {logging_mixin.py:190} INFO - [2025-02-20T13:18:43.955+0100] {dagbag.py:588} INFO - Filling up the DagBag from /Users/ajlakorman/Desktop/Data-Mining-Projects/Apache_Airflow/venv/lib/python3.10/site-packages/airflow/example_dags/example_bash_operator.py
[2025-02-20T13:18:43.963+0100] {processor.py:925} INFO - DAG(s) 'example_bash_operator' retrieved from /Users/ajlakorman/Desktop/Data-Mining-Projects/Apache_Airflow/venv/lib/python3.10/site-packages/airflow/example_dags/example_bash_operator.py
[2025-02-20T13:18:44.042+0100] {logging_mixin.py:190} INFO - [2025-02-20T13:18:44.042+0100] {dag.py:3239} INFO - Sync 1 DAGs
[2025-02-20T13:18:44.049+0100] {logging_mixin.py:190} INFO - [2025-02-20T13:18:44.049+0100] {dag.py:4180} INFO - Setting next_dagrun for example_bash_operator to 2025-02-19 00:00:00+00:00, run_after=2025-02-20 00:00:00+00:00
[2025-02-20T13:18:44.057+0100] {processor.py:208} INFO - Processing /Users/ajlakorman/Desktop/Data-Mining-Projects/Apache_Airflow/venv/lib/python3.10/site-packages/airflow/example_dags/example_bash_operator.py took 0.104 seconds
[2025-02-20T13:21:42.791+0100] {processor.py:186} INFO - Started process (PID=17144) to work on /Users/ajlakorman/Desktop/Data-Mining-Projects/Apache_Airflow/venv/lib/python3.10/site-packages/airflow/example_dags/example_bash_operator.py
[2025-02-20T13:21:42.791+0100] {processor.py:914} INFO - Processing file /Users/ajlakorman/Desktop/Data-Mining-Projects/Apache_Airflow/venv/lib/python3.10/site-packages/airflow/example_dags/example_bash_operator.py for tasks to queue
[2025-02-20T13:21:42.792+0100] {logging_mixin.py:190} INFO - [2025-02-20T13:21:42.792+0100] {dagbag.py:588} INFO - Filling up the DagBag from /Users/ajlakorman/Desktop/Data-Mining-Projects/Apache_Airflow/venv/lib/python3.10/site-packages/airflow/example_dags/example_bash_operator.py
[2025-02-20T13:21:42.797+0100] {processor.py:925} INFO - DAG(s) 'example_bash_operator' retrieved from /Users/ajlakorman/Desktop/Data-Mining-Projects/Apache_Airflow/venv/lib/python3.10/site-packages/airflow/example_dags/example_bash_operator.py
[2025-02-20T13:21:42.869+0100] {logging_mixin.py:190} INFO - [2025-02-20T13:21:42.869+0100] {dag.py:3239} INFO - Sync 1 DAGs
[2025-02-20T13:21:42.876+0100] {logging_mixin.py:190} INFO - [2025-02-20T13:21:42.876+0100] {dag.py:4180} INFO - Setting next_dagrun for example_bash_operator to 2025-02-19 00:00:00+00:00, run_after=2025-02-20 00:00:00+00:00
[2025-02-20T13:21:42.885+0100] {processor.py:208} INFO - Processing /Users/ajlakorman/Desktop/Data-Mining-Projects/Apache_Airflow/venv/lib/python3.10/site-packages/airflow/example_dags/example_bash_operator.py took 0.096 seconds
[2025-02-20T13:24:21.758+0100] {processor.py:186} INFO - Started process (PID=17446) to work on /Users/ajlakorman/Desktop/Data-Mining-Projects/Apache_Airflow/venv/lib/python3.10/site-packages/airflow/example_dags/example_bash_operator.py
[2025-02-20T13:24:21.758+0100] {processor.py:914} INFO - Processing file /Users/ajlakorman/Desktop/Data-Mining-Projects/Apache_Airflow/venv/lib/python3.10/site-packages/airflow/example_dags/example_bash_operator.py for tasks to queue
[2025-02-20T13:24:21.759+0100] {logging_mixin.py:190} INFO - [2025-02-20T13:24:21.759+0100] {dagbag.py:588} INFO - Filling up the DagBag from /Users/ajlakorman/Desktop/Data-Mining-Projects/Apache_Airflow/venv/lib/python3.10/site-packages/airflow/example_dags/example_bash_operator.py
[2025-02-20T13:24:21.765+0100] {processor.py:925} INFO - DAG(s) 'example_bash_operator' retrieved from /Users/ajlakorman/Desktop/Data-Mining-Projects/Apache_Airflow/venv/lib/python3.10/site-packages/airflow/example_dags/example_bash_operator.py
[2025-02-20T13:24:21.832+0100] {logging_mixin.py:190} INFO - [2025-02-20T13:24:21.832+0100] {dag.py:3239} INFO - Sync 1 DAGs
[2025-02-20T13:24:21.839+0100] {logging_mixin.py:190} INFO - [2025-02-20T13:24:21.839+0100] {dag.py:4180} INFO - Setting next_dagrun for example_bash_operator to 2025-02-19 00:00:00+00:00, run_after=2025-02-20 00:00:00+00:00
[2025-02-20T13:24:21.846+0100] {processor.py:208} INFO - Processing /Users/ajlakorman/Desktop/Data-Mining-Projects/Apache_Airflow/venv/lib/python3.10/site-packages/airflow/example_dags/example_bash_operator.py took 0.090 seconds
[2025-02-20T13:26:59.898+0100] {processor.py:186} INFO - Started process (PID=17648) to work on /Users/ajlakorman/Desktop/Data-Mining-Projects/Apache_Airflow/venv/lib/python3.10/site-packages/airflow/example_dags/example_bash_operator.py
[2025-02-20T13:26:59.898+0100] {processor.py:914} INFO - Processing file /Users/ajlakorman/Desktop/Data-Mining-Projects/Apache_Airflow/venv/lib/python3.10/site-packages/airflow/example_dags/example_bash_operator.py for tasks to queue
[2025-02-20T13:26:59.899+0100] {logging_mixin.py:190} INFO - [2025-02-20T13:26:59.899+0100] {dagbag.py:588} INFO - Filling up the DagBag from /Users/ajlakorman/Desktop/Data-Mining-Projects/Apache_Airflow/venv/lib/python3.10/site-packages/airflow/example_dags/example_bash_operator.py
[2025-02-20T13:26:59.905+0100] {processor.py:925} INFO - DAG(s) 'example_bash_operator' retrieved from /Users/ajlakorman/Desktop/Data-Mining-Projects/Apache_Airflow/venv/lib/python3.10/site-packages/airflow/example_dags/example_bash_operator.py
[2025-02-20T13:26:59.997+0100] {logging_mixin.py:190} INFO - [2025-02-20T13:26:59.997+0100] {dag.py:3239} INFO - Sync 1 DAGs
[2025-02-20T13:27:00.009+0100] {logging_mixin.py:190} INFO - [2025-02-20T13:27:00.009+0100] {dag.py:4180} INFO - Setting next_dagrun for example_bash_operator to 2025-02-19 00:00:00+00:00, run_after=2025-02-20 00:00:00+00:00
[2025-02-20T13:27:00.018+0100] {processor.py:208} INFO - Processing /Users/ajlakorman/Desktop/Data-Mining-Projects/Apache_Airflow/venv/lib/python3.10/site-packages/airflow/example_dags/example_bash_operator.py took 0.121 seconds
