[2025-02-20T10:52:31.695+0100] {processor.py:186} INFO - Started process (PID=6240) to work on /Users/ajlakorman/Desktop/Data-Mining-Projects/Apache_Airflow/venv/lib/python3.10/site-packages/airflow/example_dags/example_setup_teardown.py
[2025-02-20T10:52:31.695+0100] {processor.py:914} INFO - Processing file /Users/ajlakorman/Desktop/Data-Mining-Projects/Apache_Airflow/venv/lib/python3.10/site-packages/airflow/example_dags/example_setup_teardown.py for tasks to queue
[2025-02-20T10:52:31.696+0100] {logging_mixin.py:190} INFO - [2025-02-20T10:52:31.696+0100] {dagbag.py:588} INFO - Filling up the DagBag from /Users/ajlakorman/Desktop/Data-Mining-Projects/Apache_Airflow/venv/lib/python3.10/site-packages/airflow/example_dags/example_setup_teardown.py
[2025-02-20T10:52:31.700+0100] {processor.py:925} INFO - DAG(s) 'example_setup_teardown' retrieved from /Users/ajlakorman/Desktop/Data-Mining-Projects/Apache_Airflow/venv/lib/python3.10/site-packages/airflow/example_dags/example_setup_teardown.py
[2025-02-20T10:52:31.796+0100] {logging_mixin.py:190} INFO - [2025-02-20T10:52:31.795+0100] {override.py:1912} INFO - Created Permission View: can edit on DAG:example_setup_teardown
[2025-02-20T10:52:31.799+0100] {logging_mixin.py:190} INFO - [2025-02-20T10:52:31.799+0100] {override.py:1912} INFO - Created Permission View: can delete on DAG:example_setup_teardown
[2025-02-20T10:52:31.801+0100] {logging_mixin.py:190} INFO - [2025-02-20T10:52:31.801+0100] {override.py:1912} INFO - Created Permission View: can read on DAG:example_setup_teardown
[2025-02-20T10:52:31.804+0100] {logging_mixin.py:190} INFO - [2025-02-20T10:52:31.804+0100] {override.py:1912} INFO - Created Permission View: can delete on DAG Run:example_setup_teardown
[2025-02-20T10:52:31.806+0100] {logging_mixin.py:190} INFO - [2025-02-20T10:52:31.806+0100] {override.py:1912} INFO - Created Permission View: can create on DAG Run:example_setup_teardown
[2025-02-20T10:52:31.808+0100] {logging_mixin.py:190} INFO - [2025-02-20T10:52:31.808+0100] {override.py:1912} INFO - Created Permission View: can read on DAG Run:example_setup_teardown
[2025-02-20T10:52:31.810+0100] {logging_mixin.py:190} INFO - [2025-02-20T10:52:31.810+0100] {override.py:1912} INFO - Created Permission View: menu access on DAG Run:example_setup_teardown
[2025-02-20T10:52:31.811+0100] {logging_mixin.py:190} INFO - [2025-02-20T10:52:31.810+0100] {dag.py:3239} INFO - Sync 1 DAGs
[2025-02-20T10:52:31.815+0100] {logging_mixin.py:190} INFO - [2025-02-20T10:52:31.815+0100] {dag.py:3262} INFO - Creating ORM DAG for example_setup_teardown
[2025-02-20T10:52:31.815+0100] {logging_mixin.py:190} INFO - [2025-02-20T10:52:31.815+0100] {dag.py:4180} INFO - Setting next_dagrun for example_setup_teardown to None, run_after=None
[2025-02-20T10:52:31.821+0100] {processor.py:208} INFO - Processing /Users/ajlakorman/Desktop/Data-Mining-Projects/Apache_Airflow/venv/lib/python3.10/site-packages/airflow/example_dags/example_setup_teardown.py took 0.128 seconds
[2025-02-20T10:54:23.194+0100] {processor.py:186} INFO - Started process (PID=6537) to work on /Users/ajlakorman/Desktop/Data-Mining-Projects/Apache_Airflow/venv/lib/python3.10/site-packages/airflow/example_dags/example_setup_teardown.py
[2025-02-20T10:54:23.195+0100] {processor.py:914} INFO - Processing file /Users/ajlakorman/Desktop/Data-Mining-Projects/Apache_Airflow/venv/lib/python3.10/site-packages/airflow/example_dags/example_setup_teardown.py for tasks to queue
[2025-02-20T10:54:23.195+0100] {logging_mixin.py:190} INFO - [2025-02-20T10:54:23.195+0100] {dagbag.py:588} INFO - Filling up the DagBag from /Users/ajlakorman/Desktop/Data-Mining-Projects/Apache_Airflow/venv/lib/python3.10/site-packages/airflow/example_dags/example_setup_teardown.py
[2025-02-20T10:54:23.203+0100] {processor.py:925} INFO - DAG(s) 'example_setup_teardown' retrieved from /Users/ajlakorman/Desktop/Data-Mining-Projects/Apache_Airflow/venv/lib/python3.10/site-packages/airflow/example_dags/example_setup_teardown.py
[2025-02-20T10:54:23.295+0100] {logging_mixin.py:190} INFO - [2025-02-20T10:54:23.295+0100] {dag.py:3239} INFO - Sync 1 DAGs
[2025-02-20T10:54:23.299+0100] {logging_mixin.py:190} INFO - [2025-02-20T10:54:23.299+0100] {dag.py:4180} INFO - Setting next_dagrun for example_setup_teardown to None, run_after=None
[2025-02-20T10:54:23.307+0100] {processor.py:208} INFO - Processing /Users/ajlakorman/Desktop/Data-Mining-Projects/Apache_Airflow/venv/lib/python3.10/site-packages/airflow/example_dags/example_setup_teardown.py took 0.114 seconds
[2025-02-20T10:56:53.304+0100] {processor.py:186} INFO - Started process (PID=6835) to work on /Users/ajlakorman/Desktop/Data-Mining-Projects/Apache_Airflow/venv/lib/python3.10/site-packages/airflow/example_dags/example_setup_teardown.py
[2025-02-20T10:56:53.305+0100] {processor.py:914} INFO - Processing file /Users/ajlakorman/Desktop/Data-Mining-Projects/Apache_Airflow/venv/lib/python3.10/site-packages/airflow/example_dags/example_setup_teardown.py for tasks to queue
[2025-02-20T10:56:53.305+0100] {logging_mixin.py:190} INFO - [2025-02-20T10:56:53.305+0100] {dagbag.py:588} INFO - Filling up the DagBag from /Users/ajlakorman/Desktop/Data-Mining-Projects/Apache_Airflow/venv/lib/python3.10/site-packages/airflow/example_dags/example_setup_teardown.py
[2025-02-20T10:56:53.309+0100] {processor.py:925} INFO - DAG(s) 'example_setup_teardown' retrieved from /Users/ajlakorman/Desktop/Data-Mining-Projects/Apache_Airflow/venv/lib/python3.10/site-packages/airflow/example_dags/example_setup_teardown.py
[2025-02-20T10:56:53.380+0100] {logging_mixin.py:190} INFO - [2025-02-20T10:56:53.380+0100] {dag.py:3239} INFO - Sync 1 DAGs
[2025-02-20T10:56:53.385+0100] {logging_mixin.py:190} INFO - [2025-02-20T10:56:53.385+0100] {dag.py:4180} INFO - Setting next_dagrun for example_setup_teardown to None, run_after=None
[2025-02-20T10:56:53.392+0100] {processor.py:208} INFO - Processing /Users/ajlakorman/Desktop/Data-Mining-Projects/Apache_Airflow/venv/lib/python3.10/site-packages/airflow/example_dags/example_setup_teardown.py took 0.090 seconds
[2025-02-20T10:58:20.359+0100] {processor.py:186} INFO - Started process (PID=6971) to work on /Users/ajlakorman/Desktop/Data-Mining-Projects/Apache_Airflow/venv/lib/python3.10/site-packages/airflow/example_dags/example_setup_teardown.py
[2025-02-20T10:58:20.360+0100] {processor.py:914} INFO - Processing file /Users/ajlakorman/Desktop/Data-Mining-Projects/Apache_Airflow/venv/lib/python3.10/site-packages/airflow/example_dags/example_setup_teardown.py for tasks to queue
[2025-02-20T10:58:20.362+0100] {logging_mixin.py:190} INFO - [2025-02-20T10:58:20.362+0100] {dagbag.py:588} INFO - Filling up the DagBag from /Users/ajlakorman/Desktop/Data-Mining-Projects/Apache_Airflow/venv/lib/python3.10/site-packages/airflow/example_dags/example_setup_teardown.py
[2025-02-20T10:58:20.398+0100] {processor.py:925} INFO - DAG(s) 'example_setup_teardown' retrieved from /Users/ajlakorman/Desktop/Data-Mining-Projects/Apache_Airflow/venv/lib/python3.10/site-packages/airflow/example_dags/example_setup_teardown.py
[2025-02-20T10:58:20.670+0100] {logging_mixin.py:190} INFO - [2025-02-20T10:58:20.670+0100] {dag.py:3239} INFO - Sync 1 DAGs
[2025-02-20T10:58:20.683+0100] {logging_mixin.py:190} INFO - [2025-02-20T10:58:20.683+0100] {dag.py:4180} INFO - Setting next_dagrun for example_setup_teardown to None, run_after=None
[2025-02-20T10:58:20.705+0100] {processor.py:208} INFO - Processing /Users/ajlakorman/Desktop/Data-Mining-Projects/Apache_Airflow/venv/lib/python3.10/site-packages/airflow/example_dags/example_setup_teardown.py took 0.350 seconds
[2025-02-20T10:59:45.657+0100] {processor.py:186} INFO - Started process (PID=7142) to work on /Users/ajlakorman/Desktop/Data-Mining-Projects/Apache_Airflow/venv/lib/python3.10/site-packages/airflow/example_dags/example_setup_teardown.py
[2025-02-20T10:59:45.658+0100] {processor.py:914} INFO - Processing file /Users/ajlakorman/Desktop/Data-Mining-Projects/Apache_Airflow/venv/lib/python3.10/site-packages/airflow/example_dags/example_setup_teardown.py for tasks to queue
[2025-02-20T10:59:45.658+0100] {logging_mixin.py:190} INFO - [2025-02-20T10:59:45.658+0100] {dagbag.py:588} INFO - Filling up the DagBag from /Users/ajlakorman/Desktop/Data-Mining-Projects/Apache_Airflow/venv/lib/python3.10/site-packages/airflow/example_dags/example_setup_teardown.py
[2025-02-20T10:59:45.662+0100] {processor.py:925} INFO - DAG(s) 'example_setup_teardown' retrieved from /Users/ajlakorman/Desktop/Data-Mining-Projects/Apache_Airflow/venv/lib/python3.10/site-packages/airflow/example_dags/example_setup_teardown.py
[2025-02-20T10:59:45.727+0100] {logging_mixin.py:190} INFO - [2025-02-20T10:59:45.727+0100] {dag.py:3239} INFO - Sync 1 DAGs
[2025-02-20T10:59:45.732+0100] {logging_mixin.py:190} INFO - [2025-02-20T10:59:45.732+0100] {dag.py:4180} INFO - Setting next_dagrun for example_setup_teardown to None, run_after=None
[2025-02-20T10:59:45.739+0100] {processor.py:208} INFO - Processing /Users/ajlakorman/Desktop/Data-Mining-Projects/Apache_Airflow/venv/lib/python3.10/site-packages/airflow/example_dags/example_setup_teardown.py took 0.084 seconds
[2025-02-20T11:02:13.601+0100] {processor.py:186} INFO - Started process (PID=7439) to work on /Users/ajlakorman/Desktop/Data-Mining-Projects/Apache_Airflow/venv/lib/python3.10/site-packages/airflow/example_dags/example_setup_teardown.py
[2025-02-20T11:02:13.602+0100] {processor.py:914} INFO - Processing file /Users/ajlakorman/Desktop/Data-Mining-Projects/Apache_Airflow/venv/lib/python3.10/site-packages/airflow/example_dags/example_setup_teardown.py for tasks to queue
[2025-02-20T11:02:13.603+0100] {logging_mixin.py:190} INFO - [2025-02-20T11:02:13.603+0100] {dagbag.py:588} INFO - Filling up the DagBag from /Users/ajlakorman/Desktop/Data-Mining-Projects/Apache_Airflow/venv/lib/python3.10/site-packages/airflow/example_dags/example_setup_teardown.py
[2025-02-20T11:02:13.607+0100] {processor.py:925} INFO - DAG(s) 'example_setup_teardown' retrieved from /Users/ajlakorman/Desktop/Data-Mining-Projects/Apache_Airflow/venv/lib/python3.10/site-packages/airflow/example_dags/example_setup_teardown.py
[2025-02-20T11:02:13.671+0100] {logging_mixin.py:190} INFO - [2025-02-20T11:02:13.671+0100] {dag.py:3239} INFO - Sync 1 DAGs
[2025-02-20T11:02:13.675+0100] {logging_mixin.py:190} INFO - [2025-02-20T11:02:13.675+0100] {dag.py:4180} INFO - Setting next_dagrun for example_setup_teardown to None, run_after=None
[2025-02-20T11:02:13.682+0100] {processor.py:208} INFO - Processing /Users/ajlakorman/Desktop/Data-Mining-Projects/Apache_Airflow/venv/lib/python3.10/site-packages/airflow/example_dags/example_setup_teardown.py took 0.082 seconds
[2025-02-20T11:04:33.164+0100] {processor.py:186} INFO - Started process (PID=7711) to work on /Users/ajlakorman/Desktop/Data-Mining-Projects/Apache_Airflow/venv/lib/python3.10/site-packages/airflow/example_dags/example_setup_teardown.py
[2025-02-20T11:04:33.165+0100] {processor.py:914} INFO - Processing file /Users/ajlakorman/Desktop/Data-Mining-Projects/Apache_Airflow/venv/lib/python3.10/site-packages/airflow/example_dags/example_setup_teardown.py for tasks to queue
[2025-02-20T11:04:33.166+0100] {logging_mixin.py:190} INFO - [2025-02-20T11:04:33.166+0100] {dagbag.py:588} INFO - Filling up the DagBag from /Users/ajlakorman/Desktop/Data-Mining-Projects/Apache_Airflow/venv/lib/python3.10/site-packages/airflow/example_dags/example_setup_teardown.py
[2025-02-20T11:04:33.170+0100] {processor.py:925} INFO - DAG(s) 'example_setup_teardown' retrieved from /Users/ajlakorman/Desktop/Data-Mining-Projects/Apache_Airflow/venv/lib/python3.10/site-packages/airflow/example_dags/example_setup_teardown.py
[2025-02-20T11:04:33.237+0100] {logging_mixin.py:190} INFO - [2025-02-20T11:04:33.237+0100] {dag.py:3239} INFO - Sync 1 DAGs
[2025-02-20T11:04:33.241+0100] {logging_mixin.py:190} INFO - [2025-02-20T11:04:33.241+0100] {dag.py:4180} INFO - Setting next_dagrun for example_setup_teardown to None, run_after=None
[2025-02-20T11:04:33.247+0100] {processor.py:208} INFO - Processing /Users/ajlakorman/Desktop/Data-Mining-Projects/Apache_Airflow/venv/lib/python3.10/site-packages/airflow/example_dags/example_setup_teardown.py took 0.085 seconds
[2025-02-20T11:06:53.574+0100] {processor.py:186} INFO - Started process (PID=8041) to work on /Users/ajlakorman/Desktop/Data-Mining-Projects/Apache_Airflow/venv/lib/python3.10/site-packages/airflow/example_dags/example_setup_teardown.py
[2025-02-20T11:06:53.575+0100] {processor.py:914} INFO - Processing file /Users/ajlakorman/Desktop/Data-Mining-Projects/Apache_Airflow/venv/lib/python3.10/site-packages/airflow/example_dags/example_setup_teardown.py for tasks to queue
[2025-02-20T11:06:53.575+0100] {logging_mixin.py:190} INFO - [2025-02-20T11:06:53.575+0100] {dagbag.py:588} INFO - Filling up the DagBag from /Users/ajlakorman/Desktop/Data-Mining-Projects/Apache_Airflow/venv/lib/python3.10/site-packages/airflow/example_dags/example_setup_teardown.py
[2025-02-20T11:06:53.579+0100] {processor.py:925} INFO - DAG(s) 'example_setup_teardown' retrieved from /Users/ajlakorman/Desktop/Data-Mining-Projects/Apache_Airflow/venv/lib/python3.10/site-packages/airflow/example_dags/example_setup_teardown.py
[2025-02-20T11:06:53.644+0100] {logging_mixin.py:190} INFO - [2025-02-20T11:06:53.644+0100] {dag.py:3239} INFO - Sync 1 DAGs
[2025-02-20T11:06:53.648+0100] {logging_mixin.py:190} INFO - [2025-02-20T11:06:53.648+0100] {dag.py:4180} INFO - Setting next_dagrun for example_setup_teardown to None, run_after=None
[2025-02-20T11:06:53.655+0100] {processor.py:208} INFO - Processing /Users/ajlakorman/Desktop/Data-Mining-Projects/Apache_Airflow/venv/lib/python3.10/site-packages/airflow/example_dags/example_setup_teardown.py took 0.083 seconds
[2025-02-20T11:09:10.621+0100] {processor.py:186} INFO - Started process (PID=8286) to work on /Users/ajlakorman/Desktop/Data-Mining-Projects/Apache_Airflow/venv/lib/python3.10/site-packages/airflow/example_dags/example_setup_teardown.py
[2025-02-20T11:09:10.622+0100] {processor.py:914} INFO - Processing file /Users/ajlakorman/Desktop/Data-Mining-Projects/Apache_Airflow/venv/lib/python3.10/site-packages/airflow/example_dags/example_setup_teardown.py for tasks to queue
[2025-02-20T11:09:10.622+0100] {logging_mixin.py:190} INFO - [2025-02-20T11:09:10.622+0100] {dagbag.py:588} INFO - Filling up the DagBag from /Users/ajlakorman/Desktop/Data-Mining-Projects/Apache_Airflow/venv/lib/python3.10/site-packages/airflow/example_dags/example_setup_teardown.py
[2025-02-20T11:09:10.626+0100] {processor.py:925} INFO - DAG(s) 'example_setup_teardown' retrieved from /Users/ajlakorman/Desktop/Data-Mining-Projects/Apache_Airflow/venv/lib/python3.10/site-packages/airflow/example_dags/example_setup_teardown.py
[2025-02-20T11:09:10.690+0100] {logging_mixin.py:190} INFO - [2025-02-20T11:09:10.690+0100] {dag.py:3239} INFO - Sync 1 DAGs
[2025-02-20T11:09:10.694+0100] {logging_mixin.py:190} INFO - [2025-02-20T11:09:10.694+0100] {dag.py:4180} INFO - Setting next_dagrun for example_setup_teardown to None, run_after=None
[2025-02-20T11:09:10.701+0100] {processor.py:208} INFO - Processing /Users/ajlakorman/Desktop/Data-Mining-Projects/Apache_Airflow/venv/lib/python3.10/site-packages/airflow/example_dags/example_setup_teardown.py took 0.082 seconds
[2025-02-20T11:11:30.408+0100] {processor.py:186} INFO - Started process (PID=8558) to work on /Users/ajlakorman/Desktop/Data-Mining-Projects/Apache_Airflow/venv/lib/python3.10/site-packages/airflow/example_dags/example_setup_teardown.py
[2025-02-20T11:11:30.409+0100] {processor.py:914} INFO - Processing file /Users/ajlakorman/Desktop/Data-Mining-Projects/Apache_Airflow/venv/lib/python3.10/site-packages/airflow/example_dags/example_setup_teardown.py for tasks to queue
[2025-02-20T11:11:30.409+0100] {logging_mixin.py:190} INFO - [2025-02-20T11:11:30.409+0100] {dagbag.py:588} INFO - Filling up the DagBag from /Users/ajlakorman/Desktop/Data-Mining-Projects/Apache_Airflow/venv/lib/python3.10/site-packages/airflow/example_dags/example_setup_teardown.py
[2025-02-20T11:11:30.413+0100] {processor.py:925} INFO - DAG(s) 'example_setup_teardown' retrieved from /Users/ajlakorman/Desktop/Data-Mining-Projects/Apache_Airflow/venv/lib/python3.10/site-packages/airflow/example_dags/example_setup_teardown.py
[2025-02-20T11:11:30.477+0100] {logging_mixin.py:190} INFO - [2025-02-20T11:11:30.477+0100] {dag.py:3239} INFO - Sync 1 DAGs
[2025-02-20T11:11:30.481+0100] {logging_mixin.py:190} INFO - [2025-02-20T11:11:30.481+0100] {dag.py:4180} INFO - Setting next_dagrun for example_setup_teardown to None, run_after=None
[2025-02-20T11:11:30.488+0100] {processor.py:208} INFO - Processing /Users/ajlakorman/Desktop/Data-Mining-Projects/Apache_Airflow/venv/lib/python3.10/site-packages/airflow/example_dags/example_setup_teardown.py took 0.081 seconds
[2025-02-20T11:13:50.369+0100] {processor.py:186} INFO - Started process (PID=8797) to work on /Users/ajlakorman/Desktop/Data-Mining-Projects/Apache_Airflow/venv/lib/python3.10/site-packages/airflow/example_dags/example_setup_teardown.py
[2025-02-20T11:13:50.370+0100] {processor.py:914} INFO - Processing file /Users/ajlakorman/Desktop/Data-Mining-Projects/Apache_Airflow/venv/lib/python3.10/site-packages/airflow/example_dags/example_setup_teardown.py for tasks to queue
[2025-02-20T11:13:50.370+0100] {logging_mixin.py:190} INFO - [2025-02-20T11:13:50.370+0100] {dagbag.py:588} INFO - Filling up the DagBag from /Users/ajlakorman/Desktop/Data-Mining-Projects/Apache_Airflow/venv/lib/python3.10/site-packages/airflow/example_dags/example_setup_teardown.py
[2025-02-20T11:13:50.375+0100] {processor.py:925} INFO - DAG(s) 'example_setup_teardown' retrieved from /Users/ajlakorman/Desktop/Data-Mining-Projects/Apache_Airflow/venv/lib/python3.10/site-packages/airflow/example_dags/example_setup_teardown.py
[2025-02-20T11:13:50.444+0100] {logging_mixin.py:190} INFO - [2025-02-20T11:13:50.444+0100] {dag.py:3239} INFO - Sync 1 DAGs
[2025-02-20T11:13:50.448+0100] {logging_mixin.py:190} INFO - [2025-02-20T11:13:50.448+0100] {dag.py:4180} INFO - Setting next_dagrun for example_setup_teardown to None, run_after=None
[2025-02-20T11:13:50.455+0100] {processor.py:208} INFO - Processing /Users/ajlakorman/Desktop/Data-Mining-Projects/Apache_Airflow/venv/lib/python3.10/site-packages/airflow/example_dags/example_setup_teardown.py took 0.087 seconds
[2025-02-20T11:16:16.919+0100] {processor.py:186} INFO - Started process (PID=9025) to work on /Users/ajlakorman/Desktop/Data-Mining-Projects/Apache_Airflow/venv/lib/python3.10/site-packages/airflow/example_dags/example_setup_teardown.py
[2025-02-20T11:16:16.920+0100] {processor.py:914} INFO - Processing file /Users/ajlakorman/Desktop/Data-Mining-Projects/Apache_Airflow/venv/lib/python3.10/site-packages/airflow/example_dags/example_setup_teardown.py for tasks to queue
[2025-02-20T11:16:16.920+0100] {logging_mixin.py:190} INFO - [2025-02-20T11:16:16.920+0100] {dagbag.py:588} INFO - Filling up the DagBag from /Users/ajlakorman/Desktop/Data-Mining-Projects/Apache_Airflow/venv/lib/python3.10/site-packages/airflow/example_dags/example_setup_teardown.py
[2025-02-20T11:16:16.924+0100] {processor.py:925} INFO - DAG(s) 'example_setup_teardown' retrieved from /Users/ajlakorman/Desktop/Data-Mining-Projects/Apache_Airflow/venv/lib/python3.10/site-packages/airflow/example_dags/example_setup_teardown.py
[2025-02-20T11:16:16.989+0100] {logging_mixin.py:190} INFO - [2025-02-20T11:16:16.989+0100] {dag.py:3239} INFO - Sync 1 DAGs
[2025-02-20T11:16:16.997+0100] {logging_mixin.py:190} INFO - [2025-02-20T11:16:16.996+0100] {dag.py:4180} INFO - Setting next_dagrun for example_setup_teardown to None, run_after=None
[2025-02-20T11:16:17.004+0100] {processor.py:208} INFO - Processing /Users/ajlakorman/Desktop/Data-Mining-Projects/Apache_Airflow/venv/lib/python3.10/site-packages/airflow/example_dags/example_setup_teardown.py took 0.087 seconds
[2025-02-20T11:18:41.628+0100] {processor.py:186} INFO - Started process (PID=9431) to work on /Users/ajlakorman/Desktop/Data-Mining-Projects/Apache_Airflow/venv/lib/python3.10/site-packages/airflow/example_dags/example_setup_teardown.py
[2025-02-20T11:18:41.628+0100] {processor.py:914} INFO - Processing file /Users/ajlakorman/Desktop/Data-Mining-Projects/Apache_Airflow/venv/lib/python3.10/site-packages/airflow/example_dags/example_setup_teardown.py for tasks to queue
[2025-02-20T11:18:41.629+0100] {logging_mixin.py:190} INFO - [2025-02-20T11:18:41.629+0100] {dagbag.py:588} INFO - Filling up the DagBag from /Users/ajlakorman/Desktop/Data-Mining-Projects/Apache_Airflow/venv/lib/python3.10/site-packages/airflow/example_dags/example_setup_teardown.py
[2025-02-20T11:18:41.633+0100] {processor.py:925} INFO - DAG(s) 'example_setup_teardown' retrieved from /Users/ajlakorman/Desktop/Data-Mining-Projects/Apache_Airflow/venv/lib/python3.10/site-packages/airflow/example_dags/example_setup_teardown.py
[2025-02-20T11:18:41.697+0100] {logging_mixin.py:190} INFO - [2025-02-20T11:18:41.697+0100] {dag.py:3239} INFO - Sync 1 DAGs
[2025-02-20T11:18:41.701+0100] {logging_mixin.py:190} INFO - [2025-02-20T11:18:41.701+0100] {dag.py:4180} INFO - Setting next_dagrun for example_setup_teardown to None, run_after=None
[2025-02-20T11:18:41.707+0100] {processor.py:208} INFO - Processing /Users/ajlakorman/Desktop/Data-Mining-Projects/Apache_Airflow/venv/lib/python3.10/site-packages/airflow/example_dags/example_setup_teardown.py took 0.081 seconds
[2025-02-20T11:21:09.297+0100] {processor.py:186} INFO - Started process (PID=9744) to work on /Users/ajlakorman/Desktop/Data-Mining-Projects/Apache_Airflow/venv/lib/python3.10/site-packages/airflow/example_dags/example_setup_teardown.py
[2025-02-20T11:21:09.298+0100] {processor.py:914} INFO - Processing file /Users/ajlakorman/Desktop/Data-Mining-Projects/Apache_Airflow/venv/lib/python3.10/site-packages/airflow/example_dags/example_setup_teardown.py for tasks to queue
[2025-02-20T11:21:09.299+0100] {logging_mixin.py:190} INFO - [2025-02-20T11:21:09.299+0100] {dagbag.py:588} INFO - Filling up the DagBag from /Users/ajlakorman/Desktop/Data-Mining-Projects/Apache_Airflow/venv/lib/python3.10/site-packages/airflow/example_dags/example_setup_teardown.py
[2025-02-20T11:21:09.303+0100] {processor.py:925} INFO - DAG(s) 'example_setup_teardown' retrieved from /Users/ajlakorman/Desktop/Data-Mining-Projects/Apache_Airflow/venv/lib/python3.10/site-packages/airflow/example_dags/example_setup_teardown.py
[2025-02-20T11:21:09.368+0100] {logging_mixin.py:190} INFO - [2025-02-20T11:21:09.368+0100] {dag.py:3239} INFO - Sync 1 DAGs
[2025-02-20T11:21:09.372+0100] {logging_mixin.py:190} INFO - [2025-02-20T11:21:09.372+0100] {dag.py:4180} INFO - Setting next_dagrun for example_setup_teardown to None, run_after=None
[2025-02-20T11:21:09.378+0100] {processor.py:208} INFO - Processing /Users/ajlakorman/Desktop/Data-Mining-Projects/Apache_Airflow/venv/lib/python3.10/site-packages/airflow/example_dags/example_setup_teardown.py took 0.083 seconds
[2025-02-20T11:23:38.999+0100] {processor.py:186} INFO - Started process (PID=9987) to work on /Users/ajlakorman/Desktop/Data-Mining-Projects/Apache_Airflow/venv/lib/python3.10/site-packages/airflow/example_dags/example_setup_teardown.py
[2025-02-20T11:23:38.999+0100] {processor.py:914} INFO - Processing file /Users/ajlakorman/Desktop/Data-Mining-Projects/Apache_Airflow/venv/lib/python3.10/site-packages/airflow/example_dags/example_setup_teardown.py for tasks to queue
[2025-02-20T11:23:39.000+0100] {logging_mixin.py:190} INFO - [2025-02-20T11:23:39.000+0100] {dagbag.py:588} INFO - Filling up the DagBag from /Users/ajlakorman/Desktop/Data-Mining-Projects/Apache_Airflow/venv/lib/python3.10/site-packages/airflow/example_dags/example_setup_teardown.py
[2025-02-20T11:23:39.004+0100] {processor.py:925} INFO - DAG(s) 'example_setup_teardown' retrieved from /Users/ajlakorman/Desktop/Data-Mining-Projects/Apache_Airflow/venv/lib/python3.10/site-packages/airflow/example_dags/example_setup_teardown.py
[2025-02-20T11:23:39.068+0100] {logging_mixin.py:190} INFO - [2025-02-20T11:23:39.068+0100] {dag.py:3239} INFO - Sync 1 DAGs
[2025-02-20T11:23:39.072+0100] {logging_mixin.py:190} INFO - [2025-02-20T11:23:39.072+0100] {dag.py:4180} INFO - Setting next_dagrun for example_setup_teardown to None, run_after=None
[2025-02-20T11:23:39.079+0100] {processor.py:208} INFO - Processing /Users/ajlakorman/Desktop/Data-Mining-Projects/Apache_Airflow/venv/lib/python3.10/site-packages/airflow/example_dags/example_setup_teardown.py took 0.082 seconds
[2025-02-20T11:26:06.183+0100] {processor.py:186} INFO - Started process (PID=10275) to work on /Users/ajlakorman/Desktop/Data-Mining-Projects/Apache_Airflow/venv/lib/python3.10/site-packages/airflow/example_dags/example_setup_teardown.py
[2025-02-20T11:26:06.184+0100] {processor.py:914} INFO - Processing file /Users/ajlakorman/Desktop/Data-Mining-Projects/Apache_Airflow/venv/lib/python3.10/site-packages/airflow/example_dags/example_setup_teardown.py for tasks to queue
[2025-02-20T11:26:06.184+0100] {logging_mixin.py:190} INFO - [2025-02-20T11:26:06.184+0100] {dagbag.py:588} INFO - Filling up the DagBag from /Users/ajlakorman/Desktop/Data-Mining-Projects/Apache_Airflow/venv/lib/python3.10/site-packages/airflow/example_dags/example_setup_teardown.py
[2025-02-20T11:26:06.188+0100] {processor.py:925} INFO - DAG(s) 'example_setup_teardown' retrieved from /Users/ajlakorman/Desktop/Data-Mining-Projects/Apache_Airflow/venv/lib/python3.10/site-packages/airflow/example_dags/example_setup_teardown.py
[2025-02-20T11:26:06.253+0100] {logging_mixin.py:190} INFO - [2025-02-20T11:26:06.252+0100] {dag.py:3239} INFO - Sync 1 DAGs
[2025-02-20T11:26:06.257+0100] {logging_mixin.py:190} INFO - [2025-02-20T11:26:06.256+0100] {dag.py:4180} INFO - Setting next_dagrun for example_setup_teardown to None, run_after=None
[2025-02-20T11:26:06.263+0100] {processor.py:208} INFO - Processing /Users/ajlakorman/Desktop/Data-Mining-Projects/Apache_Airflow/venv/lib/python3.10/site-packages/airflow/example_dags/example_setup_teardown.py took 0.082 seconds
[2025-02-20T11:28:35.506+0100] {processor.py:186} INFO - Started process (PID=10601) to work on /Users/ajlakorman/Desktop/Data-Mining-Projects/Apache_Airflow/venv/lib/python3.10/site-packages/airflow/example_dags/example_setup_teardown.py
[2025-02-20T11:28:35.507+0100] {processor.py:914} INFO - Processing file /Users/ajlakorman/Desktop/Data-Mining-Projects/Apache_Airflow/venv/lib/python3.10/site-packages/airflow/example_dags/example_setup_teardown.py for tasks to queue
[2025-02-20T11:28:35.508+0100] {logging_mixin.py:190} INFO - [2025-02-20T11:28:35.507+0100] {dagbag.py:588} INFO - Filling up the DagBag from /Users/ajlakorman/Desktop/Data-Mining-Projects/Apache_Airflow/venv/lib/python3.10/site-packages/airflow/example_dags/example_setup_teardown.py
[2025-02-20T11:28:35.512+0100] {processor.py:925} INFO - DAG(s) 'example_setup_teardown' retrieved from /Users/ajlakorman/Desktop/Data-Mining-Projects/Apache_Airflow/venv/lib/python3.10/site-packages/airflow/example_dags/example_setup_teardown.py
[2025-02-20T11:28:35.580+0100] {logging_mixin.py:190} INFO - [2025-02-20T11:28:35.580+0100] {dag.py:3239} INFO - Sync 1 DAGs
[2025-02-20T11:28:35.584+0100] {logging_mixin.py:190} INFO - [2025-02-20T11:28:35.584+0100] {dag.py:4180} INFO - Setting next_dagrun for example_setup_teardown to None, run_after=None
[2025-02-20T11:28:35.590+0100] {processor.py:208} INFO - Processing /Users/ajlakorman/Desktop/Data-Mining-Projects/Apache_Airflow/venv/lib/python3.10/site-packages/airflow/example_dags/example_setup_teardown.py took 0.086 seconds
[2025-02-20T11:31:05.990+0100] {processor.py:186} INFO - Started process (PID=10921) to work on /Users/ajlakorman/Desktop/Data-Mining-Projects/Apache_Airflow/venv/lib/python3.10/site-packages/airflow/example_dags/example_setup_teardown.py
[2025-02-20T11:31:05.990+0100] {processor.py:914} INFO - Processing file /Users/ajlakorman/Desktop/Data-Mining-Projects/Apache_Airflow/venv/lib/python3.10/site-packages/airflow/example_dags/example_setup_teardown.py for tasks to queue
[2025-02-20T11:31:05.991+0100] {logging_mixin.py:190} INFO - [2025-02-20T11:31:05.991+0100] {dagbag.py:588} INFO - Filling up the DagBag from /Users/ajlakorman/Desktop/Data-Mining-Projects/Apache_Airflow/venv/lib/python3.10/site-packages/airflow/example_dags/example_setup_teardown.py
[2025-02-20T11:31:05.995+0100] {processor.py:925} INFO - DAG(s) 'example_setup_teardown' retrieved from /Users/ajlakorman/Desktop/Data-Mining-Projects/Apache_Airflow/venv/lib/python3.10/site-packages/airflow/example_dags/example_setup_teardown.py
[2025-02-20T11:31:06.060+0100] {logging_mixin.py:190} INFO - [2025-02-20T11:31:06.060+0100] {dag.py:3239} INFO - Sync 1 DAGs
[2025-02-20T11:31:06.064+0100] {logging_mixin.py:190} INFO - [2025-02-20T11:31:06.063+0100] {dag.py:4180} INFO - Setting next_dagrun for example_setup_teardown to None, run_after=None
[2025-02-20T11:31:06.070+0100] {processor.py:208} INFO - Processing /Users/ajlakorman/Desktop/Data-Mining-Projects/Apache_Airflow/venv/lib/python3.10/site-packages/airflow/example_dags/example_setup_teardown.py took 0.082 seconds
[2025-02-20T11:33:31.448+0100] {processor.py:186} INFO - Started process (PID=11143) to work on /Users/ajlakorman/Desktop/Data-Mining-Projects/Apache_Airflow/venv/lib/python3.10/site-packages/airflow/example_dags/example_setup_teardown.py
[2025-02-20T11:33:31.448+0100] {processor.py:914} INFO - Processing file /Users/ajlakorman/Desktop/Data-Mining-Projects/Apache_Airflow/venv/lib/python3.10/site-packages/airflow/example_dags/example_setup_teardown.py for tasks to queue
[2025-02-20T11:33:31.449+0100] {logging_mixin.py:190} INFO - [2025-02-20T11:33:31.449+0100] {dagbag.py:588} INFO - Filling up the DagBag from /Users/ajlakorman/Desktop/Data-Mining-Projects/Apache_Airflow/venv/lib/python3.10/site-packages/airflow/example_dags/example_setup_teardown.py
[2025-02-20T11:33:31.453+0100] {processor.py:925} INFO - DAG(s) 'example_setup_teardown' retrieved from /Users/ajlakorman/Desktop/Data-Mining-Projects/Apache_Airflow/venv/lib/python3.10/site-packages/airflow/example_dags/example_setup_teardown.py
[2025-02-20T11:33:31.521+0100] {logging_mixin.py:190} INFO - [2025-02-20T11:33:31.521+0100] {dag.py:3239} INFO - Sync 1 DAGs
[2025-02-20T11:33:31.525+0100] {logging_mixin.py:190} INFO - [2025-02-20T11:33:31.525+0100] {dag.py:4180} INFO - Setting next_dagrun for example_setup_teardown to None, run_after=None
[2025-02-20T11:33:31.531+0100] {processor.py:208} INFO - Processing /Users/ajlakorman/Desktop/Data-Mining-Projects/Apache_Airflow/venv/lib/python3.10/site-packages/airflow/example_dags/example_setup_teardown.py took 0.086 seconds
[2025-02-20T11:35:58.778+0100] {processor.py:186} INFO - Started process (PID=11385) to work on /Users/ajlakorman/Desktop/Data-Mining-Projects/Apache_Airflow/venv/lib/python3.10/site-packages/airflow/example_dags/example_setup_teardown.py
[2025-02-20T11:35:58.780+0100] {processor.py:914} INFO - Processing file /Users/ajlakorman/Desktop/Data-Mining-Projects/Apache_Airflow/venv/lib/python3.10/site-packages/airflow/example_dags/example_setup_teardown.py for tasks to queue
[2025-02-20T11:35:58.780+0100] {logging_mixin.py:190} INFO - [2025-02-20T11:35:58.780+0100] {dagbag.py:588} INFO - Filling up the DagBag from /Users/ajlakorman/Desktop/Data-Mining-Projects/Apache_Airflow/venv/lib/python3.10/site-packages/airflow/example_dags/example_setup_teardown.py
[2025-02-20T11:35:58.784+0100] {processor.py:925} INFO - DAG(s) 'example_setup_teardown' retrieved from /Users/ajlakorman/Desktop/Data-Mining-Projects/Apache_Airflow/venv/lib/python3.10/site-packages/airflow/example_dags/example_setup_teardown.py
[2025-02-20T11:35:58.857+0100] {logging_mixin.py:190} INFO - [2025-02-20T11:35:58.857+0100] {dag.py:3239} INFO - Sync 1 DAGs
[2025-02-20T11:35:58.861+0100] {logging_mixin.py:190} INFO - [2025-02-20T11:35:58.861+0100] {dag.py:4180} INFO - Setting next_dagrun for example_setup_teardown to None, run_after=None
[2025-02-20T11:35:58.868+0100] {processor.py:208} INFO - Processing /Users/ajlakorman/Desktop/Data-Mining-Projects/Apache_Airflow/venv/lib/python3.10/site-packages/airflow/example_dags/example_setup_teardown.py took 0.091 seconds
[2025-02-20T11:38:33.057+0100] {processor.py:186} INFO - Started process (PID=11672) to work on /Users/ajlakorman/Desktop/Data-Mining-Projects/Apache_Airflow/venv/lib/python3.10/site-packages/airflow/example_dags/example_setup_teardown.py
[2025-02-20T11:38:33.059+0100] {processor.py:914} INFO - Processing file /Users/ajlakorman/Desktop/Data-Mining-Projects/Apache_Airflow/venv/lib/python3.10/site-packages/airflow/example_dags/example_setup_teardown.py for tasks to queue
[2025-02-20T11:38:33.059+0100] {logging_mixin.py:190} INFO - [2025-02-20T11:38:33.059+0100] {dagbag.py:588} INFO - Filling up the DagBag from /Users/ajlakorman/Desktop/Data-Mining-Projects/Apache_Airflow/venv/lib/python3.10/site-packages/airflow/example_dags/example_setup_teardown.py
[2025-02-20T11:38:33.064+0100] {processor.py:925} INFO - DAG(s) 'example_setup_teardown' retrieved from /Users/ajlakorman/Desktop/Data-Mining-Projects/Apache_Airflow/venv/lib/python3.10/site-packages/airflow/example_dags/example_setup_teardown.py
[2025-02-20T11:38:33.140+0100] {logging_mixin.py:190} INFO - [2025-02-20T11:38:33.140+0100] {dag.py:3239} INFO - Sync 1 DAGs
[2025-02-20T11:38:33.144+0100] {logging_mixin.py:190} INFO - [2025-02-20T11:38:33.144+0100] {dag.py:4180} INFO - Setting next_dagrun for example_setup_teardown to None, run_after=None
[2025-02-20T11:38:33.152+0100] {processor.py:208} INFO - Processing /Users/ajlakorman/Desktop/Data-Mining-Projects/Apache_Airflow/venv/lib/python3.10/site-packages/airflow/example_dags/example_setup_teardown.py took 0.097 seconds
[2025-02-20T11:40:54.744+0100] {processor.py:186} INFO - Started process (PID=11869) to work on /Users/ajlakorman/Desktop/Data-Mining-Projects/Apache_Airflow/venv/lib/python3.10/site-packages/airflow/example_dags/example_setup_teardown.py
[2025-02-20T11:40:54.745+0100] {processor.py:914} INFO - Processing file /Users/ajlakorman/Desktop/Data-Mining-Projects/Apache_Airflow/venv/lib/python3.10/site-packages/airflow/example_dags/example_setup_teardown.py for tasks to queue
[2025-02-20T11:40:54.745+0100] {logging_mixin.py:190} INFO - [2025-02-20T11:40:54.745+0100] {dagbag.py:588} INFO - Filling up the DagBag from /Users/ajlakorman/Desktop/Data-Mining-Projects/Apache_Airflow/venv/lib/python3.10/site-packages/airflow/example_dags/example_setup_teardown.py
[2025-02-20T11:40:54.749+0100] {processor.py:925} INFO - DAG(s) 'example_setup_teardown' retrieved from /Users/ajlakorman/Desktop/Data-Mining-Projects/Apache_Airflow/venv/lib/python3.10/site-packages/airflow/example_dags/example_setup_teardown.py
[2025-02-20T11:40:54.813+0100] {logging_mixin.py:190} INFO - [2025-02-20T11:40:54.813+0100] {dag.py:3239} INFO - Sync 1 DAGs
[2025-02-20T11:40:54.817+0100] {logging_mixin.py:190} INFO - [2025-02-20T11:40:54.817+0100] {dag.py:4180} INFO - Setting next_dagrun for example_setup_teardown to None, run_after=None
[2025-02-20T11:40:54.823+0100] {processor.py:208} INFO - Processing /Users/ajlakorman/Desktop/Data-Mining-Projects/Apache_Airflow/venv/lib/python3.10/site-packages/airflow/example_dags/example_setup_teardown.py took 0.081 seconds
[2025-02-20T12:19:11.100+0100] {processor.py:186} INFO - Started process (PID=12028) to work on /Users/ajlakorman/Desktop/Data-Mining-Projects/Apache_Airflow/venv/lib/python3.10/site-packages/airflow/example_dags/example_setup_teardown.py
[2025-02-20T12:19:11.101+0100] {processor.py:914} INFO - Processing file /Users/ajlakorman/Desktop/Data-Mining-Projects/Apache_Airflow/venv/lib/python3.10/site-packages/airflow/example_dags/example_setup_teardown.py for tasks to queue
[2025-02-20T12:19:11.101+0100] {logging_mixin.py:190} INFO - [2025-02-20T12:19:11.101+0100] {dagbag.py:588} INFO - Filling up the DagBag from /Users/ajlakorman/Desktop/Data-Mining-Projects/Apache_Airflow/venv/lib/python3.10/site-packages/airflow/example_dags/example_setup_teardown.py
[2025-02-20T12:19:11.109+0100] {processor.py:925} INFO - DAG(s) 'example_setup_teardown' retrieved from /Users/ajlakorman/Desktop/Data-Mining-Projects/Apache_Airflow/venv/lib/python3.10/site-packages/airflow/example_dags/example_setup_teardown.py
[2025-02-20T12:19:11.300+0100] {logging_mixin.py:190} INFO - [2025-02-20T12:19:11.299+0100] {dag.py:3239} INFO - Sync 1 DAGs
[2025-02-20T12:19:11.305+0100] {logging_mixin.py:190} INFO - [2025-02-20T12:19:11.305+0100] {dag.py:4180} INFO - Setting next_dagrun for example_setup_teardown to None, run_after=None
[2025-02-20T12:19:11.312+0100] {processor.py:208} INFO - Processing /Users/ajlakorman/Desktop/Data-Mining-Projects/Apache_Airflow/venv/lib/python3.10/site-packages/airflow/example_dags/example_setup_teardown.py took 0.214 seconds
[2025-02-20T12:20:53.337+0100] {processor.py:186} INFO - Started process (PID=12160) to work on /Users/ajlakorman/Desktop/Data-Mining-Projects/Apache_Airflow/venv/lib/python3.10/site-packages/airflow/example_dags/example_setup_teardown.py
[2025-02-20T12:20:53.338+0100] {processor.py:914} INFO - Processing file /Users/ajlakorman/Desktop/Data-Mining-Projects/Apache_Airflow/venv/lib/python3.10/site-packages/airflow/example_dags/example_setup_teardown.py for tasks to queue
[2025-02-20T12:20:53.339+0100] {logging_mixin.py:190} INFO - [2025-02-20T12:20:53.339+0100] {dagbag.py:588} INFO - Filling up the DagBag from /Users/ajlakorman/Desktop/Data-Mining-Projects/Apache_Airflow/venv/lib/python3.10/site-packages/airflow/example_dags/example_setup_teardown.py
[2025-02-20T12:20:53.343+0100] {processor.py:925} INFO - DAG(s) 'example_setup_teardown' retrieved from /Users/ajlakorman/Desktop/Data-Mining-Projects/Apache_Airflow/venv/lib/python3.10/site-packages/airflow/example_dags/example_setup_teardown.py
[2025-02-20T12:20:53.407+0100] {logging_mixin.py:190} INFO - [2025-02-20T12:20:53.407+0100] {dag.py:3239} INFO - Sync 1 DAGs
[2025-02-20T12:20:53.411+0100] {logging_mixin.py:190} INFO - [2025-02-20T12:20:53.411+0100] {dag.py:4180} INFO - Setting next_dagrun for example_setup_teardown to None, run_after=None
[2025-02-20T12:20:53.418+0100] {processor.py:208} INFO - Processing /Users/ajlakorman/Desktop/Data-Mining-Projects/Apache_Airflow/venv/lib/python3.10/site-packages/airflow/example_dags/example_setup_teardown.py took 0.083 seconds
[2025-02-20T12:22:13.667+0100] {processor.py:186} INFO - Started process (PID=12278) to work on /Users/ajlakorman/Desktop/Data-Mining-Projects/Apache_Airflow/venv/lib/python3.10/site-packages/airflow/example_dags/example_setup_teardown.py
[2025-02-20T12:22:13.670+0100] {processor.py:914} INFO - Processing file /Users/ajlakorman/Desktop/Data-Mining-Projects/Apache_Airflow/venv/lib/python3.10/site-packages/airflow/example_dags/example_setup_teardown.py for tasks to queue
[2025-02-20T12:22:13.670+0100] {logging_mixin.py:190} INFO - [2025-02-20T12:22:13.670+0100] {dagbag.py:588} INFO - Filling up the DagBag from /Users/ajlakorman/Desktop/Data-Mining-Projects/Apache_Airflow/venv/lib/python3.10/site-packages/airflow/example_dags/example_setup_teardown.py
[2025-02-20T12:22:13.675+0100] {processor.py:925} INFO - DAG(s) 'example_setup_teardown' retrieved from /Users/ajlakorman/Desktop/Data-Mining-Projects/Apache_Airflow/venv/lib/python3.10/site-packages/airflow/example_dags/example_setup_teardown.py
[2025-02-20T12:22:13.741+0100] {logging_mixin.py:190} INFO - [2025-02-20T12:22:13.741+0100] {dag.py:3239} INFO - Sync 1 DAGs
[2025-02-20T12:22:13.745+0100] {logging_mixin.py:190} INFO - [2025-02-20T12:22:13.745+0100] {dag.py:4180} INFO - Setting next_dagrun for example_setup_teardown to None, run_after=None
[2025-02-20T12:22:13.753+0100] {processor.py:208} INFO - Processing /Users/ajlakorman/Desktop/Data-Mining-Projects/Apache_Airflow/venv/lib/python3.10/site-packages/airflow/example_dags/example_setup_teardown.py took 0.089 seconds
[2025-02-20T12:24:47.790+0100] {processor.py:186} INFO - Started process (PID=12570) to work on /Users/ajlakorman/Desktop/Data-Mining-Projects/Apache_Airflow/venv/lib/python3.10/site-packages/airflow/example_dags/example_setup_teardown.py
[2025-02-20T12:24:47.791+0100] {processor.py:914} INFO - Processing file /Users/ajlakorman/Desktop/Data-Mining-Projects/Apache_Airflow/venv/lib/python3.10/site-packages/airflow/example_dags/example_setup_teardown.py for tasks to queue
[2025-02-20T12:24:47.791+0100] {logging_mixin.py:190} INFO - [2025-02-20T12:24:47.791+0100] {dagbag.py:588} INFO - Filling up the DagBag from /Users/ajlakorman/Desktop/Data-Mining-Projects/Apache_Airflow/venv/lib/python3.10/site-packages/airflow/example_dags/example_setup_teardown.py
[2025-02-20T12:24:47.795+0100] {processor.py:925} INFO - DAG(s) 'example_setup_teardown' retrieved from /Users/ajlakorman/Desktop/Data-Mining-Projects/Apache_Airflow/venv/lib/python3.10/site-packages/airflow/example_dags/example_setup_teardown.py
[2025-02-20T12:24:47.861+0100] {logging_mixin.py:190} INFO - [2025-02-20T12:24:47.860+0100] {dag.py:3239} INFO - Sync 1 DAGs
[2025-02-20T12:24:47.864+0100] {logging_mixin.py:190} INFO - [2025-02-20T12:24:47.864+0100] {dag.py:4180} INFO - Setting next_dagrun for example_setup_teardown to None, run_after=None
[2025-02-20T12:24:47.871+0100] {processor.py:208} INFO - Processing /Users/ajlakorman/Desktop/Data-Mining-Projects/Apache_Airflow/venv/lib/python3.10/site-packages/airflow/example_dags/example_setup_teardown.py took 0.083 seconds
[2025-02-20T12:27:13.531+0100] {processor.py:186} INFO - Started process (PID=12889) to work on /Users/ajlakorman/Desktop/Data-Mining-Projects/Apache_Airflow/venv/lib/python3.10/site-packages/airflow/example_dags/example_setup_teardown.py
[2025-02-20T12:27:13.532+0100] {processor.py:914} INFO - Processing file /Users/ajlakorman/Desktop/Data-Mining-Projects/Apache_Airflow/venv/lib/python3.10/site-packages/airflow/example_dags/example_setup_teardown.py for tasks to queue
[2025-02-20T12:27:13.532+0100] {logging_mixin.py:190} INFO - [2025-02-20T12:27:13.532+0100] {dagbag.py:588} INFO - Filling up the DagBag from /Users/ajlakorman/Desktop/Data-Mining-Projects/Apache_Airflow/venv/lib/python3.10/site-packages/airflow/example_dags/example_setup_teardown.py
[2025-02-20T12:27:13.537+0100] {processor.py:925} INFO - DAG(s) 'example_setup_teardown' retrieved from /Users/ajlakorman/Desktop/Data-Mining-Projects/Apache_Airflow/venv/lib/python3.10/site-packages/airflow/example_dags/example_setup_teardown.py
[2025-02-20T12:27:13.606+0100] {logging_mixin.py:190} INFO - [2025-02-20T12:27:13.606+0100] {dag.py:3239} INFO - Sync 1 DAGs
[2025-02-20T12:27:13.610+0100] {logging_mixin.py:190} INFO - [2025-02-20T12:27:13.610+0100] {dag.py:4180} INFO - Setting next_dagrun for example_setup_teardown to None, run_after=None
[2025-02-20T12:27:13.616+0100] {processor.py:208} INFO - Processing /Users/ajlakorman/Desktop/Data-Mining-Projects/Apache_Airflow/venv/lib/python3.10/site-packages/airflow/example_dags/example_setup_teardown.py took 0.095 seconds
[2025-02-20T12:29:42.099+0100] {processor.py:186} INFO - Started process (PID=13156) to work on /Users/ajlakorman/Desktop/Data-Mining-Projects/Apache_Airflow/venv/lib/python3.10/site-packages/airflow/example_dags/example_setup_teardown.py
[2025-02-20T12:29:42.104+0100] {processor.py:914} INFO - Processing file /Users/ajlakorman/Desktop/Data-Mining-Projects/Apache_Airflow/venv/lib/python3.10/site-packages/airflow/example_dags/example_setup_teardown.py for tasks to queue
[2025-02-20T12:29:42.105+0100] {logging_mixin.py:190} INFO - [2025-02-20T12:29:42.104+0100] {dagbag.py:588} INFO - Filling up the DagBag from /Users/ajlakorman/Desktop/Data-Mining-Projects/Apache_Airflow/venv/lib/python3.10/site-packages/airflow/example_dags/example_setup_teardown.py
[2025-02-20T12:29:42.109+0100] {processor.py:925} INFO - DAG(s) 'example_setup_teardown' retrieved from /Users/ajlakorman/Desktop/Data-Mining-Projects/Apache_Airflow/venv/lib/python3.10/site-packages/airflow/example_dags/example_setup_teardown.py
[2025-02-20T12:29:42.177+0100] {logging_mixin.py:190} INFO - [2025-02-20T12:29:42.177+0100] {dag.py:3239} INFO - Sync 1 DAGs
[2025-02-20T12:29:42.181+0100] {logging_mixin.py:190} INFO - [2025-02-20T12:29:42.181+0100] {dag.py:4180} INFO - Setting next_dagrun for example_setup_teardown to None, run_after=None
[2025-02-20T12:29:42.188+0100] {processor.py:208} INFO - Processing /Users/ajlakorman/Desktop/Data-Mining-Projects/Apache_Airflow/venv/lib/python3.10/site-packages/airflow/example_dags/example_setup_teardown.py took 0.091 seconds
[2025-02-20T12:32:14.746+0100] {processor.py:186} INFO - Started process (PID=13512) to work on /Users/ajlakorman/Desktop/Data-Mining-Projects/Apache_Airflow/venv/lib/python3.10/site-packages/airflow/example_dags/example_setup_teardown.py
[2025-02-20T12:32:14.747+0100] {processor.py:914} INFO - Processing file /Users/ajlakorman/Desktop/Data-Mining-Projects/Apache_Airflow/venv/lib/python3.10/site-packages/airflow/example_dags/example_setup_teardown.py for tasks to queue
[2025-02-20T12:32:14.747+0100] {logging_mixin.py:190} INFO - [2025-02-20T12:32:14.747+0100] {dagbag.py:588} INFO - Filling up the DagBag from /Users/ajlakorman/Desktop/Data-Mining-Projects/Apache_Airflow/venv/lib/python3.10/site-packages/airflow/example_dags/example_setup_teardown.py
[2025-02-20T12:32:14.751+0100] {processor.py:925} INFO - DAG(s) 'example_setup_teardown' retrieved from /Users/ajlakorman/Desktop/Data-Mining-Projects/Apache_Airflow/venv/lib/python3.10/site-packages/airflow/example_dags/example_setup_teardown.py
[2025-02-20T12:32:14.826+0100] {logging_mixin.py:190} INFO - [2025-02-20T12:32:14.826+0100] {dag.py:3239} INFO - Sync 1 DAGs
[2025-02-20T12:32:14.830+0100] {logging_mixin.py:190} INFO - [2025-02-20T12:32:14.830+0100] {dag.py:4180} INFO - Setting next_dagrun for example_setup_teardown to None, run_after=None
[2025-02-20T12:32:14.838+0100] {processor.py:208} INFO - Processing /Users/ajlakorman/Desktop/Data-Mining-Projects/Apache_Airflow/venv/lib/python3.10/site-packages/airflow/example_dags/example_setup_teardown.py took 0.094 seconds
[2025-02-20T12:34:42.359+0100] {processor.py:186} INFO - Started process (PID=13810) to work on /Users/ajlakorman/Desktop/Data-Mining-Projects/Apache_Airflow/venv/lib/python3.10/site-packages/airflow/example_dags/example_setup_teardown.py
[2025-02-20T12:34:42.360+0100] {processor.py:914} INFO - Processing file /Users/ajlakorman/Desktop/Data-Mining-Projects/Apache_Airflow/venv/lib/python3.10/site-packages/airflow/example_dags/example_setup_teardown.py for tasks to queue
[2025-02-20T12:34:42.361+0100] {logging_mixin.py:190} INFO - [2025-02-20T12:34:42.360+0100] {dagbag.py:588} INFO - Filling up the DagBag from /Users/ajlakorman/Desktop/Data-Mining-Projects/Apache_Airflow/venv/lib/python3.10/site-packages/airflow/example_dags/example_setup_teardown.py
[2025-02-20T12:34:42.364+0100] {processor.py:925} INFO - DAG(s) 'example_setup_teardown' retrieved from /Users/ajlakorman/Desktop/Data-Mining-Projects/Apache_Airflow/venv/lib/python3.10/site-packages/airflow/example_dags/example_setup_teardown.py
[2025-02-20T12:34:42.433+0100] {logging_mixin.py:190} INFO - [2025-02-20T12:34:42.433+0100] {dag.py:3239} INFO - Sync 1 DAGs
[2025-02-20T12:34:42.437+0100] {logging_mixin.py:190} INFO - [2025-02-20T12:34:42.436+0100] {dag.py:4180} INFO - Setting next_dagrun for example_setup_teardown to None, run_after=None
[2025-02-20T12:34:42.443+0100] {processor.py:208} INFO - Processing /Users/ajlakorman/Desktop/Data-Mining-Projects/Apache_Airflow/venv/lib/python3.10/site-packages/airflow/example_dags/example_setup_teardown.py took 0.085 seconds
[2025-02-20T12:36:06.202+0100] {processor.py:186} INFO - Started process (PID=14031) to work on /Users/ajlakorman/Desktop/Data-Mining-Projects/Apache_Airflow/venv/lib/python3.10/site-packages/airflow/example_dags/example_setup_teardown.py
[2025-02-20T12:36:06.203+0100] {processor.py:914} INFO - Processing file /Users/ajlakorman/Desktop/Data-Mining-Projects/Apache_Airflow/venv/lib/python3.10/site-packages/airflow/example_dags/example_setup_teardown.py for tasks to queue
[2025-02-20T12:36:06.204+0100] {logging_mixin.py:190} INFO - [2025-02-20T12:36:06.204+0100] {dagbag.py:588} INFO - Filling up the DagBag from /Users/ajlakorman/Desktop/Data-Mining-Projects/Apache_Airflow/venv/lib/python3.10/site-packages/airflow/example_dags/example_setup_teardown.py
[2025-02-20T12:36:06.208+0100] {processor.py:925} INFO - DAG(s) 'example_setup_teardown' retrieved from /Users/ajlakorman/Desktop/Data-Mining-Projects/Apache_Airflow/venv/lib/python3.10/site-packages/airflow/example_dags/example_setup_teardown.py
[2025-02-20T12:36:06.284+0100] {logging_mixin.py:190} INFO - [2025-02-20T12:36:06.284+0100] {dag.py:3239} INFO - Sync 1 DAGs
[2025-02-20T12:36:06.288+0100] {logging_mixin.py:190} INFO - [2025-02-20T12:36:06.288+0100] {dag.py:4180} INFO - Setting next_dagrun for example_setup_teardown to None, run_after=None
[2025-02-20T12:36:06.295+0100] {processor.py:208} INFO - Processing /Users/ajlakorman/Desktop/Data-Mining-Projects/Apache_Airflow/venv/lib/python3.10/site-packages/airflow/example_dags/example_setup_teardown.py took 0.095 seconds
[2025-02-20T12:38:36.900+0100] {processor.py:186} INFO - Started process (PID=14396) to work on /Users/ajlakorman/Desktop/Data-Mining-Projects/Apache_Airflow/venv/lib/python3.10/site-packages/airflow/example_dags/example_setup_teardown.py
[2025-02-20T12:38:36.901+0100] {processor.py:914} INFO - Processing file /Users/ajlakorman/Desktop/Data-Mining-Projects/Apache_Airflow/venv/lib/python3.10/site-packages/airflow/example_dags/example_setup_teardown.py for tasks to queue
[2025-02-20T12:38:36.902+0100] {logging_mixin.py:190} INFO - [2025-02-20T12:38:36.902+0100] {dagbag.py:588} INFO - Filling up the DagBag from /Users/ajlakorman/Desktop/Data-Mining-Projects/Apache_Airflow/venv/lib/python3.10/site-packages/airflow/example_dags/example_setup_teardown.py
[2025-02-20T12:38:36.906+0100] {processor.py:925} INFO - DAG(s) 'example_setup_teardown' retrieved from /Users/ajlakorman/Desktop/Data-Mining-Projects/Apache_Airflow/venv/lib/python3.10/site-packages/airflow/example_dags/example_setup_teardown.py
[2025-02-20T12:38:36.969+0100] {logging_mixin.py:190} INFO - [2025-02-20T12:38:36.969+0100] {dag.py:3239} INFO - Sync 1 DAGs
[2025-02-20T12:38:36.973+0100] {logging_mixin.py:190} INFO - [2025-02-20T12:38:36.973+0100] {dag.py:4180} INFO - Setting next_dagrun for example_setup_teardown to None, run_after=None
[2025-02-20T12:38:36.980+0100] {processor.py:208} INFO - Processing /Users/ajlakorman/Desktop/Data-Mining-Projects/Apache_Airflow/venv/lib/python3.10/site-packages/airflow/example_dags/example_setup_teardown.py took 0.081 seconds
[2025-02-20T12:56:41.796+0100] {processor.py:186} INFO - Started process (PID=14805) to work on /Users/ajlakorman/Desktop/Data-Mining-Projects/Apache_Airflow/venv/lib/python3.10/site-packages/airflow/example_dags/example_setup_teardown.py
[2025-02-20T12:56:41.797+0100] {processor.py:914} INFO - Processing file /Users/ajlakorman/Desktop/Data-Mining-Projects/Apache_Airflow/venv/lib/python3.10/site-packages/airflow/example_dags/example_setup_teardown.py for tasks to queue
[2025-02-20T12:56:41.798+0100] {logging_mixin.py:190} INFO - [2025-02-20T12:56:41.798+0100] {dagbag.py:588} INFO - Filling up the DagBag from /Users/ajlakorman/Desktop/Data-Mining-Projects/Apache_Airflow/venv/lib/python3.10/site-packages/airflow/example_dags/example_setup_teardown.py
[2025-02-20T12:56:41.808+0100] {processor.py:925} INFO - DAG(s) 'example_setup_teardown' retrieved from /Users/ajlakorman/Desktop/Data-Mining-Projects/Apache_Airflow/venv/lib/python3.10/site-packages/airflow/example_dags/example_setup_teardown.py
[2025-02-20T12:56:41.930+0100] {logging_mixin.py:190} INFO - [2025-02-20T12:56:41.930+0100] {dag.py:3239} INFO - Sync 1 DAGs
[2025-02-20T12:56:41.938+0100] {logging_mixin.py:190} INFO - [2025-02-20T12:56:41.938+0100] {dag.py:4180} INFO - Setting next_dagrun for example_setup_teardown to None, run_after=None
[2025-02-20T12:56:41.947+0100] {processor.py:208} INFO - Processing /Users/ajlakorman/Desktop/Data-Mining-Projects/Apache_Airflow/venv/lib/python3.10/site-packages/airflow/example_dags/example_setup_teardown.py took 0.154 seconds
[2025-02-20T12:58:14.601+0100] {processor.py:186} INFO - Started process (PID=14956) to work on /Users/ajlakorman/Desktop/Data-Mining-Projects/Apache_Airflow/venv/lib/python3.10/site-packages/airflow/example_dags/example_setup_teardown.py
[2025-02-20T12:58:14.601+0100] {processor.py:914} INFO - Processing file /Users/ajlakorman/Desktop/Data-Mining-Projects/Apache_Airflow/venv/lib/python3.10/site-packages/airflow/example_dags/example_setup_teardown.py for tasks to queue
[2025-02-20T12:58:14.602+0100] {logging_mixin.py:190} INFO - [2025-02-20T12:58:14.602+0100] {dagbag.py:588} INFO - Filling up the DagBag from /Users/ajlakorman/Desktop/Data-Mining-Projects/Apache_Airflow/venv/lib/python3.10/site-packages/airflow/example_dags/example_setup_teardown.py
[2025-02-20T12:58:14.605+0100] {processor.py:925} INFO - DAG(s) 'example_setup_teardown' retrieved from /Users/ajlakorman/Desktop/Data-Mining-Projects/Apache_Airflow/venv/lib/python3.10/site-packages/airflow/example_dags/example_setup_teardown.py
[2025-02-20T12:58:14.677+0100] {logging_mixin.py:190} INFO - [2025-02-20T12:58:14.676+0100] {dag.py:3239} INFO - Sync 1 DAGs
[2025-02-20T12:58:14.681+0100] {logging_mixin.py:190} INFO - [2025-02-20T12:58:14.681+0100] {dag.py:4180} INFO - Setting next_dagrun for example_setup_teardown to None, run_after=None
[2025-02-20T12:58:14.689+0100] {processor.py:208} INFO - Processing /Users/ajlakorman/Desktop/Data-Mining-Projects/Apache_Airflow/venv/lib/python3.10/site-packages/airflow/example_dags/example_setup_teardown.py took 0.089 seconds
[2025-02-20T12:59:40.420+0100] {processor.py:186} INFO - Started process (PID=15078) to work on /Users/ajlakorman/Desktop/Data-Mining-Projects/Apache_Airflow/venv/lib/python3.10/site-packages/airflow/example_dags/example_setup_teardown.py
[2025-02-20T12:59:40.421+0100] {processor.py:914} INFO - Processing file /Users/ajlakorman/Desktop/Data-Mining-Projects/Apache_Airflow/venv/lib/python3.10/site-packages/airflow/example_dags/example_setup_teardown.py for tasks to queue
[2025-02-20T12:59:40.421+0100] {logging_mixin.py:190} INFO - [2025-02-20T12:59:40.421+0100] {dagbag.py:588} INFO - Filling up the DagBag from /Users/ajlakorman/Desktop/Data-Mining-Projects/Apache_Airflow/venv/lib/python3.10/site-packages/airflow/example_dags/example_setup_teardown.py
[2025-02-20T12:59:40.426+0100] {processor.py:925} INFO - DAG(s) 'example_setup_teardown' retrieved from /Users/ajlakorman/Desktop/Data-Mining-Projects/Apache_Airflow/venv/lib/python3.10/site-packages/airflow/example_dags/example_setup_teardown.py
[2025-02-20T12:59:40.491+0100] {logging_mixin.py:190} INFO - [2025-02-20T12:59:40.491+0100] {dag.py:3239} INFO - Sync 1 DAGs
[2025-02-20T12:59:40.495+0100] {logging_mixin.py:190} INFO - [2025-02-20T12:59:40.495+0100] {dag.py:4180} INFO - Setting next_dagrun for example_setup_teardown to None, run_after=None
[2025-02-20T12:59:40.501+0100] {processor.py:208} INFO - Processing /Users/ajlakorman/Desktop/Data-Mining-Projects/Apache_Airflow/venv/lib/python3.10/site-packages/airflow/example_dags/example_setup_teardown.py took 0.088 seconds
[2025-02-20T13:01:02.845+0100] {processor.py:186} INFO - Started process (PID=15209) to work on /Users/ajlakorman/Desktop/Data-Mining-Projects/Apache_Airflow/venv/lib/python3.10/site-packages/airflow/example_dags/example_setup_teardown.py
[2025-02-20T13:01:02.846+0100] {processor.py:914} INFO - Processing file /Users/ajlakorman/Desktop/Data-Mining-Projects/Apache_Airflow/venv/lib/python3.10/site-packages/airflow/example_dags/example_setup_teardown.py for tasks to queue
[2025-02-20T13:01:02.847+0100] {logging_mixin.py:190} INFO - [2025-02-20T13:01:02.846+0100] {dagbag.py:588} INFO - Filling up the DagBag from /Users/ajlakorman/Desktop/Data-Mining-Projects/Apache_Airflow/venv/lib/python3.10/site-packages/airflow/example_dags/example_setup_teardown.py
[2025-02-20T13:01:02.853+0100] {processor.py:925} INFO - DAG(s) 'example_setup_teardown' retrieved from /Users/ajlakorman/Desktop/Data-Mining-Projects/Apache_Airflow/venv/lib/python3.10/site-packages/airflow/example_dags/example_setup_teardown.py
[2025-02-20T13:01:02.922+0100] {logging_mixin.py:190} INFO - [2025-02-20T13:01:02.921+0100] {dag.py:3239} INFO - Sync 1 DAGs
[2025-02-20T13:01:02.925+0100] {logging_mixin.py:190} INFO - [2025-02-20T13:01:02.925+0100] {dag.py:4180} INFO - Setting next_dagrun for example_setup_teardown to None, run_after=None
[2025-02-20T13:01:02.933+0100] {processor.py:208} INFO - Processing /Users/ajlakorman/Desktop/Data-Mining-Projects/Apache_Airflow/venv/lib/python3.10/site-packages/airflow/example_dags/example_setup_teardown.py took 0.090 seconds
[2025-02-20T13:06:24.954+0100] {processor.py:186} INFO - Started process (PID=15417) to work on /Users/ajlakorman/Desktop/Data-Mining-Projects/Apache_Airflow/venv/lib/python3.10/site-packages/airflow/example_dags/example_setup_teardown.py
[2025-02-20T13:06:24.956+0100] {processor.py:914} INFO - Processing file /Users/ajlakorman/Desktop/Data-Mining-Projects/Apache_Airflow/venv/lib/python3.10/site-packages/airflow/example_dags/example_setup_teardown.py for tasks to queue
[2025-02-20T13:06:24.956+0100] {logging_mixin.py:190} INFO - [2025-02-20T13:06:24.956+0100] {dagbag.py:588} INFO - Filling up the DagBag from /Users/ajlakorman/Desktop/Data-Mining-Projects/Apache_Airflow/venv/lib/python3.10/site-packages/airflow/example_dags/example_setup_teardown.py
[2025-02-20T13:06:24.962+0100] {processor.py:925} INFO - DAG(s) 'example_setup_teardown' retrieved from /Users/ajlakorman/Desktop/Data-Mining-Projects/Apache_Airflow/venv/lib/python3.10/site-packages/airflow/example_dags/example_setup_teardown.py
[2025-02-20T13:06:25.054+0100] {logging_mixin.py:190} INFO - [2025-02-20T13:06:25.054+0100] {dag.py:3239} INFO - Sync 1 DAGs
[2025-02-20T13:06:25.058+0100] {logging_mixin.py:190} INFO - [2025-02-20T13:06:25.058+0100] {dag.py:4180} INFO - Setting next_dagrun for example_setup_teardown to None, run_after=None
[2025-02-20T13:06:25.066+0100] {processor.py:208} INFO - Processing /Users/ajlakorman/Desktop/Data-Mining-Projects/Apache_Airflow/venv/lib/python3.10/site-packages/airflow/example_dags/example_setup_teardown.py took 0.115 seconds
[2025-02-20T13:09:15.309+0100] {processor.py:186} INFO - Started process (PID=15841) to work on /Users/ajlakorman/Desktop/Data-Mining-Projects/Apache_Airflow/venv/lib/python3.10/site-packages/airflow/example_dags/example_setup_teardown.py
[2025-02-20T13:09:15.309+0100] {processor.py:914} INFO - Processing file /Users/ajlakorman/Desktop/Data-Mining-Projects/Apache_Airflow/venv/lib/python3.10/site-packages/airflow/example_dags/example_setup_teardown.py for tasks to queue
[2025-02-20T13:09:15.310+0100] {logging_mixin.py:190} INFO - [2025-02-20T13:09:15.310+0100] {dagbag.py:588} INFO - Filling up the DagBag from /Users/ajlakorman/Desktop/Data-Mining-Projects/Apache_Airflow/venv/lib/python3.10/site-packages/airflow/example_dags/example_setup_teardown.py
[2025-02-20T13:09:15.314+0100] {processor.py:925} INFO - DAG(s) 'example_setup_teardown' retrieved from /Users/ajlakorman/Desktop/Data-Mining-Projects/Apache_Airflow/venv/lib/python3.10/site-packages/airflow/example_dags/example_setup_teardown.py
[2025-02-20T13:09:15.394+0100] {logging_mixin.py:190} INFO - [2025-02-20T13:09:15.394+0100] {dag.py:3239} INFO - Sync 1 DAGs
[2025-02-20T13:09:15.399+0100] {logging_mixin.py:190} INFO - [2025-02-20T13:09:15.399+0100] {dag.py:4180} INFO - Setting next_dagrun for example_setup_teardown to None, run_after=None
[2025-02-20T13:09:15.406+0100] {processor.py:208} INFO - Processing /Users/ajlakorman/Desktop/Data-Mining-Projects/Apache_Airflow/venv/lib/python3.10/site-packages/airflow/example_dags/example_setup_teardown.py took 0.099 seconds
[2025-02-20T13:10:39.969+0100] {processor.py:186} INFO - Started process (PID=15996) to work on /Users/ajlakorman/Desktop/Data-Mining-Projects/Apache_Airflow/venv/lib/python3.10/site-packages/airflow/example_dags/example_setup_teardown.py
[2025-02-20T13:10:39.970+0100] {processor.py:914} INFO - Processing file /Users/ajlakorman/Desktop/Data-Mining-Projects/Apache_Airflow/venv/lib/python3.10/site-packages/airflow/example_dags/example_setup_teardown.py for tasks to queue
[2025-02-20T13:10:39.970+0100] {logging_mixin.py:190} INFO - [2025-02-20T13:10:39.970+0100] {dagbag.py:588} INFO - Filling up the DagBag from /Users/ajlakorman/Desktop/Data-Mining-Projects/Apache_Airflow/venv/lib/python3.10/site-packages/airflow/example_dags/example_setup_teardown.py
[2025-02-20T13:10:39.975+0100] {processor.py:925} INFO - DAG(s) 'example_setup_teardown' retrieved from /Users/ajlakorman/Desktop/Data-Mining-Projects/Apache_Airflow/venv/lib/python3.10/site-packages/airflow/example_dags/example_setup_teardown.py
[2025-02-20T13:10:40.067+0100] {logging_mixin.py:190} INFO - [2025-02-20T13:10:40.067+0100] {dag.py:3239} INFO - Sync 1 DAGs
[2025-02-20T13:10:40.071+0100] {logging_mixin.py:190} INFO - [2025-02-20T13:10:40.071+0100] {dag.py:4180} INFO - Setting next_dagrun for example_setup_teardown to None, run_after=None
[2025-02-20T13:10:40.079+0100] {processor.py:208} INFO - Processing /Users/ajlakorman/Desktop/Data-Mining-Projects/Apache_Airflow/venv/lib/python3.10/site-packages/airflow/example_dags/example_setup_teardown.py took 0.112 seconds
[2025-02-20T13:13:36.001+0100] {processor.py:186} INFO - Started process (PID=16259) to work on /Users/ajlakorman/Desktop/Data-Mining-Projects/Apache_Airflow/venv/lib/python3.10/site-packages/airflow/example_dags/example_setup_teardown.py
[2025-02-20T13:13:36.003+0100] {processor.py:914} INFO - Processing file /Users/ajlakorman/Desktop/Data-Mining-Projects/Apache_Airflow/venv/lib/python3.10/site-packages/airflow/example_dags/example_setup_teardown.py for tasks to queue
[2025-02-20T13:13:36.004+0100] {logging_mixin.py:190} INFO - [2025-02-20T13:13:36.004+0100] {dagbag.py:588} INFO - Filling up the DagBag from /Users/ajlakorman/Desktop/Data-Mining-Projects/Apache_Airflow/venv/lib/python3.10/site-packages/airflow/example_dags/example_setup_teardown.py
[2025-02-20T13:13:36.009+0100] {processor.py:925} INFO - DAG(s) 'example_setup_teardown' retrieved from /Users/ajlakorman/Desktop/Data-Mining-Projects/Apache_Airflow/venv/lib/python3.10/site-packages/airflow/example_dags/example_setup_teardown.py
[2025-02-20T13:13:36.090+0100] {logging_mixin.py:190} INFO - [2025-02-20T13:13:36.090+0100] {dag.py:3239} INFO - Sync 1 DAGs
[2025-02-20T13:13:36.094+0100] {logging_mixin.py:190} INFO - [2025-02-20T13:13:36.094+0100] {dag.py:4180} INFO - Setting next_dagrun for example_setup_teardown to None, run_after=None
[2025-02-20T13:13:36.102+0100] {processor.py:208} INFO - Processing /Users/ajlakorman/Desktop/Data-Mining-Projects/Apache_Airflow/venv/lib/python3.10/site-packages/airflow/example_dags/example_setup_teardown.py took 0.103 seconds
[2025-02-20T13:15:08.182+0100] {processor.py:186} INFO - Started process (PID=16403) to work on /Users/ajlakorman/Desktop/Data-Mining-Projects/Apache_Airflow/venv/lib/python3.10/site-packages/airflow/example_dags/example_setup_teardown.py
[2025-02-20T13:15:08.183+0100] {processor.py:914} INFO - Processing file /Users/ajlakorman/Desktop/Data-Mining-Projects/Apache_Airflow/venv/lib/python3.10/site-packages/airflow/example_dags/example_setup_teardown.py for tasks to queue
[2025-02-20T13:15:08.183+0100] {logging_mixin.py:190} INFO - [2025-02-20T13:15:08.183+0100] {dagbag.py:588} INFO - Filling up the DagBag from /Users/ajlakorman/Desktop/Data-Mining-Projects/Apache_Airflow/venv/lib/python3.10/site-packages/airflow/example_dags/example_setup_teardown.py
[2025-02-20T13:15:08.187+0100] {processor.py:925} INFO - DAG(s) 'example_setup_teardown' retrieved from /Users/ajlakorman/Desktop/Data-Mining-Projects/Apache_Airflow/venv/lib/python3.10/site-packages/airflow/example_dags/example_setup_teardown.py
[2025-02-20T13:15:08.257+0100] {logging_mixin.py:190} INFO - [2025-02-20T13:15:08.257+0100] {dag.py:3239} INFO - Sync 1 DAGs
[2025-02-20T13:15:08.261+0100] {logging_mixin.py:190} INFO - [2025-02-20T13:15:08.260+0100] {dag.py:4180} INFO - Setting next_dagrun for example_setup_teardown to None, run_after=None
[2025-02-20T13:15:08.267+0100] {processor.py:208} INFO - Processing /Users/ajlakorman/Desktop/Data-Mining-Projects/Apache_Airflow/venv/lib/python3.10/site-packages/airflow/example_dags/example_setup_teardown.py took 0.087 seconds
[2025-02-20T13:18:10.689+0100] {processor.py:186} INFO - Started process (PID=16776) to work on /Users/ajlakorman/Desktop/Data-Mining-Projects/Apache_Airflow/venv/lib/python3.10/site-packages/airflow/example_dags/example_setup_teardown.py
[2025-02-20T13:18:10.690+0100] {processor.py:914} INFO - Processing file /Users/ajlakorman/Desktop/Data-Mining-Projects/Apache_Airflow/venv/lib/python3.10/site-packages/airflow/example_dags/example_setup_teardown.py for tasks to queue
[2025-02-20T13:18:10.690+0100] {logging_mixin.py:190} INFO - [2025-02-20T13:18:10.690+0100] {dagbag.py:588} INFO - Filling up the DagBag from /Users/ajlakorman/Desktop/Data-Mining-Projects/Apache_Airflow/venv/lib/python3.10/site-packages/airflow/example_dags/example_setup_teardown.py
[2025-02-20T13:18:10.694+0100] {processor.py:925} INFO - DAG(s) 'example_setup_teardown' retrieved from /Users/ajlakorman/Desktop/Data-Mining-Projects/Apache_Airflow/venv/lib/python3.10/site-packages/airflow/example_dags/example_setup_teardown.py
[2025-02-20T13:18:10.781+0100] {logging_mixin.py:190} INFO - [2025-02-20T13:18:10.781+0100] {dag.py:3239} INFO - Sync 1 DAGs
[2025-02-20T13:18:10.785+0100] {logging_mixin.py:190} INFO - [2025-02-20T13:18:10.785+0100] {dag.py:4180} INFO - Setting next_dagrun for example_setup_teardown to None, run_after=None
[2025-02-20T13:18:10.792+0100] {processor.py:208} INFO - Processing /Users/ajlakorman/Desktop/Data-Mining-Projects/Apache_Airflow/venv/lib/python3.10/site-packages/airflow/example_dags/example_setup_teardown.py took 0.107 seconds
[2025-02-20T13:19:42.664+0100] {processor.py:186} INFO - Started process (PID=16952) to work on /Users/ajlakorman/Desktop/Data-Mining-Projects/Apache_Airflow/venv/lib/python3.10/site-packages/airflow/example_dags/example_setup_teardown.py
[2025-02-20T13:19:42.665+0100] {processor.py:914} INFO - Processing file /Users/ajlakorman/Desktop/Data-Mining-Projects/Apache_Airflow/venv/lib/python3.10/site-packages/airflow/example_dags/example_setup_teardown.py for tasks to queue
[2025-02-20T13:19:42.666+0100] {logging_mixin.py:190} INFO - [2025-02-20T13:19:42.665+0100] {dagbag.py:588} INFO - Filling up the DagBag from /Users/ajlakorman/Desktop/Data-Mining-Projects/Apache_Airflow/venv/lib/python3.10/site-packages/airflow/example_dags/example_setup_teardown.py
[2025-02-20T13:19:42.670+0100] {processor.py:925} INFO - DAG(s) 'example_setup_teardown' retrieved from /Users/ajlakorman/Desktop/Data-Mining-Projects/Apache_Airflow/venv/lib/python3.10/site-packages/airflow/example_dags/example_setup_teardown.py
[2025-02-20T13:19:42.739+0100] {logging_mixin.py:190} INFO - [2025-02-20T13:19:42.739+0100] {dag.py:3239} INFO - Sync 1 DAGs
[2025-02-20T13:19:42.743+0100] {logging_mixin.py:190} INFO - [2025-02-20T13:19:42.743+0100] {dag.py:4180} INFO - Setting next_dagrun for example_setup_teardown to None, run_after=None
[2025-02-20T13:19:42.750+0100] {processor.py:208} INFO - Processing /Users/ajlakorman/Desktop/Data-Mining-Projects/Apache_Airflow/venv/lib/python3.10/site-packages/airflow/example_dags/example_setup_teardown.py took 0.088 seconds
[2025-02-20T13:21:17.174+0100] {processor.py:186} INFO - Started process (PID=17087) to work on /Users/ajlakorman/Desktop/Data-Mining-Projects/Apache_Airflow/venv/lib/python3.10/site-packages/airflow/example_dags/example_setup_teardown.py
[2025-02-20T13:21:17.175+0100] {processor.py:914} INFO - Processing file /Users/ajlakorman/Desktop/Data-Mining-Projects/Apache_Airflow/venv/lib/python3.10/site-packages/airflow/example_dags/example_setup_teardown.py for tasks to queue
[2025-02-20T13:21:17.176+0100] {logging_mixin.py:190} INFO - [2025-02-20T13:21:17.176+0100] {dagbag.py:588} INFO - Filling up the DagBag from /Users/ajlakorman/Desktop/Data-Mining-Projects/Apache_Airflow/venv/lib/python3.10/site-packages/airflow/example_dags/example_setup_teardown.py
[2025-02-20T13:21:17.179+0100] {processor.py:925} INFO - DAG(s) 'example_setup_teardown' retrieved from /Users/ajlakorman/Desktop/Data-Mining-Projects/Apache_Airflow/venv/lib/python3.10/site-packages/airflow/example_dags/example_setup_teardown.py
[2025-02-20T13:21:17.245+0100] {logging_mixin.py:190} INFO - [2025-02-20T13:21:17.245+0100] {dag.py:3239} INFO - Sync 1 DAGs
[2025-02-20T13:21:17.249+0100] {logging_mixin.py:190} INFO - [2025-02-20T13:21:17.249+0100] {dag.py:4180} INFO - Setting next_dagrun for example_setup_teardown to None, run_after=None
[2025-02-20T13:21:17.256+0100] {processor.py:208} INFO - Processing /Users/ajlakorman/Desktop/Data-Mining-Projects/Apache_Airflow/venv/lib/python3.10/site-packages/airflow/example_dags/example_setup_teardown.py took 0.083 seconds
[2025-02-20T13:23:58.420+0100] {processor.py:186} INFO - Started process (PID=17418) to work on /Users/ajlakorman/Desktop/Data-Mining-Projects/Apache_Airflow/venv/lib/python3.10/site-packages/airflow/example_dags/example_setup_teardown.py
[2025-02-20T13:23:58.421+0100] {processor.py:914} INFO - Processing file /Users/ajlakorman/Desktop/Data-Mining-Projects/Apache_Airflow/venv/lib/python3.10/site-packages/airflow/example_dags/example_setup_teardown.py for tasks to queue
[2025-02-20T13:23:58.422+0100] {logging_mixin.py:190} INFO - [2025-02-20T13:23:58.421+0100] {dagbag.py:588} INFO - Filling up the DagBag from /Users/ajlakorman/Desktop/Data-Mining-Projects/Apache_Airflow/venv/lib/python3.10/site-packages/airflow/example_dags/example_setup_teardown.py
[2025-02-20T13:23:58.425+0100] {processor.py:925} INFO - DAG(s) 'example_setup_teardown' retrieved from /Users/ajlakorman/Desktop/Data-Mining-Projects/Apache_Airflow/venv/lib/python3.10/site-packages/airflow/example_dags/example_setup_teardown.py
[2025-02-20T13:23:58.490+0100] {logging_mixin.py:190} INFO - [2025-02-20T13:23:58.490+0100] {dag.py:3239} INFO - Sync 1 DAGs
[2025-02-20T13:23:58.494+0100] {logging_mixin.py:190} INFO - [2025-02-20T13:23:58.494+0100] {dag.py:4180} INFO - Setting next_dagrun for example_setup_teardown to None, run_after=None
[2025-02-20T13:23:58.501+0100] {processor.py:208} INFO - Processing /Users/ajlakorman/Desktop/Data-Mining-Projects/Apache_Airflow/venv/lib/python3.10/site-packages/airflow/example_dags/example_setup_teardown.py took 0.083 seconds
[2025-02-20T13:26:33.531+0100] {processor.py:186} INFO - Started process (PID=17619) to work on /Users/ajlakorman/Desktop/Data-Mining-Projects/Apache_Airflow/venv/lib/python3.10/site-packages/airflow/example_dags/example_setup_teardown.py
[2025-02-20T13:26:33.533+0100] {processor.py:914} INFO - Processing file /Users/ajlakorman/Desktop/Data-Mining-Projects/Apache_Airflow/venv/lib/python3.10/site-packages/airflow/example_dags/example_setup_teardown.py for tasks to queue
[2025-02-20T13:26:33.533+0100] {logging_mixin.py:190} INFO - [2025-02-20T13:26:33.533+0100] {dagbag.py:588} INFO - Filling up the DagBag from /Users/ajlakorman/Desktop/Data-Mining-Projects/Apache_Airflow/venv/lib/python3.10/site-packages/airflow/example_dags/example_setup_teardown.py
[2025-02-20T13:26:33.539+0100] {processor.py:925} INFO - DAG(s) 'example_setup_teardown' retrieved from /Users/ajlakorman/Desktop/Data-Mining-Projects/Apache_Airflow/venv/lib/python3.10/site-packages/airflow/example_dags/example_setup_teardown.py
[2025-02-20T13:26:33.735+0100] {logging_mixin.py:190} INFO - [2025-02-20T13:26:33.735+0100] {dag.py:3239} INFO - Sync 1 DAGs
[2025-02-20T13:26:33.739+0100] {logging_mixin.py:190} INFO - [2025-02-20T13:26:33.739+0100] {dag.py:4180} INFO - Setting next_dagrun for example_setup_teardown to None, run_after=None
[2025-02-20T13:26:33.747+0100] {processor.py:208} INFO - Processing /Users/ajlakorman/Desktop/Data-Mining-Projects/Apache_Airflow/venv/lib/python3.10/site-packages/airflow/example_dags/example_setup_teardown.py took 0.218 seconds
