[2025-02-20T10:52:55.724+0100] {processor.py:186} INFO - Started process (PID=6280) to work on /Users/ajlakorman/Desktop/Data-Mining-Projects/Apache_Airflow/venv/lib/python3.10/site-packages/airflow/example_dags/example_latest_only.py
[2025-02-20T10:52:55.725+0100] {processor.py:914} INFO - Processing file /Users/ajlakorman/Desktop/Data-Mining-Projects/Apache_Airflow/venv/lib/python3.10/site-packages/airflow/example_dags/example_latest_only.py for tasks to queue
[2025-02-20T10:52:55.725+0100] {logging_mixin.py:190} INFO - [2025-02-20T10:52:55.725+0100] {dagbag.py:588} INFO - Filling up the DagBag from /Users/ajlakorman/Desktop/Data-Mining-Projects/Apache_Airflow/venv/lib/python3.10/site-packages/airflow/example_dags/example_latest_only.py
[2025-02-20T10:52:55.729+0100] {processor.py:925} INFO - DAG(s) 'latest_only' retrieved from /Users/ajlakorman/Desktop/Data-Mining-Projects/Apache_Airflow/venv/lib/python3.10/site-packages/airflow/example_dags/example_latest_only.py
[2025-02-20T10:52:55.829+0100] {logging_mixin.py:190} INFO - [2025-02-20T10:52:55.828+0100] {override.py:1912} INFO - Created Permission View: can edit on DAG:latest_only
[2025-02-20T10:52:55.832+0100] {logging_mixin.py:190} INFO - [2025-02-20T10:52:55.832+0100] {override.py:1912} INFO - Created Permission View: can delete on DAG:latest_only
[2025-02-20T10:52:55.834+0100] {logging_mixin.py:190} INFO - [2025-02-20T10:52:55.834+0100] {override.py:1912} INFO - Created Permission View: can read on DAG:latest_only
[2025-02-20T10:52:55.837+0100] {logging_mixin.py:190} INFO - [2025-02-20T10:52:55.837+0100] {override.py:1912} INFO - Created Permission View: can delete on DAG Run:latest_only
[2025-02-20T10:52:55.839+0100] {logging_mixin.py:190} INFO - [2025-02-20T10:52:55.839+0100] {override.py:1912} INFO - Created Permission View: can create on DAG Run:latest_only
[2025-02-20T10:52:55.842+0100] {logging_mixin.py:190} INFO - [2025-02-20T10:52:55.841+0100] {override.py:1912} INFO - Created Permission View: can read on DAG Run:latest_only
[2025-02-20T10:52:55.844+0100] {logging_mixin.py:190} INFO - [2025-02-20T10:52:55.843+0100] {override.py:1912} INFO - Created Permission View: menu access on DAG Run:latest_only
[2025-02-20T10:52:55.844+0100] {logging_mixin.py:190} INFO - [2025-02-20T10:52:55.844+0100] {dag.py:3239} INFO - Sync 1 DAGs
[2025-02-20T10:52:55.848+0100] {logging_mixin.py:190} INFO - [2025-02-20T10:52:55.848+0100] {dag.py:3262} INFO - Creating ORM DAG for latest_only
[2025-02-20T10:52:55.851+0100] {logging_mixin.py:190} INFO - [2025-02-20T10:52:55.851+0100] {dag.py:4180} INFO - Setting next_dagrun for latest_only to 2025-02-20 04:00:00+00:00, run_after=2025-02-20 08:00:00+00:00
[2025-02-20T10:52:55.858+0100] {processor.py:208} INFO - Processing /Users/ajlakorman/Desktop/Data-Mining-Projects/Apache_Airflow/venv/lib/python3.10/site-packages/airflow/example_dags/example_latest_only.py took 0.135 seconds
[2025-02-20T10:54:44.822+0100] {processor.py:186} INFO - Started process (PID=6592) to work on /Users/ajlakorman/Desktop/Data-Mining-Projects/Apache_Airflow/venv/lib/python3.10/site-packages/airflow/example_dags/example_latest_only.py
[2025-02-20T10:54:44.823+0100] {processor.py:914} INFO - Processing file /Users/ajlakorman/Desktop/Data-Mining-Projects/Apache_Airflow/venv/lib/python3.10/site-packages/airflow/example_dags/example_latest_only.py for tasks to queue
[2025-02-20T10:54:44.823+0100] {logging_mixin.py:190} INFO - [2025-02-20T10:54:44.823+0100] {dagbag.py:588} INFO - Filling up the DagBag from /Users/ajlakorman/Desktop/Data-Mining-Projects/Apache_Airflow/venv/lib/python3.10/site-packages/airflow/example_dags/example_latest_only.py
[2025-02-20T10:54:44.827+0100] {processor.py:925} INFO - DAG(s) 'latest_only' retrieved from /Users/ajlakorman/Desktop/Data-Mining-Projects/Apache_Airflow/venv/lib/python3.10/site-packages/airflow/example_dags/example_latest_only.py
[2025-02-20T10:54:44.892+0100] {logging_mixin.py:190} INFO - [2025-02-20T10:54:44.891+0100] {dag.py:3239} INFO - Sync 1 DAGs
[2025-02-20T10:54:44.899+0100] {logging_mixin.py:190} INFO - [2025-02-20T10:54:44.899+0100] {dag.py:4180} INFO - Setting next_dagrun for latest_only to 2025-02-20 04:00:00+00:00, run_after=2025-02-20 08:00:00+00:00
[2025-02-20T10:54:44.906+0100] {processor.py:208} INFO - Processing /Users/ajlakorman/Desktop/Data-Mining-Projects/Apache_Airflow/venv/lib/python3.10/site-packages/airflow/example_dags/example_latest_only.py took 0.086 seconds
[2025-02-20T10:57:19.765+0100] {processor.py:186} INFO - Started process (PID=6886) to work on /Users/ajlakorman/Desktop/Data-Mining-Projects/Apache_Airflow/venv/lib/python3.10/site-packages/airflow/example_dags/example_latest_only.py
[2025-02-20T10:57:19.765+0100] {processor.py:914} INFO - Processing file /Users/ajlakorman/Desktop/Data-Mining-Projects/Apache_Airflow/venv/lib/python3.10/site-packages/airflow/example_dags/example_latest_only.py for tasks to queue
[2025-02-20T10:57:19.766+0100] {logging_mixin.py:190} INFO - [2025-02-20T10:57:19.766+0100] {dagbag.py:588} INFO - Filling up the DagBag from /Users/ajlakorman/Desktop/Data-Mining-Projects/Apache_Airflow/venv/lib/python3.10/site-packages/airflow/example_dags/example_latest_only.py
[2025-02-20T10:57:19.769+0100] {processor.py:925} INFO - DAG(s) 'latest_only' retrieved from /Users/ajlakorman/Desktop/Data-Mining-Projects/Apache_Airflow/venv/lib/python3.10/site-packages/airflow/example_dags/example_latest_only.py
[2025-02-20T10:57:19.839+0100] {logging_mixin.py:190} INFO - [2025-02-20T10:57:19.838+0100] {dag.py:3239} INFO - Sync 1 DAGs
[2025-02-20T10:57:19.846+0100] {logging_mixin.py:190} INFO - [2025-02-20T10:57:19.845+0100] {dag.py:4180} INFO - Setting next_dagrun for latest_only to 2025-02-20 04:00:00+00:00, run_after=2025-02-20 08:00:00+00:00
[2025-02-20T10:57:19.853+0100] {processor.py:208} INFO - Processing /Users/ajlakorman/Desktop/Data-Mining-Projects/Apache_Airflow/venv/lib/python3.10/site-packages/airflow/example_dags/example_latest_only.py took 0.090 seconds
[2025-02-20T11:00:06.750+0100] {processor.py:186} INFO - Started process (PID=7213) to work on /Users/ajlakorman/Desktop/Data-Mining-Projects/Apache_Airflow/venv/lib/python3.10/site-packages/airflow/example_dags/example_latest_only.py
[2025-02-20T11:00:06.751+0100] {processor.py:914} INFO - Processing file /Users/ajlakorman/Desktop/Data-Mining-Projects/Apache_Airflow/venv/lib/python3.10/site-packages/airflow/example_dags/example_latest_only.py for tasks to queue
[2025-02-20T11:00:06.752+0100] {logging_mixin.py:190} INFO - [2025-02-20T11:00:06.751+0100] {dagbag.py:588} INFO - Filling up the DagBag from /Users/ajlakorman/Desktop/Data-Mining-Projects/Apache_Airflow/venv/lib/python3.10/site-packages/airflow/example_dags/example_latest_only.py
[2025-02-20T11:00:06.755+0100] {processor.py:925} INFO - DAG(s) 'latest_only' retrieved from /Users/ajlakorman/Desktop/Data-Mining-Projects/Apache_Airflow/venv/lib/python3.10/site-packages/airflow/example_dags/example_latest_only.py
[2025-02-20T11:00:06.850+0100] {logging_mixin.py:190} INFO - [2025-02-20T11:00:06.850+0100] {dag.py:3239} INFO - Sync 1 DAGs
[2025-02-20T11:00:06.857+0100] {logging_mixin.py:190} INFO - [2025-02-20T11:00:06.857+0100] {dag.py:4180} INFO - Setting next_dagrun for latest_only to 2025-02-20 04:00:00+00:00, run_after=2025-02-20 08:00:00+00:00
[2025-02-20T11:00:06.865+0100] {processor.py:208} INFO - Processing /Users/ajlakorman/Desktop/Data-Mining-Projects/Apache_Airflow/venv/lib/python3.10/site-packages/airflow/example_dags/example_latest_only.py took 0.117 seconds
[2025-02-20T11:02:32.633+0100] {processor.py:186} INFO - Started process (PID=7479) to work on /Users/ajlakorman/Desktop/Data-Mining-Projects/Apache_Airflow/venv/lib/python3.10/site-packages/airflow/example_dags/example_latest_only.py
[2025-02-20T11:02:32.634+0100] {processor.py:914} INFO - Processing file /Users/ajlakorman/Desktop/Data-Mining-Projects/Apache_Airflow/venv/lib/python3.10/site-packages/airflow/example_dags/example_latest_only.py for tasks to queue
[2025-02-20T11:02:32.635+0100] {logging_mixin.py:190} INFO - [2025-02-20T11:02:32.634+0100] {dagbag.py:588} INFO - Filling up the DagBag from /Users/ajlakorman/Desktop/Data-Mining-Projects/Apache_Airflow/venv/lib/python3.10/site-packages/airflow/example_dags/example_latest_only.py
[2025-02-20T11:02:32.638+0100] {processor.py:925} INFO - DAG(s) 'latest_only' retrieved from /Users/ajlakorman/Desktop/Data-Mining-Projects/Apache_Airflow/venv/lib/python3.10/site-packages/airflow/example_dags/example_latest_only.py
[2025-02-20T11:02:32.704+0100] {logging_mixin.py:190} INFO - [2025-02-20T11:02:32.704+0100] {dag.py:3239} INFO - Sync 1 DAGs
[2025-02-20T11:02:32.711+0100] {logging_mixin.py:190} INFO - [2025-02-20T11:02:32.711+0100] {dag.py:4180} INFO - Setting next_dagrun for latest_only to 2025-02-20 04:00:00+00:00, run_after=2025-02-20 08:00:00+00:00
[2025-02-20T11:02:32.718+0100] {processor.py:208} INFO - Processing /Users/ajlakorman/Desktop/Data-Mining-Projects/Apache_Airflow/venv/lib/python3.10/site-packages/airflow/example_dags/example_latest_only.py took 0.086 seconds
[2025-02-20T11:04:51.166+0100] {processor.py:186} INFO - Started process (PID=7752) to work on /Users/ajlakorman/Desktop/Data-Mining-Projects/Apache_Airflow/venv/lib/python3.10/site-packages/airflow/example_dags/example_latest_only.py
[2025-02-20T11:04:51.167+0100] {processor.py:914} INFO - Processing file /Users/ajlakorman/Desktop/Data-Mining-Projects/Apache_Airflow/venv/lib/python3.10/site-packages/airflow/example_dags/example_latest_only.py for tasks to queue
[2025-02-20T11:04:51.168+0100] {logging_mixin.py:190} INFO - [2025-02-20T11:04:51.168+0100] {dagbag.py:588} INFO - Filling up the DagBag from /Users/ajlakorman/Desktop/Data-Mining-Projects/Apache_Airflow/venv/lib/python3.10/site-packages/airflow/example_dags/example_latest_only.py
[2025-02-20T11:04:51.171+0100] {processor.py:925} INFO - DAG(s) 'latest_only' retrieved from /Users/ajlakorman/Desktop/Data-Mining-Projects/Apache_Airflow/venv/lib/python3.10/site-packages/airflow/example_dags/example_latest_only.py
[2025-02-20T11:04:51.236+0100] {logging_mixin.py:190} INFO - [2025-02-20T11:04:51.236+0100] {dag.py:3239} INFO - Sync 1 DAGs
[2025-02-20T11:04:51.242+0100] {logging_mixin.py:190} INFO - [2025-02-20T11:04:51.242+0100] {dag.py:4180} INFO - Setting next_dagrun for latest_only to 2025-02-20 04:00:00+00:00, run_after=2025-02-20 08:00:00+00:00
[2025-02-20T11:04:51.249+0100] {processor.py:208} INFO - Processing /Users/ajlakorman/Desktop/Data-Mining-Projects/Apache_Airflow/venv/lib/python3.10/site-packages/airflow/example_dags/example_latest_only.py took 0.085 seconds
[2025-02-20T11:07:11.571+0100] {processor.py:186} INFO - Started process (PID=8075) to work on /Users/ajlakorman/Desktop/Data-Mining-Projects/Apache_Airflow/venv/lib/python3.10/site-packages/airflow/example_dags/example_latest_only.py
[2025-02-20T11:07:11.572+0100] {processor.py:914} INFO - Processing file /Users/ajlakorman/Desktop/Data-Mining-Projects/Apache_Airflow/venv/lib/python3.10/site-packages/airflow/example_dags/example_latest_only.py for tasks to queue
[2025-02-20T11:07:11.573+0100] {logging_mixin.py:190} INFO - [2025-02-20T11:07:11.573+0100] {dagbag.py:588} INFO - Filling up the DagBag from /Users/ajlakorman/Desktop/Data-Mining-Projects/Apache_Airflow/venv/lib/python3.10/site-packages/airflow/example_dags/example_latest_only.py
[2025-02-20T11:07:11.578+0100] {processor.py:925} INFO - DAG(s) 'latest_only' retrieved from /Users/ajlakorman/Desktop/Data-Mining-Projects/Apache_Airflow/venv/lib/python3.10/site-packages/airflow/example_dags/example_latest_only.py
[2025-02-20T11:07:11.656+0100] {logging_mixin.py:190} INFO - [2025-02-20T11:07:11.655+0100] {dag.py:3239} INFO - Sync 1 DAGs
[2025-02-20T11:07:11.663+0100] {logging_mixin.py:190} INFO - [2025-02-20T11:07:11.663+0100] {dag.py:4180} INFO - Setting next_dagrun for latest_only to 2025-02-20 04:00:00+00:00, run_after=2025-02-20 08:00:00+00:00
[2025-02-20T11:07:11.672+0100] {processor.py:208} INFO - Processing /Users/ajlakorman/Desktop/Data-Mining-Projects/Apache_Airflow/venv/lib/python3.10/site-packages/airflow/example_dags/example_latest_only.py took 0.104 seconds
[2025-02-20T11:09:29.955+0100] {processor.py:186} INFO - Started process (PID=8308) to work on /Users/ajlakorman/Desktop/Data-Mining-Projects/Apache_Airflow/venv/lib/python3.10/site-packages/airflow/example_dags/example_latest_only.py
[2025-02-20T11:09:29.956+0100] {processor.py:914} INFO - Processing file /Users/ajlakorman/Desktop/Data-Mining-Projects/Apache_Airflow/venv/lib/python3.10/site-packages/airflow/example_dags/example_latest_only.py for tasks to queue
[2025-02-20T11:09:29.957+0100] {logging_mixin.py:190} INFO - [2025-02-20T11:09:29.956+0100] {dagbag.py:588} INFO - Filling up the DagBag from /Users/ajlakorman/Desktop/Data-Mining-Projects/Apache_Airflow/venv/lib/python3.10/site-packages/airflow/example_dags/example_latest_only.py
[2025-02-20T11:09:29.960+0100] {processor.py:925} INFO - DAG(s) 'latest_only' retrieved from /Users/ajlakorman/Desktop/Data-Mining-Projects/Apache_Airflow/venv/lib/python3.10/site-packages/airflow/example_dags/example_latest_only.py
[2025-02-20T11:09:30.026+0100] {logging_mixin.py:190} INFO - [2025-02-20T11:09:30.026+0100] {dag.py:3239} INFO - Sync 1 DAGs
[2025-02-20T11:09:30.032+0100] {logging_mixin.py:190} INFO - [2025-02-20T11:09:30.032+0100] {dag.py:4180} INFO - Setting next_dagrun for latest_only to 2025-02-20 04:00:00+00:00, run_after=2025-02-20 08:00:00+00:00
[2025-02-20T11:09:30.040+0100] {processor.py:208} INFO - Processing /Users/ajlakorman/Desktop/Data-Mining-Projects/Apache_Airflow/venv/lib/python3.10/site-packages/airflow/example_dags/example_latest_only.py took 0.086 seconds
[2025-02-20T11:11:47.941+0100] {processor.py:186} INFO - Started process (PID=8583) to work on /Users/ajlakorman/Desktop/Data-Mining-Projects/Apache_Airflow/venv/lib/python3.10/site-packages/airflow/example_dags/example_latest_only.py
[2025-02-20T11:11:47.943+0100] {processor.py:914} INFO - Processing file /Users/ajlakorman/Desktop/Data-Mining-Projects/Apache_Airflow/venv/lib/python3.10/site-packages/airflow/example_dags/example_latest_only.py for tasks to queue
[2025-02-20T11:11:47.943+0100] {logging_mixin.py:190} INFO - [2025-02-20T11:11:47.943+0100] {dagbag.py:588} INFO - Filling up the DagBag from /Users/ajlakorman/Desktop/Data-Mining-Projects/Apache_Airflow/venv/lib/python3.10/site-packages/airflow/example_dags/example_latest_only.py
[2025-02-20T11:11:47.946+0100] {processor.py:925} INFO - DAG(s) 'latest_only' retrieved from /Users/ajlakorman/Desktop/Data-Mining-Projects/Apache_Airflow/venv/lib/python3.10/site-packages/airflow/example_dags/example_latest_only.py
[2025-02-20T11:11:48.011+0100] {logging_mixin.py:190} INFO - [2025-02-20T11:11:48.011+0100] {dag.py:3239} INFO - Sync 1 DAGs
[2025-02-20T11:11:48.018+0100] {logging_mixin.py:190} INFO - [2025-02-20T11:11:48.018+0100] {dag.py:4180} INFO - Setting next_dagrun for latest_only to 2025-02-20 04:00:00+00:00, run_after=2025-02-20 08:00:00+00:00
[2025-02-20T11:11:48.026+0100] {processor.py:208} INFO - Processing /Users/ajlakorman/Desktop/Data-Mining-Projects/Apache_Airflow/venv/lib/python3.10/site-packages/airflow/example_dags/example_latest_only.py took 0.086 seconds
[2025-02-20T11:14:09.947+0100] {processor.py:186} INFO - Started process (PID=8832) to work on /Users/ajlakorman/Desktop/Data-Mining-Projects/Apache_Airflow/venv/lib/python3.10/site-packages/airflow/example_dags/example_latest_only.py
[2025-02-20T11:14:09.947+0100] {processor.py:914} INFO - Processing file /Users/ajlakorman/Desktop/Data-Mining-Projects/Apache_Airflow/venv/lib/python3.10/site-packages/airflow/example_dags/example_latest_only.py for tasks to queue
[2025-02-20T11:14:09.948+0100] {logging_mixin.py:190} INFO - [2025-02-20T11:14:09.948+0100] {dagbag.py:588} INFO - Filling up the DagBag from /Users/ajlakorman/Desktop/Data-Mining-Projects/Apache_Airflow/venv/lib/python3.10/site-packages/airflow/example_dags/example_latest_only.py
[2025-02-20T11:14:09.952+0100] {processor.py:925} INFO - DAG(s) 'latest_only' retrieved from /Users/ajlakorman/Desktop/Data-Mining-Projects/Apache_Airflow/venv/lib/python3.10/site-packages/airflow/example_dags/example_latest_only.py
[2025-02-20T11:14:10.019+0100] {logging_mixin.py:190} INFO - [2025-02-20T11:14:10.019+0100] {dag.py:3239} INFO - Sync 1 DAGs
[2025-02-20T11:14:10.026+0100] {logging_mixin.py:190} INFO - [2025-02-20T11:14:10.026+0100] {dag.py:4180} INFO - Setting next_dagrun for latest_only to 2025-02-20 04:00:00+00:00, run_after=2025-02-20 08:00:00+00:00
[2025-02-20T11:14:10.033+0100] {processor.py:208} INFO - Processing /Users/ajlakorman/Desktop/Data-Mining-Projects/Apache_Airflow/venv/lib/python3.10/site-packages/airflow/example_dags/example_latest_only.py took 0.088 seconds
[2025-02-20T11:16:36.528+0100] {processor.py:186} INFO - Started process (PID=9102) to work on /Users/ajlakorman/Desktop/Data-Mining-Projects/Apache_Airflow/venv/lib/python3.10/site-packages/airflow/example_dags/example_latest_only.py
[2025-02-20T11:16:36.529+0100] {processor.py:914} INFO - Processing file /Users/ajlakorman/Desktop/Data-Mining-Projects/Apache_Airflow/venv/lib/python3.10/site-packages/airflow/example_dags/example_latest_only.py for tasks to queue
[2025-02-20T11:16:36.530+0100] {logging_mixin.py:190} INFO - [2025-02-20T11:16:36.529+0100] {dagbag.py:588} INFO - Filling up the DagBag from /Users/ajlakorman/Desktop/Data-Mining-Projects/Apache_Airflow/venv/lib/python3.10/site-packages/airflow/example_dags/example_latest_only.py
[2025-02-20T11:16:36.533+0100] {processor.py:925} INFO - DAG(s) 'latest_only' retrieved from /Users/ajlakorman/Desktop/Data-Mining-Projects/Apache_Airflow/venv/lib/python3.10/site-packages/airflow/example_dags/example_latest_only.py
[2025-02-20T11:16:36.600+0100] {logging_mixin.py:190} INFO - [2025-02-20T11:16:36.600+0100] {dag.py:3239} INFO - Sync 1 DAGs
[2025-02-20T11:16:36.608+0100] {logging_mixin.py:190} INFO - [2025-02-20T11:16:36.607+0100] {dag.py:4180} INFO - Setting next_dagrun for latest_only to 2025-02-20 04:00:00+00:00, run_after=2025-02-20 08:00:00+00:00
[2025-02-20T11:16:36.616+0100] {processor.py:208} INFO - Processing /Users/ajlakorman/Desktop/Data-Mining-Projects/Apache_Airflow/venv/lib/python3.10/site-packages/airflow/example_dags/example_latest_only.py took 0.089 seconds
[2025-02-20T11:19:00.629+0100] {processor.py:186} INFO - Started process (PID=9476) to work on /Users/ajlakorman/Desktop/Data-Mining-Projects/Apache_Airflow/venv/lib/python3.10/site-packages/airflow/example_dags/example_latest_only.py
[2025-02-20T11:19:00.630+0100] {processor.py:914} INFO - Processing file /Users/ajlakorman/Desktop/Data-Mining-Projects/Apache_Airflow/venv/lib/python3.10/site-packages/airflow/example_dags/example_latest_only.py for tasks to queue
[2025-02-20T11:19:00.631+0100] {logging_mixin.py:190} INFO - [2025-02-20T11:19:00.631+0100] {dagbag.py:588} INFO - Filling up the DagBag from /Users/ajlakorman/Desktop/Data-Mining-Projects/Apache_Airflow/venv/lib/python3.10/site-packages/airflow/example_dags/example_latest_only.py
[2025-02-20T11:19:00.636+0100] {processor.py:925} INFO - DAG(s) 'latest_only' retrieved from /Users/ajlakorman/Desktop/Data-Mining-Projects/Apache_Airflow/venv/lib/python3.10/site-packages/airflow/example_dags/example_latest_only.py
[2025-02-20T11:19:00.702+0100] {logging_mixin.py:190} INFO - [2025-02-20T11:19:00.702+0100] {dag.py:3239} INFO - Sync 1 DAGs
[2025-02-20T11:19:00.710+0100] {logging_mixin.py:190} INFO - [2025-02-20T11:19:00.710+0100] {dag.py:4180} INFO - Setting next_dagrun for latest_only to 2025-02-20 04:00:00+00:00, run_after=2025-02-20 08:00:00+00:00
[2025-02-20T11:19:00.716+0100] {processor.py:208} INFO - Processing /Users/ajlakorman/Desktop/Data-Mining-Projects/Apache_Airflow/venv/lib/python3.10/site-packages/airflow/example_dags/example_latest_only.py took 0.092 seconds
[2025-02-20T11:21:28.547+0100] {processor.py:186} INFO - Started process (PID=9766) to work on /Users/ajlakorman/Desktop/Data-Mining-Projects/Apache_Airflow/venv/lib/python3.10/site-packages/airflow/example_dags/example_latest_only.py
[2025-02-20T11:21:28.548+0100] {processor.py:914} INFO - Processing file /Users/ajlakorman/Desktop/Data-Mining-Projects/Apache_Airflow/venv/lib/python3.10/site-packages/airflow/example_dags/example_latest_only.py for tasks to queue
[2025-02-20T11:21:28.548+0100] {logging_mixin.py:190} INFO - [2025-02-20T11:21:28.548+0100] {dagbag.py:588} INFO - Filling up the DagBag from /Users/ajlakorman/Desktop/Data-Mining-Projects/Apache_Airflow/venv/lib/python3.10/site-packages/airflow/example_dags/example_latest_only.py
[2025-02-20T11:21:28.552+0100] {processor.py:925} INFO - DAG(s) 'latest_only' retrieved from /Users/ajlakorman/Desktop/Data-Mining-Projects/Apache_Airflow/venv/lib/python3.10/site-packages/airflow/example_dags/example_latest_only.py
[2025-02-20T11:21:28.615+0100] {logging_mixin.py:190} INFO - [2025-02-20T11:21:28.615+0100] {dag.py:3239} INFO - Sync 1 DAGs
[2025-02-20T11:21:28.622+0100] {logging_mixin.py:190} INFO - [2025-02-20T11:21:28.622+0100] {dag.py:4180} INFO - Setting next_dagrun for latest_only to 2025-02-20 04:00:00+00:00, run_after=2025-02-20 08:00:00+00:00
[2025-02-20T11:21:28.630+0100] {processor.py:208} INFO - Processing /Users/ajlakorman/Desktop/Data-Mining-Projects/Apache_Airflow/venv/lib/python3.10/site-packages/airflow/example_dags/example_latest_only.py took 0.086 seconds
[2025-02-20T11:23:58.790+0100] {processor.py:186} INFO - Started process (PID=10019) to work on /Users/ajlakorman/Desktop/Data-Mining-Projects/Apache_Airflow/venv/lib/python3.10/site-packages/airflow/example_dags/example_latest_only.py
[2025-02-20T11:23:58.792+0100] {processor.py:914} INFO - Processing file /Users/ajlakorman/Desktop/Data-Mining-Projects/Apache_Airflow/venv/lib/python3.10/site-packages/airflow/example_dags/example_latest_only.py for tasks to queue
[2025-02-20T11:23:58.792+0100] {logging_mixin.py:190} INFO - [2025-02-20T11:23:58.792+0100] {dagbag.py:588} INFO - Filling up the DagBag from /Users/ajlakorman/Desktop/Data-Mining-Projects/Apache_Airflow/venv/lib/python3.10/site-packages/airflow/example_dags/example_latest_only.py
[2025-02-20T11:23:58.795+0100] {processor.py:925} INFO - DAG(s) 'latest_only' retrieved from /Users/ajlakorman/Desktop/Data-Mining-Projects/Apache_Airflow/venv/lib/python3.10/site-packages/airflow/example_dags/example_latest_only.py
[2025-02-20T11:23:58.859+0100] {logging_mixin.py:190} INFO - [2025-02-20T11:23:58.859+0100] {dag.py:3239} INFO - Sync 1 DAGs
[2025-02-20T11:23:58.865+0100] {logging_mixin.py:190} INFO - [2025-02-20T11:23:58.865+0100] {dag.py:4180} INFO - Setting next_dagrun for latest_only to 2025-02-20 04:00:00+00:00, run_after=2025-02-20 08:00:00+00:00
[2025-02-20T11:23:58.872+0100] {processor.py:208} INFO - Processing /Users/ajlakorman/Desktop/Data-Mining-Projects/Apache_Airflow/venv/lib/python3.10/site-packages/airflow/example_dags/example_latest_only.py took 0.083 seconds
[2025-02-20T11:26:26.601+0100] {processor.py:186} INFO - Started process (PID=10335) to work on /Users/ajlakorman/Desktop/Data-Mining-Projects/Apache_Airflow/venv/lib/python3.10/site-packages/airflow/example_dags/example_latest_only.py
[2025-02-20T11:26:26.602+0100] {processor.py:914} INFO - Processing file /Users/ajlakorman/Desktop/Data-Mining-Projects/Apache_Airflow/venv/lib/python3.10/site-packages/airflow/example_dags/example_latest_only.py for tasks to queue
[2025-02-20T11:26:26.602+0100] {logging_mixin.py:190} INFO - [2025-02-20T11:26:26.602+0100] {dagbag.py:588} INFO - Filling up the DagBag from /Users/ajlakorman/Desktop/Data-Mining-Projects/Apache_Airflow/venv/lib/python3.10/site-packages/airflow/example_dags/example_latest_only.py
[2025-02-20T11:26:26.606+0100] {processor.py:925} INFO - DAG(s) 'latest_only' retrieved from /Users/ajlakorman/Desktop/Data-Mining-Projects/Apache_Airflow/venv/lib/python3.10/site-packages/airflow/example_dags/example_latest_only.py
[2025-02-20T11:26:26.669+0100] {logging_mixin.py:190} INFO - [2025-02-20T11:26:26.669+0100] {dag.py:3239} INFO - Sync 1 DAGs
[2025-02-20T11:26:26.676+0100] {logging_mixin.py:190} INFO - [2025-02-20T11:26:26.676+0100] {dag.py:4180} INFO - Setting next_dagrun for latest_only to 2025-02-20 04:00:00+00:00, run_after=2025-02-20 08:00:00+00:00
[2025-02-20T11:26:26.683+0100] {processor.py:208} INFO - Processing /Users/ajlakorman/Desktop/Data-Mining-Projects/Apache_Airflow/venv/lib/python3.10/site-packages/airflow/example_dags/example_latest_only.py took 0.083 seconds
[2025-02-20T11:28:55.449+0100] {processor.py:186} INFO - Started process (PID=10636) to work on /Users/ajlakorman/Desktop/Data-Mining-Projects/Apache_Airflow/venv/lib/python3.10/site-packages/airflow/example_dags/example_latest_only.py
[2025-02-20T11:28:55.450+0100] {processor.py:914} INFO - Processing file /Users/ajlakorman/Desktop/Data-Mining-Projects/Apache_Airflow/venv/lib/python3.10/site-packages/airflow/example_dags/example_latest_only.py for tasks to queue
[2025-02-20T11:28:55.451+0100] {logging_mixin.py:190} INFO - [2025-02-20T11:28:55.451+0100] {dagbag.py:588} INFO - Filling up the DagBag from /Users/ajlakorman/Desktop/Data-Mining-Projects/Apache_Airflow/venv/lib/python3.10/site-packages/airflow/example_dags/example_latest_only.py
[2025-02-20T11:28:55.454+0100] {processor.py:925} INFO - DAG(s) 'latest_only' retrieved from /Users/ajlakorman/Desktop/Data-Mining-Projects/Apache_Airflow/venv/lib/python3.10/site-packages/airflow/example_dags/example_latest_only.py
[2025-02-20T11:28:55.519+0100] {logging_mixin.py:190} INFO - [2025-02-20T11:28:55.518+0100] {dag.py:3239} INFO - Sync 1 DAGs
[2025-02-20T11:28:55.525+0100] {logging_mixin.py:190} INFO - [2025-02-20T11:28:55.525+0100] {dag.py:4180} INFO - Setting next_dagrun for latest_only to 2025-02-20 04:00:00+00:00, run_after=2025-02-20 08:00:00+00:00
[2025-02-20T11:28:55.532+0100] {processor.py:208} INFO - Processing /Users/ajlakorman/Desktop/Data-Mining-Projects/Apache_Airflow/venv/lib/python3.10/site-packages/airflow/example_dags/example_latest_only.py took 0.085 seconds
[2025-02-20T11:31:24.869+0100] {processor.py:186} INFO - Started process (PID=10951) to work on /Users/ajlakorman/Desktop/Data-Mining-Projects/Apache_Airflow/venv/lib/python3.10/site-packages/airflow/example_dags/example_latest_only.py
[2025-02-20T11:31:24.870+0100] {processor.py:914} INFO - Processing file /Users/ajlakorman/Desktop/Data-Mining-Projects/Apache_Airflow/venv/lib/python3.10/site-packages/airflow/example_dags/example_latest_only.py for tasks to queue
[2025-02-20T11:31:24.870+0100] {logging_mixin.py:190} INFO - [2025-02-20T11:31:24.870+0100] {dagbag.py:588} INFO - Filling up the DagBag from /Users/ajlakorman/Desktop/Data-Mining-Projects/Apache_Airflow/venv/lib/python3.10/site-packages/airflow/example_dags/example_latest_only.py
[2025-02-20T11:31:24.874+0100] {processor.py:925} INFO - DAG(s) 'latest_only' retrieved from /Users/ajlakorman/Desktop/Data-Mining-Projects/Apache_Airflow/venv/lib/python3.10/site-packages/airflow/example_dags/example_latest_only.py
[2025-02-20T11:31:24.946+0100] {logging_mixin.py:190} INFO - [2025-02-20T11:31:24.946+0100] {dag.py:3239} INFO - Sync 1 DAGs
[2025-02-20T11:31:24.954+0100] {logging_mixin.py:190} INFO - [2025-02-20T11:31:24.953+0100] {dag.py:4180} INFO - Setting next_dagrun for latest_only to 2025-02-20 04:00:00+00:00, run_after=2025-02-20 08:00:00+00:00
[2025-02-20T11:31:24.963+0100] {processor.py:208} INFO - Processing /Users/ajlakorman/Desktop/Data-Mining-Projects/Apache_Airflow/venv/lib/python3.10/site-packages/airflow/example_dags/example_latest_only.py took 0.095 seconds
[2025-02-20T11:33:51.164+0100] {processor.py:186} INFO - Started process (PID=11181) to work on /Users/ajlakorman/Desktop/Data-Mining-Projects/Apache_Airflow/venv/lib/python3.10/site-packages/airflow/example_dags/example_latest_only.py
[2025-02-20T11:33:51.164+0100] {processor.py:914} INFO - Processing file /Users/ajlakorman/Desktop/Data-Mining-Projects/Apache_Airflow/venv/lib/python3.10/site-packages/airflow/example_dags/example_latest_only.py for tasks to queue
[2025-02-20T11:33:51.165+0100] {logging_mixin.py:190} INFO - [2025-02-20T11:33:51.165+0100] {dagbag.py:588} INFO - Filling up the DagBag from /Users/ajlakorman/Desktop/Data-Mining-Projects/Apache_Airflow/venv/lib/python3.10/site-packages/airflow/example_dags/example_latest_only.py
[2025-02-20T11:33:51.168+0100] {processor.py:925} INFO - DAG(s) 'latest_only' retrieved from /Users/ajlakorman/Desktop/Data-Mining-Projects/Apache_Airflow/venv/lib/python3.10/site-packages/airflow/example_dags/example_latest_only.py
[2025-02-20T11:33:51.235+0100] {logging_mixin.py:190} INFO - [2025-02-20T11:33:51.234+0100] {dag.py:3239} INFO - Sync 1 DAGs
[2025-02-20T11:33:51.241+0100] {logging_mixin.py:190} INFO - [2025-02-20T11:33:51.241+0100] {dag.py:4180} INFO - Setting next_dagrun for latest_only to 2025-02-20 04:00:00+00:00, run_after=2025-02-20 08:00:00+00:00
[2025-02-20T11:33:51.249+0100] {processor.py:208} INFO - Processing /Users/ajlakorman/Desktop/Data-Mining-Projects/Apache_Airflow/venv/lib/python3.10/site-packages/airflow/example_dags/example_latest_only.py took 0.087 seconds
[2025-02-20T11:36:19.431+0100] {processor.py:186} INFO - Started process (PID=11424) to work on /Users/ajlakorman/Desktop/Data-Mining-Projects/Apache_Airflow/venv/lib/python3.10/site-packages/airflow/example_dags/example_latest_only.py
[2025-02-20T11:36:19.432+0100] {processor.py:914} INFO - Processing file /Users/ajlakorman/Desktop/Data-Mining-Projects/Apache_Airflow/venv/lib/python3.10/site-packages/airflow/example_dags/example_latest_only.py for tasks to queue
[2025-02-20T11:36:19.432+0100] {logging_mixin.py:190} INFO - [2025-02-20T11:36:19.432+0100] {dagbag.py:588} INFO - Filling up the DagBag from /Users/ajlakorman/Desktop/Data-Mining-Projects/Apache_Airflow/venv/lib/python3.10/site-packages/airflow/example_dags/example_latest_only.py
[2025-02-20T11:36:19.436+0100] {processor.py:925} INFO - DAG(s) 'latest_only' retrieved from /Users/ajlakorman/Desktop/Data-Mining-Projects/Apache_Airflow/venv/lib/python3.10/site-packages/airflow/example_dags/example_latest_only.py
[2025-02-20T11:36:19.501+0100] {logging_mixin.py:190} INFO - [2025-02-20T11:36:19.501+0100] {dag.py:3239} INFO - Sync 1 DAGs
[2025-02-20T11:36:19.509+0100] {logging_mixin.py:190} INFO - [2025-02-20T11:36:19.509+0100] {dag.py:4180} INFO - Setting next_dagrun for latest_only to 2025-02-20 04:00:00+00:00, run_after=2025-02-20 08:00:00+00:00
[2025-02-20T11:36:19.516+0100] {processor.py:208} INFO - Processing /Users/ajlakorman/Desktop/Data-Mining-Projects/Apache_Airflow/venv/lib/python3.10/site-packages/airflow/example_dags/example_latest_only.py took 0.087 seconds
[2025-02-20T11:38:53.202+0100] {processor.py:186} INFO - Started process (PID=11701) to work on /Users/ajlakorman/Desktop/Data-Mining-Projects/Apache_Airflow/venv/lib/python3.10/site-packages/airflow/example_dags/example_latest_only.py
[2025-02-20T11:38:53.203+0100] {processor.py:914} INFO - Processing file /Users/ajlakorman/Desktop/Data-Mining-Projects/Apache_Airflow/venv/lib/python3.10/site-packages/airflow/example_dags/example_latest_only.py for tasks to queue
[2025-02-20T11:38:53.203+0100] {logging_mixin.py:190} INFO - [2025-02-20T11:38:53.203+0100] {dagbag.py:588} INFO - Filling up the DagBag from /Users/ajlakorman/Desktop/Data-Mining-Projects/Apache_Airflow/venv/lib/python3.10/site-packages/airflow/example_dags/example_latest_only.py
[2025-02-20T11:38:53.207+0100] {processor.py:925} INFO - DAG(s) 'latest_only' retrieved from /Users/ajlakorman/Desktop/Data-Mining-Projects/Apache_Airflow/venv/lib/python3.10/site-packages/airflow/example_dags/example_latest_only.py
[2025-02-20T11:38:53.271+0100] {logging_mixin.py:190} INFO - [2025-02-20T11:38:53.271+0100] {dag.py:3239} INFO - Sync 1 DAGs
[2025-02-20T11:38:53.278+0100] {logging_mixin.py:190} INFO - [2025-02-20T11:38:53.278+0100] {dag.py:4180} INFO - Setting next_dagrun for latest_only to 2025-02-20 04:00:00+00:00, run_after=2025-02-20 08:00:00+00:00
[2025-02-20T11:38:53.285+0100] {processor.py:208} INFO - Processing /Users/ajlakorman/Desktop/Data-Mining-Projects/Apache_Airflow/venv/lib/python3.10/site-packages/airflow/example_dags/example_latest_only.py took 0.085 seconds
[2025-02-20T11:49:08.854+0100] {processor.py:186} INFO - Started process (PID=11921) to work on /Users/ajlakorman/Desktop/Data-Mining-Projects/Apache_Airflow/venv/lib/python3.10/site-packages/airflow/example_dags/example_latest_only.py
[2025-02-20T11:49:08.854+0100] {processor.py:914} INFO - Processing file /Users/ajlakorman/Desktop/Data-Mining-Projects/Apache_Airflow/venv/lib/python3.10/site-packages/airflow/example_dags/example_latest_only.py for tasks to queue
[2025-02-20T11:49:08.855+0100] {logging_mixin.py:190} INFO - [2025-02-20T11:49:08.855+0100] {dagbag.py:588} INFO - Filling up the DagBag from /Users/ajlakorman/Desktop/Data-Mining-Projects/Apache_Airflow/venv/lib/python3.10/site-packages/airflow/example_dags/example_latest_only.py
[2025-02-20T11:49:08.858+0100] {processor.py:925} INFO - DAG(s) 'latest_only' retrieved from /Users/ajlakorman/Desktop/Data-Mining-Projects/Apache_Airflow/venv/lib/python3.10/site-packages/airflow/example_dags/example_latest_only.py
[2025-02-20T11:49:08.921+0100] {logging_mixin.py:190} INFO - [2025-02-20T11:49:08.921+0100] {dag.py:3239} INFO - Sync 1 DAGs
[2025-02-20T11:49:08.928+0100] {logging_mixin.py:190} INFO - [2025-02-20T11:49:08.928+0100] {dag.py:4180} INFO - Setting next_dagrun for latest_only to 2025-02-20 04:00:00+00:00, run_after=2025-02-20 08:00:00+00:00
[2025-02-20T11:49:08.935+0100] {processor.py:208} INFO - Processing /Users/ajlakorman/Desktop/Data-Mining-Projects/Apache_Airflow/venv/lib/python3.10/site-packages/airflow/example_dags/example_latest_only.py took 0.083 seconds
[2025-02-20T12:19:35.240+0100] {processor.py:186} INFO - Started process (PID=12058) to work on /Users/ajlakorman/Desktop/Data-Mining-Projects/Apache_Airflow/venv/lib/python3.10/site-packages/airflow/example_dags/example_latest_only.py
[2025-02-20T12:19:35.241+0100] {processor.py:914} INFO - Processing file /Users/ajlakorman/Desktop/Data-Mining-Projects/Apache_Airflow/venv/lib/python3.10/site-packages/airflow/example_dags/example_latest_only.py for tasks to queue
[2025-02-20T12:19:35.242+0100] {logging_mixin.py:190} INFO - [2025-02-20T12:19:35.242+0100] {dagbag.py:588} INFO - Filling up the DagBag from /Users/ajlakorman/Desktop/Data-Mining-Projects/Apache_Airflow/venv/lib/python3.10/site-packages/airflow/example_dags/example_latest_only.py
[2025-02-20T12:19:35.246+0100] {processor.py:925} INFO - DAG(s) 'latest_only' retrieved from /Users/ajlakorman/Desktop/Data-Mining-Projects/Apache_Airflow/venv/lib/python3.10/site-packages/airflow/example_dags/example_latest_only.py
[2025-02-20T12:19:35.313+0100] {logging_mixin.py:190} INFO - [2025-02-20T12:19:35.313+0100] {dag.py:3239} INFO - Sync 1 DAGs
[2025-02-20T12:19:35.320+0100] {logging_mixin.py:190} INFO - [2025-02-20T12:19:35.320+0100] {dag.py:4180} INFO - Setting next_dagrun for latest_only to 2025-02-20 04:00:00+00:00, run_after=2025-02-20 08:00:00+00:00
[2025-02-20T12:19:35.328+0100] {processor.py:208} INFO - Processing /Users/ajlakorman/Desktop/Data-Mining-Projects/Apache_Airflow/venv/lib/python3.10/site-packages/airflow/example_dags/example_latest_only.py took 0.090 seconds
[2025-02-20T12:21:15.939+0100] {processor.py:186} INFO - Started process (PID=12196) to work on /Users/ajlakorman/Desktop/Data-Mining-Projects/Apache_Airflow/venv/lib/python3.10/site-packages/airflow/example_dags/example_latest_only.py
[2025-02-20T12:21:15.941+0100] {processor.py:914} INFO - Processing file /Users/ajlakorman/Desktop/Data-Mining-Projects/Apache_Airflow/venv/lib/python3.10/site-packages/airflow/example_dags/example_latest_only.py for tasks to queue
[2025-02-20T12:21:15.945+0100] {logging_mixin.py:190} INFO - [2025-02-20T12:21:15.944+0100] {dagbag.py:588} INFO - Filling up the DagBag from /Users/ajlakorman/Desktop/Data-Mining-Projects/Apache_Airflow/venv/lib/python3.10/site-packages/airflow/example_dags/example_latest_only.py
[2025-02-20T12:21:15.960+0100] {processor.py:925} INFO - DAG(s) 'latest_only' retrieved from /Users/ajlakorman/Desktop/Data-Mining-Projects/Apache_Airflow/venv/lib/python3.10/site-packages/airflow/example_dags/example_latest_only.py
[2025-02-20T12:21:16.100+0100] {logging_mixin.py:190} INFO - [2025-02-20T12:21:16.099+0100] {dag.py:3239} INFO - Sync 1 DAGs
[2025-02-20T12:21:16.112+0100] {logging_mixin.py:190} INFO - [2025-02-20T12:21:16.112+0100] {dag.py:4180} INFO - Setting next_dagrun for latest_only to 2025-02-20 04:00:00+00:00, run_after=2025-02-20 08:00:00+00:00
[2025-02-20T12:21:16.121+0100] {processor.py:208} INFO - Processing /Users/ajlakorman/Desktop/Data-Mining-Projects/Apache_Airflow/venv/lib/python3.10/site-packages/airflow/example_dags/example_latest_only.py took 0.184 seconds
[2025-02-20T12:23:51.979+0100] {processor.py:186} INFO - Started process (PID=12471) to work on /Users/ajlakorman/Desktop/Data-Mining-Projects/Apache_Airflow/venv/lib/python3.10/site-packages/airflow/example_dags/example_latest_only.py
[2025-02-20T12:23:51.980+0100] {processor.py:914} INFO - Processing file /Users/ajlakorman/Desktop/Data-Mining-Projects/Apache_Airflow/venv/lib/python3.10/site-packages/airflow/example_dags/example_latest_only.py for tasks to queue
[2025-02-20T12:23:51.982+0100] {logging_mixin.py:190} INFO - [2025-02-20T12:23:51.982+0100] {dagbag.py:588} INFO - Filling up the DagBag from /Users/ajlakorman/Desktop/Data-Mining-Projects/Apache_Airflow/venv/lib/python3.10/site-packages/airflow/example_dags/example_latest_only.py
[2025-02-20T12:23:51.986+0100] {processor.py:925} INFO - DAG(s) 'latest_only' retrieved from /Users/ajlakorman/Desktop/Data-Mining-Projects/Apache_Airflow/venv/lib/python3.10/site-packages/airflow/example_dags/example_latest_only.py
[2025-02-20T12:23:52.104+0100] {logging_mixin.py:190} INFO - [2025-02-20T12:23:52.104+0100] {dag.py:3239} INFO - Sync 1 DAGs
[2025-02-20T12:23:52.114+0100] {logging_mixin.py:190} INFO - [2025-02-20T12:23:52.114+0100] {dag.py:4180} INFO - Setting next_dagrun for latest_only to 2025-02-20 04:00:00+00:00, run_after=2025-02-20 08:00:00+00:00
[2025-02-20T12:23:52.124+0100] {processor.py:208} INFO - Processing /Users/ajlakorman/Desktop/Data-Mining-Projects/Apache_Airflow/venv/lib/python3.10/site-packages/airflow/example_dags/example_latest_only.py took 0.149 seconds
[2025-02-20T12:26:17.961+0100] {processor.py:186} INFO - Started process (PID=12748) to work on /Users/ajlakorman/Desktop/Data-Mining-Projects/Apache_Airflow/venv/lib/python3.10/site-packages/airflow/example_dags/example_latest_only.py
[2025-02-20T12:26:17.962+0100] {processor.py:914} INFO - Processing file /Users/ajlakorman/Desktop/Data-Mining-Projects/Apache_Airflow/venv/lib/python3.10/site-packages/airflow/example_dags/example_latest_only.py for tasks to queue
[2025-02-20T12:26:17.963+0100] {logging_mixin.py:190} INFO - [2025-02-20T12:26:17.962+0100] {dagbag.py:588} INFO - Filling up the DagBag from /Users/ajlakorman/Desktop/Data-Mining-Projects/Apache_Airflow/venv/lib/python3.10/site-packages/airflow/example_dags/example_latest_only.py
[2025-02-20T12:26:17.966+0100] {processor.py:925} INFO - DAG(s) 'latest_only' retrieved from /Users/ajlakorman/Desktop/Data-Mining-Projects/Apache_Airflow/venv/lib/python3.10/site-packages/airflow/example_dags/example_latest_only.py
[2025-02-20T12:26:18.034+0100] {logging_mixin.py:190} INFO - [2025-02-20T12:26:18.034+0100] {dag.py:3239} INFO - Sync 1 DAGs
[2025-02-20T12:26:18.041+0100] {logging_mixin.py:190} INFO - [2025-02-20T12:26:18.041+0100] {dag.py:4180} INFO - Setting next_dagrun for latest_only to 2025-02-20 04:00:00+00:00, run_after=2025-02-20 08:00:00+00:00
[2025-02-20T12:26:18.048+0100] {processor.py:208} INFO - Processing /Users/ajlakorman/Desktop/Data-Mining-Projects/Apache_Airflow/venv/lib/python3.10/site-packages/airflow/example_dags/example_latest_only.py took 0.090 seconds
[2025-02-20T12:28:50.558+0100] {processor.py:186} INFO - Started process (PID=13074) to work on /Users/ajlakorman/Desktop/Data-Mining-Projects/Apache_Airflow/venv/lib/python3.10/site-packages/airflow/example_dags/example_latest_only.py
[2025-02-20T12:28:50.559+0100] {processor.py:914} INFO - Processing file /Users/ajlakorman/Desktop/Data-Mining-Projects/Apache_Airflow/venv/lib/python3.10/site-packages/airflow/example_dags/example_latest_only.py for tasks to queue
[2025-02-20T12:28:50.559+0100] {logging_mixin.py:190} INFO - [2025-02-20T12:28:50.559+0100] {dagbag.py:588} INFO - Filling up the DagBag from /Users/ajlakorman/Desktop/Data-Mining-Projects/Apache_Airflow/venv/lib/python3.10/site-packages/airflow/example_dags/example_latest_only.py
[2025-02-20T12:28:50.563+0100] {processor.py:925} INFO - DAG(s) 'latest_only' retrieved from /Users/ajlakorman/Desktop/Data-Mining-Projects/Apache_Airflow/venv/lib/python3.10/site-packages/airflow/example_dags/example_latest_only.py
[2025-02-20T12:28:50.629+0100] {logging_mixin.py:190} INFO - [2025-02-20T12:28:50.629+0100] {dag.py:3239} INFO - Sync 1 DAGs
[2025-02-20T12:28:50.636+0100] {logging_mixin.py:190} INFO - [2025-02-20T12:28:50.636+0100] {dag.py:4180} INFO - Setting next_dagrun for latest_only to 2025-02-20 04:00:00+00:00, run_after=2025-02-20 08:00:00+00:00
[2025-02-20T12:28:50.643+0100] {processor.py:208} INFO - Processing /Users/ajlakorman/Desktop/Data-Mining-Projects/Apache_Airflow/venv/lib/python3.10/site-packages/airflow/example_dags/example_latest_only.py took 0.087 seconds
[2025-02-20T12:31:16.105+0100] {processor.py:186} INFO - Started process (PID=13396) to work on /Users/ajlakorman/Desktop/Data-Mining-Projects/Apache_Airflow/venv/lib/python3.10/site-packages/airflow/example_dags/example_latest_only.py
[2025-02-20T12:31:16.106+0100] {processor.py:914} INFO - Processing file /Users/ajlakorman/Desktop/Data-Mining-Projects/Apache_Airflow/venv/lib/python3.10/site-packages/airflow/example_dags/example_latest_only.py for tasks to queue
[2025-02-20T12:31:16.107+0100] {logging_mixin.py:190} INFO - [2025-02-20T12:31:16.106+0100] {dagbag.py:588} INFO - Filling up the DagBag from /Users/ajlakorman/Desktop/Data-Mining-Projects/Apache_Airflow/venv/lib/python3.10/site-packages/airflow/example_dags/example_latest_only.py
[2025-02-20T12:31:16.110+0100] {processor.py:925} INFO - DAG(s) 'latest_only' retrieved from /Users/ajlakorman/Desktop/Data-Mining-Projects/Apache_Airflow/venv/lib/python3.10/site-packages/airflow/example_dags/example_latest_only.py
[2025-02-20T12:31:16.175+0100] {logging_mixin.py:190} INFO - [2025-02-20T12:31:16.175+0100] {dag.py:3239} INFO - Sync 1 DAGs
[2025-02-20T12:31:16.182+0100] {logging_mixin.py:190} INFO - [2025-02-20T12:31:16.182+0100] {dag.py:4180} INFO - Setting next_dagrun for latest_only to 2025-02-20 04:00:00+00:00, run_after=2025-02-20 08:00:00+00:00
[2025-02-20T12:31:16.189+0100] {processor.py:208} INFO - Processing /Users/ajlakorman/Desktop/Data-Mining-Projects/Apache_Airflow/venv/lib/python3.10/site-packages/airflow/example_dags/example_latest_only.py took 0.086 seconds
[2025-02-20T12:33:51.753+0100] {processor.py:186} INFO - Started process (PID=13711) to work on /Users/ajlakorman/Desktop/Data-Mining-Projects/Apache_Airflow/venv/lib/python3.10/site-packages/airflow/example_dags/example_latest_only.py
[2025-02-20T12:33:51.754+0100] {processor.py:914} INFO - Processing file /Users/ajlakorman/Desktop/Data-Mining-Projects/Apache_Airflow/venv/lib/python3.10/site-packages/airflow/example_dags/example_latest_only.py for tasks to queue
[2025-02-20T12:33:51.754+0100] {logging_mixin.py:190} INFO - [2025-02-20T12:33:51.754+0100] {dagbag.py:588} INFO - Filling up the DagBag from /Users/ajlakorman/Desktop/Data-Mining-Projects/Apache_Airflow/venv/lib/python3.10/site-packages/airflow/example_dags/example_latest_only.py
[2025-02-20T12:33:51.758+0100] {processor.py:925} INFO - DAG(s) 'latest_only' retrieved from /Users/ajlakorman/Desktop/Data-Mining-Projects/Apache_Airflow/venv/lib/python3.10/site-packages/airflow/example_dags/example_latest_only.py
[2025-02-20T12:33:51.823+0100] {logging_mixin.py:190} INFO - [2025-02-20T12:33:51.823+0100] {dag.py:3239} INFO - Sync 1 DAGs
[2025-02-20T12:33:51.829+0100] {logging_mixin.py:190} INFO - [2025-02-20T12:33:51.829+0100] {dag.py:4180} INFO - Setting next_dagrun for latest_only to 2025-02-20 04:00:00+00:00, run_after=2025-02-20 08:00:00+00:00
[2025-02-20T12:33:51.836+0100] {processor.py:208} INFO - Processing /Users/ajlakorman/Desktop/Data-Mining-Projects/Apache_Airflow/venv/lib/python3.10/site-packages/airflow/example_dags/example_latest_only.py took 0.085 seconds
[2025-02-20T12:36:26.824+0100] {processor.py:186} INFO - Started process (PID=14081) to work on /Users/ajlakorman/Desktop/Data-Mining-Projects/Apache_Airflow/venv/lib/python3.10/site-packages/airflow/example_dags/example_latest_only.py
[2025-02-20T12:36:26.825+0100] {processor.py:914} INFO - Processing file /Users/ajlakorman/Desktop/Data-Mining-Projects/Apache_Airflow/venv/lib/python3.10/site-packages/airflow/example_dags/example_latest_only.py for tasks to queue
[2025-02-20T12:36:26.826+0100] {logging_mixin.py:190} INFO - [2025-02-20T12:36:26.826+0100] {dagbag.py:588} INFO - Filling up the DagBag from /Users/ajlakorman/Desktop/Data-Mining-Projects/Apache_Airflow/venv/lib/python3.10/site-packages/airflow/example_dags/example_latest_only.py
[2025-02-20T12:36:26.829+0100] {processor.py:925} INFO - DAG(s) 'latest_only' retrieved from /Users/ajlakorman/Desktop/Data-Mining-Projects/Apache_Airflow/venv/lib/python3.10/site-packages/airflow/example_dags/example_latest_only.py
[2025-02-20T12:36:26.893+0100] {logging_mixin.py:190} INFO - [2025-02-20T12:36:26.893+0100] {dag.py:3239} INFO - Sync 1 DAGs
[2025-02-20T12:36:26.899+0100] {logging_mixin.py:190} INFO - [2025-02-20T12:36:26.899+0100] {dag.py:4180} INFO - Setting next_dagrun for latest_only to 2025-02-20 04:00:00+00:00, run_after=2025-02-20 08:00:00+00:00
[2025-02-20T12:36:26.906+0100] {processor.py:208} INFO - Processing /Users/ajlakorman/Desktop/Data-Mining-Projects/Apache_Airflow/venv/lib/python3.10/site-packages/airflow/example_dags/example_latest_only.py took 0.084 seconds
[2025-02-20T12:38:55.874+0100] {processor.py:186} INFO - Started process (PID=14438) to work on /Users/ajlakorman/Desktop/Data-Mining-Projects/Apache_Airflow/venv/lib/python3.10/site-packages/airflow/example_dags/example_latest_only.py
[2025-02-20T12:38:55.875+0100] {processor.py:914} INFO - Processing file /Users/ajlakorman/Desktop/Data-Mining-Projects/Apache_Airflow/venv/lib/python3.10/site-packages/airflow/example_dags/example_latest_only.py for tasks to queue
[2025-02-20T12:38:55.875+0100] {logging_mixin.py:190} INFO - [2025-02-20T12:38:55.875+0100] {dagbag.py:588} INFO - Filling up the DagBag from /Users/ajlakorman/Desktop/Data-Mining-Projects/Apache_Airflow/venv/lib/python3.10/site-packages/airflow/example_dags/example_latest_only.py
[2025-02-20T12:38:55.880+0100] {processor.py:925} INFO - DAG(s) 'latest_only' retrieved from /Users/ajlakorman/Desktop/Data-Mining-Projects/Apache_Airflow/venv/lib/python3.10/site-packages/airflow/example_dags/example_latest_only.py
[2025-02-20T12:38:55.946+0100] {logging_mixin.py:190} INFO - [2025-02-20T12:38:55.946+0100] {dag.py:3239} INFO - Sync 1 DAGs
[2025-02-20T12:38:55.953+0100] {logging_mixin.py:190} INFO - [2025-02-20T12:38:55.953+0100] {dag.py:4180} INFO - Setting next_dagrun for latest_only to 2025-02-20 04:00:00+00:00, run_after=2025-02-20 08:00:00+00:00
[2025-02-20T12:38:55.960+0100] {processor.py:208} INFO - Processing /Users/ajlakorman/Desktop/Data-Mining-Projects/Apache_Airflow/venv/lib/python3.10/site-packages/airflow/example_dags/example_latest_only.py took 0.088 seconds
[2025-02-20T12:57:04.171+0100] {processor.py:186} INFO - Started process (PID=14842) to work on /Users/ajlakorman/Desktop/Data-Mining-Projects/Apache_Airflow/venv/lib/python3.10/site-packages/airflow/example_dags/example_latest_only.py
[2025-02-20T12:57:04.171+0100] {processor.py:914} INFO - Processing file /Users/ajlakorman/Desktop/Data-Mining-Projects/Apache_Airflow/venv/lib/python3.10/site-packages/airflow/example_dags/example_latest_only.py for tasks to queue
[2025-02-20T12:57:04.172+0100] {logging_mixin.py:190} INFO - [2025-02-20T12:57:04.172+0100] {dagbag.py:588} INFO - Filling up the DagBag from /Users/ajlakorman/Desktop/Data-Mining-Projects/Apache_Airflow/venv/lib/python3.10/site-packages/airflow/example_dags/example_latest_only.py
[2025-02-20T12:57:04.177+0100] {processor.py:925} INFO - DAG(s) 'latest_only' retrieved from /Users/ajlakorman/Desktop/Data-Mining-Projects/Apache_Airflow/venv/lib/python3.10/site-packages/airflow/example_dags/example_latest_only.py
[2025-02-20T12:57:04.259+0100] {logging_mixin.py:190} INFO - [2025-02-20T12:57:04.259+0100] {dag.py:3239} INFO - Sync 1 DAGs
[2025-02-20T12:57:04.266+0100] {logging_mixin.py:190} INFO - [2025-02-20T12:57:04.266+0100] {dag.py:4180} INFO - Setting next_dagrun for latest_only to 2025-02-20 04:00:00+00:00, run_after=2025-02-20 08:00:00+00:00
[2025-02-20T12:57:04.273+0100] {processor.py:208} INFO - Processing /Users/ajlakorman/Desktop/Data-Mining-Projects/Apache_Airflow/venv/lib/python3.10/site-packages/airflow/example_dags/example_latest_only.py took 0.105 seconds
[2025-02-20T12:59:58.406+0100] {processor.py:186} INFO - Started process (PID=15100) to work on /Users/ajlakorman/Desktop/Data-Mining-Projects/Apache_Airflow/venv/lib/python3.10/site-packages/airflow/example_dags/example_latest_only.py
[2025-02-20T12:59:58.408+0100] {processor.py:914} INFO - Processing file /Users/ajlakorman/Desktop/Data-Mining-Projects/Apache_Airflow/venv/lib/python3.10/site-packages/airflow/example_dags/example_latest_only.py for tasks to queue
[2025-02-20T12:59:58.408+0100] {logging_mixin.py:190} INFO - [2025-02-20T12:59:58.408+0100] {dagbag.py:588} INFO - Filling up the DagBag from /Users/ajlakorman/Desktop/Data-Mining-Projects/Apache_Airflow/venv/lib/python3.10/site-packages/airflow/example_dags/example_latest_only.py
[2025-02-20T12:59:58.412+0100] {processor.py:925} INFO - DAG(s) 'latest_only' retrieved from /Users/ajlakorman/Desktop/Data-Mining-Projects/Apache_Airflow/venv/lib/python3.10/site-packages/airflow/example_dags/example_latest_only.py
[2025-02-20T12:59:58.484+0100] {logging_mixin.py:190} INFO - [2025-02-20T12:59:58.484+0100] {dag.py:3239} INFO - Sync 1 DAGs
[2025-02-20T12:59:58.491+0100] {logging_mixin.py:190} INFO - [2025-02-20T12:59:58.491+0100] {dag.py:4180} INFO - Setting next_dagrun for latest_only to 2025-02-20 04:00:00+00:00, run_after=2025-02-20 08:00:00+00:00
[2025-02-20T12:59:58.504+0100] {processor.py:208} INFO - Processing /Users/ajlakorman/Desktop/Data-Mining-Projects/Apache_Airflow/venv/lib/python3.10/site-packages/airflow/example_dags/example_latest_only.py took 0.099 seconds
[2025-02-20T13:02:38.503+0100] {processor.py:186} INFO - Started process (PID=15329) to work on /Users/ajlakorman/Desktop/Data-Mining-Projects/Apache_Airflow/venv/lib/python3.10/site-packages/airflow/example_dags/example_latest_only.py
[2025-02-20T13:02:38.504+0100] {processor.py:914} INFO - Processing file /Users/ajlakorman/Desktop/Data-Mining-Projects/Apache_Airflow/venv/lib/python3.10/site-packages/airflow/example_dags/example_latest_only.py for tasks to queue
[2025-02-20T13:02:38.504+0100] {logging_mixin.py:190} INFO - [2025-02-20T13:02:38.504+0100] {dagbag.py:588} INFO - Filling up the DagBag from /Users/ajlakorman/Desktop/Data-Mining-Projects/Apache_Airflow/venv/lib/python3.10/site-packages/airflow/example_dags/example_latest_only.py
[2025-02-20T13:02:38.508+0100] {processor.py:925} INFO - DAG(s) 'latest_only' retrieved from /Users/ajlakorman/Desktop/Data-Mining-Projects/Apache_Airflow/venv/lib/python3.10/site-packages/airflow/example_dags/example_latest_only.py
[2025-02-20T13:02:38.570+0100] {logging_mixin.py:190} INFO - [2025-02-20T13:02:38.570+0100] {dag.py:3239} INFO - Sync 1 DAGs
[2025-02-20T13:02:38.576+0100] {logging_mixin.py:190} INFO - [2025-02-20T13:02:38.576+0100] {dag.py:4180} INFO - Setting next_dagrun for latest_only to 2025-02-20 08:00:00+00:00, run_after=2025-02-20 12:00:00+00:00
[2025-02-20T13:02:38.583+0100] {processor.py:208} INFO - Processing /Users/ajlakorman/Desktop/Data-Mining-Projects/Apache_Airflow/venv/lib/python3.10/site-packages/airflow/example_dags/example_latest_only.py took 0.082 seconds
[2025-02-20T13:08:10.396+0100] {processor.py:186} INFO - Started process (PID=15660) to work on /Users/ajlakorman/Desktop/Data-Mining-Projects/Apache_Airflow/venv/lib/python3.10/site-packages/airflow/example_dags/example_latest_only.py
[2025-02-20T13:08:10.397+0100] {processor.py:914} INFO - Processing file /Users/ajlakorman/Desktop/Data-Mining-Projects/Apache_Airflow/venv/lib/python3.10/site-packages/airflow/example_dags/example_latest_only.py for tasks to queue
[2025-02-20T13:08:10.397+0100] {logging_mixin.py:190} INFO - [2025-02-20T13:08:10.397+0100] {dagbag.py:588} INFO - Filling up the DagBag from /Users/ajlakorman/Desktop/Data-Mining-Projects/Apache_Airflow/venv/lib/python3.10/site-packages/airflow/example_dags/example_latest_only.py
[2025-02-20T13:08:10.402+0100] {processor.py:925} INFO - DAG(s) 'latest_only' retrieved from /Users/ajlakorman/Desktop/Data-Mining-Projects/Apache_Airflow/venv/lib/python3.10/site-packages/airflow/example_dags/example_latest_only.py
[2025-02-20T13:08:10.472+0100] {logging_mixin.py:190} INFO - [2025-02-20T13:08:10.471+0100] {dag.py:3239} INFO - Sync 1 DAGs
[2025-02-20T13:08:10.478+0100] {logging_mixin.py:190} INFO - [2025-02-20T13:08:10.478+0100] {dag.py:4180} INFO - Setting next_dagrun for latest_only to 2025-02-20 08:00:00+00:00, run_after=2025-02-20 12:00:00+00:00
[2025-02-20T13:08:10.486+0100] {processor.py:208} INFO - Processing /Users/ajlakorman/Desktop/Data-Mining-Projects/Apache_Airflow/venv/lib/python3.10/site-packages/airflow/example_dags/example_latest_only.py took 0.092 seconds
[2025-02-20T13:10:55.846+0100] {processor.py:186} INFO - Started process (PID=16018) to work on /Users/ajlakorman/Desktop/Data-Mining-Projects/Apache_Airflow/venv/lib/python3.10/site-packages/airflow/example_dags/example_latest_only.py
[2025-02-20T13:10:55.847+0100] {processor.py:914} INFO - Processing file /Users/ajlakorman/Desktop/Data-Mining-Projects/Apache_Airflow/venv/lib/python3.10/site-packages/airflow/example_dags/example_latest_only.py for tasks to queue
[2025-02-20T13:10:55.848+0100] {logging_mixin.py:190} INFO - [2025-02-20T13:10:55.847+0100] {dagbag.py:588} INFO - Filling up the DagBag from /Users/ajlakorman/Desktop/Data-Mining-Projects/Apache_Airflow/venv/lib/python3.10/site-packages/airflow/example_dags/example_latest_only.py
[2025-02-20T13:10:55.851+0100] {processor.py:925} INFO - DAG(s) 'latest_only' retrieved from /Users/ajlakorman/Desktop/Data-Mining-Projects/Apache_Airflow/venv/lib/python3.10/site-packages/airflow/example_dags/example_latest_only.py
[2025-02-20T13:10:55.915+0100] {logging_mixin.py:190} INFO - [2025-02-20T13:10:55.915+0100] {dag.py:3239} INFO - Sync 1 DAGs
[2025-02-20T13:10:55.922+0100] {logging_mixin.py:190} INFO - [2025-02-20T13:10:55.922+0100] {dag.py:4180} INFO - Setting next_dagrun for latest_only to 2025-02-20 08:00:00+00:00, run_after=2025-02-20 12:00:00+00:00
[2025-02-20T13:10:55.929+0100] {processor.py:208} INFO - Processing /Users/ajlakorman/Desktop/Data-Mining-Projects/Apache_Airflow/venv/lib/python3.10/site-packages/airflow/example_dags/example_latest_only.py took 0.084 seconds
[2025-02-20T13:13:55.509+0100] {processor.py:186} INFO - Started process (PID=16296) to work on /Users/ajlakorman/Desktop/Data-Mining-Projects/Apache_Airflow/venv/lib/python3.10/site-packages/airflow/example_dags/example_latest_only.py
[2025-02-20T13:13:55.509+0100] {processor.py:914} INFO - Processing file /Users/ajlakorman/Desktop/Data-Mining-Projects/Apache_Airflow/venv/lib/python3.10/site-packages/airflow/example_dags/example_latest_only.py for tasks to queue
[2025-02-20T13:13:55.510+0100] {logging_mixin.py:190} INFO - [2025-02-20T13:13:55.510+0100] {dagbag.py:588} INFO - Filling up the DagBag from /Users/ajlakorman/Desktop/Data-Mining-Projects/Apache_Airflow/venv/lib/python3.10/site-packages/airflow/example_dags/example_latest_only.py
[2025-02-20T13:13:55.514+0100] {processor.py:925} INFO - DAG(s) 'latest_only' retrieved from /Users/ajlakorman/Desktop/Data-Mining-Projects/Apache_Airflow/venv/lib/python3.10/site-packages/airflow/example_dags/example_latest_only.py
[2025-02-20T13:13:55.589+0100] {logging_mixin.py:190} INFO - [2025-02-20T13:13:55.589+0100] {dag.py:3239} INFO - Sync 1 DAGs
[2025-02-20T13:13:55.596+0100] {logging_mixin.py:190} INFO - [2025-02-20T13:13:55.596+0100] {dag.py:4180} INFO - Setting next_dagrun for latest_only to 2025-02-20 08:00:00+00:00, run_after=2025-02-20 12:00:00+00:00
[2025-02-20T13:13:55.604+0100] {processor.py:208} INFO - Processing /Users/ajlakorman/Desktop/Data-Mining-Projects/Apache_Airflow/venv/lib/python3.10/site-packages/airflow/example_dags/example_latest_only.py took 0.097 seconds
[2025-02-20T13:16:52.343+0100] {processor.py:186} INFO - Started process (PID=16617) to work on /Users/ajlakorman/Desktop/Data-Mining-Projects/Apache_Airflow/venv/lib/python3.10/site-packages/airflow/example_dags/example_latest_only.py
[2025-02-20T13:16:52.344+0100] {processor.py:914} INFO - Processing file /Users/ajlakorman/Desktop/Data-Mining-Projects/Apache_Airflow/venv/lib/python3.10/site-packages/airflow/example_dags/example_latest_only.py for tasks to queue
[2025-02-20T13:16:52.344+0100] {logging_mixin.py:190} INFO - [2025-02-20T13:16:52.344+0100] {dagbag.py:588} INFO - Filling up the DagBag from /Users/ajlakorman/Desktop/Data-Mining-Projects/Apache_Airflow/venv/lib/python3.10/site-packages/airflow/example_dags/example_latest_only.py
[2025-02-20T13:16:52.348+0100] {processor.py:925} INFO - DAG(s) 'latest_only' retrieved from /Users/ajlakorman/Desktop/Data-Mining-Projects/Apache_Airflow/venv/lib/python3.10/site-packages/airflow/example_dags/example_latest_only.py
[2025-02-20T13:16:52.414+0100] {logging_mixin.py:190} INFO - [2025-02-20T13:16:52.413+0100] {dag.py:3239} INFO - Sync 1 DAGs
[2025-02-20T13:16:52.420+0100] {logging_mixin.py:190} INFO - [2025-02-20T13:16:52.420+0100] {dag.py:4180} INFO - Setting next_dagrun for latest_only to 2025-02-20 08:00:00+00:00, run_after=2025-02-20 12:00:00+00:00
[2025-02-20T13:16:52.427+0100] {processor.py:208} INFO - Processing /Users/ajlakorman/Desktop/Data-Mining-Projects/Apache_Airflow/venv/lib/python3.10/site-packages/airflow/example_dags/example_latest_only.py took 0.086 seconds
[2025-02-20T13:20:00.550+0100] {processor.py:186} INFO - Started process (PID=16972) to work on /Users/ajlakorman/Desktop/Data-Mining-Projects/Apache_Airflow/venv/lib/python3.10/site-packages/airflow/example_dags/example_latest_only.py
[2025-02-20T13:20:00.551+0100] {processor.py:914} INFO - Processing file /Users/ajlakorman/Desktop/Data-Mining-Projects/Apache_Airflow/venv/lib/python3.10/site-packages/airflow/example_dags/example_latest_only.py for tasks to queue
[2025-02-20T13:20:00.551+0100] {logging_mixin.py:190} INFO - [2025-02-20T13:20:00.551+0100] {dagbag.py:588} INFO - Filling up the DagBag from /Users/ajlakorman/Desktop/Data-Mining-Projects/Apache_Airflow/venv/lib/python3.10/site-packages/airflow/example_dags/example_latest_only.py
[2025-02-20T13:20:00.555+0100] {processor.py:925} INFO - DAG(s) 'latest_only' retrieved from /Users/ajlakorman/Desktop/Data-Mining-Projects/Apache_Airflow/venv/lib/python3.10/site-packages/airflow/example_dags/example_latest_only.py
[2025-02-20T13:20:00.618+0100] {logging_mixin.py:190} INFO - [2025-02-20T13:20:00.618+0100] {dag.py:3239} INFO - Sync 1 DAGs
[2025-02-20T13:20:00.629+0100] {logging_mixin.py:190} INFO - [2025-02-20T13:20:00.629+0100] {dag.py:4180} INFO - Setting next_dagrun for latest_only to 2025-02-20 08:00:00+00:00, run_after=2025-02-20 12:00:00+00:00
[2025-02-20T13:20:00.641+0100] {processor.py:208} INFO - Processing /Users/ajlakorman/Desktop/Data-Mining-Projects/Apache_Airflow/venv/lib/python3.10/site-packages/airflow/example_dags/example_latest_only.py took 0.093 seconds
[2025-02-20T13:22:53.262+0100] {processor.py:186} INFO - Started process (PID=17315) to work on /Users/ajlakorman/Desktop/Data-Mining-Projects/Apache_Airflow/venv/lib/python3.10/site-packages/airflow/example_dags/example_latest_only.py
[2025-02-20T13:22:53.263+0100] {processor.py:914} INFO - Processing file /Users/ajlakorman/Desktop/Data-Mining-Projects/Apache_Airflow/venv/lib/python3.10/site-packages/airflow/example_dags/example_latest_only.py for tasks to queue
[2025-02-20T13:22:53.264+0100] {logging_mixin.py:190} INFO - [2025-02-20T13:22:53.264+0100] {dagbag.py:588} INFO - Filling up the DagBag from /Users/ajlakorman/Desktop/Data-Mining-Projects/Apache_Airflow/venv/lib/python3.10/site-packages/airflow/example_dags/example_latest_only.py
[2025-02-20T13:22:53.267+0100] {processor.py:925} INFO - DAG(s) 'latest_only' retrieved from /Users/ajlakorman/Desktop/Data-Mining-Projects/Apache_Airflow/venv/lib/python3.10/site-packages/airflow/example_dags/example_latest_only.py
[2025-02-20T13:22:53.331+0100] {logging_mixin.py:190} INFO - [2025-02-20T13:22:53.331+0100] {dag.py:3239} INFO - Sync 1 DAGs
[2025-02-20T13:22:53.338+0100] {logging_mixin.py:190} INFO - [2025-02-20T13:22:53.338+0100] {dag.py:4180} INFO - Setting next_dagrun for latest_only to 2025-02-20 08:00:00+00:00, run_after=2025-02-20 12:00:00+00:00
[2025-02-20T13:22:53.345+0100] {processor.py:208} INFO - Processing /Users/ajlakorman/Desktop/Data-Mining-Projects/Apache_Airflow/venv/lib/python3.10/site-packages/airflow/example_dags/example_latest_only.py took 0.084 seconds
[2025-02-20T13:25:31.436+0100] {processor.py:186} INFO - Started process (PID=17529) to work on /Users/ajlakorman/Desktop/Data-Mining-Projects/Apache_Airflow/venv/lib/python3.10/site-packages/airflow/example_dags/example_latest_only.py
[2025-02-20T13:25:31.437+0100] {processor.py:914} INFO - Processing file /Users/ajlakorman/Desktop/Data-Mining-Projects/Apache_Airflow/venv/lib/python3.10/site-packages/airflow/example_dags/example_latest_only.py for tasks to queue
[2025-02-20T13:25:31.438+0100] {logging_mixin.py:190} INFO - [2025-02-20T13:25:31.438+0100] {dagbag.py:588} INFO - Filling up the DagBag from /Users/ajlakorman/Desktop/Data-Mining-Projects/Apache_Airflow/venv/lib/python3.10/site-packages/airflow/example_dags/example_latest_only.py
[2025-02-20T13:25:31.441+0100] {processor.py:925} INFO - DAG(s) 'latest_only' retrieved from /Users/ajlakorman/Desktop/Data-Mining-Projects/Apache_Airflow/venv/lib/python3.10/site-packages/airflow/example_dags/example_latest_only.py
[2025-02-20T13:25:31.508+0100] {logging_mixin.py:190} INFO - [2025-02-20T13:25:31.508+0100] {dag.py:3239} INFO - Sync 1 DAGs
[2025-02-20T13:25:31.515+0100] {logging_mixin.py:190} INFO - [2025-02-20T13:25:31.515+0100] {dag.py:4180} INFO - Setting next_dagrun for latest_only to 2025-02-20 08:00:00+00:00, run_after=2025-02-20 12:00:00+00:00
[2025-02-20T13:25:31.522+0100] {processor.py:208} INFO - Processing /Users/ajlakorman/Desktop/Data-Mining-Projects/Apache_Airflow/venv/lib/python3.10/site-packages/airflow/example_dags/example_latest_only.py took 0.088 seconds
[2025-02-20T13:28:10.107+0100] {processor.py:186} INFO - Started process (PID=17911) to work on /Users/ajlakorman/Desktop/Data-Mining-Projects/Apache_Airflow/venv/lib/python3.10/site-packages/airflow/example_dags/example_latest_only.py
[2025-02-20T13:28:10.108+0100] {processor.py:914} INFO - Processing file /Users/ajlakorman/Desktop/Data-Mining-Projects/Apache_Airflow/venv/lib/python3.10/site-packages/airflow/example_dags/example_latest_only.py for tasks to queue
[2025-02-20T13:28:10.108+0100] {logging_mixin.py:190} INFO - [2025-02-20T13:28:10.108+0100] {dagbag.py:588} INFO - Filling up the DagBag from /Users/ajlakorman/Desktop/Data-Mining-Projects/Apache_Airflow/venv/lib/python3.10/site-packages/airflow/example_dags/example_latest_only.py
[2025-02-20T13:28:10.111+0100] {processor.py:925} INFO - DAG(s) 'latest_only' retrieved from /Users/ajlakorman/Desktop/Data-Mining-Projects/Apache_Airflow/venv/lib/python3.10/site-packages/airflow/example_dags/example_latest_only.py
[2025-02-20T13:28:10.181+0100] {logging_mixin.py:190} INFO - [2025-02-20T13:28:10.180+0100] {dag.py:3239} INFO - Sync 1 DAGs
[2025-02-20T13:28:10.188+0100] {logging_mixin.py:190} INFO - [2025-02-20T13:28:10.188+0100] {dag.py:4180} INFO - Setting next_dagrun for latest_only to 2025-02-20 08:00:00+00:00, run_after=2025-02-20 12:00:00+00:00
[2025-02-20T13:28:10.196+0100] {processor.py:208} INFO - Processing /Users/ajlakorman/Desktop/Data-Mining-Projects/Apache_Airflow/venv/lib/python3.10/site-packages/airflow/example_dags/example_latest_only.py took 0.090 seconds
[2025-02-20T13:30:46.183+0100] {processor.py:186} INFO - Started process (PID=18109) to work on /Users/ajlakorman/Desktop/Data-Mining-Projects/Apache_Airflow/venv/lib/python3.10/site-packages/airflow/example_dags/example_latest_only.py
[2025-02-20T13:30:46.185+0100] {processor.py:914} INFO - Processing file /Users/ajlakorman/Desktop/Data-Mining-Projects/Apache_Airflow/venv/lib/python3.10/site-packages/airflow/example_dags/example_latest_only.py for tasks to queue
[2025-02-20T13:30:46.185+0100] {logging_mixin.py:190} INFO - [2025-02-20T13:30:46.185+0100] {dagbag.py:588} INFO - Filling up the DagBag from /Users/ajlakorman/Desktop/Data-Mining-Projects/Apache_Airflow/venv/lib/python3.10/site-packages/airflow/example_dags/example_latest_only.py
[2025-02-20T13:30:46.189+0100] {processor.py:925} INFO - DAG(s) 'latest_only' retrieved from /Users/ajlakorman/Desktop/Data-Mining-Projects/Apache_Airflow/venv/lib/python3.10/site-packages/airflow/example_dags/example_latest_only.py
[2025-02-20T13:30:46.252+0100] {logging_mixin.py:190} INFO - [2025-02-20T13:30:46.252+0100] {dag.py:3239} INFO - Sync 1 DAGs
[2025-02-20T13:30:46.259+0100] {logging_mixin.py:190} INFO - [2025-02-20T13:30:46.259+0100] {dag.py:4180} INFO - Setting next_dagrun for latest_only to 2025-02-20 08:00:00+00:00, run_after=2025-02-20 12:00:00+00:00
[2025-02-20T13:30:46.266+0100] {processor.py:208} INFO - Processing /Users/ajlakorman/Desktop/Data-Mining-Projects/Apache_Airflow/venv/lib/python3.10/site-packages/airflow/example_dags/example_latest_only.py took 0.084 seconds
[2025-02-20T13:33:27.884+0100] {processor.py:186} INFO - Started process (PID=18300) to work on /Users/ajlakorman/Desktop/Data-Mining-Projects/Apache_Airflow/venv/lib/python3.10/site-packages/airflow/example_dags/example_latest_only.py
[2025-02-20T13:33:27.885+0100] {processor.py:914} INFO - Processing file /Users/ajlakorman/Desktop/Data-Mining-Projects/Apache_Airflow/venv/lib/python3.10/site-packages/airflow/example_dags/example_latest_only.py for tasks to queue
[2025-02-20T13:33:27.885+0100] {logging_mixin.py:190} INFO - [2025-02-20T13:33:27.885+0100] {dagbag.py:588} INFO - Filling up the DagBag from /Users/ajlakorman/Desktop/Data-Mining-Projects/Apache_Airflow/venv/lib/python3.10/site-packages/airflow/example_dags/example_latest_only.py
[2025-02-20T13:33:27.889+0100] {processor.py:925} INFO - DAG(s) 'latest_only' retrieved from /Users/ajlakorman/Desktop/Data-Mining-Projects/Apache_Airflow/venv/lib/python3.10/site-packages/airflow/example_dags/example_latest_only.py
[2025-02-20T13:33:27.968+0100] {logging_mixin.py:190} INFO - [2025-02-20T13:33:27.968+0100] {dag.py:3239} INFO - Sync 1 DAGs
[2025-02-20T13:33:27.978+0100] {logging_mixin.py:190} INFO - [2025-02-20T13:33:27.977+0100] {dag.py:4180} INFO - Setting next_dagrun for latest_only to 2025-02-20 08:00:00+00:00, run_after=2025-02-20 12:00:00+00:00
[2025-02-20T13:33:27.987+0100] {processor.py:208} INFO - Processing /Users/ajlakorman/Desktop/Data-Mining-Projects/Apache_Airflow/venv/lib/python3.10/site-packages/airflow/example_dags/example_latest_only.py took 0.104 seconds
[2025-02-20T13:36:10.845+0100] {processor.py:186} INFO - Started process (PID=18638) to work on /Users/ajlakorman/Desktop/Data-Mining-Projects/Apache_Airflow/venv/lib/python3.10/site-packages/airflow/example_dags/example_latest_only.py
[2025-02-20T13:36:10.846+0100] {processor.py:914} INFO - Processing file /Users/ajlakorman/Desktop/Data-Mining-Projects/Apache_Airflow/venv/lib/python3.10/site-packages/airflow/example_dags/example_latest_only.py for tasks to queue
[2025-02-20T13:36:10.846+0100] {logging_mixin.py:190} INFO - [2025-02-20T13:36:10.846+0100] {dagbag.py:588} INFO - Filling up the DagBag from /Users/ajlakorman/Desktop/Data-Mining-Projects/Apache_Airflow/venv/lib/python3.10/site-packages/airflow/example_dags/example_latest_only.py
[2025-02-20T13:36:10.859+0100] {processor.py:925} INFO - DAG(s) 'latest_only' retrieved from /Users/ajlakorman/Desktop/Data-Mining-Projects/Apache_Airflow/venv/lib/python3.10/site-packages/airflow/example_dags/example_latest_only.py
[2025-02-20T13:36:10.927+0100] {logging_mixin.py:190} INFO - [2025-02-20T13:36:10.927+0100] {dag.py:3239} INFO - Sync 1 DAGs
[2025-02-20T13:36:10.934+0100] {logging_mixin.py:190} INFO - [2025-02-20T13:36:10.934+0100] {dag.py:4180} INFO - Setting next_dagrun for latest_only to 2025-02-20 08:00:00+00:00, run_after=2025-02-20 12:00:00+00:00
[2025-02-20T13:36:10.947+0100] {processor.py:208} INFO - Processing /Users/ajlakorman/Desktop/Data-Mining-Projects/Apache_Airflow/venv/lib/python3.10/site-packages/airflow/example_dags/example_latest_only.py took 0.103 seconds
[2025-02-20T13:38:50.704+0100] {processor.py:186} INFO - Started process (PID=19040) to work on /Users/ajlakorman/Desktop/Data-Mining-Projects/Apache_Airflow/venv/lib/python3.10/site-packages/airflow/example_dags/example_latest_only.py
[2025-02-20T13:38:50.705+0100] {processor.py:914} INFO - Processing file /Users/ajlakorman/Desktop/Data-Mining-Projects/Apache_Airflow/venv/lib/python3.10/site-packages/airflow/example_dags/example_latest_only.py for tasks to queue
[2025-02-20T13:38:50.705+0100] {logging_mixin.py:190} INFO - [2025-02-20T13:38:50.705+0100] {dagbag.py:588} INFO - Filling up the DagBag from /Users/ajlakorman/Desktop/Data-Mining-Projects/Apache_Airflow/venv/lib/python3.10/site-packages/airflow/example_dags/example_latest_only.py
[2025-02-20T13:38:50.709+0100] {processor.py:925} INFO - DAG(s) 'latest_only' retrieved from /Users/ajlakorman/Desktop/Data-Mining-Projects/Apache_Airflow/venv/lib/python3.10/site-packages/airflow/example_dags/example_latest_only.py
[2025-02-20T13:38:50.774+0100] {logging_mixin.py:190} INFO - [2025-02-20T13:38:50.773+0100] {dag.py:3239} INFO - Sync 1 DAGs
[2025-02-20T13:38:50.784+0100] {logging_mixin.py:190} INFO - [2025-02-20T13:38:50.784+0100] {dag.py:4180} INFO - Setting next_dagrun for latest_only to 2025-02-20 08:00:00+00:00, run_after=2025-02-20 12:00:00+00:00
[2025-02-20T13:38:50.792+0100] {processor.py:208} INFO - Processing /Users/ajlakorman/Desktop/Data-Mining-Projects/Apache_Airflow/venv/lib/python3.10/site-packages/airflow/example_dags/example_latest_only.py took 0.089 seconds
[2025-02-20T13:41:33.489+0100] {processor.py:186} INFO - Started process (PID=19489) to work on /Users/ajlakorman/Desktop/Data-Mining-Projects/Apache_Airflow/venv/lib/python3.10/site-packages/airflow/example_dags/example_latest_only.py
[2025-02-20T13:41:33.490+0100] {processor.py:914} INFO - Processing file /Users/ajlakorman/Desktop/Data-Mining-Projects/Apache_Airflow/venv/lib/python3.10/site-packages/airflow/example_dags/example_latest_only.py for tasks to queue
[2025-02-20T13:41:33.490+0100] {logging_mixin.py:190} INFO - [2025-02-20T13:41:33.490+0100] {dagbag.py:588} INFO - Filling up the DagBag from /Users/ajlakorman/Desktop/Data-Mining-Projects/Apache_Airflow/venv/lib/python3.10/site-packages/airflow/example_dags/example_latest_only.py
[2025-02-20T13:41:33.493+0100] {processor.py:925} INFO - DAG(s) 'latest_only' retrieved from /Users/ajlakorman/Desktop/Data-Mining-Projects/Apache_Airflow/venv/lib/python3.10/site-packages/airflow/example_dags/example_latest_only.py
[2025-02-20T13:41:33.557+0100] {logging_mixin.py:190} INFO - [2025-02-20T13:41:33.557+0100] {dag.py:3239} INFO - Sync 1 DAGs
[2025-02-20T13:41:33.564+0100] {logging_mixin.py:190} INFO - [2025-02-20T13:41:33.564+0100] {dag.py:4180} INFO - Setting next_dagrun for latest_only to 2025-02-20 08:00:00+00:00, run_after=2025-02-20 12:00:00+00:00
[2025-02-20T13:41:33.572+0100] {processor.py:208} INFO - Processing /Users/ajlakorman/Desktop/Data-Mining-Projects/Apache_Airflow/venv/lib/python3.10/site-packages/airflow/example_dags/example_latest_only.py took 0.084 seconds
[2025-02-20T13:44:32.778+0100] {processor.py:186} INFO - Started process (PID=19905) to work on /Users/ajlakorman/Desktop/Data-Mining-Projects/Apache_Airflow/venv/lib/python3.10/site-packages/airflow/example_dags/example_latest_only.py
[2025-02-20T13:44:32.778+0100] {processor.py:914} INFO - Processing file /Users/ajlakorman/Desktop/Data-Mining-Projects/Apache_Airflow/venv/lib/python3.10/site-packages/airflow/example_dags/example_latest_only.py for tasks to queue
[2025-02-20T13:44:32.779+0100] {logging_mixin.py:190} INFO - [2025-02-20T13:44:32.779+0100] {dagbag.py:588} INFO - Filling up the DagBag from /Users/ajlakorman/Desktop/Data-Mining-Projects/Apache_Airflow/venv/lib/python3.10/site-packages/airflow/example_dags/example_latest_only.py
[2025-02-20T13:44:32.784+0100] {processor.py:925} INFO - DAG(s) 'latest_only' retrieved from /Users/ajlakorman/Desktop/Data-Mining-Projects/Apache_Airflow/venv/lib/python3.10/site-packages/airflow/example_dags/example_latest_only.py
[2025-02-20T13:44:32.854+0100] {logging_mixin.py:190} INFO - [2025-02-20T13:44:32.854+0100] {dag.py:3239} INFO - Sync 1 DAGs
[2025-02-20T13:44:32.860+0100] {logging_mixin.py:190} INFO - [2025-02-20T13:44:32.860+0100] {dag.py:4180} INFO - Setting next_dagrun for latest_only to 2025-02-20 08:00:00+00:00, run_after=2025-02-20 12:00:00+00:00
[2025-02-20T13:44:32.867+0100] {processor.py:208} INFO - Processing /Users/ajlakorman/Desktop/Data-Mining-Projects/Apache_Airflow/venv/lib/python3.10/site-packages/airflow/example_dags/example_latest_only.py took 0.092 seconds
[2025-02-20T13:47:30.837+0100] {processor.py:186} INFO - Started process (PID=20465) to work on /Users/ajlakorman/Desktop/Data-Mining-Projects/Apache_Airflow/venv/lib/python3.10/site-packages/airflow/example_dags/example_latest_only.py
[2025-02-20T13:47:30.837+0100] {processor.py:914} INFO - Processing file /Users/ajlakorman/Desktop/Data-Mining-Projects/Apache_Airflow/venv/lib/python3.10/site-packages/airflow/example_dags/example_latest_only.py for tasks to queue
[2025-02-20T13:47:30.838+0100] {logging_mixin.py:190} INFO - [2025-02-20T13:47:30.838+0100] {dagbag.py:588} INFO - Filling up the DagBag from /Users/ajlakorman/Desktop/Data-Mining-Projects/Apache_Airflow/venv/lib/python3.10/site-packages/airflow/example_dags/example_latest_only.py
[2025-02-20T13:47:30.841+0100] {processor.py:925} INFO - DAG(s) 'latest_only' retrieved from /Users/ajlakorman/Desktop/Data-Mining-Projects/Apache_Airflow/venv/lib/python3.10/site-packages/airflow/example_dags/example_latest_only.py
[2025-02-20T13:47:30.912+0100] {logging_mixin.py:190} INFO - [2025-02-20T13:47:30.912+0100] {dag.py:3239} INFO - Sync 1 DAGs
[2025-02-20T13:47:30.920+0100] {logging_mixin.py:190} INFO - [2025-02-20T13:47:30.920+0100] {dag.py:4180} INFO - Setting next_dagrun for latest_only to 2025-02-20 08:00:00+00:00, run_after=2025-02-20 12:00:00+00:00
[2025-02-20T13:47:30.928+0100] {processor.py:208} INFO - Processing /Users/ajlakorman/Desktop/Data-Mining-Projects/Apache_Airflow/venv/lib/python3.10/site-packages/airflow/example_dags/example_latest_only.py took 0.093 seconds
[2025-02-20T13:50:28.425+0100] {processor.py:186} INFO - Started process (PID=20852) to work on /Users/ajlakorman/Desktop/Data-Mining-Projects/Apache_Airflow/venv/lib/python3.10/site-packages/airflow/example_dags/example_latest_only.py
[2025-02-20T13:50:28.426+0100] {processor.py:914} INFO - Processing file /Users/ajlakorman/Desktop/Data-Mining-Projects/Apache_Airflow/venv/lib/python3.10/site-packages/airflow/example_dags/example_latest_only.py for tasks to queue
[2025-02-20T13:50:28.426+0100] {logging_mixin.py:190} INFO - [2025-02-20T13:50:28.426+0100] {dagbag.py:588} INFO - Filling up the DagBag from /Users/ajlakorman/Desktop/Data-Mining-Projects/Apache_Airflow/venv/lib/python3.10/site-packages/airflow/example_dags/example_latest_only.py
[2025-02-20T13:50:28.431+0100] {processor.py:925} INFO - DAG(s) 'latest_only' retrieved from /Users/ajlakorman/Desktop/Data-Mining-Projects/Apache_Airflow/venv/lib/python3.10/site-packages/airflow/example_dags/example_latest_only.py
[2025-02-20T13:50:28.506+0100] {logging_mixin.py:190} INFO - [2025-02-20T13:50:28.505+0100] {dag.py:3239} INFO - Sync 1 DAGs
[2025-02-20T13:50:28.513+0100] {logging_mixin.py:190} INFO - [2025-02-20T13:50:28.513+0100] {dag.py:4180} INFO - Setting next_dagrun for latest_only to 2025-02-20 08:00:00+00:00, run_after=2025-02-20 12:00:00+00:00
[2025-02-20T13:50:28.521+0100] {processor.py:208} INFO - Processing /Users/ajlakorman/Desktop/Data-Mining-Projects/Apache_Airflow/venv/lib/python3.10/site-packages/airflow/example_dags/example_latest_only.py took 0.101 seconds
[2025-02-20T13:53:22.440+0100] {processor.py:186} INFO - Started process (PID=21106) to work on /Users/ajlakorman/Desktop/Data-Mining-Projects/Apache_Airflow/venv/lib/python3.10/site-packages/airflow/example_dags/example_latest_only.py
[2025-02-20T13:53:22.441+0100] {processor.py:914} INFO - Processing file /Users/ajlakorman/Desktop/Data-Mining-Projects/Apache_Airflow/venv/lib/python3.10/site-packages/airflow/example_dags/example_latest_only.py for tasks to queue
[2025-02-20T13:53:22.442+0100] {logging_mixin.py:190} INFO - [2025-02-20T13:53:22.441+0100] {dagbag.py:588} INFO - Filling up the DagBag from /Users/ajlakorman/Desktop/Data-Mining-Projects/Apache_Airflow/venv/lib/python3.10/site-packages/airflow/example_dags/example_latest_only.py
[2025-02-20T13:53:22.445+0100] {processor.py:925} INFO - DAG(s) 'latest_only' retrieved from /Users/ajlakorman/Desktop/Data-Mining-Projects/Apache_Airflow/venv/lib/python3.10/site-packages/airflow/example_dags/example_latest_only.py
[2025-02-20T13:53:22.511+0100] {logging_mixin.py:190} INFO - [2025-02-20T13:53:22.511+0100] {dag.py:3239} INFO - Sync 1 DAGs
[2025-02-20T13:53:22.518+0100] {logging_mixin.py:190} INFO - [2025-02-20T13:53:22.517+0100] {dag.py:4180} INFO - Setting next_dagrun for latest_only to 2025-02-20 08:00:00+00:00, run_after=2025-02-20 12:00:00+00:00
[2025-02-20T13:53:22.525+0100] {processor.py:208} INFO - Processing /Users/ajlakorman/Desktop/Data-Mining-Projects/Apache_Airflow/venv/lib/python3.10/site-packages/airflow/example_dags/example_latest_only.py took 0.086 seconds
[2025-02-20T13:56:15.543+0100] {processor.py:186} INFO - Started process (PID=21334) to work on /Users/ajlakorman/Desktop/Data-Mining-Projects/Apache_Airflow/venv/lib/python3.10/site-packages/airflow/example_dags/example_latest_only.py
[2025-02-20T13:56:15.544+0100] {processor.py:914} INFO - Processing file /Users/ajlakorman/Desktop/Data-Mining-Projects/Apache_Airflow/venv/lib/python3.10/site-packages/airflow/example_dags/example_latest_only.py for tasks to queue
[2025-02-20T13:56:15.545+0100] {logging_mixin.py:190} INFO - [2025-02-20T13:56:15.544+0100] {dagbag.py:588} INFO - Filling up the DagBag from /Users/ajlakorman/Desktop/Data-Mining-Projects/Apache_Airflow/venv/lib/python3.10/site-packages/airflow/example_dags/example_latest_only.py
[2025-02-20T13:56:15.548+0100] {processor.py:925} INFO - DAG(s) 'latest_only' retrieved from /Users/ajlakorman/Desktop/Data-Mining-Projects/Apache_Airflow/venv/lib/python3.10/site-packages/airflow/example_dags/example_latest_only.py
[2025-02-20T13:56:15.616+0100] {logging_mixin.py:190} INFO - [2025-02-20T13:56:15.616+0100] {dag.py:3239} INFO - Sync 1 DAGs
[2025-02-20T13:56:15.624+0100] {logging_mixin.py:190} INFO - [2025-02-20T13:56:15.624+0100] {dag.py:4180} INFO - Setting next_dagrun for latest_only to 2025-02-20 08:00:00+00:00, run_after=2025-02-20 12:00:00+00:00
[2025-02-20T13:56:15.633+0100] {processor.py:208} INFO - Processing /Users/ajlakorman/Desktop/Data-Mining-Projects/Apache_Airflow/venv/lib/python3.10/site-packages/airflow/example_dags/example_latest_only.py took 0.091 seconds
[2025-02-20T13:59:10.731+0100] {processor.py:186} INFO - Started process (PID=21576) to work on /Users/ajlakorman/Desktop/Data-Mining-Projects/Apache_Airflow/venv/lib/python3.10/site-packages/airflow/example_dags/example_latest_only.py
[2025-02-20T13:59:10.731+0100] {processor.py:914} INFO - Processing file /Users/ajlakorman/Desktop/Data-Mining-Projects/Apache_Airflow/venv/lib/python3.10/site-packages/airflow/example_dags/example_latest_only.py for tasks to queue
[2025-02-20T13:59:10.732+0100] {logging_mixin.py:190} INFO - [2025-02-20T13:59:10.732+0100] {dagbag.py:588} INFO - Filling up the DagBag from /Users/ajlakorman/Desktop/Data-Mining-Projects/Apache_Airflow/venv/lib/python3.10/site-packages/airflow/example_dags/example_latest_only.py
[2025-02-20T13:59:10.735+0100] {processor.py:925} INFO - DAG(s) 'latest_only' retrieved from /Users/ajlakorman/Desktop/Data-Mining-Projects/Apache_Airflow/venv/lib/python3.10/site-packages/airflow/example_dags/example_latest_only.py
[2025-02-20T13:59:10.807+0100] {logging_mixin.py:190} INFO - [2025-02-20T13:59:10.807+0100] {dag.py:3239} INFO - Sync 1 DAGs
[2025-02-20T13:59:10.814+0100] {logging_mixin.py:190} INFO - [2025-02-20T13:59:10.814+0100] {dag.py:4180} INFO - Setting next_dagrun for latest_only to 2025-02-20 08:00:00+00:00, run_after=2025-02-20 12:00:00+00:00
[2025-02-20T13:59:10.821+0100] {processor.py:208} INFO - Processing /Users/ajlakorman/Desktop/Data-Mining-Projects/Apache_Airflow/venv/lib/python3.10/site-packages/airflow/example_dags/example_latest_only.py took 0.092 seconds
[2025-02-20T14:02:08.330+0100] {processor.py:186} INFO - Started process (PID=22037) to work on /Users/ajlakorman/Desktop/Data-Mining-Projects/Apache_Airflow/venv/lib/python3.10/site-packages/airflow/example_dags/example_latest_only.py
[2025-02-20T14:02:08.331+0100] {processor.py:914} INFO - Processing file /Users/ajlakorman/Desktop/Data-Mining-Projects/Apache_Airflow/venv/lib/python3.10/site-packages/airflow/example_dags/example_latest_only.py for tasks to queue
[2025-02-20T14:02:08.332+0100] {logging_mixin.py:190} INFO - [2025-02-20T14:02:08.332+0100] {dagbag.py:588} INFO - Filling up the DagBag from /Users/ajlakorman/Desktop/Data-Mining-Projects/Apache_Airflow/venv/lib/python3.10/site-packages/airflow/example_dags/example_latest_only.py
[2025-02-20T14:02:08.335+0100] {processor.py:925} INFO - DAG(s) 'latest_only' retrieved from /Users/ajlakorman/Desktop/Data-Mining-Projects/Apache_Airflow/venv/lib/python3.10/site-packages/airflow/example_dags/example_latest_only.py
[2025-02-20T14:02:08.408+0100] {logging_mixin.py:190} INFO - [2025-02-20T14:02:08.408+0100] {dag.py:3239} INFO - Sync 1 DAGs
[2025-02-20T14:02:08.415+0100] {logging_mixin.py:190} INFO - [2025-02-20T14:02:08.415+0100] {dag.py:4180} INFO - Setting next_dagrun for latest_only to 2025-02-20 08:00:00+00:00, run_after=2025-02-20 12:00:00+00:00
[2025-02-20T14:02:08.423+0100] {processor.py:208} INFO - Processing /Users/ajlakorman/Desktop/Data-Mining-Projects/Apache_Airflow/venv/lib/python3.10/site-packages/airflow/example_dags/example_latest_only.py took 0.094 seconds
[2025-02-20T14:05:04.638+0100] {processor.py:186} INFO - Started process (PID=22381) to work on /Users/ajlakorman/Desktop/Data-Mining-Projects/Apache_Airflow/venv/lib/python3.10/site-packages/airflow/example_dags/example_latest_only.py
[2025-02-20T14:05:04.639+0100] {processor.py:914} INFO - Processing file /Users/ajlakorman/Desktop/Data-Mining-Projects/Apache_Airflow/venv/lib/python3.10/site-packages/airflow/example_dags/example_latest_only.py for tasks to queue
[2025-02-20T14:05:04.639+0100] {logging_mixin.py:190} INFO - [2025-02-20T14:05:04.639+0100] {dagbag.py:588} INFO - Filling up the DagBag from /Users/ajlakorman/Desktop/Data-Mining-Projects/Apache_Airflow/venv/lib/python3.10/site-packages/airflow/example_dags/example_latest_only.py
[2025-02-20T14:05:04.646+0100] {processor.py:925} INFO - DAG(s) 'latest_only' retrieved from /Users/ajlakorman/Desktop/Data-Mining-Projects/Apache_Airflow/venv/lib/python3.10/site-packages/airflow/example_dags/example_latest_only.py
[2025-02-20T14:05:04.714+0100] {logging_mixin.py:190} INFO - [2025-02-20T14:05:04.714+0100] {dag.py:3239} INFO - Sync 1 DAGs
[2025-02-20T14:05:04.721+0100] {logging_mixin.py:190} INFO - [2025-02-20T14:05:04.721+0100] {dag.py:4180} INFO - Setting next_dagrun for latest_only to 2025-02-20 08:00:00+00:00, run_after=2025-02-20 12:00:00+00:00
[2025-02-20T14:05:04.729+0100] {processor.py:208} INFO - Processing /Users/ajlakorman/Desktop/Data-Mining-Projects/Apache_Airflow/venv/lib/python3.10/site-packages/airflow/example_dags/example_latest_only.py took 0.093 seconds
[2025-02-20T14:08:04.263+0100] {processor.py:186} INFO - Started process (PID=22758) to work on /Users/ajlakorman/Desktop/Data-Mining-Projects/Apache_Airflow/venv/lib/python3.10/site-packages/airflow/example_dags/example_latest_only.py
[2025-02-20T14:08:04.263+0100] {processor.py:914} INFO - Processing file /Users/ajlakorman/Desktop/Data-Mining-Projects/Apache_Airflow/venv/lib/python3.10/site-packages/airflow/example_dags/example_latest_only.py for tasks to queue
[2025-02-20T14:08:04.264+0100] {logging_mixin.py:190} INFO - [2025-02-20T14:08:04.264+0100] {dagbag.py:588} INFO - Filling up the DagBag from /Users/ajlakorman/Desktop/Data-Mining-Projects/Apache_Airflow/venv/lib/python3.10/site-packages/airflow/example_dags/example_latest_only.py
[2025-02-20T14:08:04.267+0100] {processor.py:925} INFO - DAG(s) 'latest_only' retrieved from /Users/ajlakorman/Desktop/Data-Mining-Projects/Apache_Airflow/venv/lib/python3.10/site-packages/airflow/example_dags/example_latest_only.py
[2025-02-20T14:08:04.338+0100] {logging_mixin.py:190} INFO - [2025-02-20T14:08:04.338+0100] {dag.py:3239} INFO - Sync 1 DAGs
[2025-02-20T14:08:04.345+0100] {logging_mixin.py:190} INFO - [2025-02-20T14:08:04.345+0100] {dag.py:4180} INFO - Setting next_dagrun for latest_only to 2025-02-20 08:00:00+00:00, run_after=2025-02-20 12:00:00+00:00
[2025-02-20T14:08:04.357+0100] {processor.py:208} INFO - Processing /Users/ajlakorman/Desktop/Data-Mining-Projects/Apache_Airflow/venv/lib/python3.10/site-packages/airflow/example_dags/example_latest_only.py took 0.097 seconds
[2025-02-20T14:10:59.508+0100] {processor.py:186} INFO - Started process (PID=23084) to work on /Users/ajlakorman/Desktop/Data-Mining-Projects/Apache_Airflow/venv/lib/python3.10/site-packages/airflow/example_dags/example_latest_only.py
[2025-02-20T14:10:59.508+0100] {processor.py:914} INFO - Processing file /Users/ajlakorman/Desktop/Data-Mining-Projects/Apache_Airflow/venv/lib/python3.10/site-packages/airflow/example_dags/example_latest_only.py for tasks to queue
[2025-02-20T14:10:59.509+0100] {logging_mixin.py:190} INFO - [2025-02-20T14:10:59.509+0100] {dagbag.py:588} INFO - Filling up the DagBag from /Users/ajlakorman/Desktop/Data-Mining-Projects/Apache_Airflow/venv/lib/python3.10/site-packages/airflow/example_dags/example_latest_only.py
[2025-02-20T14:10:59.512+0100] {processor.py:925} INFO - DAG(s) 'latest_only' retrieved from /Users/ajlakorman/Desktop/Data-Mining-Projects/Apache_Airflow/venv/lib/python3.10/site-packages/airflow/example_dags/example_latest_only.py
[2025-02-20T14:10:59.577+0100] {logging_mixin.py:190} INFO - [2025-02-20T14:10:59.577+0100] {dag.py:3239} INFO - Sync 1 DAGs
[2025-02-20T14:10:59.583+0100] {logging_mixin.py:190} INFO - [2025-02-20T14:10:59.583+0100] {dag.py:4180} INFO - Setting next_dagrun for latest_only to 2025-02-20 08:00:00+00:00, run_after=2025-02-20 12:00:00+00:00
[2025-02-20T14:10:59.591+0100] {processor.py:208} INFO - Processing /Users/ajlakorman/Desktop/Data-Mining-Projects/Apache_Airflow/venv/lib/python3.10/site-packages/airflow/example_dags/example_latest_only.py took 0.085 seconds
[2025-02-20T14:14:05.030+0100] {processor.py:186} INFO - Started process (PID=23529) to work on /Users/ajlakorman/Desktop/Data-Mining-Projects/Apache_Airflow/venv/lib/python3.10/site-packages/airflow/example_dags/example_latest_only.py
[2025-02-20T14:14:05.031+0100] {processor.py:914} INFO - Processing file /Users/ajlakorman/Desktop/Data-Mining-Projects/Apache_Airflow/venv/lib/python3.10/site-packages/airflow/example_dags/example_latest_only.py for tasks to queue
[2025-02-20T14:14:05.031+0100] {logging_mixin.py:190} INFO - [2025-02-20T14:14:05.031+0100] {dagbag.py:588} INFO - Filling up the DagBag from /Users/ajlakorman/Desktop/Data-Mining-Projects/Apache_Airflow/venv/lib/python3.10/site-packages/airflow/example_dags/example_latest_only.py
[2025-02-20T14:14:05.035+0100] {processor.py:925} INFO - DAG(s) 'latest_only' retrieved from /Users/ajlakorman/Desktop/Data-Mining-Projects/Apache_Airflow/venv/lib/python3.10/site-packages/airflow/example_dags/example_latest_only.py
[2025-02-20T14:14:05.103+0100] {logging_mixin.py:190} INFO - [2025-02-20T14:14:05.102+0100] {dag.py:3239} INFO - Sync 1 DAGs
[2025-02-20T14:14:05.109+0100] {logging_mixin.py:190} INFO - [2025-02-20T14:14:05.109+0100] {dag.py:4180} INFO - Setting next_dagrun for latest_only to 2025-02-20 08:00:00+00:00, run_after=2025-02-20 12:00:00+00:00
[2025-02-20T14:14:05.118+0100] {processor.py:208} INFO - Processing /Users/ajlakorman/Desktop/Data-Mining-Projects/Apache_Airflow/venv/lib/python3.10/site-packages/airflow/example_dags/example_latest_only.py took 0.091 seconds
[2025-02-20T14:16:55.506+0100] {processor.py:186} INFO - Started process (PID=23767) to work on /Users/ajlakorman/Desktop/Data-Mining-Projects/Apache_Airflow/venv/lib/python3.10/site-packages/airflow/example_dags/example_latest_only.py
[2025-02-20T14:16:55.506+0100] {processor.py:914} INFO - Processing file /Users/ajlakorman/Desktop/Data-Mining-Projects/Apache_Airflow/venv/lib/python3.10/site-packages/airflow/example_dags/example_latest_only.py for tasks to queue
[2025-02-20T14:16:55.507+0100] {logging_mixin.py:190} INFO - [2025-02-20T14:16:55.507+0100] {dagbag.py:588} INFO - Filling up the DagBag from /Users/ajlakorman/Desktop/Data-Mining-Projects/Apache_Airflow/venv/lib/python3.10/site-packages/airflow/example_dags/example_latest_only.py
[2025-02-20T14:16:55.510+0100] {processor.py:925} INFO - DAG(s) 'latest_only' retrieved from /Users/ajlakorman/Desktop/Data-Mining-Projects/Apache_Airflow/venv/lib/python3.10/site-packages/airflow/example_dags/example_latest_only.py
[2025-02-20T14:16:55.575+0100] {logging_mixin.py:190} INFO - [2025-02-20T14:16:55.574+0100] {dag.py:3239} INFO - Sync 1 DAGs
[2025-02-20T14:16:55.581+0100] {logging_mixin.py:190} INFO - [2025-02-20T14:16:55.581+0100] {dag.py:4180} INFO - Setting next_dagrun for latest_only to 2025-02-20 08:00:00+00:00, run_after=2025-02-20 12:00:00+00:00
[2025-02-20T14:16:55.588+0100] {processor.py:208} INFO - Processing /Users/ajlakorman/Desktop/Data-Mining-Projects/Apache_Airflow/venv/lib/python3.10/site-packages/airflow/example_dags/example_latest_only.py took 0.084 seconds
