[2025-02-20T10:52:45.995+0100] {processor.py:186} INFO - Started process (PID=6263) to work on /Users/ajlakorman/Desktop/Data-Mining-Projects/Apache_Airflow/venv/lib/python3.10/site-packages/airflow/example_dags/example_params_trigger_ui.py
[2025-02-20T10:52:45.996+0100] {processor.py:914} INFO - Processing file /Users/ajlakorman/Desktop/Data-Mining-Projects/Apache_Airflow/venv/lib/python3.10/site-packages/airflow/example_dags/example_params_trigger_ui.py for tasks to queue
[2025-02-20T10:52:45.996+0100] {logging_mixin.py:190} INFO - [2025-02-20T10:52:45.996+0100] {dagbag.py:588} INFO - Filling up the DagBag from /Users/ajlakorman/Desktop/Data-Mining-Projects/Apache_Airflow/venv/lib/python3.10/site-packages/airflow/example_dags/example_params_trigger_ui.py
[2025-02-20T10:52:46.014+0100] {processor.py:925} INFO - DAG(s) 'example_params_trigger_ui' retrieved from /Users/ajlakorman/Desktop/Data-Mining-Projects/Apache_Airflow/venv/lib/python3.10/site-packages/airflow/example_dags/example_params_trigger_ui.py
[2025-02-20T10:52:46.118+0100] {logging_mixin.py:190} INFO - [2025-02-20T10:52:46.117+0100] {override.py:1912} INFO - Created Permission View: can edit on DAG:example_params_trigger_ui
[2025-02-20T10:52:46.121+0100] {logging_mixin.py:190} INFO - [2025-02-20T10:52:46.121+0100] {override.py:1912} INFO - Created Permission View: can read on DAG:example_params_trigger_ui
[2025-02-20T10:52:46.123+0100] {logging_mixin.py:190} INFO - [2025-02-20T10:52:46.123+0100] {override.py:1912} INFO - Created Permission View: can delete on DAG:example_params_trigger_ui
[2025-02-20T10:52:46.126+0100] {logging_mixin.py:190} INFO - [2025-02-20T10:52:46.126+0100] {override.py:1912} INFO - Created Permission View: menu access on DAG Run:example_params_trigger_ui
[2025-02-20T10:52:46.128+0100] {logging_mixin.py:190} INFO - [2025-02-20T10:52:46.128+0100] {override.py:1912} INFO - Created Permission View: can create on DAG Run:example_params_trigger_ui
[2025-02-20T10:52:46.130+0100] {logging_mixin.py:190} INFO - [2025-02-20T10:52:46.130+0100] {override.py:1912} INFO - Created Permission View: can read on DAG Run:example_params_trigger_ui
[2025-02-20T10:52:46.132+0100] {logging_mixin.py:190} INFO - [2025-02-20T10:52:46.132+0100] {override.py:1912} INFO - Created Permission View: can delete on DAG Run:example_params_trigger_ui
[2025-02-20T10:52:46.132+0100] {logging_mixin.py:190} INFO - [2025-02-20T10:52:46.132+0100] {dag.py:3239} INFO - Sync 1 DAGs
[2025-02-20T10:52:46.137+0100] {logging_mixin.py:190} INFO - [2025-02-20T10:52:46.137+0100] {dag.py:3262} INFO - Creating ORM DAG for example_params_trigger_ui
[2025-02-20T10:52:46.137+0100] {logging_mixin.py:190} INFO - [2025-02-20T10:52:46.137+0100] {dag.py:4180} INFO - Setting next_dagrun for example_params_trigger_ui to None, run_after=None
[2025-02-20T10:52:46.144+0100] {processor.py:208} INFO - Processing /Users/ajlakorman/Desktop/Data-Mining-Projects/Apache_Airflow/venv/lib/python3.10/site-packages/airflow/example_dags/example_params_trigger_ui.py took 0.150 seconds
[2025-02-20T10:54:35.047+0100] {processor.py:186} INFO - Started process (PID=6567) to work on /Users/ajlakorman/Desktop/Data-Mining-Projects/Apache_Airflow/venv/lib/python3.10/site-packages/airflow/example_dags/example_params_trigger_ui.py
[2025-02-20T10:54:35.048+0100] {processor.py:914} INFO - Processing file /Users/ajlakorman/Desktop/Data-Mining-Projects/Apache_Airflow/venv/lib/python3.10/site-packages/airflow/example_dags/example_params_trigger_ui.py for tasks to queue
[2025-02-20T10:54:35.048+0100] {logging_mixin.py:190} INFO - [2025-02-20T10:54:35.048+0100] {dagbag.py:588} INFO - Filling up the DagBag from /Users/ajlakorman/Desktop/Data-Mining-Projects/Apache_Airflow/venv/lib/python3.10/site-packages/airflow/example_dags/example_params_trigger_ui.py
[2025-02-20T10:54:35.065+0100] {processor.py:925} INFO - DAG(s) 'example_params_trigger_ui' retrieved from /Users/ajlakorman/Desktop/Data-Mining-Projects/Apache_Airflow/venv/lib/python3.10/site-packages/airflow/example_dags/example_params_trigger_ui.py
[2025-02-20T10:54:35.138+0100] {logging_mixin.py:190} INFO - [2025-02-20T10:54:35.138+0100] {dag.py:3239} INFO - Sync 1 DAGs
[2025-02-20T10:54:35.142+0100] {logging_mixin.py:190} INFO - [2025-02-20T10:54:35.142+0100] {dag.py:4180} INFO - Setting next_dagrun for example_params_trigger_ui to None, run_after=None
[2025-02-20T10:54:35.149+0100] {processor.py:208} INFO - Processing /Users/ajlakorman/Desktop/Data-Mining-Projects/Apache_Airflow/venv/lib/python3.10/site-packages/airflow/example_dags/example_params_trigger_ui.py took 0.103 seconds
[2025-02-20T10:57:08.805+0100] {processor.py:186} INFO - Started process (PID=6866) to work on /Users/ajlakorman/Desktop/Data-Mining-Projects/Apache_Airflow/venv/lib/python3.10/site-packages/airflow/example_dags/example_params_trigger_ui.py
[2025-02-20T10:57:08.806+0100] {processor.py:914} INFO - Processing file /Users/ajlakorman/Desktop/Data-Mining-Projects/Apache_Airflow/venv/lib/python3.10/site-packages/airflow/example_dags/example_params_trigger_ui.py for tasks to queue
[2025-02-20T10:57:08.807+0100] {logging_mixin.py:190} INFO - [2025-02-20T10:57:08.806+0100] {dagbag.py:588} INFO - Filling up the DagBag from /Users/ajlakorman/Desktop/Data-Mining-Projects/Apache_Airflow/venv/lib/python3.10/site-packages/airflow/example_dags/example_params_trigger_ui.py
[2025-02-20T10:57:08.823+0100] {processor.py:925} INFO - DAG(s) 'example_params_trigger_ui' retrieved from /Users/ajlakorman/Desktop/Data-Mining-Projects/Apache_Airflow/venv/lib/python3.10/site-packages/airflow/example_dags/example_params_trigger_ui.py
[2025-02-20T10:57:08.893+0100] {logging_mixin.py:190} INFO - [2025-02-20T10:57:08.893+0100] {dag.py:3239} INFO - Sync 1 DAGs
[2025-02-20T10:57:08.897+0100] {logging_mixin.py:190} INFO - [2025-02-20T10:57:08.897+0100] {dag.py:4180} INFO - Setting next_dagrun for example_params_trigger_ui to None, run_after=None
[2025-02-20T10:57:08.904+0100] {processor.py:208} INFO - Processing /Users/ajlakorman/Desktop/Data-Mining-Projects/Apache_Airflow/venv/lib/python3.10/site-packages/airflow/example_dags/example_params_trigger_ui.py took 0.100 seconds
[2025-02-20T10:59:56.602+0100] {processor.py:186} INFO - Started process (PID=7156) to work on /Users/ajlakorman/Desktop/Data-Mining-Projects/Apache_Airflow/venv/lib/python3.10/site-packages/airflow/example_dags/example_params_trigger_ui.py
[2025-02-20T10:59:56.603+0100] {processor.py:914} INFO - Processing file /Users/ajlakorman/Desktop/Data-Mining-Projects/Apache_Airflow/venv/lib/python3.10/site-packages/airflow/example_dags/example_params_trigger_ui.py for tasks to queue
[2025-02-20T10:59:56.603+0100] {logging_mixin.py:190} INFO - [2025-02-20T10:59:56.603+0100] {dagbag.py:588} INFO - Filling up the DagBag from /Users/ajlakorman/Desktop/Data-Mining-Projects/Apache_Airflow/venv/lib/python3.10/site-packages/airflow/example_dags/example_params_trigger_ui.py
[2025-02-20T10:59:56.620+0100] {processor.py:925} INFO - DAG(s) 'example_params_trigger_ui' retrieved from /Users/ajlakorman/Desktop/Data-Mining-Projects/Apache_Airflow/venv/lib/python3.10/site-packages/airflow/example_dags/example_params_trigger_ui.py
[2025-02-20T10:59:56.693+0100] {logging_mixin.py:190} INFO - [2025-02-20T10:59:56.693+0100] {dag.py:3239} INFO - Sync 1 DAGs
[2025-02-20T10:59:56.697+0100] {logging_mixin.py:190} INFO - [2025-02-20T10:59:56.697+0100] {dag.py:4180} INFO - Setting next_dagrun for example_params_trigger_ui to None, run_after=None
[2025-02-20T10:59:56.704+0100] {processor.py:208} INFO - Processing /Users/ajlakorman/Desktop/Data-Mining-Projects/Apache_Airflow/venv/lib/python3.10/site-packages/airflow/example_dags/example_params_trigger_ui.py took 0.104 seconds
[2025-02-20T11:02:24.765+0100] {processor.py:186} INFO - Started process (PID=7464) to work on /Users/ajlakorman/Desktop/Data-Mining-Projects/Apache_Airflow/venv/lib/python3.10/site-packages/airflow/example_dags/example_params_trigger_ui.py
[2025-02-20T11:02:24.765+0100] {processor.py:914} INFO - Processing file /Users/ajlakorman/Desktop/Data-Mining-Projects/Apache_Airflow/venv/lib/python3.10/site-packages/airflow/example_dags/example_params_trigger_ui.py for tasks to queue
[2025-02-20T11:02:24.766+0100] {logging_mixin.py:190} INFO - [2025-02-20T11:02:24.766+0100] {dagbag.py:588} INFO - Filling up the DagBag from /Users/ajlakorman/Desktop/Data-Mining-Projects/Apache_Airflow/venv/lib/python3.10/site-packages/airflow/example_dags/example_params_trigger_ui.py
[2025-02-20T11:02:24.782+0100] {processor.py:925} INFO - DAG(s) 'example_params_trigger_ui' retrieved from /Users/ajlakorman/Desktop/Data-Mining-Projects/Apache_Airflow/venv/lib/python3.10/site-packages/airflow/example_dags/example_params_trigger_ui.py
[2025-02-20T11:02:24.859+0100] {logging_mixin.py:190} INFO - [2025-02-20T11:02:24.859+0100] {dag.py:3239} INFO - Sync 1 DAGs
[2025-02-20T11:02:24.863+0100] {logging_mixin.py:190} INFO - [2025-02-20T11:02:24.863+0100] {dag.py:4180} INFO - Setting next_dagrun for example_params_trigger_ui to None, run_after=None
[2025-02-20T11:02:24.870+0100] {processor.py:208} INFO - Processing /Users/ajlakorman/Desktop/Data-Mining-Projects/Apache_Airflow/venv/lib/python3.10/site-packages/airflow/example_dags/example_params_trigger_ui.py took 0.106 seconds
[2025-02-20T11:04:42.378+0100] {processor.py:186} INFO - Started process (PID=7728) to work on /Users/ajlakorman/Desktop/Data-Mining-Projects/Apache_Airflow/venv/lib/python3.10/site-packages/airflow/example_dags/example_params_trigger_ui.py
[2025-02-20T11:04:42.379+0100] {processor.py:914} INFO - Processing file /Users/ajlakorman/Desktop/Data-Mining-Projects/Apache_Airflow/venv/lib/python3.10/site-packages/airflow/example_dags/example_params_trigger_ui.py for tasks to queue
[2025-02-20T11:04:42.379+0100] {logging_mixin.py:190} INFO - [2025-02-20T11:04:42.379+0100] {dagbag.py:588} INFO - Filling up the DagBag from /Users/ajlakorman/Desktop/Data-Mining-Projects/Apache_Airflow/venv/lib/python3.10/site-packages/airflow/example_dags/example_params_trigger_ui.py
[2025-02-20T11:04:42.396+0100] {processor.py:925} INFO - DAG(s) 'example_params_trigger_ui' retrieved from /Users/ajlakorman/Desktop/Data-Mining-Projects/Apache_Airflow/venv/lib/python3.10/site-packages/airflow/example_dags/example_params_trigger_ui.py
[2025-02-20T11:04:42.470+0100] {logging_mixin.py:190} INFO - [2025-02-20T11:04:42.470+0100] {dag.py:3239} INFO - Sync 1 DAGs
[2025-02-20T11:04:42.474+0100] {logging_mixin.py:190} INFO - [2025-02-20T11:04:42.474+0100] {dag.py:4180} INFO - Setting next_dagrun for example_params_trigger_ui to None, run_after=None
[2025-02-20T11:04:42.481+0100] {processor.py:208} INFO - Processing /Users/ajlakorman/Desktop/Data-Mining-Projects/Apache_Airflow/venv/lib/python3.10/site-packages/airflow/example_dags/example_params_trigger_ui.py took 0.105 seconds
[2025-02-20T11:07:02.808+0100] {processor.py:186} INFO - Started process (PID=8065) to work on /Users/ajlakorman/Desktop/Data-Mining-Projects/Apache_Airflow/venv/lib/python3.10/site-packages/airflow/example_dags/example_params_trigger_ui.py
[2025-02-20T11:07:02.809+0100] {processor.py:914} INFO - Processing file /Users/ajlakorman/Desktop/Data-Mining-Projects/Apache_Airflow/venv/lib/python3.10/site-packages/airflow/example_dags/example_params_trigger_ui.py for tasks to queue
[2025-02-20T11:07:02.809+0100] {logging_mixin.py:190} INFO - [2025-02-20T11:07:02.809+0100] {dagbag.py:588} INFO - Filling up the DagBag from /Users/ajlakorman/Desktop/Data-Mining-Projects/Apache_Airflow/venv/lib/python3.10/site-packages/airflow/example_dags/example_params_trigger_ui.py
[2025-02-20T11:07:02.826+0100] {processor.py:925} INFO - DAG(s) 'example_params_trigger_ui' retrieved from /Users/ajlakorman/Desktop/Data-Mining-Projects/Apache_Airflow/venv/lib/python3.10/site-packages/airflow/example_dags/example_params_trigger_ui.py
[2025-02-20T11:07:02.900+0100] {logging_mixin.py:190} INFO - [2025-02-20T11:07:02.900+0100] {dag.py:3239} INFO - Sync 1 DAGs
[2025-02-20T11:07:02.904+0100] {logging_mixin.py:190} INFO - [2025-02-20T11:07:02.904+0100] {dag.py:4180} INFO - Setting next_dagrun for example_params_trigger_ui to None, run_after=None
[2025-02-20T11:07:02.911+0100] {processor.py:208} INFO - Processing /Users/ajlakorman/Desktop/Data-Mining-Projects/Apache_Airflow/venv/lib/python3.10/site-packages/airflow/example_dags/example_params_trigger_ui.py took 0.105 seconds
[2025-02-20T11:09:20.307+0100] {processor.py:186} INFO - Started process (PID=8298) to work on /Users/ajlakorman/Desktop/Data-Mining-Projects/Apache_Airflow/venv/lib/python3.10/site-packages/airflow/example_dags/example_params_trigger_ui.py
[2025-02-20T11:09:20.308+0100] {processor.py:914} INFO - Processing file /Users/ajlakorman/Desktop/Data-Mining-Projects/Apache_Airflow/venv/lib/python3.10/site-packages/airflow/example_dags/example_params_trigger_ui.py for tasks to queue
[2025-02-20T11:09:20.308+0100] {logging_mixin.py:190} INFO - [2025-02-20T11:09:20.308+0100] {dagbag.py:588} INFO - Filling up the DagBag from /Users/ajlakorman/Desktop/Data-Mining-Projects/Apache_Airflow/venv/lib/python3.10/site-packages/airflow/example_dags/example_params_trigger_ui.py
[2025-02-20T11:09:20.326+0100] {processor.py:925} INFO - DAG(s) 'example_params_trigger_ui' retrieved from /Users/ajlakorman/Desktop/Data-Mining-Projects/Apache_Airflow/venv/lib/python3.10/site-packages/airflow/example_dags/example_params_trigger_ui.py
[2025-02-20T11:09:20.404+0100] {logging_mixin.py:190} INFO - [2025-02-20T11:09:20.403+0100] {dag.py:3239} INFO - Sync 1 DAGs
[2025-02-20T11:09:20.408+0100] {logging_mixin.py:190} INFO - [2025-02-20T11:09:20.408+0100] {dag.py:4180} INFO - Setting next_dagrun for example_params_trigger_ui to None, run_after=None
[2025-02-20T11:09:20.415+0100] {processor.py:208} INFO - Processing /Users/ajlakorman/Desktop/Data-Mining-Projects/Apache_Airflow/venv/lib/python3.10/site-packages/airflow/example_dags/example_params_trigger_ui.py took 0.110 seconds
[2025-02-20T11:11:40.457+0100] {processor.py:186} INFO - Started process (PID=8572) to work on /Users/ajlakorman/Desktop/Data-Mining-Projects/Apache_Airflow/venv/lib/python3.10/site-packages/airflow/example_dags/example_params_trigger_ui.py
[2025-02-20T11:11:40.458+0100] {processor.py:914} INFO - Processing file /Users/ajlakorman/Desktop/Data-Mining-Projects/Apache_Airflow/venv/lib/python3.10/site-packages/airflow/example_dags/example_params_trigger_ui.py for tasks to queue
[2025-02-20T11:11:40.459+0100] {logging_mixin.py:190} INFO - [2025-02-20T11:11:40.459+0100] {dagbag.py:588} INFO - Filling up the DagBag from /Users/ajlakorman/Desktop/Data-Mining-Projects/Apache_Airflow/venv/lib/python3.10/site-packages/airflow/example_dags/example_params_trigger_ui.py
[2025-02-20T11:11:40.475+0100] {processor.py:925} INFO - DAG(s) 'example_params_trigger_ui' retrieved from /Users/ajlakorman/Desktop/Data-Mining-Projects/Apache_Airflow/venv/lib/python3.10/site-packages/airflow/example_dags/example_params_trigger_ui.py
[2025-02-20T11:11:40.545+0100] {logging_mixin.py:190} INFO - [2025-02-20T11:11:40.545+0100] {dag.py:3239} INFO - Sync 1 DAGs
[2025-02-20T11:11:40.549+0100] {logging_mixin.py:190} INFO - [2025-02-20T11:11:40.549+0100] {dag.py:4180} INFO - Setting next_dagrun for example_params_trigger_ui to None, run_after=None
[2025-02-20T11:11:40.555+0100] {processor.py:208} INFO - Processing /Users/ajlakorman/Desktop/Data-Mining-Projects/Apache_Airflow/venv/lib/python3.10/site-packages/airflow/example_dags/example_params_trigger_ui.py took 0.100 seconds
[2025-02-20T11:14:01.189+0100] {processor.py:186} INFO - Started process (PID=8822) to work on /Users/ajlakorman/Desktop/Data-Mining-Projects/Apache_Airflow/venv/lib/python3.10/site-packages/airflow/example_dags/example_params_trigger_ui.py
[2025-02-20T11:14:01.190+0100] {processor.py:914} INFO - Processing file /Users/ajlakorman/Desktop/Data-Mining-Projects/Apache_Airflow/venv/lib/python3.10/site-packages/airflow/example_dags/example_params_trigger_ui.py for tasks to queue
[2025-02-20T11:14:01.190+0100] {logging_mixin.py:190} INFO - [2025-02-20T11:14:01.190+0100] {dagbag.py:588} INFO - Filling up the DagBag from /Users/ajlakorman/Desktop/Data-Mining-Projects/Apache_Airflow/venv/lib/python3.10/site-packages/airflow/example_dags/example_params_trigger_ui.py
[2025-02-20T11:14:01.207+0100] {processor.py:925} INFO - DAG(s) 'example_params_trigger_ui' retrieved from /Users/ajlakorman/Desktop/Data-Mining-Projects/Apache_Airflow/venv/lib/python3.10/site-packages/airflow/example_dags/example_params_trigger_ui.py
[2025-02-20T11:14:01.283+0100] {logging_mixin.py:190} INFO - [2025-02-20T11:14:01.282+0100] {dag.py:3239} INFO - Sync 1 DAGs
[2025-02-20T11:14:01.288+0100] {logging_mixin.py:190} INFO - [2025-02-20T11:14:01.288+0100] {dag.py:4180} INFO - Setting next_dagrun for example_params_trigger_ui to None, run_after=None
[2025-02-20T11:14:01.295+0100] {processor.py:208} INFO - Processing /Users/ajlakorman/Desktop/Data-Mining-Projects/Apache_Airflow/venv/lib/python3.10/site-packages/airflow/example_dags/example_params_trigger_ui.py took 0.108 seconds
[2025-02-20T11:16:26.793+0100] {processor.py:186} INFO - Started process (PID=9063) to work on /Users/ajlakorman/Desktop/Data-Mining-Projects/Apache_Airflow/venv/lib/python3.10/site-packages/airflow/example_dags/example_params_trigger_ui.py
[2025-02-20T11:16:26.794+0100] {processor.py:914} INFO - Processing file /Users/ajlakorman/Desktop/Data-Mining-Projects/Apache_Airflow/venv/lib/python3.10/site-packages/airflow/example_dags/example_params_trigger_ui.py for tasks to queue
[2025-02-20T11:16:26.795+0100] {logging_mixin.py:190} INFO - [2025-02-20T11:16:26.794+0100] {dagbag.py:588} INFO - Filling up the DagBag from /Users/ajlakorman/Desktop/Data-Mining-Projects/Apache_Airflow/venv/lib/python3.10/site-packages/airflow/example_dags/example_params_trigger_ui.py
[2025-02-20T11:16:26.811+0100] {processor.py:925} INFO - DAG(s) 'example_params_trigger_ui' retrieved from /Users/ajlakorman/Desktop/Data-Mining-Projects/Apache_Airflow/venv/lib/python3.10/site-packages/airflow/example_dags/example_params_trigger_ui.py
[2025-02-20T11:16:26.886+0100] {logging_mixin.py:190} INFO - [2025-02-20T11:16:26.886+0100] {dag.py:3239} INFO - Sync 1 DAGs
[2025-02-20T11:16:26.890+0100] {logging_mixin.py:190} INFO - [2025-02-20T11:16:26.890+0100] {dag.py:4180} INFO - Setting next_dagrun for example_params_trigger_ui to None, run_after=None
[2025-02-20T11:16:26.896+0100] {processor.py:208} INFO - Processing /Users/ajlakorman/Desktop/Data-Mining-Projects/Apache_Airflow/venv/lib/python3.10/site-packages/airflow/example_dags/example_params_trigger_ui.py took 0.105 seconds
[2025-02-20T11:18:50.632+0100] {processor.py:186} INFO - Started process (PID=9453) to work on /Users/ajlakorman/Desktop/Data-Mining-Projects/Apache_Airflow/venv/lib/python3.10/site-packages/airflow/example_dags/example_params_trigger_ui.py
[2025-02-20T11:18:50.633+0100] {processor.py:914} INFO - Processing file /Users/ajlakorman/Desktop/Data-Mining-Projects/Apache_Airflow/venv/lib/python3.10/site-packages/airflow/example_dags/example_params_trigger_ui.py for tasks to queue
[2025-02-20T11:18:50.633+0100] {logging_mixin.py:190} INFO - [2025-02-20T11:18:50.633+0100] {dagbag.py:588} INFO - Filling up the DagBag from /Users/ajlakorman/Desktop/Data-Mining-Projects/Apache_Airflow/venv/lib/python3.10/site-packages/airflow/example_dags/example_params_trigger_ui.py
[2025-02-20T11:18:50.649+0100] {processor.py:925} INFO - DAG(s) 'example_params_trigger_ui' retrieved from /Users/ajlakorman/Desktop/Data-Mining-Projects/Apache_Airflow/venv/lib/python3.10/site-packages/airflow/example_dags/example_params_trigger_ui.py
[2025-02-20T11:18:50.723+0100] {logging_mixin.py:190} INFO - [2025-02-20T11:18:50.722+0100] {dag.py:3239} INFO - Sync 1 DAGs
[2025-02-20T11:18:50.727+0100] {logging_mixin.py:190} INFO - [2025-02-20T11:18:50.726+0100] {dag.py:4180} INFO - Setting next_dagrun for example_params_trigger_ui to None, run_after=None
[2025-02-20T11:18:50.733+0100] {processor.py:208} INFO - Processing /Users/ajlakorman/Desktop/Data-Mining-Projects/Apache_Airflow/venv/lib/python3.10/site-packages/airflow/example_dags/example_params_trigger_ui.py took 0.102 seconds
[2025-02-20T11:21:19.705+0100] {processor.py:186} INFO - Started process (PID=9756) to work on /Users/ajlakorman/Desktop/Data-Mining-Projects/Apache_Airflow/venv/lib/python3.10/site-packages/airflow/example_dags/example_params_trigger_ui.py
[2025-02-20T11:21:19.706+0100] {processor.py:914} INFO - Processing file /Users/ajlakorman/Desktop/Data-Mining-Projects/Apache_Airflow/venv/lib/python3.10/site-packages/airflow/example_dags/example_params_trigger_ui.py for tasks to queue
[2025-02-20T11:21:19.707+0100] {logging_mixin.py:190} INFO - [2025-02-20T11:21:19.706+0100] {dagbag.py:588} INFO - Filling up the DagBag from /Users/ajlakorman/Desktop/Data-Mining-Projects/Apache_Airflow/venv/lib/python3.10/site-packages/airflow/example_dags/example_params_trigger_ui.py
[2025-02-20T11:21:19.723+0100] {processor.py:925} INFO - DAG(s) 'example_params_trigger_ui' retrieved from /Users/ajlakorman/Desktop/Data-Mining-Projects/Apache_Airflow/venv/lib/python3.10/site-packages/airflow/example_dags/example_params_trigger_ui.py
[2025-02-20T11:21:19.794+0100] {logging_mixin.py:190} INFO - [2025-02-20T11:21:19.793+0100] {dag.py:3239} INFO - Sync 1 DAGs
[2025-02-20T11:21:19.797+0100] {logging_mixin.py:190} INFO - [2025-02-20T11:21:19.797+0100] {dag.py:4180} INFO - Setting next_dagrun for example_params_trigger_ui to None, run_after=None
[2025-02-20T11:21:19.804+0100] {processor.py:208} INFO - Processing /Users/ajlakorman/Desktop/Data-Mining-Projects/Apache_Airflow/venv/lib/python3.10/site-packages/airflow/example_dags/example_params_trigger_ui.py took 0.100 seconds
[2025-02-20T11:23:49.659+0100] {processor.py:186} INFO - Started process (PID=10003) to work on /Users/ajlakorman/Desktop/Data-Mining-Projects/Apache_Airflow/venv/lib/python3.10/site-packages/airflow/example_dags/example_params_trigger_ui.py
[2025-02-20T11:23:49.659+0100] {processor.py:914} INFO - Processing file /Users/ajlakorman/Desktop/Data-Mining-Projects/Apache_Airflow/venv/lib/python3.10/site-packages/airflow/example_dags/example_params_trigger_ui.py for tasks to queue
[2025-02-20T11:23:49.660+0100] {logging_mixin.py:190} INFO - [2025-02-20T11:23:49.660+0100] {dagbag.py:588} INFO - Filling up the DagBag from /Users/ajlakorman/Desktop/Data-Mining-Projects/Apache_Airflow/venv/lib/python3.10/site-packages/airflow/example_dags/example_params_trigger_ui.py
[2025-02-20T11:23:49.676+0100] {processor.py:925} INFO - DAG(s) 'example_params_trigger_ui' retrieved from /Users/ajlakorman/Desktop/Data-Mining-Projects/Apache_Airflow/venv/lib/python3.10/site-packages/airflow/example_dags/example_params_trigger_ui.py
[2025-02-20T11:23:49.747+0100] {logging_mixin.py:190} INFO - [2025-02-20T11:23:49.747+0100] {dag.py:3239} INFO - Sync 1 DAGs
[2025-02-20T11:23:49.751+0100] {logging_mixin.py:190} INFO - [2025-02-20T11:23:49.751+0100] {dag.py:4180} INFO - Setting next_dagrun for example_params_trigger_ui to None, run_after=None
[2025-02-20T11:23:49.758+0100] {processor.py:208} INFO - Processing /Users/ajlakorman/Desktop/Data-Mining-Projects/Apache_Airflow/venv/lib/python3.10/site-packages/airflow/example_dags/example_params_trigger_ui.py took 0.101 seconds
[2025-02-20T11:26:17.171+0100] {processor.py:186} INFO - Started process (PID=10316) to work on /Users/ajlakorman/Desktop/Data-Mining-Projects/Apache_Airflow/venv/lib/python3.10/site-packages/airflow/example_dags/example_params_trigger_ui.py
[2025-02-20T11:26:17.172+0100] {processor.py:914} INFO - Processing file /Users/ajlakorman/Desktop/Data-Mining-Projects/Apache_Airflow/venv/lib/python3.10/site-packages/airflow/example_dags/example_params_trigger_ui.py for tasks to queue
[2025-02-20T11:26:17.173+0100] {logging_mixin.py:190} INFO - [2025-02-20T11:26:17.173+0100] {dagbag.py:588} INFO - Filling up the DagBag from /Users/ajlakorman/Desktop/Data-Mining-Projects/Apache_Airflow/venv/lib/python3.10/site-packages/airflow/example_dags/example_params_trigger_ui.py
[2025-02-20T11:26:17.189+0100] {processor.py:925} INFO - DAG(s) 'example_params_trigger_ui' retrieved from /Users/ajlakorman/Desktop/Data-Mining-Projects/Apache_Airflow/venv/lib/python3.10/site-packages/airflow/example_dags/example_params_trigger_ui.py
[2025-02-20T11:26:17.274+0100] {logging_mixin.py:190} INFO - [2025-02-20T11:26:17.274+0100] {dag.py:3239} INFO - Sync 1 DAGs
[2025-02-20T11:26:17.279+0100] {logging_mixin.py:190} INFO - [2025-02-20T11:26:17.279+0100] {dag.py:4180} INFO - Setting next_dagrun for example_params_trigger_ui to None, run_after=None
[2025-02-20T11:26:17.286+0100] {processor.py:208} INFO - Processing /Users/ajlakorman/Desktop/Data-Mining-Projects/Apache_Airflow/venv/lib/python3.10/site-packages/airflow/example_dags/example_params_trigger_ui.py took 0.117 seconds
[2025-02-20T11:28:46.497+0100] {processor.py:186} INFO - Started process (PID=10615) to work on /Users/ajlakorman/Desktop/Data-Mining-Projects/Apache_Airflow/venv/lib/python3.10/site-packages/airflow/example_dags/example_params_trigger_ui.py
[2025-02-20T11:28:46.498+0100] {processor.py:914} INFO - Processing file /Users/ajlakorman/Desktop/Data-Mining-Projects/Apache_Airflow/venv/lib/python3.10/site-packages/airflow/example_dags/example_params_trigger_ui.py for tasks to queue
[2025-02-20T11:28:46.498+0100] {logging_mixin.py:190} INFO - [2025-02-20T11:28:46.498+0100] {dagbag.py:588} INFO - Filling up the DagBag from /Users/ajlakorman/Desktop/Data-Mining-Projects/Apache_Airflow/venv/lib/python3.10/site-packages/airflow/example_dags/example_params_trigger_ui.py
[2025-02-20T11:28:46.515+0100] {processor.py:925} INFO - DAG(s) 'example_params_trigger_ui' retrieved from /Users/ajlakorman/Desktop/Data-Mining-Projects/Apache_Airflow/venv/lib/python3.10/site-packages/airflow/example_dags/example_params_trigger_ui.py
[2025-02-20T11:28:46.588+0100] {logging_mixin.py:190} INFO - [2025-02-20T11:28:46.587+0100] {dag.py:3239} INFO - Sync 1 DAGs
[2025-02-20T11:28:46.591+0100] {logging_mixin.py:190} INFO - [2025-02-20T11:28:46.591+0100] {dag.py:4180} INFO - Setting next_dagrun for example_params_trigger_ui to None, run_after=None
[2025-02-20T11:28:46.598+0100] {processor.py:208} INFO - Processing /Users/ajlakorman/Desktop/Data-Mining-Projects/Apache_Airflow/venv/lib/python3.10/site-packages/airflow/example_dags/example_params_trigger_ui.py took 0.102 seconds
[2025-02-20T11:31:15.169+0100] {processor.py:186} INFO - Started process (PID=10937) to work on /Users/ajlakorman/Desktop/Data-Mining-Projects/Apache_Airflow/venv/lib/python3.10/site-packages/airflow/example_dags/example_params_trigger_ui.py
[2025-02-20T11:31:15.171+0100] {processor.py:914} INFO - Processing file /Users/ajlakorman/Desktop/Data-Mining-Projects/Apache_Airflow/venv/lib/python3.10/site-packages/airflow/example_dags/example_params_trigger_ui.py for tasks to queue
[2025-02-20T11:31:15.171+0100] {logging_mixin.py:190} INFO - [2025-02-20T11:31:15.171+0100] {dagbag.py:588} INFO - Filling up the DagBag from /Users/ajlakorman/Desktop/Data-Mining-Projects/Apache_Airflow/venv/lib/python3.10/site-packages/airflow/example_dags/example_params_trigger_ui.py
[2025-02-20T11:31:15.188+0100] {processor.py:925} INFO - DAG(s) 'example_params_trigger_ui' retrieved from /Users/ajlakorman/Desktop/Data-Mining-Projects/Apache_Airflow/venv/lib/python3.10/site-packages/airflow/example_dags/example_params_trigger_ui.py
[2025-02-20T11:31:15.260+0100] {logging_mixin.py:190} INFO - [2025-02-20T11:31:15.260+0100] {dag.py:3239} INFO - Sync 1 DAGs
[2025-02-20T11:31:15.264+0100] {logging_mixin.py:190} INFO - [2025-02-20T11:31:15.264+0100] {dag.py:4180} INFO - Setting next_dagrun for example_params_trigger_ui to None, run_after=None
[2025-02-20T11:31:15.270+0100] {processor.py:208} INFO - Processing /Users/ajlakorman/Desktop/Data-Mining-Projects/Apache_Airflow/venv/lib/python3.10/site-packages/airflow/example_dags/example_params_trigger_ui.py took 0.103 seconds
[2025-02-20T11:33:41.435+0100] {processor.py:186} INFO - Started process (PID=11165) to work on /Users/ajlakorman/Desktop/Data-Mining-Projects/Apache_Airflow/venv/lib/python3.10/site-packages/airflow/example_dags/example_params_trigger_ui.py
[2025-02-20T11:33:41.437+0100] {processor.py:914} INFO - Processing file /Users/ajlakorman/Desktop/Data-Mining-Projects/Apache_Airflow/venv/lib/python3.10/site-packages/airflow/example_dags/example_params_trigger_ui.py for tasks to queue
[2025-02-20T11:33:41.437+0100] {logging_mixin.py:190} INFO - [2025-02-20T11:33:41.437+0100] {dagbag.py:588} INFO - Filling up the DagBag from /Users/ajlakorman/Desktop/Data-Mining-Projects/Apache_Airflow/venv/lib/python3.10/site-packages/airflow/example_dags/example_params_trigger_ui.py
[2025-02-20T11:33:41.454+0100] {processor.py:925} INFO - DAG(s) 'example_params_trigger_ui' retrieved from /Users/ajlakorman/Desktop/Data-Mining-Projects/Apache_Airflow/venv/lib/python3.10/site-packages/airflow/example_dags/example_params_trigger_ui.py
[2025-02-20T11:33:41.526+0100] {logging_mixin.py:190} INFO - [2025-02-20T11:33:41.526+0100] {dag.py:3239} INFO - Sync 1 DAGs
[2025-02-20T11:33:41.530+0100] {logging_mixin.py:190} INFO - [2025-02-20T11:33:41.530+0100] {dag.py:4180} INFO - Setting next_dagrun for example_params_trigger_ui to None, run_after=None
[2025-02-20T11:33:41.537+0100] {processor.py:208} INFO - Processing /Users/ajlakorman/Desktop/Data-Mining-Projects/Apache_Airflow/venv/lib/python3.10/site-packages/airflow/example_dags/example_params_trigger_ui.py took 0.103 seconds
[2025-02-20T11:36:09.650+0100] {processor.py:186} INFO - Started process (PID=11402) to work on /Users/ajlakorman/Desktop/Data-Mining-Projects/Apache_Airflow/venv/lib/python3.10/site-packages/airflow/example_dags/example_params_trigger_ui.py
[2025-02-20T11:36:09.651+0100] {processor.py:914} INFO - Processing file /Users/ajlakorman/Desktop/Data-Mining-Projects/Apache_Airflow/venv/lib/python3.10/site-packages/airflow/example_dags/example_params_trigger_ui.py for tasks to queue
[2025-02-20T11:36:09.651+0100] {logging_mixin.py:190} INFO - [2025-02-20T11:36:09.651+0100] {dagbag.py:588} INFO - Filling up the DagBag from /Users/ajlakorman/Desktop/Data-Mining-Projects/Apache_Airflow/venv/lib/python3.10/site-packages/airflow/example_dags/example_params_trigger_ui.py
[2025-02-20T11:36:09.674+0100] {processor.py:925} INFO - DAG(s) 'example_params_trigger_ui' retrieved from /Users/ajlakorman/Desktop/Data-Mining-Projects/Apache_Airflow/venv/lib/python3.10/site-packages/airflow/example_dags/example_params_trigger_ui.py
[2025-02-20T11:36:09.748+0100] {logging_mixin.py:190} INFO - [2025-02-20T11:36:09.748+0100] {dag.py:3239} INFO - Sync 1 DAGs
[2025-02-20T11:36:09.752+0100] {logging_mixin.py:190} INFO - [2025-02-20T11:36:09.752+0100] {dag.py:4180} INFO - Setting next_dagrun for example_params_trigger_ui to None, run_after=None
[2025-02-20T11:36:09.760+0100] {processor.py:208} INFO - Processing /Users/ajlakorman/Desktop/Data-Mining-Projects/Apache_Airflow/venv/lib/python3.10/site-packages/airflow/example_dags/example_params_trigger_ui.py took 0.112 seconds
[2025-02-20T11:38:43.915+0100] {processor.py:186} INFO - Started process (PID=11686) to work on /Users/ajlakorman/Desktop/Data-Mining-Projects/Apache_Airflow/venv/lib/python3.10/site-packages/airflow/example_dags/example_params_trigger_ui.py
[2025-02-20T11:38:43.915+0100] {processor.py:914} INFO - Processing file /Users/ajlakorman/Desktop/Data-Mining-Projects/Apache_Airflow/venv/lib/python3.10/site-packages/airflow/example_dags/example_params_trigger_ui.py for tasks to queue
[2025-02-20T11:38:43.916+0100] {logging_mixin.py:190} INFO - [2025-02-20T11:38:43.916+0100] {dagbag.py:588} INFO - Filling up the DagBag from /Users/ajlakorman/Desktop/Data-Mining-Projects/Apache_Airflow/venv/lib/python3.10/site-packages/airflow/example_dags/example_params_trigger_ui.py
[2025-02-20T11:38:43.932+0100] {processor.py:925} INFO - DAG(s) 'example_params_trigger_ui' retrieved from /Users/ajlakorman/Desktop/Data-Mining-Projects/Apache_Airflow/venv/lib/python3.10/site-packages/airflow/example_dags/example_params_trigger_ui.py
[2025-02-20T11:38:44.005+0100] {logging_mixin.py:190} INFO - [2025-02-20T11:38:44.005+0100] {dag.py:3239} INFO - Sync 1 DAGs
[2025-02-20T11:38:44.009+0100] {logging_mixin.py:190} INFO - [2025-02-20T11:38:44.009+0100] {dag.py:4180} INFO - Setting next_dagrun for example_params_trigger_ui to None, run_after=None
[2025-02-20T11:38:44.017+0100] {processor.py:208} INFO - Processing /Users/ajlakorman/Desktop/Data-Mining-Projects/Apache_Airflow/venv/lib/python3.10/site-packages/airflow/example_dags/example_params_trigger_ui.py took 0.104 seconds
[2025-02-20T11:41:05.714+0100] {processor.py:186} INFO - Started process (PID=11893) to work on /Users/ajlakorman/Desktop/Data-Mining-Projects/Apache_Airflow/venv/lib/python3.10/site-packages/airflow/example_dags/example_params_trigger_ui.py
[2025-02-20T11:41:05.715+0100] {processor.py:914} INFO - Processing file /Users/ajlakorman/Desktop/Data-Mining-Projects/Apache_Airflow/venv/lib/python3.10/site-packages/airflow/example_dags/example_params_trigger_ui.py for tasks to queue
[2025-02-20T11:41:05.716+0100] {logging_mixin.py:190} INFO - [2025-02-20T11:41:05.715+0100] {dagbag.py:588} INFO - Filling up the DagBag from /Users/ajlakorman/Desktop/Data-Mining-Projects/Apache_Airflow/venv/lib/python3.10/site-packages/airflow/example_dags/example_params_trigger_ui.py
[2025-02-20T11:41:05.733+0100] {processor.py:925} INFO - DAG(s) 'example_params_trigger_ui' retrieved from /Users/ajlakorman/Desktop/Data-Mining-Projects/Apache_Airflow/venv/lib/python3.10/site-packages/airflow/example_dags/example_params_trigger_ui.py
[2025-02-20T11:41:05.805+0100] {logging_mixin.py:190} INFO - [2025-02-20T11:41:05.805+0100] {dag.py:3239} INFO - Sync 1 DAGs
[2025-02-20T11:41:05.810+0100] {logging_mixin.py:190} INFO - [2025-02-20T11:41:05.809+0100] {dag.py:4180} INFO - Setting next_dagrun for example_params_trigger_ui to None, run_after=None
[2025-02-20T11:41:05.818+0100] {processor.py:208} INFO - Processing /Users/ajlakorman/Desktop/Data-Mining-Projects/Apache_Airflow/venv/lib/python3.10/site-packages/airflow/example_dags/example_params_trigger_ui.py took 0.106 seconds
[2025-02-20T12:19:25.936+0100] {processor.py:186} INFO - Started process (PID=12048) to work on /Users/ajlakorman/Desktop/Data-Mining-Projects/Apache_Airflow/venv/lib/python3.10/site-packages/airflow/example_dags/example_params_trigger_ui.py
[2025-02-20T12:19:25.937+0100] {processor.py:914} INFO - Processing file /Users/ajlakorman/Desktop/Data-Mining-Projects/Apache_Airflow/venv/lib/python3.10/site-packages/airflow/example_dags/example_params_trigger_ui.py for tasks to queue
[2025-02-20T12:19:25.937+0100] {logging_mixin.py:190} INFO - [2025-02-20T12:19:25.937+0100] {dagbag.py:588} INFO - Filling up the DagBag from /Users/ajlakorman/Desktop/Data-Mining-Projects/Apache_Airflow/venv/lib/python3.10/site-packages/airflow/example_dags/example_params_trigger_ui.py
[2025-02-20T12:19:25.954+0100] {processor.py:925} INFO - DAG(s) 'example_params_trigger_ui' retrieved from /Users/ajlakorman/Desktop/Data-Mining-Projects/Apache_Airflow/venv/lib/python3.10/site-packages/airflow/example_dags/example_params_trigger_ui.py
[2025-02-20T12:19:26.026+0100] {logging_mixin.py:190} INFO - [2025-02-20T12:19:26.026+0100] {dag.py:3239} INFO - Sync 1 DAGs
[2025-02-20T12:19:26.031+0100] {logging_mixin.py:190} INFO - [2025-02-20T12:19:26.031+0100] {dag.py:4180} INFO - Setting next_dagrun for example_params_trigger_ui to None, run_after=None
[2025-02-20T12:19:26.038+0100] {processor.py:208} INFO - Processing /Users/ajlakorman/Desktop/Data-Mining-Projects/Apache_Airflow/venv/lib/python3.10/site-packages/airflow/example_dags/example_params_trigger_ui.py took 0.104 seconds
[2025-02-20T12:21:06.094+0100] {processor.py:186} INFO - Started process (PID=12176) to work on /Users/ajlakorman/Desktop/Data-Mining-Projects/Apache_Airflow/venv/lib/python3.10/site-packages/airflow/example_dags/example_params_trigger_ui.py
[2025-02-20T12:21:06.095+0100] {processor.py:914} INFO - Processing file /Users/ajlakorman/Desktop/Data-Mining-Projects/Apache_Airflow/venv/lib/python3.10/site-packages/airflow/example_dags/example_params_trigger_ui.py for tasks to queue
[2025-02-20T12:21:06.095+0100] {logging_mixin.py:190} INFO - [2025-02-20T12:21:06.095+0100] {dagbag.py:588} INFO - Filling up the DagBag from /Users/ajlakorman/Desktop/Data-Mining-Projects/Apache_Airflow/venv/lib/python3.10/site-packages/airflow/example_dags/example_params_trigger_ui.py
[2025-02-20T12:21:06.112+0100] {processor.py:925} INFO - DAG(s) 'example_params_trigger_ui' retrieved from /Users/ajlakorman/Desktop/Data-Mining-Projects/Apache_Airflow/venv/lib/python3.10/site-packages/airflow/example_dags/example_params_trigger_ui.py
[2025-02-20T12:21:06.182+0100] {logging_mixin.py:190} INFO - [2025-02-20T12:21:06.182+0100] {dag.py:3239} INFO - Sync 1 DAGs
[2025-02-20T12:21:06.186+0100] {logging_mixin.py:190} INFO - [2025-02-20T12:21:06.186+0100] {dag.py:4180} INFO - Setting next_dagrun for example_params_trigger_ui to None, run_after=None
[2025-02-20T12:21:06.193+0100] {processor.py:208} INFO - Processing /Users/ajlakorman/Desktop/Data-Mining-Projects/Apache_Airflow/venv/lib/python3.10/site-packages/airflow/example_dags/example_params_trigger_ui.py took 0.101 seconds
[2025-02-20T12:23:43.024+0100] {processor.py:186} INFO - Started process (PID=12454) to work on /Users/ajlakorman/Desktop/Data-Mining-Projects/Apache_Airflow/venv/lib/python3.10/site-packages/airflow/example_dags/example_params_trigger_ui.py
[2025-02-20T12:23:43.025+0100] {processor.py:914} INFO - Processing file /Users/ajlakorman/Desktop/Data-Mining-Projects/Apache_Airflow/venv/lib/python3.10/site-packages/airflow/example_dags/example_params_trigger_ui.py for tasks to queue
[2025-02-20T12:23:43.026+0100] {logging_mixin.py:190} INFO - [2025-02-20T12:23:43.026+0100] {dagbag.py:588} INFO - Filling up the DagBag from /Users/ajlakorman/Desktop/Data-Mining-Projects/Apache_Airflow/venv/lib/python3.10/site-packages/airflow/example_dags/example_params_trigger_ui.py
[2025-02-20T12:23:43.043+0100] {processor.py:925} INFO - DAG(s) 'example_params_trigger_ui' retrieved from /Users/ajlakorman/Desktop/Data-Mining-Projects/Apache_Airflow/venv/lib/python3.10/site-packages/airflow/example_dags/example_params_trigger_ui.py
[2025-02-20T12:23:43.114+0100] {logging_mixin.py:190} INFO - [2025-02-20T12:23:43.114+0100] {dag.py:3239} INFO - Sync 1 DAGs
[2025-02-20T12:23:43.118+0100] {logging_mixin.py:190} INFO - [2025-02-20T12:23:43.118+0100] {dag.py:4180} INFO - Setting next_dagrun for example_params_trigger_ui to None, run_after=None
[2025-02-20T12:23:43.125+0100] {processor.py:208} INFO - Processing /Users/ajlakorman/Desktop/Data-Mining-Projects/Apache_Airflow/venv/lib/python3.10/site-packages/airflow/example_dags/example_params_trigger_ui.py took 0.103 seconds
[2025-02-20T12:26:08.218+0100] {processor.py:186} INFO - Started process (PID=12728) to work on /Users/ajlakorman/Desktop/Data-Mining-Projects/Apache_Airflow/venv/lib/python3.10/site-packages/airflow/example_dags/example_params_trigger_ui.py
[2025-02-20T12:26:08.219+0100] {processor.py:914} INFO - Processing file /Users/ajlakorman/Desktop/Data-Mining-Projects/Apache_Airflow/venv/lib/python3.10/site-packages/airflow/example_dags/example_params_trigger_ui.py for tasks to queue
[2025-02-20T12:26:08.220+0100] {logging_mixin.py:190} INFO - [2025-02-20T12:26:08.220+0100] {dagbag.py:588} INFO - Filling up the DagBag from /Users/ajlakorman/Desktop/Data-Mining-Projects/Apache_Airflow/venv/lib/python3.10/site-packages/airflow/example_dags/example_params_trigger_ui.py
[2025-02-20T12:26:08.238+0100] {processor.py:925} INFO - DAG(s) 'example_params_trigger_ui' retrieved from /Users/ajlakorman/Desktop/Data-Mining-Projects/Apache_Airflow/venv/lib/python3.10/site-packages/airflow/example_dags/example_params_trigger_ui.py
[2025-02-20T12:26:08.311+0100] {logging_mixin.py:190} INFO - [2025-02-20T12:26:08.311+0100] {dag.py:3239} INFO - Sync 1 DAGs
[2025-02-20T12:26:08.315+0100] {logging_mixin.py:190} INFO - [2025-02-20T12:26:08.315+0100] {dag.py:4180} INFO - Setting next_dagrun for example_params_trigger_ui to None, run_after=None
[2025-02-20T12:26:08.321+0100] {processor.py:208} INFO - Processing /Users/ajlakorman/Desktop/Data-Mining-Projects/Apache_Airflow/venv/lib/python3.10/site-packages/airflow/example_dags/example_params_trigger_ui.py took 0.106 seconds
[2025-02-20T12:28:42.743+0100] {processor.py:186} INFO - Started process (PID=13058) to work on /Users/ajlakorman/Desktop/Data-Mining-Projects/Apache_Airflow/venv/lib/python3.10/site-packages/airflow/example_dags/example_params_trigger_ui.py
[2025-02-20T12:28:42.743+0100] {processor.py:914} INFO - Processing file /Users/ajlakorman/Desktop/Data-Mining-Projects/Apache_Airflow/venv/lib/python3.10/site-packages/airflow/example_dags/example_params_trigger_ui.py for tasks to queue
[2025-02-20T12:28:42.744+0100] {logging_mixin.py:190} INFO - [2025-02-20T12:28:42.744+0100] {dagbag.py:588} INFO - Filling up the DagBag from /Users/ajlakorman/Desktop/Data-Mining-Projects/Apache_Airflow/venv/lib/python3.10/site-packages/airflow/example_dags/example_params_trigger_ui.py
[2025-02-20T12:28:42.761+0100] {processor.py:925} INFO - DAG(s) 'example_params_trigger_ui' retrieved from /Users/ajlakorman/Desktop/Data-Mining-Projects/Apache_Airflow/venv/lib/python3.10/site-packages/airflow/example_dags/example_params_trigger_ui.py
[2025-02-20T12:28:42.836+0100] {logging_mixin.py:190} INFO - [2025-02-20T12:28:42.836+0100] {dag.py:3239} INFO - Sync 1 DAGs
[2025-02-20T12:28:42.840+0100] {logging_mixin.py:190} INFO - [2025-02-20T12:28:42.840+0100] {dag.py:4180} INFO - Setting next_dagrun for example_params_trigger_ui to None, run_after=None
[2025-02-20T12:28:42.847+0100] {processor.py:208} INFO - Processing /Users/ajlakorman/Desktop/Data-Mining-Projects/Apache_Airflow/venv/lib/python3.10/site-packages/airflow/example_dags/example_params_trigger_ui.py took 0.106 seconds
[2025-02-20T12:31:04.893+0100] {processor.py:186} INFO - Started process (PID=13363) to work on /Users/ajlakorman/Desktop/Data-Mining-Projects/Apache_Airflow/venv/lib/python3.10/site-packages/airflow/example_dags/example_params_trigger_ui.py
[2025-02-20T12:31:04.894+0100] {processor.py:914} INFO - Processing file /Users/ajlakorman/Desktop/Data-Mining-Projects/Apache_Airflow/venv/lib/python3.10/site-packages/airflow/example_dags/example_params_trigger_ui.py for tasks to queue
[2025-02-20T12:31:04.894+0100] {logging_mixin.py:190} INFO - [2025-02-20T12:31:04.894+0100] {dagbag.py:588} INFO - Filling up the DagBag from /Users/ajlakorman/Desktop/Data-Mining-Projects/Apache_Airflow/venv/lib/python3.10/site-packages/airflow/example_dags/example_params_trigger_ui.py
[2025-02-20T12:31:04.910+0100] {processor.py:925} INFO - DAG(s) 'example_params_trigger_ui' retrieved from /Users/ajlakorman/Desktop/Data-Mining-Projects/Apache_Airflow/venv/lib/python3.10/site-packages/airflow/example_dags/example_params_trigger_ui.py
[2025-02-20T12:31:05.060+0100] {logging_mixin.py:190} INFO - [2025-02-20T12:31:05.060+0100] {dag.py:3239} INFO - Sync 1 DAGs
[2025-02-20T12:31:05.068+0100] {logging_mixin.py:190} INFO - [2025-02-20T12:31:05.067+0100] {dag.py:4180} INFO - Setting next_dagrun for example_params_trigger_ui to None, run_after=None
[2025-02-20T12:31:05.096+0100] {processor.py:208} INFO - Processing /Users/ajlakorman/Desktop/Data-Mining-Projects/Apache_Airflow/venv/lib/python3.10/site-packages/airflow/example_dags/example_params_trigger_ui.py took 0.205 seconds
[2025-02-20T12:33:42.825+0100] {processor.py:186} INFO - Started process (PID=13701) to work on /Users/ajlakorman/Desktop/Data-Mining-Projects/Apache_Airflow/venv/lib/python3.10/site-packages/airflow/example_dags/example_params_trigger_ui.py
[2025-02-20T12:33:42.825+0100] {processor.py:914} INFO - Processing file /Users/ajlakorman/Desktop/Data-Mining-Projects/Apache_Airflow/venv/lib/python3.10/site-packages/airflow/example_dags/example_params_trigger_ui.py for tasks to queue
[2025-02-20T12:33:42.826+0100] {logging_mixin.py:190} INFO - [2025-02-20T12:33:42.826+0100] {dagbag.py:588} INFO - Filling up the DagBag from /Users/ajlakorman/Desktop/Data-Mining-Projects/Apache_Airflow/venv/lib/python3.10/site-packages/airflow/example_dags/example_params_trigger_ui.py
[2025-02-20T12:33:42.842+0100] {processor.py:925} INFO - DAG(s) 'example_params_trigger_ui' retrieved from /Users/ajlakorman/Desktop/Data-Mining-Projects/Apache_Airflow/venv/lib/python3.10/site-packages/airflow/example_dags/example_params_trigger_ui.py
[2025-02-20T12:33:42.914+0100] {logging_mixin.py:190} INFO - [2025-02-20T12:33:42.914+0100] {dag.py:3239} INFO - Sync 1 DAGs
[2025-02-20T12:33:42.918+0100] {logging_mixin.py:190} INFO - [2025-02-20T12:33:42.918+0100] {dag.py:4180} INFO - Setting next_dagrun for example_params_trigger_ui to None, run_after=None
[2025-02-20T12:33:42.925+0100] {processor.py:208} INFO - Processing /Users/ajlakorman/Desktop/Data-Mining-Projects/Apache_Airflow/venv/lib/python3.10/site-packages/airflow/example_dags/example_params_trigger_ui.py took 0.102 seconds
[2025-02-20T12:36:18.229+0100] {processor.py:186} INFO - Started process (PID=14060) to work on /Users/ajlakorman/Desktop/Data-Mining-Projects/Apache_Airflow/venv/lib/python3.10/site-packages/airflow/example_dags/example_params_trigger_ui.py
[2025-02-20T12:36:18.230+0100] {processor.py:914} INFO - Processing file /Users/ajlakorman/Desktop/Data-Mining-Projects/Apache_Airflow/venv/lib/python3.10/site-packages/airflow/example_dags/example_params_trigger_ui.py for tasks to queue
[2025-02-20T12:36:18.230+0100] {logging_mixin.py:190} INFO - [2025-02-20T12:36:18.230+0100] {dagbag.py:588} INFO - Filling up the DagBag from /Users/ajlakorman/Desktop/Data-Mining-Projects/Apache_Airflow/venv/lib/python3.10/site-packages/airflow/example_dags/example_params_trigger_ui.py
[2025-02-20T12:36:18.248+0100] {processor.py:925} INFO - DAG(s) 'example_params_trigger_ui' retrieved from /Users/ajlakorman/Desktop/Data-Mining-Projects/Apache_Airflow/venv/lib/python3.10/site-packages/airflow/example_dags/example_params_trigger_ui.py
[2025-02-20T12:36:18.323+0100] {logging_mixin.py:190} INFO - [2025-02-20T12:36:18.322+0100] {dag.py:3239} INFO - Sync 1 DAGs
[2025-02-20T12:36:18.326+0100] {logging_mixin.py:190} INFO - [2025-02-20T12:36:18.326+0100] {dag.py:4180} INFO - Setting next_dagrun for example_params_trigger_ui to None, run_after=None
[2025-02-20T12:36:18.334+0100] {processor.py:208} INFO - Processing /Users/ajlakorman/Desktop/Data-Mining-Projects/Apache_Airflow/venv/lib/python3.10/site-packages/airflow/example_dags/example_params_trigger_ui.py took 0.106 seconds
[2025-02-20T12:38:47.569+0100] {processor.py:186} INFO - Started process (PID=14418) to work on /Users/ajlakorman/Desktop/Data-Mining-Projects/Apache_Airflow/venv/lib/python3.10/site-packages/airflow/example_dags/example_params_trigger_ui.py
[2025-02-20T12:38:47.570+0100] {processor.py:914} INFO - Processing file /Users/ajlakorman/Desktop/Data-Mining-Projects/Apache_Airflow/venv/lib/python3.10/site-packages/airflow/example_dags/example_params_trigger_ui.py for tasks to queue
[2025-02-20T12:38:47.571+0100] {logging_mixin.py:190} INFO - [2025-02-20T12:38:47.571+0100] {dagbag.py:588} INFO - Filling up the DagBag from /Users/ajlakorman/Desktop/Data-Mining-Projects/Apache_Airflow/venv/lib/python3.10/site-packages/airflow/example_dags/example_params_trigger_ui.py
[2025-02-20T12:38:47.587+0100] {processor.py:925} INFO - DAG(s) 'example_params_trigger_ui' retrieved from /Users/ajlakorman/Desktop/Data-Mining-Projects/Apache_Airflow/venv/lib/python3.10/site-packages/airflow/example_dags/example_params_trigger_ui.py
[2025-02-20T12:38:47.660+0100] {logging_mixin.py:190} INFO - [2025-02-20T12:38:47.660+0100] {dag.py:3239} INFO - Sync 1 DAGs
[2025-02-20T12:38:47.664+0100] {logging_mixin.py:190} INFO - [2025-02-20T12:38:47.664+0100] {dag.py:4180} INFO - Setting next_dagrun for example_params_trigger_ui to None, run_after=None
[2025-02-20T12:38:47.670+0100] {processor.py:208} INFO - Processing /Users/ajlakorman/Desktop/Data-Mining-Projects/Apache_Airflow/venv/lib/python3.10/site-packages/airflow/example_dags/example_params_trigger_ui.py took 0.103 seconds
[2025-02-20T12:56:54.955+0100] {processor.py:186} INFO - Started process (PID=14825) to work on /Users/ajlakorman/Desktop/Data-Mining-Projects/Apache_Airflow/venv/lib/python3.10/site-packages/airflow/example_dags/example_params_trigger_ui.py
[2025-02-20T12:56:54.958+0100] {processor.py:914} INFO - Processing file /Users/ajlakorman/Desktop/Data-Mining-Projects/Apache_Airflow/venv/lib/python3.10/site-packages/airflow/example_dags/example_params_trigger_ui.py for tasks to queue
[2025-02-20T12:56:54.959+0100] {logging_mixin.py:190} INFO - [2025-02-20T12:56:54.958+0100] {dagbag.py:588} INFO - Filling up the DagBag from /Users/ajlakorman/Desktop/Data-Mining-Projects/Apache_Airflow/venv/lib/python3.10/site-packages/airflow/example_dags/example_params_trigger_ui.py
[2025-02-20T12:56:54.976+0100] {processor.py:925} INFO - DAG(s) 'example_params_trigger_ui' retrieved from /Users/ajlakorman/Desktop/Data-Mining-Projects/Apache_Airflow/venv/lib/python3.10/site-packages/airflow/example_dags/example_params_trigger_ui.py
[2025-02-20T12:56:55.048+0100] {logging_mixin.py:190} INFO - [2025-02-20T12:56:55.047+0100] {dag.py:3239} INFO - Sync 1 DAGs
[2025-02-20T12:56:55.052+0100] {logging_mixin.py:190} INFO - [2025-02-20T12:56:55.052+0100] {dag.py:4180} INFO - Setting next_dagrun for example_params_trigger_ui to None, run_after=None
[2025-02-20T12:56:55.059+0100] {processor.py:208} INFO - Processing /Users/ajlakorman/Desktop/Data-Mining-Projects/Apache_Airflow/venv/lib/python3.10/site-packages/airflow/example_dags/example_params_trigger_ui.py took 0.106 seconds
[2025-02-20T12:59:49.351+0100] {processor.py:186} INFO - Started process (PID=15088) to work on /Users/ajlakorman/Desktop/Data-Mining-Projects/Apache_Airflow/venv/lib/python3.10/site-packages/airflow/example_dags/example_params_trigger_ui.py
[2025-02-20T12:59:49.352+0100] {processor.py:914} INFO - Processing file /Users/ajlakorman/Desktop/Data-Mining-Projects/Apache_Airflow/venv/lib/python3.10/site-packages/airflow/example_dags/example_params_trigger_ui.py for tasks to queue
[2025-02-20T12:59:49.353+0100] {logging_mixin.py:190} INFO - [2025-02-20T12:59:49.353+0100] {dagbag.py:588} INFO - Filling up the DagBag from /Users/ajlakorman/Desktop/Data-Mining-Projects/Apache_Airflow/venv/lib/python3.10/site-packages/airflow/example_dags/example_params_trigger_ui.py
[2025-02-20T12:59:49.370+0100] {processor.py:925} INFO - DAG(s) 'example_params_trigger_ui' retrieved from /Users/ajlakorman/Desktop/Data-Mining-Projects/Apache_Airflow/venv/lib/python3.10/site-packages/airflow/example_dags/example_params_trigger_ui.py
[2025-02-20T12:59:49.442+0100] {logging_mixin.py:190} INFO - [2025-02-20T12:59:49.442+0100] {dag.py:3239} INFO - Sync 1 DAGs
[2025-02-20T12:59:49.446+0100] {logging_mixin.py:190} INFO - [2025-02-20T12:59:49.446+0100] {dag.py:4180} INFO - Setting next_dagrun for example_params_trigger_ui to None, run_after=None
[2025-02-20T12:59:49.452+0100] {processor.py:208} INFO - Processing /Users/ajlakorman/Desktop/Data-Mining-Projects/Apache_Airflow/venv/lib/python3.10/site-packages/airflow/example_dags/example_params_trigger_ui.py took 0.104 seconds
[2025-02-20T13:02:29.499+0100] {processor.py:186} INFO - Started process (PID=15319) to work on /Users/ajlakorman/Desktop/Data-Mining-Projects/Apache_Airflow/venv/lib/python3.10/site-packages/airflow/example_dags/example_params_trigger_ui.py
[2025-02-20T13:02:29.501+0100] {processor.py:914} INFO - Processing file /Users/ajlakorman/Desktop/Data-Mining-Projects/Apache_Airflow/venv/lib/python3.10/site-packages/airflow/example_dags/example_params_trigger_ui.py for tasks to queue
[2025-02-20T13:02:29.501+0100] {logging_mixin.py:190} INFO - [2025-02-20T13:02:29.501+0100] {dagbag.py:588} INFO - Filling up the DagBag from /Users/ajlakorman/Desktop/Data-Mining-Projects/Apache_Airflow/venv/lib/python3.10/site-packages/airflow/example_dags/example_params_trigger_ui.py
[2025-02-20T13:02:29.517+0100] {processor.py:925} INFO - DAG(s) 'example_params_trigger_ui' retrieved from /Users/ajlakorman/Desktop/Data-Mining-Projects/Apache_Airflow/venv/lib/python3.10/site-packages/airflow/example_dags/example_params_trigger_ui.py
[2025-02-20T13:02:29.587+0100] {logging_mixin.py:190} INFO - [2025-02-20T13:02:29.587+0100] {dag.py:3239} INFO - Sync 1 DAGs
[2025-02-20T13:02:29.591+0100] {logging_mixin.py:190} INFO - [2025-02-20T13:02:29.591+0100] {dag.py:4180} INFO - Setting next_dagrun for example_params_trigger_ui to None, run_after=None
[2025-02-20T13:02:29.597+0100] {processor.py:208} INFO - Processing /Users/ajlakorman/Desktop/Data-Mining-Projects/Apache_Airflow/venv/lib/python3.10/site-packages/airflow/example_dags/example_params_trigger_ui.py took 0.100 seconds
[2025-02-20T13:08:01.914+0100] {processor.py:186} INFO - Started process (PID=15643) to work on /Users/ajlakorman/Desktop/Data-Mining-Projects/Apache_Airflow/venv/lib/python3.10/site-packages/airflow/example_dags/example_params_trigger_ui.py
[2025-02-20T13:08:01.915+0100] {processor.py:914} INFO - Processing file /Users/ajlakorman/Desktop/Data-Mining-Projects/Apache_Airflow/venv/lib/python3.10/site-packages/airflow/example_dags/example_params_trigger_ui.py for tasks to queue
[2025-02-20T13:08:01.916+0100] {logging_mixin.py:190} INFO - [2025-02-20T13:08:01.916+0100] {dagbag.py:588} INFO - Filling up the DagBag from /Users/ajlakorman/Desktop/Data-Mining-Projects/Apache_Airflow/venv/lib/python3.10/site-packages/airflow/example_dags/example_params_trigger_ui.py
[2025-02-20T13:08:01.932+0100] {processor.py:925} INFO - DAG(s) 'example_params_trigger_ui' retrieved from /Users/ajlakorman/Desktop/Data-Mining-Projects/Apache_Airflow/venv/lib/python3.10/site-packages/airflow/example_dags/example_params_trigger_ui.py
[2025-02-20T13:08:02.005+0100] {logging_mixin.py:190} INFO - [2025-02-20T13:08:02.005+0100] {dag.py:3239} INFO - Sync 1 DAGs
[2025-02-20T13:08:02.009+0100] {logging_mixin.py:190} INFO - [2025-02-20T13:08:02.009+0100] {dag.py:4180} INFO - Setting next_dagrun for example_params_trigger_ui to None, run_after=None
[2025-02-20T13:08:02.015+0100] {processor.py:208} INFO - Processing /Users/ajlakorman/Desktop/Data-Mining-Projects/Apache_Airflow/venv/lib/python3.10/site-packages/airflow/example_dags/example_params_trigger_ui.py took 0.103 seconds
[2025-02-20T13:10:48.731+0100] {processor.py:186} INFO - Started process (PID=16006) to work on /Users/ajlakorman/Desktop/Data-Mining-Projects/Apache_Airflow/venv/lib/python3.10/site-packages/airflow/example_dags/example_params_trigger_ui.py
[2025-02-20T13:10:48.733+0100] {processor.py:914} INFO - Processing file /Users/ajlakorman/Desktop/Data-Mining-Projects/Apache_Airflow/venv/lib/python3.10/site-packages/airflow/example_dags/example_params_trigger_ui.py for tasks to queue
[2025-02-20T13:10:48.733+0100] {logging_mixin.py:190} INFO - [2025-02-20T13:10:48.733+0100] {dagbag.py:588} INFO - Filling up the DagBag from /Users/ajlakorman/Desktop/Data-Mining-Projects/Apache_Airflow/venv/lib/python3.10/site-packages/airflow/example_dags/example_params_trigger_ui.py
[2025-02-20T13:10:48.749+0100] {processor.py:925} INFO - DAG(s) 'example_params_trigger_ui' retrieved from /Users/ajlakorman/Desktop/Data-Mining-Projects/Apache_Airflow/venv/lib/python3.10/site-packages/airflow/example_dags/example_params_trigger_ui.py
[2025-02-20T13:10:48.821+0100] {logging_mixin.py:190} INFO - [2025-02-20T13:10:48.821+0100] {dag.py:3239} INFO - Sync 1 DAGs
[2025-02-20T13:10:48.825+0100] {logging_mixin.py:190} INFO - [2025-02-20T13:10:48.825+0100] {dag.py:4180} INFO - Setting next_dagrun for example_params_trigger_ui to None, run_after=None
[2025-02-20T13:10:48.832+0100] {processor.py:208} INFO - Processing /Users/ajlakorman/Desktop/Data-Mining-Projects/Apache_Airflow/venv/lib/python3.10/site-packages/airflow/example_dags/example_params_trigger_ui.py took 0.102 seconds
[2025-02-20T13:13:45.503+0100] {processor.py:186} INFO - Started process (PID=16269) to work on /Users/ajlakorman/Desktop/Data-Mining-Projects/Apache_Airflow/venv/lib/python3.10/site-packages/airflow/example_dags/example_params_trigger_ui.py
[2025-02-20T13:13:45.504+0100] {processor.py:914} INFO - Processing file /Users/ajlakorman/Desktop/Data-Mining-Projects/Apache_Airflow/venv/lib/python3.10/site-packages/airflow/example_dags/example_params_trigger_ui.py for tasks to queue
[2025-02-20T13:13:45.505+0100] {logging_mixin.py:190} INFO - [2025-02-20T13:13:45.504+0100] {dagbag.py:588} INFO - Filling up the DagBag from /Users/ajlakorman/Desktop/Data-Mining-Projects/Apache_Airflow/venv/lib/python3.10/site-packages/airflow/example_dags/example_params_trigger_ui.py
[2025-02-20T13:13:45.527+0100] {processor.py:925} INFO - DAG(s) 'example_params_trigger_ui' retrieved from /Users/ajlakorman/Desktop/Data-Mining-Projects/Apache_Airflow/venv/lib/python3.10/site-packages/airflow/example_dags/example_params_trigger_ui.py
[2025-02-20T13:13:45.654+0100] {logging_mixin.py:190} INFO - [2025-02-20T13:13:45.654+0100] {dag.py:3239} INFO - Sync 1 DAGs
[2025-02-20T13:13:45.659+0100] {logging_mixin.py:190} INFO - [2025-02-20T13:13:45.659+0100] {dag.py:4180} INFO - Setting next_dagrun for example_params_trigger_ui to None, run_after=None
[2025-02-20T13:13:45.673+0100] {processor.py:208} INFO - Processing /Users/ajlakorman/Desktop/Data-Mining-Projects/Apache_Airflow/venv/lib/python3.10/site-packages/airflow/example_dags/example_params_trigger_ui.py took 0.172 seconds
[2025-02-20T13:16:42.670+0100] {processor.py:186} INFO - Started process (PID=16601) to work on /Users/ajlakorman/Desktop/Data-Mining-Projects/Apache_Airflow/venv/lib/python3.10/site-packages/airflow/example_dags/example_params_trigger_ui.py
[2025-02-20T13:16:42.671+0100] {processor.py:914} INFO - Processing file /Users/ajlakorman/Desktop/Data-Mining-Projects/Apache_Airflow/venv/lib/python3.10/site-packages/airflow/example_dags/example_params_trigger_ui.py for tasks to queue
[2025-02-20T13:16:42.671+0100] {logging_mixin.py:190} INFO - [2025-02-20T13:16:42.671+0100] {dagbag.py:588} INFO - Filling up the DagBag from /Users/ajlakorman/Desktop/Data-Mining-Projects/Apache_Airflow/venv/lib/python3.10/site-packages/airflow/example_dags/example_params_trigger_ui.py
[2025-02-20T13:16:42.689+0100] {processor.py:925} INFO - DAG(s) 'example_params_trigger_ui' retrieved from /Users/ajlakorman/Desktop/Data-Mining-Projects/Apache_Airflow/venv/lib/python3.10/site-packages/airflow/example_dags/example_params_trigger_ui.py
[2025-02-20T13:16:42.770+0100] {logging_mixin.py:190} INFO - [2025-02-20T13:16:42.770+0100] {dag.py:3239} INFO - Sync 1 DAGs
[2025-02-20T13:16:42.774+0100] {logging_mixin.py:190} INFO - [2025-02-20T13:16:42.774+0100] {dag.py:4180} INFO - Setting next_dagrun for example_params_trigger_ui to None, run_after=None
[2025-02-20T13:16:42.781+0100] {processor.py:208} INFO - Processing /Users/ajlakorman/Desktop/Data-Mining-Projects/Apache_Airflow/venv/lib/python3.10/site-packages/airflow/example_dags/example_params_trigger_ui.py took 0.114 seconds
[2025-02-20T13:19:52.551+0100] {processor.py:186} INFO - Started process (PID=16962) to work on /Users/ajlakorman/Desktop/Data-Mining-Projects/Apache_Airflow/venv/lib/python3.10/site-packages/airflow/example_dags/example_params_trigger_ui.py
[2025-02-20T13:19:52.552+0100] {processor.py:914} INFO - Processing file /Users/ajlakorman/Desktop/Data-Mining-Projects/Apache_Airflow/venv/lib/python3.10/site-packages/airflow/example_dags/example_params_trigger_ui.py for tasks to queue
[2025-02-20T13:19:52.553+0100] {logging_mixin.py:190} INFO - [2025-02-20T13:19:52.553+0100] {dagbag.py:588} INFO - Filling up the DagBag from /Users/ajlakorman/Desktop/Data-Mining-Projects/Apache_Airflow/venv/lib/python3.10/site-packages/airflow/example_dags/example_params_trigger_ui.py
[2025-02-20T13:19:52.576+0100] {processor.py:925} INFO - DAG(s) 'example_params_trigger_ui' retrieved from /Users/ajlakorman/Desktop/Data-Mining-Projects/Apache_Airflow/venv/lib/python3.10/site-packages/airflow/example_dags/example_params_trigger_ui.py
[2025-02-20T13:19:52.651+0100] {logging_mixin.py:190} INFO - [2025-02-20T13:19:52.651+0100] {dag.py:3239} INFO - Sync 1 DAGs
[2025-02-20T13:19:52.655+0100] {logging_mixin.py:190} INFO - [2025-02-20T13:19:52.655+0100] {dag.py:4180} INFO - Setting next_dagrun for example_params_trigger_ui to None, run_after=None
[2025-02-20T13:19:52.663+0100] {processor.py:208} INFO - Processing /Users/ajlakorman/Desktop/Data-Mining-Projects/Apache_Airflow/venv/lib/python3.10/site-packages/airflow/example_dags/example_params_trigger_ui.py took 0.114 seconds
[2025-02-20T13:22:44.176+0100] {processor.py:186} INFO - Started process (PID=17290) to work on /Users/ajlakorman/Desktop/Data-Mining-Projects/Apache_Airflow/venv/lib/python3.10/site-packages/airflow/example_dags/example_params_trigger_ui.py
[2025-02-20T13:22:44.178+0100] {processor.py:914} INFO - Processing file /Users/ajlakorman/Desktop/Data-Mining-Projects/Apache_Airflow/venv/lib/python3.10/site-packages/airflow/example_dags/example_params_trigger_ui.py for tasks to queue
[2025-02-20T13:22:44.178+0100] {logging_mixin.py:190} INFO - [2025-02-20T13:22:44.178+0100] {dagbag.py:588} INFO - Filling up the DagBag from /Users/ajlakorman/Desktop/Data-Mining-Projects/Apache_Airflow/venv/lib/python3.10/site-packages/airflow/example_dags/example_params_trigger_ui.py
[2025-02-20T13:22:44.194+0100] {processor.py:925} INFO - DAG(s) 'example_params_trigger_ui' retrieved from /Users/ajlakorman/Desktop/Data-Mining-Projects/Apache_Airflow/venv/lib/python3.10/site-packages/airflow/example_dags/example_params_trigger_ui.py
[2025-02-20T13:22:44.267+0100] {logging_mixin.py:190} INFO - [2025-02-20T13:22:44.267+0100] {dag.py:3239} INFO - Sync 1 DAGs
[2025-02-20T13:22:44.271+0100] {logging_mixin.py:190} INFO - [2025-02-20T13:22:44.271+0100] {dag.py:4180} INFO - Setting next_dagrun for example_params_trigger_ui to None, run_after=None
[2025-02-20T13:22:44.277+0100] {processor.py:208} INFO - Processing /Users/ajlakorman/Desktop/Data-Mining-Projects/Apache_Airflow/venv/lib/python3.10/site-packages/airflow/example_dags/example_params_trigger_ui.py took 0.102 seconds
[2025-02-20T13:25:21.179+0100] {processor.py:186} INFO - Started process (PID=17514) to work on /Users/ajlakorman/Desktop/Data-Mining-Projects/Apache_Airflow/venv/lib/python3.10/site-packages/airflow/example_dags/example_params_trigger_ui.py
[2025-02-20T13:25:21.180+0100] {processor.py:914} INFO - Processing file /Users/ajlakorman/Desktop/Data-Mining-Projects/Apache_Airflow/venv/lib/python3.10/site-packages/airflow/example_dags/example_params_trigger_ui.py for tasks to queue
[2025-02-20T13:25:21.180+0100] {logging_mixin.py:190} INFO - [2025-02-20T13:25:21.180+0100] {dagbag.py:588} INFO - Filling up the DagBag from /Users/ajlakorman/Desktop/Data-Mining-Projects/Apache_Airflow/venv/lib/python3.10/site-packages/airflow/example_dags/example_params_trigger_ui.py
[2025-02-20T13:25:21.199+0100] {processor.py:925} INFO - DAG(s) 'example_params_trigger_ui' retrieved from /Users/ajlakorman/Desktop/Data-Mining-Projects/Apache_Airflow/venv/lib/python3.10/site-packages/airflow/example_dags/example_params_trigger_ui.py
[2025-02-20T13:25:21.283+0100] {logging_mixin.py:190} INFO - [2025-02-20T13:25:21.282+0100] {dag.py:3239} INFO - Sync 1 DAGs
[2025-02-20T13:25:21.287+0100] {logging_mixin.py:190} INFO - [2025-02-20T13:25:21.287+0100] {dag.py:4180} INFO - Setting next_dagrun for example_params_trigger_ui to None, run_after=None
[2025-02-20T13:25:21.296+0100] {processor.py:208} INFO - Processing /Users/ajlakorman/Desktop/Data-Mining-Projects/Apache_Airflow/venv/lib/python3.10/site-packages/airflow/example_dags/example_params_trigger_ui.py took 0.120 seconds
