[2025-02-20T10:53:15.548+0100] {processor.py:186} INFO - Started process (PID=6365) to work on /Users/ajlakorman/Desktop/Data-Mining-Projects/Apache_Airflow/venv/lib/python3.10/site-packages/airflow/example_dags/example_dag_decorator.py
[2025-02-20T10:53:15.548+0100] {processor.py:914} INFO - Processing file /Users/ajlakorman/Desktop/Data-Mining-Projects/Apache_Airflow/venv/lib/python3.10/site-packages/airflow/example_dags/example_dag_decorator.py for tasks to queue
[2025-02-20T10:53:15.549+0100] {logging_mixin.py:190} INFO - [2025-02-20T10:53:15.549+0100] {dagbag.py:588} INFO - Filling up the DagBag from /Users/ajlakorman/Desktop/Data-Mining-Projects/Apache_Airflow/venv/lib/python3.10/site-packages/airflow/example_dags/example_dag_decorator.py
[2025-02-20T10:53:15.674+0100] {processor.py:925} INFO - DAG(s) 'example_dag_decorator' retrieved from /Users/ajlakorman/Desktop/Data-Mining-Projects/Apache_Airflow/venv/lib/python3.10/site-packages/airflow/example_dags/example_dag_decorator.py
[2025-02-20T10:53:15.744+0100] {logging_mixin.py:190} INFO - [2025-02-20T10:53:15.744+0100] {override.py:1912} INFO - Created Permission View: can read on DAG:example_dag_decorator
[2025-02-20T10:53:15.748+0100] {logging_mixin.py:190} INFO - [2025-02-20T10:53:15.748+0100] {override.py:1912} INFO - Created Permission View: can edit on DAG:example_dag_decorator
[2025-02-20T10:53:15.751+0100] {logging_mixin.py:190} INFO - [2025-02-20T10:53:15.751+0100] {override.py:1912} INFO - Created Permission View: can delete on DAG:example_dag_decorator
[2025-02-20T10:53:15.755+0100] {logging_mixin.py:190} INFO - [2025-02-20T10:53:15.754+0100] {override.py:1912} INFO - Created Permission View: can read on DAG Run:example_dag_decorator
[2025-02-20T10:53:15.757+0100] {logging_mixin.py:190} INFO - [2025-02-20T10:53:15.757+0100] {override.py:1912} INFO - Created Permission View: can delete on DAG Run:example_dag_decorator
[2025-02-20T10:53:15.759+0100] {logging_mixin.py:190} INFO - [2025-02-20T10:53:15.759+0100] {override.py:1912} INFO - Created Permission View: menu access on DAG Run:example_dag_decorator
[2025-02-20T10:53:15.762+0100] {logging_mixin.py:190} INFO - [2025-02-20T10:53:15.762+0100] {override.py:1912} INFO - Created Permission View: can create on DAG Run:example_dag_decorator
[2025-02-20T10:53:15.762+0100] {logging_mixin.py:190} INFO - [2025-02-20T10:53:15.762+0100] {dag.py:3239} INFO - Sync 1 DAGs
[2025-02-20T10:53:15.767+0100] {logging_mixin.py:190} INFO - [2025-02-20T10:53:15.767+0100] {dag.py:3262} INFO - Creating ORM DAG for example_dag_decorator
[2025-02-20T10:53:15.767+0100] {logging_mixin.py:190} INFO - [2025-02-20T10:53:15.767+0100] {dag.py:4180} INFO - Setting next_dagrun for example_dag_decorator to None, run_after=None
[2025-02-20T10:53:15.774+0100] {processor.py:208} INFO - Processing /Users/ajlakorman/Desktop/Data-Mining-Projects/Apache_Airflow/venv/lib/python3.10/site-packages/airflow/example_dags/example_dag_decorator.py took 0.228 seconds
[2025-02-20T10:55:45.681+0100] {processor.py:186} INFO - Started process (PID=6704) to work on /Users/ajlakorman/Desktop/Data-Mining-Projects/Apache_Airflow/venv/lib/python3.10/site-packages/airflow/example_dags/example_dag_decorator.py
[2025-02-20T10:55:45.682+0100] {processor.py:914} INFO - Processing file /Users/ajlakorman/Desktop/Data-Mining-Projects/Apache_Airflow/venv/lib/python3.10/site-packages/airflow/example_dags/example_dag_decorator.py for tasks to queue
[2025-02-20T10:55:45.682+0100] {logging_mixin.py:190} INFO - [2025-02-20T10:55:45.682+0100] {dagbag.py:588} INFO - Filling up the DagBag from /Users/ajlakorman/Desktop/Data-Mining-Projects/Apache_Airflow/venv/lib/python3.10/site-packages/airflow/example_dags/example_dag_decorator.py
[2025-02-20T10:55:45.786+0100] {processor.py:925} INFO - DAG(s) 'example_dag_decorator' retrieved from /Users/ajlakorman/Desktop/Data-Mining-Projects/Apache_Airflow/venv/lib/python3.10/site-packages/airflow/example_dags/example_dag_decorator.py
[2025-02-20T10:55:45.864+0100] {logging_mixin.py:190} INFO - [2025-02-20T10:55:45.863+0100] {dag.py:3239} INFO - Sync 1 DAGs
[2025-02-20T10:55:45.867+0100] {logging_mixin.py:190} INFO - [2025-02-20T10:55:45.867+0100] {dag.py:4180} INFO - Setting next_dagrun for example_dag_decorator to None, run_after=None
[2025-02-20T10:55:45.874+0100] {processor.py:208} INFO - Processing /Users/ajlakorman/Desktop/Data-Mining-Projects/Apache_Airflow/venv/lib/python3.10/site-packages/airflow/example_dags/example_dag_decorator.py took 0.195 seconds
[2025-02-20T10:58:34.493+0100] {processor.py:186} INFO - Started process (PID=6999) to work on /Users/ajlakorman/Desktop/Data-Mining-Projects/Apache_Airflow/venv/lib/python3.10/site-packages/airflow/example_dags/example_dag_decorator.py
[2025-02-20T10:58:34.494+0100] {processor.py:914} INFO - Processing file /Users/ajlakorman/Desktop/Data-Mining-Projects/Apache_Airflow/venv/lib/python3.10/site-packages/airflow/example_dags/example_dag_decorator.py for tasks to queue
[2025-02-20T10:58:34.495+0100] {logging_mixin.py:190} INFO - [2025-02-20T10:58:34.495+0100] {dagbag.py:588} INFO - Filling up the DagBag from /Users/ajlakorman/Desktop/Data-Mining-Projects/Apache_Airflow/venv/lib/python3.10/site-packages/airflow/example_dags/example_dag_decorator.py
[2025-02-20T10:58:34.600+0100] {processor.py:925} INFO - DAG(s) 'example_dag_decorator' retrieved from /Users/ajlakorman/Desktop/Data-Mining-Projects/Apache_Airflow/venv/lib/python3.10/site-packages/airflow/example_dags/example_dag_decorator.py
[2025-02-20T10:58:34.681+0100] {logging_mixin.py:190} INFO - [2025-02-20T10:58:34.680+0100] {dag.py:3239} INFO - Sync 1 DAGs
[2025-02-20T10:58:34.685+0100] {logging_mixin.py:190} INFO - [2025-02-20T10:58:34.685+0100] {dag.py:4180} INFO - Setting next_dagrun for example_dag_decorator to None, run_after=None
[2025-02-20T10:58:34.691+0100] {processor.py:208} INFO - Processing /Users/ajlakorman/Desktop/Data-Mining-Projects/Apache_Airflow/venv/lib/python3.10/site-packages/airflow/example_dags/example_dag_decorator.py took 0.199 seconds
[2025-02-20T11:01:10.388+0100] {processor.py:186} INFO - Started process (PID=7334) to work on /Users/ajlakorman/Desktop/Data-Mining-Projects/Apache_Airflow/venv/lib/python3.10/site-packages/airflow/example_dags/example_dag_decorator.py
[2025-02-20T11:01:10.389+0100] {processor.py:914} INFO - Processing file /Users/ajlakorman/Desktop/Data-Mining-Projects/Apache_Airflow/venv/lib/python3.10/site-packages/airflow/example_dags/example_dag_decorator.py for tasks to queue
[2025-02-20T11:01:10.389+0100] {logging_mixin.py:190} INFO - [2025-02-20T11:01:10.389+0100] {dagbag.py:588} INFO - Filling up the DagBag from /Users/ajlakorman/Desktop/Data-Mining-Projects/Apache_Airflow/venv/lib/python3.10/site-packages/airflow/example_dags/example_dag_decorator.py
[2025-02-20T11:01:10.496+0100] {processor.py:925} INFO - DAG(s) 'example_dag_decorator' retrieved from /Users/ajlakorman/Desktop/Data-Mining-Projects/Apache_Airflow/venv/lib/python3.10/site-packages/airflow/example_dags/example_dag_decorator.py
[2025-02-20T11:01:10.578+0100] {logging_mixin.py:190} INFO - [2025-02-20T11:01:10.578+0100] {dag.py:3239} INFO - Sync 1 DAGs
[2025-02-20T11:01:10.582+0100] {logging_mixin.py:190} INFO - [2025-02-20T11:01:10.582+0100] {dag.py:4180} INFO - Setting next_dagrun for example_dag_decorator to None, run_after=None
[2025-02-20T11:01:10.588+0100] {processor.py:208} INFO - Processing /Users/ajlakorman/Desktop/Data-Mining-Projects/Apache_Airflow/venv/lib/python3.10/site-packages/airflow/example_dags/example_dag_decorator.py took 0.202 seconds
[2025-02-20T11:03:34.446+0100] {processor.py:186} INFO - Started process (PID=7588) to work on /Users/ajlakorman/Desktop/Data-Mining-Projects/Apache_Airflow/venv/lib/python3.10/site-packages/airflow/example_dags/example_dag_decorator.py
[2025-02-20T11:03:34.447+0100] {processor.py:914} INFO - Processing file /Users/ajlakorman/Desktop/Data-Mining-Projects/Apache_Airflow/venv/lib/python3.10/site-packages/airflow/example_dags/example_dag_decorator.py for tasks to queue
[2025-02-20T11:03:34.448+0100] {logging_mixin.py:190} INFO - [2025-02-20T11:03:34.447+0100] {dagbag.py:588} INFO - Filling up the DagBag from /Users/ajlakorman/Desktop/Data-Mining-Projects/Apache_Airflow/venv/lib/python3.10/site-packages/airflow/example_dags/example_dag_decorator.py
[2025-02-20T11:03:34.549+0100] {processor.py:925} INFO - DAG(s) 'example_dag_decorator' retrieved from /Users/ajlakorman/Desktop/Data-Mining-Projects/Apache_Airflow/venv/lib/python3.10/site-packages/airflow/example_dags/example_dag_decorator.py
[2025-02-20T11:03:34.626+0100] {logging_mixin.py:190} INFO - [2025-02-20T11:03:34.626+0100] {dag.py:3239} INFO - Sync 1 DAGs
[2025-02-20T11:03:34.630+0100] {logging_mixin.py:190} INFO - [2025-02-20T11:03:34.629+0100] {dag.py:4180} INFO - Setting next_dagrun for example_dag_decorator to None, run_after=None
[2025-02-20T11:03:34.636+0100] {processor.py:208} INFO - Processing /Users/ajlakorman/Desktop/Data-Mining-Projects/Apache_Airflow/venv/lib/python3.10/site-packages/airflow/example_dags/example_dag_decorator.py took 0.192 seconds
[2025-02-20T11:05:52.213+0100] {processor.py:186} INFO - Started process (PID=7889) to work on /Users/ajlakorman/Desktop/Data-Mining-Projects/Apache_Airflow/venv/lib/python3.10/site-packages/airflow/example_dags/example_dag_decorator.py
[2025-02-20T11:05:52.214+0100] {processor.py:914} INFO - Processing file /Users/ajlakorman/Desktop/Data-Mining-Projects/Apache_Airflow/venv/lib/python3.10/site-packages/airflow/example_dags/example_dag_decorator.py for tasks to queue
[2025-02-20T11:05:52.215+0100] {logging_mixin.py:190} INFO - [2025-02-20T11:05:52.215+0100] {dagbag.py:588} INFO - Filling up the DagBag from /Users/ajlakorman/Desktop/Data-Mining-Projects/Apache_Airflow/venv/lib/python3.10/site-packages/airflow/example_dags/example_dag_decorator.py
[2025-02-20T11:05:52.345+0100] {processor.py:925} INFO - DAG(s) 'example_dag_decorator' retrieved from /Users/ajlakorman/Desktop/Data-Mining-Projects/Apache_Airflow/venv/lib/python3.10/site-packages/airflow/example_dags/example_dag_decorator.py
[2025-02-20T11:05:52.424+0100] {logging_mixin.py:190} INFO - [2025-02-20T11:05:52.424+0100] {dag.py:3239} INFO - Sync 1 DAGs
[2025-02-20T11:05:52.428+0100] {logging_mixin.py:190} INFO - [2025-02-20T11:05:52.428+0100] {dag.py:4180} INFO - Setting next_dagrun for example_dag_decorator to None, run_after=None
[2025-02-20T11:05:52.435+0100] {processor.py:208} INFO - Processing /Users/ajlakorman/Desktop/Data-Mining-Projects/Apache_Airflow/venv/lib/python3.10/site-packages/airflow/example_dags/example_dag_decorator.py took 0.227 seconds
[2025-02-20T11:08:11.403+0100] {processor.py:186} INFO - Started process (PID=8195) to work on /Users/ajlakorman/Desktop/Data-Mining-Projects/Apache_Airflow/venv/lib/python3.10/site-packages/airflow/example_dags/example_dag_decorator.py
[2025-02-20T11:08:11.404+0100] {processor.py:914} INFO - Processing file /Users/ajlakorman/Desktop/Data-Mining-Projects/Apache_Airflow/venv/lib/python3.10/site-packages/airflow/example_dags/example_dag_decorator.py for tasks to queue
[2025-02-20T11:08:11.405+0100] {logging_mixin.py:190} INFO - [2025-02-20T11:08:11.404+0100] {dagbag.py:588} INFO - Filling up the DagBag from /Users/ajlakorman/Desktop/Data-Mining-Projects/Apache_Airflow/venv/lib/python3.10/site-packages/airflow/example_dags/example_dag_decorator.py
[2025-02-20T11:08:11.505+0100] {processor.py:925} INFO - DAG(s) 'example_dag_decorator' retrieved from /Users/ajlakorman/Desktop/Data-Mining-Projects/Apache_Airflow/venv/lib/python3.10/site-packages/airflow/example_dags/example_dag_decorator.py
[2025-02-20T11:08:11.582+0100] {logging_mixin.py:190} INFO - [2025-02-20T11:08:11.582+0100] {dag.py:3239} INFO - Sync 1 DAGs
[2025-02-20T11:08:11.586+0100] {logging_mixin.py:190} INFO - [2025-02-20T11:08:11.586+0100] {dag.py:4180} INFO - Setting next_dagrun for example_dag_decorator to None, run_after=None
[2025-02-20T11:08:11.592+0100] {processor.py:208} INFO - Processing /Users/ajlakorman/Desktop/Data-Mining-Projects/Apache_Airflow/venv/lib/python3.10/site-packages/airflow/example_dags/example_dag_decorator.py took 0.191 seconds
[2025-02-20T11:10:31.441+0100] {processor.py:186} INFO - Started process (PID=8442) to work on /Users/ajlakorman/Desktop/Data-Mining-Projects/Apache_Airflow/venv/lib/python3.10/site-packages/airflow/example_dags/example_dag_decorator.py
[2025-02-20T11:10:31.442+0100] {processor.py:914} INFO - Processing file /Users/ajlakorman/Desktop/Data-Mining-Projects/Apache_Airflow/venv/lib/python3.10/site-packages/airflow/example_dags/example_dag_decorator.py for tasks to queue
[2025-02-20T11:10:31.443+0100] {logging_mixin.py:190} INFO - [2025-02-20T11:10:31.443+0100] {dagbag.py:588} INFO - Filling up the DagBag from /Users/ajlakorman/Desktop/Data-Mining-Projects/Apache_Airflow/venv/lib/python3.10/site-packages/airflow/example_dags/example_dag_decorator.py
[2025-02-20T11:10:31.547+0100] {processor.py:925} INFO - DAG(s) 'example_dag_decorator' retrieved from /Users/ajlakorman/Desktop/Data-Mining-Projects/Apache_Airflow/venv/lib/python3.10/site-packages/airflow/example_dags/example_dag_decorator.py
[2025-02-20T11:10:31.627+0100] {logging_mixin.py:190} INFO - [2025-02-20T11:10:31.627+0100] {dag.py:3239} INFO - Sync 1 DAGs
[2025-02-20T11:10:31.631+0100] {logging_mixin.py:190} INFO - [2025-02-20T11:10:31.631+0100] {dag.py:4180} INFO - Setting next_dagrun for example_dag_decorator to None, run_after=None
[2025-02-20T11:10:31.638+0100] {processor.py:208} INFO - Processing /Users/ajlakorman/Desktop/Data-Mining-Projects/Apache_Airflow/venv/lib/python3.10/site-packages/airflow/example_dags/example_dag_decorator.py took 0.199 seconds
[2025-02-20T11:12:47.568+0100] {processor.py:186} INFO - Started process (PID=8663) to work on /Users/ajlakorman/Desktop/Data-Mining-Projects/Apache_Airflow/venv/lib/python3.10/site-packages/airflow/example_dags/example_dag_decorator.py
[2025-02-20T11:12:47.569+0100] {processor.py:914} INFO - Processing file /Users/ajlakorman/Desktop/Data-Mining-Projects/Apache_Airflow/venv/lib/python3.10/site-packages/airflow/example_dags/example_dag_decorator.py for tasks to queue
[2025-02-20T11:12:47.570+0100] {logging_mixin.py:190} INFO - [2025-02-20T11:12:47.569+0100] {dagbag.py:588} INFO - Filling up the DagBag from /Users/ajlakorman/Desktop/Data-Mining-Projects/Apache_Airflow/venv/lib/python3.10/site-packages/airflow/example_dags/example_dag_decorator.py
[2025-02-20T11:12:47.676+0100] {processor.py:925} INFO - DAG(s) 'example_dag_decorator' retrieved from /Users/ajlakorman/Desktop/Data-Mining-Projects/Apache_Airflow/venv/lib/python3.10/site-packages/airflow/example_dags/example_dag_decorator.py
[2025-02-20T11:12:47.756+0100] {logging_mixin.py:190} INFO - [2025-02-20T11:12:47.755+0100] {dag.py:3239} INFO - Sync 1 DAGs
[2025-02-20T11:12:47.759+0100] {logging_mixin.py:190} INFO - [2025-02-20T11:12:47.759+0100] {dag.py:4180} INFO - Setting next_dagrun for example_dag_decorator to None, run_after=None
[2025-02-20T11:12:47.766+0100] {processor.py:208} INFO - Processing /Users/ajlakorman/Desktop/Data-Mining-Projects/Apache_Airflow/venv/lib/python3.10/site-packages/airflow/example_dags/example_dag_decorator.py took 0.200 seconds
[2025-02-20T11:15:13.684+0100] {processor.py:186} INFO - Started process (PID=8919) to work on /Users/ajlakorman/Desktop/Data-Mining-Projects/Apache_Airflow/venv/lib/python3.10/site-packages/airflow/example_dags/example_dag_decorator.py
[2025-02-20T11:15:13.685+0100] {processor.py:914} INFO - Processing file /Users/ajlakorman/Desktop/Data-Mining-Projects/Apache_Airflow/venv/lib/python3.10/site-packages/airflow/example_dags/example_dag_decorator.py for tasks to queue
[2025-02-20T11:15:13.686+0100] {logging_mixin.py:190} INFO - [2025-02-20T11:15:13.686+0100] {dagbag.py:588} INFO - Filling up the DagBag from /Users/ajlakorman/Desktop/Data-Mining-Projects/Apache_Airflow/venv/lib/python3.10/site-packages/airflow/example_dags/example_dag_decorator.py
[2025-02-20T11:15:13.790+0100] {processor.py:925} INFO - DAG(s) 'example_dag_decorator' retrieved from /Users/ajlakorman/Desktop/Data-Mining-Projects/Apache_Airflow/venv/lib/python3.10/site-packages/airflow/example_dags/example_dag_decorator.py
[2025-02-20T11:15:13.937+0100] {logging_mixin.py:190} INFO - [2025-02-20T11:15:13.936+0100] {dag.py:3239} INFO - Sync 1 DAGs
[2025-02-20T11:15:13.941+0100] {logging_mixin.py:190} INFO - [2025-02-20T11:15:13.941+0100] {dag.py:4180} INFO - Setting next_dagrun for example_dag_decorator to None, run_after=None
[2025-02-20T11:15:13.948+0100] {processor.py:208} INFO - Processing /Users/ajlakorman/Desktop/Data-Mining-Projects/Apache_Airflow/venv/lib/python3.10/site-packages/airflow/example_dags/example_dag_decorator.py took 0.266 seconds
[2025-02-20T11:17:35.749+0100] {processor.py:186} INFO - Started process (PID=9240) to work on /Users/ajlakorman/Desktop/Data-Mining-Projects/Apache_Airflow/venv/lib/python3.10/site-packages/airflow/example_dags/example_dag_decorator.py
[2025-02-20T11:17:35.750+0100] {processor.py:914} INFO - Processing file /Users/ajlakorman/Desktop/Data-Mining-Projects/Apache_Airflow/venv/lib/python3.10/site-packages/airflow/example_dags/example_dag_decorator.py for tasks to queue
[2025-02-20T11:17:35.751+0100] {logging_mixin.py:190} INFO - [2025-02-20T11:17:35.751+0100] {dagbag.py:588} INFO - Filling up the DagBag from /Users/ajlakorman/Desktop/Data-Mining-Projects/Apache_Airflow/venv/lib/python3.10/site-packages/airflow/example_dags/example_dag_decorator.py
[2025-02-20T11:17:35.864+0100] {processor.py:925} INFO - DAG(s) 'example_dag_decorator' retrieved from /Users/ajlakorman/Desktop/Data-Mining-Projects/Apache_Airflow/venv/lib/python3.10/site-packages/airflow/example_dags/example_dag_decorator.py
[2025-02-20T11:17:35.951+0100] {logging_mixin.py:190} INFO - [2025-02-20T11:17:35.951+0100] {dag.py:3239} INFO - Sync 1 DAGs
[2025-02-20T11:17:35.956+0100] {logging_mixin.py:190} INFO - [2025-02-20T11:17:35.956+0100] {dag.py:4180} INFO - Setting next_dagrun for example_dag_decorator to None, run_after=None
[2025-02-20T11:17:35.965+0100] {processor.py:208} INFO - Processing /Users/ajlakorman/Desktop/Data-Mining-Projects/Apache_Airflow/venv/lib/python3.10/site-packages/airflow/example_dags/example_dag_decorator.py took 0.217 seconds
[2025-02-20T11:20:06.449+0100] {processor.py:186} INFO - Started process (PID=9640) to work on /Users/ajlakorman/Desktop/Data-Mining-Projects/Apache_Airflow/venv/lib/python3.10/site-packages/airflow/example_dags/example_dag_decorator.py
[2025-02-20T11:20:06.449+0100] {processor.py:914} INFO - Processing file /Users/ajlakorman/Desktop/Data-Mining-Projects/Apache_Airflow/venv/lib/python3.10/site-packages/airflow/example_dags/example_dag_decorator.py for tasks to queue
[2025-02-20T11:20:06.450+0100] {logging_mixin.py:190} INFO - [2025-02-20T11:20:06.450+0100] {dagbag.py:588} INFO - Filling up the DagBag from /Users/ajlakorman/Desktop/Data-Mining-Projects/Apache_Airflow/venv/lib/python3.10/site-packages/airflow/example_dags/example_dag_decorator.py
[2025-02-20T11:20:06.548+0100] {processor.py:925} INFO - DAG(s) 'example_dag_decorator' retrieved from /Users/ajlakorman/Desktop/Data-Mining-Projects/Apache_Airflow/venv/lib/python3.10/site-packages/airflow/example_dags/example_dag_decorator.py
[2025-02-20T11:20:06.625+0100] {logging_mixin.py:190} INFO - [2025-02-20T11:20:06.625+0100] {dag.py:3239} INFO - Sync 1 DAGs
[2025-02-20T11:20:06.628+0100] {logging_mixin.py:190} INFO - [2025-02-20T11:20:06.628+0100] {dag.py:4180} INFO - Setting next_dagrun for example_dag_decorator to None, run_after=None
[2025-02-20T11:20:06.635+0100] {processor.py:208} INFO - Processing /Users/ajlakorman/Desktop/Data-Mining-Projects/Apache_Airflow/venv/lib/python3.10/site-packages/airflow/example_dags/example_dag_decorator.py took 0.188 seconds
[2025-02-20T11:22:32.828+0100] {processor.py:186} INFO - Started process (PID=9876) to work on /Users/ajlakorman/Desktop/Data-Mining-Projects/Apache_Airflow/venv/lib/python3.10/site-packages/airflow/example_dags/example_dag_decorator.py
[2025-02-20T11:22:32.829+0100] {processor.py:914} INFO - Processing file /Users/ajlakorman/Desktop/Data-Mining-Projects/Apache_Airflow/venv/lib/python3.10/site-packages/airflow/example_dags/example_dag_decorator.py for tasks to queue
[2025-02-20T11:22:32.830+0100] {logging_mixin.py:190} INFO - [2025-02-20T11:22:32.829+0100] {dagbag.py:588} INFO - Filling up the DagBag from /Users/ajlakorman/Desktop/Data-Mining-Projects/Apache_Airflow/venv/lib/python3.10/site-packages/airflow/example_dags/example_dag_decorator.py
[2025-02-20T11:22:32.928+0100] {processor.py:925} INFO - DAG(s) 'example_dag_decorator' retrieved from /Users/ajlakorman/Desktop/Data-Mining-Projects/Apache_Airflow/venv/lib/python3.10/site-packages/airflow/example_dags/example_dag_decorator.py
[2025-02-20T11:22:33.008+0100] {logging_mixin.py:190} INFO - [2025-02-20T11:22:33.008+0100] {dag.py:3239} INFO - Sync 1 DAGs
[2025-02-20T11:22:33.012+0100] {logging_mixin.py:190} INFO - [2025-02-20T11:22:33.012+0100] {dag.py:4180} INFO - Setting next_dagrun for example_dag_decorator to None, run_after=None
[2025-02-20T11:22:33.020+0100] {processor.py:208} INFO - Processing /Users/ajlakorman/Desktop/Data-Mining-Projects/Apache_Airflow/venv/lib/python3.10/site-packages/airflow/example_dags/example_dag_decorator.py took 0.193 seconds
[2025-02-20T11:25:03.220+0100] {processor.py:186} INFO - Started process (PID=10139) to work on /Users/ajlakorman/Desktop/Data-Mining-Projects/Apache_Airflow/venv/lib/python3.10/site-packages/airflow/example_dags/example_dag_decorator.py
[2025-02-20T11:25:03.221+0100] {processor.py:914} INFO - Processing file /Users/ajlakorman/Desktop/Data-Mining-Projects/Apache_Airflow/venv/lib/python3.10/site-packages/airflow/example_dags/example_dag_decorator.py for tasks to queue
[2025-02-20T11:25:03.221+0100] {logging_mixin.py:190} INFO - [2025-02-20T11:25:03.221+0100] {dagbag.py:588} INFO - Filling up the DagBag from /Users/ajlakorman/Desktop/Data-Mining-Projects/Apache_Airflow/venv/lib/python3.10/site-packages/airflow/example_dags/example_dag_decorator.py
[2025-02-20T11:25:03.330+0100] {processor.py:925} INFO - DAG(s) 'example_dag_decorator' retrieved from /Users/ajlakorman/Desktop/Data-Mining-Projects/Apache_Airflow/venv/lib/python3.10/site-packages/airflow/example_dags/example_dag_decorator.py
[2025-02-20T11:25:03.412+0100] {logging_mixin.py:190} INFO - [2025-02-20T11:25:03.412+0100] {dag.py:3239} INFO - Sync 1 DAGs
[2025-02-20T11:25:03.416+0100] {logging_mixin.py:190} INFO - [2025-02-20T11:25:03.416+0100] {dag.py:4180} INFO - Setting next_dagrun for example_dag_decorator to None, run_after=None
[2025-02-20T11:25:03.423+0100] {processor.py:208} INFO - Processing /Users/ajlakorman/Desktop/Data-Mining-Projects/Apache_Airflow/venv/lib/python3.10/site-packages/airflow/example_dags/example_dag_decorator.py took 0.205 seconds
[2025-02-20T11:27:33.476+0100] {processor.py:186} INFO - Started process (PID=10463) to work on /Users/ajlakorman/Desktop/Data-Mining-Projects/Apache_Airflow/venv/lib/python3.10/site-packages/airflow/example_dags/example_dag_decorator.py
[2025-02-20T11:27:33.477+0100] {processor.py:914} INFO - Processing file /Users/ajlakorman/Desktop/Data-Mining-Projects/Apache_Airflow/venv/lib/python3.10/site-packages/airflow/example_dags/example_dag_decorator.py for tasks to queue
[2025-02-20T11:27:33.477+0100] {logging_mixin.py:190} INFO - [2025-02-20T11:27:33.477+0100] {dagbag.py:588} INFO - Filling up the DagBag from /Users/ajlakorman/Desktop/Data-Mining-Projects/Apache_Airflow/venv/lib/python3.10/site-packages/airflow/example_dags/example_dag_decorator.py
[2025-02-20T11:27:33.585+0100] {processor.py:925} INFO - DAG(s) 'example_dag_decorator' retrieved from /Users/ajlakorman/Desktop/Data-Mining-Projects/Apache_Airflow/venv/lib/python3.10/site-packages/airflow/example_dags/example_dag_decorator.py
[2025-02-20T11:27:33.666+0100] {logging_mixin.py:190} INFO - [2025-02-20T11:27:33.666+0100] {dag.py:3239} INFO - Sync 1 DAGs
[2025-02-20T11:27:33.670+0100] {logging_mixin.py:190} INFO - [2025-02-20T11:27:33.670+0100] {dag.py:4180} INFO - Setting next_dagrun for example_dag_decorator to None, run_after=None
[2025-02-20T11:27:33.677+0100] {processor.py:208} INFO - Processing /Users/ajlakorman/Desktop/Data-Mining-Projects/Apache_Airflow/venv/lib/python3.10/site-packages/airflow/example_dags/example_dag_decorator.py took 0.202 seconds
[2025-02-20T11:30:00.560+0100] {processor.py:186} INFO - Started process (PID=10808) to work on /Users/ajlakorman/Desktop/Data-Mining-Projects/Apache_Airflow/venv/lib/python3.10/site-packages/airflow/example_dags/example_dag_decorator.py
[2025-02-20T11:30:00.560+0100] {processor.py:914} INFO - Processing file /Users/ajlakorman/Desktop/Data-Mining-Projects/Apache_Airflow/venv/lib/python3.10/site-packages/airflow/example_dags/example_dag_decorator.py for tasks to queue
[2025-02-20T11:30:00.561+0100] {logging_mixin.py:190} INFO - [2025-02-20T11:30:00.561+0100] {dagbag.py:588} INFO - Filling up the DagBag from /Users/ajlakorman/Desktop/Data-Mining-Projects/Apache_Airflow/venv/lib/python3.10/site-packages/airflow/example_dags/example_dag_decorator.py
[2025-02-20T11:30:00.669+0100] {processor.py:925} INFO - DAG(s) 'example_dag_decorator' retrieved from /Users/ajlakorman/Desktop/Data-Mining-Projects/Apache_Airflow/venv/lib/python3.10/site-packages/airflow/example_dags/example_dag_decorator.py
[2025-02-20T11:30:00.753+0100] {logging_mixin.py:190} INFO - [2025-02-20T11:30:00.753+0100] {dag.py:3239} INFO - Sync 1 DAGs
[2025-02-20T11:30:00.757+0100] {logging_mixin.py:190} INFO - [2025-02-20T11:30:00.757+0100] {dag.py:4180} INFO - Setting next_dagrun for example_dag_decorator to None, run_after=None
[2025-02-20T11:30:00.764+0100] {processor.py:208} INFO - Processing /Users/ajlakorman/Desktop/Data-Mining-Projects/Apache_Airflow/venv/lib/python3.10/site-packages/airflow/example_dags/example_dag_decorator.py took 0.206 seconds
[2025-02-20T11:32:26.846+0100] {processor.py:186} INFO - Started process (PID=11056) to work on /Users/ajlakorman/Desktop/Data-Mining-Projects/Apache_Airflow/venv/lib/python3.10/site-packages/airflow/example_dags/example_dag_decorator.py
[2025-02-20T11:32:26.846+0100] {processor.py:914} INFO - Processing file /Users/ajlakorman/Desktop/Data-Mining-Projects/Apache_Airflow/venv/lib/python3.10/site-packages/airflow/example_dags/example_dag_decorator.py for tasks to queue
[2025-02-20T11:32:26.847+0100] {logging_mixin.py:190} INFO - [2025-02-20T11:32:26.847+0100] {dagbag.py:588} INFO - Filling up the DagBag from /Users/ajlakorman/Desktop/Data-Mining-Projects/Apache_Airflow/venv/lib/python3.10/site-packages/airflow/example_dags/example_dag_decorator.py
[2025-02-20T11:32:26.950+0100] {processor.py:925} INFO - DAG(s) 'example_dag_decorator' retrieved from /Users/ajlakorman/Desktop/Data-Mining-Projects/Apache_Airflow/venv/lib/python3.10/site-packages/airflow/example_dags/example_dag_decorator.py
[2025-02-20T11:32:27.032+0100] {logging_mixin.py:190} INFO - [2025-02-20T11:32:27.032+0100] {dag.py:3239} INFO - Sync 1 DAGs
[2025-02-20T11:32:27.036+0100] {logging_mixin.py:190} INFO - [2025-02-20T11:32:27.036+0100] {dag.py:4180} INFO - Setting next_dagrun for example_dag_decorator to None, run_after=None
[2025-02-20T11:32:27.043+0100] {processor.py:208} INFO - Processing /Users/ajlakorman/Desktop/Data-Mining-Projects/Apache_Airflow/venv/lib/python3.10/site-packages/airflow/example_dags/example_dag_decorator.py took 0.199 seconds
[2025-02-20T11:34:56.298+0100] {processor.py:186} INFO - Started process (PID=11297) to work on /Users/ajlakorman/Desktop/Data-Mining-Projects/Apache_Airflow/venv/lib/python3.10/site-packages/airflow/example_dags/example_dag_decorator.py
[2025-02-20T11:34:56.298+0100] {processor.py:914} INFO - Processing file /Users/ajlakorman/Desktop/Data-Mining-Projects/Apache_Airflow/venv/lib/python3.10/site-packages/airflow/example_dags/example_dag_decorator.py for tasks to queue
[2025-02-20T11:34:56.299+0100] {logging_mixin.py:190} INFO - [2025-02-20T11:34:56.299+0100] {dagbag.py:588} INFO - Filling up the DagBag from /Users/ajlakorman/Desktop/Data-Mining-Projects/Apache_Airflow/venv/lib/python3.10/site-packages/airflow/example_dags/example_dag_decorator.py
[2025-02-20T11:34:56.393+0100] {processor.py:925} INFO - DAG(s) 'example_dag_decorator' retrieved from /Users/ajlakorman/Desktop/Data-Mining-Projects/Apache_Airflow/venv/lib/python3.10/site-packages/airflow/example_dags/example_dag_decorator.py
[2025-02-20T11:34:56.475+0100] {logging_mixin.py:190} INFO - [2025-02-20T11:34:56.475+0100] {dag.py:3239} INFO - Sync 1 DAGs
[2025-02-20T11:34:56.479+0100] {logging_mixin.py:190} INFO - [2025-02-20T11:34:56.479+0100] {dag.py:4180} INFO - Setting next_dagrun for example_dag_decorator to None, run_after=None
[2025-02-20T11:34:56.486+0100] {processor.py:208} INFO - Processing /Users/ajlakorman/Desktop/Data-Mining-Projects/Apache_Airflow/venv/lib/python3.10/site-packages/airflow/example_dags/example_dag_decorator.py took 0.190 seconds
[2025-02-20T11:37:28.135+0100] {processor.py:186} INFO - Started process (PID=11580) to work on /Users/ajlakorman/Desktop/Data-Mining-Projects/Apache_Airflow/venv/lib/python3.10/site-packages/airflow/example_dags/example_dag_decorator.py
[2025-02-20T11:37:28.136+0100] {processor.py:914} INFO - Processing file /Users/ajlakorman/Desktop/Data-Mining-Projects/Apache_Airflow/venv/lib/python3.10/site-packages/airflow/example_dags/example_dag_decorator.py for tasks to queue
[2025-02-20T11:37:28.137+0100] {logging_mixin.py:190} INFO - [2025-02-20T11:37:28.137+0100] {dagbag.py:588} INFO - Filling up the DagBag from /Users/ajlakorman/Desktop/Data-Mining-Projects/Apache_Airflow/venv/lib/python3.10/site-packages/airflow/example_dags/example_dag_decorator.py
[2025-02-20T11:37:28.285+0100] {processor.py:925} INFO - DAG(s) 'example_dag_decorator' retrieved from /Users/ajlakorman/Desktop/Data-Mining-Projects/Apache_Airflow/venv/lib/python3.10/site-packages/airflow/example_dags/example_dag_decorator.py
[2025-02-20T11:37:28.370+0100] {logging_mixin.py:190} INFO - [2025-02-20T11:37:28.370+0100] {dag.py:3239} INFO - Sync 1 DAGs
[2025-02-20T11:37:28.374+0100] {logging_mixin.py:190} INFO - [2025-02-20T11:37:28.374+0100] {dag.py:4180} INFO - Setting next_dagrun for example_dag_decorator to None, run_after=None
[2025-02-20T11:37:28.381+0100] {processor.py:208} INFO - Processing /Users/ajlakorman/Desktop/Data-Mining-Projects/Apache_Airflow/venv/lib/python3.10/site-packages/airflow/example_dags/example_dag_decorator.py took 0.247 seconds
[2025-02-20T11:39:53.115+0100] {processor.py:186} INFO - Started process (PID=11788) to work on /Users/ajlakorman/Desktop/Data-Mining-Projects/Apache_Airflow/venv/lib/python3.10/site-packages/airflow/example_dags/example_dag_decorator.py
[2025-02-20T11:39:53.116+0100] {processor.py:914} INFO - Processing file /Users/ajlakorman/Desktop/Data-Mining-Projects/Apache_Airflow/venv/lib/python3.10/site-packages/airflow/example_dags/example_dag_decorator.py for tasks to queue
[2025-02-20T11:39:53.116+0100] {logging_mixin.py:190} INFO - [2025-02-20T11:39:53.116+0100] {dagbag.py:588} INFO - Filling up the DagBag from /Users/ajlakorman/Desktop/Data-Mining-Projects/Apache_Airflow/venv/lib/python3.10/site-packages/airflow/example_dags/example_dag_decorator.py
[2025-02-20T11:39:53.221+0100] {processor.py:925} INFO - DAG(s) 'example_dag_decorator' retrieved from /Users/ajlakorman/Desktop/Data-Mining-Projects/Apache_Airflow/venv/lib/python3.10/site-packages/airflow/example_dags/example_dag_decorator.py
[2025-02-20T11:39:53.302+0100] {logging_mixin.py:190} INFO - [2025-02-20T11:39:53.302+0100] {dag.py:3239} INFO - Sync 1 DAGs
[2025-02-20T11:39:53.306+0100] {logging_mixin.py:190} INFO - [2025-02-20T11:39:53.306+0100] {dag.py:4180} INFO - Setting next_dagrun for example_dag_decorator to None, run_after=None
[2025-02-20T11:39:53.312+0100] {processor.py:208} INFO - Processing /Users/ajlakorman/Desktop/Data-Mining-Projects/Apache_Airflow/venv/lib/python3.10/site-packages/airflow/example_dags/example_dag_decorator.py took 0.199 seconds
[2025-02-20T12:19:47.398+0100] {processor.py:186} INFO - Started process (PID=12070) to work on /Users/ajlakorman/Desktop/Data-Mining-Projects/Apache_Airflow/venv/lib/python3.10/site-packages/airflow/example_dags/example_dag_decorator.py
[2025-02-20T12:19:47.398+0100] {processor.py:914} INFO - Processing file /Users/ajlakorman/Desktop/Data-Mining-Projects/Apache_Airflow/venv/lib/python3.10/site-packages/airflow/example_dags/example_dag_decorator.py for tasks to queue
[2025-02-20T12:19:47.399+0100] {logging_mixin.py:190} INFO - [2025-02-20T12:19:47.399+0100] {dagbag.py:588} INFO - Filling up the DagBag from /Users/ajlakorman/Desktop/Data-Mining-Projects/Apache_Airflow/venv/lib/python3.10/site-packages/airflow/example_dags/example_dag_decorator.py
[2025-02-20T12:19:47.523+0100] {processor.py:925} INFO - DAG(s) 'example_dag_decorator' retrieved from /Users/ajlakorman/Desktop/Data-Mining-Projects/Apache_Airflow/venv/lib/python3.10/site-packages/airflow/example_dags/example_dag_decorator.py
[2025-02-20T12:19:47.609+0100] {logging_mixin.py:190} INFO - [2025-02-20T12:19:47.609+0100] {dag.py:3239} INFO - Sync 1 DAGs
[2025-02-20T12:19:47.613+0100] {logging_mixin.py:190} INFO - [2025-02-20T12:19:47.613+0100] {dag.py:4180} INFO - Setting next_dagrun for example_dag_decorator to None, run_after=None
[2025-02-20T12:19:47.623+0100] {processor.py:208} INFO - Processing /Users/ajlakorman/Desktop/Data-Mining-Projects/Apache_Airflow/venv/lib/python3.10/site-packages/airflow/example_dags/example_dag_decorator.py took 0.228 seconds
[2025-02-20T12:22:24.553+0100] {processor.py:186} INFO - Started process (PID=12295) to work on /Users/ajlakorman/Desktop/Data-Mining-Projects/Apache_Airflow/venv/lib/python3.10/site-packages/airflow/example_dags/example_dag_decorator.py
[2025-02-20T12:22:24.553+0100] {processor.py:914} INFO - Processing file /Users/ajlakorman/Desktop/Data-Mining-Projects/Apache_Airflow/venv/lib/python3.10/site-packages/airflow/example_dags/example_dag_decorator.py for tasks to queue
[2025-02-20T12:22:24.554+0100] {logging_mixin.py:190} INFO - [2025-02-20T12:22:24.554+0100] {dagbag.py:588} INFO - Filling up the DagBag from /Users/ajlakorman/Desktop/Data-Mining-Projects/Apache_Airflow/venv/lib/python3.10/site-packages/airflow/example_dags/example_dag_decorator.py
[2025-02-20T12:22:24.653+0100] {processor.py:925} INFO - DAG(s) 'example_dag_decorator' retrieved from /Users/ajlakorman/Desktop/Data-Mining-Projects/Apache_Airflow/venv/lib/python3.10/site-packages/airflow/example_dags/example_dag_decorator.py
[2025-02-20T12:22:24.730+0100] {logging_mixin.py:190} INFO - [2025-02-20T12:22:24.730+0100] {dag.py:3239} INFO - Sync 1 DAGs
[2025-02-20T12:22:24.734+0100] {logging_mixin.py:190} INFO - [2025-02-20T12:22:24.734+0100] {dag.py:4180} INFO - Setting next_dagrun for example_dag_decorator to None, run_after=None
[2025-02-20T12:22:24.741+0100] {processor.py:208} INFO - Processing /Users/ajlakorman/Desktop/Data-Mining-Projects/Apache_Airflow/venv/lib/python3.10/site-packages/airflow/example_dags/example_dag_decorator.py took 0.189 seconds
[2025-02-20T12:24:58.652+0100] {processor.py:186} INFO - Started process (PID=12584) to work on /Users/ajlakorman/Desktop/Data-Mining-Projects/Apache_Airflow/venv/lib/python3.10/site-packages/airflow/example_dags/example_dag_decorator.py
[2025-02-20T12:24:58.653+0100] {processor.py:914} INFO - Processing file /Users/ajlakorman/Desktop/Data-Mining-Projects/Apache_Airflow/venv/lib/python3.10/site-packages/airflow/example_dags/example_dag_decorator.py for tasks to queue
[2025-02-20T12:24:58.654+0100] {logging_mixin.py:190} INFO - [2025-02-20T12:24:58.654+0100] {dagbag.py:588} INFO - Filling up the DagBag from /Users/ajlakorman/Desktop/Data-Mining-Projects/Apache_Airflow/venv/lib/python3.10/site-packages/airflow/example_dags/example_dag_decorator.py
[2025-02-20T12:24:58.760+0100] {processor.py:925} INFO - DAG(s) 'example_dag_decorator' retrieved from /Users/ajlakorman/Desktop/Data-Mining-Projects/Apache_Airflow/venv/lib/python3.10/site-packages/airflow/example_dags/example_dag_decorator.py
[2025-02-20T12:24:58.841+0100] {logging_mixin.py:190} INFO - [2025-02-20T12:24:58.841+0100] {dag.py:3239} INFO - Sync 1 DAGs
[2025-02-20T12:24:58.845+0100] {logging_mixin.py:190} INFO - [2025-02-20T12:24:58.844+0100] {dag.py:4180} INFO - Setting next_dagrun for example_dag_decorator to None, run_after=None
[2025-02-20T12:24:58.851+0100] {processor.py:208} INFO - Processing /Users/ajlakorman/Desktop/Data-Mining-Projects/Apache_Airflow/venv/lib/python3.10/site-packages/airflow/example_dags/example_dag_decorator.py took 0.201 seconds
[2025-02-20T12:27:23.594+0100] {processor.py:186} INFO - Started process (PID=12915) to work on /Users/ajlakorman/Desktop/Data-Mining-Projects/Apache_Airflow/venv/lib/python3.10/site-packages/airflow/example_dags/example_dag_decorator.py
[2025-02-20T12:27:23.595+0100] {processor.py:914} INFO - Processing file /Users/ajlakorman/Desktop/Data-Mining-Projects/Apache_Airflow/venv/lib/python3.10/site-packages/airflow/example_dags/example_dag_decorator.py for tasks to queue
[2025-02-20T12:27:23.595+0100] {logging_mixin.py:190} INFO - [2025-02-20T12:27:23.595+0100] {dagbag.py:588} INFO - Filling up the DagBag from /Users/ajlakorman/Desktop/Data-Mining-Projects/Apache_Airflow/venv/lib/python3.10/site-packages/airflow/example_dags/example_dag_decorator.py
[2025-02-20T12:27:23.701+0100] {processor.py:925} INFO - DAG(s) 'example_dag_decorator' retrieved from /Users/ajlakorman/Desktop/Data-Mining-Projects/Apache_Airflow/venv/lib/python3.10/site-packages/airflow/example_dags/example_dag_decorator.py
[2025-02-20T12:27:23.779+0100] {logging_mixin.py:190} INFO - [2025-02-20T12:27:23.779+0100] {dag.py:3239} INFO - Sync 1 DAGs
[2025-02-20T12:27:23.783+0100] {logging_mixin.py:190} INFO - [2025-02-20T12:27:23.783+0100] {dag.py:4180} INFO - Setting next_dagrun for example_dag_decorator to None, run_after=None
[2025-02-20T12:27:23.789+0100] {processor.py:208} INFO - Processing /Users/ajlakorman/Desktop/Data-Mining-Projects/Apache_Airflow/venv/lib/python3.10/site-packages/airflow/example_dags/example_dag_decorator.py took 0.197 seconds
[2025-02-20T12:29:52.999+0100] {processor.py:186} INFO - Started process (PID=13179) to work on /Users/ajlakorman/Desktop/Data-Mining-Projects/Apache_Airflow/venv/lib/python3.10/site-packages/airflow/example_dags/example_dag_decorator.py
[2025-02-20T12:29:53.000+0100] {processor.py:914} INFO - Processing file /Users/ajlakorman/Desktop/Data-Mining-Projects/Apache_Airflow/venv/lib/python3.10/site-packages/airflow/example_dags/example_dag_decorator.py for tasks to queue
[2025-02-20T12:29:53.001+0100] {logging_mixin.py:190} INFO - [2025-02-20T12:29:53.000+0100] {dagbag.py:588} INFO - Filling up the DagBag from /Users/ajlakorman/Desktop/Data-Mining-Projects/Apache_Airflow/venv/lib/python3.10/site-packages/airflow/example_dags/example_dag_decorator.py
[2025-02-20T12:29:53.174+0100] {processor.py:925} INFO - DAG(s) 'example_dag_decorator' retrieved from /Users/ajlakorman/Desktop/Data-Mining-Projects/Apache_Airflow/venv/lib/python3.10/site-packages/airflow/example_dags/example_dag_decorator.py
[2025-02-20T12:29:53.320+0100] {logging_mixin.py:190} INFO - [2025-02-20T12:29:53.320+0100] {dag.py:3239} INFO - Sync 1 DAGs
[2025-02-20T12:29:53.324+0100] {logging_mixin.py:190} INFO - [2025-02-20T12:29:53.324+0100] {dag.py:4180} INFO - Setting next_dagrun for example_dag_decorator to None, run_after=None
[2025-02-20T12:29:53.331+0100] {processor.py:208} INFO - Processing /Users/ajlakorman/Desktop/Data-Mining-Projects/Apache_Airflow/venv/lib/python3.10/site-packages/airflow/example_dags/example_dag_decorator.py took 0.338 seconds
[2025-02-20T12:32:26.439+0100] {processor.py:186} INFO - Started process (PID=13544) to work on /Users/ajlakorman/Desktop/Data-Mining-Projects/Apache_Airflow/venv/lib/python3.10/site-packages/airflow/example_dags/example_dag_decorator.py
[2025-02-20T12:32:26.440+0100] {processor.py:914} INFO - Processing file /Users/ajlakorman/Desktop/Data-Mining-Projects/Apache_Airflow/venv/lib/python3.10/site-packages/airflow/example_dags/example_dag_decorator.py for tasks to queue
[2025-02-20T12:32:26.440+0100] {logging_mixin.py:190} INFO - [2025-02-20T12:32:26.440+0100] {dagbag.py:588} INFO - Filling up the DagBag from /Users/ajlakorman/Desktop/Data-Mining-Projects/Apache_Airflow/venv/lib/python3.10/site-packages/airflow/example_dags/example_dag_decorator.py
[2025-02-20T12:32:26.541+0100] {processor.py:925} INFO - DAG(s) 'example_dag_decorator' retrieved from /Users/ajlakorman/Desktop/Data-Mining-Projects/Apache_Airflow/venv/lib/python3.10/site-packages/airflow/example_dags/example_dag_decorator.py
[2025-02-20T12:32:26.626+0100] {logging_mixin.py:190} INFO - [2025-02-20T12:32:26.626+0100] {dag.py:3239} INFO - Sync 1 DAGs
[2025-02-20T12:32:26.630+0100] {logging_mixin.py:190} INFO - [2025-02-20T12:32:26.630+0100] {dag.py:4180} INFO - Setting next_dagrun for example_dag_decorator to None, run_after=None
[2025-02-20T12:32:26.637+0100] {processor.py:208} INFO - Processing /Users/ajlakorman/Desktop/Data-Mining-Projects/Apache_Airflow/venv/lib/python3.10/site-packages/airflow/example_dags/example_dag_decorator.py took 0.200 seconds
[2025-02-20T12:34:55.761+0100] {processor.py:186} INFO - Started process (PID=13830) to work on /Users/ajlakorman/Desktop/Data-Mining-Projects/Apache_Airflow/venv/lib/python3.10/site-packages/airflow/example_dags/example_dag_decorator.py
[2025-02-20T12:34:55.762+0100] {processor.py:914} INFO - Processing file /Users/ajlakorman/Desktop/Data-Mining-Projects/Apache_Airflow/venv/lib/python3.10/site-packages/airflow/example_dags/example_dag_decorator.py for tasks to queue
[2025-02-20T12:34:55.762+0100] {logging_mixin.py:190} INFO - [2025-02-20T12:34:55.762+0100] {dagbag.py:588} INFO - Filling up the DagBag from /Users/ajlakorman/Desktop/Data-Mining-Projects/Apache_Airflow/venv/lib/python3.10/site-packages/airflow/example_dags/example_dag_decorator.py
[2025-02-20T12:34:55.884+0100] {processor.py:925} INFO - DAG(s) 'example_dag_decorator' retrieved from /Users/ajlakorman/Desktop/Data-Mining-Projects/Apache_Airflow/venv/lib/python3.10/site-packages/airflow/example_dags/example_dag_decorator.py
[2025-02-20T12:34:55.988+0100] {logging_mixin.py:190} INFO - [2025-02-20T12:34:55.988+0100] {dag.py:3239} INFO - Sync 1 DAGs
[2025-02-20T12:34:55.993+0100] {logging_mixin.py:190} INFO - [2025-02-20T12:34:55.992+0100] {dag.py:4180} INFO - Setting next_dagrun for example_dag_decorator to None, run_after=None
[2025-02-20T12:34:56.001+0100] {processor.py:208} INFO - Processing /Users/ajlakorman/Desktop/Data-Mining-Projects/Apache_Airflow/venv/lib/python3.10/site-packages/airflow/example_dags/example_dag_decorator.py took 0.242 seconds
[2025-02-20T12:37:33.562+0100] {processor.py:186} INFO - Started process (PID=14256) to work on /Users/ajlakorman/Desktop/Data-Mining-Projects/Apache_Airflow/venv/lib/python3.10/site-packages/airflow/example_dags/example_dag_decorator.py
[2025-02-20T12:37:33.563+0100] {processor.py:914} INFO - Processing file /Users/ajlakorman/Desktop/Data-Mining-Projects/Apache_Airflow/venv/lib/python3.10/site-packages/airflow/example_dags/example_dag_decorator.py for tasks to queue
[2025-02-20T12:37:33.564+0100] {logging_mixin.py:190} INFO - [2025-02-20T12:37:33.563+0100] {dagbag.py:588} INFO - Filling up the DagBag from /Users/ajlakorman/Desktop/Data-Mining-Projects/Apache_Airflow/venv/lib/python3.10/site-packages/airflow/example_dags/example_dag_decorator.py
[2025-02-20T12:37:33.663+0100] {processor.py:925} INFO - DAG(s) 'example_dag_decorator' retrieved from /Users/ajlakorman/Desktop/Data-Mining-Projects/Apache_Airflow/venv/lib/python3.10/site-packages/airflow/example_dags/example_dag_decorator.py
[2025-02-20T12:37:33.740+0100] {logging_mixin.py:190} INFO - [2025-02-20T12:37:33.740+0100] {dag.py:3239} INFO - Sync 1 DAGs
[2025-02-20T12:37:33.744+0100] {logging_mixin.py:190} INFO - [2025-02-20T12:37:33.744+0100] {dag.py:4180} INFO - Setting next_dagrun for example_dag_decorator to None, run_after=None
[2025-02-20T12:37:33.750+0100] {processor.py:208} INFO - Processing /Users/ajlakorman/Desktop/Data-Mining-Projects/Apache_Airflow/venv/lib/python3.10/site-packages/airflow/example_dags/example_dag_decorator.py took 0.190 seconds
[2025-02-20T12:55:14.482+0100] {processor.py:186} INFO - Started process (PID=14608) to work on /Users/ajlakorman/Desktop/Data-Mining-Projects/Apache_Airflow/venv/lib/python3.10/site-packages/airflow/example_dags/example_dag_decorator.py
[2025-02-20T12:55:14.483+0100] {processor.py:914} INFO - Processing file /Users/ajlakorman/Desktop/Data-Mining-Projects/Apache_Airflow/venv/lib/python3.10/site-packages/airflow/example_dags/example_dag_decorator.py for tasks to queue
[2025-02-20T12:55:14.483+0100] {logging_mixin.py:190} INFO - [2025-02-20T12:55:14.483+0100] {dagbag.py:588} INFO - Filling up the DagBag from /Users/ajlakorman/Desktop/Data-Mining-Projects/Apache_Airflow/venv/lib/python3.10/site-packages/airflow/example_dags/example_dag_decorator.py
[2025-02-20T12:55:14.658+0100] {processor.py:925} INFO - DAG(s) 'example_dag_decorator' retrieved from /Users/ajlakorman/Desktop/Data-Mining-Projects/Apache_Airflow/venv/lib/python3.10/site-packages/airflow/example_dags/example_dag_decorator.py
[2025-02-20T12:55:14.766+0100] {logging_mixin.py:190} INFO - [2025-02-20T12:55:14.766+0100] {dag.py:3239} INFO - Sync 1 DAGs
[2025-02-20T12:55:14.771+0100] {logging_mixin.py:190} INFO - [2025-02-20T12:55:14.770+0100] {dag.py:4180} INFO - Setting next_dagrun for example_dag_decorator to None, run_after=None
[2025-02-20T12:55:14.778+0100] {processor.py:208} INFO - Processing /Users/ajlakorman/Desktop/Data-Mining-Projects/Apache_Airflow/venv/lib/python3.10/site-packages/airflow/example_dags/example_dag_decorator.py took 0.298 seconds
[2025-02-20T12:58:28.711+0100] {processor.py:186} INFO - Started process (PID=14989) to work on /Users/ajlakorman/Desktop/Data-Mining-Projects/Apache_Airflow/venv/lib/python3.10/site-packages/airflow/example_dags/example_dag_decorator.py
[2025-02-20T12:58:28.712+0100] {processor.py:914} INFO - Processing file /Users/ajlakorman/Desktop/Data-Mining-Projects/Apache_Airflow/venv/lib/python3.10/site-packages/airflow/example_dags/example_dag_decorator.py for tasks to queue
[2025-02-20T12:58:28.712+0100] {logging_mixin.py:190} INFO - [2025-02-20T12:58:28.712+0100] {dagbag.py:588} INFO - Filling up the DagBag from /Users/ajlakorman/Desktop/Data-Mining-Projects/Apache_Airflow/venv/lib/python3.10/site-packages/airflow/example_dags/example_dag_decorator.py
[2025-02-20T12:58:28.820+0100] {processor.py:925} INFO - DAG(s) 'example_dag_decorator' retrieved from /Users/ajlakorman/Desktop/Data-Mining-Projects/Apache_Airflow/venv/lib/python3.10/site-packages/airflow/example_dags/example_dag_decorator.py
[2025-02-20T12:58:28.903+0100] {logging_mixin.py:190} INFO - [2025-02-20T12:58:28.903+0100] {dag.py:3239} INFO - Sync 1 DAGs
[2025-02-20T12:58:28.907+0100] {logging_mixin.py:190} INFO - [2025-02-20T12:58:28.907+0100] {dag.py:4180} INFO - Setting next_dagrun for example_dag_decorator to None, run_after=None
[2025-02-20T12:58:28.914+0100] {processor.py:208} INFO - Processing /Users/ajlakorman/Desktop/Data-Mining-Projects/Apache_Airflow/venv/lib/python3.10/site-packages/airflow/example_dags/example_dag_decorator.py took 0.205 seconds
[2025-02-20T13:01:15.265+0100] {processor.py:186} INFO - Started process (PID=15224) to work on /Users/ajlakorman/Desktop/Data-Mining-Projects/Apache_Airflow/venv/lib/python3.10/site-packages/airflow/example_dags/example_dag_decorator.py
[2025-02-20T13:01:15.265+0100] {processor.py:914} INFO - Processing file /Users/ajlakorman/Desktop/Data-Mining-Projects/Apache_Airflow/venv/lib/python3.10/site-packages/airflow/example_dags/example_dag_decorator.py for tasks to queue
[2025-02-20T13:01:15.266+0100] {logging_mixin.py:190} INFO - [2025-02-20T13:01:15.266+0100] {dagbag.py:588} INFO - Filling up the DagBag from /Users/ajlakorman/Desktop/Data-Mining-Projects/Apache_Airflow/venv/lib/python3.10/site-packages/airflow/example_dags/example_dag_decorator.py
[2025-02-20T13:01:15.506+0100] {processor.py:925} INFO - DAG(s) 'example_dag_decorator' retrieved from /Users/ajlakorman/Desktop/Data-Mining-Projects/Apache_Airflow/venv/lib/python3.10/site-packages/airflow/example_dags/example_dag_decorator.py
[2025-02-20T13:01:15.590+0100] {logging_mixin.py:190} INFO - [2025-02-20T13:01:15.590+0100] {dag.py:3239} INFO - Sync 1 DAGs
[2025-02-20T13:01:15.594+0100] {logging_mixin.py:190} INFO - [2025-02-20T13:01:15.594+0100] {dag.py:4180} INFO - Setting next_dagrun for example_dag_decorator to None, run_after=None
[2025-02-20T13:01:15.601+0100] {processor.py:208} INFO - Processing /Users/ajlakorman/Desktop/Data-Mining-Projects/Apache_Airflow/venv/lib/python3.10/site-packages/airflow/example_dags/example_dag_decorator.py took 0.338 seconds
[2025-02-20T13:06:35.960+0100] {processor.py:186} INFO - Started process (PID=15450) to work on /Users/ajlakorman/Desktop/Data-Mining-Projects/Apache_Airflow/venv/lib/python3.10/site-packages/airflow/example_dags/example_dag_decorator.py
[2025-02-20T13:06:35.962+0100] {processor.py:914} INFO - Processing file /Users/ajlakorman/Desktop/Data-Mining-Projects/Apache_Airflow/venv/lib/python3.10/site-packages/airflow/example_dags/example_dag_decorator.py for tasks to queue
[2025-02-20T13:06:35.962+0100] {logging_mixin.py:190} INFO - [2025-02-20T13:06:35.962+0100] {dagbag.py:588} INFO - Filling up the DagBag from /Users/ajlakorman/Desktop/Data-Mining-Projects/Apache_Airflow/venv/lib/python3.10/site-packages/airflow/example_dags/example_dag_decorator.py
[2025-02-20T13:06:36.066+0100] {processor.py:925} INFO - DAG(s) 'example_dag_decorator' retrieved from /Users/ajlakorman/Desktop/Data-Mining-Projects/Apache_Airflow/venv/lib/python3.10/site-packages/airflow/example_dags/example_dag_decorator.py
[2025-02-20T13:06:36.216+0100] {logging_mixin.py:190} INFO - [2025-02-20T13:06:36.216+0100] {dag.py:3239} INFO - Sync 1 DAGs
[2025-02-20T13:06:36.222+0100] {logging_mixin.py:190} INFO - [2025-02-20T13:06:36.222+0100] {dag.py:4180} INFO - Setting next_dagrun for example_dag_decorator to None, run_after=None
[2025-02-20T13:06:36.231+0100] {processor.py:208} INFO - Processing /Users/ajlakorman/Desktop/Data-Mining-Projects/Apache_Airflow/venv/lib/python3.10/site-packages/airflow/example_dags/example_dag_decorator.py took 0.272 seconds
[2025-02-20T13:09:26.815+0100] {processor.py:186} INFO - Started process (PID=15856) to work on /Users/ajlakorman/Desktop/Data-Mining-Projects/Apache_Airflow/venv/lib/python3.10/site-packages/airflow/example_dags/example_dag_decorator.py
[2025-02-20T13:09:26.816+0100] {processor.py:914} INFO - Processing file /Users/ajlakorman/Desktop/Data-Mining-Projects/Apache_Airflow/venv/lib/python3.10/site-packages/airflow/example_dags/example_dag_decorator.py for tasks to queue
[2025-02-20T13:09:26.816+0100] {logging_mixin.py:190} INFO - [2025-02-20T13:09:26.816+0100] {dagbag.py:588} INFO - Filling up the DagBag from /Users/ajlakorman/Desktop/Data-Mining-Projects/Apache_Airflow/venv/lib/python3.10/site-packages/airflow/example_dags/example_dag_decorator.py
[2025-02-20T13:09:26.939+0100] {processor.py:925} INFO - DAG(s) 'example_dag_decorator' retrieved from /Users/ajlakorman/Desktop/Data-Mining-Projects/Apache_Airflow/venv/lib/python3.10/site-packages/airflow/example_dags/example_dag_decorator.py
[2025-02-20T13:09:27.082+0100] {logging_mixin.py:190} INFO - [2025-02-20T13:09:27.082+0100] {dag.py:3239} INFO - Sync 1 DAGs
[2025-02-20T13:09:27.087+0100] {logging_mixin.py:190} INFO - [2025-02-20T13:09:27.087+0100] {dag.py:4180} INFO - Setting next_dagrun for example_dag_decorator to None, run_after=None
[2025-02-20T13:09:27.096+0100] {processor.py:208} INFO - Processing /Users/ajlakorman/Desktop/Data-Mining-Projects/Apache_Airflow/venv/lib/python3.10/site-packages/airflow/example_dags/example_dag_decorator.py took 0.282 seconds
[2025-02-20T13:12:16.262+0100] {processor.py:186} INFO - Started process (PID=16127) to work on /Users/ajlakorman/Desktop/Data-Mining-Projects/Apache_Airflow/venv/lib/python3.10/site-packages/airflow/example_dags/example_dag_decorator.py
[2025-02-20T13:12:16.263+0100] {processor.py:914} INFO - Processing file /Users/ajlakorman/Desktop/Data-Mining-Projects/Apache_Airflow/venv/lib/python3.10/site-packages/airflow/example_dags/example_dag_decorator.py for tasks to queue
[2025-02-20T13:12:16.263+0100] {logging_mixin.py:190} INFO - [2025-02-20T13:12:16.263+0100] {dagbag.py:588} INFO - Filling up the DagBag from /Users/ajlakorman/Desktop/Data-Mining-Projects/Apache_Airflow/venv/lib/python3.10/site-packages/airflow/example_dags/example_dag_decorator.py
[2025-02-20T13:12:16.375+0100] {processor.py:925} INFO - DAG(s) 'example_dag_decorator' retrieved from /Users/ajlakorman/Desktop/Data-Mining-Projects/Apache_Airflow/venv/lib/python3.10/site-packages/airflow/example_dags/example_dag_decorator.py
[2025-02-20T13:12:16.459+0100] {logging_mixin.py:190} INFO - [2025-02-20T13:12:16.459+0100] {dag.py:3239} INFO - Sync 1 DAGs
[2025-02-20T13:12:16.463+0100] {logging_mixin.py:190} INFO - [2025-02-20T13:12:16.463+0100] {dag.py:4180} INFO - Setting next_dagrun for example_dag_decorator to None, run_after=None
[2025-02-20T13:12:16.470+0100] {processor.py:208} INFO - Processing /Users/ajlakorman/Desktop/Data-Mining-Projects/Apache_Airflow/venv/lib/python3.10/site-packages/airflow/example_dags/example_dag_decorator.py took 0.210 seconds
[2025-02-20T13:15:21.005+0100] {processor.py:186} INFO - Started process (PID=16423) to work on /Users/ajlakorman/Desktop/Data-Mining-Projects/Apache_Airflow/venv/lib/python3.10/site-packages/airflow/example_dags/example_dag_decorator.py
[2025-02-20T13:15:21.006+0100] {processor.py:914} INFO - Processing file /Users/ajlakorman/Desktop/Data-Mining-Projects/Apache_Airflow/venv/lib/python3.10/site-packages/airflow/example_dags/example_dag_decorator.py for tasks to queue
[2025-02-20T13:15:21.006+0100] {logging_mixin.py:190} INFO - [2025-02-20T13:15:21.006+0100] {dagbag.py:588} INFO - Filling up the DagBag from /Users/ajlakorman/Desktop/Data-Mining-Projects/Apache_Airflow/venv/lib/python3.10/site-packages/airflow/example_dags/example_dag_decorator.py
[2025-02-20T13:15:21.112+0100] {processor.py:925} INFO - DAG(s) 'example_dag_decorator' retrieved from /Users/ajlakorman/Desktop/Data-Mining-Projects/Apache_Airflow/venv/lib/python3.10/site-packages/airflow/example_dags/example_dag_decorator.py
[2025-02-20T13:15:21.192+0100] {logging_mixin.py:190} INFO - [2025-02-20T13:15:21.192+0100] {dag.py:3239} INFO - Sync 1 DAGs
[2025-02-20T13:15:21.196+0100] {logging_mixin.py:190} INFO - [2025-02-20T13:15:21.196+0100] {dag.py:4180} INFO - Setting next_dagrun for example_dag_decorator to None, run_after=None
[2025-02-20T13:15:21.203+0100] {processor.py:208} INFO - Processing /Users/ajlakorman/Desktop/Data-Mining-Projects/Apache_Airflow/venv/lib/python3.10/site-packages/airflow/example_dags/example_dag_decorator.py took 0.199 seconds
[2025-02-20T13:18:27.605+0100] {processor.py:186} INFO - Started process (PID=16826) to work on /Users/ajlakorman/Desktop/Data-Mining-Projects/Apache_Airflow/venv/lib/python3.10/site-packages/airflow/example_dags/example_dag_decorator.py
[2025-02-20T13:18:27.606+0100] {processor.py:914} INFO - Processing file /Users/ajlakorman/Desktop/Data-Mining-Projects/Apache_Airflow/venv/lib/python3.10/site-packages/airflow/example_dags/example_dag_decorator.py for tasks to queue
[2025-02-20T13:18:27.606+0100] {logging_mixin.py:190} INFO - [2025-02-20T13:18:27.606+0100] {dagbag.py:588} INFO - Filling up the DagBag from /Users/ajlakorman/Desktop/Data-Mining-Projects/Apache_Airflow/venv/lib/python3.10/site-packages/airflow/example_dags/example_dag_decorator.py
[2025-02-20T13:18:27.717+0100] {processor.py:925} INFO - DAG(s) 'example_dag_decorator' retrieved from /Users/ajlakorman/Desktop/Data-Mining-Projects/Apache_Airflow/venv/lib/python3.10/site-packages/airflow/example_dags/example_dag_decorator.py
[2025-02-20T13:18:27.795+0100] {logging_mixin.py:190} INFO - [2025-02-20T13:18:27.795+0100] {dag.py:3239} INFO - Sync 1 DAGs
[2025-02-20T13:18:27.799+0100] {logging_mixin.py:190} INFO - [2025-02-20T13:18:27.799+0100] {dag.py:4180} INFO - Setting next_dagrun for example_dag_decorator to None, run_after=None
[2025-02-20T13:18:27.806+0100] {processor.py:208} INFO - Processing /Users/ajlakorman/Desktop/Data-Mining-Projects/Apache_Airflow/venv/lib/python3.10/site-packages/airflow/example_dags/example_dag_decorator.py took 0.202 seconds
[2025-02-20T13:21:27.924+0100] {processor.py:186} INFO - Started process (PID=17117) to work on /Users/ajlakorman/Desktop/Data-Mining-Projects/Apache_Airflow/venv/lib/python3.10/site-packages/airflow/example_dags/example_dag_decorator.py
[2025-02-20T13:21:27.925+0100] {processor.py:914} INFO - Processing file /Users/ajlakorman/Desktop/Data-Mining-Projects/Apache_Airflow/venv/lib/python3.10/site-packages/airflow/example_dags/example_dag_decorator.py for tasks to queue
[2025-02-20T13:21:27.925+0100] {logging_mixin.py:190} INFO - [2025-02-20T13:21:27.925+0100] {dagbag.py:588} INFO - Filling up the DagBag from /Users/ajlakorman/Desktop/Data-Mining-Projects/Apache_Airflow/venv/lib/python3.10/site-packages/airflow/example_dags/example_dag_decorator.py
[2025-02-20T13:21:28.042+0100] {processor.py:925} INFO - DAG(s) 'example_dag_decorator' retrieved from /Users/ajlakorman/Desktop/Data-Mining-Projects/Apache_Airflow/venv/lib/python3.10/site-packages/airflow/example_dags/example_dag_decorator.py
[2025-02-20T13:21:28.123+0100] {logging_mixin.py:190} INFO - [2025-02-20T13:21:28.122+0100] {dag.py:3239} INFO - Sync 1 DAGs
[2025-02-20T13:21:28.126+0100] {logging_mixin.py:190} INFO - [2025-02-20T13:21:28.126+0100] {dag.py:4180} INFO - Setting next_dagrun for example_dag_decorator to None, run_after=None
[2025-02-20T13:21:28.133+0100] {processor.py:208} INFO - Processing /Users/ajlakorman/Desktop/Data-Mining-Projects/Apache_Airflow/venv/lib/python3.10/site-packages/airflow/example_dags/example_dag_decorator.py took 0.210 seconds
[2025-02-20T13:24:09.033+0100] {processor.py:186} INFO - Started process (PID=17430) to work on /Users/ajlakorman/Desktop/Data-Mining-Projects/Apache_Airflow/venv/lib/python3.10/site-packages/airflow/example_dags/example_dag_decorator.py
[2025-02-20T13:24:09.034+0100] {processor.py:914} INFO - Processing file /Users/ajlakorman/Desktop/Data-Mining-Projects/Apache_Airflow/venv/lib/python3.10/site-packages/airflow/example_dags/example_dag_decorator.py for tasks to queue
[2025-02-20T13:24:09.035+0100] {logging_mixin.py:190} INFO - [2025-02-20T13:24:09.035+0100] {dagbag.py:588} INFO - Filling up the DagBag from /Users/ajlakorman/Desktop/Data-Mining-Projects/Apache_Airflow/venv/lib/python3.10/site-packages/airflow/example_dags/example_dag_decorator.py
[2025-02-20T13:24:09.143+0100] {processor.py:925} INFO - DAG(s) 'example_dag_decorator' retrieved from /Users/ajlakorman/Desktop/Data-Mining-Projects/Apache_Airflow/venv/lib/python3.10/site-packages/airflow/example_dags/example_dag_decorator.py
[2025-02-20T13:24:09.225+0100] {logging_mixin.py:190} INFO - [2025-02-20T13:24:09.225+0100] {dag.py:3239} INFO - Sync 1 DAGs
[2025-02-20T13:24:09.229+0100] {logging_mixin.py:190} INFO - [2025-02-20T13:24:09.229+0100] {dag.py:4180} INFO - Setting next_dagrun for example_dag_decorator to None, run_after=None
[2025-02-20T13:24:09.236+0100] {processor.py:208} INFO - Processing /Users/ajlakorman/Desktop/Data-Mining-Projects/Apache_Airflow/venv/lib/python3.10/site-packages/airflow/example_dags/example_dag_decorator.py took 0.205 seconds
[2025-02-20T13:26:44.616+0100] {processor.py:186} INFO - Started process (PID=17632) to work on /Users/ajlakorman/Desktop/Data-Mining-Projects/Apache_Airflow/venv/lib/python3.10/site-packages/airflow/example_dags/example_dag_decorator.py
[2025-02-20T13:26:44.617+0100] {processor.py:914} INFO - Processing file /Users/ajlakorman/Desktop/Data-Mining-Projects/Apache_Airflow/venv/lib/python3.10/site-packages/airflow/example_dags/example_dag_decorator.py for tasks to queue
[2025-02-20T13:26:44.617+0100] {logging_mixin.py:190} INFO - [2025-02-20T13:26:44.617+0100] {dagbag.py:588} INFO - Filling up the DagBag from /Users/ajlakorman/Desktop/Data-Mining-Projects/Apache_Airflow/venv/lib/python3.10/site-packages/airflow/example_dags/example_dag_decorator.py
[2025-02-20T13:26:44.724+0100] {processor.py:925} INFO - DAG(s) 'example_dag_decorator' retrieved from /Users/ajlakorman/Desktop/Data-Mining-Projects/Apache_Airflow/venv/lib/python3.10/site-packages/airflow/example_dags/example_dag_decorator.py
[2025-02-20T13:26:44.806+0100] {logging_mixin.py:190} INFO - [2025-02-20T13:26:44.806+0100] {dag.py:3239} INFO - Sync 1 DAGs
[2025-02-20T13:26:44.810+0100] {logging_mixin.py:190} INFO - [2025-02-20T13:26:44.810+0100] {dag.py:4180} INFO - Setting next_dagrun for example_dag_decorator to None, run_after=None
[2025-02-20T13:26:44.816+0100] {processor.py:208} INFO - Processing /Users/ajlakorman/Desktop/Data-Mining-Projects/Apache_Airflow/venv/lib/python3.10/site-packages/airflow/example_dags/example_dag_decorator.py took 0.202 seconds
[2025-02-20T13:29:22.694+0100] {processor.py:186} INFO - Started process (PID=17995) to work on /Users/ajlakorman/Desktop/Data-Mining-Projects/Apache_Airflow/venv/lib/python3.10/site-packages/airflow/example_dags/example_dag_decorator.py
[2025-02-20T13:29:22.695+0100] {processor.py:914} INFO - Processing file /Users/ajlakorman/Desktop/Data-Mining-Projects/Apache_Airflow/venv/lib/python3.10/site-packages/airflow/example_dags/example_dag_decorator.py for tasks to queue
[2025-02-20T13:29:22.696+0100] {logging_mixin.py:190} INFO - [2025-02-20T13:29:22.696+0100] {dagbag.py:588} INFO - Filling up the DagBag from /Users/ajlakorman/Desktop/Data-Mining-Projects/Apache_Airflow/venv/lib/python3.10/site-packages/airflow/example_dags/example_dag_decorator.py
[2025-02-20T13:29:22.803+0100] {processor.py:925} INFO - DAG(s) 'example_dag_decorator' retrieved from /Users/ajlakorman/Desktop/Data-Mining-Projects/Apache_Airflow/venv/lib/python3.10/site-packages/airflow/example_dags/example_dag_decorator.py
[2025-02-20T13:29:22.886+0100] {logging_mixin.py:190} INFO - [2025-02-20T13:29:22.885+0100] {dag.py:3239} INFO - Sync 1 DAGs
[2025-02-20T13:29:22.889+0100] {logging_mixin.py:190} INFO - [2025-02-20T13:29:22.889+0100] {dag.py:4180} INFO - Setting next_dagrun for example_dag_decorator to None, run_after=None
[2025-02-20T13:29:22.896+0100] {processor.py:208} INFO - Processing /Users/ajlakorman/Desktop/Data-Mining-Projects/Apache_Airflow/venv/lib/python3.10/site-packages/airflow/example_dags/example_dag_decorator.py took 0.203 seconds
[2025-02-20T13:32:00.807+0100] {processor.py:186} INFO - Started process (PID=18200) to work on /Users/ajlakorman/Desktop/Data-Mining-Projects/Apache_Airflow/venv/lib/python3.10/site-packages/airflow/example_dags/example_dag_decorator.py
[2025-02-20T13:32:00.808+0100] {processor.py:914} INFO - Processing file /Users/ajlakorman/Desktop/Data-Mining-Projects/Apache_Airflow/venv/lib/python3.10/site-packages/airflow/example_dags/example_dag_decorator.py for tasks to queue
[2025-02-20T13:32:00.808+0100] {logging_mixin.py:190} INFO - [2025-02-20T13:32:00.808+0100] {dagbag.py:588} INFO - Filling up the DagBag from /Users/ajlakorman/Desktop/Data-Mining-Projects/Apache_Airflow/venv/lib/python3.10/site-packages/airflow/example_dags/example_dag_decorator.py
[2025-02-20T13:32:00.914+0100] {processor.py:925} INFO - DAG(s) 'example_dag_decorator' retrieved from /Users/ajlakorman/Desktop/Data-Mining-Projects/Apache_Airflow/venv/lib/python3.10/site-packages/airflow/example_dags/example_dag_decorator.py
[2025-02-20T13:32:01.024+0100] {logging_mixin.py:190} INFO - [2025-02-20T13:32:01.024+0100] {dag.py:3239} INFO - Sync 1 DAGs
[2025-02-20T13:32:01.031+0100] {logging_mixin.py:190} INFO - [2025-02-20T13:32:01.031+0100] {dag.py:4180} INFO - Setting next_dagrun for example_dag_decorator to None, run_after=None
[2025-02-20T13:32:01.044+0100] {processor.py:208} INFO - Processing /Users/ajlakorman/Desktop/Data-Mining-Projects/Apache_Airflow/venv/lib/python3.10/site-packages/airflow/example_dags/example_dag_decorator.py took 0.239 seconds
[2025-02-20T13:34:42.478+0100] {processor.py:186} INFO - Started process (PID=18388) to work on /Users/ajlakorman/Desktop/Data-Mining-Projects/Apache_Airflow/venv/lib/python3.10/site-packages/airflow/example_dags/example_dag_decorator.py
[2025-02-20T13:34:42.480+0100] {processor.py:914} INFO - Processing file /Users/ajlakorman/Desktop/Data-Mining-Projects/Apache_Airflow/venv/lib/python3.10/site-packages/airflow/example_dags/example_dag_decorator.py for tasks to queue
[2025-02-20T13:34:42.480+0100] {logging_mixin.py:190} INFO - [2025-02-20T13:34:42.480+0100] {dagbag.py:588} INFO - Filling up the DagBag from /Users/ajlakorman/Desktop/Data-Mining-Projects/Apache_Airflow/venv/lib/python3.10/site-packages/airflow/example_dags/example_dag_decorator.py
[2025-02-20T13:34:42.589+0100] {processor.py:925} INFO - DAG(s) 'example_dag_decorator' retrieved from /Users/ajlakorman/Desktop/Data-Mining-Projects/Apache_Airflow/venv/lib/python3.10/site-packages/airflow/example_dags/example_dag_decorator.py
[2025-02-20T13:34:42.671+0100] {logging_mixin.py:190} INFO - [2025-02-20T13:34:42.671+0100] {dag.py:3239} INFO - Sync 1 DAGs
[2025-02-20T13:34:42.675+0100] {logging_mixin.py:190} INFO - [2025-02-20T13:34:42.675+0100] {dag.py:4180} INFO - Setting next_dagrun for example_dag_decorator to None, run_after=None
[2025-02-20T13:34:42.682+0100] {processor.py:208} INFO - Processing /Users/ajlakorman/Desktop/Data-Mining-Projects/Apache_Airflow/venv/lib/python3.10/site-packages/airflow/example_dags/example_dag_decorator.py took 0.205 seconds
[2025-02-20T13:37:25.482+0100] {processor.py:186} INFO - Started process (PID=18827) to work on /Users/ajlakorman/Desktop/Data-Mining-Projects/Apache_Airflow/venv/lib/python3.10/site-packages/airflow/example_dags/example_dag_decorator.py
[2025-02-20T13:37:25.482+0100] {processor.py:914} INFO - Processing file /Users/ajlakorman/Desktop/Data-Mining-Projects/Apache_Airflow/venv/lib/python3.10/site-packages/airflow/example_dags/example_dag_decorator.py for tasks to queue
[2025-02-20T13:37:25.483+0100] {logging_mixin.py:190} INFO - [2025-02-20T13:37:25.483+0100] {dagbag.py:588} INFO - Filling up the DagBag from /Users/ajlakorman/Desktop/Data-Mining-Projects/Apache_Airflow/venv/lib/python3.10/site-packages/airflow/example_dags/example_dag_decorator.py
[2025-02-20T13:37:25.586+0100] {processor.py:925} INFO - DAG(s) 'example_dag_decorator' retrieved from /Users/ajlakorman/Desktop/Data-Mining-Projects/Apache_Airflow/venv/lib/python3.10/site-packages/airflow/example_dags/example_dag_decorator.py
[2025-02-20T13:37:25.665+0100] {logging_mixin.py:190} INFO - [2025-02-20T13:37:25.665+0100] {dag.py:3239} INFO - Sync 1 DAGs
[2025-02-20T13:37:25.669+0100] {logging_mixin.py:190} INFO - [2025-02-20T13:37:25.669+0100] {dag.py:4180} INFO - Setting next_dagrun for example_dag_decorator to None, run_after=None
[2025-02-20T13:37:25.678+0100] {processor.py:208} INFO - Processing /Users/ajlakorman/Desktop/Data-Mining-Projects/Apache_Airflow/venv/lib/python3.10/site-packages/airflow/example_dags/example_dag_decorator.py took 0.198 seconds
[2025-02-20T13:40:07.869+0100] {processor.py:186} INFO - Started process (PID=19298) to work on /Users/ajlakorman/Desktop/Data-Mining-Projects/Apache_Airflow/venv/lib/python3.10/site-packages/airflow/example_dags/example_dag_decorator.py
[2025-02-20T13:40:07.870+0100] {processor.py:914} INFO - Processing file /Users/ajlakorman/Desktop/Data-Mining-Projects/Apache_Airflow/venv/lib/python3.10/site-packages/airflow/example_dags/example_dag_decorator.py for tasks to queue
[2025-02-20T13:40:07.871+0100] {logging_mixin.py:190} INFO - [2025-02-20T13:40:07.870+0100] {dagbag.py:588} INFO - Filling up the DagBag from /Users/ajlakorman/Desktop/Data-Mining-Projects/Apache_Airflow/venv/lib/python3.10/site-packages/airflow/example_dags/example_dag_decorator.py
[2025-02-20T13:40:07.991+0100] {processor.py:925} INFO - DAG(s) 'example_dag_decorator' retrieved from /Users/ajlakorman/Desktop/Data-Mining-Projects/Apache_Airflow/venv/lib/python3.10/site-packages/airflow/example_dags/example_dag_decorator.py
[2025-02-20T13:40:08.095+0100] {logging_mixin.py:190} INFO - [2025-02-20T13:40:08.095+0100] {dag.py:3239} INFO - Sync 1 DAGs
[2025-02-20T13:40:08.099+0100] {logging_mixin.py:190} INFO - [2025-02-20T13:40:08.099+0100] {dag.py:4180} INFO - Setting next_dagrun for example_dag_decorator to None, run_after=None
[2025-02-20T13:40:08.107+0100] {processor.py:208} INFO - Processing /Users/ajlakorman/Desktop/Data-Mining-Projects/Apache_Airflow/venv/lib/python3.10/site-packages/airflow/example_dags/example_dag_decorator.py took 0.240 seconds
[2025-02-20T13:42:57.862+0100] {processor.py:186} INFO - Started process (PID=19618) to work on /Users/ajlakorman/Desktop/Data-Mining-Projects/Apache_Airflow/venv/lib/python3.10/site-packages/airflow/example_dags/example_dag_decorator.py
[2025-02-20T13:42:57.862+0100] {processor.py:914} INFO - Processing file /Users/ajlakorman/Desktop/Data-Mining-Projects/Apache_Airflow/venv/lib/python3.10/site-packages/airflow/example_dags/example_dag_decorator.py for tasks to queue
[2025-02-20T13:42:57.863+0100] {logging_mixin.py:190} INFO - [2025-02-20T13:42:57.863+0100] {dagbag.py:588} INFO - Filling up the DagBag from /Users/ajlakorman/Desktop/Data-Mining-Projects/Apache_Airflow/venv/lib/python3.10/site-packages/airflow/example_dags/example_dag_decorator.py
[2025-02-20T13:42:57.969+0100] {processor.py:925} INFO - DAG(s) 'example_dag_decorator' retrieved from /Users/ajlakorman/Desktop/Data-Mining-Projects/Apache_Airflow/venv/lib/python3.10/site-packages/airflow/example_dags/example_dag_decorator.py
[2025-02-20T13:42:58.050+0100] {logging_mixin.py:190} INFO - [2025-02-20T13:42:58.050+0100] {dag.py:3239} INFO - Sync 1 DAGs
[2025-02-20T13:42:58.054+0100] {logging_mixin.py:190} INFO - [2025-02-20T13:42:58.054+0100] {dag.py:4180} INFO - Setting next_dagrun for example_dag_decorator to None, run_after=None
[2025-02-20T13:42:58.060+0100] {processor.py:208} INFO - Processing /Users/ajlakorman/Desktop/Data-Mining-Projects/Apache_Airflow/venv/lib/python3.10/site-packages/airflow/example_dags/example_dag_decorator.py took 0.200 seconds
[2025-02-20T13:45:54.348+0100] {processor.py:186} INFO - Started process (PID=20143) to work on /Users/ajlakorman/Desktop/Data-Mining-Projects/Apache_Airflow/venv/lib/python3.10/site-packages/airflow/example_dags/example_dag_decorator.py
[2025-02-20T13:45:54.350+0100] {processor.py:914} INFO - Processing file /Users/ajlakorman/Desktop/Data-Mining-Projects/Apache_Airflow/venv/lib/python3.10/site-packages/airflow/example_dags/example_dag_decorator.py for tasks to queue
[2025-02-20T13:45:54.350+0100] {logging_mixin.py:190} INFO - [2025-02-20T13:45:54.350+0100] {dagbag.py:588} INFO - Filling up the DagBag from /Users/ajlakorman/Desktop/Data-Mining-Projects/Apache_Airflow/venv/lib/python3.10/site-packages/airflow/example_dags/example_dag_decorator.py
[2025-02-20T13:45:54.468+0100] {processor.py:925} INFO - DAG(s) 'example_dag_decorator' retrieved from /Users/ajlakorman/Desktop/Data-Mining-Projects/Apache_Airflow/venv/lib/python3.10/site-packages/airflow/example_dags/example_dag_decorator.py
[2025-02-20T13:45:54.549+0100] {logging_mixin.py:190} INFO - [2025-02-20T13:45:54.549+0100] {dag.py:3239} INFO - Sync 1 DAGs
[2025-02-20T13:45:54.553+0100] {logging_mixin.py:190} INFO - [2025-02-20T13:45:54.553+0100] {dag.py:4180} INFO - Setting next_dagrun for example_dag_decorator to None, run_after=None
[2025-02-20T13:45:54.560+0100] {processor.py:208} INFO - Processing /Users/ajlakorman/Desktop/Data-Mining-Projects/Apache_Airflow/venv/lib/python3.10/site-packages/airflow/example_dags/example_dag_decorator.py took 0.214 seconds
[2025-02-20T13:48:54.656+0100] {processor.py:186} INFO - Started process (PID=20690) to work on /Users/ajlakorman/Desktop/Data-Mining-Projects/Apache_Airflow/venv/lib/python3.10/site-packages/airflow/example_dags/example_dag_decorator.py
[2025-02-20T13:48:54.656+0100] {processor.py:914} INFO - Processing file /Users/ajlakorman/Desktop/Data-Mining-Projects/Apache_Airflow/venv/lib/python3.10/site-packages/airflow/example_dags/example_dag_decorator.py for tasks to queue
[2025-02-20T13:48:54.657+0100] {logging_mixin.py:190} INFO - [2025-02-20T13:48:54.657+0100] {dagbag.py:588} INFO - Filling up the DagBag from /Users/ajlakorman/Desktop/Data-Mining-Projects/Apache_Airflow/venv/lib/python3.10/site-packages/airflow/example_dags/example_dag_decorator.py
[2025-02-20T13:48:54.768+0100] {processor.py:925} INFO - DAG(s) 'example_dag_decorator' retrieved from /Users/ajlakorman/Desktop/Data-Mining-Projects/Apache_Airflow/venv/lib/python3.10/site-packages/airflow/example_dags/example_dag_decorator.py
[2025-02-20T13:48:54.855+0100] {logging_mixin.py:190} INFO - [2025-02-20T13:48:54.855+0100] {dag.py:3239} INFO - Sync 1 DAGs
[2025-02-20T13:48:54.859+0100] {logging_mixin.py:190} INFO - [2025-02-20T13:48:54.859+0100] {dag.py:4180} INFO - Setting next_dagrun for example_dag_decorator to None, run_after=None
[2025-02-20T13:48:54.866+0100] {processor.py:208} INFO - Processing /Users/ajlakorman/Desktop/Data-Mining-Projects/Apache_Airflow/venv/lib/python3.10/site-packages/airflow/example_dags/example_dag_decorator.py took 0.212 seconds
[2025-02-20T13:51:52.243+0100] {processor.py:186} INFO - Started process (PID=20970) to work on /Users/ajlakorman/Desktop/Data-Mining-Projects/Apache_Airflow/venv/lib/python3.10/site-packages/airflow/example_dags/example_dag_decorator.py
[2025-02-20T13:51:52.244+0100] {processor.py:914} INFO - Processing file /Users/ajlakorman/Desktop/Data-Mining-Projects/Apache_Airflow/venv/lib/python3.10/site-packages/airflow/example_dags/example_dag_decorator.py for tasks to queue
[2025-02-20T13:51:52.245+0100] {logging_mixin.py:190} INFO - [2025-02-20T13:51:52.245+0100] {dagbag.py:588} INFO - Filling up the DagBag from /Users/ajlakorman/Desktop/Data-Mining-Projects/Apache_Airflow/venv/lib/python3.10/site-packages/airflow/example_dags/example_dag_decorator.py
[2025-02-20T13:51:52.352+0100] {processor.py:925} INFO - DAG(s) 'example_dag_decorator' retrieved from /Users/ajlakorman/Desktop/Data-Mining-Projects/Apache_Airflow/venv/lib/python3.10/site-packages/airflow/example_dags/example_dag_decorator.py
[2025-02-20T13:51:52.436+0100] {logging_mixin.py:190} INFO - [2025-02-20T13:51:52.436+0100] {dag.py:3239} INFO - Sync 1 DAGs
[2025-02-20T13:51:52.440+0100] {logging_mixin.py:190} INFO - [2025-02-20T13:51:52.440+0100] {dag.py:4180} INFO - Setting next_dagrun for example_dag_decorator to None, run_after=None
[2025-02-20T13:51:52.447+0100] {processor.py:208} INFO - Processing /Users/ajlakorman/Desktop/Data-Mining-Projects/Apache_Airflow/venv/lib/python3.10/site-packages/airflow/example_dags/example_dag_decorator.py took 0.205 seconds
[2025-02-20T13:54:41.299+0100] {processor.py:186} INFO - Started process (PID=21224) to work on /Users/ajlakorman/Desktop/Data-Mining-Projects/Apache_Airflow/venv/lib/python3.10/site-packages/airflow/example_dags/example_dag_decorator.py
[2025-02-20T13:54:41.301+0100] {processor.py:914} INFO - Processing file /Users/ajlakorman/Desktop/Data-Mining-Projects/Apache_Airflow/venv/lib/python3.10/site-packages/airflow/example_dags/example_dag_decorator.py for tasks to queue
[2025-02-20T13:54:41.301+0100] {logging_mixin.py:190} INFO - [2025-02-20T13:54:41.301+0100] {dagbag.py:588} INFO - Filling up the DagBag from /Users/ajlakorman/Desktop/Data-Mining-Projects/Apache_Airflow/venv/lib/python3.10/site-packages/airflow/example_dags/example_dag_decorator.py
[2025-02-20T13:54:41.414+0100] {processor.py:925} INFO - DAG(s) 'example_dag_decorator' retrieved from /Users/ajlakorman/Desktop/Data-Mining-Projects/Apache_Airflow/venv/lib/python3.10/site-packages/airflow/example_dags/example_dag_decorator.py
[2025-02-20T13:54:41.496+0100] {logging_mixin.py:190} INFO - [2025-02-20T13:54:41.495+0100] {dag.py:3239} INFO - Sync 1 DAGs
[2025-02-20T13:54:41.500+0100] {logging_mixin.py:190} INFO - [2025-02-20T13:54:41.499+0100] {dag.py:4180} INFO - Setting next_dagrun for example_dag_decorator to None, run_after=None
[2025-02-20T13:54:41.508+0100] {processor.py:208} INFO - Processing /Users/ajlakorman/Desktop/Data-Mining-Projects/Apache_Airflow/venv/lib/python3.10/site-packages/airflow/example_dags/example_dag_decorator.py took 0.210 seconds
[2025-02-20T13:57:42.552+0100] {processor.py:186} INFO - Started process (PID=21461) to work on /Users/ajlakorman/Desktop/Data-Mining-Projects/Apache_Airflow/venv/lib/python3.10/site-packages/airflow/example_dags/example_dag_decorator.py
[2025-02-20T13:57:42.553+0100] {processor.py:914} INFO - Processing file /Users/ajlakorman/Desktop/Data-Mining-Projects/Apache_Airflow/venv/lib/python3.10/site-packages/airflow/example_dags/example_dag_decorator.py for tasks to queue
[2025-02-20T13:57:42.554+0100] {logging_mixin.py:190} INFO - [2025-02-20T13:57:42.553+0100] {dagbag.py:588} INFO - Filling up the DagBag from /Users/ajlakorman/Desktop/Data-Mining-Projects/Apache_Airflow/venv/lib/python3.10/site-packages/airflow/example_dags/example_dag_decorator.py
[2025-02-20T13:57:42.660+0100] {processor.py:925} INFO - DAG(s) 'example_dag_decorator' retrieved from /Users/ajlakorman/Desktop/Data-Mining-Projects/Apache_Airflow/venv/lib/python3.10/site-packages/airflow/example_dags/example_dag_decorator.py
[2025-02-20T13:57:42.744+0100] {logging_mixin.py:190} INFO - [2025-02-20T13:57:42.744+0100] {dag.py:3239} INFO - Sync 1 DAGs
[2025-02-20T13:57:42.748+0100] {logging_mixin.py:190} INFO - [2025-02-20T13:57:42.748+0100] {dag.py:4180} INFO - Setting next_dagrun for example_dag_decorator to None, run_after=None
[2025-02-20T13:57:42.755+0100] {processor.py:208} INFO - Processing /Users/ajlakorman/Desktop/Data-Mining-Projects/Apache_Airflow/venv/lib/python3.10/site-packages/airflow/example_dags/example_dag_decorator.py took 0.205 seconds
[2025-02-20T14:00:29.353+0100] {processor.py:186} INFO - Started process (PID=21783) to work on /Users/ajlakorman/Desktop/Data-Mining-Projects/Apache_Airflow/venv/lib/python3.10/site-packages/airflow/example_dags/example_dag_decorator.py
[2025-02-20T14:00:29.353+0100] {processor.py:914} INFO - Processing file /Users/ajlakorman/Desktop/Data-Mining-Projects/Apache_Airflow/venv/lib/python3.10/site-packages/airflow/example_dags/example_dag_decorator.py for tasks to queue
[2025-02-20T14:00:29.354+0100] {logging_mixin.py:190} INFO - [2025-02-20T14:00:29.354+0100] {dagbag.py:588} INFO - Filling up the DagBag from /Users/ajlakorman/Desktop/Data-Mining-Projects/Apache_Airflow/venv/lib/python3.10/site-packages/airflow/example_dags/example_dag_decorator.py
[2025-02-20T14:00:29.464+0100] {processor.py:925} INFO - DAG(s) 'example_dag_decorator' retrieved from /Users/ajlakorman/Desktop/Data-Mining-Projects/Apache_Airflow/venv/lib/python3.10/site-packages/airflow/example_dags/example_dag_decorator.py
[2025-02-20T14:00:29.549+0100] {logging_mixin.py:190} INFO - [2025-02-20T14:00:29.549+0100] {dag.py:3239} INFO - Sync 1 DAGs
[2025-02-20T14:00:29.553+0100] {logging_mixin.py:190} INFO - [2025-02-20T14:00:29.553+0100] {dag.py:4180} INFO - Setting next_dagrun for example_dag_decorator to None, run_after=None
[2025-02-20T14:00:29.560+0100] {processor.py:208} INFO - Processing /Users/ajlakorman/Desktop/Data-Mining-Projects/Apache_Airflow/venv/lib/python3.10/site-packages/airflow/example_dags/example_dag_decorator.py took 0.209 seconds
[2025-02-20T14:03:27.833+0100] {processor.py:186} INFO - Started process (PID=22187) to work on /Users/ajlakorman/Desktop/Data-Mining-Projects/Apache_Airflow/venv/lib/python3.10/site-packages/airflow/example_dags/example_dag_decorator.py
[2025-02-20T14:03:27.834+0100] {processor.py:914} INFO - Processing file /Users/ajlakorman/Desktop/Data-Mining-Projects/Apache_Airflow/venv/lib/python3.10/site-packages/airflow/example_dags/example_dag_decorator.py for tasks to queue
[2025-02-20T14:03:27.834+0100] {logging_mixin.py:190} INFO - [2025-02-20T14:03:27.834+0100] {dagbag.py:588} INFO - Filling up the DagBag from /Users/ajlakorman/Desktop/Data-Mining-Projects/Apache_Airflow/venv/lib/python3.10/site-packages/airflow/example_dags/example_dag_decorator.py
[2025-02-20T14:03:28.019+0100] {processor.py:925} INFO - DAG(s) 'example_dag_decorator' retrieved from /Users/ajlakorman/Desktop/Data-Mining-Projects/Apache_Airflow/venv/lib/python3.10/site-packages/airflow/example_dags/example_dag_decorator.py
[2025-02-20T14:03:28.120+0100] {logging_mixin.py:190} INFO - [2025-02-20T14:03:28.120+0100] {dag.py:3239} INFO - Sync 1 DAGs
[2025-02-20T14:03:28.125+0100] {logging_mixin.py:190} INFO - [2025-02-20T14:03:28.125+0100] {dag.py:4180} INFO - Setting next_dagrun for example_dag_decorator to None, run_after=None
[2025-02-20T14:03:28.133+0100] {processor.py:208} INFO - Processing /Users/ajlakorman/Desktop/Data-Mining-Projects/Apache_Airflow/venv/lib/python3.10/site-packages/airflow/example_dags/example_dag_decorator.py took 0.302 seconds
[2025-02-20T14:06:24.114+0100] {processor.py:186} INFO - Started process (PID=22555) to work on /Users/ajlakorman/Desktop/Data-Mining-Projects/Apache_Airflow/venv/lib/python3.10/site-packages/airflow/example_dags/example_dag_decorator.py
[2025-02-20T14:06:24.116+0100] {processor.py:914} INFO - Processing file /Users/ajlakorman/Desktop/Data-Mining-Projects/Apache_Airflow/venv/lib/python3.10/site-packages/airflow/example_dags/example_dag_decorator.py for tasks to queue
[2025-02-20T14:06:24.116+0100] {logging_mixin.py:190} INFO - [2025-02-20T14:06:24.116+0100] {dagbag.py:588} INFO - Filling up the DagBag from /Users/ajlakorman/Desktop/Data-Mining-Projects/Apache_Airflow/venv/lib/python3.10/site-packages/airflow/example_dags/example_dag_decorator.py
[2025-02-20T14:06:24.223+0100] {processor.py:925} INFO - DAG(s) 'example_dag_decorator' retrieved from /Users/ajlakorman/Desktop/Data-Mining-Projects/Apache_Airflow/venv/lib/python3.10/site-packages/airflow/example_dags/example_dag_decorator.py
[2025-02-20T14:06:24.311+0100] {logging_mixin.py:190} INFO - [2025-02-20T14:06:24.310+0100] {dag.py:3239} INFO - Sync 1 DAGs
[2025-02-20T14:06:24.314+0100] {logging_mixin.py:190} INFO - [2025-02-20T14:06:24.314+0100] {dag.py:4180} INFO - Setting next_dagrun for example_dag_decorator to None, run_after=None
[2025-02-20T14:06:24.322+0100] {processor.py:208} INFO - Processing /Users/ajlakorman/Desktop/Data-Mining-Projects/Apache_Airflow/venv/lib/python3.10/site-packages/airflow/example_dags/example_dag_decorator.py took 0.209 seconds
[2025-02-20T14:09:26.509+0100] {processor.py:186} INFO - Started process (PID=22927) to work on /Users/ajlakorman/Desktop/Data-Mining-Projects/Apache_Airflow/venv/lib/python3.10/site-packages/airflow/example_dags/example_dag_decorator.py
[2025-02-20T14:09:26.509+0100] {processor.py:914} INFO - Processing file /Users/ajlakorman/Desktop/Data-Mining-Projects/Apache_Airflow/venv/lib/python3.10/site-packages/airflow/example_dags/example_dag_decorator.py for tasks to queue
[2025-02-20T14:09:26.510+0100] {logging_mixin.py:190} INFO - [2025-02-20T14:09:26.510+0100] {dagbag.py:588} INFO - Filling up the DagBag from /Users/ajlakorman/Desktop/Data-Mining-Projects/Apache_Airflow/venv/lib/python3.10/site-packages/airflow/example_dags/example_dag_decorator.py
[2025-02-20T14:09:26.675+0100] {processor.py:925} INFO - DAG(s) 'example_dag_decorator' retrieved from /Users/ajlakorman/Desktop/Data-Mining-Projects/Apache_Airflow/venv/lib/python3.10/site-packages/airflow/example_dags/example_dag_decorator.py
[2025-02-20T14:09:26.757+0100] {logging_mixin.py:190} INFO - [2025-02-20T14:09:26.757+0100] {dag.py:3239} INFO - Sync 1 DAGs
[2025-02-20T14:09:26.760+0100] {logging_mixin.py:190} INFO - [2025-02-20T14:09:26.760+0100] {dag.py:4180} INFO - Setting next_dagrun for example_dag_decorator to None, run_after=None
[2025-02-20T14:09:26.768+0100] {processor.py:208} INFO - Processing /Users/ajlakorman/Desktop/Data-Mining-Projects/Apache_Airflow/venv/lib/python3.10/site-packages/airflow/example_dags/example_dag_decorator.py took 0.260 seconds
[2025-02-20T14:12:24.389+0100] {processor.py:186} INFO - Started process (PID=23328) to work on /Users/ajlakorman/Desktop/Data-Mining-Projects/Apache_Airflow/venv/lib/python3.10/site-packages/airflow/example_dags/example_dag_decorator.py
[2025-02-20T14:12:24.394+0100] {processor.py:914} INFO - Processing file /Users/ajlakorman/Desktop/Data-Mining-Projects/Apache_Airflow/venv/lib/python3.10/site-packages/airflow/example_dags/example_dag_decorator.py for tasks to queue
[2025-02-20T14:12:24.395+0100] {logging_mixin.py:190} INFO - [2025-02-20T14:12:24.395+0100] {dagbag.py:588} INFO - Filling up the DagBag from /Users/ajlakorman/Desktop/Data-Mining-Projects/Apache_Airflow/venv/lib/python3.10/site-packages/airflow/example_dags/example_dag_decorator.py
[2025-02-20T14:12:24.667+0100] {processor.py:925} INFO - DAG(s) 'example_dag_decorator' retrieved from /Users/ajlakorman/Desktop/Data-Mining-Projects/Apache_Airflow/venv/lib/python3.10/site-packages/airflow/example_dags/example_dag_decorator.py
[2025-02-20T14:12:24.800+0100] {logging_mixin.py:190} INFO - [2025-02-20T14:12:24.800+0100] {dag.py:3239} INFO - Sync 1 DAGs
[2025-02-20T14:12:24.807+0100] {logging_mixin.py:190} INFO - [2025-02-20T14:12:24.806+0100] {dag.py:4180} INFO - Setting next_dagrun for example_dag_decorator to None, run_after=None
[2025-02-20T14:12:24.816+0100] {processor.py:208} INFO - Processing /Users/ajlakorman/Desktop/Data-Mining-Projects/Apache_Airflow/venv/lib/python3.10/site-packages/airflow/example_dags/example_dag_decorator.py took 0.434 seconds
[2025-02-20T14:15:26.848+0100] {processor.py:186} INFO - Started process (PID=23658) to work on /Users/ajlakorman/Desktop/Data-Mining-Projects/Apache_Airflow/venv/lib/python3.10/site-packages/airflow/example_dags/example_dag_decorator.py
[2025-02-20T14:15:26.849+0100] {processor.py:914} INFO - Processing file /Users/ajlakorman/Desktop/Data-Mining-Projects/Apache_Airflow/venv/lib/python3.10/site-packages/airflow/example_dags/example_dag_decorator.py for tasks to queue
[2025-02-20T14:15:26.849+0100] {logging_mixin.py:190} INFO - [2025-02-20T14:15:26.849+0100] {dagbag.py:588} INFO - Filling up the DagBag from /Users/ajlakorman/Desktop/Data-Mining-Projects/Apache_Airflow/venv/lib/python3.10/site-packages/airflow/example_dags/example_dag_decorator.py
[2025-02-20T14:15:26.967+0100] {processor.py:925} INFO - DAG(s) 'example_dag_decorator' retrieved from /Users/ajlakorman/Desktop/Data-Mining-Projects/Apache_Airflow/venv/lib/python3.10/site-packages/airflow/example_dags/example_dag_decorator.py
[2025-02-20T14:15:27.048+0100] {logging_mixin.py:190} INFO - [2025-02-20T14:15:27.048+0100] {dag.py:3239} INFO - Sync 1 DAGs
[2025-02-20T14:15:27.052+0100] {logging_mixin.py:190} INFO - [2025-02-20T14:15:27.052+0100] {dag.py:4180} INFO - Setting next_dagrun for example_dag_decorator to None, run_after=None
[2025-02-20T14:15:27.059+0100] {processor.py:208} INFO - Processing /Users/ajlakorman/Desktop/Data-Mining-Projects/Apache_Airflow/venv/lib/python3.10/site-packages/airflow/example_dags/example_dag_decorator.py took 0.214 seconds
[2025-02-20T14:19:45.991+0100] {processor.py:186} INFO - Started process (PID=23895) to work on /Users/ajlakorman/Desktop/Data-Mining-Projects/Apache_Airflow/venv/lib/python3.10/site-packages/airflow/example_dags/example_dag_decorator.py
[2025-02-20T14:19:45.992+0100] {processor.py:914} INFO - Processing file /Users/ajlakorman/Desktop/Data-Mining-Projects/Apache_Airflow/venv/lib/python3.10/site-packages/airflow/example_dags/example_dag_decorator.py for tasks to queue
[2025-02-20T14:19:45.992+0100] {logging_mixin.py:190} INFO - [2025-02-20T14:19:45.992+0100] {dagbag.py:588} INFO - Filling up the DagBag from /Users/ajlakorman/Desktop/Data-Mining-Projects/Apache_Airflow/venv/lib/python3.10/site-packages/airflow/example_dags/example_dag_decorator.py
[2025-02-20T14:19:46.103+0100] {processor.py:925} INFO - DAG(s) 'example_dag_decorator' retrieved from /Users/ajlakorman/Desktop/Data-Mining-Projects/Apache_Airflow/venv/lib/python3.10/site-packages/airflow/example_dags/example_dag_decorator.py
[2025-02-20T14:19:46.184+0100] {logging_mixin.py:190} INFO - [2025-02-20T14:19:46.184+0100] {dag.py:3239} INFO - Sync 1 DAGs
[2025-02-20T14:19:46.188+0100] {logging_mixin.py:190} INFO - [2025-02-20T14:19:46.188+0100] {dag.py:4180} INFO - Setting next_dagrun for example_dag_decorator to None, run_after=None
[2025-02-20T14:19:46.194+0100] {processor.py:208} INFO - Processing /Users/ajlakorman/Desktop/Data-Mining-Projects/Apache_Airflow/venv/lib/python3.10/site-packages/airflow/example_dags/example_dag_decorator.py took 0.205 seconds
