[2025-02-20T10:52:53.782+0100] {processor.py:186} INFO - Started process (PID=6276) to work on /Users/ajlakorman/Desktop/Data-Mining-Projects/Apache_Airflow/venv/lib/python3.10/site-packages/airflow/example_dags/example_latest_only_with_trigger.py
[2025-02-20T10:52:53.783+0100] {processor.py:914} INFO - Processing file /Users/ajlakorman/Desktop/Data-Mining-Projects/Apache_Airflow/venv/lib/python3.10/site-packages/airflow/example_dags/example_latest_only_with_trigger.py for tasks to queue
[2025-02-20T10:52:53.783+0100] {logging_mixin.py:190} INFO - [2025-02-20T10:52:53.783+0100] {dagbag.py:588} INFO - Filling up the DagBag from /Users/ajlakorman/Desktop/Data-Mining-Projects/Apache_Airflow/venv/lib/python3.10/site-packages/airflow/example_dags/example_latest_only_with_trigger.py
[2025-02-20T10:52:53.787+0100] {processor.py:925} INFO - DAG(s) 'latest_only_with_trigger' retrieved from /Users/ajlakorman/Desktop/Data-Mining-Projects/Apache_Airflow/venv/lib/python3.10/site-packages/airflow/example_dags/example_latest_only_with_trigger.py
[2025-02-20T10:52:53.886+0100] {logging_mixin.py:190} INFO - [2025-02-20T10:52:53.886+0100] {override.py:1912} INFO - Created Permission View: can delete on DAG:latest_only_with_trigger
[2025-02-20T10:52:53.890+0100] {logging_mixin.py:190} INFO - [2025-02-20T10:52:53.889+0100] {override.py:1912} INFO - Created Permission View: can edit on DAG:latest_only_with_trigger
[2025-02-20T10:52:53.892+0100] {logging_mixin.py:190} INFO - [2025-02-20T10:52:53.892+0100] {override.py:1912} INFO - Created Permission View: can read on DAG:latest_only_with_trigger
[2025-02-20T10:52:53.895+0100] {logging_mixin.py:190} INFO - [2025-02-20T10:52:53.895+0100] {override.py:1912} INFO - Created Permission View: menu access on DAG Run:latest_only_with_trigger
[2025-02-20T10:52:53.897+0100] {logging_mixin.py:190} INFO - [2025-02-20T10:52:53.897+0100] {override.py:1912} INFO - Created Permission View: can create on DAG Run:latest_only_with_trigger
[2025-02-20T10:52:53.899+0100] {logging_mixin.py:190} INFO - [2025-02-20T10:52:53.899+0100] {override.py:1912} INFO - Created Permission View: can delete on DAG Run:latest_only_with_trigger
[2025-02-20T10:52:53.901+0100] {logging_mixin.py:190} INFO - [2025-02-20T10:52:53.901+0100] {override.py:1912} INFO - Created Permission View: can read on DAG Run:latest_only_with_trigger
[2025-02-20T10:52:53.901+0100] {logging_mixin.py:190} INFO - [2025-02-20T10:52:53.901+0100] {dag.py:3239} INFO - Sync 1 DAGs
[2025-02-20T10:52:53.906+0100] {logging_mixin.py:190} INFO - [2025-02-20T10:52:53.905+0100] {dag.py:3262} INFO - Creating ORM DAG for latest_only_with_trigger
[2025-02-20T10:52:53.909+0100] {logging_mixin.py:190} INFO - [2025-02-20T10:52:53.908+0100] {dag.py:4180} INFO - Setting next_dagrun for latest_only_with_trigger to 2025-02-20 04:00:00+00:00, run_after=2025-02-20 08:00:00+00:00
[2025-02-20T10:52:53.915+0100] {processor.py:208} INFO - Processing /Users/ajlakorman/Desktop/Data-Mining-Projects/Apache_Airflow/venv/lib/python3.10/site-packages/airflow/example_dags/example_latest_only_with_trigger.py took 0.134 seconds
[2025-02-20T10:54:42.911+0100] {processor.py:186} INFO - Started process (PID=6580) to work on /Users/ajlakorman/Desktop/Data-Mining-Projects/Apache_Airflow/venv/lib/python3.10/site-packages/airflow/example_dags/example_latest_only_with_trigger.py
[2025-02-20T10:54:42.917+0100] {processor.py:914} INFO - Processing file /Users/ajlakorman/Desktop/Data-Mining-Projects/Apache_Airflow/venv/lib/python3.10/site-packages/airflow/example_dags/example_latest_only_with_trigger.py for tasks to queue
[2025-02-20T10:54:42.918+0100] {logging_mixin.py:190} INFO - [2025-02-20T10:54:42.918+0100] {dagbag.py:588} INFO - Filling up the DagBag from /Users/ajlakorman/Desktop/Data-Mining-Projects/Apache_Airflow/venv/lib/python3.10/site-packages/airflow/example_dags/example_latest_only_with_trigger.py
[2025-02-20T10:54:42.922+0100] {processor.py:925} INFO - DAG(s) 'latest_only_with_trigger' retrieved from /Users/ajlakorman/Desktop/Data-Mining-Projects/Apache_Airflow/venv/lib/python3.10/site-packages/airflow/example_dags/example_latest_only_with_trigger.py
[2025-02-20T10:54:42.990+0100] {logging_mixin.py:190} INFO - [2025-02-20T10:54:42.990+0100] {dag.py:3239} INFO - Sync 1 DAGs
[2025-02-20T10:54:42.996+0100] {logging_mixin.py:190} INFO - [2025-02-20T10:54:42.996+0100] {dag.py:4180} INFO - Setting next_dagrun for latest_only_with_trigger to 2025-02-20 04:00:00+00:00, run_after=2025-02-20 08:00:00+00:00
[2025-02-20T10:54:43.004+0100] {processor.py:208} INFO - Processing /Users/ajlakorman/Desktop/Data-Mining-Projects/Apache_Airflow/venv/lib/python3.10/site-packages/airflow/example_dags/example_latest_only_with_trigger.py took 0.094 seconds
[2025-02-20T10:57:17.990+0100] {processor.py:186} INFO - Started process (PID=6878) to work on /Users/ajlakorman/Desktop/Data-Mining-Projects/Apache_Airflow/venv/lib/python3.10/site-packages/airflow/example_dags/example_latest_only_with_trigger.py
[2025-02-20T10:57:17.992+0100] {processor.py:914} INFO - Processing file /Users/ajlakorman/Desktop/Data-Mining-Projects/Apache_Airflow/venv/lib/python3.10/site-packages/airflow/example_dags/example_latest_only_with_trigger.py for tasks to queue
[2025-02-20T10:57:17.992+0100] {logging_mixin.py:190} INFO - [2025-02-20T10:57:17.992+0100] {dagbag.py:588} INFO - Filling up the DagBag from /Users/ajlakorman/Desktop/Data-Mining-Projects/Apache_Airflow/venv/lib/python3.10/site-packages/airflow/example_dags/example_latest_only_with_trigger.py
[2025-02-20T10:57:18.008+0100] {processor.py:925} INFO - DAG(s) 'latest_only_with_trigger' retrieved from /Users/ajlakorman/Desktop/Data-Mining-Projects/Apache_Airflow/venv/lib/python3.10/site-packages/airflow/example_dags/example_latest_only_with_trigger.py
[2025-02-20T10:57:18.261+0100] {logging_mixin.py:190} INFO - [2025-02-20T10:57:18.261+0100] {dag.py:3239} INFO - Sync 1 DAGs
[2025-02-20T10:57:18.305+0100] {logging_mixin.py:190} INFO - [2025-02-20T10:57:18.305+0100] {dag.py:4180} INFO - Setting next_dagrun for latest_only_with_trigger to 2025-02-20 04:00:00+00:00, run_after=2025-02-20 08:00:00+00:00
[2025-02-20T10:57:18.315+0100] {processor.py:208} INFO - Processing /Users/ajlakorman/Desktop/Data-Mining-Projects/Apache_Airflow/venv/lib/python3.10/site-packages/airflow/example_dags/example_latest_only_with_trigger.py took 0.329 seconds
[2025-02-20T11:00:04.857+0100] {processor.py:186} INFO - Started process (PID=7202) to work on /Users/ajlakorman/Desktop/Data-Mining-Projects/Apache_Airflow/venv/lib/python3.10/site-packages/airflow/example_dags/example_latest_only_with_trigger.py
[2025-02-20T11:00:04.857+0100] {processor.py:914} INFO - Processing file /Users/ajlakorman/Desktop/Data-Mining-Projects/Apache_Airflow/venv/lib/python3.10/site-packages/airflow/example_dags/example_latest_only_with_trigger.py for tasks to queue
[2025-02-20T11:00:04.858+0100] {logging_mixin.py:190} INFO - [2025-02-20T11:00:04.858+0100] {dagbag.py:588} INFO - Filling up the DagBag from /Users/ajlakorman/Desktop/Data-Mining-Projects/Apache_Airflow/venv/lib/python3.10/site-packages/airflow/example_dags/example_latest_only_with_trigger.py
[2025-02-20T11:00:04.863+0100] {processor.py:925} INFO - DAG(s) 'latest_only_with_trigger' retrieved from /Users/ajlakorman/Desktop/Data-Mining-Projects/Apache_Airflow/venv/lib/python3.10/site-packages/airflow/example_dags/example_latest_only_with_trigger.py
[2025-02-20T11:00:04.931+0100] {logging_mixin.py:190} INFO - [2025-02-20T11:00:04.930+0100] {dag.py:3239} INFO - Sync 1 DAGs
[2025-02-20T11:00:04.947+0100] {logging_mixin.py:190} INFO - [2025-02-20T11:00:04.946+0100] {dag.py:4180} INFO - Setting next_dagrun for latest_only_with_trigger to 2025-02-20 04:00:00+00:00, run_after=2025-02-20 08:00:00+00:00
[2025-02-20T11:00:04.961+0100] {processor.py:208} INFO - Processing /Users/ajlakorman/Desktop/Data-Mining-Projects/Apache_Airflow/venv/lib/python3.10/site-packages/airflow/example_dags/example_latest_only_with_trigger.py took 0.106 seconds
[2025-02-20T11:02:31.704+0100] {processor.py:186} INFO - Started process (PID=7477) to work on /Users/ajlakorman/Desktop/Data-Mining-Projects/Apache_Airflow/venv/lib/python3.10/site-packages/airflow/example_dags/example_latest_only_with_trigger.py
[2025-02-20T11:02:31.705+0100] {processor.py:914} INFO - Processing file /Users/ajlakorman/Desktop/Data-Mining-Projects/Apache_Airflow/venv/lib/python3.10/site-packages/airflow/example_dags/example_latest_only_with_trigger.py for tasks to queue
[2025-02-20T11:02:31.705+0100] {logging_mixin.py:190} INFO - [2025-02-20T11:02:31.705+0100] {dagbag.py:588} INFO - Filling up the DagBag from /Users/ajlakorman/Desktop/Data-Mining-Projects/Apache_Airflow/venv/lib/python3.10/site-packages/airflow/example_dags/example_latest_only_with_trigger.py
[2025-02-20T11:02:31.709+0100] {processor.py:925} INFO - DAG(s) 'latest_only_with_trigger' retrieved from /Users/ajlakorman/Desktop/Data-Mining-Projects/Apache_Airflow/venv/lib/python3.10/site-packages/airflow/example_dags/example_latest_only_with_trigger.py
[2025-02-20T11:02:31.775+0100] {logging_mixin.py:190} INFO - [2025-02-20T11:02:31.775+0100] {dag.py:3239} INFO - Sync 1 DAGs
[2025-02-20T11:02:31.781+0100] {logging_mixin.py:190} INFO - [2025-02-20T11:02:31.781+0100] {dag.py:4180} INFO - Setting next_dagrun for latest_only_with_trigger to 2025-02-20 04:00:00+00:00, run_after=2025-02-20 08:00:00+00:00
[2025-02-20T11:02:31.789+0100] {processor.py:208} INFO - Processing /Users/ajlakorman/Desktop/Data-Mining-Projects/Apache_Airflow/venv/lib/python3.10/site-packages/airflow/example_dags/example_latest_only_with_trigger.py took 0.087 seconds
[2025-02-20T11:04:49.281+0100] {processor.py:186} INFO - Started process (PID=7750) to work on /Users/ajlakorman/Desktop/Data-Mining-Projects/Apache_Airflow/venv/lib/python3.10/site-packages/airflow/example_dags/example_latest_only_with_trigger.py
[2025-02-20T11:04:49.283+0100] {processor.py:914} INFO - Processing file /Users/ajlakorman/Desktop/Data-Mining-Projects/Apache_Airflow/venv/lib/python3.10/site-packages/airflow/example_dags/example_latest_only_with_trigger.py for tasks to queue
[2025-02-20T11:04:49.283+0100] {logging_mixin.py:190} INFO - [2025-02-20T11:04:49.283+0100] {dagbag.py:588} INFO - Filling up the DagBag from /Users/ajlakorman/Desktop/Data-Mining-Projects/Apache_Airflow/venv/lib/python3.10/site-packages/airflow/example_dags/example_latest_only_with_trigger.py
[2025-02-20T11:04:49.287+0100] {processor.py:925} INFO - DAG(s) 'latest_only_with_trigger' retrieved from /Users/ajlakorman/Desktop/Data-Mining-Projects/Apache_Airflow/venv/lib/python3.10/site-packages/airflow/example_dags/example_latest_only_with_trigger.py
[2025-02-20T11:04:49.351+0100] {logging_mixin.py:190} INFO - [2025-02-20T11:04:49.351+0100] {dag.py:3239} INFO - Sync 1 DAGs
[2025-02-20T11:04:49.358+0100] {logging_mixin.py:190} INFO - [2025-02-20T11:04:49.358+0100] {dag.py:4180} INFO - Setting next_dagrun for latest_only_with_trigger to 2025-02-20 04:00:00+00:00, run_after=2025-02-20 08:00:00+00:00
[2025-02-20T11:04:49.365+0100] {processor.py:208} INFO - Processing /Users/ajlakorman/Desktop/Data-Mining-Projects/Apache_Airflow/venv/lib/python3.10/site-packages/airflow/example_dags/example_latest_only_with_trigger.py took 0.085 seconds
[2025-02-20T11:07:09.787+0100] {processor.py:186} INFO - Started process (PID=8073) to work on /Users/ajlakorman/Desktop/Data-Mining-Projects/Apache_Airflow/venv/lib/python3.10/site-packages/airflow/example_dags/example_latest_only_with_trigger.py
[2025-02-20T11:07:09.788+0100] {processor.py:914} INFO - Processing file /Users/ajlakorman/Desktop/Data-Mining-Projects/Apache_Airflow/venv/lib/python3.10/site-packages/airflow/example_dags/example_latest_only_with_trigger.py for tasks to queue
[2025-02-20T11:07:09.789+0100] {logging_mixin.py:190} INFO - [2025-02-20T11:07:09.788+0100] {dagbag.py:588} INFO - Filling up the DagBag from /Users/ajlakorman/Desktop/Data-Mining-Projects/Apache_Airflow/venv/lib/python3.10/site-packages/airflow/example_dags/example_latest_only_with_trigger.py
[2025-02-20T11:07:09.792+0100] {processor.py:925} INFO - DAG(s) 'latest_only_with_trigger' retrieved from /Users/ajlakorman/Desktop/Data-Mining-Projects/Apache_Airflow/venv/lib/python3.10/site-packages/airflow/example_dags/example_latest_only_with_trigger.py
[2025-02-20T11:07:09.857+0100] {logging_mixin.py:190} INFO - [2025-02-20T11:07:09.857+0100] {dag.py:3239} INFO - Sync 1 DAGs
[2025-02-20T11:07:09.864+0100] {logging_mixin.py:190} INFO - [2025-02-20T11:07:09.864+0100] {dag.py:4180} INFO - Setting next_dagrun for latest_only_with_trigger to 2025-02-20 04:00:00+00:00, run_after=2025-02-20 08:00:00+00:00
[2025-02-20T11:07:09.871+0100] {processor.py:208} INFO - Processing /Users/ajlakorman/Desktop/Data-Mining-Projects/Apache_Airflow/venv/lib/python3.10/site-packages/airflow/example_dags/example_latest_only_with_trigger.py took 0.085 seconds
[2025-02-20T11:09:28.020+0100] {processor.py:186} INFO - Started process (PID=8306) to work on /Users/ajlakorman/Desktop/Data-Mining-Projects/Apache_Airflow/venv/lib/python3.10/site-packages/airflow/example_dags/example_latest_only_with_trigger.py
[2025-02-20T11:09:28.021+0100] {processor.py:914} INFO - Processing file /Users/ajlakorman/Desktop/Data-Mining-Projects/Apache_Airflow/venv/lib/python3.10/site-packages/airflow/example_dags/example_latest_only_with_trigger.py for tasks to queue
[2025-02-20T11:09:28.022+0100] {logging_mixin.py:190} INFO - [2025-02-20T11:09:28.021+0100] {dagbag.py:588} INFO - Filling up the DagBag from /Users/ajlakorman/Desktop/Data-Mining-Projects/Apache_Airflow/venv/lib/python3.10/site-packages/airflow/example_dags/example_latest_only_with_trigger.py
[2025-02-20T11:09:28.025+0100] {processor.py:925} INFO - DAG(s) 'latest_only_with_trigger' retrieved from /Users/ajlakorman/Desktop/Data-Mining-Projects/Apache_Airflow/venv/lib/python3.10/site-packages/airflow/example_dags/example_latest_only_with_trigger.py
[2025-02-20T11:09:28.089+0100] {logging_mixin.py:190} INFO - [2025-02-20T11:09:28.089+0100] {dag.py:3239} INFO - Sync 1 DAGs
[2025-02-20T11:09:28.096+0100] {logging_mixin.py:190} INFO - [2025-02-20T11:09:28.096+0100] {dag.py:4180} INFO - Setting next_dagrun for latest_only_with_trigger to 2025-02-20 04:00:00+00:00, run_after=2025-02-20 08:00:00+00:00
[2025-02-20T11:09:28.103+0100] {processor.py:208} INFO - Processing /Users/ajlakorman/Desktop/Data-Mining-Projects/Apache_Airflow/venv/lib/python3.10/site-packages/airflow/example_dags/example_latest_only_with_trigger.py took 0.085 seconds
[2025-02-20T11:11:46.865+0100] {processor.py:186} INFO - Started process (PID=8581) to work on /Users/ajlakorman/Desktop/Data-Mining-Projects/Apache_Airflow/venv/lib/python3.10/site-packages/airflow/example_dags/example_latest_only_with_trigger.py
[2025-02-20T11:11:46.867+0100] {processor.py:914} INFO - Processing file /Users/ajlakorman/Desktop/Data-Mining-Projects/Apache_Airflow/venv/lib/python3.10/site-packages/airflow/example_dags/example_latest_only_with_trigger.py for tasks to queue
[2025-02-20T11:11:46.867+0100] {logging_mixin.py:190} INFO - [2025-02-20T11:11:46.867+0100] {dagbag.py:588} INFO - Filling up the DagBag from /Users/ajlakorman/Desktop/Data-Mining-Projects/Apache_Airflow/venv/lib/python3.10/site-packages/airflow/example_dags/example_latest_only_with_trigger.py
[2025-02-20T11:11:46.872+0100] {processor.py:925} INFO - DAG(s) 'latest_only_with_trigger' retrieved from /Users/ajlakorman/Desktop/Data-Mining-Projects/Apache_Airflow/venv/lib/python3.10/site-packages/airflow/example_dags/example_latest_only_with_trigger.py
[2025-02-20T11:11:46.935+0100] {logging_mixin.py:190} INFO - [2025-02-20T11:11:46.935+0100] {dag.py:3239} INFO - Sync 1 DAGs
[2025-02-20T11:11:46.942+0100] {logging_mixin.py:190} INFO - [2025-02-20T11:11:46.942+0100] {dag.py:4180} INFO - Setting next_dagrun for latest_only_with_trigger to 2025-02-20 04:00:00+00:00, run_after=2025-02-20 08:00:00+00:00
[2025-02-20T11:11:46.949+0100] {processor.py:208} INFO - Processing /Users/ajlakorman/Desktop/Data-Mining-Projects/Apache_Airflow/venv/lib/python3.10/site-packages/airflow/example_dags/example_latest_only_with_trigger.py took 0.085 seconds
[2025-02-20T11:14:07.959+0100] {processor.py:186} INFO - Started process (PID=8830) to work on /Users/ajlakorman/Desktop/Data-Mining-Projects/Apache_Airflow/venv/lib/python3.10/site-packages/airflow/example_dags/example_latest_only_with_trigger.py
[2025-02-20T11:14:07.960+0100] {processor.py:914} INFO - Processing file /Users/ajlakorman/Desktop/Data-Mining-Projects/Apache_Airflow/venv/lib/python3.10/site-packages/airflow/example_dags/example_latest_only_with_trigger.py for tasks to queue
[2025-02-20T11:14:07.961+0100] {logging_mixin.py:190} INFO - [2025-02-20T11:14:07.961+0100] {dagbag.py:588} INFO - Filling up the DagBag from /Users/ajlakorman/Desktop/Data-Mining-Projects/Apache_Airflow/venv/lib/python3.10/site-packages/airflow/example_dags/example_latest_only_with_trigger.py
[2025-02-20T11:14:07.964+0100] {processor.py:925} INFO - DAG(s) 'latest_only_with_trigger' retrieved from /Users/ajlakorman/Desktop/Data-Mining-Projects/Apache_Airflow/venv/lib/python3.10/site-packages/airflow/example_dags/example_latest_only_with_trigger.py
[2025-02-20T11:14:08.030+0100] {logging_mixin.py:190} INFO - [2025-02-20T11:14:08.030+0100] {dag.py:3239} INFO - Sync 1 DAGs
[2025-02-20T11:14:08.039+0100] {logging_mixin.py:190} INFO - [2025-02-20T11:14:08.039+0100] {dag.py:4180} INFO - Setting next_dagrun for latest_only_with_trigger to 2025-02-20 04:00:00+00:00, run_after=2025-02-20 08:00:00+00:00
[2025-02-20T11:14:08.047+0100] {processor.py:208} INFO - Processing /Users/ajlakorman/Desktop/Data-Mining-Projects/Apache_Airflow/venv/lib/python3.10/site-packages/airflow/example_dags/example_latest_only_with_trigger.py took 0.089 seconds
[2025-02-20T11:16:34.519+0100] {processor.py:186} INFO - Started process (PID=9087) to work on /Users/ajlakorman/Desktop/Data-Mining-Projects/Apache_Airflow/venv/lib/python3.10/site-packages/airflow/example_dags/example_latest_only_with_trigger.py
[2025-02-20T11:16:34.519+0100] {processor.py:914} INFO - Processing file /Users/ajlakorman/Desktop/Data-Mining-Projects/Apache_Airflow/venv/lib/python3.10/site-packages/airflow/example_dags/example_latest_only_with_trigger.py for tasks to queue
[2025-02-20T11:16:34.520+0100] {logging_mixin.py:190} INFO - [2025-02-20T11:16:34.520+0100] {dagbag.py:588} INFO - Filling up the DagBag from /Users/ajlakorman/Desktop/Data-Mining-Projects/Apache_Airflow/venv/lib/python3.10/site-packages/airflow/example_dags/example_latest_only_with_trigger.py
[2025-02-20T11:16:34.523+0100] {processor.py:925} INFO - DAG(s) 'latest_only_with_trigger' retrieved from /Users/ajlakorman/Desktop/Data-Mining-Projects/Apache_Airflow/venv/lib/python3.10/site-packages/airflow/example_dags/example_latest_only_with_trigger.py
[2025-02-20T11:16:34.590+0100] {logging_mixin.py:190} INFO - [2025-02-20T11:16:34.590+0100] {dag.py:3239} INFO - Sync 1 DAGs
[2025-02-20T11:16:34.598+0100] {logging_mixin.py:190} INFO - [2025-02-20T11:16:34.598+0100] {dag.py:4180} INFO - Setting next_dagrun for latest_only_with_trigger to 2025-02-20 04:00:00+00:00, run_after=2025-02-20 08:00:00+00:00
[2025-02-20T11:16:34.606+0100] {processor.py:208} INFO - Processing /Users/ajlakorman/Desktop/Data-Mining-Projects/Apache_Airflow/venv/lib/python3.10/site-packages/airflow/example_dags/example_latest_only_with_trigger.py took 0.089 seconds
[2025-02-20T11:18:58.459+0100] {processor.py:186} INFO - Started process (PID=9471) to work on /Users/ajlakorman/Desktop/Data-Mining-Projects/Apache_Airflow/venv/lib/python3.10/site-packages/airflow/example_dags/example_latest_only_with_trigger.py
[2025-02-20T11:18:58.459+0100] {processor.py:914} INFO - Processing file /Users/ajlakorman/Desktop/Data-Mining-Projects/Apache_Airflow/venv/lib/python3.10/site-packages/airflow/example_dags/example_latest_only_with_trigger.py for tasks to queue
[2025-02-20T11:18:58.460+0100] {logging_mixin.py:190} INFO - [2025-02-20T11:18:58.460+0100] {dagbag.py:588} INFO - Filling up the DagBag from /Users/ajlakorman/Desktop/Data-Mining-Projects/Apache_Airflow/venv/lib/python3.10/site-packages/airflow/example_dags/example_latest_only_with_trigger.py
[2025-02-20T11:18:58.465+0100] {processor.py:925} INFO - DAG(s) 'latest_only_with_trigger' retrieved from /Users/ajlakorman/Desktop/Data-Mining-Projects/Apache_Airflow/venv/lib/python3.10/site-packages/airflow/example_dags/example_latest_only_with_trigger.py
[2025-02-20T11:18:58.718+0100] {logging_mixin.py:190} INFO - [2025-02-20T11:18:58.717+0100] {dag.py:3239} INFO - Sync 1 DAGs
[2025-02-20T11:18:58.725+0100] {logging_mixin.py:190} INFO - [2025-02-20T11:18:58.725+0100] {dag.py:4180} INFO - Setting next_dagrun for latest_only_with_trigger to 2025-02-20 04:00:00+00:00, run_after=2025-02-20 08:00:00+00:00
[2025-02-20T11:18:58.733+0100] {processor.py:208} INFO - Processing /Users/ajlakorman/Desktop/Data-Mining-Projects/Apache_Airflow/venv/lib/python3.10/site-packages/airflow/example_dags/example_latest_only_with_trigger.py took 0.277 seconds
[2025-02-20T11:21:26.628+0100] {processor.py:186} INFO - Started process (PID=9764) to work on /Users/ajlakorman/Desktop/Data-Mining-Projects/Apache_Airflow/venv/lib/python3.10/site-packages/airflow/example_dags/example_latest_only_with_trigger.py
[2025-02-20T11:21:26.629+0100] {processor.py:914} INFO - Processing file /Users/ajlakorman/Desktop/Data-Mining-Projects/Apache_Airflow/venv/lib/python3.10/site-packages/airflow/example_dags/example_latest_only_with_trigger.py for tasks to queue
[2025-02-20T11:21:26.630+0100] {logging_mixin.py:190} INFO - [2025-02-20T11:21:26.629+0100] {dagbag.py:588} INFO - Filling up the DagBag from /Users/ajlakorman/Desktop/Data-Mining-Projects/Apache_Airflow/venv/lib/python3.10/site-packages/airflow/example_dags/example_latest_only_with_trigger.py
[2025-02-20T11:21:26.633+0100] {processor.py:925} INFO - DAG(s) 'latest_only_with_trigger' retrieved from /Users/ajlakorman/Desktop/Data-Mining-Projects/Apache_Airflow/venv/lib/python3.10/site-packages/airflow/example_dags/example_latest_only_with_trigger.py
[2025-02-20T11:21:26.697+0100] {logging_mixin.py:190} INFO - [2025-02-20T11:21:26.697+0100] {dag.py:3239} INFO - Sync 1 DAGs
[2025-02-20T11:21:26.704+0100] {logging_mixin.py:190} INFO - [2025-02-20T11:21:26.704+0100] {dag.py:4180} INFO - Setting next_dagrun for latest_only_with_trigger to 2025-02-20 04:00:00+00:00, run_after=2025-02-20 08:00:00+00:00
[2025-02-20T11:21:26.711+0100] {processor.py:208} INFO - Processing /Users/ajlakorman/Desktop/Data-Mining-Projects/Apache_Airflow/venv/lib/python3.10/site-packages/airflow/example_dags/example_latest_only_with_trigger.py took 0.084 seconds
[2025-02-20T11:23:56.877+0100] {processor.py:186} INFO - Started process (PID=10017) to work on /Users/ajlakorman/Desktop/Data-Mining-Projects/Apache_Airflow/venv/lib/python3.10/site-packages/airflow/example_dags/example_latest_only_with_trigger.py
[2025-02-20T11:23:56.878+0100] {processor.py:914} INFO - Processing file /Users/ajlakorman/Desktop/Data-Mining-Projects/Apache_Airflow/venv/lib/python3.10/site-packages/airflow/example_dags/example_latest_only_with_trigger.py for tasks to queue
[2025-02-20T11:23:56.879+0100] {logging_mixin.py:190} INFO - [2025-02-20T11:23:56.878+0100] {dagbag.py:588} INFO - Filling up the DagBag from /Users/ajlakorman/Desktop/Data-Mining-Projects/Apache_Airflow/venv/lib/python3.10/site-packages/airflow/example_dags/example_latest_only_with_trigger.py
[2025-02-20T11:23:56.883+0100] {processor.py:925} INFO - DAG(s) 'latest_only_with_trigger' retrieved from /Users/ajlakorman/Desktop/Data-Mining-Projects/Apache_Airflow/venv/lib/python3.10/site-packages/airflow/example_dags/example_latest_only_with_trigger.py
[2025-02-20T11:23:56.951+0100] {logging_mixin.py:190} INFO - [2025-02-20T11:23:56.951+0100] {dag.py:3239} INFO - Sync 1 DAGs
[2025-02-20T11:23:56.958+0100] {logging_mixin.py:190} INFO - [2025-02-20T11:23:56.958+0100] {dag.py:4180} INFO - Setting next_dagrun for latest_only_with_trigger to 2025-02-20 04:00:00+00:00, run_after=2025-02-20 08:00:00+00:00
[2025-02-20T11:23:56.966+0100] {processor.py:208} INFO - Processing /Users/ajlakorman/Desktop/Data-Mining-Projects/Apache_Airflow/venv/lib/python3.10/site-packages/airflow/example_dags/example_latest_only_with_trigger.py took 0.090 seconds
[2025-02-20T11:26:24.760+0100] {processor.py:186} INFO - Started process (PID=10333) to work on /Users/ajlakorman/Desktop/Data-Mining-Projects/Apache_Airflow/venv/lib/python3.10/site-packages/airflow/example_dags/example_latest_only_with_trigger.py
[2025-02-20T11:26:24.761+0100] {processor.py:914} INFO - Processing file /Users/ajlakorman/Desktop/Data-Mining-Projects/Apache_Airflow/venv/lib/python3.10/site-packages/airflow/example_dags/example_latest_only_with_trigger.py for tasks to queue
[2025-02-20T11:26:24.761+0100] {logging_mixin.py:190} INFO - [2025-02-20T11:26:24.761+0100] {dagbag.py:588} INFO - Filling up the DagBag from /Users/ajlakorman/Desktop/Data-Mining-Projects/Apache_Airflow/venv/lib/python3.10/site-packages/airflow/example_dags/example_latest_only_with_trigger.py
[2025-02-20T11:26:24.766+0100] {processor.py:925} INFO - DAG(s) 'latest_only_with_trigger' retrieved from /Users/ajlakorman/Desktop/Data-Mining-Projects/Apache_Airflow/venv/lib/python3.10/site-packages/airflow/example_dags/example_latest_only_with_trigger.py
[2025-02-20T11:26:24.836+0100] {logging_mixin.py:190} INFO - [2025-02-20T11:26:24.836+0100] {dag.py:3239} INFO - Sync 1 DAGs
[2025-02-20T11:26:24.843+0100] {logging_mixin.py:190} INFO - [2025-02-20T11:26:24.843+0100] {dag.py:4180} INFO - Setting next_dagrun for latest_only_with_trigger to 2025-02-20 04:00:00+00:00, run_after=2025-02-20 08:00:00+00:00
[2025-02-20T11:26:24.850+0100] {processor.py:208} INFO - Processing /Users/ajlakorman/Desktop/Data-Mining-Projects/Apache_Airflow/venv/lib/python3.10/site-packages/airflow/example_dags/example_latest_only_with_trigger.py took 0.091 seconds
[2025-02-20T11:28:53.516+0100] {processor.py:186} INFO - Started process (PID=10634) to work on /Users/ajlakorman/Desktop/Data-Mining-Projects/Apache_Airflow/venv/lib/python3.10/site-packages/airflow/example_dags/example_latest_only_with_trigger.py
[2025-02-20T11:28:53.517+0100] {processor.py:914} INFO - Processing file /Users/ajlakorman/Desktop/Data-Mining-Projects/Apache_Airflow/venv/lib/python3.10/site-packages/airflow/example_dags/example_latest_only_with_trigger.py for tasks to queue
[2025-02-20T11:28:53.518+0100] {logging_mixin.py:190} INFO - [2025-02-20T11:28:53.518+0100] {dagbag.py:588} INFO - Filling up the DagBag from /Users/ajlakorman/Desktop/Data-Mining-Projects/Apache_Airflow/venv/lib/python3.10/site-packages/airflow/example_dags/example_latest_only_with_trigger.py
[2025-02-20T11:28:53.521+0100] {processor.py:925} INFO - DAG(s) 'latest_only_with_trigger' retrieved from /Users/ajlakorman/Desktop/Data-Mining-Projects/Apache_Airflow/venv/lib/python3.10/site-packages/airflow/example_dags/example_latest_only_with_trigger.py
[2025-02-20T11:28:53.588+0100] {logging_mixin.py:190} INFO - [2025-02-20T11:28:53.587+0100] {dag.py:3239} INFO - Sync 1 DAGs
[2025-02-20T11:28:53.595+0100] {logging_mixin.py:190} INFO - [2025-02-20T11:28:53.594+0100] {dag.py:4180} INFO - Setting next_dagrun for latest_only_with_trigger to 2025-02-20 04:00:00+00:00, run_after=2025-02-20 08:00:00+00:00
[2025-02-20T11:28:53.602+0100] {processor.py:208} INFO - Processing /Users/ajlakorman/Desktop/Data-Mining-Projects/Apache_Airflow/venv/lib/python3.10/site-packages/airflow/example_dags/example_latest_only_with_trigger.py took 0.087 seconds
[2025-02-20T11:31:22.947+0100] {processor.py:186} INFO - Started process (PID=10949) to work on /Users/ajlakorman/Desktop/Data-Mining-Projects/Apache_Airflow/venv/lib/python3.10/site-packages/airflow/example_dags/example_latest_only_with_trigger.py
[2025-02-20T11:31:22.948+0100] {processor.py:914} INFO - Processing file /Users/ajlakorman/Desktop/Data-Mining-Projects/Apache_Airflow/venv/lib/python3.10/site-packages/airflow/example_dags/example_latest_only_with_trigger.py for tasks to queue
[2025-02-20T11:31:22.948+0100] {logging_mixin.py:190} INFO - [2025-02-20T11:31:22.948+0100] {dagbag.py:588} INFO - Filling up the DagBag from /Users/ajlakorman/Desktop/Data-Mining-Projects/Apache_Airflow/venv/lib/python3.10/site-packages/airflow/example_dags/example_latest_only_with_trigger.py
[2025-02-20T11:31:22.952+0100] {processor.py:925} INFO - DAG(s) 'latest_only_with_trigger' retrieved from /Users/ajlakorman/Desktop/Data-Mining-Projects/Apache_Airflow/venv/lib/python3.10/site-packages/airflow/example_dags/example_latest_only_with_trigger.py
[2025-02-20T11:31:23.023+0100] {logging_mixin.py:190} INFO - [2025-02-20T11:31:23.023+0100] {dag.py:3239} INFO - Sync 1 DAGs
[2025-02-20T11:31:23.032+0100] {logging_mixin.py:190} INFO - [2025-02-20T11:31:23.032+0100] {dag.py:4180} INFO - Setting next_dagrun for latest_only_with_trigger to 2025-02-20 04:00:00+00:00, run_after=2025-02-20 08:00:00+00:00
[2025-02-20T11:31:23.041+0100] {processor.py:208} INFO - Processing /Users/ajlakorman/Desktop/Data-Mining-Projects/Apache_Airflow/venv/lib/python3.10/site-packages/airflow/example_dags/example_latest_only_with_trigger.py took 0.096 seconds
[2025-02-20T11:33:49.262+0100] {processor.py:186} INFO - Started process (PID=11179) to work on /Users/ajlakorman/Desktop/Data-Mining-Projects/Apache_Airflow/venv/lib/python3.10/site-packages/airflow/example_dags/example_latest_only_with_trigger.py
[2025-02-20T11:33:49.263+0100] {processor.py:914} INFO - Processing file /Users/ajlakorman/Desktop/Data-Mining-Projects/Apache_Airflow/venv/lib/python3.10/site-packages/airflow/example_dags/example_latest_only_with_trigger.py for tasks to queue
[2025-02-20T11:33:49.263+0100] {logging_mixin.py:190} INFO - [2025-02-20T11:33:49.263+0100] {dagbag.py:588} INFO - Filling up the DagBag from /Users/ajlakorman/Desktop/Data-Mining-Projects/Apache_Airflow/venv/lib/python3.10/site-packages/airflow/example_dags/example_latest_only_with_trigger.py
[2025-02-20T11:33:49.267+0100] {processor.py:925} INFO - DAG(s) 'latest_only_with_trigger' retrieved from /Users/ajlakorman/Desktop/Data-Mining-Projects/Apache_Airflow/venv/lib/python3.10/site-packages/airflow/example_dags/example_latest_only_with_trigger.py
[2025-02-20T11:33:49.333+0100] {logging_mixin.py:190} INFO - [2025-02-20T11:33:49.332+0100] {dag.py:3239} INFO - Sync 1 DAGs
[2025-02-20T11:33:49.339+0100] {logging_mixin.py:190} INFO - [2025-02-20T11:33:49.339+0100] {dag.py:4180} INFO - Setting next_dagrun for latest_only_with_trigger to 2025-02-20 04:00:00+00:00, run_after=2025-02-20 08:00:00+00:00
[2025-02-20T11:33:49.346+0100] {processor.py:208} INFO - Processing /Users/ajlakorman/Desktop/Data-Mining-Projects/Apache_Airflow/venv/lib/python3.10/site-packages/airflow/example_dags/example_latest_only_with_trigger.py took 0.086 seconds
[2025-02-20T11:36:17.544+0100] {processor.py:186} INFO - Started process (PID=11417) to work on /Users/ajlakorman/Desktop/Data-Mining-Projects/Apache_Airflow/venv/lib/python3.10/site-packages/airflow/example_dags/example_latest_only_with_trigger.py
[2025-02-20T11:36:17.545+0100] {processor.py:914} INFO - Processing file /Users/ajlakorman/Desktop/Data-Mining-Projects/Apache_Airflow/venv/lib/python3.10/site-packages/airflow/example_dags/example_latest_only_with_trigger.py for tasks to queue
[2025-02-20T11:36:17.545+0100] {logging_mixin.py:190} INFO - [2025-02-20T11:36:17.545+0100] {dagbag.py:588} INFO - Filling up the DagBag from /Users/ajlakorman/Desktop/Data-Mining-Projects/Apache_Airflow/venv/lib/python3.10/site-packages/airflow/example_dags/example_latest_only_with_trigger.py
[2025-02-20T11:36:17.550+0100] {processor.py:925} INFO - DAG(s) 'latest_only_with_trigger' retrieved from /Users/ajlakorman/Desktop/Data-Mining-Projects/Apache_Airflow/venv/lib/python3.10/site-packages/airflow/example_dags/example_latest_only_with_trigger.py
[2025-02-20T11:36:17.615+0100] {logging_mixin.py:190} INFO - [2025-02-20T11:36:17.615+0100] {dag.py:3239} INFO - Sync 1 DAGs
[2025-02-20T11:36:17.621+0100] {logging_mixin.py:190} INFO - [2025-02-20T11:36:17.621+0100] {dag.py:4180} INFO - Setting next_dagrun for latest_only_with_trigger to 2025-02-20 04:00:00+00:00, run_after=2025-02-20 08:00:00+00:00
[2025-02-20T11:36:17.628+0100] {processor.py:208} INFO - Processing /Users/ajlakorman/Desktop/Data-Mining-Projects/Apache_Airflow/venv/lib/python3.10/site-packages/airflow/example_dags/example_latest_only_with_trigger.py took 0.087 seconds
[2025-02-20T11:38:51.325+0100] {processor.py:186} INFO - Started process (PID=11697) to work on /Users/ajlakorman/Desktop/Data-Mining-Projects/Apache_Airflow/venv/lib/python3.10/site-packages/airflow/example_dags/example_latest_only_with_trigger.py
[2025-02-20T11:38:51.326+0100] {processor.py:914} INFO - Processing file /Users/ajlakorman/Desktop/Data-Mining-Projects/Apache_Airflow/venv/lib/python3.10/site-packages/airflow/example_dags/example_latest_only_with_trigger.py for tasks to queue
[2025-02-20T11:38:51.327+0100] {logging_mixin.py:190} INFO - [2025-02-20T11:38:51.327+0100] {dagbag.py:588} INFO - Filling up the DagBag from /Users/ajlakorman/Desktop/Data-Mining-Projects/Apache_Airflow/venv/lib/python3.10/site-packages/airflow/example_dags/example_latest_only_with_trigger.py
[2025-02-20T11:38:51.331+0100] {processor.py:925} INFO - DAG(s) 'latest_only_with_trigger' retrieved from /Users/ajlakorman/Desktop/Data-Mining-Projects/Apache_Airflow/venv/lib/python3.10/site-packages/airflow/example_dags/example_latest_only_with_trigger.py
[2025-02-20T11:38:51.395+0100] {logging_mixin.py:190} INFO - [2025-02-20T11:38:51.395+0100] {dag.py:3239} INFO - Sync 1 DAGs
[2025-02-20T11:38:51.402+0100] {logging_mixin.py:190} INFO - [2025-02-20T11:38:51.402+0100] {dag.py:4180} INFO - Setting next_dagrun for latest_only_with_trigger to 2025-02-20 04:00:00+00:00, run_after=2025-02-20 08:00:00+00:00
[2025-02-20T11:38:51.409+0100] {processor.py:208} INFO - Processing /Users/ajlakorman/Desktop/Data-Mining-Projects/Apache_Airflow/venv/lib/python3.10/site-packages/airflow/example_dags/example_latest_only_with_trigger.py took 0.085 seconds
[2025-02-20T11:49:06.953+0100] {processor.py:186} INFO - Started process (PID=11917) to work on /Users/ajlakorman/Desktop/Data-Mining-Projects/Apache_Airflow/venv/lib/python3.10/site-packages/airflow/example_dags/example_latest_only_with_trigger.py
[2025-02-20T11:49:06.954+0100] {processor.py:914} INFO - Processing file /Users/ajlakorman/Desktop/Data-Mining-Projects/Apache_Airflow/venv/lib/python3.10/site-packages/airflow/example_dags/example_latest_only_with_trigger.py for tasks to queue
[2025-02-20T11:49:06.954+0100] {logging_mixin.py:190} INFO - [2025-02-20T11:49:06.954+0100] {dagbag.py:588} INFO - Filling up the DagBag from /Users/ajlakorman/Desktop/Data-Mining-Projects/Apache_Airflow/venv/lib/python3.10/site-packages/airflow/example_dags/example_latest_only_with_trigger.py
[2025-02-20T11:49:06.958+0100] {processor.py:925} INFO - DAG(s) 'latest_only_with_trigger' retrieved from /Users/ajlakorman/Desktop/Data-Mining-Projects/Apache_Airflow/venv/lib/python3.10/site-packages/airflow/example_dags/example_latest_only_with_trigger.py
[2025-02-20T11:49:07.026+0100] {logging_mixin.py:190} INFO - [2025-02-20T11:49:07.025+0100] {dag.py:3239} INFO - Sync 1 DAGs
[2025-02-20T11:49:07.033+0100] {logging_mixin.py:190} INFO - [2025-02-20T11:49:07.033+0100] {dag.py:4180} INFO - Setting next_dagrun for latest_only_with_trigger to 2025-02-20 04:00:00+00:00, run_after=2025-02-20 08:00:00+00:00
[2025-02-20T11:49:07.041+0100] {processor.py:208} INFO - Processing /Users/ajlakorman/Desktop/Data-Mining-Projects/Apache_Airflow/venv/lib/python3.10/site-packages/airflow/example_dags/example_latest_only_with_trigger.py took 0.090 seconds
[2025-02-20T12:19:33.268+0100] {processor.py:186} INFO - Started process (PID=12056) to work on /Users/ajlakorman/Desktop/Data-Mining-Projects/Apache_Airflow/venv/lib/python3.10/site-packages/airflow/example_dags/example_latest_only_with_trigger.py
[2025-02-20T12:19:33.269+0100] {processor.py:914} INFO - Processing file /Users/ajlakorman/Desktop/Data-Mining-Projects/Apache_Airflow/venv/lib/python3.10/site-packages/airflow/example_dags/example_latest_only_with_trigger.py for tasks to queue
[2025-02-20T12:19:33.270+0100] {logging_mixin.py:190} INFO - [2025-02-20T12:19:33.270+0100] {dagbag.py:588} INFO - Filling up the DagBag from /Users/ajlakorman/Desktop/Data-Mining-Projects/Apache_Airflow/venv/lib/python3.10/site-packages/airflow/example_dags/example_latest_only_with_trigger.py
[2025-02-20T12:19:33.274+0100] {processor.py:925} INFO - DAG(s) 'latest_only_with_trigger' retrieved from /Users/ajlakorman/Desktop/Data-Mining-Projects/Apache_Airflow/venv/lib/python3.10/site-packages/airflow/example_dags/example_latest_only_with_trigger.py
[2025-02-20T12:19:33.339+0100] {logging_mixin.py:190} INFO - [2025-02-20T12:19:33.339+0100] {dag.py:3239} INFO - Sync 1 DAGs
[2025-02-20T12:19:33.346+0100] {logging_mixin.py:190} INFO - [2025-02-20T12:19:33.346+0100] {dag.py:4180} INFO - Setting next_dagrun for latest_only_with_trigger to 2025-02-20 04:00:00+00:00, run_after=2025-02-20 08:00:00+00:00
[2025-02-20T12:19:33.353+0100] {processor.py:208} INFO - Processing /Users/ajlakorman/Desktop/Data-Mining-Projects/Apache_Airflow/venv/lib/python3.10/site-packages/airflow/example_dags/example_latest_only_with_trigger.py took 0.086 seconds
[2025-02-20T12:21:13.858+0100] {processor.py:186} INFO - Started process (PID=12192) to work on /Users/ajlakorman/Desktop/Data-Mining-Projects/Apache_Airflow/venv/lib/python3.10/site-packages/airflow/example_dags/example_latest_only_with_trigger.py
[2025-02-20T12:21:13.859+0100] {processor.py:914} INFO - Processing file /Users/ajlakorman/Desktop/Data-Mining-Projects/Apache_Airflow/venv/lib/python3.10/site-packages/airflow/example_dags/example_latest_only_with_trigger.py for tasks to queue
[2025-02-20T12:21:13.860+0100] {logging_mixin.py:190} INFO - [2025-02-20T12:21:13.859+0100] {dagbag.py:588} INFO - Filling up the DagBag from /Users/ajlakorman/Desktop/Data-Mining-Projects/Apache_Airflow/venv/lib/python3.10/site-packages/airflow/example_dags/example_latest_only_with_trigger.py
[2025-02-20T12:21:13.866+0100] {processor.py:925} INFO - DAG(s) 'latest_only_with_trigger' retrieved from /Users/ajlakorman/Desktop/Data-Mining-Projects/Apache_Airflow/venv/lib/python3.10/site-packages/airflow/example_dags/example_latest_only_with_trigger.py
[2025-02-20T12:21:13.945+0100] {logging_mixin.py:190} INFO - [2025-02-20T12:21:13.945+0100] {dag.py:3239} INFO - Sync 1 DAGs
[2025-02-20T12:21:13.991+0100] {logging_mixin.py:190} INFO - [2025-02-20T12:21:13.991+0100] {dag.py:4180} INFO - Setting next_dagrun for latest_only_with_trigger to 2025-02-20 04:00:00+00:00, run_after=2025-02-20 08:00:00+00:00
[2025-02-20T12:21:14.006+0100] {processor.py:208} INFO - Processing /Users/ajlakorman/Desktop/Data-Mining-Projects/Apache_Airflow/venv/lib/python3.10/site-packages/airflow/example_dags/example_latest_only_with_trigger.py took 0.149 seconds
[2025-02-20T12:23:50.870+0100] {processor.py:186} INFO - Started process (PID=12469) to work on /Users/ajlakorman/Desktop/Data-Mining-Projects/Apache_Airflow/venv/lib/python3.10/site-packages/airflow/example_dags/example_latest_only_with_trigger.py
[2025-02-20T12:23:50.871+0100] {processor.py:914} INFO - Processing file /Users/ajlakorman/Desktop/Data-Mining-Projects/Apache_Airflow/venv/lib/python3.10/site-packages/airflow/example_dags/example_latest_only_with_trigger.py for tasks to queue
[2025-02-20T12:23:50.871+0100] {logging_mixin.py:190} INFO - [2025-02-20T12:23:50.871+0100] {dagbag.py:588} INFO - Filling up the DagBag from /Users/ajlakorman/Desktop/Data-Mining-Projects/Apache_Airflow/venv/lib/python3.10/site-packages/airflow/example_dags/example_latest_only_with_trigger.py
[2025-02-20T12:23:50.876+0100] {processor.py:925} INFO - DAG(s) 'latest_only_with_trigger' retrieved from /Users/ajlakorman/Desktop/Data-Mining-Projects/Apache_Airflow/venv/lib/python3.10/site-packages/airflow/example_dags/example_latest_only_with_trigger.py
[2025-02-20T12:23:50.944+0100] {logging_mixin.py:190} INFO - [2025-02-20T12:23:50.944+0100] {dag.py:3239} INFO - Sync 1 DAGs
[2025-02-20T12:23:50.951+0100] {logging_mixin.py:190} INFO - [2025-02-20T12:23:50.951+0100] {dag.py:4180} INFO - Setting next_dagrun for latest_only_with_trigger to 2025-02-20 04:00:00+00:00, run_after=2025-02-20 08:00:00+00:00
[2025-02-20T12:23:50.957+0100] {processor.py:208} INFO - Processing /Users/ajlakorman/Desktop/Data-Mining-Projects/Apache_Airflow/venv/lib/python3.10/site-packages/airflow/example_dags/example_latest_only_with_trigger.py took 0.089 seconds
[2025-02-20T12:26:16.049+0100] {processor.py:186} INFO - Started process (PID=12746) to work on /Users/ajlakorman/Desktop/Data-Mining-Projects/Apache_Airflow/venv/lib/python3.10/site-packages/airflow/example_dags/example_latest_only_with_trigger.py
[2025-02-20T12:26:16.050+0100] {processor.py:914} INFO - Processing file /Users/ajlakorman/Desktop/Data-Mining-Projects/Apache_Airflow/venv/lib/python3.10/site-packages/airflow/example_dags/example_latest_only_with_trigger.py for tasks to queue
[2025-02-20T12:26:16.050+0100] {logging_mixin.py:190} INFO - [2025-02-20T12:26:16.050+0100] {dagbag.py:588} INFO - Filling up the DagBag from /Users/ajlakorman/Desktop/Data-Mining-Projects/Apache_Airflow/venv/lib/python3.10/site-packages/airflow/example_dags/example_latest_only_with_trigger.py
[2025-02-20T12:26:16.055+0100] {processor.py:925} INFO - DAG(s) 'latest_only_with_trigger' retrieved from /Users/ajlakorman/Desktop/Data-Mining-Projects/Apache_Airflow/venv/lib/python3.10/site-packages/airflow/example_dags/example_latest_only_with_trigger.py
[2025-02-20T12:26:16.141+0100] {logging_mixin.py:190} INFO - [2025-02-20T12:26:16.140+0100] {dag.py:3239} INFO - Sync 1 DAGs
[2025-02-20T12:26:16.149+0100] {logging_mixin.py:190} INFO - [2025-02-20T12:26:16.149+0100] {dag.py:4180} INFO - Setting next_dagrun for latest_only_with_trigger to 2025-02-20 04:00:00+00:00, run_after=2025-02-20 08:00:00+00:00
[2025-02-20T12:26:16.156+0100] {processor.py:208} INFO - Processing /Users/ajlakorman/Desktop/Data-Mining-Projects/Apache_Airflow/venv/lib/python3.10/site-packages/airflow/example_dags/example_latest_only_with_trigger.py took 0.110 seconds
[2025-02-20T12:28:48.674+0100] {processor.py:186} INFO - Started process (PID=13072) to work on /Users/ajlakorman/Desktop/Data-Mining-Projects/Apache_Airflow/venv/lib/python3.10/site-packages/airflow/example_dags/example_latest_only_with_trigger.py
[2025-02-20T12:28:48.675+0100] {processor.py:914} INFO - Processing file /Users/ajlakorman/Desktop/Data-Mining-Projects/Apache_Airflow/venv/lib/python3.10/site-packages/airflow/example_dags/example_latest_only_with_trigger.py for tasks to queue
[2025-02-20T12:28:48.675+0100] {logging_mixin.py:190} INFO - [2025-02-20T12:28:48.675+0100] {dagbag.py:588} INFO - Filling up the DagBag from /Users/ajlakorman/Desktop/Data-Mining-Projects/Apache_Airflow/venv/lib/python3.10/site-packages/airflow/example_dags/example_latest_only_with_trigger.py
[2025-02-20T12:28:48.679+0100] {processor.py:925} INFO - DAG(s) 'latest_only_with_trigger' retrieved from /Users/ajlakorman/Desktop/Data-Mining-Projects/Apache_Airflow/venv/lib/python3.10/site-packages/airflow/example_dags/example_latest_only_with_trigger.py
[2025-02-20T12:28:48.749+0100] {logging_mixin.py:190} INFO - [2025-02-20T12:28:48.749+0100] {dag.py:3239} INFO - Sync 1 DAGs
[2025-02-20T12:28:48.756+0100] {logging_mixin.py:190} INFO - [2025-02-20T12:28:48.756+0100] {dag.py:4180} INFO - Setting next_dagrun for latest_only_with_trigger to 2025-02-20 04:00:00+00:00, run_after=2025-02-20 08:00:00+00:00
[2025-02-20T12:28:48.763+0100] {processor.py:208} INFO - Processing /Users/ajlakorman/Desktop/Data-Mining-Projects/Apache_Airflow/venv/lib/python3.10/site-packages/airflow/example_dags/example_latest_only_with_trigger.py took 0.096 seconds
[2025-02-20T12:31:14.359+0100] {processor.py:186} INFO - Started process (PID=13389) to work on /Users/ajlakorman/Desktop/Data-Mining-Projects/Apache_Airflow/venv/lib/python3.10/site-packages/airflow/example_dags/example_latest_only_with_trigger.py
[2025-02-20T12:31:14.361+0100] {processor.py:914} INFO - Processing file /Users/ajlakorman/Desktop/Data-Mining-Projects/Apache_Airflow/venv/lib/python3.10/site-packages/airflow/example_dags/example_latest_only_with_trigger.py for tasks to queue
[2025-02-20T12:31:14.361+0100] {logging_mixin.py:190} INFO - [2025-02-20T12:31:14.361+0100] {dagbag.py:588} INFO - Filling up the DagBag from /Users/ajlakorman/Desktop/Data-Mining-Projects/Apache_Airflow/venv/lib/python3.10/site-packages/airflow/example_dags/example_latest_only_with_trigger.py
[2025-02-20T12:31:14.365+0100] {processor.py:925} INFO - DAG(s) 'latest_only_with_trigger' retrieved from /Users/ajlakorman/Desktop/Data-Mining-Projects/Apache_Airflow/venv/lib/python3.10/site-packages/airflow/example_dags/example_latest_only_with_trigger.py
[2025-02-20T12:31:14.429+0100] {logging_mixin.py:190} INFO - [2025-02-20T12:31:14.429+0100] {dag.py:3239} INFO - Sync 1 DAGs
[2025-02-20T12:31:14.437+0100] {logging_mixin.py:190} INFO - [2025-02-20T12:31:14.437+0100] {dag.py:4180} INFO - Setting next_dagrun for latest_only_with_trigger to 2025-02-20 04:00:00+00:00, run_after=2025-02-20 08:00:00+00:00
[2025-02-20T12:31:14.443+0100] {processor.py:208} INFO - Processing /Users/ajlakorman/Desktop/Data-Mining-Projects/Apache_Airflow/venv/lib/python3.10/site-packages/airflow/example_dags/example_latest_only_with_trigger.py took 0.086 seconds
[2025-02-20T12:33:49.870+0100] {processor.py:186} INFO - Started process (PID=13709) to work on /Users/ajlakorman/Desktop/Data-Mining-Projects/Apache_Airflow/venv/lib/python3.10/site-packages/airflow/example_dags/example_latest_only_with_trigger.py
[2025-02-20T12:33:49.871+0100] {processor.py:914} INFO - Processing file /Users/ajlakorman/Desktop/Data-Mining-Projects/Apache_Airflow/venv/lib/python3.10/site-packages/airflow/example_dags/example_latest_only_with_trigger.py for tasks to queue
[2025-02-20T12:33:49.872+0100] {logging_mixin.py:190} INFO - [2025-02-20T12:33:49.872+0100] {dagbag.py:588} INFO - Filling up the DagBag from /Users/ajlakorman/Desktop/Data-Mining-Projects/Apache_Airflow/venv/lib/python3.10/site-packages/airflow/example_dags/example_latest_only_with_trigger.py
[2025-02-20T12:33:49.876+0100] {processor.py:925} INFO - DAG(s) 'latest_only_with_trigger' retrieved from /Users/ajlakorman/Desktop/Data-Mining-Projects/Apache_Airflow/venv/lib/python3.10/site-packages/airflow/example_dags/example_latest_only_with_trigger.py
[2025-02-20T12:33:49.940+0100] {logging_mixin.py:190} INFO - [2025-02-20T12:33:49.940+0100] {dag.py:3239} INFO - Sync 1 DAGs
[2025-02-20T12:33:49.947+0100] {logging_mixin.py:190} INFO - [2025-02-20T12:33:49.947+0100] {dag.py:4180} INFO - Setting next_dagrun for latest_only_with_trigger to 2025-02-20 04:00:00+00:00, run_after=2025-02-20 08:00:00+00:00
[2025-02-20T12:33:49.954+0100] {processor.py:208} INFO - Processing /Users/ajlakorman/Desktop/Data-Mining-Projects/Apache_Airflow/venv/lib/python3.10/site-packages/airflow/example_dags/example_latest_only_with_trigger.py took 0.085 seconds
[2025-02-20T12:36:24.966+0100] {processor.py:186} INFO - Started process (PID=14073) to work on /Users/ajlakorman/Desktop/Data-Mining-Projects/Apache_Airflow/venv/lib/python3.10/site-packages/airflow/example_dags/example_latest_only_with_trigger.py
[2025-02-20T12:36:24.967+0100] {processor.py:914} INFO - Processing file /Users/ajlakorman/Desktop/Data-Mining-Projects/Apache_Airflow/venv/lib/python3.10/site-packages/airflow/example_dags/example_latest_only_with_trigger.py for tasks to queue
[2025-02-20T12:36:24.968+0100] {logging_mixin.py:190} INFO - [2025-02-20T12:36:24.967+0100] {dagbag.py:588} INFO - Filling up the DagBag from /Users/ajlakorman/Desktop/Data-Mining-Projects/Apache_Airflow/venv/lib/python3.10/site-packages/airflow/example_dags/example_latest_only_with_trigger.py
[2025-02-20T12:36:24.971+0100] {processor.py:925} INFO - DAG(s) 'latest_only_with_trigger' retrieved from /Users/ajlakorman/Desktop/Data-Mining-Projects/Apache_Airflow/venv/lib/python3.10/site-packages/airflow/example_dags/example_latest_only_with_trigger.py
[2025-02-20T12:36:25.036+0100] {logging_mixin.py:190} INFO - [2025-02-20T12:36:25.036+0100] {dag.py:3239} INFO - Sync 1 DAGs
[2025-02-20T12:36:25.042+0100] {logging_mixin.py:190} INFO - [2025-02-20T12:36:25.042+0100] {dag.py:4180} INFO - Setting next_dagrun for latest_only_with_trigger to 2025-02-20 04:00:00+00:00, run_after=2025-02-20 08:00:00+00:00
[2025-02-20T12:36:25.050+0100] {processor.py:208} INFO - Processing /Users/ajlakorman/Desktop/Data-Mining-Projects/Apache_Airflow/venv/lib/python3.10/site-packages/airflow/example_dags/example_latest_only_with_trigger.py took 0.085 seconds
[2025-02-20T12:38:54.028+0100] {processor.py:186} INFO - Started process (PID=14431) to work on /Users/ajlakorman/Desktop/Data-Mining-Projects/Apache_Airflow/venv/lib/python3.10/site-packages/airflow/example_dags/example_latest_only_with_trigger.py
[2025-02-20T12:38:54.029+0100] {processor.py:914} INFO - Processing file /Users/ajlakorman/Desktop/Data-Mining-Projects/Apache_Airflow/venv/lib/python3.10/site-packages/airflow/example_dags/example_latest_only_with_trigger.py for tasks to queue
[2025-02-20T12:38:54.029+0100] {logging_mixin.py:190} INFO - [2025-02-20T12:38:54.029+0100] {dagbag.py:588} INFO - Filling up the DagBag from /Users/ajlakorman/Desktop/Data-Mining-Projects/Apache_Airflow/venv/lib/python3.10/site-packages/airflow/example_dags/example_latest_only_with_trigger.py
[2025-02-20T12:38:54.033+0100] {processor.py:925} INFO - DAG(s) 'latest_only_with_trigger' retrieved from /Users/ajlakorman/Desktop/Data-Mining-Projects/Apache_Airflow/venv/lib/python3.10/site-packages/airflow/example_dags/example_latest_only_with_trigger.py
[2025-02-20T12:38:54.097+0100] {logging_mixin.py:190} INFO - [2025-02-20T12:38:54.097+0100] {dag.py:3239} INFO - Sync 1 DAGs
[2025-02-20T12:38:54.104+0100] {logging_mixin.py:190} INFO - [2025-02-20T12:38:54.104+0100] {dag.py:4180} INFO - Setting next_dagrun for latest_only_with_trigger to 2025-02-20 04:00:00+00:00, run_after=2025-02-20 08:00:00+00:00
[2025-02-20T12:38:54.111+0100] {processor.py:208} INFO - Processing /Users/ajlakorman/Desktop/Data-Mining-Projects/Apache_Airflow/venv/lib/python3.10/site-packages/airflow/example_dags/example_latest_only_with_trigger.py took 0.084 seconds
[2025-02-20T12:57:02.988+0100] {processor.py:186} INFO - Started process (PID=14840) to work on /Users/ajlakorman/Desktop/Data-Mining-Projects/Apache_Airflow/venv/lib/python3.10/site-packages/airflow/example_dags/example_latest_only_with_trigger.py
[2025-02-20T12:57:02.989+0100] {processor.py:914} INFO - Processing file /Users/ajlakorman/Desktop/Data-Mining-Projects/Apache_Airflow/venv/lib/python3.10/site-packages/airflow/example_dags/example_latest_only_with_trigger.py for tasks to queue
[2025-02-20T12:57:02.989+0100] {logging_mixin.py:190} INFO - [2025-02-20T12:57:02.989+0100] {dagbag.py:588} INFO - Filling up the DagBag from /Users/ajlakorman/Desktop/Data-Mining-Projects/Apache_Airflow/venv/lib/python3.10/site-packages/airflow/example_dags/example_latest_only_with_trigger.py
[2025-02-20T12:57:02.997+0100] {processor.py:925} INFO - DAG(s) 'latest_only_with_trigger' retrieved from /Users/ajlakorman/Desktop/Data-Mining-Projects/Apache_Airflow/venv/lib/python3.10/site-packages/airflow/example_dags/example_latest_only_with_trigger.py
[2025-02-20T12:57:03.062+0100] {logging_mixin.py:190} INFO - [2025-02-20T12:57:03.061+0100] {dag.py:3239} INFO - Sync 1 DAGs
[2025-02-20T12:57:03.069+0100] {logging_mixin.py:190} INFO - [2025-02-20T12:57:03.069+0100] {dag.py:4180} INFO - Setting next_dagrun for latest_only_with_trigger to 2025-02-20 04:00:00+00:00, run_after=2025-02-20 08:00:00+00:00
[2025-02-20T12:57:03.076+0100] {processor.py:208} INFO - Processing /Users/ajlakorman/Desktop/Data-Mining-Projects/Apache_Airflow/venv/lib/python3.10/site-packages/airflow/example_dags/example_latest_only_with_trigger.py took 0.089 seconds
[2025-02-20T12:59:57.338+0100] {processor.py:186} INFO - Started process (PID=15098) to work on /Users/ajlakorman/Desktop/Data-Mining-Projects/Apache_Airflow/venv/lib/python3.10/site-packages/airflow/example_dags/example_latest_only_with_trigger.py
[2025-02-20T12:59:57.340+0100] {processor.py:914} INFO - Processing file /Users/ajlakorman/Desktop/Data-Mining-Projects/Apache_Airflow/venv/lib/python3.10/site-packages/airflow/example_dags/example_latest_only_with_trigger.py for tasks to queue
[2025-02-20T12:59:57.341+0100] {logging_mixin.py:190} INFO - [2025-02-20T12:59:57.341+0100] {dagbag.py:588} INFO - Filling up the DagBag from /Users/ajlakorman/Desktop/Data-Mining-Projects/Apache_Airflow/venv/lib/python3.10/site-packages/airflow/example_dags/example_latest_only_with_trigger.py
[2025-02-20T12:59:57.348+0100] {processor.py:925} INFO - DAG(s) 'latest_only_with_trigger' retrieved from /Users/ajlakorman/Desktop/Data-Mining-Projects/Apache_Airflow/venv/lib/python3.10/site-packages/airflow/example_dags/example_latest_only_with_trigger.py
[2025-02-20T12:59:57.449+0100] {logging_mixin.py:190} INFO - [2025-02-20T12:59:57.449+0100] {dag.py:3239} INFO - Sync 1 DAGs
[2025-02-20T12:59:57.459+0100] {logging_mixin.py:190} INFO - [2025-02-20T12:59:57.459+0100] {dag.py:4180} INFO - Setting next_dagrun for latest_only_with_trigger to 2025-02-20 04:00:00+00:00, run_after=2025-02-20 08:00:00+00:00
[2025-02-20T12:59:57.474+0100] {processor.py:208} INFO - Processing /Users/ajlakorman/Desktop/Data-Mining-Projects/Apache_Airflow/venv/lib/python3.10/site-packages/airflow/example_dags/example_latest_only_with_trigger.py took 0.137 seconds
[2025-02-20T13:02:37.026+0100] {processor.py:186} INFO - Started process (PID=15327) to work on /Users/ajlakorman/Desktop/Data-Mining-Projects/Apache_Airflow/venv/lib/python3.10/site-packages/airflow/example_dags/example_latest_only_with_trigger.py
[2025-02-20T13:02:37.027+0100] {processor.py:914} INFO - Processing file /Users/ajlakorman/Desktop/Data-Mining-Projects/Apache_Airflow/venv/lib/python3.10/site-packages/airflow/example_dags/example_latest_only_with_trigger.py for tasks to queue
[2025-02-20T13:02:37.027+0100] {logging_mixin.py:190} INFO - [2025-02-20T13:02:37.027+0100] {dagbag.py:588} INFO - Filling up the DagBag from /Users/ajlakorman/Desktop/Data-Mining-Projects/Apache_Airflow/venv/lib/python3.10/site-packages/airflow/example_dags/example_latest_only_with_trigger.py
[2025-02-20T13:02:37.031+0100] {processor.py:925} INFO - DAG(s) 'latest_only_with_trigger' retrieved from /Users/ajlakorman/Desktop/Data-Mining-Projects/Apache_Airflow/venv/lib/python3.10/site-packages/airflow/example_dags/example_latest_only_with_trigger.py
[2025-02-20T13:02:37.094+0100] {logging_mixin.py:190} INFO - [2025-02-20T13:02:37.094+0100] {dag.py:3239} INFO - Sync 1 DAGs
[2025-02-20T13:02:37.100+0100] {logging_mixin.py:190} INFO - [2025-02-20T13:02:37.100+0100] {dag.py:4180} INFO - Setting next_dagrun for latest_only_with_trigger to 2025-02-20 08:00:00+00:00, run_after=2025-02-20 12:00:00+00:00
[2025-02-20T13:02:37.107+0100] {processor.py:208} INFO - Processing /Users/ajlakorman/Desktop/Data-Mining-Projects/Apache_Airflow/venv/lib/python3.10/site-packages/airflow/example_dags/example_latest_only_with_trigger.py took 0.083 seconds
[2025-02-20T13:08:08.524+0100] {processor.py:186} INFO - Started process (PID=15658) to work on /Users/ajlakorman/Desktop/Data-Mining-Projects/Apache_Airflow/venv/lib/python3.10/site-packages/airflow/example_dags/example_latest_only_with_trigger.py
[2025-02-20T13:08:08.525+0100] {processor.py:914} INFO - Processing file /Users/ajlakorman/Desktop/Data-Mining-Projects/Apache_Airflow/venv/lib/python3.10/site-packages/airflow/example_dags/example_latest_only_with_trigger.py for tasks to queue
[2025-02-20T13:08:08.526+0100] {logging_mixin.py:190} INFO - [2025-02-20T13:08:08.526+0100] {dagbag.py:588} INFO - Filling up the DagBag from /Users/ajlakorman/Desktop/Data-Mining-Projects/Apache_Airflow/venv/lib/python3.10/site-packages/airflow/example_dags/example_latest_only_with_trigger.py
[2025-02-20T13:08:08.529+0100] {processor.py:925} INFO - DAG(s) 'latest_only_with_trigger' retrieved from /Users/ajlakorman/Desktop/Data-Mining-Projects/Apache_Airflow/venv/lib/python3.10/site-packages/airflow/example_dags/example_latest_only_with_trigger.py
[2025-02-20T13:08:08.594+0100] {logging_mixin.py:190} INFO - [2025-02-20T13:08:08.594+0100] {dag.py:3239} INFO - Sync 1 DAGs
[2025-02-20T13:08:08.600+0100] {logging_mixin.py:190} INFO - [2025-02-20T13:08:08.600+0100] {dag.py:4180} INFO - Setting next_dagrun for latest_only_with_trigger to 2025-02-20 08:00:00+00:00, run_after=2025-02-20 12:00:00+00:00
[2025-02-20T13:08:08.607+0100] {processor.py:208} INFO - Processing /Users/ajlakorman/Desktop/Data-Mining-Projects/Apache_Airflow/venv/lib/python3.10/site-packages/airflow/example_dags/example_latest_only_with_trigger.py took 0.084 seconds
[2025-02-20T13:10:54.697+0100] {processor.py:186} INFO - Started process (PID=16016) to work on /Users/ajlakorman/Desktop/Data-Mining-Projects/Apache_Airflow/venv/lib/python3.10/site-packages/airflow/example_dags/example_latest_only_with_trigger.py
[2025-02-20T13:10:54.698+0100] {processor.py:914} INFO - Processing file /Users/ajlakorman/Desktop/Data-Mining-Projects/Apache_Airflow/venv/lib/python3.10/site-packages/airflow/example_dags/example_latest_only_with_trigger.py for tasks to queue
[2025-02-20T13:10:54.698+0100] {logging_mixin.py:190} INFO - [2025-02-20T13:10:54.698+0100] {dagbag.py:588} INFO - Filling up the DagBag from /Users/ajlakorman/Desktop/Data-Mining-Projects/Apache_Airflow/venv/lib/python3.10/site-packages/airflow/example_dags/example_latest_only_with_trigger.py
[2025-02-20T13:10:54.702+0100] {processor.py:925} INFO - DAG(s) 'latest_only_with_trigger' retrieved from /Users/ajlakorman/Desktop/Data-Mining-Projects/Apache_Airflow/venv/lib/python3.10/site-packages/airflow/example_dags/example_latest_only_with_trigger.py
[2025-02-20T13:10:54.768+0100] {logging_mixin.py:190} INFO - [2025-02-20T13:10:54.768+0100] {dag.py:3239} INFO - Sync 1 DAGs
[2025-02-20T13:10:54.775+0100] {logging_mixin.py:190} INFO - [2025-02-20T13:10:54.775+0100] {dag.py:4180} INFO - Setting next_dagrun for latest_only_with_trigger to 2025-02-20 08:00:00+00:00, run_after=2025-02-20 12:00:00+00:00
[2025-02-20T13:10:54.782+0100] {processor.py:208} INFO - Processing /Users/ajlakorman/Desktop/Data-Mining-Projects/Apache_Airflow/venv/lib/python3.10/site-packages/airflow/example_dags/example_latest_only_with_trigger.py took 0.086 seconds
[2025-02-20T13:13:54.308+0100] {processor.py:186} INFO - Started process (PID=16293) to work on /Users/ajlakorman/Desktop/Data-Mining-Projects/Apache_Airflow/venv/lib/python3.10/site-packages/airflow/example_dags/example_latest_only_with_trigger.py
[2025-02-20T13:13:54.308+0100] {processor.py:914} INFO - Processing file /Users/ajlakorman/Desktop/Data-Mining-Projects/Apache_Airflow/venv/lib/python3.10/site-packages/airflow/example_dags/example_latest_only_with_trigger.py for tasks to queue
[2025-02-20T13:13:54.309+0100] {logging_mixin.py:190} INFO - [2025-02-20T13:13:54.309+0100] {dagbag.py:588} INFO - Filling up the DagBag from /Users/ajlakorman/Desktop/Data-Mining-Projects/Apache_Airflow/venv/lib/python3.10/site-packages/airflow/example_dags/example_latest_only_with_trigger.py
[2025-02-20T13:13:54.314+0100] {processor.py:925} INFO - DAG(s) 'latest_only_with_trigger' retrieved from /Users/ajlakorman/Desktop/Data-Mining-Projects/Apache_Airflow/venv/lib/python3.10/site-packages/airflow/example_dags/example_latest_only_with_trigger.py
[2025-02-20T13:13:54.392+0100] {logging_mixin.py:190} INFO - [2025-02-20T13:13:54.392+0100] {dag.py:3239} INFO - Sync 1 DAGs
[2025-02-20T13:13:54.400+0100] {logging_mixin.py:190} INFO - [2025-02-20T13:13:54.400+0100] {dag.py:4180} INFO - Setting next_dagrun for latest_only_with_trigger to 2025-02-20 08:00:00+00:00, run_after=2025-02-20 12:00:00+00:00
[2025-02-20T13:13:54.409+0100] {processor.py:208} INFO - Processing /Users/ajlakorman/Desktop/Data-Mining-Projects/Apache_Airflow/venv/lib/python3.10/site-packages/airflow/example_dags/example_latest_only_with_trigger.py took 0.103 seconds
[2025-02-20T13:16:50.411+0100] {processor.py:186} INFO - Started process (PID=16613) to work on /Users/ajlakorman/Desktop/Data-Mining-Projects/Apache_Airflow/venv/lib/python3.10/site-packages/airflow/example_dags/example_latest_only_with_trigger.py
[2025-02-20T13:16:50.412+0100] {processor.py:914} INFO - Processing file /Users/ajlakorman/Desktop/Data-Mining-Projects/Apache_Airflow/venv/lib/python3.10/site-packages/airflow/example_dags/example_latest_only_with_trigger.py for tasks to queue
[2025-02-20T13:16:50.413+0100] {logging_mixin.py:190} INFO - [2025-02-20T13:16:50.413+0100] {dagbag.py:588} INFO - Filling up the DagBag from /Users/ajlakorman/Desktop/Data-Mining-Projects/Apache_Airflow/venv/lib/python3.10/site-packages/airflow/example_dags/example_latest_only_with_trigger.py
[2025-02-20T13:16:50.417+0100] {processor.py:925} INFO - DAG(s) 'latest_only_with_trigger' retrieved from /Users/ajlakorman/Desktop/Data-Mining-Projects/Apache_Airflow/venv/lib/python3.10/site-packages/airflow/example_dags/example_latest_only_with_trigger.py
[2025-02-20T13:16:50.485+0100] {logging_mixin.py:190} INFO - [2025-02-20T13:16:50.485+0100] {dag.py:3239} INFO - Sync 1 DAGs
[2025-02-20T13:16:50.492+0100] {logging_mixin.py:190} INFO - [2025-02-20T13:16:50.492+0100] {dag.py:4180} INFO - Setting next_dagrun for latest_only_with_trigger to 2025-02-20 08:00:00+00:00, run_after=2025-02-20 12:00:00+00:00
[2025-02-20T13:16:50.499+0100] {processor.py:208} INFO - Processing /Users/ajlakorman/Desktop/Data-Mining-Projects/Apache_Airflow/venv/lib/python3.10/site-packages/airflow/example_dags/example_latest_only_with_trigger.py took 0.089 seconds
[2025-02-20T13:19:59.559+0100] {processor.py:186} INFO - Started process (PID=16970) to work on /Users/ajlakorman/Desktop/Data-Mining-Projects/Apache_Airflow/venv/lib/python3.10/site-packages/airflow/example_dags/example_latest_only_with_trigger.py
[2025-02-20T13:19:59.561+0100] {processor.py:914} INFO - Processing file /Users/ajlakorman/Desktop/Data-Mining-Projects/Apache_Airflow/venv/lib/python3.10/site-packages/airflow/example_dags/example_latest_only_with_trigger.py for tasks to queue
[2025-02-20T13:19:59.561+0100] {logging_mixin.py:190} INFO - [2025-02-20T13:19:59.561+0100] {dagbag.py:588} INFO - Filling up the DagBag from /Users/ajlakorman/Desktop/Data-Mining-Projects/Apache_Airflow/venv/lib/python3.10/site-packages/airflow/example_dags/example_latest_only_with_trigger.py
[2025-02-20T13:19:59.566+0100] {processor.py:925} INFO - DAG(s) 'latest_only_with_trigger' retrieved from /Users/ajlakorman/Desktop/Data-Mining-Projects/Apache_Airflow/venv/lib/python3.10/site-packages/airflow/example_dags/example_latest_only_with_trigger.py
[2025-02-20T13:19:59.633+0100] {logging_mixin.py:190} INFO - [2025-02-20T13:19:59.632+0100] {dag.py:3239} INFO - Sync 1 DAGs
[2025-02-20T13:19:59.640+0100] {logging_mixin.py:190} INFO - [2025-02-20T13:19:59.640+0100] {dag.py:4180} INFO - Setting next_dagrun for latest_only_with_trigger to 2025-02-20 08:00:00+00:00, run_after=2025-02-20 12:00:00+00:00
[2025-02-20T13:19:59.647+0100] {processor.py:208} INFO - Processing /Users/ajlakorman/Desktop/Data-Mining-Projects/Apache_Airflow/venv/lib/python3.10/site-packages/airflow/example_dags/example_latest_only_with_trigger.py took 0.090 seconds
[2025-02-20T13:22:51.185+0100] {processor.py:186} INFO - Started process (PID=17309) to work on /Users/ajlakorman/Desktop/Data-Mining-Projects/Apache_Airflow/venv/lib/python3.10/site-packages/airflow/example_dags/example_latest_only_with_trigger.py
[2025-02-20T13:22:51.186+0100] {processor.py:914} INFO - Processing file /Users/ajlakorman/Desktop/Data-Mining-Projects/Apache_Airflow/venv/lib/python3.10/site-packages/airflow/example_dags/example_latest_only_with_trigger.py for tasks to queue
[2025-02-20T13:22:51.187+0100] {logging_mixin.py:190} INFO - [2025-02-20T13:22:51.187+0100] {dagbag.py:588} INFO - Filling up the DagBag from /Users/ajlakorman/Desktop/Data-Mining-Projects/Apache_Airflow/venv/lib/python3.10/site-packages/airflow/example_dags/example_latest_only_with_trigger.py
[2025-02-20T13:22:51.191+0100] {processor.py:925} INFO - DAG(s) 'latest_only_with_trigger' retrieved from /Users/ajlakorman/Desktop/Data-Mining-Projects/Apache_Airflow/venv/lib/python3.10/site-packages/airflow/example_dags/example_latest_only_with_trigger.py
[2025-02-20T13:22:51.256+0100] {logging_mixin.py:190} INFO - [2025-02-20T13:22:51.256+0100] {dag.py:3239} INFO - Sync 1 DAGs
[2025-02-20T13:22:51.263+0100] {logging_mixin.py:190} INFO - [2025-02-20T13:22:51.263+0100] {dag.py:4180} INFO - Setting next_dagrun for latest_only_with_trigger to 2025-02-20 08:00:00+00:00, run_after=2025-02-20 12:00:00+00:00
[2025-02-20T13:22:51.270+0100] {processor.py:208} INFO - Processing /Users/ajlakorman/Desktop/Data-Mining-Projects/Apache_Airflow/venv/lib/python3.10/site-packages/airflow/example_dags/example_latest_only_with_trigger.py took 0.086 seconds
[2025-02-20T13:25:29.317+0100] {processor.py:186} INFO - Started process (PID=17526) to work on /Users/ajlakorman/Desktop/Data-Mining-Projects/Apache_Airflow/venv/lib/python3.10/site-packages/airflow/example_dags/example_latest_only_with_trigger.py
[2025-02-20T13:25:29.319+0100] {processor.py:914} INFO - Processing file /Users/ajlakorman/Desktop/Data-Mining-Projects/Apache_Airflow/venv/lib/python3.10/site-packages/airflow/example_dags/example_latest_only_with_trigger.py for tasks to queue
[2025-02-20T13:25:29.319+0100] {logging_mixin.py:190} INFO - [2025-02-20T13:25:29.319+0100] {dagbag.py:588} INFO - Filling up the DagBag from /Users/ajlakorman/Desktop/Data-Mining-Projects/Apache_Airflow/venv/lib/python3.10/site-packages/airflow/example_dags/example_latest_only_with_trigger.py
[2025-02-20T13:25:29.323+0100] {processor.py:925} INFO - DAG(s) 'latest_only_with_trigger' retrieved from /Users/ajlakorman/Desktop/Data-Mining-Projects/Apache_Airflow/venv/lib/python3.10/site-packages/airflow/example_dags/example_latest_only_with_trigger.py
[2025-02-20T13:25:29.394+0100] {logging_mixin.py:190} INFO - [2025-02-20T13:25:29.394+0100] {dag.py:3239} INFO - Sync 1 DAGs
[2025-02-20T13:25:29.402+0100] {logging_mixin.py:190} INFO - [2025-02-20T13:25:29.402+0100] {dag.py:4180} INFO - Setting next_dagrun for latest_only_with_trigger to 2025-02-20 08:00:00+00:00, run_after=2025-02-20 12:00:00+00:00
[2025-02-20T13:25:29.410+0100] {processor.py:208} INFO - Processing /Users/ajlakorman/Desktop/Data-Mining-Projects/Apache_Airflow/venv/lib/python3.10/site-packages/airflow/example_dags/example_latest_only_with_trigger.py took 0.095 seconds
[2025-02-20T13:28:08.142+0100] {processor.py:186} INFO - Started process (PID=17909) to work on /Users/ajlakorman/Desktop/Data-Mining-Projects/Apache_Airflow/venv/lib/python3.10/site-packages/airflow/example_dags/example_latest_only_with_trigger.py
[2025-02-20T13:28:08.143+0100] {processor.py:914} INFO - Processing file /Users/ajlakorman/Desktop/Data-Mining-Projects/Apache_Airflow/venv/lib/python3.10/site-packages/airflow/example_dags/example_latest_only_with_trigger.py for tasks to queue
[2025-02-20T13:28:08.143+0100] {logging_mixin.py:190} INFO - [2025-02-20T13:28:08.143+0100] {dagbag.py:588} INFO - Filling up the DagBag from /Users/ajlakorman/Desktop/Data-Mining-Projects/Apache_Airflow/venv/lib/python3.10/site-packages/airflow/example_dags/example_latest_only_with_trigger.py
[2025-02-20T13:28:08.147+0100] {processor.py:925} INFO - DAG(s) 'latest_only_with_trigger' retrieved from /Users/ajlakorman/Desktop/Data-Mining-Projects/Apache_Airflow/venv/lib/python3.10/site-packages/airflow/example_dags/example_latest_only_with_trigger.py
[2025-02-20T13:28:08.214+0100] {logging_mixin.py:190} INFO - [2025-02-20T13:28:08.214+0100] {dag.py:3239} INFO - Sync 1 DAGs
[2025-02-20T13:28:08.221+0100] {logging_mixin.py:190} INFO - [2025-02-20T13:28:08.221+0100] {dag.py:4180} INFO - Setting next_dagrun for latest_only_with_trigger to 2025-02-20 08:00:00+00:00, run_after=2025-02-20 12:00:00+00:00
[2025-02-20T13:28:08.228+0100] {processor.py:208} INFO - Processing /Users/ajlakorman/Desktop/Data-Mining-Projects/Apache_Airflow/venv/lib/python3.10/site-packages/airflow/example_dags/example_latest_only_with_trigger.py took 0.087 seconds
[2025-02-20T13:30:44.285+0100] {processor.py:186} INFO - Started process (PID=18107) to work on /Users/ajlakorman/Desktop/Data-Mining-Projects/Apache_Airflow/venv/lib/python3.10/site-packages/airflow/example_dags/example_latest_only_with_trigger.py
[2025-02-20T13:30:44.286+0100] {processor.py:914} INFO - Processing file /Users/ajlakorman/Desktop/Data-Mining-Projects/Apache_Airflow/venv/lib/python3.10/site-packages/airflow/example_dags/example_latest_only_with_trigger.py for tasks to queue
[2025-02-20T13:30:44.287+0100] {logging_mixin.py:190} INFO - [2025-02-20T13:30:44.286+0100] {dagbag.py:588} INFO - Filling up the DagBag from /Users/ajlakorman/Desktop/Data-Mining-Projects/Apache_Airflow/venv/lib/python3.10/site-packages/airflow/example_dags/example_latest_only_with_trigger.py
[2025-02-20T13:30:44.291+0100] {processor.py:925} INFO - DAG(s) 'latest_only_with_trigger' retrieved from /Users/ajlakorman/Desktop/Data-Mining-Projects/Apache_Airflow/venv/lib/python3.10/site-packages/airflow/example_dags/example_latest_only_with_trigger.py
[2025-02-20T13:30:44.355+0100] {logging_mixin.py:190} INFO - [2025-02-20T13:30:44.355+0100] {dag.py:3239} INFO - Sync 1 DAGs
[2025-02-20T13:30:44.362+0100] {logging_mixin.py:190} INFO - [2025-02-20T13:30:44.361+0100] {dag.py:4180} INFO - Setting next_dagrun for latest_only_with_trigger to 2025-02-20 08:00:00+00:00, run_after=2025-02-20 12:00:00+00:00
[2025-02-20T13:30:44.369+0100] {processor.py:208} INFO - Processing /Users/ajlakorman/Desktop/Data-Mining-Projects/Apache_Airflow/venv/lib/python3.10/site-packages/airflow/example_dags/example_latest_only_with_trigger.py took 0.085 seconds
[2025-02-20T13:33:26.009+0100] {processor.py:186} INFO - Started process (PID=18298) to work on /Users/ajlakorman/Desktop/Data-Mining-Projects/Apache_Airflow/venv/lib/python3.10/site-packages/airflow/example_dags/example_latest_only_with_trigger.py
[2025-02-20T13:33:26.010+0100] {processor.py:914} INFO - Processing file /Users/ajlakorman/Desktop/Data-Mining-Projects/Apache_Airflow/venv/lib/python3.10/site-packages/airflow/example_dags/example_latest_only_with_trigger.py for tasks to queue
[2025-02-20T13:33:26.010+0100] {logging_mixin.py:190} INFO - [2025-02-20T13:33:26.010+0100] {dagbag.py:588} INFO - Filling up the DagBag from /Users/ajlakorman/Desktop/Data-Mining-Projects/Apache_Airflow/venv/lib/python3.10/site-packages/airflow/example_dags/example_latest_only_with_trigger.py
[2025-02-20T13:33:26.014+0100] {processor.py:925} INFO - DAG(s) 'latest_only_with_trigger' retrieved from /Users/ajlakorman/Desktop/Data-Mining-Projects/Apache_Airflow/venv/lib/python3.10/site-packages/airflow/example_dags/example_latest_only_with_trigger.py
[2025-02-20T13:33:26.079+0100] {logging_mixin.py:190} INFO - [2025-02-20T13:33:26.079+0100] {dag.py:3239} INFO - Sync 1 DAGs
[2025-02-20T13:33:26.086+0100] {logging_mixin.py:190} INFO - [2025-02-20T13:33:26.085+0100] {dag.py:4180} INFO - Setting next_dagrun for latest_only_with_trigger to 2025-02-20 08:00:00+00:00, run_after=2025-02-20 12:00:00+00:00
[2025-02-20T13:33:26.093+0100] {processor.py:208} INFO - Processing /Users/ajlakorman/Desktop/Data-Mining-Projects/Apache_Airflow/venv/lib/python3.10/site-packages/airflow/example_dags/example_latest_only_with_trigger.py took 0.085 seconds
[2025-02-20T13:36:09.032+0100] {processor.py:186} INFO - Started process (PID=18635) to work on /Users/ajlakorman/Desktop/Data-Mining-Projects/Apache_Airflow/venv/lib/python3.10/site-packages/airflow/example_dags/example_latest_only_with_trigger.py
[2025-02-20T13:36:09.034+0100] {processor.py:914} INFO - Processing file /Users/ajlakorman/Desktop/Data-Mining-Projects/Apache_Airflow/venv/lib/python3.10/site-packages/airflow/example_dags/example_latest_only_with_trigger.py for tasks to queue
[2025-02-20T13:36:09.036+0100] {logging_mixin.py:190} INFO - [2025-02-20T13:36:09.036+0100] {dagbag.py:588} INFO - Filling up the DagBag from /Users/ajlakorman/Desktop/Data-Mining-Projects/Apache_Airflow/venv/lib/python3.10/site-packages/airflow/example_dags/example_latest_only_with_trigger.py
[2025-02-20T13:36:09.042+0100] {processor.py:925} INFO - DAG(s) 'latest_only_with_trigger' retrieved from /Users/ajlakorman/Desktop/Data-Mining-Projects/Apache_Airflow/venv/lib/python3.10/site-packages/airflow/example_dags/example_latest_only_with_trigger.py
[2025-02-20T13:36:09.123+0100] {logging_mixin.py:190} INFO - [2025-02-20T13:36:09.123+0100] {dag.py:3239} INFO - Sync 1 DAGs
[2025-02-20T13:36:09.131+0100] {logging_mixin.py:190} INFO - [2025-02-20T13:36:09.130+0100] {dag.py:4180} INFO - Setting next_dagrun for latest_only_with_trigger to 2025-02-20 08:00:00+00:00, run_after=2025-02-20 12:00:00+00:00
[2025-02-20T13:36:09.138+0100] {processor.py:208} INFO - Processing /Users/ajlakorman/Desktop/Data-Mining-Projects/Apache_Airflow/venv/lib/python3.10/site-packages/airflow/example_dags/example_latest_only_with_trigger.py took 0.114 seconds
[2025-02-20T13:38:48.789+0100] {processor.py:186} INFO - Started process (PID=19026) to work on /Users/ajlakorman/Desktop/Data-Mining-Projects/Apache_Airflow/venv/lib/python3.10/site-packages/airflow/example_dags/example_latest_only_with_trigger.py
[2025-02-20T13:38:48.790+0100] {processor.py:914} INFO - Processing file /Users/ajlakorman/Desktop/Data-Mining-Projects/Apache_Airflow/venv/lib/python3.10/site-packages/airflow/example_dags/example_latest_only_with_trigger.py for tasks to queue
[2025-02-20T13:38:48.790+0100] {logging_mixin.py:190} INFO - [2025-02-20T13:38:48.790+0100] {dagbag.py:588} INFO - Filling up the DagBag from /Users/ajlakorman/Desktop/Data-Mining-Projects/Apache_Airflow/venv/lib/python3.10/site-packages/airflow/example_dags/example_latest_only_with_trigger.py
[2025-02-20T13:38:48.794+0100] {processor.py:925} INFO - DAG(s) 'latest_only_with_trigger' retrieved from /Users/ajlakorman/Desktop/Data-Mining-Projects/Apache_Airflow/venv/lib/python3.10/site-packages/airflow/example_dags/example_latest_only_with_trigger.py
[2025-02-20T13:38:48.864+0100] {logging_mixin.py:190} INFO - [2025-02-20T13:38:48.864+0100] {dag.py:3239} INFO - Sync 1 DAGs
[2025-02-20T13:38:48.871+0100] {logging_mixin.py:190} INFO - [2025-02-20T13:38:48.871+0100] {dag.py:4180} INFO - Setting next_dagrun for latest_only_with_trigger to 2025-02-20 08:00:00+00:00, run_after=2025-02-20 12:00:00+00:00
[2025-02-20T13:38:48.879+0100] {processor.py:208} INFO - Processing /Users/ajlakorman/Desktop/Data-Mining-Projects/Apache_Airflow/venv/lib/python3.10/site-packages/airflow/example_dags/example_latest_only_with_trigger.py took 0.091 seconds
[2025-02-20T13:41:29.698+0100] {processor.py:186} INFO - Started process (PID=19485) to work on /Users/ajlakorman/Desktop/Data-Mining-Projects/Apache_Airflow/venv/lib/python3.10/site-packages/airflow/example_dags/example_latest_only_with_trigger.py
[2025-02-20T13:41:29.699+0100] {processor.py:914} INFO - Processing file /Users/ajlakorman/Desktop/Data-Mining-Projects/Apache_Airflow/venv/lib/python3.10/site-packages/airflow/example_dags/example_latest_only_with_trigger.py for tasks to queue
[2025-02-20T13:41:29.700+0100] {logging_mixin.py:190} INFO - [2025-02-20T13:41:29.699+0100] {dagbag.py:588} INFO - Filling up the DagBag from /Users/ajlakorman/Desktop/Data-Mining-Projects/Apache_Airflow/venv/lib/python3.10/site-packages/airflow/example_dags/example_latest_only_with_trigger.py
[2025-02-20T13:41:29.704+0100] {processor.py:925} INFO - DAG(s) 'latest_only_with_trigger' retrieved from /Users/ajlakorman/Desktop/Data-Mining-Projects/Apache_Airflow/venv/lib/python3.10/site-packages/airflow/example_dags/example_latest_only_with_trigger.py
[2025-02-20T13:41:29.771+0100] {logging_mixin.py:190} INFO - [2025-02-20T13:41:29.771+0100] {dag.py:3239} INFO - Sync 1 DAGs
[2025-02-20T13:41:29.778+0100] {logging_mixin.py:190} INFO - [2025-02-20T13:41:29.778+0100] {dag.py:4180} INFO - Setting next_dagrun for latest_only_with_trigger to 2025-02-20 08:00:00+00:00, run_after=2025-02-20 12:00:00+00:00
[2025-02-20T13:41:29.785+0100] {processor.py:208} INFO - Processing /Users/ajlakorman/Desktop/Data-Mining-Projects/Apache_Airflow/venv/lib/python3.10/site-packages/airflow/example_dags/example_latest_only_with_trigger.py took 0.090 seconds
[2025-02-20T13:44:30.836+0100] {processor.py:186} INFO - Started process (PID=19901) to work on /Users/ajlakorman/Desktop/Data-Mining-Projects/Apache_Airflow/venv/lib/python3.10/site-packages/airflow/example_dags/example_latest_only_with_trigger.py
[2025-02-20T13:44:30.837+0100] {processor.py:914} INFO - Processing file /Users/ajlakorman/Desktop/Data-Mining-Projects/Apache_Airflow/venv/lib/python3.10/site-packages/airflow/example_dags/example_latest_only_with_trigger.py for tasks to queue
[2025-02-20T13:44:30.837+0100] {logging_mixin.py:190} INFO - [2025-02-20T13:44:30.837+0100] {dagbag.py:588} INFO - Filling up the DagBag from /Users/ajlakorman/Desktop/Data-Mining-Projects/Apache_Airflow/venv/lib/python3.10/site-packages/airflow/example_dags/example_latest_only_with_trigger.py
[2025-02-20T13:44:30.842+0100] {processor.py:925} INFO - DAG(s) 'latest_only_with_trigger' retrieved from /Users/ajlakorman/Desktop/Data-Mining-Projects/Apache_Airflow/venv/lib/python3.10/site-packages/airflow/example_dags/example_latest_only_with_trigger.py
[2025-02-20T13:44:30.906+0100] {logging_mixin.py:190} INFO - [2025-02-20T13:44:30.906+0100] {dag.py:3239} INFO - Sync 1 DAGs
[2025-02-20T13:44:30.913+0100] {logging_mixin.py:190} INFO - [2025-02-20T13:44:30.913+0100] {dag.py:4180} INFO - Setting next_dagrun for latest_only_with_trigger to 2025-02-20 08:00:00+00:00, run_after=2025-02-20 12:00:00+00:00
[2025-02-20T13:44:30.921+0100] {processor.py:208} INFO - Processing /Users/ajlakorman/Desktop/Data-Mining-Projects/Apache_Airflow/venv/lib/python3.10/site-packages/airflow/example_dags/example_latest_only_with_trigger.py took 0.086 seconds
[2025-02-20T13:47:28.947+0100] {processor.py:186} INFO - Started process (PID=20463) to work on /Users/ajlakorman/Desktop/Data-Mining-Projects/Apache_Airflow/venv/lib/python3.10/site-packages/airflow/example_dags/example_latest_only_with_trigger.py
[2025-02-20T13:47:28.948+0100] {processor.py:914} INFO - Processing file /Users/ajlakorman/Desktop/Data-Mining-Projects/Apache_Airflow/venv/lib/python3.10/site-packages/airflow/example_dags/example_latest_only_with_trigger.py for tasks to queue
[2025-02-20T13:47:28.949+0100] {logging_mixin.py:190} INFO - [2025-02-20T13:47:28.949+0100] {dagbag.py:588} INFO - Filling up the DagBag from /Users/ajlakorman/Desktop/Data-Mining-Projects/Apache_Airflow/venv/lib/python3.10/site-packages/airflow/example_dags/example_latest_only_with_trigger.py
[2025-02-20T13:47:28.953+0100] {processor.py:925} INFO - DAG(s) 'latest_only_with_trigger' retrieved from /Users/ajlakorman/Desktop/Data-Mining-Projects/Apache_Airflow/venv/lib/python3.10/site-packages/airflow/example_dags/example_latest_only_with_trigger.py
[2025-02-20T13:47:29.024+0100] {logging_mixin.py:190} INFO - [2025-02-20T13:47:29.024+0100] {dag.py:3239} INFO - Sync 1 DAGs
[2025-02-20T13:47:29.033+0100] {logging_mixin.py:190} INFO - [2025-02-20T13:47:29.032+0100] {dag.py:4180} INFO - Setting next_dagrun for latest_only_with_trigger to 2025-02-20 08:00:00+00:00, run_after=2025-02-20 12:00:00+00:00
[2025-02-20T13:47:29.043+0100] {processor.py:208} INFO - Processing /Users/ajlakorman/Desktop/Data-Mining-Projects/Apache_Airflow/venv/lib/python3.10/site-packages/airflow/example_dags/example_latest_only_with_trigger.py took 0.098 seconds
[2025-02-20T13:50:25.854+0100] {processor.py:186} INFO - Started process (PID=20850) to work on /Users/ajlakorman/Desktop/Data-Mining-Projects/Apache_Airflow/venv/lib/python3.10/site-packages/airflow/example_dags/example_latest_only_with_trigger.py
[2025-02-20T13:50:25.855+0100] {processor.py:914} INFO - Processing file /Users/ajlakorman/Desktop/Data-Mining-Projects/Apache_Airflow/venv/lib/python3.10/site-packages/airflow/example_dags/example_latest_only_with_trigger.py for tasks to queue
[2025-02-20T13:50:25.855+0100] {logging_mixin.py:190} INFO - [2025-02-20T13:50:25.855+0100] {dagbag.py:588} INFO - Filling up the DagBag from /Users/ajlakorman/Desktop/Data-Mining-Projects/Apache_Airflow/venv/lib/python3.10/site-packages/airflow/example_dags/example_latest_only_with_trigger.py
[2025-02-20T13:50:25.859+0100] {processor.py:925} INFO - DAG(s) 'latest_only_with_trigger' retrieved from /Users/ajlakorman/Desktop/Data-Mining-Projects/Apache_Airflow/venv/lib/python3.10/site-packages/airflow/example_dags/example_latest_only_with_trigger.py
[2025-02-20T13:50:25.927+0100] {logging_mixin.py:190} INFO - [2025-02-20T13:50:25.927+0100] {dag.py:3239} INFO - Sync 1 DAGs
[2025-02-20T13:50:25.937+0100] {logging_mixin.py:190} INFO - [2025-02-20T13:50:25.937+0100] {dag.py:4180} INFO - Setting next_dagrun for latest_only_with_trigger to 2025-02-20 08:00:00+00:00, run_after=2025-02-20 12:00:00+00:00
[2025-02-20T13:50:25.949+0100] {processor.py:208} INFO - Processing /Users/ajlakorman/Desktop/Data-Mining-Projects/Apache_Airflow/venv/lib/python3.10/site-packages/airflow/example_dags/example_latest_only_with_trigger.py took 0.097 seconds
[2025-02-20T13:53:20.522+0100] {processor.py:186} INFO - Started process (PID=21104) to work on /Users/ajlakorman/Desktop/Data-Mining-Projects/Apache_Airflow/venv/lib/python3.10/site-packages/airflow/example_dags/example_latest_only_with_trigger.py
[2025-02-20T13:53:20.523+0100] {processor.py:914} INFO - Processing file /Users/ajlakorman/Desktop/Data-Mining-Projects/Apache_Airflow/venv/lib/python3.10/site-packages/airflow/example_dags/example_latest_only_with_trigger.py for tasks to queue
[2025-02-20T13:53:20.524+0100] {logging_mixin.py:190} INFO - [2025-02-20T13:53:20.524+0100] {dagbag.py:588} INFO - Filling up the DagBag from /Users/ajlakorman/Desktop/Data-Mining-Projects/Apache_Airflow/venv/lib/python3.10/site-packages/airflow/example_dags/example_latest_only_with_trigger.py
[2025-02-20T13:53:20.532+0100] {processor.py:925} INFO - DAG(s) 'latest_only_with_trigger' retrieved from /Users/ajlakorman/Desktop/Data-Mining-Projects/Apache_Airflow/venv/lib/python3.10/site-packages/airflow/example_dags/example_latest_only_with_trigger.py
[2025-02-20T13:53:20.600+0100] {logging_mixin.py:190} INFO - [2025-02-20T13:53:20.600+0100] {dag.py:3239} INFO - Sync 1 DAGs
[2025-02-20T13:53:20.607+0100] {logging_mixin.py:190} INFO - [2025-02-20T13:53:20.607+0100] {dag.py:4180} INFO - Setting next_dagrun for latest_only_with_trigger to 2025-02-20 08:00:00+00:00, run_after=2025-02-20 12:00:00+00:00
[2025-02-20T13:53:20.614+0100] {processor.py:208} INFO - Processing /Users/ajlakorman/Desktop/Data-Mining-Projects/Apache_Airflow/venv/lib/python3.10/site-packages/airflow/example_dags/example_latest_only_with_trigger.py took 0.093 seconds
[2025-02-20T13:56:13.616+0100] {processor.py:186} INFO - Started process (PID=21332) to work on /Users/ajlakorman/Desktop/Data-Mining-Projects/Apache_Airflow/venv/lib/python3.10/site-packages/airflow/example_dags/example_latest_only_with_trigger.py
[2025-02-20T13:56:13.617+0100] {processor.py:914} INFO - Processing file /Users/ajlakorman/Desktop/Data-Mining-Projects/Apache_Airflow/venv/lib/python3.10/site-packages/airflow/example_dags/example_latest_only_with_trigger.py for tasks to queue
[2025-02-20T13:56:13.618+0100] {logging_mixin.py:190} INFO - [2025-02-20T13:56:13.618+0100] {dagbag.py:588} INFO - Filling up the DagBag from /Users/ajlakorman/Desktop/Data-Mining-Projects/Apache_Airflow/venv/lib/python3.10/site-packages/airflow/example_dags/example_latest_only_with_trigger.py
[2025-02-20T13:56:13.622+0100] {processor.py:925} INFO - DAG(s) 'latest_only_with_trigger' retrieved from /Users/ajlakorman/Desktop/Data-Mining-Projects/Apache_Airflow/venv/lib/python3.10/site-packages/airflow/example_dags/example_latest_only_with_trigger.py
[2025-02-20T13:56:13.691+0100] {logging_mixin.py:190} INFO - [2025-02-20T13:56:13.691+0100] {dag.py:3239} INFO - Sync 1 DAGs
[2025-02-20T13:56:13.701+0100] {logging_mixin.py:190} INFO - [2025-02-20T13:56:13.701+0100] {dag.py:4180} INFO - Setting next_dagrun for latest_only_with_trigger to 2025-02-20 08:00:00+00:00, run_after=2025-02-20 12:00:00+00:00
[2025-02-20T13:56:13.709+0100] {processor.py:208} INFO - Processing /Users/ajlakorman/Desktop/Data-Mining-Projects/Apache_Airflow/venv/lib/python3.10/site-packages/airflow/example_dags/example_latest_only_with_trigger.py took 0.095 seconds
[2025-02-20T13:59:08.828+0100] {processor.py:186} INFO - Started process (PID=21574) to work on /Users/ajlakorman/Desktop/Data-Mining-Projects/Apache_Airflow/venv/lib/python3.10/site-packages/airflow/example_dags/example_latest_only_with_trigger.py
[2025-02-20T13:59:08.829+0100] {processor.py:914} INFO - Processing file /Users/ajlakorman/Desktop/Data-Mining-Projects/Apache_Airflow/venv/lib/python3.10/site-packages/airflow/example_dags/example_latest_only_with_trigger.py for tasks to queue
[2025-02-20T13:59:08.830+0100] {logging_mixin.py:190} INFO - [2025-02-20T13:59:08.830+0100] {dagbag.py:588} INFO - Filling up the DagBag from /Users/ajlakorman/Desktop/Data-Mining-Projects/Apache_Airflow/venv/lib/python3.10/site-packages/airflow/example_dags/example_latest_only_with_trigger.py
[2025-02-20T13:59:08.833+0100] {processor.py:925} INFO - DAG(s) 'latest_only_with_trigger' retrieved from /Users/ajlakorman/Desktop/Data-Mining-Projects/Apache_Airflow/venv/lib/python3.10/site-packages/airflow/example_dags/example_latest_only_with_trigger.py
[2025-02-20T13:59:08.898+0100] {logging_mixin.py:190} INFO - [2025-02-20T13:59:08.898+0100] {dag.py:3239} INFO - Sync 1 DAGs
[2025-02-20T13:59:08.905+0100] {logging_mixin.py:190} INFO - [2025-02-20T13:59:08.905+0100] {dag.py:4180} INFO - Setting next_dagrun for latest_only_with_trigger to 2025-02-20 08:00:00+00:00, run_after=2025-02-20 12:00:00+00:00
[2025-02-20T13:59:08.913+0100] {processor.py:208} INFO - Processing /Users/ajlakorman/Desktop/Data-Mining-Projects/Apache_Airflow/venv/lib/python3.10/site-packages/airflow/example_dags/example_latest_only_with_trigger.py took 0.086 seconds
[2025-02-20T14:02:06.380+0100] {processor.py:186} INFO - Started process (PID=22035) to work on /Users/ajlakorman/Desktop/Data-Mining-Projects/Apache_Airflow/venv/lib/python3.10/site-packages/airflow/example_dags/example_latest_only_with_trigger.py
[2025-02-20T14:02:06.381+0100] {processor.py:914} INFO - Processing file /Users/ajlakorman/Desktop/Data-Mining-Projects/Apache_Airflow/venv/lib/python3.10/site-packages/airflow/example_dags/example_latest_only_with_trigger.py for tasks to queue
[2025-02-20T14:02:06.381+0100] {logging_mixin.py:190} INFO - [2025-02-20T14:02:06.381+0100] {dagbag.py:588} INFO - Filling up the DagBag from /Users/ajlakorman/Desktop/Data-Mining-Projects/Apache_Airflow/venv/lib/python3.10/site-packages/airflow/example_dags/example_latest_only_with_trigger.py
[2025-02-20T14:02:06.385+0100] {processor.py:925} INFO - DAG(s) 'latest_only_with_trigger' retrieved from /Users/ajlakorman/Desktop/Data-Mining-Projects/Apache_Airflow/venv/lib/python3.10/site-packages/airflow/example_dags/example_latest_only_with_trigger.py
[2025-02-20T14:02:06.456+0100] {logging_mixin.py:190} INFO - [2025-02-20T14:02:06.456+0100] {dag.py:3239} INFO - Sync 1 DAGs
[2025-02-20T14:02:06.463+0100] {logging_mixin.py:190} INFO - [2025-02-20T14:02:06.463+0100] {dag.py:4180} INFO - Setting next_dagrun for latest_only_with_trigger to 2025-02-20 08:00:00+00:00, run_after=2025-02-20 12:00:00+00:00
[2025-02-20T14:02:06.470+0100] {processor.py:208} INFO - Processing /Users/ajlakorman/Desktop/Data-Mining-Projects/Apache_Airflow/venv/lib/python3.10/site-packages/airflow/example_dags/example_latest_only_with_trigger.py took 0.092 seconds
[2025-02-20T14:05:02.620+0100] {processor.py:186} INFO - Started process (PID=22379) to work on /Users/ajlakorman/Desktop/Data-Mining-Projects/Apache_Airflow/venv/lib/python3.10/site-packages/airflow/example_dags/example_latest_only_with_trigger.py
[2025-02-20T14:05:02.622+0100] {processor.py:914} INFO - Processing file /Users/ajlakorman/Desktop/Data-Mining-Projects/Apache_Airflow/venv/lib/python3.10/site-packages/airflow/example_dags/example_latest_only_with_trigger.py for tasks to queue
[2025-02-20T14:05:02.622+0100] {logging_mixin.py:190} INFO - [2025-02-20T14:05:02.622+0100] {dagbag.py:588} INFO - Filling up the DagBag from /Users/ajlakorman/Desktop/Data-Mining-Projects/Apache_Airflow/venv/lib/python3.10/site-packages/airflow/example_dags/example_latest_only_with_trigger.py
[2025-02-20T14:05:02.626+0100] {processor.py:925} INFO - DAG(s) 'latest_only_with_trigger' retrieved from /Users/ajlakorman/Desktop/Data-Mining-Projects/Apache_Airflow/venv/lib/python3.10/site-packages/airflow/example_dags/example_latest_only_with_trigger.py
[2025-02-20T14:05:02.690+0100] {logging_mixin.py:190} INFO - [2025-02-20T14:05:02.690+0100] {dag.py:3239} INFO - Sync 1 DAGs
[2025-02-20T14:05:02.697+0100] {logging_mixin.py:190} INFO - [2025-02-20T14:05:02.697+0100] {dag.py:4180} INFO - Setting next_dagrun for latest_only_with_trigger to 2025-02-20 08:00:00+00:00, run_after=2025-02-20 12:00:00+00:00
[2025-02-20T14:05:02.704+0100] {processor.py:208} INFO - Processing /Users/ajlakorman/Desktop/Data-Mining-Projects/Apache_Airflow/venv/lib/python3.10/site-packages/airflow/example_dags/example_latest_only_with_trigger.py took 0.085 seconds
[2025-02-20T14:08:02.239+0100] {processor.py:186} INFO - Started process (PID=22756) to work on /Users/ajlakorman/Desktop/Data-Mining-Projects/Apache_Airflow/venv/lib/python3.10/site-packages/airflow/example_dags/example_latest_only_with_trigger.py
[2025-02-20T14:08:02.239+0100] {processor.py:914} INFO - Processing file /Users/ajlakorman/Desktop/Data-Mining-Projects/Apache_Airflow/venv/lib/python3.10/site-packages/airflow/example_dags/example_latest_only_with_trigger.py for tasks to queue
[2025-02-20T14:08:02.240+0100] {logging_mixin.py:190} INFO - [2025-02-20T14:08:02.240+0100] {dagbag.py:588} INFO - Filling up the DagBag from /Users/ajlakorman/Desktop/Data-Mining-Projects/Apache_Airflow/venv/lib/python3.10/site-packages/airflow/example_dags/example_latest_only_with_trigger.py
[2025-02-20T14:08:02.244+0100] {processor.py:925} INFO - DAG(s) 'latest_only_with_trigger' retrieved from /Users/ajlakorman/Desktop/Data-Mining-Projects/Apache_Airflow/venv/lib/python3.10/site-packages/airflow/example_dags/example_latest_only_with_trigger.py
[2025-02-20T14:08:02.311+0100] {logging_mixin.py:190} INFO - [2025-02-20T14:08:02.311+0100] {dag.py:3239} INFO - Sync 1 DAGs
[2025-02-20T14:08:02.319+0100] {logging_mixin.py:190} INFO - [2025-02-20T14:08:02.319+0100] {dag.py:4180} INFO - Setting next_dagrun for latest_only_with_trigger to 2025-02-20 08:00:00+00:00, run_after=2025-02-20 12:00:00+00:00
[2025-02-20T14:08:02.329+0100] {processor.py:208} INFO - Processing /Users/ajlakorman/Desktop/Data-Mining-Projects/Apache_Airflow/venv/lib/python3.10/site-packages/airflow/example_dags/example_latest_only_with_trigger.py took 0.092 seconds
[2025-02-20T14:10:58.313+0100] {processor.py:186} INFO - Started process (PID=23082) to work on /Users/ajlakorman/Desktop/Data-Mining-Projects/Apache_Airflow/venv/lib/python3.10/site-packages/airflow/example_dags/example_latest_only_with_trigger.py
[2025-02-20T14:10:58.314+0100] {processor.py:914} INFO - Processing file /Users/ajlakorman/Desktop/Data-Mining-Projects/Apache_Airflow/venv/lib/python3.10/site-packages/airflow/example_dags/example_latest_only_with_trigger.py for tasks to queue
[2025-02-20T14:10:58.314+0100] {logging_mixin.py:190} INFO - [2025-02-20T14:10:58.314+0100] {dagbag.py:588} INFO - Filling up the DagBag from /Users/ajlakorman/Desktop/Data-Mining-Projects/Apache_Airflow/venv/lib/python3.10/site-packages/airflow/example_dags/example_latest_only_with_trigger.py
[2025-02-20T14:10:58.319+0100] {processor.py:925} INFO - DAG(s) 'latest_only_with_trigger' retrieved from /Users/ajlakorman/Desktop/Data-Mining-Projects/Apache_Airflow/venv/lib/python3.10/site-packages/airflow/example_dags/example_latest_only_with_trigger.py
[2025-02-20T14:10:58.385+0100] {logging_mixin.py:190} INFO - [2025-02-20T14:10:58.384+0100] {dag.py:3239} INFO - Sync 1 DAGs
[2025-02-20T14:10:58.391+0100] {logging_mixin.py:190} INFO - [2025-02-20T14:10:58.391+0100] {dag.py:4180} INFO - Setting next_dagrun for latest_only_with_trigger to 2025-02-20 08:00:00+00:00, run_after=2025-02-20 12:00:00+00:00
[2025-02-20T14:10:58.398+0100] {processor.py:208} INFO - Processing /Users/ajlakorman/Desktop/Data-Mining-Projects/Apache_Airflow/venv/lib/python3.10/site-packages/airflow/example_dags/example_latest_only_with_trigger.py took 0.087 seconds
[2025-02-20T14:14:03.042+0100] {processor.py:186} INFO - Started process (PID=23526) to work on /Users/ajlakorman/Desktop/Data-Mining-Projects/Apache_Airflow/venv/lib/python3.10/site-packages/airflow/example_dags/example_latest_only_with_trigger.py
[2025-02-20T14:14:03.043+0100] {processor.py:914} INFO - Processing file /Users/ajlakorman/Desktop/Data-Mining-Projects/Apache_Airflow/venv/lib/python3.10/site-packages/airflow/example_dags/example_latest_only_with_trigger.py for tasks to queue
[2025-02-20T14:14:03.044+0100] {logging_mixin.py:190} INFO - [2025-02-20T14:14:03.044+0100] {dagbag.py:588} INFO - Filling up the DagBag from /Users/ajlakorman/Desktop/Data-Mining-Projects/Apache_Airflow/venv/lib/python3.10/site-packages/airflow/example_dags/example_latest_only_with_trigger.py
[2025-02-20T14:14:03.048+0100] {processor.py:925} INFO - DAG(s) 'latest_only_with_trigger' retrieved from /Users/ajlakorman/Desktop/Data-Mining-Projects/Apache_Airflow/venv/lib/python3.10/site-packages/airflow/example_dags/example_latest_only_with_trigger.py
[2025-02-20T14:14:03.125+0100] {logging_mixin.py:190} INFO - [2025-02-20T14:14:03.124+0100] {dag.py:3239} INFO - Sync 1 DAGs
[2025-02-20T14:14:03.131+0100] {logging_mixin.py:190} INFO - [2025-02-20T14:14:03.131+0100] {dag.py:4180} INFO - Setting next_dagrun for latest_only_with_trigger to 2025-02-20 08:00:00+00:00, run_after=2025-02-20 12:00:00+00:00
[2025-02-20T14:14:03.138+0100] {processor.py:208} INFO - Processing /Users/ajlakorman/Desktop/Data-Mining-Projects/Apache_Airflow/venv/lib/python3.10/site-packages/airflow/example_dags/example_latest_only_with_trigger.py took 0.098 seconds
[2025-02-20T14:16:53.635+0100] {processor.py:186} INFO - Started process (PID=23765) to work on /Users/ajlakorman/Desktop/Data-Mining-Projects/Apache_Airflow/venv/lib/python3.10/site-packages/airflow/example_dags/example_latest_only_with_trigger.py
[2025-02-20T14:16:53.636+0100] {processor.py:914} INFO - Processing file /Users/ajlakorman/Desktop/Data-Mining-Projects/Apache_Airflow/venv/lib/python3.10/site-packages/airflow/example_dags/example_latest_only_with_trigger.py for tasks to queue
[2025-02-20T14:16:53.637+0100] {logging_mixin.py:190} INFO - [2025-02-20T14:16:53.637+0100] {dagbag.py:588} INFO - Filling up the DagBag from /Users/ajlakorman/Desktop/Data-Mining-Projects/Apache_Airflow/venv/lib/python3.10/site-packages/airflow/example_dags/example_latest_only_with_trigger.py
[2025-02-20T14:16:53.641+0100] {processor.py:925} INFO - DAG(s) 'latest_only_with_trigger' retrieved from /Users/ajlakorman/Desktop/Data-Mining-Projects/Apache_Airflow/venv/lib/python3.10/site-packages/airflow/example_dags/example_latest_only_with_trigger.py
[2025-02-20T14:16:53.707+0100] {logging_mixin.py:190} INFO - [2025-02-20T14:16:53.707+0100] {dag.py:3239} INFO - Sync 1 DAGs
[2025-02-20T14:16:53.714+0100] {logging_mixin.py:190} INFO - [2025-02-20T14:16:53.714+0100] {dag.py:4180} INFO - Setting next_dagrun for latest_only_with_trigger to 2025-02-20 08:00:00+00:00, run_after=2025-02-20 12:00:00+00:00
[2025-02-20T14:16:53.721+0100] {processor.py:208} INFO - Processing /Users/ajlakorman/Desktop/Data-Mining-Projects/Apache_Airflow/venv/lib/python3.10/site-packages/airflow/example_dags/example_latest_only_with_trigger.py took 0.087 seconds
