[2025-02-20T10:53:18.923+0100] {processor.py:186} INFO - Started process (PID=6374) to work on /Users/ajlakorman/Desktop/Data-Mining-Projects/Apache_Airflow/venv/lib/python3.10/site-packages/airflow/example_dags/example_branch_python_dop_operator_3.py
[2025-02-20T10:53:18.924+0100] {processor.py:914} INFO - Processing file /Users/ajlakorman/Desktop/Data-Mining-Projects/Apache_Airflow/venv/lib/python3.10/site-packages/airflow/example_dags/example_branch_python_dop_operator_3.py for tasks to queue
[2025-02-20T10:53:18.924+0100] {logging_mixin.py:190} INFO - [2025-02-20T10:53:18.924+0100] {dagbag.py:588} INFO - Filling up the DagBag from /Users/ajlakorman/Desktop/Data-Mining-Projects/Apache_Airflow/venv/lib/python3.10/site-packages/airflow/example_dags/example_branch_python_dop_operator_3.py
[2025-02-20T10:53:18.941+0100] {processor.py:925} INFO - DAG(s) 'example_branch_dop_operator_v3' retrieved from /Users/ajlakorman/Desktop/Data-Mining-Projects/Apache_Airflow/venv/lib/python3.10/site-packages/airflow/example_dags/example_branch_python_dop_operator_3.py
[2025-02-20T10:53:19.045+0100] {logging_mixin.py:190} INFO - [2025-02-20T10:53:19.045+0100] {override.py:1912} INFO - Created Permission View: can delete on DAG:example_branch_dop_operator_v3
[2025-02-20T10:53:19.050+0100] {logging_mixin.py:190} INFO - [2025-02-20T10:53:19.049+0100] {override.py:1912} INFO - Created Permission View: can edit on DAG:example_branch_dop_operator_v3
[2025-02-20T10:53:19.053+0100] {logging_mixin.py:190} INFO - [2025-02-20T10:53:19.052+0100] {override.py:1912} INFO - Created Permission View: can read on DAG:example_branch_dop_operator_v3
[2025-02-20T10:53:19.056+0100] {logging_mixin.py:190} INFO - [2025-02-20T10:53:19.056+0100] {override.py:1912} INFO - Created Permission View: can delete on DAG Run:example_branch_dop_operator_v3
[2025-02-20T10:53:19.058+0100] {logging_mixin.py:190} INFO - [2025-02-20T10:53:19.058+0100] {override.py:1912} INFO - Created Permission View: can create on DAG Run:example_branch_dop_operator_v3
[2025-02-20T10:53:19.060+0100] {logging_mixin.py:190} INFO - [2025-02-20T10:53:19.060+0100] {override.py:1912} INFO - Created Permission View: menu access on DAG Run:example_branch_dop_operator_v3
[2025-02-20T10:53:19.062+0100] {logging_mixin.py:190} INFO - [2025-02-20T10:53:19.062+0100] {override.py:1912} INFO - Created Permission View: can read on DAG Run:example_branch_dop_operator_v3
[2025-02-20T10:53:19.063+0100] {logging_mixin.py:190} INFO - [2025-02-20T10:53:19.063+0100] {dag.py:3239} INFO - Sync 1 DAGs
[2025-02-20T10:53:19.068+0100] {logging_mixin.py:190} INFO - [2025-02-20T10:53:19.068+0100] {dag.py:3262} INFO - Creating ORM DAG for example_branch_dop_operator_v3
[2025-02-20T10:53:19.073+0100] {logging_mixin.py:190} INFO - [2025-02-20T10:53:19.073+0100] {dag.py:4180} INFO - Setting next_dagrun for example_branch_dop_operator_v3 to 2025-02-20 09:52:00+00:00, run_after=2025-02-20 09:53:00+00:00
[2025-02-20T10:53:19.080+0100] {processor.py:208} INFO - Processing /Users/ajlakorman/Desktop/Data-Mining-Projects/Apache_Airflow/venv/lib/python3.10/site-packages/airflow/example_dags/example_branch_python_dop_operator_3.py took 0.158 seconds
[2025-02-20T10:55:49.716+0100] {processor.py:186} INFO - Started process (PID=6713) to work on /Users/ajlakorman/Desktop/Data-Mining-Projects/Apache_Airflow/venv/lib/python3.10/site-packages/airflow/example_dags/example_branch_python_dop_operator_3.py
[2025-02-20T10:55:49.717+0100] {processor.py:914} INFO - Processing file /Users/ajlakorman/Desktop/Data-Mining-Projects/Apache_Airflow/venv/lib/python3.10/site-packages/airflow/example_dags/example_branch_python_dop_operator_3.py for tasks to queue
[2025-02-20T10:55:49.717+0100] {logging_mixin.py:190} INFO - [2025-02-20T10:55:49.717+0100] {dagbag.py:588} INFO - Filling up the DagBag from /Users/ajlakorman/Desktop/Data-Mining-Projects/Apache_Airflow/venv/lib/python3.10/site-packages/airflow/example_dags/example_branch_python_dop_operator_3.py
[2025-02-20T10:55:49.733+0100] {processor.py:925} INFO - DAG(s) 'example_branch_dop_operator_v3' retrieved from /Users/ajlakorman/Desktop/Data-Mining-Projects/Apache_Airflow/venv/lib/python3.10/site-packages/airflow/example_dags/example_branch_python_dop_operator_3.py
[2025-02-20T10:55:49.796+0100] {logging_mixin.py:190} INFO - [2025-02-20T10:55:49.796+0100] {dag.py:3239} INFO - Sync 1 DAGs
[2025-02-20T10:55:49.805+0100] {logging_mixin.py:190} INFO - [2025-02-20T10:55:49.805+0100] {dag.py:4180} INFO - Setting next_dagrun for example_branch_dop_operator_v3 to 2025-02-20 09:54:00+00:00, run_after=2025-02-20 09:55:00+00:00
[2025-02-20T10:55:49.812+0100] {processor.py:208} INFO - Processing /Users/ajlakorman/Desktop/Data-Mining-Projects/Apache_Airflow/venv/lib/python3.10/site-packages/airflow/example_dags/example_branch_python_dop_operator_3.py took 0.097 seconds
[2025-02-20T10:58:38.614+0100] {processor.py:186} INFO - Started process (PID=7003) to work on /Users/ajlakorman/Desktop/Data-Mining-Projects/Apache_Airflow/venv/lib/python3.10/site-packages/airflow/example_dags/example_branch_python_dop_operator_3.py
[2025-02-20T10:58:38.614+0100] {processor.py:914} INFO - Processing file /Users/ajlakorman/Desktop/Data-Mining-Projects/Apache_Airflow/venv/lib/python3.10/site-packages/airflow/example_dags/example_branch_python_dop_operator_3.py for tasks to queue
[2025-02-20T10:58:38.615+0100] {logging_mixin.py:190} INFO - [2025-02-20T10:58:38.615+0100] {dagbag.py:588} INFO - Filling up the DagBag from /Users/ajlakorman/Desktop/Data-Mining-Projects/Apache_Airflow/venv/lib/python3.10/site-packages/airflow/example_dags/example_branch_python_dop_operator_3.py
[2025-02-20T10:58:38.632+0100] {processor.py:925} INFO - DAG(s) 'example_branch_dop_operator_v3' retrieved from /Users/ajlakorman/Desktop/Data-Mining-Projects/Apache_Airflow/venv/lib/python3.10/site-packages/airflow/example_dags/example_branch_python_dop_operator_3.py
[2025-02-20T10:58:38.694+0100] {logging_mixin.py:190} INFO - [2025-02-20T10:58:38.694+0100] {dag.py:3239} INFO - Sync 1 DAGs
[2025-02-20T10:58:38.703+0100] {logging_mixin.py:190} INFO - [2025-02-20T10:58:38.703+0100] {dag.py:4180} INFO - Setting next_dagrun for example_branch_dop_operator_v3 to 2025-02-20 09:57:00+00:00, run_after=2025-02-20 09:58:00+00:00
[2025-02-20T10:58:38.710+0100] {processor.py:208} INFO - Processing /Users/ajlakorman/Desktop/Data-Mining-Projects/Apache_Airflow/venv/lib/python3.10/site-packages/airflow/example_dags/example_branch_python_dop_operator_3.py took 0.106 seconds
[2025-02-20T11:01:14.342+0100] {processor.py:186} INFO - Started process (PID=7343) to work on /Users/ajlakorman/Desktop/Data-Mining-Projects/Apache_Airflow/venv/lib/python3.10/site-packages/airflow/example_dags/example_branch_python_dop_operator_3.py
[2025-02-20T11:01:14.344+0100] {processor.py:914} INFO - Processing file /Users/ajlakorman/Desktop/Data-Mining-Projects/Apache_Airflow/venv/lib/python3.10/site-packages/airflow/example_dags/example_branch_python_dop_operator_3.py for tasks to queue
[2025-02-20T11:01:14.344+0100] {logging_mixin.py:190} INFO - [2025-02-20T11:01:14.344+0100] {dagbag.py:588} INFO - Filling up the DagBag from /Users/ajlakorman/Desktop/Data-Mining-Projects/Apache_Airflow/venv/lib/python3.10/site-packages/airflow/example_dags/example_branch_python_dop_operator_3.py
[2025-02-20T11:01:14.360+0100] {processor.py:925} INFO - DAG(s) 'example_branch_dop_operator_v3' retrieved from /Users/ajlakorman/Desktop/Data-Mining-Projects/Apache_Airflow/venv/lib/python3.10/site-packages/airflow/example_dags/example_branch_python_dop_operator_3.py
[2025-02-20T11:01:14.518+0100] {logging_mixin.py:190} INFO - [2025-02-20T11:01:14.518+0100] {dag.py:3239} INFO - Sync 1 DAGs
[2025-02-20T11:01:14.526+0100] {logging_mixin.py:190} INFO - [2025-02-20T11:01:14.526+0100] {dag.py:4180} INFO - Setting next_dagrun for example_branch_dop_operator_v3 to 2025-02-20 10:00:00+00:00, run_after=2025-02-20 10:01:00+00:00
[2025-02-20T11:01:14.534+0100] {processor.py:208} INFO - Processing /Users/ajlakorman/Desktop/Data-Mining-Projects/Apache_Airflow/venv/lib/python3.10/site-packages/airflow/example_dags/example_branch_python_dop_operator_3.py took 0.193 seconds
[2025-02-20T11:03:38.667+0100] {processor.py:186} INFO - Started process (PID=7592) to work on /Users/ajlakorman/Desktop/Data-Mining-Projects/Apache_Airflow/venv/lib/python3.10/site-packages/airflow/example_dags/example_branch_python_dop_operator_3.py
[2025-02-20T11:03:38.668+0100] {processor.py:914} INFO - Processing file /Users/ajlakorman/Desktop/Data-Mining-Projects/Apache_Airflow/venv/lib/python3.10/site-packages/airflow/example_dags/example_branch_python_dop_operator_3.py for tasks to queue
[2025-02-20T11:03:38.668+0100] {logging_mixin.py:190} INFO - [2025-02-20T11:03:38.668+0100] {dagbag.py:588} INFO - Filling up the DagBag from /Users/ajlakorman/Desktop/Data-Mining-Projects/Apache_Airflow/venv/lib/python3.10/site-packages/airflow/example_dags/example_branch_python_dop_operator_3.py
[2025-02-20T11:03:38.688+0100] {processor.py:925} INFO - DAG(s) 'example_branch_dop_operator_v3' retrieved from /Users/ajlakorman/Desktop/Data-Mining-Projects/Apache_Airflow/venv/lib/python3.10/site-packages/airflow/example_dags/example_branch_python_dop_operator_3.py
[2025-02-20T11:03:38.772+0100] {logging_mixin.py:190} INFO - [2025-02-20T11:03:38.772+0100] {dag.py:3239} INFO - Sync 1 DAGs
[2025-02-20T11:03:38.784+0100] {logging_mixin.py:190} INFO - [2025-02-20T11:03:38.784+0100] {dag.py:4180} INFO - Setting next_dagrun for example_branch_dop_operator_v3 to 2025-02-20 10:02:00+00:00, run_after=2025-02-20 10:03:00+00:00
[2025-02-20T11:03:38.794+0100] {processor.py:208} INFO - Processing /Users/ajlakorman/Desktop/Data-Mining-Projects/Apache_Airflow/venv/lib/python3.10/site-packages/airflow/example_dags/example_branch_python_dop_operator_3.py took 0.129 seconds
[2025-02-20T11:05:54.855+0100] {processor.py:186} INFO - Started process (PID=7893) to work on /Users/ajlakorman/Desktop/Data-Mining-Projects/Apache_Airflow/venv/lib/python3.10/site-packages/airflow/example_dags/example_branch_python_dop_operator_3.py
[2025-02-20T11:05:54.856+0100] {processor.py:914} INFO - Processing file /Users/ajlakorman/Desktop/Data-Mining-Projects/Apache_Airflow/venv/lib/python3.10/site-packages/airflow/example_dags/example_branch_python_dop_operator_3.py for tasks to queue
[2025-02-20T11:05:54.856+0100] {logging_mixin.py:190} INFO - [2025-02-20T11:05:54.856+0100] {dagbag.py:588} INFO - Filling up the DagBag from /Users/ajlakorman/Desktop/Data-Mining-Projects/Apache_Airflow/venv/lib/python3.10/site-packages/airflow/example_dags/example_branch_python_dop_operator_3.py
[2025-02-20T11:05:54.873+0100] {processor.py:925} INFO - DAG(s) 'example_branch_dop_operator_v3' retrieved from /Users/ajlakorman/Desktop/Data-Mining-Projects/Apache_Airflow/venv/lib/python3.10/site-packages/airflow/example_dags/example_branch_python_dop_operator_3.py
[2025-02-20T11:05:54.941+0100] {logging_mixin.py:190} INFO - [2025-02-20T11:05:54.941+0100] {dag.py:3239} INFO - Sync 1 DAGs
[2025-02-20T11:05:54.951+0100] {logging_mixin.py:190} INFO - [2025-02-20T11:05:54.950+0100] {dag.py:4180} INFO - Setting next_dagrun for example_branch_dop_operator_v3 to 2025-02-20 10:04:00+00:00, run_after=2025-02-20 10:05:00+00:00
[2025-02-20T11:05:54.958+0100] {processor.py:208} INFO - Processing /Users/ajlakorman/Desktop/Data-Mining-Projects/Apache_Airflow/venv/lib/python3.10/site-packages/airflow/example_dags/example_branch_python_dop_operator_3.py took 0.105 seconds
[2025-02-20T11:08:14.606+0100] {processor.py:186} INFO - Started process (PID=8199) to work on /Users/ajlakorman/Desktop/Data-Mining-Projects/Apache_Airflow/venv/lib/python3.10/site-packages/airflow/example_dags/example_branch_python_dop_operator_3.py
[2025-02-20T11:08:14.607+0100] {processor.py:914} INFO - Processing file /Users/ajlakorman/Desktop/Data-Mining-Projects/Apache_Airflow/venv/lib/python3.10/site-packages/airflow/example_dags/example_branch_python_dop_operator_3.py for tasks to queue
[2025-02-20T11:08:14.607+0100] {logging_mixin.py:190} INFO - [2025-02-20T11:08:14.607+0100] {dagbag.py:588} INFO - Filling up the DagBag from /Users/ajlakorman/Desktop/Data-Mining-Projects/Apache_Airflow/venv/lib/python3.10/site-packages/airflow/example_dags/example_branch_python_dop_operator_3.py
[2025-02-20T11:08:14.623+0100] {processor.py:925} INFO - DAG(s) 'example_branch_dop_operator_v3' retrieved from /Users/ajlakorman/Desktop/Data-Mining-Projects/Apache_Airflow/venv/lib/python3.10/site-packages/airflow/example_dags/example_branch_python_dop_operator_3.py
[2025-02-20T11:08:14.686+0100] {logging_mixin.py:190} INFO - [2025-02-20T11:08:14.686+0100] {dag.py:3239} INFO - Sync 1 DAGs
[2025-02-20T11:08:14.695+0100] {logging_mixin.py:190} INFO - [2025-02-20T11:08:14.695+0100] {dag.py:4180} INFO - Setting next_dagrun for example_branch_dop_operator_v3 to 2025-02-20 10:07:00+00:00, run_after=2025-02-20 10:08:00+00:00
[2025-02-20T11:08:14.701+0100] {processor.py:208} INFO - Processing /Users/ajlakorman/Desktop/Data-Mining-Projects/Apache_Airflow/venv/lib/python3.10/site-packages/airflow/example_dags/example_branch_python_dop_operator_3.py took 0.097 seconds
[2025-02-20T11:10:34.749+0100] {processor.py:186} INFO - Started process (PID=8452) to work on /Users/ajlakorman/Desktop/Data-Mining-Projects/Apache_Airflow/venv/lib/python3.10/site-packages/airflow/example_dags/example_branch_python_dop_operator_3.py
[2025-02-20T11:10:34.750+0100] {processor.py:914} INFO - Processing file /Users/ajlakorman/Desktop/Data-Mining-Projects/Apache_Airflow/venv/lib/python3.10/site-packages/airflow/example_dags/example_branch_python_dop_operator_3.py for tasks to queue
[2025-02-20T11:10:34.751+0100] {logging_mixin.py:190} INFO - [2025-02-20T11:10:34.751+0100] {dagbag.py:588} INFO - Filling up the DagBag from /Users/ajlakorman/Desktop/Data-Mining-Projects/Apache_Airflow/venv/lib/python3.10/site-packages/airflow/example_dags/example_branch_python_dop_operator_3.py
[2025-02-20T11:10:34.766+0100] {processor.py:925} INFO - DAG(s) 'example_branch_dop_operator_v3' retrieved from /Users/ajlakorman/Desktop/Data-Mining-Projects/Apache_Airflow/venv/lib/python3.10/site-packages/airflow/example_dags/example_branch_python_dop_operator_3.py
[2025-02-20T11:10:34.827+0100] {logging_mixin.py:190} INFO - [2025-02-20T11:10:34.827+0100] {dag.py:3239} INFO - Sync 1 DAGs
[2025-02-20T11:10:34.837+0100] {logging_mixin.py:190} INFO - [2025-02-20T11:10:34.837+0100] {dag.py:4180} INFO - Setting next_dagrun for example_branch_dop_operator_v3 to 2025-02-20 10:09:00+00:00, run_after=2025-02-20 10:10:00+00:00
[2025-02-20T11:10:34.846+0100] {processor.py:208} INFO - Processing /Users/ajlakorman/Desktop/Data-Mining-Projects/Apache_Airflow/venv/lib/python3.10/site-packages/airflow/example_dags/example_branch_python_dop_operator_3.py took 0.098 seconds
[2025-02-20T11:12:51.467+0100] {processor.py:186} INFO - Started process (PID=8667) to work on /Users/ajlakorman/Desktop/Data-Mining-Projects/Apache_Airflow/venv/lib/python3.10/site-packages/airflow/example_dags/example_branch_python_dop_operator_3.py
[2025-02-20T11:12:51.468+0100] {processor.py:914} INFO - Processing file /Users/ajlakorman/Desktop/Data-Mining-Projects/Apache_Airflow/venv/lib/python3.10/site-packages/airflow/example_dags/example_branch_python_dop_operator_3.py for tasks to queue
[2025-02-20T11:12:51.468+0100] {logging_mixin.py:190} INFO - [2025-02-20T11:12:51.468+0100] {dagbag.py:588} INFO - Filling up the DagBag from /Users/ajlakorman/Desktop/Data-Mining-Projects/Apache_Airflow/venv/lib/python3.10/site-packages/airflow/example_dags/example_branch_python_dop_operator_3.py
[2025-02-20T11:12:51.486+0100] {processor.py:925} INFO - DAG(s) 'example_branch_dop_operator_v3' retrieved from /Users/ajlakorman/Desktop/Data-Mining-Projects/Apache_Airflow/venv/lib/python3.10/site-packages/airflow/example_dags/example_branch_python_dop_operator_3.py
[2025-02-20T11:12:51.559+0100] {logging_mixin.py:190} INFO - [2025-02-20T11:12:51.559+0100] {dag.py:3239} INFO - Sync 1 DAGs
[2025-02-20T11:12:51.570+0100] {logging_mixin.py:190} INFO - [2025-02-20T11:12:51.570+0100] {dag.py:4180} INFO - Setting next_dagrun for example_branch_dop_operator_v3 to 2025-02-20 10:11:00+00:00, run_after=2025-02-20 10:12:00+00:00
[2025-02-20T11:12:51.579+0100] {processor.py:208} INFO - Processing /Users/ajlakorman/Desktop/Data-Mining-Projects/Apache_Airflow/venv/lib/python3.10/site-packages/airflow/example_dags/example_branch_python_dop_operator_3.py took 0.114 seconds
[2025-02-20T11:15:16.941+0100] {processor.py:186} INFO - Started process (PID=8923) to work on /Users/ajlakorman/Desktop/Data-Mining-Projects/Apache_Airflow/venv/lib/python3.10/site-packages/airflow/example_dags/example_branch_python_dop_operator_3.py
[2025-02-20T11:15:16.943+0100] {processor.py:914} INFO - Processing file /Users/ajlakorman/Desktop/Data-Mining-Projects/Apache_Airflow/venv/lib/python3.10/site-packages/airflow/example_dags/example_branch_python_dop_operator_3.py for tasks to queue
[2025-02-20T11:15:16.943+0100] {logging_mixin.py:190} INFO - [2025-02-20T11:15:16.943+0100] {dagbag.py:588} INFO - Filling up the DagBag from /Users/ajlakorman/Desktop/Data-Mining-Projects/Apache_Airflow/venv/lib/python3.10/site-packages/airflow/example_dags/example_branch_python_dop_operator_3.py
[2025-02-20T11:15:16.960+0100] {processor.py:925} INFO - DAG(s) 'example_branch_dop_operator_v3' retrieved from /Users/ajlakorman/Desktop/Data-Mining-Projects/Apache_Airflow/venv/lib/python3.10/site-packages/airflow/example_dags/example_branch_python_dop_operator_3.py
[2025-02-20T11:15:17.021+0100] {logging_mixin.py:190} INFO - [2025-02-20T11:15:17.021+0100] {dag.py:3239} INFO - Sync 1 DAGs
[2025-02-20T11:15:17.030+0100] {logging_mixin.py:190} INFO - [2025-02-20T11:15:17.030+0100] {dag.py:4180} INFO - Setting next_dagrun for example_branch_dop_operator_v3 to 2025-02-20 10:14:00+00:00, run_after=2025-02-20 10:15:00+00:00
[2025-02-20T11:15:17.037+0100] {processor.py:208} INFO - Processing /Users/ajlakorman/Desktop/Data-Mining-Projects/Apache_Airflow/venv/lib/python3.10/site-packages/airflow/example_dags/example_branch_python_dop_operator_3.py took 0.097 seconds
[2025-02-20T11:17:39.864+0100] {processor.py:186} INFO - Started process (PID=9264) to work on /Users/ajlakorman/Desktop/Data-Mining-Projects/Apache_Airflow/venv/lib/python3.10/site-packages/airflow/example_dags/example_branch_python_dop_operator_3.py
[2025-02-20T11:17:39.866+0100] {processor.py:914} INFO - Processing file /Users/ajlakorman/Desktop/Data-Mining-Projects/Apache_Airflow/venv/lib/python3.10/site-packages/airflow/example_dags/example_branch_python_dop_operator_3.py for tasks to queue
[2025-02-20T11:17:39.866+0100] {logging_mixin.py:190} INFO - [2025-02-20T11:17:39.866+0100] {dagbag.py:588} INFO - Filling up the DagBag from /Users/ajlakorman/Desktop/Data-Mining-Projects/Apache_Airflow/venv/lib/python3.10/site-packages/airflow/example_dags/example_branch_python_dop_operator_3.py
[2025-02-20T11:17:39.884+0100] {processor.py:925} INFO - DAG(s) 'example_branch_dop_operator_v3' retrieved from /Users/ajlakorman/Desktop/Data-Mining-Projects/Apache_Airflow/venv/lib/python3.10/site-packages/airflow/example_dags/example_branch_python_dop_operator_3.py
[2025-02-20T11:17:39.949+0100] {logging_mixin.py:190} INFO - [2025-02-20T11:17:39.948+0100] {dag.py:3239} INFO - Sync 1 DAGs
[2025-02-20T11:17:39.958+0100] {logging_mixin.py:190} INFO - [2025-02-20T11:17:39.957+0100] {dag.py:4180} INFO - Setting next_dagrun for example_branch_dop_operator_v3 to 2025-02-20 10:16:00+00:00, run_after=2025-02-20 10:17:00+00:00
[2025-02-20T11:17:39.965+0100] {processor.py:208} INFO - Processing /Users/ajlakorman/Desktop/Data-Mining-Projects/Apache_Airflow/venv/lib/python3.10/site-packages/airflow/example_dags/example_branch_python_dop_operator_3.py took 0.102 seconds
[2025-02-20T11:20:10.520+0100] {processor.py:186} INFO - Started process (PID=9653) to work on /Users/ajlakorman/Desktop/Data-Mining-Projects/Apache_Airflow/venv/lib/python3.10/site-packages/airflow/example_dags/example_branch_python_dop_operator_3.py
[2025-02-20T11:20:10.520+0100] {processor.py:914} INFO - Processing file /Users/ajlakorman/Desktop/Data-Mining-Projects/Apache_Airflow/venv/lib/python3.10/site-packages/airflow/example_dags/example_branch_python_dop_operator_3.py for tasks to queue
[2025-02-20T11:20:10.521+0100] {logging_mixin.py:190} INFO - [2025-02-20T11:20:10.521+0100] {dagbag.py:588} INFO - Filling up the DagBag from /Users/ajlakorman/Desktop/Data-Mining-Projects/Apache_Airflow/venv/lib/python3.10/site-packages/airflow/example_dags/example_branch_python_dop_operator_3.py
[2025-02-20T11:20:10.537+0100] {processor.py:925} INFO - DAG(s) 'example_branch_dop_operator_v3' retrieved from /Users/ajlakorman/Desktop/Data-Mining-Projects/Apache_Airflow/venv/lib/python3.10/site-packages/airflow/example_dags/example_branch_python_dop_operator_3.py
[2025-02-20T11:20:10.605+0100] {logging_mixin.py:190} INFO - [2025-02-20T11:20:10.605+0100] {dag.py:3239} INFO - Sync 1 DAGs
[2025-02-20T11:20:10.614+0100] {logging_mixin.py:190} INFO - [2025-02-20T11:20:10.614+0100] {dag.py:4180} INFO - Setting next_dagrun for example_branch_dop_operator_v3 to 2025-02-20 10:19:00+00:00, run_after=2025-02-20 10:20:00+00:00
[2025-02-20T11:20:10.621+0100] {processor.py:208} INFO - Processing /Users/ajlakorman/Desktop/Data-Mining-Projects/Apache_Airflow/venv/lib/python3.10/site-packages/airflow/example_dags/example_branch_python_dop_operator_3.py took 0.103 seconds
[2025-02-20T11:22:35.924+0100] {processor.py:186} INFO - Started process (PID=9881) to work on /Users/ajlakorman/Desktop/Data-Mining-Projects/Apache_Airflow/venv/lib/python3.10/site-packages/airflow/example_dags/example_branch_python_dop_operator_3.py
[2025-02-20T11:22:35.925+0100] {processor.py:914} INFO - Processing file /Users/ajlakorman/Desktop/Data-Mining-Projects/Apache_Airflow/venv/lib/python3.10/site-packages/airflow/example_dags/example_branch_python_dop_operator_3.py for tasks to queue
[2025-02-20T11:22:35.925+0100] {logging_mixin.py:190} INFO - [2025-02-20T11:22:35.925+0100] {dagbag.py:588} INFO - Filling up the DagBag from /Users/ajlakorman/Desktop/Data-Mining-Projects/Apache_Airflow/venv/lib/python3.10/site-packages/airflow/example_dags/example_branch_python_dop_operator_3.py
[2025-02-20T11:22:35.941+0100] {processor.py:925} INFO - DAG(s) 'example_branch_dop_operator_v3' retrieved from /Users/ajlakorman/Desktop/Data-Mining-Projects/Apache_Airflow/venv/lib/python3.10/site-packages/airflow/example_dags/example_branch_python_dop_operator_3.py
[2025-02-20T11:22:36.004+0100] {logging_mixin.py:190} INFO - [2025-02-20T11:22:36.004+0100] {dag.py:3239} INFO - Sync 1 DAGs
[2025-02-20T11:22:36.013+0100] {logging_mixin.py:190} INFO - [2025-02-20T11:22:36.012+0100] {dag.py:4180} INFO - Setting next_dagrun for example_branch_dop_operator_v3 to 2025-02-20 10:21:00+00:00, run_after=2025-02-20 10:22:00+00:00
[2025-02-20T11:22:36.020+0100] {processor.py:208} INFO - Processing /Users/ajlakorman/Desktop/Data-Mining-Projects/Apache_Airflow/venv/lib/python3.10/site-packages/airflow/example_dags/example_branch_python_dop_operator_3.py took 0.097 seconds
[2025-02-20T11:25:06.250+0100] {processor.py:186} INFO - Started process (PID=10143) to work on /Users/ajlakorman/Desktop/Data-Mining-Projects/Apache_Airflow/venv/lib/python3.10/site-packages/airflow/example_dags/example_branch_python_dop_operator_3.py
[2025-02-20T11:25:06.251+0100] {processor.py:914} INFO - Processing file /Users/ajlakorman/Desktop/Data-Mining-Projects/Apache_Airflow/venv/lib/python3.10/site-packages/airflow/example_dags/example_branch_python_dop_operator_3.py for tasks to queue
[2025-02-20T11:25:06.252+0100] {logging_mixin.py:190} INFO - [2025-02-20T11:25:06.252+0100] {dagbag.py:588} INFO - Filling up the DagBag from /Users/ajlakorman/Desktop/Data-Mining-Projects/Apache_Airflow/venv/lib/python3.10/site-packages/airflow/example_dags/example_branch_python_dop_operator_3.py
[2025-02-20T11:25:06.268+0100] {processor.py:925} INFO - DAG(s) 'example_branch_dop_operator_v3' retrieved from /Users/ajlakorman/Desktop/Data-Mining-Projects/Apache_Airflow/venv/lib/python3.10/site-packages/airflow/example_dags/example_branch_python_dop_operator_3.py
[2025-02-20T11:25:06.333+0100] {logging_mixin.py:190} INFO - [2025-02-20T11:25:06.333+0100] {dag.py:3239} INFO - Sync 1 DAGs
[2025-02-20T11:25:06.342+0100] {logging_mixin.py:190} INFO - [2025-02-20T11:25:06.342+0100] {dag.py:4180} INFO - Setting next_dagrun for example_branch_dop_operator_v3 to 2025-02-20 10:24:00+00:00, run_after=2025-02-20 10:25:00+00:00
[2025-02-20T11:25:06.349+0100] {processor.py:208} INFO - Processing /Users/ajlakorman/Desktop/Data-Mining-Projects/Apache_Airflow/venv/lib/python3.10/site-packages/airflow/example_dags/example_branch_python_dop_operator_3.py took 0.100 seconds
[2025-02-20T11:27:37.422+0100] {processor.py:186} INFO - Started process (PID=10480) to work on /Users/ajlakorman/Desktop/Data-Mining-Projects/Apache_Airflow/venv/lib/python3.10/site-packages/airflow/example_dags/example_branch_python_dop_operator_3.py
[2025-02-20T11:27:37.423+0100] {processor.py:914} INFO - Processing file /Users/ajlakorman/Desktop/Data-Mining-Projects/Apache_Airflow/venv/lib/python3.10/site-packages/airflow/example_dags/example_branch_python_dop_operator_3.py for tasks to queue
[2025-02-20T11:27:37.423+0100] {logging_mixin.py:190} INFO - [2025-02-20T11:27:37.423+0100] {dagbag.py:588} INFO - Filling up the DagBag from /Users/ajlakorman/Desktop/Data-Mining-Projects/Apache_Airflow/venv/lib/python3.10/site-packages/airflow/example_dags/example_branch_python_dop_operator_3.py
[2025-02-20T11:27:37.440+0100] {processor.py:925} INFO - DAG(s) 'example_branch_dop_operator_v3' retrieved from /Users/ajlakorman/Desktop/Data-Mining-Projects/Apache_Airflow/venv/lib/python3.10/site-packages/airflow/example_dags/example_branch_python_dop_operator_3.py
[2025-02-20T11:27:37.502+0100] {logging_mixin.py:190} INFO - [2025-02-20T11:27:37.502+0100] {dag.py:3239} INFO - Sync 1 DAGs
[2025-02-20T11:27:37.511+0100] {logging_mixin.py:190} INFO - [2025-02-20T11:27:37.511+0100] {dag.py:4180} INFO - Setting next_dagrun for example_branch_dop_operator_v3 to 2025-02-20 10:26:00+00:00, run_after=2025-02-20 10:27:00+00:00
[2025-02-20T11:27:37.517+0100] {processor.py:208} INFO - Processing /Users/ajlakorman/Desktop/Data-Mining-Projects/Apache_Airflow/venv/lib/python3.10/site-packages/airflow/example_dags/example_branch_python_dop_operator_3.py took 0.097 seconds
[2025-02-20T11:30:03.882+0100] {processor.py:186} INFO - Started process (PID=10815) to work on /Users/ajlakorman/Desktop/Data-Mining-Projects/Apache_Airflow/venv/lib/python3.10/site-packages/airflow/example_dags/example_branch_python_dop_operator_3.py
[2025-02-20T11:30:03.884+0100] {processor.py:914} INFO - Processing file /Users/ajlakorman/Desktop/Data-Mining-Projects/Apache_Airflow/venv/lib/python3.10/site-packages/airflow/example_dags/example_branch_python_dop_operator_3.py for tasks to queue
[2025-02-20T11:30:03.884+0100] {logging_mixin.py:190} INFO - [2025-02-20T11:30:03.884+0100] {dagbag.py:588} INFO - Filling up the DagBag from /Users/ajlakorman/Desktop/Data-Mining-Projects/Apache_Airflow/venv/lib/python3.10/site-packages/airflow/example_dags/example_branch_python_dop_operator_3.py
[2025-02-20T11:30:03.900+0100] {processor.py:925} INFO - DAG(s) 'example_branch_dop_operator_v3' retrieved from /Users/ajlakorman/Desktop/Data-Mining-Projects/Apache_Airflow/venv/lib/python3.10/site-packages/airflow/example_dags/example_branch_python_dop_operator_3.py
[2025-02-20T11:30:03.963+0100] {logging_mixin.py:190} INFO - [2025-02-20T11:30:03.962+0100] {dag.py:3239} INFO - Sync 1 DAGs
[2025-02-20T11:30:03.971+0100] {logging_mixin.py:190} INFO - [2025-02-20T11:30:03.971+0100] {dag.py:4180} INFO - Setting next_dagrun for example_branch_dop_operator_v3 to 2025-02-20 10:29:00+00:00, run_after=2025-02-20 10:30:00+00:00
[2025-02-20T11:30:03.978+0100] {processor.py:208} INFO - Processing /Users/ajlakorman/Desktop/Data-Mining-Projects/Apache_Airflow/venv/lib/python3.10/site-packages/airflow/example_dags/example_branch_python_dop_operator_3.py took 0.097 seconds
[2025-02-20T11:32:30.719+0100] {processor.py:186} INFO - Started process (PID=11060) to work on /Users/ajlakorman/Desktop/Data-Mining-Projects/Apache_Airflow/venv/lib/python3.10/site-packages/airflow/example_dags/example_branch_python_dop_operator_3.py
[2025-02-20T11:32:30.721+0100] {processor.py:914} INFO - Processing file /Users/ajlakorman/Desktop/Data-Mining-Projects/Apache_Airflow/venv/lib/python3.10/site-packages/airflow/example_dags/example_branch_python_dop_operator_3.py for tasks to queue
[2025-02-20T11:32:30.721+0100] {logging_mixin.py:190} INFO - [2025-02-20T11:32:30.721+0100] {dagbag.py:588} INFO - Filling up the DagBag from /Users/ajlakorman/Desktop/Data-Mining-Projects/Apache_Airflow/venv/lib/python3.10/site-packages/airflow/example_dags/example_branch_python_dop_operator_3.py
[2025-02-20T11:32:30.738+0100] {processor.py:925} INFO - DAG(s) 'example_branch_dop_operator_v3' retrieved from /Users/ajlakorman/Desktop/Data-Mining-Projects/Apache_Airflow/venv/lib/python3.10/site-packages/airflow/example_dags/example_branch_python_dop_operator_3.py
[2025-02-20T11:32:30.800+0100] {logging_mixin.py:190} INFO - [2025-02-20T11:32:30.800+0100] {dag.py:3239} INFO - Sync 1 DAGs
[2025-02-20T11:32:30.808+0100] {logging_mixin.py:190} INFO - [2025-02-20T11:32:30.808+0100] {dag.py:4180} INFO - Setting next_dagrun for example_branch_dop_operator_v3 to 2025-02-20 10:31:00+00:00, run_after=2025-02-20 10:32:00+00:00
[2025-02-20T11:32:30.815+0100] {processor.py:208} INFO - Processing /Users/ajlakorman/Desktop/Data-Mining-Projects/Apache_Airflow/venv/lib/python3.10/site-packages/airflow/example_dags/example_branch_python_dop_operator_3.py took 0.098 seconds
[2025-02-20T11:35:00.266+0100] {processor.py:186} INFO - Started process (PID=11302) to work on /Users/ajlakorman/Desktop/Data-Mining-Projects/Apache_Airflow/venv/lib/python3.10/site-packages/airflow/example_dags/example_branch_python_dop_operator_3.py
[2025-02-20T11:35:00.267+0100] {processor.py:914} INFO - Processing file /Users/ajlakorman/Desktop/Data-Mining-Projects/Apache_Airflow/venv/lib/python3.10/site-packages/airflow/example_dags/example_branch_python_dop_operator_3.py for tasks to queue
[2025-02-20T11:35:00.267+0100] {logging_mixin.py:190} INFO - [2025-02-20T11:35:00.267+0100] {dagbag.py:588} INFO - Filling up the DagBag from /Users/ajlakorman/Desktop/Data-Mining-Projects/Apache_Airflow/venv/lib/python3.10/site-packages/airflow/example_dags/example_branch_python_dop_operator_3.py
[2025-02-20T11:35:00.283+0100] {processor.py:925} INFO - DAG(s) 'example_branch_dop_operator_v3' retrieved from /Users/ajlakorman/Desktop/Data-Mining-Projects/Apache_Airflow/venv/lib/python3.10/site-packages/airflow/example_dags/example_branch_python_dop_operator_3.py
[2025-02-20T11:35:00.347+0100] {logging_mixin.py:190} INFO - [2025-02-20T11:35:00.346+0100] {dag.py:3239} INFO - Sync 1 DAGs
[2025-02-20T11:35:00.356+0100] {logging_mixin.py:190} INFO - [2025-02-20T11:35:00.355+0100] {dag.py:4180} INFO - Setting next_dagrun for example_branch_dop_operator_v3 to 2025-02-20 10:34:00+00:00, run_after=2025-02-20 10:35:00+00:00
[2025-02-20T11:35:00.362+0100] {processor.py:208} INFO - Processing /Users/ajlakorman/Desktop/Data-Mining-Projects/Apache_Airflow/venv/lib/python3.10/site-packages/airflow/example_dags/example_branch_python_dop_operator_3.py took 0.098 seconds
[2025-02-20T11:37:31.212+0100] {processor.py:186} INFO - Started process (PID=11584) to work on /Users/ajlakorman/Desktop/Data-Mining-Projects/Apache_Airflow/venv/lib/python3.10/site-packages/airflow/example_dags/example_branch_python_dop_operator_3.py
[2025-02-20T11:37:31.213+0100] {processor.py:914} INFO - Processing file /Users/ajlakorman/Desktop/Data-Mining-Projects/Apache_Airflow/venv/lib/python3.10/site-packages/airflow/example_dags/example_branch_python_dop_operator_3.py for tasks to queue
[2025-02-20T11:37:31.214+0100] {logging_mixin.py:190} INFO - [2025-02-20T11:37:31.214+0100] {dagbag.py:588} INFO - Filling up the DagBag from /Users/ajlakorman/Desktop/Data-Mining-Projects/Apache_Airflow/venv/lib/python3.10/site-packages/airflow/example_dags/example_branch_python_dop_operator_3.py
[2025-02-20T11:37:31.229+0100] {processor.py:925} INFO - DAG(s) 'example_branch_dop_operator_v3' retrieved from /Users/ajlakorman/Desktop/Data-Mining-Projects/Apache_Airflow/venv/lib/python3.10/site-packages/airflow/example_dags/example_branch_python_dop_operator_3.py
[2025-02-20T11:37:31.294+0100] {logging_mixin.py:190} INFO - [2025-02-20T11:37:31.294+0100] {dag.py:3239} INFO - Sync 1 DAGs
[2025-02-20T11:37:31.303+0100] {logging_mixin.py:190} INFO - [2025-02-20T11:37:31.303+0100] {dag.py:4180} INFO - Setting next_dagrun for example_branch_dop_operator_v3 to 2025-02-20 10:36:00+00:00, run_after=2025-02-20 10:37:00+00:00
[2025-02-20T11:37:31.310+0100] {processor.py:208} INFO - Processing /Users/ajlakorman/Desktop/Data-Mining-Projects/Apache_Airflow/venv/lib/python3.10/site-packages/airflow/example_dags/example_branch_python_dop_operator_3.py took 0.099 seconds
[2025-02-20T11:39:57.002+0100] {processor.py:186} INFO - Started process (PID=11795) to work on /Users/ajlakorman/Desktop/Data-Mining-Projects/Apache_Airflow/venv/lib/python3.10/site-packages/airflow/example_dags/example_branch_python_dop_operator_3.py
[2025-02-20T11:39:57.003+0100] {processor.py:914} INFO - Processing file /Users/ajlakorman/Desktop/Data-Mining-Projects/Apache_Airflow/venv/lib/python3.10/site-packages/airflow/example_dags/example_branch_python_dop_operator_3.py for tasks to queue
[2025-02-20T11:39:57.003+0100] {logging_mixin.py:190} INFO - [2025-02-20T11:39:57.003+0100] {dagbag.py:588} INFO - Filling up the DagBag from /Users/ajlakorman/Desktop/Data-Mining-Projects/Apache_Airflow/venv/lib/python3.10/site-packages/airflow/example_dags/example_branch_python_dop_operator_3.py
[2025-02-20T11:39:57.019+0100] {processor.py:925} INFO - DAG(s) 'example_branch_dop_operator_v3' retrieved from /Users/ajlakorman/Desktop/Data-Mining-Projects/Apache_Airflow/venv/lib/python3.10/site-packages/airflow/example_dags/example_branch_python_dop_operator_3.py
[2025-02-20T11:39:57.081+0100] {logging_mixin.py:190} INFO - [2025-02-20T11:39:57.081+0100] {dag.py:3239} INFO - Sync 1 DAGs
[2025-02-20T11:39:57.093+0100] {logging_mixin.py:190} INFO - [2025-02-20T11:39:57.093+0100] {dag.py:4180} INFO - Setting next_dagrun for example_branch_dop_operator_v3 to 2025-02-20 10:38:00+00:00, run_after=2025-02-20 10:39:00+00:00
[2025-02-20T11:39:57.101+0100] {processor.py:208} INFO - Processing /Users/ajlakorman/Desktop/Data-Mining-Projects/Apache_Airflow/venv/lib/python3.10/site-packages/airflow/example_dags/example_branch_python_dop_operator_3.py took 0.101 seconds
[2025-02-20T12:19:51.515+0100] {processor.py:186} INFO - Started process (PID=12074) to work on /Users/ajlakorman/Desktop/Data-Mining-Projects/Apache_Airflow/venv/lib/python3.10/site-packages/airflow/example_dags/example_branch_python_dop_operator_3.py
[2025-02-20T12:19:51.515+0100] {processor.py:914} INFO - Processing file /Users/ajlakorman/Desktop/Data-Mining-Projects/Apache_Airflow/venv/lib/python3.10/site-packages/airflow/example_dags/example_branch_python_dop_operator_3.py for tasks to queue
[2025-02-20T12:19:51.516+0100] {logging_mixin.py:190} INFO - [2025-02-20T12:19:51.516+0100] {dagbag.py:588} INFO - Filling up the DagBag from /Users/ajlakorman/Desktop/Data-Mining-Projects/Apache_Airflow/venv/lib/python3.10/site-packages/airflow/example_dags/example_branch_python_dop_operator_3.py
[2025-02-20T12:19:51.533+0100] {processor.py:925} INFO - DAG(s) 'example_branch_dop_operator_v3' retrieved from /Users/ajlakorman/Desktop/Data-Mining-Projects/Apache_Airflow/venv/lib/python3.10/site-packages/airflow/example_dags/example_branch_python_dop_operator_3.py
[2025-02-20T12:19:51.596+0100] {logging_mixin.py:190} INFO - [2025-02-20T12:19:51.596+0100] {dag.py:3239} INFO - Sync 1 DAGs
[2025-02-20T12:19:51.605+0100] {logging_mixin.py:190} INFO - [2025-02-20T12:19:51.604+0100] {dag.py:4180} INFO - Setting next_dagrun for example_branch_dop_operator_v3 to 2025-02-20 11:18:00+00:00, run_after=2025-02-20 11:19:00+00:00
[2025-02-20T12:19:51.612+0100] {processor.py:208} INFO - Processing /Users/ajlakorman/Desktop/Data-Mining-Projects/Apache_Airflow/venv/lib/python3.10/site-packages/airflow/example_dags/example_branch_python_dop_operator_3.py took 0.099 seconds
[2025-02-20T12:22:28.638+0100] {processor.py:186} INFO - Started process (PID=12309) to work on /Users/ajlakorman/Desktop/Data-Mining-Projects/Apache_Airflow/venv/lib/python3.10/site-packages/airflow/example_dags/example_branch_python_dop_operator_3.py
[2025-02-20T12:22:28.639+0100] {processor.py:914} INFO - Processing file /Users/ajlakorman/Desktop/Data-Mining-Projects/Apache_Airflow/venv/lib/python3.10/site-packages/airflow/example_dags/example_branch_python_dop_operator_3.py for tasks to queue
[2025-02-20T12:22:28.639+0100] {logging_mixin.py:190} INFO - [2025-02-20T12:22:28.639+0100] {dagbag.py:588} INFO - Filling up the DagBag from /Users/ajlakorman/Desktop/Data-Mining-Projects/Apache_Airflow/venv/lib/python3.10/site-packages/airflow/example_dags/example_branch_python_dop_operator_3.py
[2025-02-20T12:22:28.656+0100] {processor.py:925} INFO - DAG(s) 'example_branch_dop_operator_v3' retrieved from /Users/ajlakorman/Desktop/Data-Mining-Projects/Apache_Airflow/venv/lib/python3.10/site-packages/airflow/example_dags/example_branch_python_dop_operator_3.py
[2025-02-20T12:22:28.719+0100] {logging_mixin.py:190} INFO - [2025-02-20T12:22:28.719+0100] {dag.py:3239} INFO - Sync 1 DAGs
[2025-02-20T12:22:28.729+0100] {logging_mixin.py:190} INFO - [2025-02-20T12:22:28.728+0100] {dag.py:4180} INFO - Setting next_dagrun for example_branch_dop_operator_v3 to 2025-02-20 11:21:00+00:00, run_after=2025-02-20 11:22:00+00:00
[2025-02-20T12:22:28.735+0100] {processor.py:208} INFO - Processing /Users/ajlakorman/Desktop/Data-Mining-Projects/Apache_Airflow/venv/lib/python3.10/site-packages/airflow/example_dags/example_branch_python_dop_operator_3.py took 0.099 seconds
[2025-02-20T12:25:02.601+0100] {processor.py:186} INFO - Started process (PID=12589) to work on /Users/ajlakorman/Desktop/Data-Mining-Projects/Apache_Airflow/venv/lib/python3.10/site-packages/airflow/example_dags/example_branch_python_dop_operator_3.py
[2025-02-20T12:25:02.602+0100] {processor.py:914} INFO - Processing file /Users/ajlakorman/Desktop/Data-Mining-Projects/Apache_Airflow/venv/lib/python3.10/site-packages/airflow/example_dags/example_branch_python_dop_operator_3.py for tasks to queue
[2025-02-20T12:25:02.603+0100] {logging_mixin.py:190} INFO - [2025-02-20T12:25:02.603+0100] {dagbag.py:588} INFO - Filling up the DagBag from /Users/ajlakorman/Desktop/Data-Mining-Projects/Apache_Airflow/venv/lib/python3.10/site-packages/airflow/example_dags/example_branch_python_dop_operator_3.py
[2025-02-20T12:25:02.619+0100] {processor.py:925} INFO - DAG(s) 'example_branch_dop_operator_v3' retrieved from /Users/ajlakorman/Desktop/Data-Mining-Projects/Apache_Airflow/venv/lib/python3.10/site-packages/airflow/example_dags/example_branch_python_dop_operator_3.py
[2025-02-20T12:25:02.681+0100] {logging_mixin.py:190} INFO - [2025-02-20T12:25:02.680+0100] {dag.py:3239} INFO - Sync 1 DAGs
[2025-02-20T12:25:02.690+0100] {logging_mixin.py:190} INFO - [2025-02-20T12:25:02.689+0100] {dag.py:4180} INFO - Setting next_dagrun for example_branch_dop_operator_v3 to 2025-02-20 11:24:00+00:00, run_after=2025-02-20 11:25:00+00:00
[2025-02-20T12:25:02.696+0100] {processor.py:208} INFO - Processing /Users/ajlakorman/Desktop/Data-Mining-Projects/Apache_Airflow/venv/lib/python3.10/site-packages/airflow/example_dags/example_branch_python_dop_operator_3.py took 0.096 seconds
[2025-02-20T12:27:27.422+0100] {processor.py:186} INFO - Started process (PID=12920) to work on /Users/ajlakorman/Desktop/Data-Mining-Projects/Apache_Airflow/venv/lib/python3.10/site-packages/airflow/example_dags/example_branch_python_dop_operator_3.py
[2025-02-20T12:27:27.426+0100] {processor.py:914} INFO - Processing file /Users/ajlakorman/Desktop/Data-Mining-Projects/Apache_Airflow/venv/lib/python3.10/site-packages/airflow/example_dags/example_branch_python_dop_operator_3.py for tasks to queue
[2025-02-20T12:27:27.426+0100] {logging_mixin.py:190} INFO - [2025-02-20T12:27:27.426+0100] {dagbag.py:588} INFO - Filling up the DagBag from /Users/ajlakorman/Desktop/Data-Mining-Projects/Apache_Airflow/venv/lib/python3.10/site-packages/airflow/example_dags/example_branch_python_dop_operator_3.py
[2025-02-20T12:27:27.448+0100] {processor.py:925} INFO - DAG(s) 'example_branch_dop_operator_v3' retrieved from /Users/ajlakorman/Desktop/Data-Mining-Projects/Apache_Airflow/venv/lib/python3.10/site-packages/airflow/example_dags/example_branch_python_dop_operator_3.py
[2025-02-20T12:27:27.580+0100] {logging_mixin.py:190} INFO - [2025-02-20T12:27:27.580+0100] {dag.py:3239} INFO - Sync 1 DAGs
[2025-02-20T12:27:27.592+0100] {logging_mixin.py:190} INFO - [2025-02-20T12:27:27.592+0100] {dag.py:4180} INFO - Setting next_dagrun for example_branch_dop_operator_v3 to 2025-02-20 11:26:00+00:00, run_after=2025-02-20 11:27:00+00:00
[2025-02-20T12:27:27.602+0100] {processor.py:208} INFO - Processing /Users/ajlakorman/Desktop/Data-Mining-Projects/Apache_Airflow/venv/lib/python3.10/site-packages/airflow/example_dags/example_branch_python_dop_operator_3.py took 0.184 seconds
[2025-02-20T12:29:57.251+0100] {processor.py:186} INFO - Started process (PID=13190) to work on /Users/ajlakorman/Desktop/Data-Mining-Projects/Apache_Airflow/venv/lib/python3.10/site-packages/airflow/example_dags/example_branch_python_dop_operator_3.py
[2025-02-20T12:29:57.252+0100] {processor.py:914} INFO - Processing file /Users/ajlakorman/Desktop/Data-Mining-Projects/Apache_Airflow/venv/lib/python3.10/site-packages/airflow/example_dags/example_branch_python_dop_operator_3.py for tasks to queue
[2025-02-20T12:29:57.252+0100] {logging_mixin.py:190} INFO - [2025-02-20T12:29:57.252+0100] {dagbag.py:588} INFO - Filling up the DagBag from /Users/ajlakorman/Desktop/Data-Mining-Projects/Apache_Airflow/venv/lib/python3.10/site-packages/airflow/example_dags/example_branch_python_dop_operator_3.py
[2025-02-20T12:29:57.270+0100] {processor.py:925} INFO - DAG(s) 'example_branch_dop_operator_v3' retrieved from /Users/ajlakorman/Desktop/Data-Mining-Projects/Apache_Airflow/venv/lib/python3.10/site-packages/airflow/example_dags/example_branch_python_dop_operator_3.py
[2025-02-20T12:29:57.335+0100] {logging_mixin.py:190} INFO - [2025-02-20T12:29:57.335+0100] {dag.py:3239} INFO - Sync 1 DAGs
[2025-02-20T12:29:57.344+0100] {logging_mixin.py:190} INFO - [2025-02-20T12:29:57.344+0100] {dag.py:4180} INFO - Setting next_dagrun for example_branch_dop_operator_v3 to 2025-02-20 11:28:00+00:00, run_after=2025-02-20 11:29:00+00:00
[2025-02-20T12:29:57.351+0100] {processor.py:208} INFO - Processing /Users/ajlakorman/Desktop/Data-Mining-Projects/Apache_Airflow/venv/lib/python3.10/site-packages/airflow/example_dags/example_branch_python_dop_operator_3.py took 0.101 seconds
[2025-02-20T12:32:30.465+0100] {processor.py:186} INFO - Started process (PID=13548) to work on /Users/ajlakorman/Desktop/Data-Mining-Projects/Apache_Airflow/venv/lib/python3.10/site-packages/airflow/example_dags/example_branch_python_dop_operator_3.py
[2025-02-20T12:32:30.466+0100] {processor.py:914} INFO - Processing file /Users/ajlakorman/Desktop/Data-Mining-Projects/Apache_Airflow/venv/lib/python3.10/site-packages/airflow/example_dags/example_branch_python_dop_operator_3.py for tasks to queue
[2025-02-20T12:32:30.467+0100] {logging_mixin.py:190} INFO - [2025-02-20T12:32:30.467+0100] {dagbag.py:588} INFO - Filling up the DagBag from /Users/ajlakorman/Desktop/Data-Mining-Projects/Apache_Airflow/venv/lib/python3.10/site-packages/airflow/example_dags/example_branch_python_dop_operator_3.py
[2025-02-20T12:32:30.483+0100] {processor.py:925} INFO - DAG(s) 'example_branch_dop_operator_v3' retrieved from /Users/ajlakorman/Desktop/Data-Mining-Projects/Apache_Airflow/venv/lib/python3.10/site-packages/airflow/example_dags/example_branch_python_dop_operator_3.py
[2025-02-20T12:32:30.550+0100] {logging_mixin.py:190} INFO - [2025-02-20T12:32:30.549+0100] {dag.py:3239} INFO - Sync 1 DAGs
[2025-02-20T12:32:30.575+0100] {logging_mixin.py:190} INFO - [2025-02-20T12:32:30.575+0100] {dag.py:4180} INFO - Setting next_dagrun for example_branch_dop_operator_v3 to 2025-02-20 11:31:00+00:00, run_after=2025-02-20 11:32:00+00:00
[2025-02-20T12:32:30.583+0100] {processor.py:208} INFO - Processing /Users/ajlakorman/Desktop/Data-Mining-Projects/Apache_Airflow/venv/lib/python3.10/site-packages/airflow/example_dags/example_branch_python_dop_operator_3.py took 0.120 seconds
[2025-02-20T12:34:59.761+0100] {processor.py:186} INFO - Started process (PID=13841) to work on /Users/ajlakorman/Desktop/Data-Mining-Projects/Apache_Airflow/venv/lib/python3.10/site-packages/airflow/example_dags/example_branch_python_dop_operator_3.py
[2025-02-20T12:34:59.762+0100] {processor.py:914} INFO - Processing file /Users/ajlakorman/Desktop/Data-Mining-Projects/Apache_Airflow/venv/lib/python3.10/site-packages/airflow/example_dags/example_branch_python_dop_operator_3.py for tasks to queue
[2025-02-20T12:34:59.762+0100] {logging_mixin.py:190} INFO - [2025-02-20T12:34:59.762+0100] {dagbag.py:588} INFO - Filling up the DagBag from /Users/ajlakorman/Desktop/Data-Mining-Projects/Apache_Airflow/venv/lib/python3.10/site-packages/airflow/example_dags/example_branch_python_dop_operator_3.py
[2025-02-20T12:34:59.780+0100] {processor.py:925} INFO - DAG(s) 'example_branch_dop_operator_v3' retrieved from /Users/ajlakorman/Desktop/Data-Mining-Projects/Apache_Airflow/venv/lib/python3.10/site-packages/airflow/example_dags/example_branch_python_dop_operator_3.py
[2025-02-20T12:34:59.845+0100] {logging_mixin.py:190} INFO - [2025-02-20T12:34:59.845+0100] {dag.py:3239} INFO - Sync 1 DAGs
[2025-02-20T12:34:59.854+0100] {logging_mixin.py:190} INFO - [2025-02-20T12:34:59.854+0100] {dag.py:4180} INFO - Setting next_dagrun for example_branch_dop_operator_v3 to 2025-02-20 11:33:00+00:00, run_after=2025-02-20 11:34:00+00:00
[2025-02-20T12:34:59.860+0100] {processor.py:208} INFO - Processing /Users/ajlakorman/Desktop/Data-Mining-Projects/Apache_Airflow/venv/lib/python3.10/site-packages/airflow/example_dags/example_branch_python_dop_operator_3.py took 0.101 seconds
[2025-02-20T12:37:35.883+0100] {processor.py:186} INFO - Started process (PID=14265) to work on /Users/ajlakorman/Desktop/Data-Mining-Projects/Apache_Airflow/venv/lib/python3.10/site-packages/airflow/example_dags/example_branch_python_dop_operator_3.py
[2025-02-20T12:37:35.884+0100] {processor.py:914} INFO - Processing file /Users/ajlakorman/Desktop/Data-Mining-Projects/Apache_Airflow/venv/lib/python3.10/site-packages/airflow/example_dags/example_branch_python_dop_operator_3.py for tasks to queue
[2025-02-20T12:37:35.885+0100] {logging_mixin.py:190} INFO - [2025-02-20T12:37:35.885+0100] {dagbag.py:588} INFO - Filling up the DagBag from /Users/ajlakorman/Desktop/Data-Mining-Projects/Apache_Airflow/venv/lib/python3.10/site-packages/airflow/example_dags/example_branch_python_dop_operator_3.py
[2025-02-20T12:37:35.900+0100] {processor.py:925} INFO - DAG(s) 'example_branch_dop_operator_v3' retrieved from /Users/ajlakorman/Desktop/Data-Mining-Projects/Apache_Airflow/venv/lib/python3.10/site-packages/airflow/example_dags/example_branch_python_dop_operator_3.py
[2025-02-20T12:37:35.962+0100] {logging_mixin.py:190} INFO - [2025-02-20T12:37:35.962+0100] {dag.py:3239} INFO - Sync 1 DAGs
[2025-02-20T12:37:35.971+0100] {logging_mixin.py:190} INFO - [2025-02-20T12:37:35.971+0100] {dag.py:4180} INFO - Setting next_dagrun for example_branch_dop_operator_v3 to 2025-02-20 11:36:00+00:00, run_after=2025-02-20 11:37:00+00:00
[2025-02-20T12:37:35.978+0100] {processor.py:208} INFO - Processing /Users/ajlakorman/Desktop/Data-Mining-Projects/Apache_Airflow/venv/lib/python3.10/site-packages/airflow/example_dags/example_branch_python_dop_operator_3.py took 0.096 seconds
[2025-02-20T12:55:18.163+0100] {processor.py:186} INFO - Started process (PID=14619) to work on /Users/ajlakorman/Desktop/Data-Mining-Projects/Apache_Airflow/venv/lib/python3.10/site-packages/airflow/example_dags/example_branch_python_dop_operator_3.py
[2025-02-20T12:55:18.164+0100] {processor.py:914} INFO - Processing file /Users/ajlakorman/Desktop/Data-Mining-Projects/Apache_Airflow/venv/lib/python3.10/site-packages/airflow/example_dags/example_branch_python_dop_operator_3.py for tasks to queue
[2025-02-20T12:55:18.165+0100] {logging_mixin.py:190} INFO - [2025-02-20T12:55:18.165+0100] {dagbag.py:588} INFO - Filling up the DagBag from /Users/ajlakorman/Desktop/Data-Mining-Projects/Apache_Airflow/venv/lib/python3.10/site-packages/airflow/example_dags/example_branch_python_dop_operator_3.py
[2025-02-20T12:55:18.182+0100] {processor.py:925} INFO - DAG(s) 'example_branch_dop_operator_v3' retrieved from /Users/ajlakorman/Desktop/Data-Mining-Projects/Apache_Airflow/venv/lib/python3.10/site-packages/airflow/example_dags/example_branch_python_dop_operator_3.py
[2025-02-20T12:55:18.248+0100] {logging_mixin.py:190} INFO - [2025-02-20T12:55:18.248+0100] {dag.py:3239} INFO - Sync 1 DAGs
[2025-02-20T12:55:18.258+0100] {logging_mixin.py:190} INFO - [2025-02-20T12:55:18.258+0100] {dag.py:4180} INFO - Setting next_dagrun for example_branch_dop_operator_v3 to 2025-02-20 11:54:00+00:00, run_after=2025-02-20 11:55:00+00:00
[2025-02-20T12:55:18.264+0100] {processor.py:208} INFO - Processing /Users/ajlakorman/Desktop/Data-Mining-Projects/Apache_Airflow/venv/lib/python3.10/site-packages/airflow/example_dags/example_branch_python_dop_operator_3.py took 0.103 seconds
[2025-02-20T12:58:32.554+0100] {processor.py:186} INFO - Started process (PID=14993) to work on /Users/ajlakorman/Desktop/Data-Mining-Projects/Apache_Airflow/venv/lib/python3.10/site-packages/airflow/example_dags/example_branch_python_dop_operator_3.py
[2025-02-20T12:58:32.555+0100] {processor.py:914} INFO - Processing file /Users/ajlakorman/Desktop/Data-Mining-Projects/Apache_Airflow/venv/lib/python3.10/site-packages/airflow/example_dags/example_branch_python_dop_operator_3.py for tasks to queue
[2025-02-20T12:58:32.556+0100] {logging_mixin.py:190} INFO - [2025-02-20T12:58:32.555+0100] {dagbag.py:588} INFO - Filling up the DagBag from /Users/ajlakorman/Desktop/Data-Mining-Projects/Apache_Airflow/venv/lib/python3.10/site-packages/airflow/example_dags/example_branch_python_dop_operator_3.py
[2025-02-20T12:58:32.574+0100] {processor.py:925} INFO - DAG(s) 'example_branch_dop_operator_v3' retrieved from /Users/ajlakorman/Desktop/Data-Mining-Projects/Apache_Airflow/venv/lib/python3.10/site-packages/airflow/example_dags/example_branch_python_dop_operator_3.py
[2025-02-20T12:58:32.653+0100] {logging_mixin.py:190} INFO - [2025-02-20T12:58:32.653+0100] {dag.py:3239} INFO - Sync 1 DAGs
[2025-02-20T12:58:32.664+0100] {logging_mixin.py:190} INFO - [2025-02-20T12:58:32.664+0100] {dag.py:4180} INFO - Setting next_dagrun for example_branch_dop_operator_v3 to 2025-02-20 11:57:00+00:00, run_after=2025-02-20 11:58:00+00:00
[2025-02-20T12:58:32.673+0100] {processor.py:208} INFO - Processing /Users/ajlakorman/Desktop/Data-Mining-Projects/Apache_Airflow/venv/lib/python3.10/site-packages/airflow/example_dags/example_branch_python_dop_operator_3.py took 0.120 seconds
[2025-02-20T13:01:19.234+0100] {processor.py:186} INFO - Started process (PID=15229) to work on /Users/ajlakorman/Desktop/Data-Mining-Projects/Apache_Airflow/venv/lib/python3.10/site-packages/airflow/example_dags/example_branch_python_dop_operator_3.py
[2025-02-20T13:01:19.235+0100] {processor.py:914} INFO - Processing file /Users/ajlakorman/Desktop/Data-Mining-Projects/Apache_Airflow/venv/lib/python3.10/site-packages/airflow/example_dags/example_branch_python_dop_operator_3.py for tasks to queue
[2025-02-20T13:01:19.236+0100] {logging_mixin.py:190} INFO - [2025-02-20T13:01:19.236+0100] {dagbag.py:588} INFO - Filling up the DagBag from /Users/ajlakorman/Desktop/Data-Mining-Projects/Apache_Airflow/venv/lib/python3.10/site-packages/airflow/example_dags/example_branch_python_dop_operator_3.py
[2025-02-20T13:01:19.252+0100] {processor.py:925} INFO - DAG(s) 'example_branch_dop_operator_v3' retrieved from /Users/ajlakorman/Desktop/Data-Mining-Projects/Apache_Airflow/venv/lib/python3.10/site-packages/airflow/example_dags/example_branch_python_dop_operator_3.py
[2025-02-20T13:01:19.313+0100] {logging_mixin.py:190} INFO - [2025-02-20T13:01:19.313+0100] {dag.py:3239} INFO - Sync 1 DAGs
[2025-02-20T13:01:19.322+0100] {logging_mixin.py:190} INFO - [2025-02-20T13:01:19.322+0100] {dag.py:4180} INFO - Setting next_dagrun for example_branch_dop_operator_v3 to 2025-02-20 12:00:00+00:00, run_after=2025-02-20 12:01:00+00:00
[2025-02-20T13:01:19.329+0100] {processor.py:208} INFO - Processing /Users/ajlakorman/Desktop/Data-Mining-Projects/Apache_Airflow/venv/lib/python3.10/site-packages/airflow/example_dags/example_branch_python_dop_operator_3.py took 0.096 seconds
[2025-02-20T13:06:40.051+0100] {processor.py:186} INFO - Started process (PID=15456) to work on /Users/ajlakorman/Desktop/Data-Mining-Projects/Apache_Airflow/venv/lib/python3.10/site-packages/airflow/example_dags/example_branch_python_dop_operator_3.py
[2025-02-20T13:06:40.053+0100] {processor.py:914} INFO - Processing file /Users/ajlakorman/Desktop/Data-Mining-Projects/Apache_Airflow/venv/lib/python3.10/site-packages/airflow/example_dags/example_branch_python_dop_operator_3.py for tasks to queue
[2025-02-20T13:06:40.053+0100] {logging_mixin.py:190} INFO - [2025-02-20T13:06:40.053+0100] {dagbag.py:588} INFO - Filling up the DagBag from /Users/ajlakorman/Desktop/Data-Mining-Projects/Apache_Airflow/venv/lib/python3.10/site-packages/airflow/example_dags/example_branch_python_dop_operator_3.py
[2025-02-20T13:06:40.077+0100] {processor.py:925} INFO - DAG(s) 'example_branch_dop_operator_v3' retrieved from /Users/ajlakorman/Desktop/Data-Mining-Projects/Apache_Airflow/venv/lib/python3.10/site-packages/airflow/example_dags/example_branch_python_dop_operator_3.py
[2025-02-20T13:06:40.171+0100] {logging_mixin.py:190} INFO - [2025-02-20T13:06:40.171+0100] {dag.py:3239} INFO - Sync 1 DAGs
[2025-02-20T13:06:40.184+0100] {logging_mixin.py:190} INFO - [2025-02-20T13:06:40.183+0100] {dag.py:4180} INFO - Setting next_dagrun for example_branch_dop_operator_v3 to 2025-02-20 12:05:00+00:00, run_after=2025-02-20 12:06:00+00:00
[2025-02-20T13:06:40.191+0100] {processor.py:208} INFO - Processing /Users/ajlakorman/Desktop/Data-Mining-Projects/Apache_Airflow/venv/lib/python3.10/site-packages/airflow/example_dags/example_branch_python_dop_operator_3.py took 0.142 seconds
[2025-02-20T13:09:31.444+0100] {processor.py:186} INFO - Started process (PID=15863) to work on /Users/ajlakorman/Desktop/Data-Mining-Projects/Apache_Airflow/venv/lib/python3.10/site-packages/airflow/example_dags/example_branch_python_dop_operator_3.py
[2025-02-20T13:09:31.445+0100] {processor.py:914} INFO - Processing file /Users/ajlakorman/Desktop/Data-Mining-Projects/Apache_Airflow/venv/lib/python3.10/site-packages/airflow/example_dags/example_branch_python_dop_operator_3.py for tasks to queue
[2025-02-20T13:09:31.445+0100] {logging_mixin.py:190} INFO - [2025-02-20T13:09:31.445+0100] {dagbag.py:588} INFO - Filling up the DagBag from /Users/ajlakorman/Desktop/Data-Mining-Projects/Apache_Airflow/venv/lib/python3.10/site-packages/airflow/example_dags/example_branch_python_dop_operator_3.py
[2025-02-20T13:09:31.462+0100] {processor.py:925} INFO - DAG(s) 'example_branch_dop_operator_v3' retrieved from /Users/ajlakorman/Desktop/Data-Mining-Projects/Apache_Airflow/venv/lib/python3.10/site-packages/airflow/example_dags/example_branch_python_dop_operator_3.py
[2025-02-20T13:09:31.527+0100] {logging_mixin.py:190} INFO - [2025-02-20T13:09:31.526+0100] {dag.py:3239} INFO - Sync 1 DAGs
[2025-02-20T13:09:31.535+0100] {logging_mixin.py:190} INFO - [2025-02-20T13:09:31.535+0100] {dag.py:4180} INFO - Setting next_dagrun for example_branch_dop_operator_v3 to 2025-02-20 12:08:00+00:00, run_after=2025-02-20 12:09:00+00:00
[2025-02-20T13:09:31.542+0100] {processor.py:208} INFO - Processing /Users/ajlakorman/Desktop/Data-Mining-Projects/Apache_Airflow/venv/lib/python3.10/site-packages/airflow/example_dags/example_branch_python_dop_operator_3.py took 0.099 seconds
[2025-02-20T13:12:20.224+0100] {processor.py:186} INFO - Started process (PID=16135) to work on /Users/ajlakorman/Desktop/Data-Mining-Projects/Apache_Airflow/venv/lib/python3.10/site-packages/airflow/example_dags/example_branch_python_dop_operator_3.py
[2025-02-20T13:12:20.225+0100] {processor.py:914} INFO - Processing file /Users/ajlakorman/Desktop/Data-Mining-Projects/Apache_Airflow/venv/lib/python3.10/site-packages/airflow/example_dags/example_branch_python_dop_operator_3.py for tasks to queue
[2025-02-20T13:12:20.226+0100] {logging_mixin.py:190} INFO - [2025-02-20T13:12:20.225+0100] {dagbag.py:588} INFO - Filling up the DagBag from /Users/ajlakorman/Desktop/Data-Mining-Projects/Apache_Airflow/venv/lib/python3.10/site-packages/airflow/example_dags/example_branch_python_dop_operator_3.py
[2025-02-20T13:12:20.241+0100] {processor.py:925} INFO - DAG(s) 'example_branch_dop_operator_v3' retrieved from /Users/ajlakorman/Desktop/Data-Mining-Projects/Apache_Airflow/venv/lib/python3.10/site-packages/airflow/example_dags/example_branch_python_dop_operator_3.py
[2025-02-20T13:12:20.303+0100] {logging_mixin.py:190} INFO - [2025-02-20T13:12:20.303+0100] {dag.py:3239} INFO - Sync 1 DAGs
[2025-02-20T13:12:20.312+0100] {logging_mixin.py:190} INFO - [2025-02-20T13:12:20.312+0100] {dag.py:4180} INFO - Setting next_dagrun for example_branch_dop_operator_v3 to 2025-02-20 12:11:00+00:00, run_after=2025-02-20 12:12:00+00:00
[2025-02-20T13:12:20.319+0100] {processor.py:208} INFO - Processing /Users/ajlakorman/Desktop/Data-Mining-Projects/Apache_Airflow/venv/lib/python3.10/site-packages/airflow/example_dags/example_branch_python_dop_operator_3.py took 0.097 seconds
[2025-02-20T13:15:25.014+0100] {processor.py:186} INFO - Started process (PID=16427) to work on /Users/ajlakorman/Desktop/Data-Mining-Projects/Apache_Airflow/venv/lib/python3.10/site-packages/airflow/example_dags/example_branch_python_dop_operator_3.py
[2025-02-20T13:15:25.015+0100] {processor.py:914} INFO - Processing file /Users/ajlakorman/Desktop/Data-Mining-Projects/Apache_Airflow/venv/lib/python3.10/site-packages/airflow/example_dags/example_branch_python_dop_operator_3.py for tasks to queue
[2025-02-20T13:15:25.016+0100] {logging_mixin.py:190} INFO - [2025-02-20T13:15:25.016+0100] {dagbag.py:588} INFO - Filling up the DagBag from /Users/ajlakorman/Desktop/Data-Mining-Projects/Apache_Airflow/venv/lib/python3.10/site-packages/airflow/example_dags/example_branch_python_dop_operator_3.py
[2025-02-20T13:15:25.038+0100] {processor.py:925} INFO - DAG(s) 'example_branch_dop_operator_v3' retrieved from /Users/ajlakorman/Desktop/Data-Mining-Projects/Apache_Airflow/venv/lib/python3.10/site-packages/airflow/example_dags/example_branch_python_dop_operator_3.py
[2025-02-20T13:15:25.130+0100] {logging_mixin.py:190} INFO - [2025-02-20T13:15:25.130+0100] {dag.py:3239} INFO - Sync 1 DAGs
[2025-02-20T13:15:25.141+0100] {logging_mixin.py:190} INFO - [2025-02-20T13:15:25.141+0100] {dag.py:4180} INFO - Setting next_dagrun for example_branch_dop_operator_v3 to 2025-02-20 12:14:00+00:00, run_after=2025-02-20 12:15:00+00:00
[2025-02-20T13:15:25.148+0100] {processor.py:208} INFO - Processing /Users/ajlakorman/Desktop/Data-Mining-Projects/Apache_Airflow/venv/lib/python3.10/site-packages/airflow/example_dags/example_branch_python_dop_operator_3.py took 0.136 seconds
[2025-02-20T13:18:31.595+0100] {processor.py:186} INFO - Started process (PID=16836) to work on /Users/ajlakorman/Desktop/Data-Mining-Projects/Apache_Airflow/venv/lib/python3.10/site-packages/airflow/example_dags/example_branch_python_dop_operator_3.py
[2025-02-20T13:18:31.597+0100] {processor.py:914} INFO - Processing file /Users/ajlakorman/Desktop/Data-Mining-Projects/Apache_Airflow/venv/lib/python3.10/site-packages/airflow/example_dags/example_branch_python_dop_operator_3.py for tasks to queue
[2025-02-20T13:18:31.598+0100] {logging_mixin.py:190} INFO - [2025-02-20T13:18:31.598+0100] {dagbag.py:588} INFO - Filling up the DagBag from /Users/ajlakorman/Desktop/Data-Mining-Projects/Apache_Airflow/venv/lib/python3.10/site-packages/airflow/example_dags/example_branch_python_dop_operator_3.py
[2025-02-20T13:18:31.614+0100] {processor.py:925} INFO - DAG(s) 'example_branch_dop_operator_v3' retrieved from /Users/ajlakorman/Desktop/Data-Mining-Projects/Apache_Airflow/venv/lib/python3.10/site-packages/airflow/example_dags/example_branch_python_dop_operator_3.py
[2025-02-20T13:18:31.678+0100] {logging_mixin.py:190} INFO - [2025-02-20T13:18:31.678+0100] {dag.py:3239} INFO - Sync 1 DAGs
[2025-02-20T13:18:31.688+0100] {logging_mixin.py:190} INFO - [2025-02-20T13:18:31.688+0100] {dag.py:4180} INFO - Setting next_dagrun for example_branch_dop_operator_v3 to 2025-02-20 12:17:00+00:00, run_after=2025-02-20 12:18:00+00:00
[2025-02-20T13:18:31.695+0100] {processor.py:208} INFO - Processing /Users/ajlakorman/Desktop/Data-Mining-Projects/Apache_Airflow/venv/lib/python3.10/site-packages/airflow/example_dags/example_branch_python_dop_operator_3.py took 0.102 seconds
[2025-02-20T13:21:31.849+0100] {processor.py:186} INFO - Started process (PID=17121) to work on /Users/ajlakorman/Desktop/Data-Mining-Projects/Apache_Airflow/venv/lib/python3.10/site-packages/airflow/example_dags/example_branch_python_dop_operator_3.py
[2025-02-20T13:21:31.849+0100] {processor.py:914} INFO - Processing file /Users/ajlakorman/Desktop/Data-Mining-Projects/Apache_Airflow/venv/lib/python3.10/site-packages/airflow/example_dags/example_branch_python_dop_operator_3.py for tasks to queue
[2025-02-20T13:21:31.850+0100] {logging_mixin.py:190} INFO - [2025-02-20T13:21:31.850+0100] {dagbag.py:588} INFO - Filling up the DagBag from /Users/ajlakorman/Desktop/Data-Mining-Projects/Apache_Airflow/venv/lib/python3.10/site-packages/airflow/example_dags/example_branch_python_dop_operator_3.py
[2025-02-20T13:21:31.865+0100] {processor.py:925} INFO - DAG(s) 'example_branch_dop_operator_v3' retrieved from /Users/ajlakorman/Desktop/Data-Mining-Projects/Apache_Airflow/venv/lib/python3.10/site-packages/airflow/example_dags/example_branch_python_dop_operator_3.py
[2025-02-20T13:21:31.927+0100] {logging_mixin.py:190} INFO - [2025-02-20T13:21:31.927+0100] {dag.py:3239} INFO - Sync 1 DAGs
[2025-02-20T13:21:31.936+0100] {logging_mixin.py:190} INFO - [2025-02-20T13:21:31.936+0100] {dag.py:4180} INFO - Setting next_dagrun for example_branch_dop_operator_v3 to 2025-02-20 12:20:00+00:00, run_after=2025-02-20 12:21:00+00:00
[2025-02-20T13:21:31.944+0100] {processor.py:208} INFO - Processing /Users/ajlakorman/Desktop/Data-Mining-Projects/Apache_Airflow/venv/lib/python3.10/site-packages/airflow/example_dags/example_branch_python_dop_operator_3.py took 0.097 seconds
[2025-02-20T13:24:11.201+0100] {processor.py:186} INFO - Started process (PID=17434) to work on /Users/ajlakorman/Desktop/Data-Mining-Projects/Apache_Airflow/venv/lib/python3.10/site-packages/airflow/example_dags/example_branch_python_dop_operator_3.py
[2025-02-20T13:24:11.202+0100] {processor.py:914} INFO - Processing file /Users/ajlakorman/Desktop/Data-Mining-Projects/Apache_Airflow/venv/lib/python3.10/site-packages/airflow/example_dags/example_branch_python_dop_operator_3.py for tasks to queue
[2025-02-20T13:24:11.203+0100] {logging_mixin.py:190} INFO - [2025-02-20T13:24:11.202+0100] {dagbag.py:588} INFO - Filling up the DagBag from /Users/ajlakorman/Desktop/Data-Mining-Projects/Apache_Airflow/venv/lib/python3.10/site-packages/airflow/example_dags/example_branch_python_dop_operator_3.py
[2025-02-20T13:24:11.218+0100] {processor.py:925} INFO - DAG(s) 'example_branch_dop_operator_v3' retrieved from /Users/ajlakorman/Desktop/Data-Mining-Projects/Apache_Airflow/venv/lib/python3.10/site-packages/airflow/example_dags/example_branch_python_dop_operator_3.py
[2025-02-20T13:24:11.283+0100] {logging_mixin.py:190} INFO - [2025-02-20T13:24:11.282+0100] {dag.py:3239} INFO - Sync 1 DAGs
[2025-02-20T13:24:11.291+0100] {logging_mixin.py:190} INFO - [2025-02-20T13:24:11.291+0100] {dag.py:4180} INFO - Setting next_dagrun for example_branch_dop_operator_v3 to 2025-02-20 12:23:00+00:00, run_after=2025-02-20 12:24:00+00:00
[2025-02-20T13:24:11.298+0100] {processor.py:208} INFO - Processing /Users/ajlakorman/Desktop/Data-Mining-Projects/Apache_Airflow/venv/lib/python3.10/site-packages/airflow/example_dags/example_branch_python_dop_operator_3.py took 0.098 seconds
[2025-02-20T13:26:48.559+0100] {processor.py:186} INFO - Started process (PID=17636) to work on /Users/ajlakorman/Desktop/Data-Mining-Projects/Apache_Airflow/venv/lib/python3.10/site-packages/airflow/example_dags/example_branch_python_dop_operator_3.py
[2025-02-20T13:26:48.560+0100] {processor.py:914} INFO - Processing file /Users/ajlakorman/Desktop/Data-Mining-Projects/Apache_Airflow/venv/lib/python3.10/site-packages/airflow/example_dags/example_branch_python_dop_operator_3.py for tasks to queue
[2025-02-20T13:26:48.561+0100] {logging_mixin.py:190} INFO - [2025-02-20T13:26:48.560+0100] {dagbag.py:588} INFO - Filling up the DagBag from /Users/ajlakorman/Desktop/Data-Mining-Projects/Apache_Airflow/venv/lib/python3.10/site-packages/airflow/example_dags/example_branch_python_dop_operator_3.py
[2025-02-20T13:26:48.576+0100] {processor.py:925} INFO - DAG(s) 'example_branch_dop_operator_v3' retrieved from /Users/ajlakorman/Desktop/Data-Mining-Projects/Apache_Airflow/venv/lib/python3.10/site-packages/airflow/example_dags/example_branch_python_dop_operator_3.py
[2025-02-20T13:26:48.639+0100] {logging_mixin.py:190} INFO - [2025-02-20T13:26:48.639+0100] {dag.py:3239} INFO - Sync 1 DAGs
[2025-02-20T13:26:48.648+0100] {logging_mixin.py:190} INFO - [2025-02-20T13:26:48.648+0100] {dag.py:4180} INFO - Setting next_dagrun for example_branch_dop_operator_v3 to 2025-02-20 12:25:00+00:00, run_after=2025-02-20 12:26:00+00:00
[2025-02-20T13:26:48.655+0100] {processor.py:208} INFO - Processing /Users/ajlakorman/Desktop/Data-Mining-Projects/Apache_Airflow/venv/lib/python3.10/site-packages/airflow/example_dags/example_branch_python_dop_operator_3.py took 0.097 seconds
