[2025-02-20T10:52:58.865+0100] {processor.py:186} INFO - Started process (PID=6291) to work on /Users/ajlakorman/Desktop/Data-Mining-Projects/Apache_Airflow/venv/lib/python3.10/site-packages/airflow/example_dags/example_inlet_event_extra.py
[2025-02-20T10:52:58.865+0100] {processor.py:914} INFO - Processing file /Users/ajlakorman/Desktop/Data-Mining-Projects/Apache_Airflow/venv/lib/python3.10/site-packages/airflow/example_dags/example_inlet_event_extra.py for tasks to queue
[2025-02-20T10:52:58.866+0100] {logging_mixin.py:190} INFO - [2025-02-20T10:52:58.866+0100] {dagbag.py:588} INFO - Filling up the DagBag from /Users/ajlakorman/Desktop/Data-Mining-Projects/Apache_Airflow/venv/lib/python3.10/site-packages/airflow/example_dags/example_inlet_event_extra.py
[2025-02-20T10:52:58.930+0100] {processor.py:925} INFO - DAG(s) 'read_dataset_event', 'read_dataset_event_from_classic' retrieved from /Users/ajlakorman/Desktop/Data-Mining-Projects/Apache_Airflow/venv/lib/python3.10/site-packages/airflow/example_dags/example_inlet_event_extra.py
[2025-02-20T10:52:59.005+0100] {logging_mixin.py:190} INFO - [2025-02-20T10:52:59.005+0100] {override.py:1912} INFO - Created Permission View: can delete on DAG:read_dataset_event
[2025-02-20T10:52:59.010+0100] {logging_mixin.py:190} INFO - [2025-02-20T10:52:59.010+0100] {override.py:1912} INFO - Created Permission View: can edit on DAG:read_dataset_event
[2025-02-20T10:52:59.012+0100] {logging_mixin.py:190} INFO - [2025-02-20T10:52:59.012+0100] {override.py:1912} INFO - Created Permission View: can read on DAG:read_dataset_event
[2025-02-20T10:52:59.015+0100] {logging_mixin.py:190} INFO - [2025-02-20T10:52:59.015+0100] {override.py:1912} INFO - Created Permission View: can delete on DAG Run:read_dataset_event
[2025-02-20T10:52:59.018+0100] {logging_mixin.py:190} INFO - [2025-02-20T10:52:59.017+0100] {override.py:1912} INFO - Created Permission View: can create on DAG Run:read_dataset_event
[2025-02-20T10:52:59.020+0100] {logging_mixin.py:190} INFO - [2025-02-20T10:52:59.020+0100] {override.py:1912} INFO - Created Permission View: menu access on DAG Run:read_dataset_event
[2025-02-20T10:52:59.022+0100] {logging_mixin.py:190} INFO - [2025-02-20T10:52:59.022+0100] {override.py:1912} INFO - Created Permission View: can read on DAG Run:read_dataset_event
[2025-02-20T10:52:59.027+0100] {logging_mixin.py:190} INFO - [2025-02-20T10:52:59.027+0100] {override.py:1912} INFO - Created Permission View: can delete on DAG:read_dataset_event_from_classic
[2025-02-20T10:52:59.029+0100] {logging_mixin.py:190} INFO - [2025-02-20T10:52:59.029+0100] {override.py:1912} INFO - Created Permission View: can edit on DAG:read_dataset_event_from_classic
[2025-02-20T10:52:59.031+0100] {logging_mixin.py:190} INFO - [2025-02-20T10:52:59.031+0100] {override.py:1912} INFO - Created Permission View: can read on DAG:read_dataset_event_from_classic
[2025-02-20T10:52:59.034+0100] {logging_mixin.py:190} INFO - [2025-02-20T10:52:59.034+0100] {override.py:1912} INFO - Created Permission View: can delete on DAG Run:read_dataset_event_from_classic
[2025-02-20T10:52:59.036+0100] {logging_mixin.py:190} INFO - [2025-02-20T10:52:59.036+0100] {override.py:1912} INFO - Created Permission View: can create on DAG Run:read_dataset_event_from_classic
[2025-02-20T10:52:59.038+0100] {logging_mixin.py:190} INFO - [2025-02-20T10:52:59.038+0100] {override.py:1912} INFO - Created Permission View: menu access on DAG Run:read_dataset_event_from_classic
[2025-02-20T10:52:59.041+0100] {logging_mixin.py:190} INFO - [2025-02-20T10:52:59.041+0100] {override.py:1912} INFO - Created Permission View: can read on DAG Run:read_dataset_event_from_classic
[2025-02-20T10:52:59.041+0100] {logging_mixin.py:190} INFO - [2025-02-20T10:52:59.041+0100] {dag.py:3239} INFO - Sync 2 DAGs
[2025-02-20T10:52:59.046+0100] {logging_mixin.py:190} INFO - [2025-02-20T10:52:59.046+0100] {dag.py:3262} INFO - Creating ORM DAG for read_dataset_event_from_classic
[2025-02-20T10:52:59.046+0100] {logging_mixin.py:190} INFO - [2025-02-20T10:52:59.046+0100] {dag.py:3262} INFO - Creating ORM DAG for read_dataset_event
[2025-02-20T10:52:59.049+0100] {logging_mixin.py:190} INFO - [2025-02-20T10:52:59.049+0100] {dag.py:4180} INFO - Setting next_dagrun for read_dataset_event to 2025-02-19 00:00:00+00:00, run_after=2025-02-20 00:00:00+00:00
[2025-02-20T10:52:59.050+0100] {logging_mixin.py:190} INFO - [2025-02-20T10:52:59.050+0100] {dag.py:4180} INFO - Setting next_dagrun for read_dataset_event_from_classic to 2025-02-19 00:00:00+00:00, run_after=2025-02-20 00:00:00+00:00
[2025-02-20T10:52:59.057+0100] {processor.py:208} INFO - Processing /Users/ajlakorman/Desktop/Data-Mining-Projects/Apache_Airflow/venv/lib/python3.10/site-packages/airflow/example_dags/example_inlet_event_extra.py took 0.194 seconds
[2025-02-20T10:54:47.960+0100] {processor.py:186} INFO - Started process (PID=6597) to work on /Users/ajlakorman/Desktop/Data-Mining-Projects/Apache_Airflow/venv/lib/python3.10/site-packages/airflow/example_dags/example_inlet_event_extra.py
[2025-02-20T10:54:47.961+0100] {processor.py:914} INFO - Processing file /Users/ajlakorman/Desktop/Data-Mining-Projects/Apache_Airflow/venv/lib/python3.10/site-packages/airflow/example_dags/example_inlet_event_extra.py for tasks to queue
[2025-02-20T10:54:47.961+0100] {logging_mixin.py:190} INFO - [2025-02-20T10:54:47.961+0100] {dagbag.py:588} INFO - Filling up the DagBag from /Users/ajlakorman/Desktop/Data-Mining-Projects/Apache_Airflow/venv/lib/python3.10/site-packages/airflow/example_dags/example_inlet_event_extra.py
[2025-02-20T10:54:48.024+0100] {processor.py:925} INFO - DAG(s) 'read_dataset_event_from_classic', 'read_dataset_event' retrieved from /Users/ajlakorman/Desktop/Data-Mining-Projects/Apache_Airflow/venv/lib/python3.10/site-packages/airflow/example_dags/example_inlet_event_extra.py
[2025-02-20T10:54:48.062+0100] {logging_mixin.py:190} INFO - [2025-02-20T10:54:48.062+0100] {dag.py:3239} INFO - Sync 2 DAGs
[2025-02-20T10:54:48.069+0100] {logging_mixin.py:190} INFO - [2025-02-20T10:54:48.068+0100] {dag.py:4180} INFO - Setting next_dagrun for read_dataset_event to 2025-02-19 00:00:00+00:00, run_after=2025-02-20 00:00:00+00:00
[2025-02-20T10:54:48.070+0100] {logging_mixin.py:190} INFO - [2025-02-20T10:54:48.070+0100] {dag.py:4180} INFO - Setting next_dagrun for read_dataset_event_from_classic to 2025-02-19 00:00:00+00:00, run_after=2025-02-20 00:00:00+00:00
[2025-02-20T10:54:48.076+0100] {processor.py:208} INFO - Processing /Users/ajlakorman/Desktop/Data-Mining-Projects/Apache_Airflow/venv/lib/python3.10/site-packages/airflow/example_dags/example_inlet_event_extra.py took 0.117 seconds
[2025-02-20T10:57:23.807+0100] {processor.py:186} INFO - Started process (PID=6891) to work on /Users/ajlakorman/Desktop/Data-Mining-Projects/Apache_Airflow/venv/lib/python3.10/site-packages/airflow/example_dags/example_inlet_event_extra.py
[2025-02-20T10:57:23.808+0100] {processor.py:914} INFO - Processing file /Users/ajlakorman/Desktop/Data-Mining-Projects/Apache_Airflow/venv/lib/python3.10/site-packages/airflow/example_dags/example_inlet_event_extra.py for tasks to queue
[2025-02-20T10:57:23.808+0100] {logging_mixin.py:190} INFO - [2025-02-20T10:57:23.808+0100] {dagbag.py:588} INFO - Filling up the DagBag from /Users/ajlakorman/Desktop/Data-Mining-Projects/Apache_Airflow/venv/lib/python3.10/site-packages/airflow/example_dags/example_inlet_event_extra.py
[2025-02-20T10:57:23.876+0100] {processor.py:925} INFO - DAG(s) 'read_dataset_event', 'read_dataset_event_from_classic' retrieved from /Users/ajlakorman/Desktop/Data-Mining-Projects/Apache_Airflow/venv/lib/python3.10/site-packages/airflow/example_dags/example_inlet_event_extra.py
[2025-02-20T10:57:23.920+0100] {logging_mixin.py:190} INFO - [2025-02-20T10:57:23.920+0100] {dag.py:3239} INFO - Sync 2 DAGs
[2025-02-20T10:57:23.928+0100] {logging_mixin.py:190} INFO - [2025-02-20T10:57:23.927+0100] {dag.py:4180} INFO - Setting next_dagrun for read_dataset_event to 2025-02-19 00:00:00+00:00, run_after=2025-02-20 00:00:00+00:00
[2025-02-20T10:57:23.930+0100] {logging_mixin.py:190} INFO - [2025-02-20T10:57:23.930+0100] {dag.py:4180} INFO - Setting next_dagrun for read_dataset_event_from_classic to 2025-02-19 00:00:00+00:00, run_after=2025-02-20 00:00:00+00:00
[2025-02-20T10:57:23.937+0100] {processor.py:208} INFO - Processing /Users/ajlakorman/Desktop/Data-Mining-Projects/Apache_Airflow/venv/lib/python3.10/site-packages/airflow/example_dags/example_inlet_event_extra.py took 0.131 seconds
[2025-02-20T11:00:09.805+0100] {processor.py:186} INFO - Started process (PID=7223) to work on /Users/ajlakorman/Desktop/Data-Mining-Projects/Apache_Airflow/venv/lib/python3.10/site-packages/airflow/example_dags/example_inlet_event_extra.py
[2025-02-20T11:00:09.806+0100] {processor.py:914} INFO - Processing file /Users/ajlakorman/Desktop/Data-Mining-Projects/Apache_Airflow/venv/lib/python3.10/site-packages/airflow/example_dags/example_inlet_event_extra.py for tasks to queue
[2025-02-20T11:00:09.807+0100] {logging_mixin.py:190} INFO - [2025-02-20T11:00:09.806+0100] {dagbag.py:588} INFO - Filling up the DagBag from /Users/ajlakorman/Desktop/Data-Mining-Projects/Apache_Airflow/venv/lib/python3.10/site-packages/airflow/example_dags/example_inlet_event_extra.py
[2025-02-20T11:00:09.870+0100] {processor.py:925} INFO - DAG(s) 'read_dataset_event', 'read_dataset_event_from_classic' retrieved from /Users/ajlakorman/Desktop/Data-Mining-Projects/Apache_Airflow/venv/lib/python3.10/site-packages/airflow/example_dags/example_inlet_event_extra.py
[2025-02-20T11:00:09.909+0100] {logging_mixin.py:190} INFO - [2025-02-20T11:00:09.909+0100] {dag.py:3239} INFO - Sync 2 DAGs
[2025-02-20T11:00:09.916+0100] {logging_mixin.py:190} INFO - [2025-02-20T11:00:09.916+0100] {dag.py:4180} INFO - Setting next_dagrun for read_dataset_event to 2025-02-19 00:00:00+00:00, run_after=2025-02-20 00:00:00+00:00
[2025-02-20T11:00:09.917+0100] {logging_mixin.py:190} INFO - [2025-02-20T11:00:09.917+0100] {dag.py:4180} INFO - Setting next_dagrun for read_dataset_event_from_classic to 2025-02-19 00:00:00+00:00, run_after=2025-02-20 00:00:00+00:00
[2025-02-20T11:00:09.923+0100] {processor.py:208} INFO - Processing /Users/ajlakorman/Desktop/Data-Mining-Projects/Apache_Airflow/venv/lib/python3.10/site-packages/airflow/example_dags/example_inlet_event_extra.py took 0.120 seconds
[2025-02-20T11:02:36.472+0100] {processor.py:186} INFO - Started process (PID=7488) to work on /Users/ajlakorman/Desktop/Data-Mining-Projects/Apache_Airflow/venv/lib/python3.10/site-packages/airflow/example_dags/example_inlet_event_extra.py
[2025-02-20T11:02:36.473+0100] {processor.py:914} INFO - Processing file /Users/ajlakorman/Desktop/Data-Mining-Projects/Apache_Airflow/venv/lib/python3.10/site-packages/airflow/example_dags/example_inlet_event_extra.py for tasks to queue
[2025-02-20T11:02:36.473+0100] {logging_mixin.py:190} INFO - [2025-02-20T11:02:36.473+0100] {dagbag.py:588} INFO - Filling up the DagBag from /Users/ajlakorman/Desktop/Data-Mining-Projects/Apache_Airflow/venv/lib/python3.10/site-packages/airflow/example_dags/example_inlet_event_extra.py
[2025-02-20T11:02:36.534+0100] {processor.py:925} INFO - DAG(s) 'read_dataset_event', 'read_dataset_event_from_classic' retrieved from /Users/ajlakorman/Desktop/Data-Mining-Projects/Apache_Airflow/venv/lib/python3.10/site-packages/airflow/example_dags/example_inlet_event_extra.py
[2025-02-20T11:02:36.573+0100] {logging_mixin.py:190} INFO - [2025-02-20T11:02:36.573+0100] {dag.py:3239} INFO - Sync 2 DAGs
[2025-02-20T11:02:36.580+0100] {logging_mixin.py:190} INFO - [2025-02-20T11:02:36.580+0100] {dag.py:4180} INFO - Setting next_dagrun for read_dataset_event to 2025-02-19 00:00:00+00:00, run_after=2025-02-20 00:00:00+00:00
[2025-02-20T11:02:36.583+0100] {logging_mixin.py:190} INFO - [2025-02-20T11:02:36.583+0100] {dag.py:4180} INFO - Setting next_dagrun for read_dataset_event_from_classic to 2025-02-19 00:00:00+00:00, run_after=2025-02-20 00:00:00+00:00
[2025-02-20T11:02:36.589+0100] {processor.py:208} INFO - Processing /Users/ajlakorman/Desktop/Data-Mining-Projects/Apache_Airflow/venv/lib/python3.10/site-packages/airflow/example_dags/example_inlet_event_extra.py took 0.118 seconds
[2025-02-20T11:04:54.254+0100] {processor.py:186} INFO - Started process (PID=7762) to work on /Users/ajlakorman/Desktop/Data-Mining-Projects/Apache_Airflow/venv/lib/python3.10/site-packages/airflow/example_dags/example_inlet_event_extra.py
[2025-02-20T11:04:54.254+0100] {processor.py:914} INFO - Processing file /Users/ajlakorman/Desktop/Data-Mining-Projects/Apache_Airflow/venv/lib/python3.10/site-packages/airflow/example_dags/example_inlet_event_extra.py for tasks to queue
[2025-02-20T11:04:54.255+0100] {logging_mixin.py:190} INFO - [2025-02-20T11:04:54.255+0100] {dagbag.py:588} INFO - Filling up the DagBag from /Users/ajlakorman/Desktop/Data-Mining-Projects/Apache_Airflow/venv/lib/python3.10/site-packages/airflow/example_dags/example_inlet_event_extra.py
[2025-02-20T11:04:54.318+0100] {processor.py:925} INFO - DAG(s) 'read_dataset_event', 'read_dataset_event_from_classic' retrieved from /Users/ajlakorman/Desktop/Data-Mining-Projects/Apache_Airflow/venv/lib/python3.10/site-packages/airflow/example_dags/example_inlet_event_extra.py
[2025-02-20T11:04:54.357+0100] {logging_mixin.py:190} INFO - [2025-02-20T11:04:54.357+0100] {dag.py:3239} INFO - Sync 2 DAGs
[2025-02-20T11:04:54.364+0100] {logging_mixin.py:190} INFO - [2025-02-20T11:04:54.364+0100] {dag.py:4180} INFO - Setting next_dagrun for read_dataset_event to 2025-02-19 00:00:00+00:00, run_after=2025-02-20 00:00:00+00:00
[2025-02-20T11:04:54.366+0100] {logging_mixin.py:190} INFO - [2025-02-20T11:04:54.366+0100] {dag.py:4180} INFO - Setting next_dagrun for read_dataset_event_from_classic to 2025-02-19 00:00:00+00:00, run_after=2025-02-20 00:00:00+00:00
[2025-02-20T11:04:54.373+0100] {processor.py:208} INFO - Processing /Users/ajlakorman/Desktop/Data-Mining-Projects/Apache_Airflow/venv/lib/python3.10/site-packages/airflow/example_dags/example_inlet_event_extra.py took 0.121 seconds
[2025-02-20T11:07:14.574+0100] {processor.py:186} INFO - Started process (PID=8085) to work on /Users/ajlakorman/Desktop/Data-Mining-Projects/Apache_Airflow/venv/lib/python3.10/site-packages/airflow/example_dags/example_inlet_event_extra.py
[2025-02-20T11:07:14.574+0100] {processor.py:914} INFO - Processing file /Users/ajlakorman/Desktop/Data-Mining-Projects/Apache_Airflow/venv/lib/python3.10/site-packages/airflow/example_dags/example_inlet_event_extra.py for tasks to queue
[2025-02-20T11:07:14.575+0100] {logging_mixin.py:190} INFO - [2025-02-20T11:07:14.575+0100] {dagbag.py:588} INFO - Filling up the DagBag from /Users/ajlakorman/Desktop/Data-Mining-Projects/Apache_Airflow/venv/lib/python3.10/site-packages/airflow/example_dags/example_inlet_event_extra.py
[2025-02-20T11:07:14.637+0100] {processor.py:925} INFO - DAG(s) 'read_dataset_event_from_classic', 'read_dataset_event' retrieved from /Users/ajlakorman/Desktop/Data-Mining-Projects/Apache_Airflow/venv/lib/python3.10/site-packages/airflow/example_dags/example_inlet_event_extra.py
[2025-02-20T11:07:14.676+0100] {logging_mixin.py:190} INFO - [2025-02-20T11:07:14.676+0100] {dag.py:3239} INFO - Sync 2 DAGs
[2025-02-20T11:07:14.683+0100] {logging_mixin.py:190} INFO - [2025-02-20T11:07:14.683+0100] {dag.py:4180} INFO - Setting next_dagrun for read_dataset_event to 2025-02-19 00:00:00+00:00, run_after=2025-02-20 00:00:00+00:00
[2025-02-20T11:07:14.685+0100] {logging_mixin.py:190} INFO - [2025-02-20T11:07:14.685+0100] {dag.py:4180} INFO - Setting next_dagrun for read_dataset_event_from_classic to 2025-02-19 00:00:00+00:00, run_after=2025-02-20 00:00:00+00:00
[2025-02-20T11:07:14.691+0100] {processor.py:208} INFO - Processing /Users/ajlakorman/Desktop/Data-Mining-Projects/Apache_Airflow/venv/lib/python3.10/site-packages/airflow/example_dags/example_inlet_event_extra.py took 0.119 seconds
[2025-02-20T11:09:33.155+0100] {processor.py:186} INFO - Started process (PID=8313) to work on /Users/ajlakorman/Desktop/Data-Mining-Projects/Apache_Airflow/venv/lib/python3.10/site-packages/airflow/example_dags/example_inlet_event_extra.py
[2025-02-20T11:09:33.157+0100] {processor.py:914} INFO - Processing file /Users/ajlakorman/Desktop/Data-Mining-Projects/Apache_Airflow/venv/lib/python3.10/site-packages/airflow/example_dags/example_inlet_event_extra.py for tasks to queue
[2025-02-20T11:09:33.157+0100] {logging_mixin.py:190} INFO - [2025-02-20T11:09:33.157+0100] {dagbag.py:588} INFO - Filling up the DagBag from /Users/ajlakorman/Desktop/Data-Mining-Projects/Apache_Airflow/venv/lib/python3.10/site-packages/airflow/example_dags/example_inlet_event_extra.py
[2025-02-20T11:09:33.212+0100] {processor.py:925} INFO - DAG(s) 'read_dataset_event', 'read_dataset_event_from_classic' retrieved from /Users/ajlakorman/Desktop/Data-Mining-Projects/Apache_Airflow/venv/lib/python3.10/site-packages/airflow/example_dags/example_inlet_event_extra.py
[2025-02-20T11:09:33.251+0100] {logging_mixin.py:190} INFO - [2025-02-20T11:09:33.251+0100] {dag.py:3239} INFO - Sync 2 DAGs
[2025-02-20T11:09:33.258+0100] {logging_mixin.py:190} INFO - [2025-02-20T11:09:33.258+0100] {dag.py:4180} INFO - Setting next_dagrun for read_dataset_event to 2025-02-19 00:00:00+00:00, run_after=2025-02-20 00:00:00+00:00
[2025-02-20T11:09:33.260+0100] {logging_mixin.py:190} INFO - [2025-02-20T11:09:33.260+0100] {dag.py:4180} INFO - Setting next_dagrun for read_dataset_event_from_classic to 2025-02-19 00:00:00+00:00, run_after=2025-02-20 00:00:00+00:00
[2025-02-20T11:09:33.266+0100] {processor.py:208} INFO - Processing /Users/ajlakorman/Desktop/Data-Mining-Projects/Apache_Airflow/venv/lib/python3.10/site-packages/airflow/example_dags/example_inlet_event_extra.py took 0.112 seconds
[2025-02-20T11:11:51.327+0100] {processor.py:186} INFO - Started process (PID=8587) to work on /Users/ajlakorman/Desktop/Data-Mining-Projects/Apache_Airflow/venv/lib/python3.10/site-packages/airflow/example_dags/example_inlet_event_extra.py
[2025-02-20T11:11:51.328+0100] {processor.py:914} INFO - Processing file /Users/ajlakorman/Desktop/Data-Mining-Projects/Apache_Airflow/venv/lib/python3.10/site-packages/airflow/example_dags/example_inlet_event_extra.py for tasks to queue
[2025-02-20T11:11:51.328+0100] {logging_mixin.py:190} INFO - [2025-02-20T11:11:51.328+0100] {dagbag.py:588} INFO - Filling up the DagBag from /Users/ajlakorman/Desktop/Data-Mining-Projects/Apache_Airflow/venv/lib/python3.10/site-packages/airflow/example_dags/example_inlet_event_extra.py
[2025-02-20T11:11:51.385+0100] {processor.py:925} INFO - DAG(s) 'read_dataset_event_from_classic', 'read_dataset_event' retrieved from /Users/ajlakorman/Desktop/Data-Mining-Projects/Apache_Airflow/venv/lib/python3.10/site-packages/airflow/example_dags/example_inlet_event_extra.py
[2025-02-20T11:11:51.423+0100] {logging_mixin.py:190} INFO - [2025-02-20T11:11:51.423+0100] {dag.py:3239} INFO - Sync 2 DAGs
[2025-02-20T11:11:51.430+0100] {logging_mixin.py:190} INFO - [2025-02-20T11:11:51.430+0100] {dag.py:4180} INFO - Setting next_dagrun for read_dataset_event to 2025-02-19 00:00:00+00:00, run_after=2025-02-20 00:00:00+00:00
[2025-02-20T11:11:51.432+0100] {logging_mixin.py:190} INFO - [2025-02-20T11:11:51.432+0100] {dag.py:4180} INFO - Setting next_dagrun for read_dataset_event_from_classic to 2025-02-19 00:00:00+00:00, run_after=2025-02-20 00:00:00+00:00
[2025-02-20T11:11:51.438+0100] {processor.py:208} INFO - Processing /Users/ajlakorman/Desktop/Data-Mining-Projects/Apache_Airflow/venv/lib/python3.10/site-packages/airflow/example_dags/example_inlet_event_extra.py took 0.113 seconds
[2025-02-20T11:14:13.920+0100] {processor.py:186} INFO - Started process (PID=8841) to work on /Users/ajlakorman/Desktop/Data-Mining-Projects/Apache_Airflow/venv/lib/python3.10/site-packages/airflow/example_dags/example_inlet_event_extra.py
[2025-02-20T11:14:13.921+0100] {processor.py:914} INFO - Processing file /Users/ajlakorman/Desktop/Data-Mining-Projects/Apache_Airflow/venv/lib/python3.10/site-packages/airflow/example_dags/example_inlet_event_extra.py for tasks to queue
[2025-02-20T11:14:13.922+0100] {logging_mixin.py:190} INFO - [2025-02-20T11:14:13.922+0100] {dagbag.py:588} INFO - Filling up the DagBag from /Users/ajlakorman/Desktop/Data-Mining-Projects/Apache_Airflow/venv/lib/python3.10/site-packages/airflow/example_dags/example_inlet_event_extra.py
[2025-02-20T11:14:13.985+0100] {processor.py:925} INFO - DAG(s) 'read_dataset_event_from_classic', 'read_dataset_event' retrieved from /Users/ajlakorman/Desktop/Data-Mining-Projects/Apache_Airflow/venv/lib/python3.10/site-packages/airflow/example_dags/example_inlet_event_extra.py
[2025-02-20T11:14:14.024+0100] {logging_mixin.py:190} INFO - [2025-02-20T11:14:14.024+0100] {dag.py:3239} INFO - Sync 2 DAGs
[2025-02-20T11:14:14.031+0100] {logging_mixin.py:190} INFO - [2025-02-20T11:14:14.031+0100] {dag.py:4180} INFO - Setting next_dagrun for read_dataset_event to 2025-02-19 00:00:00+00:00, run_after=2025-02-20 00:00:00+00:00
[2025-02-20T11:14:14.033+0100] {logging_mixin.py:190} INFO - [2025-02-20T11:14:14.033+0100] {dag.py:4180} INFO - Setting next_dagrun for read_dataset_event_from_classic to 2025-02-19 00:00:00+00:00, run_after=2025-02-20 00:00:00+00:00
[2025-02-20T11:14:14.039+0100] {processor.py:208} INFO - Processing /Users/ajlakorman/Desktop/Data-Mining-Projects/Apache_Airflow/venv/lib/python3.10/site-packages/airflow/example_dags/example_inlet_event_extra.py took 0.120 seconds
[2025-02-20T11:16:39.468+0100] {processor.py:186} INFO - Started process (PID=9113) to work on /Users/ajlakorman/Desktop/Data-Mining-Projects/Apache_Airflow/venv/lib/python3.10/site-packages/airflow/example_dags/example_inlet_event_extra.py
[2025-02-20T11:16:39.469+0100] {processor.py:914} INFO - Processing file /Users/ajlakorman/Desktop/Data-Mining-Projects/Apache_Airflow/venv/lib/python3.10/site-packages/airflow/example_dags/example_inlet_event_extra.py for tasks to queue
[2025-02-20T11:16:39.469+0100] {logging_mixin.py:190} INFO - [2025-02-20T11:16:39.469+0100] {dagbag.py:588} INFO - Filling up the DagBag from /Users/ajlakorman/Desktop/Data-Mining-Projects/Apache_Airflow/venv/lib/python3.10/site-packages/airflow/example_dags/example_inlet_event_extra.py
[2025-02-20T11:16:39.532+0100] {processor.py:925} INFO - DAG(s) 'read_dataset_event', 'read_dataset_event_from_classic' retrieved from /Users/ajlakorman/Desktop/Data-Mining-Projects/Apache_Airflow/venv/lib/python3.10/site-packages/airflow/example_dags/example_inlet_event_extra.py
[2025-02-20T11:16:39.572+0100] {logging_mixin.py:190} INFO - [2025-02-20T11:16:39.571+0100] {dag.py:3239} INFO - Sync 2 DAGs
[2025-02-20T11:16:39.579+0100] {logging_mixin.py:190} INFO - [2025-02-20T11:16:39.578+0100] {dag.py:4180} INFO - Setting next_dagrun for read_dataset_event to 2025-02-19 00:00:00+00:00, run_after=2025-02-20 00:00:00+00:00
[2025-02-20T11:16:39.580+0100] {logging_mixin.py:190} INFO - [2025-02-20T11:16:39.580+0100] {dag.py:4180} INFO - Setting next_dagrun for read_dataset_event_from_classic to 2025-02-19 00:00:00+00:00, run_after=2025-02-20 00:00:00+00:00
[2025-02-20T11:16:39.587+0100] {processor.py:208} INFO - Processing /Users/ajlakorman/Desktop/Data-Mining-Projects/Apache_Airflow/venv/lib/python3.10/site-packages/airflow/example_dags/example_inlet_event_extra.py took 0.121 seconds
[2025-02-20T11:19:03.810+0100] {processor.py:186} INFO - Started process (PID=9484) to work on /Users/ajlakorman/Desktop/Data-Mining-Projects/Apache_Airflow/venv/lib/python3.10/site-packages/airflow/example_dags/example_inlet_event_extra.py
[2025-02-20T11:19:03.811+0100] {processor.py:914} INFO - Processing file /Users/ajlakorman/Desktop/Data-Mining-Projects/Apache_Airflow/venv/lib/python3.10/site-packages/airflow/example_dags/example_inlet_event_extra.py for tasks to queue
[2025-02-20T11:19:03.812+0100] {logging_mixin.py:190} INFO - [2025-02-20T11:19:03.812+0100] {dagbag.py:588} INFO - Filling up the DagBag from /Users/ajlakorman/Desktop/Data-Mining-Projects/Apache_Airflow/venv/lib/python3.10/site-packages/airflow/example_dags/example_inlet_event_extra.py
[2025-02-20T11:19:03.877+0100] {processor.py:925} INFO - DAG(s) 'read_dataset_event', 'read_dataset_event_from_classic' retrieved from /Users/ajlakorman/Desktop/Data-Mining-Projects/Apache_Airflow/venv/lib/python3.10/site-packages/airflow/example_dags/example_inlet_event_extra.py
[2025-02-20T11:19:03.915+0100] {logging_mixin.py:190} INFO - [2025-02-20T11:19:03.915+0100] {dag.py:3239} INFO - Sync 2 DAGs
[2025-02-20T11:19:03.922+0100] {logging_mixin.py:190} INFO - [2025-02-20T11:19:03.922+0100] {dag.py:4180} INFO - Setting next_dagrun for read_dataset_event to 2025-02-19 00:00:00+00:00, run_after=2025-02-20 00:00:00+00:00
[2025-02-20T11:19:03.924+0100] {logging_mixin.py:190} INFO - [2025-02-20T11:19:03.923+0100] {dag.py:4180} INFO - Setting next_dagrun for read_dataset_event_from_classic to 2025-02-19 00:00:00+00:00, run_after=2025-02-20 00:00:00+00:00
[2025-02-20T11:19:03.929+0100] {processor.py:208} INFO - Processing /Users/ajlakorman/Desktop/Data-Mining-Projects/Apache_Airflow/venv/lib/python3.10/site-packages/airflow/example_dags/example_inlet_event_extra.py took 0.122 seconds
[2025-02-20T11:21:32.336+0100] {processor.py:186} INFO - Started process (PID=9771) to work on /Users/ajlakorman/Desktop/Data-Mining-Projects/Apache_Airflow/venv/lib/python3.10/site-packages/airflow/example_dags/example_inlet_event_extra.py
[2025-02-20T11:21:32.337+0100] {processor.py:914} INFO - Processing file /Users/ajlakorman/Desktop/Data-Mining-Projects/Apache_Airflow/venv/lib/python3.10/site-packages/airflow/example_dags/example_inlet_event_extra.py for tasks to queue
[2025-02-20T11:21:32.337+0100] {logging_mixin.py:190} INFO - [2025-02-20T11:21:32.337+0100] {dagbag.py:588} INFO - Filling up the DagBag from /Users/ajlakorman/Desktop/Data-Mining-Projects/Apache_Airflow/venv/lib/python3.10/site-packages/airflow/example_dags/example_inlet_event_extra.py
[2025-02-20T11:21:32.396+0100] {processor.py:925} INFO - DAG(s) 'read_dataset_event', 'read_dataset_event_from_classic' retrieved from /Users/ajlakorman/Desktop/Data-Mining-Projects/Apache_Airflow/venv/lib/python3.10/site-packages/airflow/example_dags/example_inlet_event_extra.py
[2025-02-20T11:21:32.434+0100] {logging_mixin.py:190} INFO - [2025-02-20T11:21:32.434+0100] {dag.py:3239} INFO - Sync 2 DAGs
[2025-02-20T11:21:32.441+0100] {logging_mixin.py:190} INFO - [2025-02-20T11:21:32.441+0100] {dag.py:4180} INFO - Setting next_dagrun for read_dataset_event to 2025-02-19 00:00:00+00:00, run_after=2025-02-20 00:00:00+00:00
[2025-02-20T11:21:32.442+0100] {logging_mixin.py:190} INFO - [2025-02-20T11:21:32.442+0100] {dag.py:4180} INFO - Setting next_dagrun for read_dataset_event_from_classic to 2025-02-19 00:00:00+00:00, run_after=2025-02-20 00:00:00+00:00
[2025-02-20T11:21:32.448+0100] {processor.py:208} INFO - Processing /Users/ajlakorman/Desktop/Data-Mining-Projects/Apache_Airflow/venv/lib/python3.10/site-packages/airflow/example_dags/example_inlet_event_extra.py took 0.113 seconds
[2025-02-20T11:24:01.712+0100] {processor.py:186} INFO - Started process (PID=10025) to work on /Users/ajlakorman/Desktop/Data-Mining-Projects/Apache_Airflow/venv/lib/python3.10/site-packages/airflow/example_dags/example_inlet_event_extra.py
[2025-02-20T11:24:01.713+0100] {processor.py:914} INFO - Processing file /Users/ajlakorman/Desktop/Data-Mining-Projects/Apache_Airflow/venv/lib/python3.10/site-packages/airflow/example_dags/example_inlet_event_extra.py for tasks to queue
[2025-02-20T11:24:01.714+0100] {logging_mixin.py:190} INFO - [2025-02-20T11:24:01.714+0100] {dagbag.py:588} INFO - Filling up the DagBag from /Users/ajlakorman/Desktop/Data-Mining-Projects/Apache_Airflow/venv/lib/python3.10/site-packages/airflow/example_dags/example_inlet_event_extra.py
[2025-02-20T11:24:01.772+0100] {processor.py:925} INFO - DAG(s) 'read_dataset_event_from_classic', 'read_dataset_event' retrieved from /Users/ajlakorman/Desktop/Data-Mining-Projects/Apache_Airflow/venv/lib/python3.10/site-packages/airflow/example_dags/example_inlet_event_extra.py
[2025-02-20T11:24:01.810+0100] {logging_mixin.py:190} INFO - [2025-02-20T11:24:01.810+0100] {dag.py:3239} INFO - Sync 2 DAGs
[2025-02-20T11:24:01.817+0100] {logging_mixin.py:190} INFO - [2025-02-20T11:24:01.817+0100] {dag.py:4180} INFO - Setting next_dagrun for read_dataset_event to 2025-02-19 00:00:00+00:00, run_after=2025-02-20 00:00:00+00:00
[2025-02-20T11:24:01.818+0100] {logging_mixin.py:190} INFO - [2025-02-20T11:24:01.818+0100] {dag.py:4180} INFO - Setting next_dagrun for read_dataset_event_from_classic to 2025-02-19 00:00:00+00:00, run_after=2025-02-20 00:00:00+00:00
[2025-02-20T11:24:01.824+0100] {processor.py:208} INFO - Processing /Users/ajlakorman/Desktop/Data-Mining-Projects/Apache_Airflow/venv/lib/python3.10/site-packages/airflow/example_dags/example_inlet_event_extra.py took 0.114 seconds
[2025-02-20T11:26:30.490+0100] {processor.py:186} INFO - Started process (PID=10341) to work on /Users/ajlakorman/Desktop/Data-Mining-Projects/Apache_Airflow/venv/lib/python3.10/site-packages/airflow/example_dags/example_inlet_event_extra.py
[2025-02-20T11:26:30.491+0100] {processor.py:914} INFO - Processing file /Users/ajlakorman/Desktop/Data-Mining-Projects/Apache_Airflow/venv/lib/python3.10/site-packages/airflow/example_dags/example_inlet_event_extra.py for tasks to queue
[2025-02-20T11:26:30.491+0100] {logging_mixin.py:190} INFO - [2025-02-20T11:26:30.491+0100] {dagbag.py:588} INFO - Filling up the DagBag from /Users/ajlakorman/Desktop/Data-Mining-Projects/Apache_Airflow/venv/lib/python3.10/site-packages/airflow/example_dags/example_inlet_event_extra.py
[2025-02-20T11:26:30.567+0100] {processor.py:925} INFO - DAG(s) 'read_dataset_event_from_classic', 'read_dataset_event' retrieved from /Users/ajlakorman/Desktop/Data-Mining-Projects/Apache_Airflow/venv/lib/python3.10/site-packages/airflow/example_dags/example_inlet_event_extra.py
[2025-02-20T11:26:30.608+0100] {logging_mixin.py:190} INFO - [2025-02-20T11:26:30.608+0100] {dag.py:3239} INFO - Sync 2 DAGs
[2025-02-20T11:26:30.616+0100] {logging_mixin.py:190} INFO - [2025-02-20T11:26:30.616+0100] {dag.py:4180} INFO - Setting next_dagrun for read_dataset_event to 2025-02-19 00:00:00+00:00, run_after=2025-02-20 00:00:00+00:00
[2025-02-20T11:26:30.617+0100] {logging_mixin.py:190} INFO - [2025-02-20T11:26:30.617+0100] {dag.py:4180} INFO - Setting next_dagrun for read_dataset_event_from_classic to 2025-02-19 00:00:00+00:00, run_after=2025-02-20 00:00:00+00:00
[2025-02-20T11:26:30.624+0100] {processor.py:208} INFO - Processing /Users/ajlakorman/Desktop/Data-Mining-Projects/Apache_Airflow/venv/lib/python3.10/site-packages/airflow/example_dags/example_inlet_event_extra.py took 0.136 seconds
[2025-02-20T11:28:58.566+0100] {processor.py:186} INFO - Started process (PID=10646) to work on /Users/ajlakorman/Desktop/Data-Mining-Projects/Apache_Airflow/venv/lib/python3.10/site-packages/airflow/example_dags/example_inlet_event_extra.py
[2025-02-20T11:28:58.567+0100] {processor.py:914} INFO - Processing file /Users/ajlakorman/Desktop/Data-Mining-Projects/Apache_Airflow/venv/lib/python3.10/site-packages/airflow/example_dags/example_inlet_event_extra.py for tasks to queue
[2025-02-20T11:28:58.568+0100] {logging_mixin.py:190} INFO - [2025-02-20T11:28:58.568+0100] {dagbag.py:588} INFO - Filling up the DagBag from /Users/ajlakorman/Desktop/Data-Mining-Projects/Apache_Airflow/venv/lib/python3.10/site-packages/airflow/example_dags/example_inlet_event_extra.py
[2025-02-20T11:28:58.630+0100] {processor.py:925} INFO - DAG(s) 'read_dataset_event', 'read_dataset_event_from_classic' retrieved from /Users/ajlakorman/Desktop/Data-Mining-Projects/Apache_Airflow/venv/lib/python3.10/site-packages/airflow/example_dags/example_inlet_event_extra.py
[2025-02-20T11:28:58.668+0100] {logging_mixin.py:190} INFO - [2025-02-20T11:28:58.668+0100] {dag.py:3239} INFO - Sync 2 DAGs
[2025-02-20T11:28:58.676+0100] {logging_mixin.py:190} INFO - [2025-02-20T11:28:58.675+0100] {dag.py:4180} INFO - Setting next_dagrun for read_dataset_event to 2025-02-19 00:00:00+00:00, run_after=2025-02-20 00:00:00+00:00
[2025-02-20T11:28:58.677+0100] {logging_mixin.py:190} INFO - [2025-02-20T11:28:58.677+0100] {dag.py:4180} INFO - Setting next_dagrun for read_dataset_event_from_classic to 2025-02-19 00:00:00+00:00, run_after=2025-02-20 00:00:00+00:00
[2025-02-20T11:28:58.683+0100] {processor.py:208} INFO - Processing /Users/ajlakorman/Desktop/Data-Mining-Projects/Apache_Airflow/venv/lib/python3.10/site-packages/airflow/example_dags/example_inlet_event_extra.py took 0.121 seconds
[2025-02-20T11:31:28.726+0100] {processor.py:186} INFO - Started process (PID=10957) to work on /Users/ajlakorman/Desktop/Data-Mining-Projects/Apache_Airflow/venv/lib/python3.10/site-packages/airflow/example_dags/example_inlet_event_extra.py
[2025-02-20T11:31:28.727+0100] {processor.py:914} INFO - Processing file /Users/ajlakorman/Desktop/Data-Mining-Projects/Apache_Airflow/venv/lib/python3.10/site-packages/airflow/example_dags/example_inlet_event_extra.py for tasks to queue
[2025-02-20T11:31:28.727+0100] {logging_mixin.py:190} INFO - [2025-02-20T11:31:28.727+0100] {dagbag.py:588} INFO - Filling up the DagBag from /Users/ajlakorman/Desktop/Data-Mining-Projects/Apache_Airflow/venv/lib/python3.10/site-packages/airflow/example_dags/example_inlet_event_extra.py
[2025-02-20T11:31:28.794+0100] {processor.py:925} INFO - DAG(s) 'read_dataset_event', 'read_dataset_event_from_classic' retrieved from /Users/ajlakorman/Desktop/Data-Mining-Projects/Apache_Airflow/venv/lib/python3.10/site-packages/airflow/example_dags/example_inlet_event_extra.py
[2025-02-20T11:31:28.833+0100] {logging_mixin.py:190} INFO - [2025-02-20T11:31:28.833+0100] {dag.py:3239} INFO - Sync 2 DAGs
[2025-02-20T11:31:28.840+0100] {logging_mixin.py:190} INFO - [2025-02-20T11:31:28.840+0100] {dag.py:4180} INFO - Setting next_dagrun for read_dataset_event to 2025-02-19 00:00:00+00:00, run_after=2025-02-20 00:00:00+00:00
[2025-02-20T11:31:28.842+0100] {logging_mixin.py:190} INFO - [2025-02-20T11:31:28.842+0100] {dag.py:4180} INFO - Setting next_dagrun for read_dataset_event_from_classic to 2025-02-19 00:00:00+00:00, run_after=2025-02-20 00:00:00+00:00
[2025-02-20T11:31:28.847+0100] {processor.py:208} INFO - Processing /Users/ajlakorman/Desktop/Data-Mining-Projects/Apache_Airflow/venv/lib/python3.10/site-packages/airflow/example_dags/example_inlet_event_extra.py took 0.123 seconds
[2025-02-20T11:33:54.411+0100] {processor.py:186} INFO - Started process (PID=11187) to work on /Users/ajlakorman/Desktop/Data-Mining-Projects/Apache_Airflow/venv/lib/python3.10/site-packages/airflow/example_dags/example_inlet_event_extra.py
[2025-02-20T11:33:54.411+0100] {processor.py:914} INFO - Processing file /Users/ajlakorman/Desktop/Data-Mining-Projects/Apache_Airflow/venv/lib/python3.10/site-packages/airflow/example_dags/example_inlet_event_extra.py for tasks to queue
[2025-02-20T11:33:54.412+0100] {logging_mixin.py:190} INFO - [2025-02-20T11:33:54.412+0100] {dagbag.py:588} INFO - Filling up the DagBag from /Users/ajlakorman/Desktop/Data-Mining-Projects/Apache_Airflow/venv/lib/python3.10/site-packages/airflow/example_dags/example_inlet_event_extra.py
[2025-02-20T11:33:54.473+0100] {processor.py:925} INFO - DAG(s) 'read_dataset_event', 'read_dataset_event_from_classic' retrieved from /Users/ajlakorman/Desktop/Data-Mining-Projects/Apache_Airflow/venv/lib/python3.10/site-packages/airflow/example_dags/example_inlet_event_extra.py
[2025-02-20T11:33:54.511+0100] {logging_mixin.py:190} INFO - [2025-02-20T11:33:54.511+0100] {dag.py:3239} INFO - Sync 2 DAGs
[2025-02-20T11:33:54.518+0100] {logging_mixin.py:190} INFO - [2025-02-20T11:33:54.518+0100] {dag.py:4180} INFO - Setting next_dagrun for read_dataset_event to 2025-02-19 00:00:00+00:00, run_after=2025-02-20 00:00:00+00:00
[2025-02-20T11:33:54.519+0100] {logging_mixin.py:190} INFO - [2025-02-20T11:33:54.519+0100] {dag.py:4180} INFO - Setting next_dagrun for read_dataset_event_from_classic to 2025-02-19 00:00:00+00:00, run_after=2025-02-20 00:00:00+00:00
[2025-02-20T11:33:54.525+0100] {processor.py:208} INFO - Processing /Users/ajlakorman/Desktop/Data-Mining-Projects/Apache_Airflow/venv/lib/python3.10/site-packages/airflow/example_dags/example_inlet_event_extra.py took 0.116 seconds
[2025-02-20T11:36:23.226+0100] {processor.py:186} INFO - Started process (PID=11430) to work on /Users/ajlakorman/Desktop/Data-Mining-Projects/Apache_Airflow/venv/lib/python3.10/site-packages/airflow/example_dags/example_inlet_event_extra.py
[2025-02-20T11:36:23.227+0100] {processor.py:914} INFO - Processing file /Users/ajlakorman/Desktop/Data-Mining-Projects/Apache_Airflow/venv/lib/python3.10/site-packages/airflow/example_dags/example_inlet_event_extra.py for tasks to queue
[2025-02-20T11:36:23.227+0100] {logging_mixin.py:190} INFO - [2025-02-20T11:36:23.227+0100] {dagbag.py:588} INFO - Filling up the DagBag from /Users/ajlakorman/Desktop/Data-Mining-Projects/Apache_Airflow/venv/lib/python3.10/site-packages/airflow/example_dags/example_inlet_event_extra.py
[2025-02-20T11:36:23.288+0100] {processor.py:925} INFO - DAG(s) 'read_dataset_event', 'read_dataset_event_from_classic' retrieved from /Users/ajlakorman/Desktop/Data-Mining-Projects/Apache_Airflow/venv/lib/python3.10/site-packages/airflow/example_dags/example_inlet_event_extra.py
[2025-02-20T11:36:23.328+0100] {logging_mixin.py:190} INFO - [2025-02-20T11:36:23.327+0100] {dag.py:3239} INFO - Sync 2 DAGs
[2025-02-20T11:36:23.334+0100] {logging_mixin.py:190} INFO - [2025-02-20T11:36:23.334+0100] {dag.py:4180} INFO - Setting next_dagrun for read_dataset_event to 2025-02-19 00:00:00+00:00, run_after=2025-02-20 00:00:00+00:00
[2025-02-20T11:36:23.336+0100] {logging_mixin.py:190} INFO - [2025-02-20T11:36:23.336+0100] {dag.py:4180} INFO - Setting next_dagrun for read_dataset_event_from_classic to 2025-02-19 00:00:00+00:00, run_after=2025-02-20 00:00:00+00:00
[2025-02-20T11:36:23.342+0100] {processor.py:208} INFO - Processing /Users/ajlakorman/Desktop/Data-Mining-Projects/Apache_Airflow/venv/lib/python3.10/site-packages/airflow/example_dags/example_inlet_event_extra.py took 0.118 seconds
[2025-02-20T11:38:56.366+0100] {processor.py:186} INFO - Started process (PID=11706) to work on /Users/ajlakorman/Desktop/Data-Mining-Projects/Apache_Airflow/venv/lib/python3.10/site-packages/airflow/example_dags/example_inlet_event_extra.py
[2025-02-20T11:38:56.367+0100] {processor.py:914} INFO - Processing file /Users/ajlakorman/Desktop/Data-Mining-Projects/Apache_Airflow/venv/lib/python3.10/site-packages/airflow/example_dags/example_inlet_event_extra.py for tasks to queue
[2025-02-20T11:38:56.368+0100] {logging_mixin.py:190} INFO - [2025-02-20T11:38:56.368+0100] {dagbag.py:588} INFO - Filling up the DagBag from /Users/ajlakorman/Desktop/Data-Mining-Projects/Apache_Airflow/venv/lib/python3.10/site-packages/airflow/example_dags/example_inlet_event_extra.py
[2025-02-20T11:38:56.427+0100] {processor.py:925} INFO - DAG(s) 'read_dataset_event_from_classic', 'read_dataset_event' retrieved from /Users/ajlakorman/Desktop/Data-Mining-Projects/Apache_Airflow/venv/lib/python3.10/site-packages/airflow/example_dags/example_inlet_event_extra.py
[2025-02-20T11:38:56.465+0100] {logging_mixin.py:190} INFO - [2025-02-20T11:38:56.465+0100] {dag.py:3239} INFO - Sync 2 DAGs
[2025-02-20T11:38:56.472+0100] {logging_mixin.py:190} INFO - [2025-02-20T11:38:56.472+0100] {dag.py:4180} INFO - Setting next_dagrun for read_dataset_event to 2025-02-19 00:00:00+00:00, run_after=2025-02-20 00:00:00+00:00
[2025-02-20T11:38:56.473+0100] {logging_mixin.py:190} INFO - [2025-02-20T11:38:56.473+0100] {dag.py:4180} INFO - Setting next_dagrun for read_dataset_event_from_classic to 2025-02-19 00:00:00+00:00, run_after=2025-02-20 00:00:00+00:00
[2025-02-20T11:38:56.479+0100] {processor.py:208} INFO - Processing /Users/ajlakorman/Desktop/Data-Mining-Projects/Apache_Airflow/venv/lib/python3.10/site-packages/airflow/example_dags/example_inlet_event_extra.py took 0.115 seconds
[2025-02-20T11:58:05.154+0100] {processor.py:186} INFO - Started process (PID=11927) to work on /Users/ajlakorman/Desktop/Data-Mining-Projects/Apache_Airflow/venv/lib/python3.10/site-packages/airflow/example_dags/example_inlet_event_extra.py
[2025-02-20T11:58:05.155+0100] {processor.py:914} INFO - Processing file /Users/ajlakorman/Desktop/Data-Mining-Projects/Apache_Airflow/venv/lib/python3.10/site-packages/airflow/example_dags/example_inlet_event_extra.py for tasks to queue
[2025-02-20T11:58:05.156+0100] {logging_mixin.py:190} INFO - [2025-02-20T11:58:05.156+0100] {dagbag.py:588} INFO - Filling up the DagBag from /Users/ajlakorman/Desktop/Data-Mining-Projects/Apache_Airflow/venv/lib/python3.10/site-packages/airflow/example_dags/example_inlet_event_extra.py
[2025-02-20T11:58:05.220+0100] {processor.py:925} INFO - DAG(s) 'read_dataset_event', 'read_dataset_event_from_classic' retrieved from /Users/ajlakorman/Desktop/Data-Mining-Projects/Apache_Airflow/venv/lib/python3.10/site-packages/airflow/example_dags/example_inlet_event_extra.py
[2025-02-20T11:58:05.261+0100] {logging_mixin.py:190} INFO - [2025-02-20T11:58:05.261+0100] {dag.py:3239} INFO - Sync 2 DAGs
[2025-02-20T11:58:05.270+0100] {logging_mixin.py:190} INFO - [2025-02-20T11:58:05.270+0100] {dag.py:4180} INFO - Setting next_dagrun for read_dataset_event to 2025-02-19 00:00:00+00:00, run_after=2025-02-20 00:00:00+00:00
[2025-02-20T11:58:05.271+0100] {logging_mixin.py:190} INFO - [2025-02-20T11:58:05.271+0100] {dag.py:4180} INFO - Setting next_dagrun for read_dataset_event_from_classic to 2025-02-19 00:00:00+00:00, run_after=2025-02-20 00:00:00+00:00
[2025-02-20T11:58:05.278+0100] {processor.py:208} INFO - Processing /Users/ajlakorman/Desktop/Data-Mining-Projects/Apache_Airflow/venv/lib/python3.10/site-packages/airflow/example_dags/example_inlet_event_extra.py took 0.126 seconds
[2025-02-20T12:21:20.001+0100] {processor.py:186} INFO - Started process (PID=12201) to work on /Users/ajlakorman/Desktop/Data-Mining-Projects/Apache_Airflow/venv/lib/python3.10/site-packages/airflow/example_dags/example_inlet_event_extra.py
[2025-02-20T12:21:20.001+0100] {processor.py:914} INFO - Processing file /Users/ajlakorman/Desktop/Data-Mining-Projects/Apache_Airflow/venv/lib/python3.10/site-packages/airflow/example_dags/example_inlet_event_extra.py for tasks to queue
[2025-02-20T12:21:20.002+0100] {logging_mixin.py:190} INFO - [2025-02-20T12:21:20.002+0100] {dagbag.py:588} INFO - Filling up the DagBag from /Users/ajlakorman/Desktop/Data-Mining-Projects/Apache_Airflow/venv/lib/python3.10/site-packages/airflow/example_dags/example_inlet_event_extra.py
[2025-02-20T12:21:20.063+0100] {processor.py:925} INFO - DAG(s) 'read_dataset_event', 'read_dataset_event_from_classic' retrieved from /Users/ajlakorman/Desktop/Data-Mining-Projects/Apache_Airflow/venv/lib/python3.10/site-packages/airflow/example_dags/example_inlet_event_extra.py
[2025-02-20T12:21:20.103+0100] {logging_mixin.py:190} INFO - [2025-02-20T12:21:20.103+0100] {dag.py:3239} INFO - Sync 2 DAGs
[2025-02-20T12:21:20.111+0100] {logging_mixin.py:190} INFO - [2025-02-20T12:21:20.111+0100] {dag.py:4180} INFO - Setting next_dagrun for read_dataset_event to 2025-02-19 00:00:00+00:00, run_after=2025-02-20 00:00:00+00:00
[2025-02-20T12:21:20.113+0100] {logging_mixin.py:190} INFO - [2025-02-20T12:21:20.113+0100] {dag.py:4180} INFO - Setting next_dagrun for read_dataset_event_from_classic to 2025-02-19 00:00:00+00:00, run_after=2025-02-20 00:00:00+00:00
[2025-02-20T12:21:20.120+0100] {processor.py:208} INFO - Processing /Users/ajlakorman/Desktop/Data-Mining-Projects/Apache_Airflow/venv/lib/python3.10/site-packages/airflow/example_dags/example_inlet_event_extra.py took 0.121 seconds
[2025-02-20T12:23:55.740+0100] {processor.py:186} INFO - Started process (PID=12482) to work on /Users/ajlakorman/Desktop/Data-Mining-Projects/Apache_Airflow/venv/lib/python3.10/site-packages/airflow/example_dags/example_inlet_event_extra.py
[2025-02-20T12:23:55.740+0100] {processor.py:914} INFO - Processing file /Users/ajlakorman/Desktop/Data-Mining-Projects/Apache_Airflow/venv/lib/python3.10/site-packages/airflow/example_dags/example_inlet_event_extra.py for tasks to queue
[2025-02-20T12:23:55.741+0100] {logging_mixin.py:190} INFO - [2025-02-20T12:23:55.741+0100] {dagbag.py:588} INFO - Filling up the DagBag from /Users/ajlakorman/Desktop/Data-Mining-Projects/Apache_Airflow/venv/lib/python3.10/site-packages/airflow/example_dags/example_inlet_event_extra.py
[2025-02-20T12:23:55.808+0100] {processor.py:925} INFO - DAG(s) 'read_dataset_event', 'read_dataset_event_from_classic' retrieved from /Users/ajlakorman/Desktop/Data-Mining-Projects/Apache_Airflow/venv/lib/python3.10/site-packages/airflow/example_dags/example_inlet_event_extra.py
[2025-02-20T12:23:55.848+0100] {logging_mixin.py:190} INFO - [2025-02-20T12:23:55.848+0100] {dag.py:3239} INFO - Sync 2 DAGs
[2025-02-20T12:23:55.855+0100] {logging_mixin.py:190} INFO - [2025-02-20T12:23:55.855+0100] {dag.py:4180} INFO - Setting next_dagrun for read_dataset_event to 2025-02-19 00:00:00+00:00, run_after=2025-02-20 00:00:00+00:00
[2025-02-20T12:23:55.857+0100] {logging_mixin.py:190} INFO - [2025-02-20T12:23:55.856+0100] {dag.py:4180} INFO - Setting next_dagrun for read_dataset_event_from_classic to 2025-02-19 00:00:00+00:00, run_after=2025-02-20 00:00:00+00:00
[2025-02-20T12:23:55.863+0100] {processor.py:208} INFO - Processing /Users/ajlakorman/Desktop/Data-Mining-Projects/Apache_Airflow/venv/lib/python3.10/site-packages/airflow/example_dags/example_inlet_event_extra.py took 0.125 seconds
[2025-02-20T12:26:21.750+0100] {processor.py:186} INFO - Started process (PID=12757) to work on /Users/ajlakorman/Desktop/Data-Mining-Projects/Apache_Airflow/venv/lib/python3.10/site-packages/airflow/example_dags/example_inlet_event_extra.py
[2025-02-20T12:26:21.751+0100] {processor.py:914} INFO - Processing file /Users/ajlakorman/Desktop/Data-Mining-Projects/Apache_Airflow/venv/lib/python3.10/site-packages/airflow/example_dags/example_inlet_event_extra.py for tasks to queue
[2025-02-20T12:26:21.751+0100] {logging_mixin.py:190} INFO - [2025-02-20T12:26:21.751+0100] {dagbag.py:588} INFO - Filling up the DagBag from /Users/ajlakorman/Desktop/Data-Mining-Projects/Apache_Airflow/venv/lib/python3.10/site-packages/airflow/example_dags/example_inlet_event_extra.py
[2025-02-20T12:26:21.810+0100] {processor.py:925} INFO - DAG(s) 'read_dataset_event_from_classic', 'read_dataset_event' retrieved from /Users/ajlakorman/Desktop/Data-Mining-Projects/Apache_Airflow/venv/lib/python3.10/site-packages/airflow/example_dags/example_inlet_event_extra.py
[2025-02-20T12:26:21.849+0100] {logging_mixin.py:190} INFO - [2025-02-20T12:26:21.849+0100] {dag.py:3239} INFO - Sync 2 DAGs
[2025-02-20T12:26:21.856+0100] {logging_mixin.py:190} INFO - [2025-02-20T12:26:21.855+0100] {dag.py:4180} INFO - Setting next_dagrun for read_dataset_event to 2025-02-19 00:00:00+00:00, run_after=2025-02-20 00:00:00+00:00
[2025-02-20T12:26:21.857+0100] {logging_mixin.py:190} INFO - [2025-02-20T12:26:21.857+0100] {dag.py:4180} INFO - Setting next_dagrun for read_dataset_event_from_classic to 2025-02-19 00:00:00+00:00, run_after=2025-02-20 00:00:00+00:00
[2025-02-20T12:26:21.863+0100] {processor.py:208} INFO - Processing /Users/ajlakorman/Desktop/Data-Mining-Projects/Apache_Airflow/venv/lib/python3.10/site-packages/airflow/example_dags/example_inlet_event_extra.py took 0.115 seconds
[2025-02-20T12:28:52.665+0100] {processor.py:186} INFO - Started process (PID=13083) to work on /Users/ajlakorman/Desktop/Data-Mining-Projects/Apache_Airflow/venv/lib/python3.10/site-packages/airflow/example_dags/example_inlet_event_extra.py
[2025-02-20T12:28:52.667+0100] {processor.py:914} INFO - Processing file /Users/ajlakorman/Desktop/Data-Mining-Projects/Apache_Airflow/venv/lib/python3.10/site-packages/airflow/example_dags/example_inlet_event_extra.py for tasks to queue
[2025-02-20T12:28:52.667+0100] {logging_mixin.py:190} INFO - [2025-02-20T12:28:52.667+0100] {dagbag.py:588} INFO - Filling up the DagBag from /Users/ajlakorman/Desktop/Data-Mining-Projects/Apache_Airflow/venv/lib/python3.10/site-packages/airflow/example_dags/example_inlet_event_extra.py
[2025-02-20T12:28:52.726+0100] {processor.py:925} INFO - DAG(s) 'read_dataset_event', 'read_dataset_event_from_classic' retrieved from /Users/ajlakorman/Desktop/Data-Mining-Projects/Apache_Airflow/venv/lib/python3.10/site-packages/airflow/example_dags/example_inlet_event_extra.py
[2025-02-20T12:28:52.767+0100] {logging_mixin.py:190} INFO - [2025-02-20T12:28:52.767+0100] {dag.py:3239} INFO - Sync 2 DAGs
[2025-02-20T12:28:52.774+0100] {logging_mixin.py:190} INFO - [2025-02-20T12:28:52.774+0100] {dag.py:4180} INFO - Setting next_dagrun for read_dataset_event to 2025-02-19 00:00:00+00:00, run_after=2025-02-20 00:00:00+00:00
[2025-02-20T12:28:52.775+0100] {logging_mixin.py:190} INFO - [2025-02-20T12:28:52.775+0100] {dag.py:4180} INFO - Setting next_dagrun for read_dataset_event_from_classic to 2025-02-19 00:00:00+00:00, run_after=2025-02-20 00:00:00+00:00
[2025-02-20T12:28:52.781+0100] {processor.py:208} INFO - Processing /Users/ajlakorman/Desktop/Data-Mining-Projects/Apache_Airflow/venv/lib/python3.10/site-packages/airflow/example_dags/example_inlet_event_extra.py took 0.118 seconds
[2025-02-20T12:31:19.490+0100] {processor.py:186} INFO - Started process (PID=13404) to work on /Users/ajlakorman/Desktop/Data-Mining-Projects/Apache_Airflow/venv/lib/python3.10/site-packages/airflow/example_dags/example_inlet_event_extra.py
[2025-02-20T12:31:19.491+0100] {processor.py:914} INFO - Processing file /Users/ajlakorman/Desktop/Data-Mining-Projects/Apache_Airflow/venv/lib/python3.10/site-packages/airflow/example_dags/example_inlet_event_extra.py for tasks to queue
[2025-02-20T12:31:19.491+0100] {logging_mixin.py:190} INFO - [2025-02-20T12:31:19.491+0100] {dagbag.py:588} INFO - Filling up the DagBag from /Users/ajlakorman/Desktop/Data-Mining-Projects/Apache_Airflow/venv/lib/python3.10/site-packages/airflow/example_dags/example_inlet_event_extra.py
[2025-02-20T12:31:19.554+0100] {processor.py:925} INFO - DAG(s) 'read_dataset_event', 'read_dataset_event_from_classic' retrieved from /Users/ajlakorman/Desktop/Data-Mining-Projects/Apache_Airflow/venv/lib/python3.10/site-packages/airflow/example_dags/example_inlet_event_extra.py
[2025-02-20T12:31:19.593+0100] {logging_mixin.py:190} INFO - [2025-02-20T12:31:19.593+0100] {dag.py:3239} INFO - Sync 2 DAGs
[2025-02-20T12:31:19.600+0100] {logging_mixin.py:190} INFO - [2025-02-20T12:31:19.600+0100] {dag.py:4180} INFO - Setting next_dagrun for read_dataset_event to 2025-02-19 00:00:00+00:00, run_after=2025-02-20 00:00:00+00:00
[2025-02-20T12:31:19.602+0100] {logging_mixin.py:190} INFO - [2025-02-20T12:31:19.602+0100] {dag.py:4180} INFO - Setting next_dagrun for read_dataset_event_from_classic to 2025-02-19 00:00:00+00:00, run_after=2025-02-20 00:00:00+00:00
[2025-02-20T12:31:19.608+0100] {processor.py:208} INFO - Processing /Users/ajlakorman/Desktop/Data-Mining-Projects/Apache_Airflow/venv/lib/python3.10/site-packages/airflow/example_dags/example_inlet_event_extra.py took 0.120 seconds
[2025-02-20T12:33:54.799+0100] {processor.py:186} INFO - Started process (PID=13715) to work on /Users/ajlakorman/Desktop/Data-Mining-Projects/Apache_Airflow/venv/lib/python3.10/site-packages/airflow/example_dags/example_inlet_event_extra.py
[2025-02-20T12:33:54.800+0100] {processor.py:914} INFO - Processing file /Users/ajlakorman/Desktop/Data-Mining-Projects/Apache_Airflow/venv/lib/python3.10/site-packages/airflow/example_dags/example_inlet_event_extra.py for tasks to queue
[2025-02-20T12:33:54.801+0100] {logging_mixin.py:190} INFO - [2025-02-20T12:33:54.801+0100] {dagbag.py:588} INFO - Filling up the DagBag from /Users/ajlakorman/Desktop/Data-Mining-Projects/Apache_Airflow/venv/lib/python3.10/site-packages/airflow/example_dags/example_inlet_event_extra.py
[2025-02-20T12:33:54.865+0100] {processor.py:925} INFO - DAG(s) 'read_dataset_event', 'read_dataset_event_from_classic' retrieved from /Users/ajlakorman/Desktop/Data-Mining-Projects/Apache_Airflow/venv/lib/python3.10/site-packages/airflow/example_dags/example_inlet_event_extra.py
[2025-02-20T12:33:54.903+0100] {logging_mixin.py:190} INFO - [2025-02-20T12:33:54.903+0100] {dag.py:3239} INFO - Sync 2 DAGs
[2025-02-20T12:33:54.910+0100] {logging_mixin.py:190} INFO - [2025-02-20T12:33:54.910+0100] {dag.py:4180} INFO - Setting next_dagrun for read_dataset_event to 2025-02-19 00:00:00+00:00, run_after=2025-02-20 00:00:00+00:00
[2025-02-20T12:33:54.912+0100] {logging_mixin.py:190} INFO - [2025-02-20T12:33:54.912+0100] {dag.py:4180} INFO - Setting next_dagrun for read_dataset_event_from_classic to 2025-02-19 00:00:00+00:00, run_after=2025-02-20 00:00:00+00:00
[2025-02-20T12:33:54.918+0100] {processor.py:208} INFO - Processing /Users/ajlakorman/Desktop/Data-Mining-Projects/Apache_Airflow/venv/lib/python3.10/site-packages/airflow/example_dags/example_inlet_event_extra.py took 0.120 seconds
[2025-02-20T12:36:30.598+0100] {processor.py:186} INFO - Started process (PID=14086) to work on /Users/ajlakorman/Desktop/Data-Mining-Projects/Apache_Airflow/venv/lib/python3.10/site-packages/airflow/example_dags/example_inlet_event_extra.py
[2025-02-20T12:36:30.599+0100] {processor.py:914} INFO - Processing file /Users/ajlakorman/Desktop/Data-Mining-Projects/Apache_Airflow/venv/lib/python3.10/site-packages/airflow/example_dags/example_inlet_event_extra.py for tasks to queue
[2025-02-20T12:36:30.599+0100] {logging_mixin.py:190} INFO - [2025-02-20T12:36:30.599+0100] {dagbag.py:588} INFO - Filling up the DagBag from /Users/ajlakorman/Desktop/Data-Mining-Projects/Apache_Airflow/venv/lib/python3.10/site-packages/airflow/example_dags/example_inlet_event_extra.py
[2025-02-20T12:36:30.659+0100] {processor.py:925} INFO - DAG(s) 'read_dataset_event_from_classic', 'read_dataset_event' retrieved from /Users/ajlakorman/Desktop/Data-Mining-Projects/Apache_Airflow/venv/lib/python3.10/site-packages/airflow/example_dags/example_inlet_event_extra.py
[2025-02-20T12:36:30.700+0100] {logging_mixin.py:190} INFO - [2025-02-20T12:36:30.700+0100] {dag.py:3239} INFO - Sync 2 DAGs
[2025-02-20T12:36:30.710+0100] {logging_mixin.py:190} INFO - [2025-02-20T12:36:30.710+0100] {dag.py:4180} INFO - Setting next_dagrun for read_dataset_event to 2025-02-19 00:00:00+00:00, run_after=2025-02-20 00:00:00+00:00
[2025-02-20T12:36:30.712+0100] {logging_mixin.py:190} INFO - [2025-02-20T12:36:30.712+0100] {dag.py:4180} INFO - Setting next_dagrun for read_dataset_event_from_classic to 2025-02-19 00:00:00+00:00, run_after=2025-02-20 00:00:00+00:00
[2025-02-20T12:36:30.751+0100] {processor.py:208} INFO - Processing /Users/ajlakorman/Desktop/Data-Mining-Projects/Apache_Airflow/venv/lib/python3.10/site-packages/airflow/example_dags/example_inlet_event_extra.py took 0.155 seconds
[2025-02-20T12:38:58.605+0100] {processor.py:186} INFO - Started process (PID=14442) to work on /Users/ajlakorman/Desktop/Data-Mining-Projects/Apache_Airflow/venv/lib/python3.10/site-packages/airflow/example_dags/example_inlet_event_extra.py
[2025-02-20T12:38:58.606+0100] {processor.py:914} INFO - Processing file /Users/ajlakorman/Desktop/Data-Mining-Projects/Apache_Airflow/venv/lib/python3.10/site-packages/airflow/example_dags/example_inlet_event_extra.py for tasks to queue
[2025-02-20T12:38:58.606+0100] {logging_mixin.py:190} INFO - [2025-02-20T12:38:58.606+0100] {dagbag.py:588} INFO - Filling up the DagBag from /Users/ajlakorman/Desktop/Data-Mining-Projects/Apache_Airflow/venv/lib/python3.10/site-packages/airflow/example_dags/example_inlet_event_extra.py
[2025-02-20T12:38:58.664+0100] {processor.py:925} INFO - DAG(s) 'read_dataset_event_from_classic', 'read_dataset_event' retrieved from /Users/ajlakorman/Desktop/Data-Mining-Projects/Apache_Airflow/venv/lib/python3.10/site-packages/airflow/example_dags/example_inlet_event_extra.py
[2025-02-20T12:38:58.702+0100] {logging_mixin.py:190} INFO - [2025-02-20T12:38:58.702+0100] {dag.py:3239} INFO - Sync 2 DAGs
[2025-02-20T12:38:58.708+0100] {logging_mixin.py:190} INFO - [2025-02-20T12:38:58.708+0100] {dag.py:4180} INFO - Setting next_dagrun for read_dataset_event to 2025-02-19 00:00:00+00:00, run_after=2025-02-20 00:00:00+00:00
[2025-02-20T12:38:58.710+0100] {logging_mixin.py:190} INFO - [2025-02-20T12:38:58.710+0100] {dag.py:4180} INFO - Setting next_dagrun for read_dataset_event_from_classic to 2025-02-19 00:00:00+00:00, run_after=2025-02-20 00:00:00+00:00
[2025-02-20T12:38:58.716+0100] {processor.py:208} INFO - Processing /Users/ajlakorman/Desktop/Data-Mining-Projects/Apache_Airflow/venv/lib/python3.10/site-packages/airflow/example_dags/example_inlet_event_extra.py took 0.112 seconds
[2025-02-20T12:57:08.871+0100] {processor.py:186} INFO - Started process (PID=14846) to work on /Users/ajlakorman/Desktop/Data-Mining-Projects/Apache_Airflow/venv/lib/python3.10/site-packages/airflow/example_dags/example_inlet_event_extra.py
[2025-02-20T12:57:08.872+0100] {processor.py:914} INFO - Processing file /Users/ajlakorman/Desktop/Data-Mining-Projects/Apache_Airflow/venv/lib/python3.10/site-packages/airflow/example_dags/example_inlet_event_extra.py for tasks to queue
[2025-02-20T12:57:08.873+0100] {logging_mixin.py:190} INFO - [2025-02-20T12:57:08.873+0100] {dagbag.py:588} INFO - Filling up the DagBag from /Users/ajlakorman/Desktop/Data-Mining-Projects/Apache_Airflow/venv/lib/python3.10/site-packages/airflow/example_dags/example_inlet_event_extra.py
[2025-02-20T12:57:09.042+0100] {processor.py:925} INFO - DAG(s) 'read_dataset_event', 'read_dataset_event_from_classic' retrieved from /Users/ajlakorman/Desktop/Data-Mining-Projects/Apache_Airflow/venv/lib/python3.10/site-packages/airflow/example_dags/example_inlet_event_extra.py
[2025-02-20T12:57:09.180+0100] {logging_mixin.py:190} INFO - [2025-02-20T12:57:09.180+0100] {dag.py:3239} INFO - Sync 2 DAGs
[2025-02-20T12:57:09.203+0100] {logging_mixin.py:190} INFO - [2025-02-20T12:57:09.203+0100] {dag.py:4180} INFO - Setting next_dagrun for read_dataset_event to 2025-02-19 00:00:00+00:00, run_after=2025-02-20 00:00:00+00:00
[2025-02-20T12:57:09.209+0100] {logging_mixin.py:190} INFO - [2025-02-20T12:57:09.208+0100] {dag.py:4180} INFO - Setting next_dagrun for read_dataset_event_from_classic to 2025-02-19 00:00:00+00:00, run_after=2025-02-20 00:00:00+00:00
[2025-02-20T12:57:09.226+0100] {processor.py:208} INFO - Processing /Users/ajlakorman/Desktop/Data-Mining-Projects/Apache_Airflow/venv/lib/python3.10/site-packages/airflow/example_dags/example_inlet_event_extra.py took 0.359 seconds
[2025-02-20T13:00:02.263+0100] {processor.py:186} INFO - Started process (PID=15106) to work on /Users/ajlakorman/Desktop/Data-Mining-Projects/Apache_Airflow/venv/lib/python3.10/site-packages/airflow/example_dags/example_inlet_event_extra.py
[2025-02-20T13:00:02.263+0100] {processor.py:914} INFO - Processing file /Users/ajlakorman/Desktop/Data-Mining-Projects/Apache_Airflow/venv/lib/python3.10/site-packages/airflow/example_dags/example_inlet_event_extra.py for tasks to queue
[2025-02-20T13:00:02.264+0100] {logging_mixin.py:190} INFO - [2025-02-20T13:00:02.264+0100] {dagbag.py:588} INFO - Filling up the DagBag from /Users/ajlakorman/Desktop/Data-Mining-Projects/Apache_Airflow/venv/lib/python3.10/site-packages/airflow/example_dags/example_inlet_event_extra.py
[2025-02-20T13:00:02.323+0100] {processor.py:925} INFO - DAG(s) 'read_dataset_event_from_classic', 'read_dataset_event' retrieved from /Users/ajlakorman/Desktop/Data-Mining-Projects/Apache_Airflow/venv/lib/python3.10/site-packages/airflow/example_dags/example_inlet_event_extra.py
[2025-02-20T13:00:02.373+0100] {logging_mixin.py:190} INFO - [2025-02-20T13:00:02.373+0100] {dag.py:3239} INFO - Sync 2 DAGs
[2025-02-20T13:00:02.383+0100] {logging_mixin.py:190} INFO - [2025-02-20T13:00:02.383+0100] {dag.py:4180} INFO - Setting next_dagrun for read_dataset_event to 2025-02-19 00:00:00+00:00, run_after=2025-02-20 00:00:00+00:00
[2025-02-20T13:00:02.386+0100] {logging_mixin.py:190} INFO - [2025-02-20T13:00:02.386+0100] {dag.py:4180} INFO - Setting next_dagrun for read_dataset_event_from_classic to 2025-02-19 00:00:00+00:00, run_after=2025-02-20 00:00:00+00:00
[2025-02-20T13:00:02.404+0100] {processor.py:208} INFO - Processing /Users/ajlakorman/Desktop/Data-Mining-Projects/Apache_Airflow/venv/lib/python3.10/site-packages/airflow/example_dags/example_inlet_event_extra.py took 0.143 seconds
[2025-02-20T13:02:42.197+0100] {processor.py:186} INFO - Started process (PID=15333) to work on /Users/ajlakorman/Desktop/Data-Mining-Projects/Apache_Airflow/venv/lib/python3.10/site-packages/airflow/example_dags/example_inlet_event_extra.py
[2025-02-20T13:02:42.199+0100] {processor.py:914} INFO - Processing file /Users/ajlakorman/Desktop/Data-Mining-Projects/Apache_Airflow/venv/lib/python3.10/site-packages/airflow/example_dags/example_inlet_event_extra.py for tasks to queue
[2025-02-20T13:02:42.199+0100] {logging_mixin.py:190} INFO - [2025-02-20T13:02:42.199+0100] {dagbag.py:588} INFO - Filling up the DagBag from /Users/ajlakorman/Desktop/Data-Mining-Projects/Apache_Airflow/venv/lib/python3.10/site-packages/airflow/example_dags/example_inlet_event_extra.py
[2025-02-20T13:02:42.253+0100] {processor.py:925} INFO - DAG(s) 'read_dataset_event', 'read_dataset_event_from_classic' retrieved from /Users/ajlakorman/Desktop/Data-Mining-Projects/Apache_Airflow/venv/lib/python3.10/site-packages/airflow/example_dags/example_inlet_event_extra.py
[2025-02-20T13:02:42.290+0100] {logging_mixin.py:190} INFO - [2025-02-20T13:02:42.290+0100] {dag.py:3239} INFO - Sync 2 DAGs
[2025-02-20T13:02:42.297+0100] {logging_mixin.py:190} INFO - [2025-02-20T13:02:42.297+0100] {dag.py:4180} INFO - Setting next_dagrun for read_dataset_event to 2025-02-19 00:00:00+00:00, run_after=2025-02-20 00:00:00+00:00
[2025-02-20T13:02:42.298+0100] {logging_mixin.py:190} INFO - [2025-02-20T13:02:42.298+0100] {dag.py:4180} INFO - Setting next_dagrun for read_dataset_event_from_classic to 2025-02-19 00:00:00+00:00, run_after=2025-02-20 00:00:00+00:00
[2025-02-20T13:02:42.304+0100] {processor.py:208} INFO - Processing /Users/ajlakorman/Desktop/Data-Mining-Projects/Apache_Airflow/venv/lib/python3.10/site-packages/airflow/example_dags/example_inlet_event_extra.py took 0.108 seconds
[2025-02-20T13:08:14.162+0100] {processor.py:186} INFO - Started process (PID=15669) to work on /Users/ajlakorman/Desktop/Data-Mining-Projects/Apache_Airflow/venv/lib/python3.10/site-packages/airflow/example_dags/example_inlet_event_extra.py
[2025-02-20T13:08:14.163+0100] {processor.py:914} INFO - Processing file /Users/ajlakorman/Desktop/Data-Mining-Projects/Apache_Airflow/venv/lib/python3.10/site-packages/airflow/example_dags/example_inlet_event_extra.py for tasks to queue
[2025-02-20T13:08:14.163+0100] {logging_mixin.py:190} INFO - [2025-02-20T13:08:14.163+0100] {dagbag.py:588} INFO - Filling up the DagBag from /Users/ajlakorman/Desktop/Data-Mining-Projects/Apache_Airflow/venv/lib/python3.10/site-packages/airflow/example_dags/example_inlet_event_extra.py
[2025-02-20T13:08:14.223+0100] {processor.py:925} INFO - DAG(s) 'read_dataset_event', 'read_dataset_event_from_classic' retrieved from /Users/ajlakorman/Desktop/Data-Mining-Projects/Apache_Airflow/venv/lib/python3.10/site-packages/airflow/example_dags/example_inlet_event_extra.py
[2025-02-20T13:08:14.260+0100] {logging_mixin.py:190} INFO - [2025-02-20T13:08:14.260+0100] {dag.py:3239} INFO - Sync 2 DAGs
[2025-02-20T13:08:14.267+0100] {logging_mixin.py:190} INFO - [2025-02-20T13:08:14.267+0100] {dag.py:4180} INFO - Setting next_dagrun for read_dataset_event to 2025-02-19 00:00:00+00:00, run_after=2025-02-20 00:00:00+00:00
[2025-02-20T13:08:14.269+0100] {logging_mixin.py:190} INFO - [2025-02-20T13:08:14.269+0100] {dag.py:4180} INFO - Setting next_dagrun for read_dataset_event_from_classic to 2025-02-19 00:00:00+00:00, run_after=2025-02-20 00:00:00+00:00
[2025-02-20T13:08:14.276+0100] {processor.py:208} INFO - Processing /Users/ajlakorman/Desktop/Data-Mining-Projects/Apache_Airflow/venv/lib/python3.10/site-packages/airflow/example_dags/example_inlet_event_extra.py took 0.115 seconds
[2025-02-20T13:10:59.653+0100] {processor.py:186} INFO - Started process (PID=16022) to work on /Users/ajlakorman/Desktop/Data-Mining-Projects/Apache_Airflow/venv/lib/python3.10/site-packages/airflow/example_dags/example_inlet_event_extra.py
[2025-02-20T13:10:59.654+0100] {processor.py:914} INFO - Processing file /Users/ajlakorman/Desktop/Data-Mining-Projects/Apache_Airflow/venv/lib/python3.10/site-packages/airflow/example_dags/example_inlet_event_extra.py for tasks to queue
[2025-02-20T13:10:59.655+0100] {logging_mixin.py:190} INFO - [2025-02-20T13:10:59.655+0100] {dagbag.py:588} INFO - Filling up the DagBag from /Users/ajlakorman/Desktop/Data-Mining-Projects/Apache_Airflow/venv/lib/python3.10/site-packages/airflow/example_dags/example_inlet_event_extra.py
[2025-02-20T13:10:59.715+0100] {processor.py:925} INFO - DAG(s) 'read_dataset_event_from_classic', 'read_dataset_event' retrieved from /Users/ajlakorman/Desktop/Data-Mining-Projects/Apache_Airflow/venv/lib/python3.10/site-packages/airflow/example_dags/example_inlet_event_extra.py
[2025-02-20T13:10:59.757+0100] {logging_mixin.py:190} INFO - [2025-02-20T13:10:59.756+0100] {dag.py:3239} INFO - Sync 2 DAGs
[2025-02-20T13:10:59.764+0100] {logging_mixin.py:190} INFO - [2025-02-20T13:10:59.763+0100] {dag.py:4180} INFO - Setting next_dagrun for read_dataset_event to 2025-02-19 00:00:00+00:00, run_after=2025-02-20 00:00:00+00:00
[2025-02-20T13:10:59.766+0100] {logging_mixin.py:190} INFO - [2025-02-20T13:10:59.766+0100] {dag.py:4180} INFO - Setting next_dagrun for read_dataset_event_from_classic to 2025-02-19 00:00:00+00:00, run_after=2025-02-20 00:00:00+00:00
[2025-02-20T13:10:59.771+0100] {processor.py:208} INFO - Processing /Users/ajlakorman/Desktop/Data-Mining-Projects/Apache_Airflow/venv/lib/python3.10/site-packages/airflow/example_dags/example_inlet_event_extra.py took 0.120 seconds
[2025-02-20T13:13:59.671+0100] {processor.py:186} INFO - Started process (PID=16300) to work on /Users/ajlakorman/Desktop/Data-Mining-Projects/Apache_Airflow/venv/lib/python3.10/site-packages/airflow/example_dags/example_inlet_event_extra.py
[2025-02-20T13:13:59.671+0100] {processor.py:914} INFO - Processing file /Users/ajlakorman/Desktop/Data-Mining-Projects/Apache_Airflow/venv/lib/python3.10/site-packages/airflow/example_dags/example_inlet_event_extra.py for tasks to queue
[2025-02-20T13:13:59.672+0100] {logging_mixin.py:190} INFO - [2025-02-20T13:13:59.672+0100] {dagbag.py:588} INFO - Filling up the DagBag from /Users/ajlakorman/Desktop/Data-Mining-Projects/Apache_Airflow/venv/lib/python3.10/site-packages/airflow/example_dags/example_inlet_event_extra.py
[2025-02-20T13:13:59.741+0100] {processor.py:925} INFO - DAG(s) 'read_dataset_event', 'read_dataset_event_from_classic' retrieved from /Users/ajlakorman/Desktop/Data-Mining-Projects/Apache_Airflow/venv/lib/python3.10/site-packages/airflow/example_dags/example_inlet_event_extra.py
[2025-02-20T13:13:59.786+0100] {logging_mixin.py:190} INFO - [2025-02-20T13:13:59.786+0100] {dag.py:3239} INFO - Sync 2 DAGs
[2025-02-20T13:13:59.796+0100] {logging_mixin.py:190} INFO - [2025-02-20T13:13:59.795+0100] {dag.py:4180} INFO - Setting next_dagrun for read_dataset_event to 2025-02-19 00:00:00+00:00, run_after=2025-02-20 00:00:00+00:00
[2025-02-20T13:13:59.798+0100] {logging_mixin.py:190} INFO - [2025-02-20T13:13:59.797+0100] {dag.py:4180} INFO - Setting next_dagrun for read_dataset_event_from_classic to 2025-02-19 00:00:00+00:00, run_after=2025-02-20 00:00:00+00:00
[2025-02-20T13:13:59.805+0100] {processor.py:208} INFO - Processing /Users/ajlakorman/Desktop/Data-Mining-Projects/Apache_Airflow/venv/lib/python3.10/site-packages/airflow/example_dags/example_inlet_event_extra.py took 0.136 seconds
[2025-02-20T13:16:56.337+0100] {processor.py:186} INFO - Started process (PID=16621) to work on /Users/ajlakorman/Desktop/Data-Mining-Projects/Apache_Airflow/venv/lib/python3.10/site-packages/airflow/example_dags/example_inlet_event_extra.py
[2025-02-20T13:16:56.339+0100] {processor.py:914} INFO - Processing file /Users/ajlakorman/Desktop/Data-Mining-Projects/Apache_Airflow/venv/lib/python3.10/site-packages/airflow/example_dags/example_inlet_event_extra.py for tasks to queue
[2025-02-20T13:16:56.339+0100] {logging_mixin.py:190} INFO - [2025-02-20T13:16:56.339+0100] {dagbag.py:588} INFO - Filling up the DagBag from /Users/ajlakorman/Desktop/Data-Mining-Projects/Apache_Airflow/venv/lib/python3.10/site-packages/airflow/example_dags/example_inlet_event_extra.py
[2025-02-20T13:16:56.406+0100] {processor.py:925} INFO - DAG(s) 'read_dataset_event_from_classic', 'read_dataset_event' retrieved from /Users/ajlakorman/Desktop/Data-Mining-Projects/Apache_Airflow/venv/lib/python3.10/site-packages/airflow/example_dags/example_inlet_event_extra.py
[2025-02-20T13:16:56.449+0100] {logging_mixin.py:190} INFO - [2025-02-20T13:16:56.448+0100] {dag.py:3239} INFO - Sync 2 DAGs
[2025-02-20T13:16:56.457+0100] {logging_mixin.py:190} INFO - [2025-02-20T13:16:56.457+0100] {dag.py:4180} INFO - Setting next_dagrun for read_dataset_event to 2025-02-19 00:00:00+00:00, run_after=2025-02-20 00:00:00+00:00
[2025-02-20T13:16:56.459+0100] {logging_mixin.py:190} INFO - [2025-02-20T13:16:56.459+0100] {dag.py:4180} INFO - Setting next_dagrun for read_dataset_event_from_classic to 2025-02-19 00:00:00+00:00, run_after=2025-02-20 00:00:00+00:00
[2025-02-20T13:16:56.466+0100] {processor.py:208} INFO - Processing /Users/ajlakorman/Desktop/Data-Mining-Projects/Apache_Airflow/venv/lib/python3.10/site-packages/airflow/example_dags/example_inlet_event_extra.py took 0.130 seconds
[2025-02-20T13:20:04.654+0100] {processor.py:186} INFO - Started process (PID=16976) to work on /Users/ajlakorman/Desktop/Data-Mining-Projects/Apache_Airflow/venv/lib/python3.10/site-packages/airflow/example_dags/example_inlet_event_extra.py
[2025-02-20T13:20:04.656+0100] {processor.py:914} INFO - Processing file /Users/ajlakorman/Desktop/Data-Mining-Projects/Apache_Airflow/venv/lib/python3.10/site-packages/airflow/example_dags/example_inlet_event_extra.py for tasks to queue
[2025-02-20T13:20:04.657+0100] {logging_mixin.py:190} INFO - [2025-02-20T13:20:04.657+0100] {dagbag.py:588} INFO - Filling up the DagBag from /Users/ajlakorman/Desktop/Data-Mining-Projects/Apache_Airflow/venv/lib/python3.10/site-packages/airflow/example_dags/example_inlet_event_extra.py
[2025-02-20T13:20:04.721+0100] {processor.py:925} INFO - DAG(s) 'read_dataset_event', 'read_dataset_event_from_classic' retrieved from /Users/ajlakorman/Desktop/Data-Mining-Projects/Apache_Airflow/venv/lib/python3.10/site-packages/airflow/example_dags/example_inlet_event_extra.py
[2025-02-20T13:20:04.766+0100] {logging_mixin.py:190} INFO - [2025-02-20T13:20:04.766+0100] {dag.py:3239} INFO - Sync 2 DAGs
[2025-02-20T13:20:04.773+0100] {logging_mixin.py:190} INFO - [2025-02-20T13:20:04.773+0100] {dag.py:4180} INFO - Setting next_dagrun for read_dataset_event to 2025-02-19 00:00:00+00:00, run_after=2025-02-20 00:00:00+00:00
[2025-02-20T13:20:04.775+0100] {logging_mixin.py:190} INFO - [2025-02-20T13:20:04.775+0100] {dag.py:4180} INFO - Setting next_dagrun for read_dataset_event_from_classic to 2025-02-19 00:00:00+00:00, run_after=2025-02-20 00:00:00+00:00
[2025-02-20T13:20:04.781+0100] {processor.py:208} INFO - Processing /Users/ajlakorman/Desktop/Data-Mining-Projects/Apache_Airflow/venv/lib/python3.10/site-packages/airflow/example_dags/example_inlet_event_extra.py took 0.130 seconds
[2025-02-20T13:22:58.385+0100] {processor.py:186} INFO - Started process (PID=17329) to work on /Users/ajlakorman/Desktop/Data-Mining-Projects/Apache_Airflow/venv/lib/python3.10/site-packages/airflow/example_dags/example_inlet_event_extra.py
[2025-02-20T13:22:58.387+0100] {processor.py:914} INFO - Processing file /Users/ajlakorman/Desktop/Data-Mining-Projects/Apache_Airflow/venv/lib/python3.10/site-packages/airflow/example_dags/example_inlet_event_extra.py for tasks to queue
[2025-02-20T13:22:58.387+0100] {logging_mixin.py:190} INFO - [2025-02-20T13:22:58.387+0100] {dagbag.py:588} INFO - Filling up the DagBag from /Users/ajlakorman/Desktop/Data-Mining-Projects/Apache_Airflow/venv/lib/python3.10/site-packages/airflow/example_dags/example_inlet_event_extra.py
[2025-02-20T13:22:58.444+0100] {processor.py:925} INFO - DAG(s) 'read_dataset_event', 'read_dataset_event_from_classic' retrieved from /Users/ajlakorman/Desktop/Data-Mining-Projects/Apache_Airflow/venv/lib/python3.10/site-packages/airflow/example_dags/example_inlet_event_extra.py
[2025-02-20T13:22:58.482+0100] {logging_mixin.py:190} INFO - [2025-02-20T13:22:58.482+0100] {dag.py:3239} INFO - Sync 2 DAGs
[2025-02-20T13:22:58.489+0100] {logging_mixin.py:190} INFO - [2025-02-20T13:22:58.489+0100] {dag.py:4180} INFO - Setting next_dagrun for read_dataset_event to 2025-02-19 00:00:00+00:00, run_after=2025-02-20 00:00:00+00:00
[2025-02-20T13:22:58.491+0100] {logging_mixin.py:190} INFO - [2025-02-20T13:22:58.491+0100] {dag.py:4180} INFO - Setting next_dagrun for read_dataset_event_from_classic to 2025-02-19 00:00:00+00:00, run_after=2025-02-20 00:00:00+00:00
[2025-02-20T13:22:58.497+0100] {processor.py:208} INFO - Processing /Users/ajlakorman/Desktop/Data-Mining-Projects/Apache_Airflow/venv/lib/python3.10/site-packages/airflow/example_dags/example_inlet_event_extra.py took 0.113 seconds
[2025-02-20T13:25:35.228+0100] {processor.py:186} INFO - Started process (PID=17540) to work on /Users/ajlakorman/Desktop/Data-Mining-Projects/Apache_Airflow/venv/lib/python3.10/site-packages/airflow/example_dags/example_inlet_event_extra.py
[2025-02-20T13:25:35.229+0100] {processor.py:914} INFO - Processing file /Users/ajlakorman/Desktop/Data-Mining-Projects/Apache_Airflow/venv/lib/python3.10/site-packages/airflow/example_dags/example_inlet_event_extra.py for tasks to queue
[2025-02-20T13:25:35.229+0100] {logging_mixin.py:190} INFO - [2025-02-20T13:25:35.229+0100] {dagbag.py:588} INFO - Filling up the DagBag from /Users/ajlakorman/Desktop/Data-Mining-Projects/Apache_Airflow/venv/lib/python3.10/site-packages/airflow/example_dags/example_inlet_event_extra.py
[2025-02-20T13:25:35.289+0100] {processor.py:925} INFO - DAG(s) 'read_dataset_event_from_classic', 'read_dataset_event' retrieved from /Users/ajlakorman/Desktop/Data-Mining-Projects/Apache_Airflow/venv/lib/python3.10/site-packages/airflow/example_dags/example_inlet_event_extra.py
[2025-02-20T13:25:35.328+0100] {logging_mixin.py:190} INFO - [2025-02-20T13:25:35.327+0100] {dag.py:3239} INFO - Sync 2 DAGs
[2025-02-20T13:25:35.334+0100] {logging_mixin.py:190} INFO - [2025-02-20T13:25:35.334+0100] {dag.py:4180} INFO - Setting next_dagrun for read_dataset_event to 2025-02-19 00:00:00+00:00, run_after=2025-02-20 00:00:00+00:00
[2025-02-20T13:25:35.336+0100] {logging_mixin.py:190} INFO - [2025-02-20T13:25:35.336+0100] {dag.py:4180} INFO - Setting next_dagrun for read_dataset_event_from_classic to 2025-02-19 00:00:00+00:00, run_after=2025-02-20 00:00:00+00:00
[2025-02-20T13:25:35.342+0100] {processor.py:208} INFO - Processing /Users/ajlakorman/Desktop/Data-Mining-Projects/Apache_Airflow/venv/lib/python3.10/site-packages/airflow/example_dags/example_inlet_event_extra.py took 0.115 seconds
