[2025-02-20T10:52:49.819+0100] {processor.py:186} INFO - Started process (PID=6270) to work on /Users/ajlakorman/Desktop/Data-Mining-Projects/Apache_Airflow/venv/lib/python3.10/site-packages/airflow/example_dags/example_nested_branch_dag.py
[2025-02-20T10:52:49.819+0100] {processor.py:914} INFO - Processing file /Users/ajlakorman/Desktop/Data-Mining-Projects/Apache_Airflow/venv/lib/python3.10/site-packages/airflow/example_dags/example_nested_branch_dag.py for tasks to queue
[2025-02-20T10:52:49.820+0100] {logging_mixin.py:190} INFO - [2025-02-20T10:52:49.820+0100] {dagbag.py:588} INFO - Filling up the DagBag from /Users/ajlakorman/Desktop/Data-Mining-Projects/Apache_Airflow/venv/lib/python3.10/site-packages/airflow/example_dags/example_nested_branch_dag.py
[2025-02-20T10:52:49.842+0100] {processor.py:925} INFO - DAG(s) 'example_nested_branch_dag' retrieved from /Users/ajlakorman/Desktop/Data-Mining-Projects/Apache_Airflow/venv/lib/python3.10/site-packages/airflow/example_dags/example_nested_branch_dag.py
[2025-02-20T10:52:49.938+0100] {logging_mixin.py:190} INFO - [2025-02-20T10:52:49.937+0100] {override.py:1912} INFO - Created Permission View: can edit on DAG:example_nested_branch_dag
[2025-02-20T10:52:49.941+0100] {logging_mixin.py:190} INFO - [2025-02-20T10:52:49.941+0100] {override.py:1912} INFO - Created Permission View: can delete on DAG:example_nested_branch_dag
[2025-02-20T10:52:49.943+0100] {logging_mixin.py:190} INFO - [2025-02-20T10:52:49.943+0100] {override.py:1912} INFO - Created Permission View: can read on DAG:example_nested_branch_dag
[2025-02-20T10:52:49.946+0100] {logging_mixin.py:190} INFO - [2025-02-20T10:52:49.946+0100] {override.py:1912} INFO - Created Permission View: can create on DAG Run:example_nested_branch_dag
[2025-02-20T10:52:49.948+0100] {logging_mixin.py:190} INFO - [2025-02-20T10:52:49.948+0100] {override.py:1912} INFO - Created Permission View: menu access on DAG Run:example_nested_branch_dag
[2025-02-20T10:52:49.950+0100] {logging_mixin.py:190} INFO - [2025-02-20T10:52:49.950+0100] {override.py:1912} INFO - Created Permission View: can delete on DAG Run:example_nested_branch_dag
[2025-02-20T10:52:49.952+0100] {logging_mixin.py:190} INFO - [2025-02-20T10:52:49.952+0100] {override.py:1912} INFO - Created Permission View: can read on DAG Run:example_nested_branch_dag
[2025-02-20T10:52:49.953+0100] {logging_mixin.py:190} INFO - [2025-02-20T10:52:49.953+0100] {dag.py:3239} INFO - Sync 1 DAGs
[2025-02-20T10:52:49.958+0100] {logging_mixin.py:190} INFO - [2025-02-20T10:52:49.958+0100] {dag.py:3262} INFO - Creating ORM DAG for example_nested_branch_dag
[2025-02-20T10:52:49.961+0100] {logging_mixin.py:190} INFO - [2025-02-20T10:52:49.961+0100] {dag.py:4180} INFO - Setting next_dagrun for example_nested_branch_dag to 2025-02-19 00:00:00+00:00, run_after=2025-02-20 00:00:00+00:00
[2025-02-20T10:52:49.967+0100] {processor.py:208} INFO - Processing /Users/ajlakorman/Desktop/Data-Mining-Projects/Apache_Airflow/venv/lib/python3.10/site-packages/airflow/example_dags/example_nested_branch_dag.py took 0.150 seconds
[2025-02-20T10:54:38.926+0100] {processor.py:186} INFO - Started process (PID=6571) to work on /Users/ajlakorman/Desktop/Data-Mining-Projects/Apache_Airflow/venv/lib/python3.10/site-packages/airflow/example_dags/example_nested_branch_dag.py
[2025-02-20T10:54:38.927+0100] {processor.py:914} INFO - Processing file /Users/ajlakorman/Desktop/Data-Mining-Projects/Apache_Airflow/venv/lib/python3.10/site-packages/airflow/example_dags/example_nested_branch_dag.py for tasks to queue
[2025-02-20T10:54:38.927+0100] {logging_mixin.py:190} INFO - [2025-02-20T10:54:38.927+0100] {dagbag.py:588} INFO - Filling up the DagBag from /Users/ajlakorman/Desktop/Data-Mining-Projects/Apache_Airflow/venv/lib/python3.10/site-packages/airflow/example_dags/example_nested_branch_dag.py
[2025-02-20T10:54:38.943+0100] {processor.py:925} INFO - DAG(s) 'example_nested_branch_dag' retrieved from /Users/ajlakorman/Desktop/Data-Mining-Projects/Apache_Airflow/venv/lib/python3.10/site-packages/airflow/example_dags/example_nested_branch_dag.py
[2025-02-20T10:54:39.009+0100] {logging_mixin.py:190} INFO - [2025-02-20T10:54:39.008+0100] {dag.py:3239} INFO - Sync 1 DAGs
[2025-02-20T10:54:39.016+0100] {logging_mixin.py:190} INFO - [2025-02-20T10:54:39.016+0100] {dag.py:4180} INFO - Setting next_dagrun for example_nested_branch_dag to 2025-02-19 00:00:00+00:00, run_after=2025-02-20 00:00:00+00:00
[2025-02-20T10:54:39.023+0100] {processor.py:208} INFO - Processing /Users/ajlakorman/Desktop/Data-Mining-Projects/Apache_Airflow/venv/lib/python3.10/site-packages/airflow/example_dags/example_nested_branch_dag.py took 0.098 seconds
[2025-02-20T10:57:13.075+0100] {processor.py:186} INFO - Started process (PID=6872) to work on /Users/ajlakorman/Desktop/Data-Mining-Projects/Apache_Airflow/venv/lib/python3.10/site-packages/airflow/example_dags/example_nested_branch_dag.py
[2025-02-20T10:57:13.076+0100] {processor.py:914} INFO - Processing file /Users/ajlakorman/Desktop/Data-Mining-Projects/Apache_Airflow/venv/lib/python3.10/site-packages/airflow/example_dags/example_nested_branch_dag.py for tasks to queue
[2025-02-20T10:57:13.076+0100] {logging_mixin.py:190} INFO - [2025-02-20T10:57:13.076+0100] {dagbag.py:588} INFO - Filling up the DagBag from /Users/ajlakorman/Desktop/Data-Mining-Projects/Apache_Airflow/venv/lib/python3.10/site-packages/airflow/example_dags/example_nested_branch_dag.py
[2025-02-20T10:57:13.102+0100] {processor.py:925} INFO - DAG(s) 'example_nested_branch_dag' retrieved from /Users/ajlakorman/Desktop/Data-Mining-Projects/Apache_Airflow/venv/lib/python3.10/site-packages/airflow/example_dags/example_nested_branch_dag.py
[2025-02-20T10:57:13.185+0100] {logging_mixin.py:190} INFO - [2025-02-20T10:57:13.185+0100] {dag.py:3239} INFO - Sync 1 DAGs
[2025-02-20T10:57:13.197+0100] {logging_mixin.py:190} INFO - [2025-02-20T10:57:13.197+0100] {dag.py:4180} INFO - Setting next_dagrun for example_nested_branch_dag to 2025-02-19 00:00:00+00:00, run_after=2025-02-20 00:00:00+00:00
[2025-02-20T10:57:13.225+0100] {processor.py:208} INFO - Processing /Users/ajlakorman/Desktop/Data-Mining-Projects/Apache_Airflow/venv/lib/python3.10/site-packages/airflow/example_dags/example_nested_branch_dag.py took 0.153 seconds
[2025-02-20T11:00:01.126+0100] {processor.py:186} INFO - Started process (PID=7174) to work on /Users/ajlakorman/Desktop/Data-Mining-Projects/Apache_Airflow/venv/lib/python3.10/site-packages/airflow/example_dags/example_nested_branch_dag.py
[2025-02-20T11:00:01.127+0100] {processor.py:914} INFO - Processing file /Users/ajlakorman/Desktop/Data-Mining-Projects/Apache_Airflow/venv/lib/python3.10/site-packages/airflow/example_dags/example_nested_branch_dag.py for tasks to queue
[2025-02-20T11:00:01.127+0100] {logging_mixin.py:190} INFO - [2025-02-20T11:00:01.127+0100] {dagbag.py:588} INFO - Filling up the DagBag from /Users/ajlakorman/Desktop/Data-Mining-Projects/Apache_Airflow/venv/lib/python3.10/site-packages/airflow/example_dags/example_nested_branch_dag.py
[2025-02-20T11:00:01.143+0100] {processor.py:925} INFO - DAG(s) 'example_nested_branch_dag' retrieved from /Users/ajlakorman/Desktop/Data-Mining-Projects/Apache_Airflow/venv/lib/python3.10/site-packages/airflow/example_dags/example_nested_branch_dag.py
[2025-02-20T11:00:01.213+0100] {logging_mixin.py:190} INFO - [2025-02-20T11:00:01.213+0100] {dag.py:3239} INFO - Sync 1 DAGs
[2025-02-20T11:00:01.222+0100] {logging_mixin.py:190} INFO - [2025-02-20T11:00:01.221+0100] {dag.py:4180} INFO - Setting next_dagrun for example_nested_branch_dag to 2025-02-19 00:00:00+00:00, run_after=2025-02-20 00:00:00+00:00
[2025-02-20T11:00:01.230+0100] {processor.py:208} INFO - Processing /Users/ajlakorman/Desktop/Data-Mining-Projects/Apache_Airflow/venv/lib/python3.10/site-packages/airflow/example_dags/example_nested_branch_dag.py took 0.105 seconds
[2025-02-20T11:02:28.700+0100] {processor.py:186} INFO - Started process (PID=7468) to work on /Users/ajlakorman/Desktop/Data-Mining-Projects/Apache_Airflow/venv/lib/python3.10/site-packages/airflow/example_dags/example_nested_branch_dag.py
[2025-02-20T11:02:28.701+0100] {processor.py:914} INFO - Processing file /Users/ajlakorman/Desktop/Data-Mining-Projects/Apache_Airflow/venv/lib/python3.10/site-packages/airflow/example_dags/example_nested_branch_dag.py for tasks to queue
[2025-02-20T11:02:28.702+0100] {logging_mixin.py:190} INFO - [2025-02-20T11:02:28.702+0100] {dagbag.py:588} INFO - Filling up the DagBag from /Users/ajlakorman/Desktop/Data-Mining-Projects/Apache_Airflow/venv/lib/python3.10/site-packages/airflow/example_dags/example_nested_branch_dag.py
[2025-02-20T11:02:28.718+0100] {processor.py:925} INFO - DAG(s) 'example_nested_branch_dag' retrieved from /Users/ajlakorman/Desktop/Data-Mining-Projects/Apache_Airflow/venv/lib/python3.10/site-packages/airflow/example_dags/example_nested_branch_dag.py
[2025-02-20T11:02:28.783+0100] {logging_mixin.py:190} INFO - [2025-02-20T11:02:28.783+0100] {dag.py:3239} INFO - Sync 1 DAGs
[2025-02-20T11:02:28.790+0100] {logging_mixin.py:190} INFO - [2025-02-20T11:02:28.790+0100] {dag.py:4180} INFO - Setting next_dagrun for example_nested_branch_dag to 2025-02-19 00:00:00+00:00, run_after=2025-02-20 00:00:00+00:00
[2025-02-20T11:02:28.797+0100] {processor.py:208} INFO - Processing /Users/ajlakorman/Desktop/Data-Mining-Projects/Apache_Airflow/venv/lib/python3.10/site-packages/airflow/example_dags/example_nested_branch_dag.py took 0.098 seconds
[2025-02-20T11:04:46.381+0100] {processor.py:186} INFO - Started process (PID=7741) to work on /Users/ajlakorman/Desktop/Data-Mining-Projects/Apache_Airflow/venv/lib/python3.10/site-packages/airflow/example_dags/example_nested_branch_dag.py
[2025-02-20T11:04:46.382+0100] {processor.py:914} INFO - Processing file /Users/ajlakorman/Desktop/Data-Mining-Projects/Apache_Airflow/venv/lib/python3.10/site-packages/airflow/example_dags/example_nested_branch_dag.py for tasks to queue
[2025-02-20T11:04:46.382+0100] {logging_mixin.py:190} INFO - [2025-02-20T11:04:46.382+0100] {dagbag.py:588} INFO - Filling up the DagBag from /Users/ajlakorman/Desktop/Data-Mining-Projects/Apache_Airflow/venv/lib/python3.10/site-packages/airflow/example_dags/example_nested_branch_dag.py
[2025-02-20T11:04:46.398+0100] {processor.py:925} INFO - DAG(s) 'example_nested_branch_dag' retrieved from /Users/ajlakorman/Desktop/Data-Mining-Projects/Apache_Airflow/venv/lib/python3.10/site-packages/airflow/example_dags/example_nested_branch_dag.py
[2025-02-20T11:04:46.462+0100] {logging_mixin.py:190} INFO - [2025-02-20T11:04:46.461+0100] {dag.py:3239} INFO - Sync 1 DAGs
[2025-02-20T11:04:46.469+0100] {logging_mixin.py:190} INFO - [2025-02-20T11:04:46.469+0100] {dag.py:4180} INFO - Setting next_dagrun for example_nested_branch_dag to 2025-02-19 00:00:00+00:00, run_after=2025-02-20 00:00:00+00:00
[2025-02-20T11:04:46.476+0100] {processor.py:208} INFO - Processing /Users/ajlakorman/Desktop/Data-Mining-Projects/Apache_Airflow/venv/lib/python3.10/site-packages/airflow/example_dags/example_nested_branch_dag.py took 0.097 seconds
[2025-02-20T11:07:06.692+0100] {processor.py:186} INFO - Started process (PID=8069) to work on /Users/ajlakorman/Desktop/Data-Mining-Projects/Apache_Airflow/venv/lib/python3.10/site-packages/airflow/example_dags/example_nested_branch_dag.py
[2025-02-20T11:07:06.693+0100] {processor.py:914} INFO - Processing file /Users/ajlakorman/Desktop/Data-Mining-Projects/Apache_Airflow/venv/lib/python3.10/site-packages/airflow/example_dags/example_nested_branch_dag.py for tasks to queue
[2025-02-20T11:07:06.693+0100] {logging_mixin.py:190} INFO - [2025-02-20T11:07:06.693+0100] {dagbag.py:588} INFO - Filling up the DagBag from /Users/ajlakorman/Desktop/Data-Mining-Projects/Apache_Airflow/venv/lib/python3.10/site-packages/airflow/example_dags/example_nested_branch_dag.py
[2025-02-20T11:07:06.710+0100] {processor.py:925} INFO - DAG(s) 'example_nested_branch_dag' retrieved from /Users/ajlakorman/Desktop/Data-Mining-Projects/Apache_Airflow/venv/lib/python3.10/site-packages/airflow/example_dags/example_nested_branch_dag.py
[2025-02-20T11:07:06.773+0100] {logging_mixin.py:190} INFO - [2025-02-20T11:07:06.773+0100] {dag.py:3239} INFO - Sync 1 DAGs
[2025-02-20T11:07:06.780+0100] {logging_mixin.py:190} INFO - [2025-02-20T11:07:06.780+0100] {dag.py:4180} INFO - Setting next_dagrun for example_nested_branch_dag to 2025-02-19 00:00:00+00:00, run_after=2025-02-20 00:00:00+00:00
[2025-02-20T11:07:06.786+0100] {processor.py:208} INFO - Processing /Users/ajlakorman/Desktop/Data-Mining-Projects/Apache_Airflow/venv/lib/python3.10/site-packages/airflow/example_dags/example_nested_branch_dag.py took 0.095 seconds
[2025-02-20T11:09:24.179+0100] {processor.py:186} INFO - Started process (PID=8302) to work on /Users/ajlakorman/Desktop/Data-Mining-Projects/Apache_Airflow/venv/lib/python3.10/site-packages/airflow/example_dags/example_nested_branch_dag.py
[2025-02-20T11:09:24.180+0100] {processor.py:914} INFO - Processing file /Users/ajlakorman/Desktop/Data-Mining-Projects/Apache_Airflow/venv/lib/python3.10/site-packages/airflow/example_dags/example_nested_branch_dag.py for tasks to queue
[2025-02-20T11:09:24.181+0100] {logging_mixin.py:190} INFO - [2025-02-20T11:09:24.181+0100] {dagbag.py:588} INFO - Filling up the DagBag from /Users/ajlakorman/Desktop/Data-Mining-Projects/Apache_Airflow/venv/lib/python3.10/site-packages/airflow/example_dags/example_nested_branch_dag.py
[2025-02-20T11:09:24.208+0100] {processor.py:925} INFO - DAG(s) 'example_nested_branch_dag' retrieved from /Users/ajlakorman/Desktop/Data-Mining-Projects/Apache_Airflow/venv/lib/python3.10/site-packages/airflow/example_dags/example_nested_branch_dag.py
[2025-02-20T11:09:24.312+0100] {logging_mixin.py:190} INFO - [2025-02-20T11:09:24.312+0100] {dag.py:3239} INFO - Sync 1 DAGs
[2025-02-20T11:09:24.320+0100] {logging_mixin.py:190} INFO - [2025-02-20T11:09:24.319+0100] {dag.py:4180} INFO - Setting next_dagrun for example_nested_branch_dag to 2025-02-19 00:00:00+00:00, run_after=2025-02-20 00:00:00+00:00
[2025-02-20T11:09:24.327+0100] {processor.py:208} INFO - Processing /Users/ajlakorman/Desktop/Data-Mining-Projects/Apache_Airflow/venv/lib/python3.10/site-packages/airflow/example_dags/example_nested_branch_dag.py took 0.149 seconds
[2025-02-20T11:11:43.930+0100] {processor.py:186} INFO - Started process (PID=8577) to work on /Users/ajlakorman/Desktop/Data-Mining-Projects/Apache_Airflow/venv/lib/python3.10/site-packages/airflow/example_dags/example_nested_branch_dag.py
[2025-02-20T11:11:43.931+0100] {processor.py:914} INFO - Processing file /Users/ajlakorman/Desktop/Data-Mining-Projects/Apache_Airflow/venv/lib/python3.10/site-packages/airflow/example_dags/example_nested_branch_dag.py for tasks to queue
[2025-02-20T11:11:43.931+0100] {logging_mixin.py:190} INFO - [2025-02-20T11:11:43.931+0100] {dagbag.py:588} INFO - Filling up the DagBag from /Users/ajlakorman/Desktop/Data-Mining-Projects/Apache_Airflow/venv/lib/python3.10/site-packages/airflow/example_dags/example_nested_branch_dag.py
[2025-02-20T11:11:43.948+0100] {processor.py:925} INFO - DAG(s) 'example_nested_branch_dag' retrieved from /Users/ajlakorman/Desktop/Data-Mining-Projects/Apache_Airflow/venv/lib/python3.10/site-packages/airflow/example_dags/example_nested_branch_dag.py
[2025-02-20T11:11:44.009+0100] {logging_mixin.py:190} INFO - [2025-02-20T11:11:44.009+0100] {dag.py:3239} INFO - Sync 1 DAGs
[2025-02-20T11:11:44.016+0100] {logging_mixin.py:190} INFO - [2025-02-20T11:11:44.016+0100] {dag.py:4180} INFO - Setting next_dagrun for example_nested_branch_dag to 2025-02-19 00:00:00+00:00, run_after=2025-02-20 00:00:00+00:00
[2025-02-20T11:11:44.022+0100] {processor.py:208} INFO - Processing /Users/ajlakorman/Desktop/Data-Mining-Projects/Apache_Airflow/venv/lib/python3.10/site-packages/airflow/example_dags/example_nested_branch_dag.py took 0.093 seconds
[2025-02-20T11:14:04.108+0100] {processor.py:186} INFO - Started process (PID=8826) to work on /Users/ajlakorman/Desktop/Data-Mining-Projects/Apache_Airflow/venv/lib/python3.10/site-packages/airflow/example_dags/example_nested_branch_dag.py
[2025-02-20T11:14:04.109+0100] {processor.py:914} INFO - Processing file /Users/ajlakorman/Desktop/Data-Mining-Projects/Apache_Airflow/venv/lib/python3.10/site-packages/airflow/example_dags/example_nested_branch_dag.py for tasks to queue
[2025-02-20T11:14:04.109+0100] {logging_mixin.py:190} INFO - [2025-02-20T11:14:04.109+0100] {dagbag.py:588} INFO - Filling up the DagBag from /Users/ajlakorman/Desktop/Data-Mining-Projects/Apache_Airflow/venv/lib/python3.10/site-packages/airflow/example_dags/example_nested_branch_dag.py
[2025-02-20T11:14:04.125+0100] {processor.py:925} INFO - DAG(s) 'example_nested_branch_dag' retrieved from /Users/ajlakorman/Desktop/Data-Mining-Projects/Apache_Airflow/venv/lib/python3.10/site-packages/airflow/example_dags/example_nested_branch_dag.py
[2025-02-20T11:14:04.213+0100] {logging_mixin.py:190} INFO - [2025-02-20T11:14:04.213+0100] {dag.py:3239} INFO - Sync 1 DAGs
[2025-02-20T11:14:04.224+0100] {logging_mixin.py:190} INFO - [2025-02-20T11:14:04.224+0100] {dag.py:4180} INFO - Setting next_dagrun for example_nested_branch_dag to 2025-02-19 00:00:00+00:00, run_after=2025-02-20 00:00:00+00:00
[2025-02-20T11:14:04.234+0100] {processor.py:208} INFO - Processing /Users/ajlakorman/Desktop/Data-Mining-Projects/Apache_Airflow/venv/lib/python3.10/site-packages/airflow/example_dags/example_nested_branch_dag.py took 0.127 seconds
[2025-02-20T11:16:30.740+0100] {processor.py:186} INFO - Started process (PID=9076) to work on /Users/ajlakorman/Desktop/Data-Mining-Projects/Apache_Airflow/venv/lib/python3.10/site-packages/airflow/example_dags/example_nested_branch_dag.py
[2025-02-20T11:16:30.740+0100] {processor.py:914} INFO - Processing file /Users/ajlakorman/Desktop/Data-Mining-Projects/Apache_Airflow/venv/lib/python3.10/site-packages/airflow/example_dags/example_nested_branch_dag.py for tasks to queue
[2025-02-20T11:16:30.741+0100] {logging_mixin.py:190} INFO - [2025-02-20T11:16:30.741+0100] {dagbag.py:588} INFO - Filling up the DagBag from /Users/ajlakorman/Desktop/Data-Mining-Projects/Apache_Airflow/venv/lib/python3.10/site-packages/airflow/example_dags/example_nested_branch_dag.py
[2025-02-20T11:16:30.757+0100] {processor.py:925} INFO - DAG(s) 'example_nested_branch_dag' retrieved from /Users/ajlakorman/Desktop/Data-Mining-Projects/Apache_Airflow/venv/lib/python3.10/site-packages/airflow/example_dags/example_nested_branch_dag.py
[2025-02-20T11:16:30.818+0100] {logging_mixin.py:190} INFO - [2025-02-20T11:16:30.818+0100] {dag.py:3239} INFO - Sync 1 DAGs
[2025-02-20T11:16:30.826+0100] {logging_mixin.py:190} INFO - [2025-02-20T11:16:30.826+0100] {dag.py:4180} INFO - Setting next_dagrun for example_nested_branch_dag to 2025-02-19 00:00:00+00:00, run_after=2025-02-20 00:00:00+00:00
[2025-02-20T11:16:30.832+0100] {processor.py:208} INFO - Processing /Users/ajlakorman/Desktop/Data-Mining-Projects/Apache_Airflow/venv/lib/python3.10/site-packages/airflow/example_dags/example_nested_branch_dag.py took 0.094 seconds
[2025-02-20T11:18:54.594+0100] {processor.py:186} INFO - Started process (PID=9462) to work on /Users/ajlakorman/Desktop/Data-Mining-Projects/Apache_Airflow/venv/lib/python3.10/site-packages/airflow/example_dags/example_nested_branch_dag.py
[2025-02-20T11:18:54.594+0100] {processor.py:914} INFO - Processing file /Users/ajlakorman/Desktop/Data-Mining-Projects/Apache_Airflow/venv/lib/python3.10/site-packages/airflow/example_dags/example_nested_branch_dag.py for tasks to queue
[2025-02-20T11:18:54.595+0100] {logging_mixin.py:190} INFO - [2025-02-20T11:18:54.595+0100] {dagbag.py:588} INFO - Filling up the DagBag from /Users/ajlakorman/Desktop/Data-Mining-Projects/Apache_Airflow/venv/lib/python3.10/site-packages/airflow/example_dags/example_nested_branch_dag.py
[2025-02-20T11:18:54.612+0100] {processor.py:925} INFO - DAG(s) 'example_nested_branch_dag' retrieved from /Users/ajlakorman/Desktop/Data-Mining-Projects/Apache_Airflow/venv/lib/python3.10/site-packages/airflow/example_dags/example_nested_branch_dag.py
[2025-02-20T11:18:54.677+0100] {logging_mixin.py:190} INFO - [2025-02-20T11:18:54.677+0100] {dag.py:3239} INFO - Sync 1 DAGs
[2025-02-20T11:18:54.684+0100] {logging_mixin.py:190} INFO - [2025-02-20T11:18:54.684+0100] {dag.py:4180} INFO - Setting next_dagrun for example_nested_branch_dag to 2025-02-19 00:00:00+00:00, run_after=2025-02-20 00:00:00+00:00
[2025-02-20T11:18:54.691+0100] {processor.py:208} INFO - Processing /Users/ajlakorman/Desktop/Data-Mining-Projects/Apache_Airflow/venv/lib/python3.10/site-packages/airflow/example_dags/example_nested_branch_dag.py took 0.099 seconds
[2025-02-20T11:21:22.817+0100] {processor.py:186} INFO - Started process (PID=9760) to work on /Users/ajlakorman/Desktop/Data-Mining-Projects/Apache_Airflow/venv/lib/python3.10/site-packages/airflow/example_dags/example_nested_branch_dag.py
[2025-02-20T11:21:22.818+0100] {processor.py:914} INFO - Processing file /Users/ajlakorman/Desktop/Data-Mining-Projects/Apache_Airflow/venv/lib/python3.10/site-packages/airflow/example_dags/example_nested_branch_dag.py for tasks to queue
[2025-02-20T11:21:22.818+0100] {logging_mixin.py:190} INFO - [2025-02-20T11:21:22.818+0100] {dagbag.py:588} INFO - Filling up the DagBag from /Users/ajlakorman/Desktop/Data-Mining-Projects/Apache_Airflow/venv/lib/python3.10/site-packages/airflow/example_dags/example_nested_branch_dag.py
[2025-02-20T11:21:22.835+0100] {processor.py:925} INFO - DAG(s) 'example_nested_branch_dag' retrieved from /Users/ajlakorman/Desktop/Data-Mining-Projects/Apache_Airflow/venv/lib/python3.10/site-packages/airflow/example_dags/example_nested_branch_dag.py
[2025-02-20T11:21:22.902+0100] {logging_mixin.py:190} INFO - [2025-02-20T11:21:22.902+0100] {dag.py:3239} INFO - Sync 1 DAGs
[2025-02-20T11:21:22.909+0100] {logging_mixin.py:190} INFO - [2025-02-20T11:21:22.909+0100] {dag.py:4180} INFO - Setting next_dagrun for example_nested_branch_dag to 2025-02-19 00:00:00+00:00, run_after=2025-02-20 00:00:00+00:00
[2025-02-20T11:21:22.916+0100] {processor.py:208} INFO - Processing /Users/ajlakorman/Desktop/Data-Mining-Projects/Apache_Airflow/venv/lib/python3.10/site-packages/airflow/example_dags/example_nested_branch_dag.py took 0.101 seconds
[2025-02-20T11:23:53.076+0100] {processor.py:186} INFO - Started process (PID=10010) to work on /Users/ajlakorman/Desktop/Data-Mining-Projects/Apache_Airflow/venv/lib/python3.10/site-packages/airflow/example_dags/example_nested_branch_dag.py
[2025-02-20T11:23:53.077+0100] {processor.py:914} INFO - Processing file /Users/ajlakorman/Desktop/Data-Mining-Projects/Apache_Airflow/venv/lib/python3.10/site-packages/airflow/example_dags/example_nested_branch_dag.py for tasks to queue
[2025-02-20T11:23:53.077+0100] {logging_mixin.py:190} INFO - [2025-02-20T11:23:53.077+0100] {dagbag.py:588} INFO - Filling up the DagBag from /Users/ajlakorman/Desktop/Data-Mining-Projects/Apache_Airflow/venv/lib/python3.10/site-packages/airflow/example_dags/example_nested_branch_dag.py
[2025-02-20T11:23:53.094+0100] {processor.py:925} INFO - DAG(s) 'example_nested_branch_dag' retrieved from /Users/ajlakorman/Desktop/Data-Mining-Projects/Apache_Airflow/venv/lib/python3.10/site-packages/airflow/example_dags/example_nested_branch_dag.py
[2025-02-20T11:23:53.170+0100] {logging_mixin.py:190} INFO - [2025-02-20T11:23:53.170+0100] {dag.py:3239} INFO - Sync 1 DAGs
[2025-02-20T11:23:53.178+0100] {logging_mixin.py:190} INFO - [2025-02-20T11:23:53.178+0100] {dag.py:4180} INFO - Setting next_dagrun for example_nested_branch_dag to 2025-02-19 00:00:00+00:00, run_after=2025-02-20 00:00:00+00:00
[2025-02-20T11:23:53.185+0100] {processor.py:208} INFO - Processing /Users/ajlakorman/Desktop/Data-Mining-Projects/Apache_Airflow/venv/lib/python3.10/site-packages/airflow/example_dags/example_nested_branch_dag.py took 0.111 seconds
[2025-02-20T11:26:20.466+0100] {processor.py:186} INFO - Started process (PID=10325) to work on /Users/ajlakorman/Desktop/Data-Mining-Projects/Apache_Airflow/venv/lib/python3.10/site-packages/airflow/example_dags/example_nested_branch_dag.py
[2025-02-20T11:26:20.468+0100] {processor.py:914} INFO - Processing file /Users/ajlakorman/Desktop/Data-Mining-Projects/Apache_Airflow/venv/lib/python3.10/site-packages/airflow/example_dags/example_nested_branch_dag.py for tasks to queue
[2025-02-20T11:26:20.469+0100] {logging_mixin.py:190} INFO - [2025-02-20T11:26:20.469+0100] {dagbag.py:588} INFO - Filling up the DagBag from /Users/ajlakorman/Desktop/Data-Mining-Projects/Apache_Airflow/venv/lib/python3.10/site-packages/airflow/example_dags/example_nested_branch_dag.py
[2025-02-20T11:26:20.495+0100] {processor.py:925} INFO - DAG(s) 'example_nested_branch_dag' retrieved from /Users/ajlakorman/Desktop/Data-Mining-Projects/Apache_Airflow/venv/lib/python3.10/site-packages/airflow/example_dags/example_nested_branch_dag.py
[2025-02-20T11:26:20.617+0100] {logging_mixin.py:190} INFO - [2025-02-20T11:26:20.617+0100] {dag.py:3239} INFO - Sync 1 DAGs
[2025-02-20T11:26:20.626+0100] {logging_mixin.py:190} INFO - [2025-02-20T11:26:20.625+0100] {dag.py:4180} INFO - Setting next_dagrun for example_nested_branch_dag to 2025-02-19 00:00:00+00:00, run_after=2025-02-20 00:00:00+00:00
[2025-02-20T11:26:20.633+0100] {processor.py:208} INFO - Processing /Users/ajlakorman/Desktop/Data-Mining-Projects/Apache_Airflow/venv/lib/python3.10/site-packages/airflow/example_dags/example_nested_branch_dag.py took 0.170 seconds
[2025-02-20T11:28:50.646+0100] {processor.py:186} INFO - Started process (PID=10626) to work on /Users/ajlakorman/Desktop/Data-Mining-Projects/Apache_Airflow/venv/lib/python3.10/site-packages/airflow/example_dags/example_nested_branch_dag.py
[2025-02-20T11:28:50.647+0100] {processor.py:914} INFO - Processing file /Users/ajlakorman/Desktop/Data-Mining-Projects/Apache_Airflow/venv/lib/python3.10/site-packages/airflow/example_dags/example_nested_branch_dag.py for tasks to queue
[2025-02-20T11:28:50.648+0100] {logging_mixin.py:190} INFO - [2025-02-20T11:28:50.647+0100] {dagbag.py:588} INFO - Filling up the DagBag from /Users/ajlakorman/Desktop/Data-Mining-Projects/Apache_Airflow/venv/lib/python3.10/site-packages/airflow/example_dags/example_nested_branch_dag.py
[2025-02-20T11:28:50.664+0100] {processor.py:925} INFO - DAG(s) 'example_nested_branch_dag' retrieved from /Users/ajlakorman/Desktop/Data-Mining-Projects/Apache_Airflow/venv/lib/python3.10/site-packages/airflow/example_dags/example_nested_branch_dag.py
[2025-02-20T11:28:50.728+0100] {logging_mixin.py:190} INFO - [2025-02-20T11:28:50.728+0100] {dag.py:3239} INFO - Sync 1 DAGs
[2025-02-20T11:28:50.735+0100] {logging_mixin.py:190} INFO - [2025-02-20T11:28:50.735+0100] {dag.py:4180} INFO - Setting next_dagrun for example_nested_branch_dag to 2025-02-19 00:00:00+00:00, run_after=2025-02-20 00:00:00+00:00
[2025-02-20T11:28:50.742+0100] {processor.py:208} INFO - Processing /Users/ajlakorman/Desktop/Data-Mining-Projects/Apache_Airflow/venv/lib/python3.10/site-packages/airflow/example_dags/example_nested_branch_dag.py took 0.097 seconds
[2025-02-20T11:31:19.062+0100] {processor.py:186} INFO - Started process (PID=10943) to work on /Users/ajlakorman/Desktop/Data-Mining-Projects/Apache_Airflow/venv/lib/python3.10/site-packages/airflow/example_dags/example_nested_branch_dag.py
[2025-02-20T11:31:19.063+0100] {processor.py:914} INFO - Processing file /Users/ajlakorman/Desktop/Data-Mining-Projects/Apache_Airflow/venv/lib/python3.10/site-packages/airflow/example_dags/example_nested_branch_dag.py for tasks to queue
[2025-02-20T11:31:19.064+0100] {logging_mixin.py:190} INFO - [2025-02-20T11:31:19.064+0100] {dagbag.py:588} INFO - Filling up the DagBag from /Users/ajlakorman/Desktop/Data-Mining-Projects/Apache_Airflow/venv/lib/python3.10/site-packages/airflow/example_dags/example_nested_branch_dag.py
[2025-02-20T11:31:19.080+0100] {processor.py:925} INFO - DAG(s) 'example_nested_branch_dag' retrieved from /Users/ajlakorman/Desktop/Data-Mining-Projects/Apache_Airflow/venv/lib/python3.10/site-packages/airflow/example_dags/example_nested_branch_dag.py
[2025-02-20T11:31:19.150+0100] {logging_mixin.py:190} INFO - [2025-02-20T11:31:19.150+0100] {dag.py:3239} INFO - Sync 1 DAGs
[2025-02-20T11:31:19.161+0100] {logging_mixin.py:190} INFO - [2025-02-20T11:31:19.161+0100] {dag.py:4180} INFO - Setting next_dagrun for example_nested_branch_dag to 2025-02-19 00:00:00+00:00, run_after=2025-02-20 00:00:00+00:00
[2025-02-20T11:31:19.172+0100] {processor.py:208} INFO - Processing /Users/ajlakorman/Desktop/Data-Mining-Projects/Apache_Airflow/venv/lib/python3.10/site-packages/airflow/example_dags/example_nested_branch_dag.py took 0.111 seconds
[2025-02-20T11:33:45.433+0100] {processor.py:186} INFO - Started process (PID=11172) to work on /Users/ajlakorman/Desktop/Data-Mining-Projects/Apache_Airflow/venv/lib/python3.10/site-packages/airflow/example_dags/example_nested_branch_dag.py
[2025-02-20T11:33:45.434+0100] {processor.py:914} INFO - Processing file /Users/ajlakorman/Desktop/Data-Mining-Projects/Apache_Airflow/venv/lib/python3.10/site-packages/airflow/example_dags/example_nested_branch_dag.py for tasks to queue
[2025-02-20T11:33:45.434+0100] {logging_mixin.py:190} INFO - [2025-02-20T11:33:45.434+0100] {dagbag.py:588} INFO - Filling up the DagBag from /Users/ajlakorman/Desktop/Data-Mining-Projects/Apache_Airflow/venv/lib/python3.10/site-packages/airflow/example_dags/example_nested_branch_dag.py
[2025-02-20T11:33:45.453+0100] {processor.py:925} INFO - DAG(s) 'example_nested_branch_dag' retrieved from /Users/ajlakorman/Desktop/Data-Mining-Projects/Apache_Airflow/venv/lib/python3.10/site-packages/airflow/example_dags/example_nested_branch_dag.py
[2025-02-20T11:33:45.522+0100] {logging_mixin.py:190} INFO - [2025-02-20T11:33:45.522+0100] {dag.py:3239} INFO - Sync 1 DAGs
[2025-02-20T11:33:45.529+0100] {logging_mixin.py:190} INFO - [2025-02-20T11:33:45.529+0100] {dag.py:4180} INFO - Setting next_dagrun for example_nested_branch_dag to 2025-02-19 00:00:00+00:00, run_after=2025-02-20 00:00:00+00:00
[2025-02-20T11:33:45.537+0100] {processor.py:208} INFO - Processing /Users/ajlakorman/Desktop/Data-Mining-Projects/Apache_Airflow/venv/lib/python3.10/site-packages/airflow/example_dags/example_nested_branch_dag.py took 0.106 seconds
[2025-02-20T11:36:13.712+0100] {processor.py:186} INFO - Started process (PID=11407) to work on /Users/ajlakorman/Desktop/Data-Mining-Projects/Apache_Airflow/venv/lib/python3.10/site-packages/airflow/example_dags/example_nested_branch_dag.py
[2025-02-20T11:36:13.713+0100] {processor.py:914} INFO - Processing file /Users/ajlakorman/Desktop/Data-Mining-Projects/Apache_Airflow/venv/lib/python3.10/site-packages/airflow/example_dags/example_nested_branch_dag.py for tasks to queue
[2025-02-20T11:36:13.714+0100] {logging_mixin.py:190} INFO - [2025-02-20T11:36:13.713+0100] {dagbag.py:588} INFO - Filling up the DagBag from /Users/ajlakorman/Desktop/Data-Mining-Projects/Apache_Airflow/venv/lib/python3.10/site-packages/airflow/example_dags/example_nested_branch_dag.py
[2025-02-20T11:36:13.729+0100] {processor.py:925} INFO - DAG(s) 'example_nested_branch_dag' retrieved from /Users/ajlakorman/Desktop/Data-Mining-Projects/Apache_Airflow/venv/lib/python3.10/site-packages/airflow/example_dags/example_nested_branch_dag.py
[2025-02-20T11:36:13.792+0100] {logging_mixin.py:190} INFO - [2025-02-20T11:36:13.792+0100] {dag.py:3239} INFO - Sync 1 DAGs
[2025-02-20T11:36:13.801+0100] {logging_mixin.py:190} INFO - [2025-02-20T11:36:13.801+0100] {dag.py:4180} INFO - Setting next_dagrun for example_nested_branch_dag to 2025-02-19 00:00:00+00:00, run_after=2025-02-20 00:00:00+00:00
[2025-02-20T11:36:13.807+0100] {processor.py:208} INFO - Processing /Users/ajlakorman/Desktop/Data-Mining-Projects/Apache_Airflow/venv/lib/python3.10/site-packages/airflow/example_dags/example_nested_branch_dag.py took 0.096 seconds
[2025-02-20T11:38:47.464+0100] {processor.py:186} INFO - Started process (PID=11691) to work on /Users/ajlakorman/Desktop/Data-Mining-Projects/Apache_Airflow/venv/lib/python3.10/site-packages/airflow/example_dags/example_nested_branch_dag.py
[2025-02-20T11:38:47.465+0100] {processor.py:914} INFO - Processing file /Users/ajlakorman/Desktop/Data-Mining-Projects/Apache_Airflow/venv/lib/python3.10/site-packages/airflow/example_dags/example_nested_branch_dag.py for tasks to queue
[2025-02-20T11:38:47.466+0100] {logging_mixin.py:190} INFO - [2025-02-20T11:38:47.466+0100] {dagbag.py:588} INFO - Filling up the DagBag from /Users/ajlakorman/Desktop/Data-Mining-Projects/Apache_Airflow/venv/lib/python3.10/site-packages/airflow/example_dags/example_nested_branch_dag.py
[2025-02-20T11:38:47.482+0100] {processor.py:925} INFO - DAG(s) 'example_nested_branch_dag' retrieved from /Users/ajlakorman/Desktop/Data-Mining-Projects/Apache_Airflow/venv/lib/python3.10/site-packages/airflow/example_dags/example_nested_branch_dag.py
[2025-02-20T11:38:47.546+0100] {logging_mixin.py:190} INFO - [2025-02-20T11:38:47.546+0100] {dag.py:3239} INFO - Sync 1 DAGs
[2025-02-20T11:38:47.556+0100] {logging_mixin.py:190} INFO - [2025-02-20T11:38:47.556+0100] {dag.py:4180} INFO - Setting next_dagrun for example_nested_branch_dag to 2025-02-19 00:00:00+00:00, run_after=2025-02-20 00:00:00+00:00
[2025-02-20T11:38:47.563+0100] {processor.py:208} INFO - Processing /Users/ajlakorman/Desktop/Data-Mining-Projects/Apache_Airflow/venv/lib/python3.10/site-packages/airflow/example_dags/example_nested_branch_dag.py took 0.101 seconds
[2025-02-20T11:49:02.976+0100] {processor.py:186} INFO - Started process (PID=11904) to work on /Users/ajlakorman/Desktop/Data-Mining-Projects/Apache_Airflow/venv/lib/python3.10/site-packages/airflow/example_dags/example_nested_branch_dag.py
[2025-02-20T11:49:02.977+0100] {processor.py:914} INFO - Processing file /Users/ajlakorman/Desktop/Data-Mining-Projects/Apache_Airflow/venv/lib/python3.10/site-packages/airflow/example_dags/example_nested_branch_dag.py for tasks to queue
[2025-02-20T11:49:02.977+0100] {logging_mixin.py:190} INFO - [2025-02-20T11:49:02.977+0100] {dagbag.py:588} INFO - Filling up the DagBag from /Users/ajlakorman/Desktop/Data-Mining-Projects/Apache_Airflow/venv/lib/python3.10/site-packages/airflow/example_dags/example_nested_branch_dag.py
[2025-02-20T11:49:02.994+0100] {processor.py:925} INFO - DAG(s) 'example_nested_branch_dag' retrieved from /Users/ajlakorman/Desktop/Data-Mining-Projects/Apache_Airflow/venv/lib/python3.10/site-packages/airflow/example_dags/example_nested_branch_dag.py
[2025-02-20T11:49:03.061+0100] {logging_mixin.py:190} INFO - [2025-02-20T11:49:03.061+0100] {dag.py:3239} INFO - Sync 1 DAGs
[2025-02-20T11:49:03.069+0100] {logging_mixin.py:190} INFO - [2025-02-20T11:49:03.068+0100] {dag.py:4180} INFO - Setting next_dagrun for example_nested_branch_dag to 2025-02-19 00:00:00+00:00, run_after=2025-02-20 00:00:00+00:00
[2025-02-20T11:49:03.075+0100] {processor.py:208} INFO - Processing /Users/ajlakorman/Desktop/Data-Mining-Projects/Apache_Airflow/venv/lib/python3.10/site-packages/airflow/example_dags/example_nested_branch_dag.py took 0.101 seconds
[2025-02-20T12:19:29.506+0100] {processor.py:186} INFO - Started process (PID=12052) to work on /Users/ajlakorman/Desktop/Data-Mining-Projects/Apache_Airflow/venv/lib/python3.10/site-packages/airflow/example_dags/example_nested_branch_dag.py
[2025-02-20T12:19:29.508+0100] {processor.py:914} INFO - Processing file /Users/ajlakorman/Desktop/Data-Mining-Projects/Apache_Airflow/venv/lib/python3.10/site-packages/airflow/example_dags/example_nested_branch_dag.py for tasks to queue
[2025-02-20T12:19:29.509+0100] {logging_mixin.py:190} INFO - [2025-02-20T12:19:29.509+0100] {dagbag.py:588} INFO - Filling up the DagBag from /Users/ajlakorman/Desktop/Data-Mining-Projects/Apache_Airflow/venv/lib/python3.10/site-packages/airflow/example_dags/example_nested_branch_dag.py
[2025-02-20T12:19:29.532+0100] {processor.py:925} INFO - DAG(s) 'example_nested_branch_dag' retrieved from /Users/ajlakorman/Desktop/Data-Mining-Projects/Apache_Airflow/venv/lib/python3.10/site-packages/airflow/example_dags/example_nested_branch_dag.py
[2025-02-20T12:19:29.609+0100] {logging_mixin.py:190} INFO - [2025-02-20T12:19:29.609+0100] {dag.py:3239} INFO - Sync 1 DAGs
[2025-02-20T12:19:29.618+0100] {logging_mixin.py:190} INFO - [2025-02-20T12:19:29.618+0100] {dag.py:4180} INFO - Setting next_dagrun for example_nested_branch_dag to 2025-02-19 00:00:00+00:00, run_after=2025-02-20 00:00:00+00:00
[2025-02-20T12:19:29.626+0100] {processor.py:208} INFO - Processing /Users/ajlakorman/Desktop/Data-Mining-Projects/Apache_Airflow/venv/lib/python3.10/site-packages/airflow/example_dags/example_nested_branch_dag.py took 0.124 seconds
[2025-02-20T12:21:09.651+0100] {processor.py:186} INFO - Started process (PID=12180) to work on /Users/ajlakorman/Desktop/Data-Mining-Projects/Apache_Airflow/venv/lib/python3.10/site-packages/airflow/example_dags/example_nested_branch_dag.py
[2025-02-20T12:21:09.653+0100] {processor.py:914} INFO - Processing file /Users/ajlakorman/Desktop/Data-Mining-Projects/Apache_Airflow/venv/lib/python3.10/site-packages/airflow/example_dags/example_nested_branch_dag.py for tasks to queue
[2025-02-20T12:21:09.653+0100] {logging_mixin.py:190} INFO - [2025-02-20T12:21:09.653+0100] {dagbag.py:588} INFO - Filling up the DagBag from /Users/ajlakorman/Desktop/Data-Mining-Projects/Apache_Airflow/venv/lib/python3.10/site-packages/airflow/example_dags/example_nested_branch_dag.py
[2025-02-20T12:21:09.673+0100] {processor.py:925} INFO - DAG(s) 'example_nested_branch_dag' retrieved from /Users/ajlakorman/Desktop/Data-Mining-Projects/Apache_Airflow/venv/lib/python3.10/site-packages/airflow/example_dags/example_nested_branch_dag.py
[2025-02-20T12:21:09.756+0100] {logging_mixin.py:190} INFO - [2025-02-20T12:21:09.756+0100] {dag.py:3239} INFO - Sync 1 DAGs
[2025-02-20T12:21:09.765+0100] {logging_mixin.py:190} INFO - [2025-02-20T12:21:09.765+0100] {dag.py:4180} INFO - Setting next_dagrun for example_nested_branch_dag to 2025-02-19 00:00:00+00:00, run_after=2025-02-20 00:00:00+00:00
[2025-02-20T12:21:09.773+0100] {processor.py:208} INFO - Processing /Users/ajlakorman/Desktop/Data-Mining-Projects/Apache_Airflow/venv/lib/python3.10/site-packages/airflow/example_dags/example_nested_branch_dag.py took 0.124 seconds
[2025-02-20T12:23:46.947+0100] {processor.py:186} INFO - Started process (PID=12458) to work on /Users/ajlakorman/Desktop/Data-Mining-Projects/Apache_Airflow/venv/lib/python3.10/site-packages/airflow/example_dags/example_nested_branch_dag.py
[2025-02-20T12:23:46.948+0100] {processor.py:914} INFO - Processing file /Users/ajlakorman/Desktop/Data-Mining-Projects/Apache_Airflow/venv/lib/python3.10/site-packages/airflow/example_dags/example_nested_branch_dag.py for tasks to queue
[2025-02-20T12:23:46.949+0100] {logging_mixin.py:190} INFO - [2025-02-20T12:23:46.949+0100] {dagbag.py:588} INFO - Filling up the DagBag from /Users/ajlakorman/Desktop/Data-Mining-Projects/Apache_Airflow/venv/lib/python3.10/site-packages/airflow/example_dags/example_nested_branch_dag.py
[2025-02-20T12:23:46.991+0100] {processor.py:925} INFO - DAG(s) 'example_nested_branch_dag' retrieved from /Users/ajlakorman/Desktop/Data-Mining-Projects/Apache_Airflow/venv/lib/python3.10/site-packages/airflow/example_dags/example_nested_branch_dag.py
[2025-02-20T12:23:47.105+0100] {logging_mixin.py:190} INFO - [2025-02-20T12:23:47.105+0100] {dag.py:3239} INFO - Sync 1 DAGs
[2025-02-20T12:23:47.115+0100] {logging_mixin.py:190} INFO - [2025-02-20T12:23:47.114+0100] {dag.py:4180} INFO - Setting next_dagrun for example_nested_branch_dag to 2025-02-19 00:00:00+00:00, run_after=2025-02-20 00:00:00+00:00
[2025-02-20T12:23:47.122+0100] {processor.py:208} INFO - Processing /Users/ajlakorman/Desktop/Data-Mining-Projects/Apache_Airflow/venv/lib/python3.10/site-packages/airflow/example_dags/example_nested_branch_dag.py took 0.180 seconds
[2025-02-20T12:26:12.245+0100] {processor.py:186} INFO - Started process (PID=12737) to work on /Users/ajlakorman/Desktop/Data-Mining-Projects/Apache_Airflow/venv/lib/python3.10/site-packages/airflow/example_dags/example_nested_branch_dag.py
[2025-02-20T12:26:12.246+0100] {processor.py:914} INFO - Processing file /Users/ajlakorman/Desktop/Data-Mining-Projects/Apache_Airflow/venv/lib/python3.10/site-packages/airflow/example_dags/example_nested_branch_dag.py for tasks to queue
[2025-02-20T12:26:12.247+0100] {logging_mixin.py:190} INFO - [2025-02-20T12:26:12.247+0100] {dagbag.py:588} INFO - Filling up the DagBag from /Users/ajlakorman/Desktop/Data-Mining-Projects/Apache_Airflow/venv/lib/python3.10/site-packages/airflow/example_dags/example_nested_branch_dag.py
[2025-02-20T12:26:12.262+0100] {processor.py:925} INFO - DAG(s) 'example_nested_branch_dag' retrieved from /Users/ajlakorman/Desktop/Data-Mining-Projects/Apache_Airflow/venv/lib/python3.10/site-packages/airflow/example_dags/example_nested_branch_dag.py
[2025-02-20T12:26:12.327+0100] {logging_mixin.py:190} INFO - [2025-02-20T12:26:12.327+0100] {dag.py:3239} INFO - Sync 1 DAGs
[2025-02-20T12:26:12.338+0100] {logging_mixin.py:190} INFO - [2025-02-20T12:26:12.337+0100] {dag.py:4180} INFO - Setting next_dagrun for example_nested_branch_dag to 2025-02-19 00:00:00+00:00, run_after=2025-02-20 00:00:00+00:00
[2025-02-20T12:26:12.346+0100] {processor.py:208} INFO - Processing /Users/ajlakorman/Desktop/Data-Mining-Projects/Apache_Airflow/venv/lib/python3.10/site-packages/airflow/example_dags/example_nested_branch_dag.py took 0.103 seconds
[2025-02-20T12:28:45.648+0100] {processor.py:186} INFO - Started process (PID=13063) to work on /Users/ajlakorman/Desktop/Data-Mining-Projects/Apache_Airflow/venv/lib/python3.10/site-packages/airflow/example_dags/example_nested_branch_dag.py
[2025-02-20T12:28:45.649+0100] {processor.py:914} INFO - Processing file /Users/ajlakorman/Desktop/Data-Mining-Projects/Apache_Airflow/venv/lib/python3.10/site-packages/airflow/example_dags/example_nested_branch_dag.py for tasks to queue
[2025-02-20T12:28:45.649+0100] {logging_mixin.py:190} INFO - [2025-02-20T12:28:45.649+0100] {dagbag.py:588} INFO - Filling up the DagBag from /Users/ajlakorman/Desktop/Data-Mining-Projects/Apache_Airflow/venv/lib/python3.10/site-packages/airflow/example_dags/example_nested_branch_dag.py
[2025-02-20T12:28:45.666+0100] {processor.py:925} INFO - DAG(s) 'example_nested_branch_dag' retrieved from /Users/ajlakorman/Desktop/Data-Mining-Projects/Apache_Airflow/venv/lib/python3.10/site-packages/airflow/example_dags/example_nested_branch_dag.py
[2025-02-20T12:28:45.729+0100] {logging_mixin.py:190} INFO - [2025-02-20T12:28:45.729+0100] {dag.py:3239} INFO - Sync 1 DAGs
[2025-02-20T12:28:45.737+0100] {logging_mixin.py:190} INFO - [2025-02-20T12:28:45.737+0100] {dag.py:4180} INFO - Setting next_dagrun for example_nested_branch_dag to 2025-02-19 00:00:00+00:00, run_after=2025-02-20 00:00:00+00:00
[2025-02-20T12:28:45.744+0100] {processor.py:208} INFO - Processing /Users/ajlakorman/Desktop/Data-Mining-Projects/Apache_Airflow/venv/lib/python3.10/site-packages/airflow/example_dags/example_nested_branch_dag.py took 0.098 seconds
[2025-02-20T12:31:10.525+0100] {processor.py:186} INFO - Started process (PID=13379) to work on /Users/ajlakorman/Desktop/Data-Mining-Projects/Apache_Airflow/venv/lib/python3.10/site-packages/airflow/example_dags/example_nested_branch_dag.py
[2025-02-20T12:31:10.526+0100] {processor.py:914} INFO - Processing file /Users/ajlakorman/Desktop/Data-Mining-Projects/Apache_Airflow/venv/lib/python3.10/site-packages/airflow/example_dags/example_nested_branch_dag.py for tasks to queue
[2025-02-20T12:31:10.526+0100] {logging_mixin.py:190} INFO - [2025-02-20T12:31:10.526+0100] {dagbag.py:588} INFO - Filling up the DagBag from /Users/ajlakorman/Desktop/Data-Mining-Projects/Apache_Airflow/venv/lib/python3.10/site-packages/airflow/example_dags/example_nested_branch_dag.py
[2025-02-20T12:31:10.542+0100] {processor.py:925} INFO - DAG(s) 'example_nested_branch_dag' retrieved from /Users/ajlakorman/Desktop/Data-Mining-Projects/Apache_Airflow/venv/lib/python3.10/site-packages/airflow/example_dags/example_nested_branch_dag.py
[2025-02-20T12:31:10.606+0100] {logging_mixin.py:190} INFO - [2025-02-20T12:31:10.606+0100] {dag.py:3239} INFO - Sync 1 DAGs
[2025-02-20T12:31:10.613+0100] {logging_mixin.py:190} INFO - [2025-02-20T12:31:10.613+0100] {dag.py:4180} INFO - Setting next_dagrun for example_nested_branch_dag to 2025-02-19 00:00:00+00:00, run_after=2025-02-20 00:00:00+00:00
[2025-02-20T12:31:10.620+0100] {processor.py:208} INFO - Processing /Users/ajlakorman/Desktop/Data-Mining-Projects/Apache_Airflow/venv/lib/python3.10/site-packages/airflow/example_dags/example_nested_branch_dag.py took 0.097 seconds
[2025-02-20T12:33:46.811+0100] {processor.py:186} INFO - Started process (PID=13705) to work on /Users/ajlakorman/Desktop/Data-Mining-Projects/Apache_Airflow/venv/lib/python3.10/site-packages/airflow/example_dags/example_nested_branch_dag.py
[2025-02-20T12:33:46.813+0100] {processor.py:914} INFO - Processing file /Users/ajlakorman/Desktop/Data-Mining-Projects/Apache_Airflow/venv/lib/python3.10/site-packages/airflow/example_dags/example_nested_branch_dag.py for tasks to queue
[2025-02-20T12:33:46.813+0100] {logging_mixin.py:190} INFO - [2025-02-20T12:33:46.813+0100] {dagbag.py:588} INFO - Filling up the DagBag from /Users/ajlakorman/Desktop/Data-Mining-Projects/Apache_Airflow/venv/lib/python3.10/site-packages/airflow/example_dags/example_nested_branch_dag.py
[2025-02-20T12:33:46.830+0100] {processor.py:925} INFO - DAG(s) 'example_nested_branch_dag' retrieved from /Users/ajlakorman/Desktop/Data-Mining-Projects/Apache_Airflow/venv/lib/python3.10/site-packages/airflow/example_dags/example_nested_branch_dag.py
[2025-02-20T12:33:46.893+0100] {logging_mixin.py:190} INFO - [2025-02-20T12:33:46.892+0100] {dag.py:3239} INFO - Sync 1 DAGs
[2025-02-20T12:33:46.900+0100] {logging_mixin.py:190} INFO - [2025-02-20T12:33:46.900+0100] {dag.py:4180} INFO - Setting next_dagrun for example_nested_branch_dag to 2025-02-19 00:00:00+00:00, run_after=2025-02-20 00:00:00+00:00
[2025-02-20T12:33:46.907+0100] {processor.py:208} INFO - Processing /Users/ajlakorman/Desktop/Data-Mining-Projects/Apache_Airflow/venv/lib/python3.10/site-packages/airflow/example_dags/example_nested_branch_dag.py took 0.097 seconds
[2025-02-20T12:36:21.117+0100] {processor.py:186} INFO - Started process (PID=14064) to work on /Users/ajlakorman/Desktop/Data-Mining-Projects/Apache_Airflow/venv/lib/python3.10/site-packages/airflow/example_dags/example_nested_branch_dag.py
[2025-02-20T12:36:21.119+0100] {processor.py:914} INFO - Processing file /Users/ajlakorman/Desktop/Data-Mining-Projects/Apache_Airflow/venv/lib/python3.10/site-packages/airflow/example_dags/example_nested_branch_dag.py for tasks to queue
[2025-02-20T12:36:21.119+0100] {logging_mixin.py:190} INFO - [2025-02-20T12:36:21.119+0100] {dagbag.py:588} INFO - Filling up the DagBag from /Users/ajlakorman/Desktop/Data-Mining-Projects/Apache_Airflow/venv/lib/python3.10/site-packages/airflow/example_dags/example_nested_branch_dag.py
[2025-02-20T12:36:21.135+0100] {processor.py:925} INFO - DAG(s) 'example_nested_branch_dag' retrieved from /Users/ajlakorman/Desktop/Data-Mining-Projects/Apache_Airflow/venv/lib/python3.10/site-packages/airflow/example_dags/example_nested_branch_dag.py
[2025-02-20T12:36:21.197+0100] {logging_mixin.py:190} INFO - [2025-02-20T12:36:21.197+0100] {dag.py:3239} INFO - Sync 1 DAGs
[2025-02-20T12:36:21.205+0100] {logging_mixin.py:190} INFO - [2025-02-20T12:36:21.205+0100] {dag.py:4180} INFO - Setting next_dagrun for example_nested_branch_dag to 2025-02-19 00:00:00+00:00, run_after=2025-02-20 00:00:00+00:00
[2025-02-20T12:36:21.211+0100] {processor.py:208} INFO - Processing /Users/ajlakorman/Desktop/Data-Mining-Projects/Apache_Airflow/venv/lib/python3.10/site-packages/airflow/example_dags/example_nested_branch_dag.py took 0.096 seconds
[2025-02-20T12:38:50.917+0100] {processor.py:186} INFO - Started process (PID=14427) to work on /Users/ajlakorman/Desktop/Data-Mining-Projects/Apache_Airflow/venv/lib/python3.10/site-packages/airflow/example_dags/example_nested_branch_dag.py
[2025-02-20T12:38:50.918+0100] {processor.py:914} INFO - Processing file /Users/ajlakorman/Desktop/Data-Mining-Projects/Apache_Airflow/venv/lib/python3.10/site-packages/airflow/example_dags/example_nested_branch_dag.py for tasks to queue
[2025-02-20T12:38:50.919+0100] {logging_mixin.py:190} INFO - [2025-02-20T12:38:50.919+0100] {dagbag.py:588} INFO - Filling up the DagBag from /Users/ajlakorman/Desktop/Data-Mining-Projects/Apache_Airflow/venv/lib/python3.10/site-packages/airflow/example_dags/example_nested_branch_dag.py
[2025-02-20T12:38:50.935+0100] {processor.py:925} INFO - DAG(s) 'example_nested_branch_dag' retrieved from /Users/ajlakorman/Desktop/Data-Mining-Projects/Apache_Airflow/venv/lib/python3.10/site-packages/airflow/example_dags/example_nested_branch_dag.py
[2025-02-20T12:38:50.997+0100] {logging_mixin.py:190} INFO - [2025-02-20T12:38:50.996+0100] {dag.py:3239} INFO - Sync 1 DAGs
[2025-02-20T12:38:51.003+0100] {logging_mixin.py:190} INFO - [2025-02-20T12:38:51.003+0100] {dag.py:4180} INFO - Setting next_dagrun for example_nested_branch_dag to 2025-02-19 00:00:00+00:00, run_after=2025-02-20 00:00:00+00:00
[2025-02-20T12:38:51.010+0100] {processor.py:208} INFO - Processing /Users/ajlakorman/Desktop/Data-Mining-Projects/Apache_Airflow/venv/lib/python3.10/site-packages/airflow/example_dags/example_nested_branch_dag.py took 0.095 seconds
[2025-02-20T12:56:58.956+0100] {processor.py:186} INFO - Started process (PID=14831) to work on /Users/ajlakorman/Desktop/Data-Mining-Projects/Apache_Airflow/venv/lib/python3.10/site-packages/airflow/example_dags/example_nested_branch_dag.py
[2025-02-20T12:56:58.957+0100] {processor.py:914} INFO - Processing file /Users/ajlakorman/Desktop/Data-Mining-Projects/Apache_Airflow/venv/lib/python3.10/site-packages/airflow/example_dags/example_nested_branch_dag.py for tasks to queue
[2025-02-20T12:56:58.957+0100] {logging_mixin.py:190} INFO - [2025-02-20T12:56:58.957+0100] {dagbag.py:588} INFO - Filling up the DagBag from /Users/ajlakorman/Desktop/Data-Mining-Projects/Apache_Airflow/venv/lib/python3.10/site-packages/airflow/example_dags/example_nested_branch_dag.py
[2025-02-20T12:56:58.973+0100] {processor.py:925} INFO - DAG(s) 'example_nested_branch_dag' retrieved from /Users/ajlakorman/Desktop/Data-Mining-Projects/Apache_Airflow/venv/lib/python3.10/site-packages/airflow/example_dags/example_nested_branch_dag.py
[2025-02-20T12:56:59.040+0100] {logging_mixin.py:190} INFO - [2025-02-20T12:56:59.040+0100] {dag.py:3239} INFO - Sync 1 DAGs
[2025-02-20T12:56:59.047+0100] {logging_mixin.py:190} INFO - [2025-02-20T12:56:59.047+0100] {dag.py:4180} INFO - Setting next_dagrun for example_nested_branch_dag to 2025-02-19 00:00:00+00:00, run_after=2025-02-20 00:00:00+00:00
[2025-02-20T12:56:59.054+0100] {processor.py:208} INFO - Processing /Users/ajlakorman/Desktop/Data-Mining-Projects/Apache_Airflow/venv/lib/python3.10/site-packages/airflow/example_dags/example_nested_branch_dag.py took 0.099 seconds
[2025-02-20T12:59:53.397+0100] {processor.py:186} INFO - Started process (PID=15094) to work on /Users/ajlakorman/Desktop/Data-Mining-Projects/Apache_Airflow/venv/lib/python3.10/site-packages/airflow/example_dags/example_nested_branch_dag.py
[2025-02-20T12:59:53.398+0100] {processor.py:914} INFO - Processing file /Users/ajlakorman/Desktop/Data-Mining-Projects/Apache_Airflow/venv/lib/python3.10/site-packages/airflow/example_dags/example_nested_branch_dag.py for tasks to queue
[2025-02-20T12:59:53.400+0100] {logging_mixin.py:190} INFO - [2025-02-20T12:59:53.399+0100] {dagbag.py:588} INFO - Filling up the DagBag from /Users/ajlakorman/Desktop/Data-Mining-Projects/Apache_Airflow/venv/lib/python3.10/site-packages/airflow/example_dags/example_nested_branch_dag.py
[2025-02-20T12:59:53.425+0100] {processor.py:925} INFO - DAG(s) 'example_nested_branch_dag' retrieved from /Users/ajlakorman/Desktop/Data-Mining-Projects/Apache_Airflow/venv/lib/python3.10/site-packages/airflow/example_dags/example_nested_branch_dag.py
[2025-02-20T12:59:53.496+0100] {logging_mixin.py:190} INFO - [2025-02-20T12:59:53.496+0100] {dag.py:3239} INFO - Sync 1 DAGs
[2025-02-20T12:59:53.504+0100] {logging_mixin.py:190} INFO - [2025-02-20T12:59:53.504+0100] {dag.py:4180} INFO - Setting next_dagrun for example_nested_branch_dag to 2025-02-19 00:00:00+00:00, run_after=2025-02-20 00:00:00+00:00
[2025-02-20T12:59:53.511+0100] {processor.py:208} INFO - Processing /Users/ajlakorman/Desktop/Data-Mining-Projects/Apache_Airflow/venv/lib/python3.10/site-packages/airflow/example_dags/example_nested_branch_dag.py took 0.117 seconds
[2025-02-20T13:02:33.283+0100] {processor.py:186} INFO - Started process (PID=15323) to work on /Users/ajlakorman/Desktop/Data-Mining-Projects/Apache_Airflow/venv/lib/python3.10/site-packages/airflow/example_dags/example_nested_branch_dag.py
[2025-02-20T13:02:33.284+0100] {processor.py:914} INFO - Processing file /Users/ajlakorman/Desktop/Data-Mining-Projects/Apache_Airflow/venv/lib/python3.10/site-packages/airflow/example_dags/example_nested_branch_dag.py for tasks to queue
[2025-02-20T13:02:33.284+0100] {logging_mixin.py:190} INFO - [2025-02-20T13:02:33.284+0100] {dagbag.py:588} INFO - Filling up the DagBag from /Users/ajlakorman/Desktop/Data-Mining-Projects/Apache_Airflow/venv/lib/python3.10/site-packages/airflow/example_dags/example_nested_branch_dag.py
[2025-02-20T13:02:33.300+0100] {processor.py:925} INFO - DAG(s) 'example_nested_branch_dag' retrieved from /Users/ajlakorman/Desktop/Data-Mining-Projects/Apache_Airflow/venv/lib/python3.10/site-packages/airflow/example_dags/example_nested_branch_dag.py
[2025-02-20T13:02:33.372+0100] {logging_mixin.py:190} INFO - [2025-02-20T13:02:33.372+0100] {dag.py:3239} INFO - Sync 1 DAGs
[2025-02-20T13:02:33.383+0100] {logging_mixin.py:190} INFO - [2025-02-20T13:02:33.383+0100] {dag.py:4180} INFO - Setting next_dagrun for example_nested_branch_dag to 2025-02-19 00:00:00+00:00, run_after=2025-02-20 00:00:00+00:00
[2025-02-20T13:02:33.393+0100] {processor.py:208} INFO - Processing /Users/ajlakorman/Desktop/Data-Mining-Projects/Apache_Airflow/venv/lib/python3.10/site-packages/airflow/example_dags/example_nested_branch_dag.py took 0.112 seconds
[2025-02-20T13:08:04.777+0100] {processor.py:186} INFO - Started process (PID=15647) to work on /Users/ajlakorman/Desktop/Data-Mining-Projects/Apache_Airflow/venv/lib/python3.10/site-packages/airflow/example_dags/example_nested_branch_dag.py
[2025-02-20T13:08:04.778+0100] {processor.py:914} INFO - Processing file /Users/ajlakorman/Desktop/Data-Mining-Projects/Apache_Airflow/venv/lib/python3.10/site-packages/airflow/example_dags/example_nested_branch_dag.py for tasks to queue
[2025-02-20T13:08:04.778+0100] {logging_mixin.py:190} INFO - [2025-02-20T13:08:04.778+0100] {dagbag.py:588} INFO - Filling up the DagBag from /Users/ajlakorman/Desktop/Data-Mining-Projects/Apache_Airflow/venv/lib/python3.10/site-packages/airflow/example_dags/example_nested_branch_dag.py
[2025-02-20T13:08:04.794+0100] {processor.py:925} INFO - DAG(s) 'example_nested_branch_dag' retrieved from /Users/ajlakorman/Desktop/Data-Mining-Projects/Apache_Airflow/venv/lib/python3.10/site-packages/airflow/example_dags/example_nested_branch_dag.py
[2025-02-20T13:08:04.860+0100] {logging_mixin.py:190} INFO - [2025-02-20T13:08:04.860+0100] {dag.py:3239} INFO - Sync 1 DAGs
[2025-02-20T13:08:04.868+0100] {logging_mixin.py:190} INFO - [2025-02-20T13:08:04.868+0100] {dag.py:4180} INFO - Setting next_dagrun for example_nested_branch_dag to 2025-02-19 00:00:00+00:00, run_after=2025-02-20 00:00:00+00:00
[2025-02-20T13:08:04.875+0100] {processor.py:208} INFO - Processing /Users/ajlakorman/Desktop/Data-Mining-Projects/Apache_Airflow/venv/lib/python3.10/site-packages/airflow/example_dags/example_nested_branch_dag.py took 0.100 seconds
[2025-02-20T13:10:50.910+0100] {processor.py:186} INFO - Started process (PID=16011) to work on /Users/ajlakorman/Desktop/Data-Mining-Projects/Apache_Airflow/venv/lib/python3.10/site-packages/airflow/example_dags/example_nested_branch_dag.py
[2025-02-20T13:10:50.911+0100] {processor.py:914} INFO - Processing file /Users/ajlakorman/Desktop/Data-Mining-Projects/Apache_Airflow/venv/lib/python3.10/site-packages/airflow/example_dags/example_nested_branch_dag.py for tasks to queue
[2025-02-20T13:10:50.911+0100] {logging_mixin.py:190} INFO - [2025-02-20T13:10:50.911+0100] {dagbag.py:588} INFO - Filling up the DagBag from /Users/ajlakorman/Desktop/Data-Mining-Projects/Apache_Airflow/venv/lib/python3.10/site-packages/airflow/example_dags/example_nested_branch_dag.py
[2025-02-20T13:10:50.927+0100] {processor.py:925} INFO - DAG(s) 'example_nested_branch_dag' retrieved from /Users/ajlakorman/Desktop/Data-Mining-Projects/Apache_Airflow/venv/lib/python3.10/site-packages/airflow/example_dags/example_nested_branch_dag.py
[2025-02-20T13:10:50.990+0100] {logging_mixin.py:190} INFO - [2025-02-20T13:10:50.990+0100] {dag.py:3239} INFO - Sync 1 DAGs
[2025-02-20T13:10:50.997+0100] {logging_mixin.py:190} INFO - [2025-02-20T13:10:50.997+0100] {dag.py:4180} INFO - Setting next_dagrun for example_nested_branch_dag to 2025-02-19 00:00:00+00:00, run_after=2025-02-20 00:00:00+00:00
[2025-02-20T13:10:51.004+0100] {processor.py:208} INFO - Processing /Users/ajlakorman/Desktop/Data-Mining-Projects/Apache_Airflow/venv/lib/python3.10/site-packages/airflow/example_dags/example_nested_branch_dag.py took 0.095 seconds
[2025-02-20T13:13:49.365+0100] {processor.py:186} INFO - Started process (PID=16282) to work on /Users/ajlakorman/Desktop/Data-Mining-Projects/Apache_Airflow/venv/lib/python3.10/site-packages/airflow/example_dags/example_nested_branch_dag.py
[2025-02-20T13:13:49.366+0100] {processor.py:914} INFO - Processing file /Users/ajlakorman/Desktop/Data-Mining-Projects/Apache_Airflow/venv/lib/python3.10/site-packages/airflow/example_dags/example_nested_branch_dag.py for tasks to queue
[2025-02-20T13:13:49.367+0100] {logging_mixin.py:190} INFO - [2025-02-20T13:13:49.367+0100] {dagbag.py:588} INFO - Filling up the DagBag from /Users/ajlakorman/Desktop/Data-Mining-Projects/Apache_Airflow/venv/lib/python3.10/site-packages/airflow/example_dags/example_nested_branch_dag.py
[2025-02-20T13:13:49.385+0100] {processor.py:925} INFO - DAG(s) 'example_nested_branch_dag' retrieved from /Users/ajlakorman/Desktop/Data-Mining-Projects/Apache_Airflow/venv/lib/python3.10/site-packages/airflow/example_dags/example_nested_branch_dag.py
[2025-02-20T13:13:49.463+0100] {logging_mixin.py:190} INFO - [2025-02-20T13:13:49.463+0100] {dag.py:3239} INFO - Sync 1 DAGs
[2025-02-20T13:13:49.474+0100] {logging_mixin.py:190} INFO - [2025-02-20T13:13:49.474+0100] {dag.py:4180} INFO - Setting next_dagrun for example_nested_branch_dag to 2025-02-19 00:00:00+00:00, run_after=2025-02-20 00:00:00+00:00
[2025-02-20T13:13:49.482+0100] {processor.py:208} INFO - Processing /Users/ajlakorman/Desktop/Data-Mining-Projects/Apache_Airflow/venv/lib/python3.10/site-packages/airflow/example_dags/example_nested_branch_dag.py took 0.119 seconds
[2025-02-20T13:16:47.108+0100] {processor.py:186} INFO - Started process (PID=16608) to work on /Users/ajlakorman/Desktop/Data-Mining-Projects/Apache_Airflow/venv/lib/python3.10/site-packages/airflow/example_dags/example_nested_branch_dag.py
[2025-02-20T13:16:47.109+0100] {processor.py:914} INFO - Processing file /Users/ajlakorman/Desktop/Data-Mining-Projects/Apache_Airflow/venv/lib/python3.10/site-packages/airflow/example_dags/example_nested_branch_dag.py for tasks to queue
[2025-02-20T13:16:47.112+0100] {logging_mixin.py:190} INFO - [2025-02-20T13:16:47.111+0100] {dagbag.py:588} INFO - Filling up the DagBag from /Users/ajlakorman/Desktop/Data-Mining-Projects/Apache_Airflow/venv/lib/python3.10/site-packages/airflow/example_dags/example_nested_branch_dag.py
[2025-02-20T13:16:47.178+0100] {processor.py:925} INFO - DAG(s) 'example_nested_branch_dag' retrieved from /Users/ajlakorman/Desktop/Data-Mining-Projects/Apache_Airflow/venv/lib/python3.10/site-packages/airflow/example_dags/example_nested_branch_dag.py
[2025-02-20T13:16:47.332+0100] {logging_mixin.py:190} INFO - [2025-02-20T13:16:47.332+0100] {dag.py:3239} INFO - Sync 1 DAGs
[2025-02-20T13:16:47.342+0100] {logging_mixin.py:190} INFO - [2025-02-20T13:16:47.342+0100] {dag.py:4180} INFO - Setting next_dagrun for example_nested_branch_dag to 2025-02-19 00:00:00+00:00, run_after=2025-02-20 00:00:00+00:00
[2025-02-20T13:16:47.353+0100] {processor.py:208} INFO - Processing /Users/ajlakorman/Desktop/Data-Mining-Projects/Apache_Airflow/venv/lib/python3.10/site-packages/airflow/example_dags/example_nested_branch_dag.py took 0.247 seconds
[2025-02-20T13:19:56.552+0100] {processor.py:186} INFO - Started process (PID=16966) to work on /Users/ajlakorman/Desktop/Data-Mining-Projects/Apache_Airflow/venv/lib/python3.10/site-packages/airflow/example_dags/example_nested_branch_dag.py
[2025-02-20T13:19:56.553+0100] {processor.py:914} INFO - Processing file /Users/ajlakorman/Desktop/Data-Mining-Projects/Apache_Airflow/venv/lib/python3.10/site-packages/airflow/example_dags/example_nested_branch_dag.py for tasks to queue
[2025-02-20T13:19:56.554+0100] {logging_mixin.py:190} INFO - [2025-02-20T13:19:56.554+0100] {dagbag.py:588} INFO - Filling up the DagBag from /Users/ajlakorman/Desktop/Data-Mining-Projects/Apache_Airflow/venv/lib/python3.10/site-packages/airflow/example_dags/example_nested_branch_dag.py
[2025-02-20T13:19:56.570+0100] {processor.py:925} INFO - DAG(s) 'example_nested_branch_dag' retrieved from /Users/ajlakorman/Desktop/Data-Mining-Projects/Apache_Airflow/venv/lib/python3.10/site-packages/airflow/example_dags/example_nested_branch_dag.py
[2025-02-20T13:19:56.633+0100] {logging_mixin.py:190} INFO - [2025-02-20T13:19:56.633+0100] {dag.py:3239} INFO - Sync 1 DAGs
[2025-02-20T13:19:56.641+0100] {logging_mixin.py:190} INFO - [2025-02-20T13:19:56.641+0100] {dag.py:4180} INFO - Setting next_dagrun for example_nested_branch_dag to 2025-02-19 00:00:00+00:00, run_after=2025-02-20 00:00:00+00:00
[2025-02-20T13:19:56.648+0100] {processor.py:208} INFO - Processing /Users/ajlakorman/Desktop/Data-Mining-Projects/Apache_Airflow/venv/lib/python3.10/site-packages/airflow/example_dags/example_nested_branch_dag.py took 0.097 seconds
[2025-02-20T13:22:47.303+0100] {processor.py:186} INFO - Started process (PID=17298) to work on /Users/ajlakorman/Desktop/Data-Mining-Projects/Apache_Airflow/venv/lib/python3.10/site-packages/airflow/example_dags/example_nested_branch_dag.py
[2025-02-20T13:22:47.304+0100] {processor.py:914} INFO - Processing file /Users/ajlakorman/Desktop/Data-Mining-Projects/Apache_Airflow/venv/lib/python3.10/site-packages/airflow/example_dags/example_nested_branch_dag.py for tasks to queue
[2025-02-20T13:22:47.305+0100] {logging_mixin.py:190} INFO - [2025-02-20T13:22:47.305+0100] {dagbag.py:588} INFO - Filling up the DagBag from /Users/ajlakorman/Desktop/Data-Mining-Projects/Apache_Airflow/venv/lib/python3.10/site-packages/airflow/example_dags/example_nested_branch_dag.py
[2025-02-20T13:22:47.322+0100] {processor.py:925} INFO - DAG(s) 'example_nested_branch_dag' retrieved from /Users/ajlakorman/Desktop/Data-Mining-Projects/Apache_Airflow/venv/lib/python3.10/site-packages/airflow/example_dags/example_nested_branch_dag.py
[2025-02-20T13:22:47.388+0100] {logging_mixin.py:190} INFO - [2025-02-20T13:22:47.388+0100] {dag.py:3239} INFO - Sync 1 DAGs
[2025-02-20T13:22:47.395+0100] {logging_mixin.py:190} INFO - [2025-02-20T13:22:47.395+0100] {dag.py:4180} INFO - Setting next_dagrun for example_nested_branch_dag to 2025-02-19 00:00:00+00:00, run_after=2025-02-20 00:00:00+00:00
[2025-02-20T13:22:47.402+0100] {processor.py:208} INFO - Processing /Users/ajlakorman/Desktop/Data-Mining-Projects/Apache_Airflow/venv/lib/python3.10/site-packages/airflow/example_dags/example_nested_branch_dag.py took 0.101 seconds
[2025-02-20T13:25:25.390+0100] {processor.py:186} INFO - Started process (PID=17518) to work on /Users/ajlakorman/Desktop/Data-Mining-Projects/Apache_Airflow/venv/lib/python3.10/site-packages/airflow/example_dags/example_nested_branch_dag.py
[2025-02-20T13:25:25.391+0100] {processor.py:914} INFO - Processing file /Users/ajlakorman/Desktop/Data-Mining-Projects/Apache_Airflow/venv/lib/python3.10/site-packages/airflow/example_dags/example_nested_branch_dag.py for tasks to queue
[2025-02-20T13:25:25.392+0100] {logging_mixin.py:190} INFO - [2025-02-20T13:25:25.392+0100] {dagbag.py:588} INFO - Filling up the DagBag from /Users/ajlakorman/Desktop/Data-Mining-Projects/Apache_Airflow/venv/lib/python3.10/site-packages/airflow/example_dags/example_nested_branch_dag.py
[2025-02-20T13:25:25.409+0100] {processor.py:925} INFO - DAG(s) 'example_nested_branch_dag' retrieved from /Users/ajlakorman/Desktop/Data-Mining-Projects/Apache_Airflow/venv/lib/python3.10/site-packages/airflow/example_dags/example_nested_branch_dag.py
[2025-02-20T13:25:25.479+0100] {logging_mixin.py:190} INFO - [2025-02-20T13:25:25.479+0100] {dag.py:3239} INFO - Sync 1 DAGs
[2025-02-20T13:25:25.487+0100] {logging_mixin.py:190} INFO - [2025-02-20T13:25:25.487+0100] {dag.py:4180} INFO - Setting next_dagrun for example_nested_branch_dag to 2025-02-19 00:00:00+00:00, run_after=2025-02-20 00:00:00+00:00
[2025-02-20T13:25:25.495+0100] {processor.py:208} INFO - Processing /Users/ajlakorman/Desktop/Data-Mining-Projects/Apache_Airflow/venv/lib/python3.10/site-packages/airflow/example_dags/example_nested_branch_dag.py took 0.107 seconds
[2025-02-20T13:28:05.023+0100] {processor.py:186} INFO - Started process (PID=17905) to work on /Users/ajlakorman/Desktop/Data-Mining-Projects/Apache_Airflow/venv/lib/python3.10/site-packages/airflow/example_dags/example_nested_branch_dag.py
[2025-02-20T13:28:05.024+0100] {processor.py:914} INFO - Processing file /Users/ajlakorman/Desktop/Data-Mining-Projects/Apache_Airflow/venv/lib/python3.10/site-packages/airflow/example_dags/example_nested_branch_dag.py for tasks to queue
[2025-02-20T13:28:05.025+0100] {logging_mixin.py:190} INFO - [2025-02-20T13:28:05.025+0100] {dagbag.py:588} INFO - Filling up the DagBag from /Users/ajlakorman/Desktop/Data-Mining-Projects/Apache_Airflow/venv/lib/python3.10/site-packages/airflow/example_dags/example_nested_branch_dag.py
[2025-02-20T13:28:05.042+0100] {processor.py:925} INFO - DAG(s) 'example_nested_branch_dag' retrieved from /Users/ajlakorman/Desktop/Data-Mining-Projects/Apache_Airflow/venv/lib/python3.10/site-packages/airflow/example_dags/example_nested_branch_dag.py
[2025-02-20T13:28:05.107+0100] {logging_mixin.py:190} INFO - [2025-02-20T13:28:05.107+0100] {dag.py:3239} INFO - Sync 1 DAGs
[2025-02-20T13:28:05.114+0100] {logging_mixin.py:190} INFO - [2025-02-20T13:28:05.114+0100] {dag.py:4180} INFO - Setting next_dagrun for example_nested_branch_dag to 2025-02-19 00:00:00+00:00, run_after=2025-02-20 00:00:00+00:00
[2025-02-20T13:28:05.121+0100] {processor.py:208} INFO - Processing /Users/ajlakorman/Desktop/Data-Mining-Projects/Apache_Airflow/venv/lib/python3.10/site-packages/airflow/example_dags/example_nested_branch_dag.py took 0.099 seconds
[2025-02-20T13:30:40.506+0100] {processor.py:186} INFO - Started process (PID=18102) to work on /Users/ajlakorman/Desktop/Data-Mining-Projects/Apache_Airflow/venv/lib/python3.10/site-packages/airflow/example_dags/example_nested_branch_dag.py
[2025-02-20T13:30:40.507+0100] {processor.py:914} INFO - Processing file /Users/ajlakorman/Desktop/Data-Mining-Projects/Apache_Airflow/venv/lib/python3.10/site-packages/airflow/example_dags/example_nested_branch_dag.py for tasks to queue
[2025-02-20T13:30:40.507+0100] {logging_mixin.py:190} INFO - [2025-02-20T13:30:40.507+0100] {dagbag.py:588} INFO - Filling up the DagBag from /Users/ajlakorman/Desktop/Data-Mining-Projects/Apache_Airflow/venv/lib/python3.10/site-packages/airflow/example_dags/example_nested_branch_dag.py
[2025-02-20T13:30:40.523+0100] {processor.py:925} INFO - DAG(s) 'example_nested_branch_dag' retrieved from /Users/ajlakorman/Desktop/Data-Mining-Projects/Apache_Airflow/venv/lib/python3.10/site-packages/airflow/example_dags/example_nested_branch_dag.py
[2025-02-20T13:30:40.585+0100] {logging_mixin.py:190} INFO - [2025-02-20T13:30:40.585+0100] {dag.py:3239} INFO - Sync 1 DAGs
[2025-02-20T13:30:40.592+0100] {logging_mixin.py:190} INFO - [2025-02-20T13:30:40.592+0100] {dag.py:4180} INFO - Setting next_dagrun for example_nested_branch_dag to 2025-02-19 00:00:00+00:00, run_after=2025-02-20 00:00:00+00:00
[2025-02-20T13:30:40.598+0100] {processor.py:208} INFO - Processing /Users/ajlakorman/Desktop/Data-Mining-Projects/Apache_Airflow/venv/lib/python3.10/site-packages/airflow/example_dags/example_nested_branch_dag.py took 0.094 seconds
[2025-02-20T13:33:22.235+0100] {processor.py:186} INFO - Started process (PID=18294) to work on /Users/ajlakorman/Desktop/Data-Mining-Projects/Apache_Airflow/venv/lib/python3.10/site-packages/airflow/example_dags/example_nested_branch_dag.py
[2025-02-20T13:33:22.235+0100] {processor.py:914} INFO - Processing file /Users/ajlakorman/Desktop/Data-Mining-Projects/Apache_Airflow/venv/lib/python3.10/site-packages/airflow/example_dags/example_nested_branch_dag.py for tasks to queue
[2025-02-20T13:33:22.236+0100] {logging_mixin.py:190} INFO - [2025-02-20T13:33:22.236+0100] {dagbag.py:588} INFO - Filling up the DagBag from /Users/ajlakorman/Desktop/Data-Mining-Projects/Apache_Airflow/venv/lib/python3.10/site-packages/airflow/example_dags/example_nested_branch_dag.py
[2025-02-20T13:33:22.253+0100] {processor.py:925} INFO - DAG(s) 'example_nested_branch_dag' retrieved from /Users/ajlakorman/Desktop/Data-Mining-Projects/Apache_Airflow/venv/lib/python3.10/site-packages/airflow/example_dags/example_nested_branch_dag.py
[2025-02-20T13:33:22.315+0100] {logging_mixin.py:190} INFO - [2025-02-20T13:33:22.315+0100] {dag.py:3239} INFO - Sync 1 DAGs
[2025-02-20T13:33:22.323+0100] {logging_mixin.py:190} INFO - [2025-02-20T13:33:22.323+0100] {dag.py:4180} INFO - Setting next_dagrun for example_nested_branch_dag to 2025-02-19 00:00:00+00:00, run_after=2025-02-20 00:00:00+00:00
[2025-02-20T13:33:22.329+0100] {processor.py:208} INFO - Processing /Users/ajlakorman/Desktop/Data-Mining-Projects/Apache_Airflow/venv/lib/python3.10/site-packages/airflow/example_dags/example_nested_branch_dag.py took 0.096 seconds
[2025-02-20T13:36:04.848+0100] {processor.py:186} INFO - Started process (PID=18616) to work on /Users/ajlakorman/Desktop/Data-Mining-Projects/Apache_Airflow/venv/lib/python3.10/site-packages/airflow/example_dags/example_nested_branch_dag.py
[2025-02-20T13:36:04.849+0100] {processor.py:914} INFO - Processing file /Users/ajlakorman/Desktop/Data-Mining-Projects/Apache_Airflow/venv/lib/python3.10/site-packages/airflow/example_dags/example_nested_branch_dag.py for tasks to queue
[2025-02-20T13:36:04.850+0100] {logging_mixin.py:190} INFO - [2025-02-20T13:36:04.850+0100] {dagbag.py:588} INFO - Filling up the DagBag from /Users/ajlakorman/Desktop/Data-Mining-Projects/Apache_Airflow/venv/lib/python3.10/site-packages/airflow/example_dags/example_nested_branch_dag.py
[2025-02-20T13:36:04.871+0100] {processor.py:925} INFO - DAG(s) 'example_nested_branch_dag' retrieved from /Users/ajlakorman/Desktop/Data-Mining-Projects/Apache_Airflow/venv/lib/python3.10/site-packages/airflow/example_dags/example_nested_branch_dag.py
[2025-02-20T13:36:04.938+0100] {logging_mixin.py:190} INFO - [2025-02-20T13:36:04.938+0100] {dag.py:3239} INFO - Sync 1 DAGs
[2025-02-20T13:36:04.947+0100] {logging_mixin.py:190} INFO - [2025-02-20T13:36:04.947+0100] {dag.py:4180} INFO - Setting next_dagrun for example_nested_branch_dag to 2025-02-19 00:00:00+00:00, run_after=2025-02-20 00:00:00+00:00
[2025-02-20T13:36:04.954+0100] {processor.py:208} INFO - Processing /Users/ajlakorman/Desktop/Data-Mining-Projects/Apache_Airflow/venv/lib/python3.10/site-packages/airflow/example_dags/example_nested_branch_dag.py took 0.107 seconds
[2025-02-20T13:38:44.960+0100] {processor.py:186} INFO - Started process (PID=19012) to work on /Users/ajlakorman/Desktop/Data-Mining-Projects/Apache_Airflow/venv/lib/python3.10/site-packages/airflow/example_dags/example_nested_branch_dag.py
[2025-02-20T13:38:44.961+0100] {processor.py:914} INFO - Processing file /Users/ajlakorman/Desktop/Data-Mining-Projects/Apache_Airflow/venv/lib/python3.10/site-packages/airflow/example_dags/example_nested_branch_dag.py for tasks to queue
[2025-02-20T13:38:44.961+0100] {logging_mixin.py:190} INFO - [2025-02-20T13:38:44.961+0100] {dagbag.py:588} INFO - Filling up the DagBag from /Users/ajlakorman/Desktop/Data-Mining-Projects/Apache_Airflow/venv/lib/python3.10/site-packages/airflow/example_dags/example_nested_branch_dag.py
[2025-02-20T13:38:44.977+0100] {processor.py:925} INFO - DAG(s) 'example_nested_branch_dag' retrieved from /Users/ajlakorman/Desktop/Data-Mining-Projects/Apache_Airflow/venv/lib/python3.10/site-packages/airflow/example_dags/example_nested_branch_dag.py
[2025-02-20T13:38:45.044+0100] {logging_mixin.py:190} INFO - [2025-02-20T13:38:45.044+0100] {dag.py:3239} INFO - Sync 1 DAGs
[2025-02-20T13:38:45.051+0100] {logging_mixin.py:190} INFO - [2025-02-20T13:38:45.051+0100] {dag.py:4180} INFO - Setting next_dagrun for example_nested_branch_dag to 2025-02-19 00:00:00+00:00, run_after=2025-02-20 00:00:00+00:00
[2025-02-20T13:38:45.058+0100] {processor.py:208} INFO - Processing /Users/ajlakorman/Desktop/Data-Mining-Projects/Apache_Airflow/venv/lib/python3.10/site-packages/airflow/example_dags/example_nested_branch_dag.py took 0.100 seconds
[2025-02-20T13:41:25.472+0100] {processor.py:186} INFO - Started process (PID=19479) to work on /Users/ajlakorman/Desktop/Data-Mining-Projects/Apache_Airflow/venv/lib/python3.10/site-packages/airflow/example_dags/example_nested_branch_dag.py
[2025-02-20T13:41:25.473+0100] {processor.py:914} INFO - Processing file /Users/ajlakorman/Desktop/Data-Mining-Projects/Apache_Airflow/venv/lib/python3.10/site-packages/airflow/example_dags/example_nested_branch_dag.py for tasks to queue
[2025-02-20T13:41:25.473+0100] {logging_mixin.py:190} INFO - [2025-02-20T13:41:25.473+0100] {dagbag.py:588} INFO - Filling up the DagBag from /Users/ajlakorman/Desktop/Data-Mining-Projects/Apache_Airflow/venv/lib/python3.10/site-packages/airflow/example_dags/example_nested_branch_dag.py
[2025-02-20T13:41:25.489+0100] {processor.py:925} INFO - DAG(s) 'example_nested_branch_dag' retrieved from /Users/ajlakorman/Desktop/Data-Mining-Projects/Apache_Airflow/venv/lib/python3.10/site-packages/airflow/example_dags/example_nested_branch_dag.py
[2025-02-20T13:41:25.553+0100] {logging_mixin.py:190} INFO - [2025-02-20T13:41:25.553+0100] {dag.py:3239} INFO - Sync 1 DAGs
[2025-02-20T13:41:25.561+0100] {logging_mixin.py:190} INFO - [2025-02-20T13:41:25.561+0100] {dag.py:4180} INFO - Setting next_dagrun for example_nested_branch_dag to 2025-02-19 00:00:00+00:00, run_after=2025-02-20 00:00:00+00:00
[2025-02-20T13:41:25.568+0100] {processor.py:208} INFO - Processing /Users/ajlakorman/Desktop/Data-Mining-Projects/Apache_Airflow/venv/lib/python3.10/site-packages/airflow/example_dags/example_nested_branch_dag.py took 0.097 seconds
[2025-02-20T13:44:26.967+0100] {processor.py:186} INFO - Started process (PID=19888) to work on /Users/ajlakorman/Desktop/Data-Mining-Projects/Apache_Airflow/venv/lib/python3.10/site-packages/airflow/example_dags/example_nested_branch_dag.py
[2025-02-20T13:44:26.968+0100] {processor.py:914} INFO - Processing file /Users/ajlakorman/Desktop/Data-Mining-Projects/Apache_Airflow/venv/lib/python3.10/site-packages/airflow/example_dags/example_nested_branch_dag.py for tasks to queue
[2025-02-20T13:44:26.968+0100] {logging_mixin.py:190} INFO - [2025-02-20T13:44:26.968+0100] {dagbag.py:588} INFO - Filling up the DagBag from /Users/ajlakorman/Desktop/Data-Mining-Projects/Apache_Airflow/venv/lib/python3.10/site-packages/airflow/example_dags/example_nested_branch_dag.py
[2025-02-20T13:44:26.990+0100] {processor.py:925} INFO - DAG(s) 'example_nested_branch_dag' retrieved from /Users/ajlakorman/Desktop/Data-Mining-Projects/Apache_Airflow/venv/lib/python3.10/site-packages/airflow/example_dags/example_nested_branch_dag.py
[2025-02-20T13:44:27.064+0100] {logging_mixin.py:190} INFO - [2025-02-20T13:44:27.064+0100] {dag.py:3239} INFO - Sync 1 DAGs
[2025-02-20T13:44:27.072+0100] {logging_mixin.py:190} INFO - [2025-02-20T13:44:27.072+0100] {dag.py:4180} INFO - Setting next_dagrun for example_nested_branch_dag to 2025-02-19 00:00:00+00:00, run_after=2025-02-20 00:00:00+00:00
[2025-02-20T13:44:27.080+0100] {processor.py:208} INFO - Processing /Users/ajlakorman/Desktop/Data-Mining-Projects/Apache_Airflow/venv/lib/python3.10/site-packages/airflow/example_dags/example_nested_branch_dag.py took 0.118 seconds
[2025-02-20T13:47:25.715+0100] {processor.py:186} INFO - Started process (PID=20444) to work on /Users/ajlakorman/Desktop/Data-Mining-Projects/Apache_Airflow/venv/lib/python3.10/site-packages/airflow/example_dags/example_nested_branch_dag.py
[2025-02-20T13:47:25.716+0100] {processor.py:914} INFO - Processing file /Users/ajlakorman/Desktop/Data-Mining-Projects/Apache_Airflow/venv/lib/python3.10/site-packages/airflow/example_dags/example_nested_branch_dag.py for tasks to queue
[2025-02-20T13:47:25.717+0100] {logging_mixin.py:190} INFO - [2025-02-20T13:47:25.716+0100] {dagbag.py:588} INFO - Filling up the DagBag from /Users/ajlakorman/Desktop/Data-Mining-Projects/Apache_Airflow/venv/lib/python3.10/site-packages/airflow/example_dags/example_nested_branch_dag.py
[2025-02-20T13:47:25.737+0100] {processor.py:925} INFO - DAG(s) 'example_nested_branch_dag' retrieved from /Users/ajlakorman/Desktop/Data-Mining-Projects/Apache_Airflow/venv/lib/python3.10/site-packages/airflow/example_dags/example_nested_branch_dag.py
[2025-02-20T13:47:25.819+0100] {logging_mixin.py:190} INFO - [2025-02-20T13:47:25.819+0100] {dag.py:3239} INFO - Sync 1 DAGs
[2025-02-20T13:47:25.827+0100] {logging_mixin.py:190} INFO - [2025-02-20T13:47:25.827+0100] {dag.py:4180} INFO - Setting next_dagrun for example_nested_branch_dag to 2025-02-19 00:00:00+00:00, run_after=2025-02-20 00:00:00+00:00
[2025-02-20T13:47:25.835+0100] {processor.py:208} INFO - Processing /Users/ajlakorman/Desktop/Data-Mining-Projects/Apache_Airflow/venv/lib/python3.10/site-packages/airflow/example_dags/example_nested_branch_dag.py took 0.122 seconds
[2025-02-20T13:50:21.868+0100] {processor.py:186} INFO - Started process (PID=20846) to work on /Users/ajlakorman/Desktop/Data-Mining-Projects/Apache_Airflow/venv/lib/python3.10/site-packages/airflow/example_dags/example_nested_branch_dag.py
[2025-02-20T13:50:21.870+0100] {processor.py:914} INFO - Processing file /Users/ajlakorman/Desktop/Data-Mining-Projects/Apache_Airflow/venv/lib/python3.10/site-packages/airflow/example_dags/example_nested_branch_dag.py for tasks to queue
[2025-02-20T13:50:21.870+0100] {logging_mixin.py:190} INFO - [2025-02-20T13:50:21.870+0100] {dagbag.py:588} INFO - Filling up the DagBag from /Users/ajlakorman/Desktop/Data-Mining-Projects/Apache_Airflow/venv/lib/python3.10/site-packages/airflow/example_dags/example_nested_branch_dag.py
[2025-02-20T13:50:21.888+0100] {processor.py:925} INFO - DAG(s) 'example_nested_branch_dag' retrieved from /Users/ajlakorman/Desktop/Data-Mining-Projects/Apache_Airflow/venv/lib/python3.10/site-packages/airflow/example_dags/example_nested_branch_dag.py
[2025-02-20T13:50:22.030+0100] {logging_mixin.py:190} INFO - [2025-02-20T13:50:22.030+0100] {dag.py:3239} INFO - Sync 1 DAGs
[2025-02-20T13:50:22.040+0100] {logging_mixin.py:190} INFO - [2025-02-20T13:50:22.040+0100] {dag.py:4180} INFO - Setting next_dagrun for example_nested_branch_dag to 2025-02-19 00:00:00+00:00, run_after=2025-02-20 00:00:00+00:00
[2025-02-20T13:50:22.050+0100] {processor.py:208} INFO - Processing /Users/ajlakorman/Desktop/Data-Mining-Projects/Apache_Airflow/venv/lib/python3.10/site-packages/airflow/example_dags/example_nested_branch_dag.py took 0.184 seconds
[2025-02-20T13:53:16.504+0100] {processor.py:186} INFO - Started process (PID=21093) to work on /Users/ajlakorman/Desktop/Data-Mining-Projects/Apache_Airflow/venv/lib/python3.10/site-packages/airflow/example_dags/example_nested_branch_dag.py
[2025-02-20T13:53:16.505+0100] {processor.py:914} INFO - Processing file /Users/ajlakorman/Desktop/Data-Mining-Projects/Apache_Airflow/venv/lib/python3.10/site-packages/airflow/example_dags/example_nested_branch_dag.py for tasks to queue
[2025-02-20T13:53:16.505+0100] {logging_mixin.py:190} INFO - [2025-02-20T13:53:16.505+0100] {dagbag.py:588} INFO - Filling up the DagBag from /Users/ajlakorman/Desktop/Data-Mining-Projects/Apache_Airflow/venv/lib/python3.10/site-packages/airflow/example_dags/example_nested_branch_dag.py
[2025-02-20T13:53:16.522+0100] {processor.py:925} INFO - DAG(s) 'example_nested_branch_dag' retrieved from /Users/ajlakorman/Desktop/Data-Mining-Projects/Apache_Airflow/venv/lib/python3.10/site-packages/airflow/example_dags/example_nested_branch_dag.py
[2025-02-20T13:53:16.585+0100] {logging_mixin.py:190} INFO - [2025-02-20T13:53:16.585+0100] {dag.py:3239} INFO - Sync 1 DAGs
[2025-02-20T13:53:16.593+0100] {logging_mixin.py:190} INFO - [2025-02-20T13:53:16.593+0100] {dag.py:4180} INFO - Setting next_dagrun for example_nested_branch_dag to 2025-02-19 00:00:00+00:00, run_after=2025-02-20 00:00:00+00:00
[2025-02-20T13:53:16.599+0100] {processor.py:208} INFO - Processing /Users/ajlakorman/Desktop/Data-Mining-Projects/Apache_Airflow/venv/lib/python3.10/site-packages/airflow/example_dags/example_nested_branch_dag.py took 0.097 seconds
[2025-02-20T13:56:09.493+0100] {processor.py:186} INFO - Started process (PID=21328) to work on /Users/ajlakorman/Desktop/Data-Mining-Projects/Apache_Airflow/venv/lib/python3.10/site-packages/airflow/example_dags/example_nested_branch_dag.py
[2025-02-20T13:56:09.494+0100] {processor.py:914} INFO - Processing file /Users/ajlakorman/Desktop/Data-Mining-Projects/Apache_Airflow/venv/lib/python3.10/site-packages/airflow/example_dags/example_nested_branch_dag.py for tasks to queue
[2025-02-20T13:56:09.495+0100] {logging_mixin.py:190} INFO - [2025-02-20T13:56:09.495+0100] {dagbag.py:588} INFO - Filling up the DagBag from /Users/ajlakorman/Desktop/Data-Mining-Projects/Apache_Airflow/venv/lib/python3.10/site-packages/airflow/example_dags/example_nested_branch_dag.py
[2025-02-20T13:56:09.512+0100] {processor.py:925} INFO - DAG(s) 'example_nested_branch_dag' retrieved from /Users/ajlakorman/Desktop/Data-Mining-Projects/Apache_Airflow/venv/lib/python3.10/site-packages/airflow/example_dags/example_nested_branch_dag.py
[2025-02-20T13:56:09.582+0100] {logging_mixin.py:190} INFO - [2025-02-20T13:56:09.582+0100] {dag.py:3239} INFO - Sync 1 DAGs
[2025-02-20T13:56:09.590+0100] {logging_mixin.py:190} INFO - [2025-02-20T13:56:09.590+0100] {dag.py:4180} INFO - Setting next_dagrun for example_nested_branch_dag to 2025-02-19 00:00:00+00:00, run_after=2025-02-20 00:00:00+00:00
[2025-02-20T13:56:09.597+0100] {processor.py:208} INFO - Processing /Users/ajlakorman/Desktop/Data-Mining-Projects/Apache_Airflow/venv/lib/python3.10/site-packages/airflow/example_dags/example_nested_branch_dag.py took 0.106 seconds
[2025-02-20T13:59:04.995+0100] {processor.py:186} INFO - Started process (PID=21570) to work on /Users/ajlakorman/Desktop/Data-Mining-Projects/Apache_Airflow/venv/lib/python3.10/site-packages/airflow/example_dags/example_nested_branch_dag.py
[2025-02-20T13:59:04.996+0100] {processor.py:914} INFO - Processing file /Users/ajlakorman/Desktop/Data-Mining-Projects/Apache_Airflow/venv/lib/python3.10/site-packages/airflow/example_dags/example_nested_branch_dag.py for tasks to queue
[2025-02-20T13:59:04.997+0100] {logging_mixin.py:190} INFO - [2025-02-20T13:59:04.997+0100] {dagbag.py:588} INFO - Filling up the DagBag from /Users/ajlakorman/Desktop/Data-Mining-Projects/Apache_Airflow/venv/lib/python3.10/site-packages/airflow/example_dags/example_nested_branch_dag.py
[2025-02-20T13:59:05.014+0100] {processor.py:925} INFO - DAG(s) 'example_nested_branch_dag' retrieved from /Users/ajlakorman/Desktop/Data-Mining-Projects/Apache_Airflow/venv/lib/python3.10/site-packages/airflow/example_dags/example_nested_branch_dag.py
[2025-02-20T13:59:05.113+0100] {logging_mixin.py:190} INFO - [2025-02-20T13:59:05.112+0100] {dag.py:3239} INFO - Sync 1 DAGs
[2025-02-20T13:59:05.132+0100] {logging_mixin.py:190} INFO - [2025-02-20T13:59:05.132+0100] {dag.py:4180} INFO - Setting next_dagrun for example_nested_branch_dag to 2025-02-19 00:00:00+00:00, run_after=2025-02-20 00:00:00+00:00
[2025-02-20T13:59:05.158+0100] {processor.py:208} INFO - Processing /Users/ajlakorman/Desktop/Data-Mining-Projects/Apache_Airflow/venv/lib/python3.10/site-packages/airflow/example_dags/example_nested_branch_dag.py took 0.164 seconds
[2025-02-20T14:02:03.334+0100] {processor.py:186} INFO - Started process (PID=22031) to work on /Users/ajlakorman/Desktop/Data-Mining-Projects/Apache_Airflow/venv/lib/python3.10/site-packages/airflow/example_dags/example_nested_branch_dag.py
[2025-02-20T14:02:03.335+0100] {processor.py:914} INFO - Processing file /Users/ajlakorman/Desktop/Data-Mining-Projects/Apache_Airflow/venv/lib/python3.10/site-packages/airflow/example_dags/example_nested_branch_dag.py for tasks to queue
[2025-02-20T14:02:03.335+0100] {logging_mixin.py:190} INFO - [2025-02-20T14:02:03.335+0100] {dagbag.py:588} INFO - Filling up the DagBag from /Users/ajlakorman/Desktop/Data-Mining-Projects/Apache_Airflow/venv/lib/python3.10/site-packages/airflow/example_dags/example_nested_branch_dag.py
[2025-02-20T14:02:03.352+0100] {processor.py:925} INFO - DAG(s) 'example_nested_branch_dag' retrieved from /Users/ajlakorman/Desktop/Data-Mining-Projects/Apache_Airflow/venv/lib/python3.10/site-packages/airflow/example_dags/example_nested_branch_dag.py
[2025-02-20T14:02:03.418+0100] {logging_mixin.py:190} INFO - [2025-02-20T14:02:03.418+0100] {dag.py:3239} INFO - Sync 1 DAGs
[2025-02-20T14:02:03.425+0100] {logging_mixin.py:190} INFO - [2025-02-20T14:02:03.425+0100] {dag.py:4180} INFO - Setting next_dagrun for example_nested_branch_dag to 2025-02-19 00:00:00+00:00, run_after=2025-02-20 00:00:00+00:00
[2025-02-20T14:02:03.432+0100] {processor.py:208} INFO - Processing /Users/ajlakorman/Desktop/Data-Mining-Projects/Apache_Airflow/venv/lib/python3.10/site-packages/airflow/example_dags/example_nested_branch_dag.py took 0.099 seconds
[2025-02-20T14:04:58.682+0100] {processor.py:186} INFO - Started process (PID=22370) to work on /Users/ajlakorman/Desktop/Data-Mining-Projects/Apache_Airflow/venv/lib/python3.10/site-packages/airflow/example_dags/example_nested_branch_dag.py
[2025-02-20T14:04:58.683+0100] {processor.py:914} INFO - Processing file /Users/ajlakorman/Desktop/Data-Mining-Projects/Apache_Airflow/venv/lib/python3.10/site-packages/airflow/example_dags/example_nested_branch_dag.py for tasks to queue
[2025-02-20T14:04:58.683+0100] {logging_mixin.py:190} INFO - [2025-02-20T14:04:58.683+0100] {dagbag.py:588} INFO - Filling up the DagBag from /Users/ajlakorman/Desktop/Data-Mining-Projects/Apache_Airflow/venv/lib/python3.10/site-packages/airflow/example_dags/example_nested_branch_dag.py
[2025-02-20T14:04:58.699+0100] {processor.py:925} INFO - DAG(s) 'example_nested_branch_dag' retrieved from /Users/ajlakorman/Desktop/Data-Mining-Projects/Apache_Airflow/venv/lib/python3.10/site-packages/airflow/example_dags/example_nested_branch_dag.py
[2025-02-20T14:04:58.764+0100] {logging_mixin.py:190} INFO - [2025-02-20T14:04:58.763+0100] {dag.py:3239} INFO - Sync 1 DAGs
[2025-02-20T14:04:58.771+0100] {logging_mixin.py:190} INFO - [2025-02-20T14:04:58.771+0100] {dag.py:4180} INFO - Setting next_dagrun for example_nested_branch_dag to 2025-02-19 00:00:00+00:00, run_after=2025-02-20 00:00:00+00:00
[2025-02-20T14:04:58.778+0100] {processor.py:208} INFO - Processing /Users/ajlakorman/Desktop/Data-Mining-Projects/Apache_Airflow/venv/lib/python3.10/site-packages/airflow/example_dags/example_nested_branch_dag.py took 0.098 seconds
[2025-02-20T14:07:58.095+0100] {processor.py:186} INFO - Started process (PID=22740) to work on /Users/ajlakorman/Desktop/Data-Mining-Projects/Apache_Airflow/venv/lib/python3.10/site-packages/airflow/example_dags/example_nested_branch_dag.py
[2025-02-20T14:07:58.097+0100] {processor.py:914} INFO - Processing file /Users/ajlakorman/Desktop/Data-Mining-Projects/Apache_Airflow/venv/lib/python3.10/site-packages/airflow/example_dags/example_nested_branch_dag.py for tasks to queue
[2025-02-20T14:07:58.097+0100] {logging_mixin.py:190} INFO - [2025-02-20T14:07:58.097+0100] {dagbag.py:588} INFO - Filling up the DagBag from /Users/ajlakorman/Desktop/Data-Mining-Projects/Apache_Airflow/venv/lib/python3.10/site-packages/airflow/example_dags/example_nested_branch_dag.py
[2025-02-20T14:07:58.115+0100] {processor.py:925} INFO - DAG(s) 'example_nested_branch_dag' retrieved from /Users/ajlakorman/Desktop/Data-Mining-Projects/Apache_Airflow/venv/lib/python3.10/site-packages/airflow/example_dags/example_nested_branch_dag.py
[2025-02-20T14:07:58.181+0100] {logging_mixin.py:190} INFO - [2025-02-20T14:07:58.181+0100] {dag.py:3239} INFO - Sync 1 DAGs
[2025-02-20T14:07:58.189+0100] {logging_mixin.py:190} INFO - [2025-02-20T14:07:58.189+0100] {dag.py:4180} INFO - Setting next_dagrun for example_nested_branch_dag to 2025-02-19 00:00:00+00:00, run_after=2025-02-20 00:00:00+00:00
[2025-02-20T14:07:58.196+0100] {processor.py:208} INFO - Processing /Users/ajlakorman/Desktop/Data-Mining-Projects/Apache_Airflow/venv/lib/python3.10/site-packages/airflow/example_dags/example_nested_branch_dag.py took 0.102 seconds
[2025-02-20T14:10:54.157+0100] {processor.py:186} INFO - Started process (PID=23078) to work on /Users/ajlakorman/Desktop/Data-Mining-Projects/Apache_Airflow/venv/lib/python3.10/site-packages/airflow/example_dags/example_nested_branch_dag.py
[2025-02-20T14:10:54.157+0100] {processor.py:914} INFO - Processing file /Users/ajlakorman/Desktop/Data-Mining-Projects/Apache_Airflow/venv/lib/python3.10/site-packages/airflow/example_dags/example_nested_branch_dag.py for tasks to queue
[2025-02-20T14:10:54.158+0100] {logging_mixin.py:190} INFO - [2025-02-20T14:10:54.158+0100] {dagbag.py:588} INFO - Filling up the DagBag from /Users/ajlakorman/Desktop/Data-Mining-Projects/Apache_Airflow/venv/lib/python3.10/site-packages/airflow/example_dags/example_nested_branch_dag.py
[2025-02-20T14:10:54.174+0100] {processor.py:925} INFO - DAG(s) 'example_nested_branch_dag' retrieved from /Users/ajlakorman/Desktop/Data-Mining-Projects/Apache_Airflow/venv/lib/python3.10/site-packages/airflow/example_dags/example_nested_branch_dag.py
[2025-02-20T14:10:54.237+0100] {logging_mixin.py:190} INFO - [2025-02-20T14:10:54.237+0100] {dag.py:3239} INFO - Sync 1 DAGs
[2025-02-20T14:10:54.245+0100] {logging_mixin.py:190} INFO - [2025-02-20T14:10:54.245+0100] {dag.py:4180} INFO - Setting next_dagrun for example_nested_branch_dag to 2025-02-19 00:00:00+00:00, run_after=2025-02-20 00:00:00+00:00
[2025-02-20T14:10:54.252+0100] {processor.py:208} INFO - Processing /Users/ajlakorman/Desktop/Data-Mining-Projects/Apache_Airflow/venv/lib/python3.10/site-packages/airflow/example_dags/example_nested_branch_dag.py took 0.097 seconds
[2025-02-20T14:13:59.893+0100] {processor.py:186} INFO - Started process (PID=23516) to work on /Users/ajlakorman/Desktop/Data-Mining-Projects/Apache_Airflow/venv/lib/python3.10/site-packages/airflow/example_dags/example_nested_branch_dag.py
[2025-02-20T14:13:59.893+0100] {processor.py:914} INFO - Processing file /Users/ajlakorman/Desktop/Data-Mining-Projects/Apache_Airflow/venv/lib/python3.10/site-packages/airflow/example_dags/example_nested_branch_dag.py for tasks to queue
[2025-02-20T14:13:59.894+0100] {logging_mixin.py:190} INFO - [2025-02-20T14:13:59.894+0100] {dagbag.py:588} INFO - Filling up the DagBag from /Users/ajlakorman/Desktop/Data-Mining-Projects/Apache_Airflow/venv/lib/python3.10/site-packages/airflow/example_dags/example_nested_branch_dag.py
[2025-02-20T14:13:59.910+0100] {processor.py:925} INFO - DAG(s) 'example_nested_branch_dag' retrieved from /Users/ajlakorman/Desktop/Data-Mining-Projects/Apache_Airflow/venv/lib/python3.10/site-packages/airflow/example_dags/example_nested_branch_dag.py
[2025-02-20T14:13:59.988+0100] {logging_mixin.py:190} INFO - [2025-02-20T14:13:59.988+0100] {dag.py:3239} INFO - Sync 1 DAGs
[2025-02-20T14:13:59.995+0100] {logging_mixin.py:190} INFO - [2025-02-20T14:13:59.995+0100] {dag.py:4180} INFO - Setting next_dagrun for example_nested_branch_dag to 2025-02-19 00:00:00+00:00, run_after=2025-02-20 00:00:00+00:00
[2025-02-20T14:14:00.002+0100] {processor.py:208} INFO - Processing /Users/ajlakorman/Desktop/Data-Mining-Projects/Apache_Airflow/venv/lib/python3.10/site-packages/airflow/example_dags/example_nested_branch_dag.py took 0.110 seconds
[2025-02-20T14:16:50.335+0100] {processor.py:186} INFO - Started process (PID=23760) to work on /Users/ajlakorman/Desktop/Data-Mining-Projects/Apache_Airflow/venv/lib/python3.10/site-packages/airflow/example_dags/example_nested_branch_dag.py
[2025-02-20T14:16:50.337+0100] {processor.py:914} INFO - Processing file /Users/ajlakorman/Desktop/Data-Mining-Projects/Apache_Airflow/venv/lib/python3.10/site-packages/airflow/example_dags/example_nested_branch_dag.py for tasks to queue
[2025-02-20T14:16:50.337+0100] {logging_mixin.py:190} INFO - [2025-02-20T14:16:50.337+0100] {dagbag.py:588} INFO - Filling up the DagBag from /Users/ajlakorman/Desktop/Data-Mining-Projects/Apache_Airflow/venv/lib/python3.10/site-packages/airflow/example_dags/example_nested_branch_dag.py
[2025-02-20T14:16:50.355+0100] {processor.py:925} INFO - DAG(s) 'example_nested_branch_dag' retrieved from /Users/ajlakorman/Desktop/Data-Mining-Projects/Apache_Airflow/venv/lib/python3.10/site-packages/airflow/example_dags/example_nested_branch_dag.py
[2025-02-20T14:16:50.418+0100] {logging_mixin.py:190} INFO - [2025-02-20T14:16:50.417+0100] {dag.py:3239} INFO - Sync 1 DAGs
[2025-02-20T14:16:50.425+0100] {logging_mixin.py:190} INFO - [2025-02-20T14:16:50.425+0100] {dag.py:4180} INFO - Setting next_dagrun for example_nested_branch_dag to 2025-02-19 00:00:00+00:00, run_after=2025-02-20 00:00:00+00:00
[2025-02-20T14:16:50.432+0100] {processor.py:208} INFO - Processing /Users/ajlakorman/Desktop/Data-Mining-Projects/Apache_Airflow/venv/lib/python3.10/site-packages/airflow/example_dags/example_nested_branch_dag.py took 0.098 seconds
