[2025-02-20T10:52:30.694+0100] {processor.py:186} INFO - Started process (PID=6238) to work on /Users/ajlakorman/Desktop/Data-Mining-Projects/Apache_Airflow/venv/lib/python3.10/site-packages/airflow/example_dags/example_setup_teardown_taskflow.py
[2025-02-20T10:52:30.695+0100] {processor.py:914} INFO - Processing file /Users/ajlakorman/Desktop/Data-Mining-Projects/Apache_Airflow/venv/lib/python3.10/site-packages/airflow/example_dags/example_setup_teardown_taskflow.py for tasks to queue
[2025-02-20T10:52:30.695+0100] {logging_mixin.py:190} INFO - [2025-02-20T10:52:30.695+0100] {dagbag.py:588} INFO - Filling up the DagBag from /Users/ajlakorman/Desktop/Data-Mining-Projects/Apache_Airflow/venv/lib/python3.10/site-packages/airflow/example_dags/example_setup_teardown_taskflow.py
[2025-02-20T10:52:30.714+0100] {processor.py:925} INFO - DAG(s) 'example_setup_teardown_taskflow' retrieved from /Users/ajlakorman/Desktop/Data-Mining-Projects/Apache_Airflow/venv/lib/python3.10/site-packages/airflow/example_dags/example_setup_teardown_taskflow.py
[2025-02-20T10:52:30.816+0100] {logging_mixin.py:190} INFO - [2025-02-20T10:52:30.816+0100] {override.py:1912} INFO - Created Permission View: can read on DAG:example_setup_teardown_taskflow
[2025-02-20T10:52:30.820+0100] {logging_mixin.py:190} INFO - [2025-02-20T10:52:30.820+0100] {override.py:1912} INFO - Created Permission View: can edit on DAG:example_setup_teardown_taskflow
[2025-02-20T10:52:30.823+0100] {logging_mixin.py:190} INFO - [2025-02-20T10:52:30.822+0100] {override.py:1912} INFO - Created Permission View: can delete on DAG:example_setup_teardown_taskflow
[2025-02-20T10:52:30.826+0100] {logging_mixin.py:190} INFO - [2025-02-20T10:52:30.826+0100] {override.py:1912} INFO - Created Permission View: can create on DAG Run:example_setup_teardown_taskflow
[2025-02-20T10:52:30.828+0100] {logging_mixin.py:190} INFO - [2025-02-20T10:52:30.828+0100] {override.py:1912} INFO - Created Permission View: can read on DAG Run:example_setup_teardown_taskflow
[2025-02-20T10:52:30.830+0100] {logging_mixin.py:190} INFO - [2025-02-20T10:52:30.830+0100] {override.py:1912} INFO - Created Permission View: can delete on DAG Run:example_setup_teardown_taskflow
[2025-02-20T10:52:30.833+0100] {logging_mixin.py:190} INFO - [2025-02-20T10:52:30.833+0100] {override.py:1912} INFO - Created Permission View: menu access on DAG Run:example_setup_teardown_taskflow
[2025-02-20T10:52:30.833+0100] {logging_mixin.py:190} INFO - [2025-02-20T10:52:30.833+0100] {dag.py:3239} INFO - Sync 1 DAGs
[2025-02-20T10:52:30.838+0100] {logging_mixin.py:190} INFO - [2025-02-20T10:52:30.838+0100] {dag.py:3262} INFO - Creating ORM DAG for example_setup_teardown_taskflow
[2025-02-20T10:52:30.839+0100] {logging_mixin.py:190} INFO - [2025-02-20T10:52:30.838+0100] {dag.py:4180} INFO - Setting next_dagrun for example_setup_teardown_taskflow to None, run_after=None
[2025-02-20T10:52:30.845+0100] {processor.py:208} INFO - Processing /Users/ajlakorman/Desktop/Data-Mining-Projects/Apache_Airflow/venv/lib/python3.10/site-packages/airflow/example_dags/example_setup_teardown_taskflow.py took 0.152 seconds
[2025-02-20T10:54:21.236+0100] {processor.py:186} INFO - Started process (PID=6529) to work on /Users/ajlakorman/Desktop/Data-Mining-Projects/Apache_Airflow/venv/lib/python3.10/site-packages/airflow/example_dags/example_setup_teardown_taskflow.py
[2025-02-20T10:54:21.237+0100] {processor.py:914} INFO - Processing file /Users/ajlakorman/Desktop/Data-Mining-Projects/Apache_Airflow/venv/lib/python3.10/site-packages/airflow/example_dags/example_setup_teardown_taskflow.py for tasks to queue
[2025-02-20T10:54:21.238+0100] {logging_mixin.py:190} INFO - [2025-02-20T10:54:21.238+0100] {dagbag.py:588} INFO - Filling up the DagBag from /Users/ajlakorman/Desktop/Data-Mining-Projects/Apache_Airflow/venv/lib/python3.10/site-packages/airflow/example_dags/example_setup_teardown_taskflow.py
[2025-02-20T10:54:21.260+0100] {processor.py:925} INFO - DAG(s) 'example_setup_teardown_taskflow' retrieved from /Users/ajlakorman/Desktop/Data-Mining-Projects/Apache_Airflow/venv/lib/python3.10/site-packages/airflow/example_dags/example_setup_teardown_taskflow.py
[2025-02-20T10:54:21.331+0100] {logging_mixin.py:190} INFO - [2025-02-20T10:54:21.331+0100] {dag.py:3239} INFO - Sync 1 DAGs
[2025-02-20T10:54:21.337+0100] {logging_mixin.py:190} INFO - [2025-02-20T10:54:21.337+0100] {dag.py:4180} INFO - Setting next_dagrun for example_setup_teardown_taskflow to None, run_after=None
[2025-02-20T10:54:21.344+0100] {processor.py:208} INFO - Processing /Users/ajlakorman/Desktop/Data-Mining-Projects/Apache_Airflow/venv/lib/python3.10/site-packages/airflow/example_dags/example_setup_teardown_taskflow.py took 0.109 seconds
[2025-02-20T10:55:35.152+0100] {processor.py:186} INFO - Started process (PID=6682) to work on /Users/ajlakorman/Desktop/Data-Mining-Projects/Apache_Airflow/venv/lib/python3.10/site-packages/airflow/example_dags/example_setup_teardown_taskflow.py
[2025-02-20T10:55:35.153+0100] {processor.py:914} INFO - Processing file /Users/ajlakorman/Desktop/Data-Mining-Projects/Apache_Airflow/venv/lib/python3.10/site-packages/airflow/example_dags/example_setup_teardown_taskflow.py for tasks to queue
[2025-02-20T10:55:35.153+0100] {logging_mixin.py:190} INFO - [2025-02-20T10:55:35.153+0100] {dagbag.py:588} INFO - Filling up the DagBag from /Users/ajlakorman/Desktop/Data-Mining-Projects/Apache_Airflow/venv/lib/python3.10/site-packages/airflow/example_dags/example_setup_teardown_taskflow.py
[2025-02-20T10:55:35.170+0100] {processor.py:925} INFO - DAG(s) 'example_setup_teardown_taskflow' retrieved from /Users/ajlakorman/Desktop/Data-Mining-Projects/Apache_Airflow/venv/lib/python3.10/site-packages/airflow/example_dags/example_setup_teardown_taskflow.py
[2025-02-20T10:55:35.261+0100] {logging_mixin.py:190} INFO - [2025-02-20T10:55:35.261+0100] {dag.py:3239} INFO - Sync 1 DAGs
[2025-02-20T10:55:35.267+0100] {logging_mixin.py:190} INFO - [2025-02-20T10:55:35.267+0100] {dag.py:4180} INFO - Setting next_dagrun for example_setup_teardown_taskflow to None, run_after=None
[2025-02-20T10:55:35.274+0100] {processor.py:208} INFO - Processing /Users/ajlakorman/Desktop/Data-Mining-Projects/Apache_Airflow/venv/lib/python3.10/site-packages/airflow/example_dags/example_setup_teardown_taskflow.py took 0.123 seconds
[2025-02-20T10:58:16.248+0100] {processor.py:186} INFO - Started process (PID=6966) to work on /Users/ajlakorman/Desktop/Data-Mining-Projects/Apache_Airflow/venv/lib/python3.10/site-packages/airflow/example_dags/example_setup_teardown_taskflow.py
[2025-02-20T10:58:16.249+0100] {processor.py:914} INFO - Processing file /Users/ajlakorman/Desktop/Data-Mining-Projects/Apache_Airflow/venv/lib/python3.10/site-packages/airflow/example_dags/example_setup_teardown_taskflow.py for tasks to queue
[2025-02-20T10:58:16.250+0100] {logging_mixin.py:190} INFO - [2025-02-20T10:58:16.250+0100] {dagbag.py:588} INFO - Filling up the DagBag from /Users/ajlakorman/Desktop/Data-Mining-Projects/Apache_Airflow/venv/lib/python3.10/site-packages/airflow/example_dags/example_setup_teardown_taskflow.py
[2025-02-20T10:58:16.277+0100] {processor.py:925} INFO - DAG(s) 'example_setup_teardown_taskflow' retrieved from /Users/ajlakorman/Desktop/Data-Mining-Projects/Apache_Airflow/venv/lib/python3.10/site-packages/airflow/example_dags/example_setup_teardown_taskflow.py
[2025-02-20T10:58:16.382+0100] {logging_mixin.py:190} INFO - [2025-02-20T10:58:16.382+0100] {dag.py:3239} INFO - Sync 1 DAGs
[2025-02-20T10:58:16.387+0100] {logging_mixin.py:190} INFO - [2025-02-20T10:58:16.387+0100] {dag.py:4180} INFO - Setting next_dagrun for example_setup_teardown_taskflow to None, run_after=None
[2025-02-20T10:58:16.394+0100] {processor.py:208} INFO - Processing /Users/ajlakorman/Desktop/Data-Mining-Projects/Apache_Airflow/venv/lib/python3.10/site-packages/airflow/example_dags/example_setup_teardown_taskflow.py took 0.150 seconds
[2025-02-20T10:59:43.576+0100] {processor.py:186} INFO - Started process (PID=7115) to work on /Users/ajlakorman/Desktop/Data-Mining-Projects/Apache_Airflow/venv/lib/python3.10/site-packages/airflow/example_dags/example_setup_teardown_taskflow.py
[2025-02-20T10:59:43.577+0100] {processor.py:914} INFO - Processing file /Users/ajlakorman/Desktop/Data-Mining-Projects/Apache_Airflow/venv/lib/python3.10/site-packages/airflow/example_dags/example_setup_teardown_taskflow.py for tasks to queue
[2025-02-20T10:59:43.579+0100] {logging_mixin.py:190} INFO - [2025-02-20T10:59:43.578+0100] {dagbag.py:588} INFO - Filling up the DagBag from /Users/ajlakorman/Desktop/Data-Mining-Projects/Apache_Airflow/venv/lib/python3.10/site-packages/airflow/example_dags/example_setup_teardown_taskflow.py
[2025-02-20T10:59:43.647+0100] {processor.py:925} INFO - DAG(s) 'example_setup_teardown_taskflow' retrieved from /Users/ajlakorman/Desktop/Data-Mining-Projects/Apache_Airflow/venv/lib/python3.10/site-packages/airflow/example_dags/example_setup_teardown_taskflow.py
[2025-02-20T10:59:43.754+0100] {logging_mixin.py:190} INFO - [2025-02-20T10:59:43.754+0100] {dag.py:3239} INFO - Sync 1 DAGs
[2025-02-20T10:59:43.761+0100] {logging_mixin.py:190} INFO - [2025-02-20T10:59:43.761+0100] {dag.py:4180} INFO - Setting next_dagrun for example_setup_teardown_taskflow to None, run_after=None
[2025-02-20T10:59:43.771+0100] {processor.py:208} INFO - Processing /Users/ajlakorman/Desktop/Data-Mining-Projects/Apache_Airflow/venv/lib/python3.10/site-packages/airflow/example_dags/example_setup_teardown_taskflow.py took 0.201 seconds
[2025-02-20T11:00:58.270+0100] {processor.py:186} INFO - Started process (PID=7306) to work on /Users/ajlakorman/Desktop/Data-Mining-Projects/Apache_Airflow/venv/lib/python3.10/site-packages/airflow/example_dags/example_setup_teardown_taskflow.py
[2025-02-20T11:00:58.271+0100] {processor.py:914} INFO - Processing file /Users/ajlakorman/Desktop/Data-Mining-Projects/Apache_Airflow/venv/lib/python3.10/site-packages/airflow/example_dags/example_setup_teardown_taskflow.py for tasks to queue
[2025-02-20T11:00:58.271+0100] {logging_mixin.py:190} INFO - [2025-02-20T11:00:58.271+0100] {dagbag.py:588} INFO - Filling up the DagBag from /Users/ajlakorman/Desktop/Data-Mining-Projects/Apache_Airflow/venv/lib/python3.10/site-packages/airflow/example_dags/example_setup_teardown_taskflow.py
[2025-02-20T11:00:58.296+0100] {processor.py:925} INFO - DAG(s) 'example_setup_teardown_taskflow' retrieved from /Users/ajlakorman/Desktop/Data-Mining-Projects/Apache_Airflow/venv/lib/python3.10/site-packages/airflow/example_dags/example_setup_teardown_taskflow.py
[2025-02-20T11:00:58.394+0100] {logging_mixin.py:190} INFO - [2025-02-20T11:00:58.394+0100] {dag.py:3239} INFO - Sync 1 DAGs
[2025-02-20T11:00:58.399+0100] {logging_mixin.py:190} INFO - [2025-02-20T11:00:58.399+0100] {dag.py:4180} INFO - Setting next_dagrun for example_setup_teardown_taskflow to None, run_after=None
[2025-02-20T11:00:58.406+0100] {processor.py:208} INFO - Processing /Users/ajlakorman/Desktop/Data-Mining-Projects/Apache_Airflow/venv/lib/python3.10/site-packages/airflow/example_dags/example_setup_teardown_taskflow.py took 0.140 seconds
[2025-02-20T11:03:21.571+0100] {processor.py:186} INFO - Started process (PID=7574) to work on /Users/ajlakorman/Desktop/Data-Mining-Projects/Apache_Airflow/venv/lib/python3.10/site-packages/airflow/example_dags/example_setup_teardown_taskflow.py
[2025-02-20T11:03:21.572+0100] {processor.py:914} INFO - Processing file /Users/ajlakorman/Desktop/Data-Mining-Projects/Apache_Airflow/venv/lib/python3.10/site-packages/airflow/example_dags/example_setup_teardown_taskflow.py for tasks to queue
[2025-02-20T11:03:21.573+0100] {logging_mixin.py:190} INFO - [2025-02-20T11:03:21.572+0100] {dagbag.py:588} INFO - Filling up the DagBag from /Users/ajlakorman/Desktop/Data-Mining-Projects/Apache_Airflow/venv/lib/python3.10/site-packages/airflow/example_dags/example_setup_teardown_taskflow.py
[2025-02-20T11:03:21.589+0100] {processor.py:925} INFO - DAG(s) 'example_setup_teardown_taskflow' retrieved from /Users/ajlakorman/Desktop/Data-Mining-Projects/Apache_Airflow/venv/lib/python3.10/site-packages/airflow/example_dags/example_setup_teardown_taskflow.py
[2025-02-20T11:03:21.654+0100] {logging_mixin.py:190} INFO - [2025-02-20T11:03:21.654+0100] {dag.py:3239} INFO - Sync 1 DAGs
[2025-02-20T11:03:21.659+0100] {logging_mixin.py:190} INFO - [2025-02-20T11:03:21.659+0100] {dag.py:4180} INFO - Setting next_dagrun for example_setup_teardown_taskflow to None, run_after=None
[2025-02-20T11:03:21.665+0100] {processor.py:208} INFO - Processing /Users/ajlakorman/Desktop/Data-Mining-Projects/Apache_Airflow/venv/lib/python3.10/site-packages/airflow/example_dags/example_setup_teardown_taskflow.py took 0.096 seconds
[2025-02-20T11:05:40.115+0100] {processor.py:186} INFO - Started process (PID=7860) to work on /Users/ajlakorman/Desktop/Data-Mining-Projects/Apache_Airflow/venv/lib/python3.10/site-packages/airflow/example_dags/example_setup_teardown_taskflow.py
[2025-02-20T11:05:40.116+0100] {processor.py:914} INFO - Processing file /Users/ajlakorman/Desktop/Data-Mining-Projects/Apache_Airflow/venv/lib/python3.10/site-packages/airflow/example_dags/example_setup_teardown_taskflow.py for tasks to queue
[2025-02-20T11:05:40.116+0100] {logging_mixin.py:190} INFO - [2025-02-20T11:05:40.116+0100] {dagbag.py:588} INFO - Filling up the DagBag from /Users/ajlakorman/Desktop/Data-Mining-Projects/Apache_Airflow/venv/lib/python3.10/site-packages/airflow/example_dags/example_setup_teardown_taskflow.py
[2025-02-20T11:05:40.132+0100] {processor.py:925} INFO - DAG(s) 'example_setup_teardown_taskflow' retrieved from /Users/ajlakorman/Desktop/Data-Mining-Projects/Apache_Airflow/venv/lib/python3.10/site-packages/airflow/example_dags/example_setup_teardown_taskflow.py
[2025-02-20T11:05:40.199+0100] {logging_mixin.py:190} INFO - [2025-02-20T11:05:40.199+0100] {dag.py:3239} INFO - Sync 1 DAGs
[2025-02-20T11:05:40.205+0100] {logging_mixin.py:190} INFO - [2025-02-20T11:05:40.205+0100] {dag.py:4180} INFO - Setting next_dagrun for example_setup_teardown_taskflow to None, run_after=None
[2025-02-20T11:05:40.216+0100] {processor.py:208} INFO - Processing /Users/ajlakorman/Desktop/Data-Mining-Projects/Apache_Airflow/venv/lib/python3.10/site-packages/airflow/example_dags/example_setup_teardown_taskflow.py took 0.103 seconds
[2025-02-20T11:07:58.679+0100] {processor.py:186} INFO - Started process (PID=8165) to work on /Users/ajlakorman/Desktop/Data-Mining-Projects/Apache_Airflow/venv/lib/python3.10/site-packages/airflow/example_dags/example_setup_teardown_taskflow.py
[2025-02-20T11:07:58.680+0100] {processor.py:914} INFO - Processing file /Users/ajlakorman/Desktop/Data-Mining-Projects/Apache_Airflow/venv/lib/python3.10/site-packages/airflow/example_dags/example_setup_teardown_taskflow.py for tasks to queue
[2025-02-20T11:07:58.680+0100] {logging_mixin.py:190} INFO - [2025-02-20T11:07:58.680+0100] {dagbag.py:588} INFO - Filling up the DagBag from /Users/ajlakorman/Desktop/Data-Mining-Projects/Apache_Airflow/venv/lib/python3.10/site-packages/airflow/example_dags/example_setup_teardown_taskflow.py
[2025-02-20T11:07:58.697+0100] {processor.py:925} INFO - DAG(s) 'example_setup_teardown_taskflow' retrieved from /Users/ajlakorman/Desktop/Data-Mining-Projects/Apache_Airflow/venv/lib/python3.10/site-packages/airflow/example_dags/example_setup_teardown_taskflow.py
[2025-02-20T11:07:58.761+0100] {logging_mixin.py:190} INFO - [2025-02-20T11:07:58.761+0100] {dag.py:3239} INFO - Sync 1 DAGs
[2025-02-20T11:07:58.766+0100] {logging_mixin.py:190} INFO - [2025-02-20T11:07:58.766+0100] {dag.py:4180} INFO - Setting next_dagrun for example_setup_teardown_taskflow to None, run_after=None
[2025-02-20T11:07:58.773+0100] {processor.py:208} INFO - Processing /Users/ajlakorman/Desktop/Data-Mining-Projects/Apache_Airflow/venv/lib/python3.10/site-packages/airflow/example_dags/example_setup_teardown_taskflow.py took 0.095 seconds
[2025-02-20T11:10:18.661+0100] {processor.py:186} INFO - Started process (PID=8410) to work on /Users/ajlakorman/Desktop/Data-Mining-Projects/Apache_Airflow/venv/lib/python3.10/site-packages/airflow/example_dags/example_setup_teardown_taskflow.py
[2025-02-20T11:10:18.662+0100] {processor.py:914} INFO - Processing file /Users/ajlakorman/Desktop/Data-Mining-Projects/Apache_Airflow/venv/lib/python3.10/site-packages/airflow/example_dags/example_setup_teardown_taskflow.py for tasks to queue
[2025-02-20T11:10:18.663+0100] {logging_mixin.py:190} INFO - [2025-02-20T11:10:18.663+0100] {dagbag.py:588} INFO - Filling up the DagBag from /Users/ajlakorman/Desktop/Data-Mining-Projects/Apache_Airflow/venv/lib/python3.10/site-packages/airflow/example_dags/example_setup_teardown_taskflow.py
[2025-02-20T11:10:18.678+0100] {processor.py:925} INFO - DAG(s) 'example_setup_teardown_taskflow' retrieved from /Users/ajlakorman/Desktop/Data-Mining-Projects/Apache_Airflow/venv/lib/python3.10/site-packages/airflow/example_dags/example_setup_teardown_taskflow.py
[2025-02-20T11:10:18.742+0100] {logging_mixin.py:190} INFO - [2025-02-20T11:10:18.742+0100] {dag.py:3239} INFO - Sync 1 DAGs
[2025-02-20T11:10:18.747+0100] {logging_mixin.py:190} INFO - [2025-02-20T11:10:18.747+0100] {dag.py:4180} INFO - Setting next_dagrun for example_setup_teardown_taskflow to None, run_after=None
[2025-02-20T11:10:18.754+0100] {processor.py:208} INFO - Processing /Users/ajlakorman/Desktop/Data-Mining-Projects/Apache_Airflow/venv/lib/python3.10/site-packages/airflow/example_dags/example_setup_teardown_taskflow.py took 0.094 seconds
[2025-02-20T11:12:34.706+0100] {processor.py:186} INFO - Started process (PID=8639) to work on /Users/ajlakorman/Desktop/Data-Mining-Projects/Apache_Airflow/venv/lib/python3.10/site-packages/airflow/example_dags/example_setup_teardown_taskflow.py
[2025-02-20T11:12:34.707+0100] {processor.py:914} INFO - Processing file /Users/ajlakorman/Desktop/Data-Mining-Projects/Apache_Airflow/venv/lib/python3.10/site-packages/airflow/example_dags/example_setup_teardown_taskflow.py for tasks to queue
[2025-02-20T11:12:34.707+0100] {logging_mixin.py:190} INFO - [2025-02-20T11:12:34.707+0100] {dagbag.py:588} INFO - Filling up the DagBag from /Users/ajlakorman/Desktop/Data-Mining-Projects/Apache_Airflow/venv/lib/python3.10/site-packages/airflow/example_dags/example_setup_teardown_taskflow.py
[2025-02-20T11:12:34.724+0100] {processor.py:925} INFO - DAG(s) 'example_setup_teardown_taskflow' retrieved from /Users/ajlakorman/Desktop/Data-Mining-Projects/Apache_Airflow/venv/lib/python3.10/site-packages/airflow/example_dags/example_setup_teardown_taskflow.py
[2025-02-20T11:12:34.797+0100] {logging_mixin.py:190} INFO - [2025-02-20T11:12:34.797+0100] {dag.py:3239} INFO - Sync 1 DAGs
[2025-02-20T11:12:34.803+0100] {logging_mixin.py:190} INFO - [2025-02-20T11:12:34.803+0100] {dag.py:4180} INFO - Setting next_dagrun for example_setup_teardown_taskflow to None, run_after=None
[2025-02-20T11:12:34.811+0100] {processor.py:208} INFO - Processing /Users/ajlakorman/Desktop/Data-Mining-Projects/Apache_Airflow/venv/lib/python3.10/site-packages/airflow/example_dags/example_setup_teardown_taskflow.py took 0.107 seconds
[2025-02-20T11:15:00.955+0100] {processor.py:186} INFO - Started process (PID=8905) to work on /Users/ajlakorman/Desktop/Data-Mining-Projects/Apache_Airflow/venv/lib/python3.10/site-packages/airflow/example_dags/example_setup_teardown_taskflow.py
[2025-02-20T11:15:00.956+0100] {processor.py:914} INFO - Processing file /Users/ajlakorman/Desktop/Data-Mining-Projects/Apache_Airflow/venv/lib/python3.10/site-packages/airflow/example_dags/example_setup_teardown_taskflow.py for tasks to queue
[2025-02-20T11:15:00.956+0100] {logging_mixin.py:190} INFO - [2025-02-20T11:15:00.956+0100] {dagbag.py:588} INFO - Filling up the DagBag from /Users/ajlakorman/Desktop/Data-Mining-Projects/Apache_Airflow/venv/lib/python3.10/site-packages/airflow/example_dags/example_setup_teardown_taskflow.py
[2025-02-20T11:15:00.972+0100] {processor.py:925} INFO - DAG(s) 'example_setup_teardown_taskflow' retrieved from /Users/ajlakorman/Desktop/Data-Mining-Projects/Apache_Airflow/venv/lib/python3.10/site-packages/airflow/example_dags/example_setup_teardown_taskflow.py
[2025-02-20T11:15:01.035+0100] {logging_mixin.py:190} INFO - [2025-02-20T11:15:01.034+0100] {dag.py:3239} INFO - Sync 1 DAGs
[2025-02-20T11:15:01.039+0100] {logging_mixin.py:190} INFO - [2025-02-20T11:15:01.039+0100] {dag.py:4180} INFO - Setting next_dagrun for example_setup_teardown_taskflow to None, run_after=None
[2025-02-20T11:15:01.045+0100] {processor.py:208} INFO - Processing /Users/ajlakorman/Desktop/Data-Mining-Projects/Apache_Airflow/venv/lib/python3.10/site-packages/airflow/example_dags/example_setup_teardown_taskflow.py took 0.092 seconds
[2025-02-20T11:17:22.647+0100] {processor.py:186} INFO - Started process (PID=9209) to work on /Users/ajlakorman/Desktop/Data-Mining-Projects/Apache_Airflow/venv/lib/python3.10/site-packages/airflow/example_dags/example_setup_teardown_taskflow.py
[2025-02-20T11:17:22.648+0100] {processor.py:914} INFO - Processing file /Users/ajlakorman/Desktop/Data-Mining-Projects/Apache_Airflow/venv/lib/python3.10/site-packages/airflow/example_dags/example_setup_teardown_taskflow.py for tasks to queue
[2025-02-20T11:17:22.648+0100] {logging_mixin.py:190} INFO - [2025-02-20T11:17:22.648+0100] {dagbag.py:588} INFO - Filling up the DagBag from /Users/ajlakorman/Desktop/Data-Mining-Projects/Apache_Airflow/venv/lib/python3.10/site-packages/airflow/example_dags/example_setup_teardown_taskflow.py
[2025-02-20T11:17:22.669+0100] {processor.py:925} INFO - DAG(s) 'example_setup_teardown_taskflow' retrieved from /Users/ajlakorman/Desktop/Data-Mining-Projects/Apache_Airflow/venv/lib/python3.10/site-packages/airflow/example_dags/example_setup_teardown_taskflow.py
[2025-02-20T11:17:22.737+0100] {logging_mixin.py:190} INFO - [2025-02-20T11:17:22.737+0100] {dag.py:3239} INFO - Sync 1 DAGs
[2025-02-20T11:17:22.741+0100] {logging_mixin.py:190} INFO - [2025-02-20T11:17:22.741+0100] {dag.py:4180} INFO - Setting next_dagrun for example_setup_teardown_taskflow to None, run_after=None
[2025-02-20T11:17:22.748+0100] {processor.py:208} INFO - Processing /Users/ajlakorman/Desktop/Data-Mining-Projects/Apache_Airflow/venv/lib/python3.10/site-packages/airflow/example_dags/example_setup_teardown_taskflow.py took 0.102 seconds
[2025-02-20T11:19:53.373+0100] {processor.py:186} INFO - Started process (PID=9594) to work on /Users/ajlakorman/Desktop/Data-Mining-Projects/Apache_Airflow/venv/lib/python3.10/site-packages/airflow/example_dags/example_setup_teardown_taskflow.py
[2025-02-20T11:19:53.374+0100] {processor.py:914} INFO - Processing file /Users/ajlakorman/Desktop/Data-Mining-Projects/Apache_Airflow/venv/lib/python3.10/site-packages/airflow/example_dags/example_setup_teardown_taskflow.py for tasks to queue
[2025-02-20T11:19:53.374+0100] {logging_mixin.py:190} INFO - [2025-02-20T11:19:53.374+0100] {dagbag.py:588} INFO - Filling up the DagBag from /Users/ajlakorman/Desktop/Data-Mining-Projects/Apache_Airflow/venv/lib/python3.10/site-packages/airflow/example_dags/example_setup_teardown_taskflow.py
[2025-02-20T11:19:53.391+0100] {processor.py:925} INFO - DAG(s) 'example_setup_teardown_taskflow' retrieved from /Users/ajlakorman/Desktop/Data-Mining-Projects/Apache_Airflow/venv/lib/python3.10/site-packages/airflow/example_dags/example_setup_teardown_taskflow.py
[2025-02-20T11:19:53.457+0100] {logging_mixin.py:190} INFO - [2025-02-20T11:19:53.457+0100] {dag.py:3239} INFO - Sync 1 DAGs
[2025-02-20T11:19:53.461+0100] {logging_mixin.py:190} INFO - [2025-02-20T11:19:53.461+0100] {dag.py:4180} INFO - Setting next_dagrun for example_setup_teardown_taskflow to None, run_after=None
[2025-02-20T11:19:53.469+0100] {processor.py:208} INFO - Processing /Users/ajlakorman/Desktop/Data-Mining-Projects/Apache_Airflow/venv/lib/python3.10/site-packages/airflow/example_dags/example_setup_teardown_taskflow.py took 0.097 seconds
[2025-02-20T11:22:19.298+0100] {processor.py:186} INFO - Started process (PID=9855) to work on /Users/ajlakorman/Desktop/Data-Mining-Projects/Apache_Airflow/venv/lib/python3.10/site-packages/airflow/example_dags/example_setup_teardown_taskflow.py
[2025-02-20T11:22:19.298+0100] {processor.py:914} INFO - Processing file /Users/ajlakorman/Desktop/Data-Mining-Projects/Apache_Airflow/venv/lib/python3.10/site-packages/airflow/example_dags/example_setup_teardown_taskflow.py for tasks to queue
[2025-02-20T11:22:19.299+0100] {logging_mixin.py:190} INFO - [2025-02-20T11:22:19.299+0100] {dagbag.py:588} INFO - Filling up the DagBag from /Users/ajlakorman/Desktop/Data-Mining-Projects/Apache_Airflow/venv/lib/python3.10/site-packages/airflow/example_dags/example_setup_teardown_taskflow.py
[2025-02-20T11:22:19.315+0100] {processor.py:925} INFO - DAG(s) 'example_setup_teardown_taskflow' retrieved from /Users/ajlakorman/Desktop/Data-Mining-Projects/Apache_Airflow/venv/lib/python3.10/site-packages/airflow/example_dags/example_setup_teardown_taskflow.py
[2025-02-20T11:22:19.381+0100] {logging_mixin.py:190} INFO - [2025-02-20T11:22:19.381+0100] {dag.py:3239} INFO - Sync 1 DAGs
[2025-02-20T11:22:19.385+0100] {logging_mixin.py:190} INFO - [2025-02-20T11:22:19.385+0100] {dag.py:4180} INFO - Setting next_dagrun for example_setup_teardown_taskflow to None, run_after=None
[2025-02-20T11:22:19.392+0100] {processor.py:208} INFO - Processing /Users/ajlakorman/Desktop/Data-Mining-Projects/Apache_Airflow/venv/lib/python3.10/site-packages/airflow/example_dags/example_setup_teardown_taskflow.py took 0.096 seconds
[2025-02-20T11:23:37.078+0100] {processor.py:186} INFO - Started process (PID=9985) to work on /Users/ajlakorman/Desktop/Data-Mining-Projects/Apache_Airflow/venv/lib/python3.10/site-packages/airflow/example_dags/example_setup_teardown_taskflow.py
[2025-02-20T11:23:37.079+0100] {processor.py:914} INFO - Processing file /Users/ajlakorman/Desktop/Data-Mining-Projects/Apache_Airflow/venv/lib/python3.10/site-packages/airflow/example_dags/example_setup_teardown_taskflow.py for tasks to queue
[2025-02-20T11:23:37.080+0100] {logging_mixin.py:190} INFO - [2025-02-20T11:23:37.080+0100] {dagbag.py:588} INFO - Filling up the DagBag from /Users/ajlakorman/Desktop/Data-Mining-Projects/Apache_Airflow/venv/lib/python3.10/site-packages/airflow/example_dags/example_setup_teardown_taskflow.py
[2025-02-20T11:23:37.096+0100] {processor.py:925} INFO - DAG(s) 'example_setup_teardown_taskflow' retrieved from /Users/ajlakorman/Desktop/Data-Mining-Projects/Apache_Airflow/venv/lib/python3.10/site-packages/airflow/example_dags/example_setup_teardown_taskflow.py
[2025-02-20T11:23:37.180+0100] {logging_mixin.py:190} INFO - [2025-02-20T11:23:37.180+0100] {dag.py:3239} INFO - Sync 1 DAGs
[2025-02-20T11:23:37.185+0100] {logging_mixin.py:190} INFO - [2025-02-20T11:23:37.185+0100] {dag.py:4180} INFO - Setting next_dagrun for example_setup_teardown_taskflow to None, run_after=None
[2025-02-20T11:23:37.192+0100] {processor.py:208} INFO - Processing /Users/ajlakorman/Desktop/Data-Mining-Projects/Apache_Airflow/venv/lib/python3.10/site-packages/airflow/example_dags/example_setup_teardown_taskflow.py took 0.116 seconds
[2025-02-20T11:26:04.226+0100] {processor.py:186} INFO - Started process (PID=10266) to work on /Users/ajlakorman/Desktop/Data-Mining-Projects/Apache_Airflow/venv/lib/python3.10/site-packages/airflow/example_dags/example_setup_teardown_taskflow.py
[2025-02-20T11:26:04.228+0100] {processor.py:914} INFO - Processing file /Users/ajlakorman/Desktop/Data-Mining-Projects/Apache_Airflow/venv/lib/python3.10/site-packages/airflow/example_dags/example_setup_teardown_taskflow.py for tasks to queue
[2025-02-20T11:26:04.229+0100] {logging_mixin.py:190} INFO - [2025-02-20T11:26:04.228+0100] {dagbag.py:588} INFO - Filling up the DagBag from /Users/ajlakorman/Desktop/Data-Mining-Projects/Apache_Airflow/venv/lib/python3.10/site-packages/airflow/example_dags/example_setup_teardown_taskflow.py
[2025-02-20T11:26:04.255+0100] {processor.py:925} INFO - DAG(s) 'example_setup_teardown_taskflow' retrieved from /Users/ajlakorman/Desktop/Data-Mining-Projects/Apache_Airflow/venv/lib/python3.10/site-packages/airflow/example_dags/example_setup_teardown_taskflow.py
[2025-02-20T11:26:04.342+0100] {logging_mixin.py:190} INFO - [2025-02-20T11:26:04.342+0100] {dag.py:3239} INFO - Sync 1 DAGs
[2025-02-20T11:26:04.347+0100] {logging_mixin.py:190} INFO - [2025-02-20T11:26:04.347+0100] {dag.py:4180} INFO - Setting next_dagrun for example_setup_teardown_taskflow to None, run_after=None
[2025-02-20T11:26:04.355+0100] {processor.py:208} INFO - Processing /Users/ajlakorman/Desktop/Data-Mining-Projects/Apache_Airflow/venv/lib/python3.10/site-packages/airflow/example_dags/example_setup_teardown_taskflow.py took 0.131 seconds
[2025-02-20T11:27:19.986+0100] {processor.py:186} INFO - Started process (PID=10436) to work on /Users/ajlakorman/Desktop/Data-Mining-Projects/Apache_Airflow/venv/lib/python3.10/site-packages/airflow/example_dags/example_setup_teardown_taskflow.py
[2025-02-20T11:27:19.987+0100] {processor.py:914} INFO - Processing file /Users/ajlakorman/Desktop/Data-Mining-Projects/Apache_Airflow/venv/lib/python3.10/site-packages/airflow/example_dags/example_setup_teardown_taskflow.py for tasks to queue
[2025-02-20T11:27:19.987+0100] {logging_mixin.py:190} INFO - [2025-02-20T11:27:19.987+0100] {dagbag.py:588} INFO - Filling up the DagBag from /Users/ajlakorman/Desktop/Data-Mining-Projects/Apache_Airflow/venv/lib/python3.10/site-packages/airflow/example_dags/example_setup_teardown_taskflow.py
[2025-02-20T11:27:20.007+0100] {processor.py:925} INFO - DAG(s) 'example_setup_teardown_taskflow' retrieved from /Users/ajlakorman/Desktop/Data-Mining-Projects/Apache_Airflow/venv/lib/python3.10/site-packages/airflow/example_dags/example_setup_teardown_taskflow.py
[2025-02-20T11:27:20.071+0100] {logging_mixin.py:190} INFO - [2025-02-20T11:27:20.071+0100] {dag.py:3239} INFO - Sync 1 DAGs
[2025-02-20T11:27:20.075+0100] {logging_mixin.py:190} INFO - [2025-02-20T11:27:20.075+0100] {dag.py:4180} INFO - Setting next_dagrun for example_setup_teardown_taskflow to None, run_after=None
[2025-02-20T11:27:20.081+0100] {processor.py:208} INFO - Processing /Users/ajlakorman/Desktop/Data-Mining-Projects/Apache_Airflow/venv/lib/python3.10/site-packages/airflow/example_dags/example_setup_teardown_taskflow.py took 0.097 seconds
[2025-02-20T11:28:33.634+0100] {processor.py:186} INFO - Started process (PID=10599) to work on /Users/ajlakorman/Desktop/Data-Mining-Projects/Apache_Airflow/venv/lib/python3.10/site-packages/airflow/example_dags/example_setup_teardown_taskflow.py
[2025-02-20T11:28:33.635+0100] {processor.py:914} INFO - Processing file /Users/ajlakorman/Desktop/Data-Mining-Projects/Apache_Airflow/venv/lib/python3.10/site-packages/airflow/example_dags/example_setup_teardown_taskflow.py for tasks to queue
[2025-02-20T11:28:33.635+0100] {logging_mixin.py:190} INFO - [2025-02-20T11:28:33.635+0100] {dagbag.py:588} INFO - Filling up the DagBag from /Users/ajlakorman/Desktop/Data-Mining-Projects/Apache_Airflow/venv/lib/python3.10/site-packages/airflow/example_dags/example_setup_teardown_taskflow.py
[2025-02-20T11:28:33.653+0100] {processor.py:925} INFO - DAG(s) 'example_setup_teardown_taskflow' retrieved from /Users/ajlakorman/Desktop/Data-Mining-Projects/Apache_Airflow/venv/lib/python3.10/site-packages/airflow/example_dags/example_setup_teardown_taskflow.py
[2025-02-20T11:28:33.715+0100] {logging_mixin.py:190} INFO - [2025-02-20T11:28:33.715+0100] {dag.py:3239} INFO - Sync 1 DAGs
[2025-02-20T11:28:33.719+0100] {logging_mixin.py:190} INFO - [2025-02-20T11:28:33.719+0100] {dag.py:4180} INFO - Setting next_dagrun for example_setup_teardown_taskflow to None, run_after=None
[2025-02-20T11:28:33.726+0100] {processor.py:208} INFO - Processing /Users/ajlakorman/Desktop/Data-Mining-Projects/Apache_Airflow/venv/lib/python3.10/site-packages/airflow/example_dags/example_setup_teardown_taskflow.py took 0.094 seconds
[2025-02-20T11:31:03.979+0100] {processor.py:186} INFO - Started process (PID=10919) to work on /Users/ajlakorman/Desktop/Data-Mining-Projects/Apache_Airflow/venv/lib/python3.10/site-packages/airflow/example_dags/example_setup_teardown_taskflow.py
[2025-02-20T11:31:03.981+0100] {processor.py:914} INFO - Processing file /Users/ajlakorman/Desktop/Data-Mining-Projects/Apache_Airflow/venv/lib/python3.10/site-packages/airflow/example_dags/example_setup_teardown_taskflow.py for tasks to queue
[2025-02-20T11:31:03.981+0100] {logging_mixin.py:190} INFO - [2025-02-20T11:31:03.981+0100] {dagbag.py:588} INFO - Filling up the DagBag from /Users/ajlakorman/Desktop/Data-Mining-Projects/Apache_Airflow/venv/lib/python3.10/site-packages/airflow/example_dags/example_setup_teardown_taskflow.py
[2025-02-20T11:31:03.998+0100] {processor.py:925} INFO - DAG(s) 'example_setup_teardown_taskflow' retrieved from /Users/ajlakorman/Desktop/Data-Mining-Projects/Apache_Airflow/venv/lib/python3.10/site-packages/airflow/example_dags/example_setup_teardown_taskflow.py
[2025-02-20T11:31:04.061+0100] {logging_mixin.py:190} INFO - [2025-02-20T11:31:04.060+0100] {dag.py:3239} INFO - Sync 1 DAGs
[2025-02-20T11:31:04.065+0100] {logging_mixin.py:190} INFO - [2025-02-20T11:31:04.065+0100] {dag.py:4180} INFO - Setting next_dagrun for example_setup_teardown_taskflow to None, run_after=None
[2025-02-20T11:31:04.072+0100] {processor.py:208} INFO - Processing /Users/ajlakorman/Desktop/Data-Mining-Projects/Apache_Airflow/venv/lib/python3.10/site-packages/airflow/example_dags/example_setup_teardown_taskflow.py took 0.094 seconds
[2025-02-20T11:33:29.415+0100] {processor.py:186} INFO - Started process (PID=11141) to work on /Users/ajlakorman/Desktop/Data-Mining-Projects/Apache_Airflow/venv/lib/python3.10/site-packages/airflow/example_dags/example_setup_teardown_taskflow.py
[2025-02-20T11:33:29.416+0100] {processor.py:914} INFO - Processing file /Users/ajlakorman/Desktop/Data-Mining-Projects/Apache_Airflow/venv/lib/python3.10/site-packages/airflow/example_dags/example_setup_teardown_taskflow.py for tasks to queue
[2025-02-20T11:33:29.416+0100] {logging_mixin.py:190} INFO - [2025-02-20T11:33:29.416+0100] {dagbag.py:588} INFO - Filling up the DagBag from /Users/ajlakorman/Desktop/Data-Mining-Projects/Apache_Airflow/venv/lib/python3.10/site-packages/airflow/example_dags/example_setup_teardown_taskflow.py
[2025-02-20T11:33:29.434+0100] {processor.py:925} INFO - DAG(s) 'example_setup_teardown_taskflow' retrieved from /Users/ajlakorman/Desktop/Data-Mining-Projects/Apache_Airflow/venv/lib/python3.10/site-packages/airflow/example_dags/example_setup_teardown_taskflow.py
[2025-02-20T11:33:29.501+0100] {logging_mixin.py:190} INFO - [2025-02-20T11:33:29.500+0100] {dag.py:3239} INFO - Sync 1 DAGs
[2025-02-20T11:33:29.505+0100] {logging_mixin.py:190} INFO - [2025-02-20T11:33:29.505+0100] {dag.py:4180} INFO - Setting next_dagrun for example_setup_teardown_taskflow to None, run_after=None
[2025-02-20T11:33:29.515+0100] {processor.py:208} INFO - Processing /Users/ajlakorman/Desktop/Data-Mining-Projects/Apache_Airflow/venv/lib/python3.10/site-packages/airflow/example_dags/example_setup_teardown_taskflow.py took 0.101 seconds
[2025-02-20T11:35:57.808+0100] {processor.py:186} INFO - Started process (PID=11383) to work on /Users/ajlakorman/Desktop/Data-Mining-Projects/Apache_Airflow/venv/lib/python3.10/site-packages/airflow/example_dags/example_setup_teardown_taskflow.py
[2025-02-20T11:35:57.809+0100] {processor.py:914} INFO - Processing file /Users/ajlakorman/Desktop/Data-Mining-Projects/Apache_Airflow/venv/lib/python3.10/site-packages/airflow/example_dags/example_setup_teardown_taskflow.py for tasks to queue
[2025-02-20T11:35:57.809+0100] {logging_mixin.py:190} INFO - [2025-02-20T11:35:57.809+0100] {dagbag.py:588} INFO - Filling up the DagBag from /Users/ajlakorman/Desktop/Data-Mining-Projects/Apache_Airflow/venv/lib/python3.10/site-packages/airflow/example_dags/example_setup_teardown_taskflow.py
[2025-02-20T11:35:57.830+0100] {processor.py:925} INFO - DAG(s) 'example_setup_teardown_taskflow' retrieved from /Users/ajlakorman/Desktop/Data-Mining-Projects/Apache_Airflow/venv/lib/python3.10/site-packages/airflow/example_dags/example_setup_teardown_taskflow.py
[2025-02-20T11:35:57.897+0100] {logging_mixin.py:190} INFO - [2025-02-20T11:35:57.897+0100] {dag.py:3239} INFO - Sync 1 DAGs
[2025-02-20T11:35:57.902+0100] {logging_mixin.py:190} INFO - [2025-02-20T11:35:57.902+0100] {dag.py:4180} INFO - Setting next_dagrun for example_setup_teardown_taskflow to None, run_after=None
[2025-02-20T11:35:57.909+0100] {processor.py:208} INFO - Processing /Users/ajlakorman/Desktop/Data-Mining-Projects/Apache_Airflow/venv/lib/python3.10/site-packages/airflow/example_dags/example_setup_teardown_taskflow.py took 0.103 seconds
[2025-02-20T11:38:31.595+0100] {processor.py:186} INFO - Started process (PID=11670) to work on /Users/ajlakorman/Desktop/Data-Mining-Projects/Apache_Airflow/venv/lib/python3.10/site-packages/airflow/example_dags/example_setup_teardown_taskflow.py
[2025-02-20T11:38:31.595+0100] {processor.py:914} INFO - Processing file /Users/ajlakorman/Desktop/Data-Mining-Projects/Apache_Airflow/venv/lib/python3.10/site-packages/airflow/example_dags/example_setup_teardown_taskflow.py for tasks to queue
[2025-02-20T11:38:31.596+0100] {logging_mixin.py:190} INFO - [2025-02-20T11:38:31.596+0100] {dagbag.py:588} INFO - Filling up the DagBag from /Users/ajlakorman/Desktop/Data-Mining-Projects/Apache_Airflow/venv/lib/python3.10/site-packages/airflow/example_dags/example_setup_teardown_taskflow.py
[2025-02-20T11:38:31.615+0100] {processor.py:925} INFO - DAG(s) 'example_setup_teardown_taskflow' retrieved from /Users/ajlakorman/Desktop/Data-Mining-Projects/Apache_Airflow/venv/lib/python3.10/site-packages/airflow/example_dags/example_setup_teardown_taskflow.py
[2025-02-20T11:38:31.678+0100] {logging_mixin.py:190} INFO - [2025-02-20T11:38:31.678+0100] {dag.py:3239} INFO - Sync 1 DAGs
[2025-02-20T11:38:31.683+0100] {logging_mixin.py:190} INFO - [2025-02-20T11:38:31.683+0100] {dag.py:4180} INFO - Setting next_dagrun for example_setup_teardown_taskflow to None, run_after=None
[2025-02-20T11:38:31.689+0100] {processor.py:208} INFO - Processing /Users/ajlakorman/Desktop/Data-Mining-Projects/Apache_Airflow/venv/lib/python3.10/site-packages/airflow/example_dags/example_setup_teardown_taskflow.py took 0.097 seconds
[2025-02-20T11:40:53.267+0100] {processor.py:186} INFO - Started process (PID=11867) to work on /Users/ajlakorman/Desktop/Data-Mining-Projects/Apache_Airflow/venv/lib/python3.10/site-packages/airflow/example_dags/example_setup_teardown_taskflow.py
[2025-02-20T11:40:53.268+0100] {processor.py:914} INFO - Processing file /Users/ajlakorman/Desktop/Data-Mining-Projects/Apache_Airflow/venv/lib/python3.10/site-packages/airflow/example_dags/example_setup_teardown_taskflow.py for tasks to queue
[2025-02-20T11:40:53.268+0100] {logging_mixin.py:190} INFO - [2025-02-20T11:40:53.268+0100] {dagbag.py:588} INFO - Filling up the DagBag from /Users/ajlakorman/Desktop/Data-Mining-Projects/Apache_Airflow/venv/lib/python3.10/site-packages/airflow/example_dags/example_setup_teardown_taskflow.py
[2025-02-20T11:40:53.285+0100] {processor.py:925} INFO - DAG(s) 'example_setup_teardown_taskflow' retrieved from /Users/ajlakorman/Desktop/Data-Mining-Projects/Apache_Airflow/venv/lib/python3.10/site-packages/airflow/example_dags/example_setup_teardown_taskflow.py
[2025-02-20T11:40:53.347+0100] {logging_mixin.py:190} INFO - [2025-02-20T11:40:53.347+0100] {dag.py:3239} INFO - Sync 1 DAGs
[2025-02-20T11:40:53.351+0100] {logging_mixin.py:190} INFO - [2025-02-20T11:40:53.351+0100] {dag.py:4180} INFO - Setting next_dagrun for example_setup_teardown_taskflow to None, run_after=None
[2025-02-20T11:40:53.358+0100] {processor.py:208} INFO - Processing /Users/ajlakorman/Desktop/Data-Mining-Projects/Apache_Airflow/venv/lib/python3.10/site-packages/airflow/example_dags/example_setup_teardown_taskflow.py took 0.092 seconds
[2025-02-20T12:19:09.532+0100] {processor.py:186} INFO - Started process (PID=12026) to work on /Users/ajlakorman/Desktop/Data-Mining-Projects/Apache_Airflow/venv/lib/python3.10/site-packages/airflow/example_dags/example_setup_teardown_taskflow.py
[2025-02-20T12:19:09.533+0100] {processor.py:914} INFO - Processing file /Users/ajlakorman/Desktop/Data-Mining-Projects/Apache_Airflow/venv/lib/python3.10/site-packages/airflow/example_dags/example_setup_teardown_taskflow.py for tasks to queue
[2025-02-20T12:19:09.533+0100] {logging_mixin.py:190} INFO - [2025-02-20T12:19:09.533+0100] {dagbag.py:588} INFO - Filling up the DagBag from /Users/ajlakorman/Desktop/Data-Mining-Projects/Apache_Airflow/venv/lib/python3.10/site-packages/airflow/example_dags/example_setup_teardown_taskflow.py
[2025-02-20T12:19:09.551+0100] {processor.py:925} INFO - DAG(s) 'example_setup_teardown_taskflow' retrieved from /Users/ajlakorman/Desktop/Data-Mining-Projects/Apache_Airflow/venv/lib/python3.10/site-packages/airflow/example_dags/example_setup_teardown_taskflow.py
[2025-02-20T12:19:09.629+0100] {logging_mixin.py:190} INFO - [2025-02-20T12:19:09.629+0100] {dag.py:3239} INFO - Sync 1 DAGs
[2025-02-20T12:19:09.633+0100] {logging_mixin.py:190} INFO - [2025-02-20T12:19:09.633+0100] {dag.py:4180} INFO - Setting next_dagrun for example_setup_teardown_taskflow to None, run_after=None
[2025-02-20T12:19:09.641+0100] {processor.py:208} INFO - Processing /Users/ajlakorman/Desktop/Data-Mining-Projects/Apache_Airflow/venv/lib/python3.10/site-packages/airflow/example_dags/example_setup_teardown_taskflow.py took 0.111 seconds
[2025-02-20T12:20:51.434+0100] {processor.py:186} INFO - Started process (PID=12158) to work on /Users/ajlakorman/Desktop/Data-Mining-Projects/Apache_Airflow/venv/lib/python3.10/site-packages/airflow/example_dags/example_setup_teardown_taskflow.py
[2025-02-20T12:20:51.435+0100] {processor.py:914} INFO - Processing file /Users/ajlakorman/Desktop/Data-Mining-Projects/Apache_Airflow/venv/lib/python3.10/site-packages/airflow/example_dags/example_setup_teardown_taskflow.py for tasks to queue
[2025-02-20T12:20:51.435+0100] {logging_mixin.py:190} INFO - [2025-02-20T12:20:51.435+0100] {dagbag.py:588} INFO - Filling up the DagBag from /Users/ajlakorman/Desktop/Data-Mining-Projects/Apache_Airflow/venv/lib/python3.10/site-packages/airflow/example_dags/example_setup_teardown_taskflow.py
[2025-02-20T12:20:51.451+0100] {processor.py:925} INFO - DAG(s) 'example_setup_teardown_taskflow' retrieved from /Users/ajlakorman/Desktop/Data-Mining-Projects/Apache_Airflow/venv/lib/python3.10/site-packages/airflow/example_dags/example_setup_teardown_taskflow.py
[2025-02-20T12:20:51.513+0100] {logging_mixin.py:190} INFO - [2025-02-20T12:20:51.513+0100] {dag.py:3239} INFO - Sync 1 DAGs
[2025-02-20T12:20:51.517+0100] {logging_mixin.py:190} INFO - [2025-02-20T12:20:51.517+0100] {dag.py:4180} INFO - Setting next_dagrun for example_setup_teardown_taskflow to None, run_after=None
[2025-02-20T12:20:51.523+0100] {processor.py:208} INFO - Processing /Users/ajlakorman/Desktop/Data-Mining-Projects/Apache_Airflow/venv/lib/python3.10/site-packages/airflow/example_dags/example_setup_teardown_taskflow.py took 0.091 seconds
[2025-02-20T12:22:11.724+0100] {processor.py:186} INFO - Started process (PID=12270) to work on /Users/ajlakorman/Desktop/Data-Mining-Projects/Apache_Airflow/venv/lib/python3.10/site-packages/airflow/example_dags/example_setup_teardown_taskflow.py
[2025-02-20T12:22:11.726+0100] {processor.py:914} INFO - Processing file /Users/ajlakorman/Desktop/Data-Mining-Projects/Apache_Airflow/venv/lib/python3.10/site-packages/airflow/example_dags/example_setup_teardown_taskflow.py for tasks to queue
[2025-02-20T12:22:11.727+0100] {logging_mixin.py:190} INFO - [2025-02-20T12:22:11.727+0100] {dagbag.py:588} INFO - Filling up the DagBag from /Users/ajlakorman/Desktop/Data-Mining-Projects/Apache_Airflow/venv/lib/python3.10/site-packages/airflow/example_dags/example_setup_teardown_taskflow.py
[2025-02-20T12:22:11.742+0100] {processor.py:925} INFO - DAG(s) 'example_setup_teardown_taskflow' retrieved from /Users/ajlakorman/Desktop/Data-Mining-Projects/Apache_Airflow/venv/lib/python3.10/site-packages/airflow/example_dags/example_setup_teardown_taskflow.py
[2025-02-20T12:22:11.806+0100] {logging_mixin.py:190} INFO - [2025-02-20T12:22:11.806+0100] {dag.py:3239} INFO - Sync 1 DAGs
[2025-02-20T12:22:11.810+0100] {logging_mixin.py:190} INFO - [2025-02-20T12:22:11.810+0100] {dag.py:4180} INFO - Setting next_dagrun for example_setup_teardown_taskflow to None, run_after=None
[2025-02-20T12:22:11.817+0100] {processor.py:208} INFO - Processing /Users/ajlakorman/Desktop/Data-Mining-Projects/Apache_Airflow/venv/lib/python3.10/site-packages/airflow/example_dags/example_setup_teardown_taskflow.py took 0.095 seconds
[2025-02-20T12:23:29.932+0100] {processor.py:186} INFO - Started process (PID=12439) to work on /Users/ajlakorman/Desktop/Data-Mining-Projects/Apache_Airflow/venv/lib/python3.10/site-packages/airflow/example_dags/example_setup_teardown_taskflow.py
[2025-02-20T12:23:29.933+0100] {processor.py:914} INFO - Processing file /Users/ajlakorman/Desktop/Data-Mining-Projects/Apache_Airflow/venv/lib/python3.10/site-packages/airflow/example_dags/example_setup_teardown_taskflow.py for tasks to queue
[2025-02-20T12:23:29.933+0100] {logging_mixin.py:190} INFO - [2025-02-20T12:23:29.933+0100] {dagbag.py:588} INFO - Filling up the DagBag from /Users/ajlakorman/Desktop/Data-Mining-Projects/Apache_Airflow/venv/lib/python3.10/site-packages/airflow/example_dags/example_setup_teardown_taskflow.py
[2025-02-20T12:23:29.959+0100] {processor.py:925} INFO - DAG(s) 'example_setup_teardown_taskflow' retrieved from /Users/ajlakorman/Desktop/Data-Mining-Projects/Apache_Airflow/venv/lib/python3.10/site-packages/airflow/example_dags/example_setup_teardown_taskflow.py
[2025-02-20T12:23:30.024+0100] {logging_mixin.py:190} INFO - [2025-02-20T12:23:30.024+0100] {dag.py:3239} INFO - Sync 1 DAGs
[2025-02-20T12:23:30.029+0100] {logging_mixin.py:190} INFO - [2025-02-20T12:23:30.029+0100] {dag.py:4180} INFO - Setting next_dagrun for example_setup_teardown_taskflow to None, run_after=None
[2025-02-20T12:23:30.037+0100] {processor.py:208} INFO - Processing /Users/ajlakorman/Desktop/Data-Mining-Projects/Apache_Airflow/venv/lib/python3.10/site-packages/airflow/example_dags/example_setup_teardown_taskflow.py took 0.106 seconds
[2025-02-20T12:24:45.817+0100] {processor.py:186} INFO - Started process (PID=12568) to work on /Users/ajlakorman/Desktop/Data-Mining-Projects/Apache_Airflow/venv/lib/python3.10/site-packages/airflow/example_dags/example_setup_teardown_taskflow.py
[2025-02-20T12:24:45.818+0100] {processor.py:914} INFO - Processing file /Users/ajlakorman/Desktop/Data-Mining-Projects/Apache_Airflow/venv/lib/python3.10/site-packages/airflow/example_dags/example_setup_teardown_taskflow.py for tasks to queue
[2025-02-20T12:24:45.818+0100] {logging_mixin.py:190} INFO - [2025-02-20T12:24:45.818+0100] {dagbag.py:588} INFO - Filling up the DagBag from /Users/ajlakorman/Desktop/Data-Mining-Projects/Apache_Airflow/venv/lib/python3.10/site-packages/airflow/example_dags/example_setup_teardown_taskflow.py
[2025-02-20T12:24:45.835+0100] {processor.py:925} INFO - DAG(s) 'example_setup_teardown_taskflow' retrieved from /Users/ajlakorman/Desktop/Data-Mining-Projects/Apache_Airflow/venv/lib/python3.10/site-packages/airflow/example_dags/example_setup_teardown_taskflow.py
[2025-02-20T12:24:45.898+0100] {logging_mixin.py:190} INFO - [2025-02-20T12:24:45.898+0100] {dag.py:3239} INFO - Sync 1 DAGs
[2025-02-20T12:24:45.902+0100] {logging_mixin.py:190} INFO - [2025-02-20T12:24:45.902+0100] {dag.py:4180} INFO - Setting next_dagrun for example_setup_teardown_taskflow to None, run_after=None
[2025-02-20T12:24:45.909+0100] {processor.py:208} INFO - Processing /Users/ajlakorman/Desktop/Data-Mining-Projects/Apache_Airflow/venv/lib/python3.10/site-packages/airflow/example_dags/example_setup_teardown_taskflow.py took 0.094 seconds
[2025-02-20T12:27:11.408+0100] {processor.py:186} INFO - Started process (PID=12882) to work on /Users/ajlakorman/Desktop/Data-Mining-Projects/Apache_Airflow/venv/lib/python3.10/site-packages/airflow/example_dags/example_setup_teardown_taskflow.py
[2025-02-20T12:27:11.409+0100] {processor.py:914} INFO - Processing file /Users/ajlakorman/Desktop/Data-Mining-Projects/Apache_Airflow/venv/lib/python3.10/site-packages/airflow/example_dags/example_setup_teardown_taskflow.py for tasks to queue
[2025-02-20T12:27:11.410+0100] {logging_mixin.py:190} INFO - [2025-02-20T12:27:11.410+0100] {dagbag.py:588} INFO - Filling up the DagBag from /Users/ajlakorman/Desktop/Data-Mining-Projects/Apache_Airflow/venv/lib/python3.10/site-packages/airflow/example_dags/example_setup_teardown_taskflow.py
[2025-02-20T12:27:11.521+0100] {processor.py:925} INFO - DAG(s) 'example_setup_teardown_taskflow' retrieved from /Users/ajlakorman/Desktop/Data-Mining-Projects/Apache_Airflow/venv/lib/python3.10/site-packages/airflow/example_dags/example_setup_teardown_taskflow.py
[2025-02-20T12:27:11.622+0100] {logging_mixin.py:190} INFO - [2025-02-20T12:27:11.622+0100] {dag.py:3239} INFO - Sync 1 DAGs
[2025-02-20T12:27:11.627+0100] {logging_mixin.py:190} INFO - [2025-02-20T12:27:11.627+0100] {dag.py:4180} INFO - Setting next_dagrun for example_setup_teardown_taskflow to None, run_after=None
[2025-02-20T12:27:11.638+0100] {processor.py:208} INFO - Processing /Users/ajlakorman/Desktop/Data-Mining-Projects/Apache_Airflow/venv/lib/python3.10/site-packages/airflow/example_dags/example_setup_teardown_taskflow.py took 0.232 seconds
[2025-02-20T12:28:29.587+0100] {processor.py:186} INFO - Started process (PID=13026) to work on /Users/ajlakorman/Desktop/Data-Mining-Projects/Apache_Airflow/venv/lib/python3.10/site-packages/airflow/example_dags/example_setup_teardown_taskflow.py
[2025-02-20T12:28:29.589+0100] {processor.py:914} INFO - Processing file /Users/ajlakorman/Desktop/Data-Mining-Projects/Apache_Airflow/venv/lib/python3.10/site-packages/airflow/example_dags/example_setup_teardown_taskflow.py for tasks to queue
[2025-02-20T12:28:29.589+0100] {logging_mixin.py:190} INFO - [2025-02-20T12:28:29.589+0100] {dagbag.py:588} INFO - Filling up the DagBag from /Users/ajlakorman/Desktop/Data-Mining-Projects/Apache_Airflow/venv/lib/python3.10/site-packages/airflow/example_dags/example_setup_teardown_taskflow.py
[2025-02-20T12:28:29.609+0100] {processor.py:925} INFO - DAG(s) 'example_setup_teardown_taskflow' retrieved from /Users/ajlakorman/Desktop/Data-Mining-Projects/Apache_Airflow/venv/lib/python3.10/site-packages/airflow/example_dags/example_setup_teardown_taskflow.py
[2025-02-20T12:28:29.678+0100] {logging_mixin.py:190} INFO - [2025-02-20T12:28:29.677+0100] {dag.py:3239} INFO - Sync 1 DAGs
[2025-02-20T12:28:29.682+0100] {logging_mixin.py:190} INFO - [2025-02-20T12:28:29.682+0100] {dag.py:4180} INFO - Setting next_dagrun for example_setup_teardown_taskflow to None, run_after=None
[2025-02-20T12:28:29.689+0100] {processor.py:208} INFO - Processing /Users/ajlakorman/Desktop/Data-Mining-Projects/Apache_Airflow/venv/lib/python3.10/site-packages/airflow/example_dags/example_setup_teardown_taskflow.py took 0.103 seconds
[2025-02-20T12:30:52.068+0100] {processor.py:186} INFO - Started process (PID=13330) to work on /Users/ajlakorman/Desktop/Data-Mining-Projects/Apache_Airflow/venv/lib/python3.10/site-packages/airflow/example_dags/example_setup_teardown_taskflow.py
[2025-02-20T12:30:52.069+0100] {processor.py:914} INFO - Processing file /Users/ajlakorman/Desktop/Data-Mining-Projects/Apache_Airflow/venv/lib/python3.10/site-packages/airflow/example_dags/example_setup_teardown_taskflow.py for tasks to queue
[2025-02-20T12:30:52.069+0100] {logging_mixin.py:190} INFO - [2025-02-20T12:30:52.069+0100] {dagbag.py:588} INFO - Filling up the DagBag from /Users/ajlakorman/Desktop/Data-Mining-Projects/Apache_Airflow/venv/lib/python3.10/site-packages/airflow/example_dags/example_setup_teardown_taskflow.py
[2025-02-20T12:30:52.085+0100] {processor.py:925} INFO - DAG(s) 'example_setup_teardown_taskflow' retrieved from /Users/ajlakorman/Desktop/Data-Mining-Projects/Apache_Airflow/venv/lib/python3.10/site-packages/airflow/example_dags/example_setup_teardown_taskflow.py
[2025-02-20T12:30:52.149+0100] {logging_mixin.py:190} INFO - [2025-02-20T12:30:52.149+0100] {dag.py:3239} INFO - Sync 1 DAGs
[2025-02-20T12:30:52.153+0100] {logging_mixin.py:190} INFO - [2025-02-20T12:30:52.153+0100] {dag.py:4180} INFO - Setting next_dagrun for example_setup_teardown_taskflow to None, run_after=None
[2025-02-20T12:30:52.160+0100] {processor.py:208} INFO - Processing /Users/ajlakorman/Desktop/Data-Mining-Projects/Apache_Airflow/venv/lib/python3.10/site-packages/airflow/example_dags/example_setup_teardown_taskflow.py took 0.093 seconds
[2025-02-20T12:32:12.805+0100] {processor.py:186} INFO - Started process (PID=13510) to work on /Users/ajlakorman/Desktop/Data-Mining-Projects/Apache_Airflow/venv/lib/python3.10/site-packages/airflow/example_dags/example_setup_teardown_taskflow.py
[2025-02-20T12:32:12.807+0100] {processor.py:914} INFO - Processing file /Users/ajlakorman/Desktop/Data-Mining-Projects/Apache_Airflow/venv/lib/python3.10/site-packages/airflow/example_dags/example_setup_teardown_taskflow.py for tasks to queue
[2025-02-20T12:32:12.807+0100] {logging_mixin.py:190} INFO - [2025-02-20T12:32:12.807+0100] {dagbag.py:588} INFO - Filling up the DagBag from /Users/ajlakorman/Desktop/Data-Mining-Projects/Apache_Airflow/venv/lib/python3.10/site-packages/airflow/example_dags/example_setup_teardown_taskflow.py
[2025-02-20T12:32:12.831+0100] {processor.py:925} INFO - DAG(s) 'example_setup_teardown_taskflow' retrieved from /Users/ajlakorman/Desktop/Data-Mining-Projects/Apache_Airflow/venv/lib/python3.10/site-packages/airflow/example_dags/example_setup_teardown_taskflow.py
[2025-02-20T12:32:12.898+0100] {logging_mixin.py:190} INFO - [2025-02-20T12:32:12.897+0100] {dag.py:3239} INFO - Sync 1 DAGs
[2025-02-20T12:32:12.902+0100] {logging_mixin.py:190} INFO - [2025-02-20T12:32:12.902+0100] {dag.py:4180} INFO - Setting next_dagrun for example_setup_teardown_taskflow to None, run_after=None
[2025-02-20T12:32:12.909+0100] {processor.py:208} INFO - Processing /Users/ajlakorman/Desktop/Data-Mining-Projects/Apache_Airflow/venv/lib/python3.10/site-packages/airflow/example_dags/example_setup_teardown_taskflow.py took 0.106 seconds
[2025-02-20T12:33:32.049+0100] {processor.py:186} INFO - Started process (PID=13685) to work on /Users/ajlakorman/Desktop/Data-Mining-Projects/Apache_Airflow/venv/lib/python3.10/site-packages/airflow/example_dags/example_setup_teardown_taskflow.py
[2025-02-20T12:33:32.050+0100] {processor.py:914} INFO - Processing file /Users/ajlakorman/Desktop/Data-Mining-Projects/Apache_Airflow/venv/lib/python3.10/site-packages/airflow/example_dags/example_setup_teardown_taskflow.py for tasks to queue
[2025-02-20T12:33:32.051+0100] {logging_mixin.py:190} INFO - [2025-02-20T12:33:32.051+0100] {dagbag.py:588} INFO - Filling up the DagBag from /Users/ajlakorman/Desktop/Data-Mining-Projects/Apache_Airflow/venv/lib/python3.10/site-packages/airflow/example_dags/example_setup_teardown_taskflow.py
[2025-02-20T12:33:32.068+0100] {processor.py:925} INFO - DAG(s) 'example_setup_teardown_taskflow' retrieved from /Users/ajlakorman/Desktop/Data-Mining-Projects/Apache_Airflow/venv/lib/python3.10/site-packages/airflow/example_dags/example_setup_teardown_taskflow.py
[2025-02-20T12:33:32.132+0100] {logging_mixin.py:190} INFO - [2025-02-20T12:33:32.132+0100] {dag.py:3239} INFO - Sync 1 DAGs
[2025-02-20T12:33:32.136+0100] {logging_mixin.py:190} INFO - [2025-02-20T12:33:32.136+0100] {dag.py:4180} INFO - Setting next_dagrun for example_setup_teardown_taskflow to None, run_after=None
[2025-02-20T12:33:32.143+0100] {processor.py:208} INFO - Processing /Users/ajlakorman/Desktop/Data-Mining-Projects/Apache_Airflow/venv/lib/python3.10/site-packages/airflow/example_dags/example_setup_teardown_taskflow.py took 0.095 seconds
[2025-02-20T12:36:04.310+0100] {processor.py:186} INFO - Started process (PID=14024) to work on /Users/ajlakorman/Desktop/Data-Mining-Projects/Apache_Airflow/venv/lib/python3.10/site-packages/airflow/example_dags/example_setup_teardown_taskflow.py
[2025-02-20T12:36:04.311+0100] {processor.py:914} INFO - Processing file /Users/ajlakorman/Desktop/Data-Mining-Projects/Apache_Airflow/venv/lib/python3.10/site-packages/airflow/example_dags/example_setup_teardown_taskflow.py for tasks to queue
[2025-02-20T12:36:04.311+0100] {logging_mixin.py:190} INFO - [2025-02-20T12:36:04.311+0100] {dagbag.py:588} INFO - Filling up the DagBag from /Users/ajlakorman/Desktop/Data-Mining-Projects/Apache_Airflow/venv/lib/python3.10/site-packages/airflow/example_dags/example_setup_teardown_taskflow.py
[2025-02-20T12:36:04.328+0100] {processor.py:925} INFO - DAG(s) 'example_setup_teardown_taskflow' retrieved from /Users/ajlakorman/Desktop/Data-Mining-Projects/Apache_Airflow/venv/lib/python3.10/site-packages/airflow/example_dags/example_setup_teardown_taskflow.py
[2025-02-20T12:36:04.390+0100] {logging_mixin.py:190} INFO - [2025-02-20T12:36:04.390+0100] {dag.py:3239} INFO - Sync 1 DAGs
[2025-02-20T12:36:04.394+0100] {logging_mixin.py:190} INFO - [2025-02-20T12:36:04.394+0100] {dag.py:4180} INFO - Setting next_dagrun for example_setup_teardown_taskflow to None, run_after=None
[2025-02-20T12:36:04.401+0100] {processor.py:208} INFO - Processing /Users/ajlakorman/Desktop/Data-Mining-Projects/Apache_Airflow/venv/lib/python3.10/site-packages/airflow/example_dags/example_setup_teardown_taskflow.py took 0.093 seconds
[2025-02-20T12:37:21.908+0100] {processor.py:186} INFO - Started process (PID=14232) to work on /Users/ajlakorman/Desktop/Data-Mining-Projects/Apache_Airflow/venv/lib/python3.10/site-packages/airflow/example_dags/example_setup_teardown_taskflow.py
[2025-02-20T12:37:21.909+0100] {processor.py:914} INFO - Processing file /Users/ajlakorman/Desktop/Data-Mining-Projects/Apache_Airflow/venv/lib/python3.10/site-packages/airflow/example_dags/example_setup_teardown_taskflow.py for tasks to queue
[2025-02-20T12:37:21.910+0100] {logging_mixin.py:190} INFO - [2025-02-20T12:37:21.910+0100] {dagbag.py:588} INFO - Filling up the DagBag from /Users/ajlakorman/Desktop/Data-Mining-Projects/Apache_Airflow/venv/lib/python3.10/site-packages/airflow/example_dags/example_setup_teardown_taskflow.py
[2025-02-20T12:37:21.928+0100] {processor.py:925} INFO - DAG(s) 'example_setup_teardown_taskflow' retrieved from /Users/ajlakorman/Desktop/Data-Mining-Projects/Apache_Airflow/venv/lib/python3.10/site-packages/airflow/example_dags/example_setup_teardown_taskflow.py
[2025-02-20T12:37:22.003+0100] {logging_mixin.py:190} INFO - [2025-02-20T12:37:22.003+0100] {dag.py:3239} INFO - Sync 1 DAGs
[2025-02-20T12:37:22.008+0100] {logging_mixin.py:190} INFO - [2025-02-20T12:37:22.008+0100] {dag.py:4180} INFO - Setting next_dagrun for example_setup_teardown_taskflow to None, run_after=None
[2025-02-20T12:37:22.014+0100] {processor.py:208} INFO - Processing /Users/ajlakorman/Desktop/Data-Mining-Projects/Apache_Airflow/venv/lib/python3.10/site-packages/airflow/example_dags/example_setup_teardown_taskflow.py took 0.108 seconds
[2025-02-20T12:55:02.079+0100] {processor.py:186} INFO - Started process (PID=14586) to work on /Users/ajlakorman/Desktop/Data-Mining-Projects/Apache_Airflow/venv/lib/python3.10/site-packages/airflow/example_dags/example_setup_teardown_taskflow.py
[2025-02-20T12:55:02.080+0100] {processor.py:914} INFO - Processing file /Users/ajlakorman/Desktop/Data-Mining-Projects/Apache_Airflow/venv/lib/python3.10/site-packages/airflow/example_dags/example_setup_teardown_taskflow.py for tasks to queue
[2025-02-20T12:55:02.080+0100] {logging_mixin.py:190} INFO - [2025-02-20T12:55:02.080+0100] {dagbag.py:588} INFO - Filling up the DagBag from /Users/ajlakorman/Desktop/Data-Mining-Projects/Apache_Airflow/venv/lib/python3.10/site-packages/airflow/example_dags/example_setup_teardown_taskflow.py
[2025-02-20T12:55:02.096+0100] {processor.py:925} INFO - DAG(s) 'example_setup_teardown_taskflow' retrieved from /Users/ajlakorman/Desktop/Data-Mining-Projects/Apache_Airflow/venv/lib/python3.10/site-packages/airflow/example_dags/example_setup_teardown_taskflow.py
[2025-02-20T12:55:02.158+0100] {logging_mixin.py:190} INFO - [2025-02-20T12:55:02.158+0100] {dag.py:3239} INFO - Sync 1 DAGs
[2025-02-20T12:55:02.164+0100] {logging_mixin.py:190} INFO - [2025-02-20T12:55:02.163+0100] {dag.py:4180} INFO - Setting next_dagrun for example_setup_teardown_taskflow to None, run_after=None
[2025-02-20T12:55:02.170+0100] {processor.py:208} INFO - Processing /Users/ajlakorman/Desktop/Data-Mining-Projects/Apache_Airflow/venv/lib/python3.10/site-packages/airflow/example_dags/example_setup_teardown_taskflow.py took 0.093 seconds
[2025-02-20T12:56:38.313+0100] {processor.py:186} INFO - Started process (PID=14801) to work on /Users/ajlakorman/Desktop/Data-Mining-Projects/Apache_Airflow/venv/lib/python3.10/site-packages/airflow/example_dags/example_setup_teardown_taskflow.py
[2025-02-20T12:56:38.314+0100] {processor.py:914} INFO - Processing file /Users/ajlakorman/Desktop/Data-Mining-Projects/Apache_Airflow/venv/lib/python3.10/site-packages/airflow/example_dags/example_setup_teardown_taskflow.py for tasks to queue
[2025-02-20T12:56:38.315+0100] {logging_mixin.py:190} INFO - [2025-02-20T12:56:38.315+0100] {dagbag.py:588} INFO - Filling up the DagBag from /Users/ajlakorman/Desktop/Data-Mining-Projects/Apache_Airflow/venv/lib/python3.10/site-packages/airflow/example_dags/example_setup_teardown_taskflow.py
[2025-02-20T12:56:38.332+0100] {processor.py:925} INFO - DAG(s) 'example_setup_teardown_taskflow' retrieved from /Users/ajlakorman/Desktop/Data-Mining-Projects/Apache_Airflow/venv/lib/python3.10/site-packages/airflow/example_dags/example_setup_teardown_taskflow.py
[2025-02-20T12:56:38.493+0100] {logging_mixin.py:190} INFO - [2025-02-20T12:56:38.492+0100] {dag.py:3239} INFO - Sync 1 DAGs
[2025-02-20T12:56:38.502+0100] {logging_mixin.py:190} INFO - [2025-02-20T12:56:38.501+0100] {dag.py:4180} INFO - Setting next_dagrun for example_setup_teardown_taskflow to None, run_after=None
[2025-02-20T12:56:38.511+0100] {processor.py:208} INFO - Processing /Users/ajlakorman/Desktop/Data-Mining-Projects/Apache_Airflow/venv/lib/python3.10/site-packages/airflow/example_dags/example_setup_teardown_taskflow.py took 0.199 seconds
[2025-02-20T12:58:12.628+0100] {processor.py:186} INFO - Started process (PID=14954) to work on /Users/ajlakorman/Desktop/Data-Mining-Projects/Apache_Airflow/venv/lib/python3.10/site-packages/airflow/example_dags/example_setup_teardown_taskflow.py
[2025-02-20T12:58:12.629+0100] {processor.py:914} INFO - Processing file /Users/ajlakorman/Desktop/Data-Mining-Projects/Apache_Airflow/venv/lib/python3.10/site-packages/airflow/example_dags/example_setup_teardown_taskflow.py for tasks to queue
[2025-02-20T12:58:12.630+0100] {logging_mixin.py:190} INFO - [2025-02-20T12:58:12.630+0100] {dagbag.py:588} INFO - Filling up the DagBag from /Users/ajlakorman/Desktop/Data-Mining-Projects/Apache_Airflow/venv/lib/python3.10/site-packages/airflow/example_dags/example_setup_teardown_taskflow.py
[2025-02-20T12:58:12.647+0100] {processor.py:925} INFO - DAG(s) 'example_setup_teardown_taskflow' retrieved from /Users/ajlakorman/Desktop/Data-Mining-Projects/Apache_Airflow/venv/lib/python3.10/site-packages/airflow/example_dags/example_setup_teardown_taskflow.py
[2025-02-20T12:58:12.714+0100] {logging_mixin.py:190} INFO - [2025-02-20T12:58:12.714+0100] {dag.py:3239} INFO - Sync 1 DAGs
[2025-02-20T12:58:12.719+0100] {logging_mixin.py:190} INFO - [2025-02-20T12:58:12.719+0100] {dag.py:4180} INFO - Setting next_dagrun for example_setup_teardown_taskflow to None, run_after=None
[2025-02-20T12:58:12.729+0100] {processor.py:208} INFO - Processing /Users/ajlakorman/Desktop/Data-Mining-Projects/Apache_Airflow/venv/lib/python3.10/site-packages/airflow/example_dags/example_setup_teardown_taskflow.py took 0.102 seconds
[2025-02-20T12:59:38.454+0100] {processor.py:186} INFO - Started process (PID=15076) to work on /Users/ajlakorman/Desktop/Data-Mining-Projects/Apache_Airflow/venv/lib/python3.10/site-packages/airflow/example_dags/example_setup_teardown_taskflow.py
[2025-02-20T12:59:38.457+0100] {processor.py:914} INFO - Processing file /Users/ajlakorman/Desktop/Data-Mining-Projects/Apache_Airflow/venv/lib/python3.10/site-packages/airflow/example_dags/example_setup_teardown_taskflow.py for tasks to queue
[2025-02-20T12:59:38.457+0100] {logging_mixin.py:190} INFO - [2025-02-20T12:59:38.457+0100] {dagbag.py:588} INFO - Filling up the DagBag from /Users/ajlakorman/Desktop/Data-Mining-Projects/Apache_Airflow/venv/lib/python3.10/site-packages/airflow/example_dags/example_setup_teardown_taskflow.py
[2025-02-20T12:59:38.485+0100] {processor.py:925} INFO - DAG(s) 'example_setup_teardown_taskflow' retrieved from /Users/ajlakorman/Desktop/Data-Mining-Projects/Apache_Airflow/venv/lib/python3.10/site-packages/airflow/example_dags/example_setup_teardown_taskflow.py
[2025-02-20T12:59:38.587+0100] {logging_mixin.py:190} INFO - [2025-02-20T12:59:38.587+0100] {dag.py:3239} INFO - Sync 1 DAGs
[2025-02-20T12:59:38.592+0100] {logging_mixin.py:190} INFO - [2025-02-20T12:59:38.592+0100] {dag.py:4180} INFO - Setting next_dagrun for example_setup_teardown_taskflow to None, run_after=None
[2025-02-20T12:59:38.599+0100] {processor.py:208} INFO - Processing /Users/ajlakorman/Desktop/Data-Mining-Projects/Apache_Airflow/venv/lib/python3.10/site-packages/airflow/example_dags/example_setup_teardown_taskflow.py took 0.151 seconds
[2025-02-20T13:01:01.431+0100] {processor.py:186} INFO - Started process (PID=15206) to work on /Users/ajlakorman/Desktop/Data-Mining-Projects/Apache_Airflow/venv/lib/python3.10/site-packages/airflow/example_dags/example_setup_teardown_taskflow.py
[2025-02-20T13:01:01.432+0100] {processor.py:914} INFO - Processing file /Users/ajlakorman/Desktop/Data-Mining-Projects/Apache_Airflow/venv/lib/python3.10/site-packages/airflow/example_dags/example_setup_teardown_taskflow.py for tasks to queue
[2025-02-20T13:01:01.432+0100] {logging_mixin.py:190} INFO - [2025-02-20T13:01:01.432+0100] {dagbag.py:588} INFO - Filling up the DagBag from /Users/ajlakorman/Desktop/Data-Mining-Projects/Apache_Airflow/venv/lib/python3.10/site-packages/airflow/example_dags/example_setup_teardown_taskflow.py
[2025-02-20T13:01:01.448+0100] {processor.py:925} INFO - DAG(s) 'example_setup_teardown_taskflow' retrieved from /Users/ajlakorman/Desktop/Data-Mining-Projects/Apache_Airflow/venv/lib/python3.10/site-packages/airflow/example_dags/example_setup_teardown_taskflow.py
[2025-02-20T13:01:01.511+0100] {logging_mixin.py:190} INFO - [2025-02-20T13:01:01.510+0100] {dag.py:3239} INFO - Sync 1 DAGs
[2025-02-20T13:01:01.515+0100] {logging_mixin.py:190} INFO - [2025-02-20T13:01:01.515+0100] {dag.py:4180} INFO - Setting next_dagrun for example_setup_teardown_taskflow to None, run_after=None
[2025-02-20T13:01:01.521+0100] {processor.py:208} INFO - Processing /Users/ajlakorman/Desktop/Data-Mining-Projects/Apache_Airflow/venv/lib/python3.10/site-packages/airflow/example_dags/example_setup_teardown_taskflow.py took 0.092 seconds
[2025-02-20T13:02:20.734+0100] {processor.py:186} INFO - Started process (PID=15309) to work on /Users/ajlakorman/Desktop/Data-Mining-Projects/Apache_Airflow/venv/lib/python3.10/site-packages/airflow/example_dags/example_setup_teardown_taskflow.py
[2025-02-20T13:02:20.735+0100] {processor.py:914} INFO - Processing file /Users/ajlakorman/Desktop/Data-Mining-Projects/Apache_Airflow/venv/lib/python3.10/site-packages/airflow/example_dags/example_setup_teardown_taskflow.py for tasks to queue
[2025-02-20T13:02:20.736+0100] {logging_mixin.py:190} INFO - [2025-02-20T13:02:20.736+0100] {dagbag.py:588} INFO - Filling up the DagBag from /Users/ajlakorman/Desktop/Data-Mining-Projects/Apache_Airflow/venv/lib/python3.10/site-packages/airflow/example_dags/example_setup_teardown_taskflow.py
[2025-02-20T13:02:20.752+0100] {processor.py:925} INFO - DAG(s) 'example_setup_teardown_taskflow' retrieved from /Users/ajlakorman/Desktop/Data-Mining-Projects/Apache_Airflow/venv/lib/python3.10/site-packages/airflow/example_dags/example_setup_teardown_taskflow.py
[2025-02-20T13:02:20.813+0100] {logging_mixin.py:190} INFO - [2025-02-20T13:02:20.813+0100] {dag.py:3239} INFO - Sync 1 DAGs
[2025-02-20T13:02:20.817+0100] {logging_mixin.py:190} INFO - [2025-02-20T13:02:20.817+0100] {dag.py:4180} INFO - Setting next_dagrun for example_setup_teardown_taskflow to None, run_after=None
[2025-02-20T13:02:20.824+0100] {processor.py:208} INFO - Processing /Users/ajlakorman/Desktop/Data-Mining-Projects/Apache_Airflow/venv/lib/python3.10/site-packages/airflow/example_dags/example_setup_teardown_taskflow.py took 0.091 seconds
[2025-02-20T13:07:53.002+0100] {processor.py:186} INFO - Started process (PID=15613) to work on /Users/ajlakorman/Desktop/Data-Mining-Projects/Apache_Airflow/venv/lib/python3.10/site-packages/airflow/example_dags/example_setup_teardown_taskflow.py
[2025-02-20T13:07:53.003+0100] {processor.py:914} INFO - Processing file /Users/ajlakorman/Desktop/Data-Mining-Projects/Apache_Airflow/venv/lib/python3.10/site-packages/airflow/example_dags/example_setup_teardown_taskflow.py for tasks to queue
[2025-02-20T13:07:53.003+0100] {logging_mixin.py:190} INFO - [2025-02-20T13:07:53.003+0100] {dagbag.py:588} INFO - Filling up the DagBag from /Users/ajlakorman/Desktop/Data-Mining-Projects/Apache_Airflow/venv/lib/python3.10/site-packages/airflow/example_dags/example_setup_teardown_taskflow.py
[2025-02-20T13:07:53.023+0100] {processor.py:925} INFO - DAG(s) 'example_setup_teardown_taskflow' retrieved from /Users/ajlakorman/Desktop/Data-Mining-Projects/Apache_Airflow/venv/lib/python3.10/site-packages/airflow/example_dags/example_setup_teardown_taskflow.py
[2025-02-20T13:07:53.102+0100] {logging_mixin.py:190} INFO - [2025-02-20T13:07:53.101+0100] {dag.py:3239} INFO - Sync 1 DAGs
[2025-02-20T13:07:53.106+0100] {logging_mixin.py:190} INFO - [2025-02-20T13:07:53.106+0100] {dag.py:4180} INFO - Setting next_dagrun for example_setup_teardown_taskflow to None, run_after=None
[2025-02-20T13:07:53.113+0100] {processor.py:208} INFO - Processing /Users/ajlakorman/Desktop/Data-Mining-Projects/Apache_Airflow/venv/lib/python3.10/site-packages/airflow/example_dags/example_setup_teardown_taskflow.py took 0.113 seconds
[2025-02-20T13:10:38.693+0100] {processor.py:186} INFO - Started process (PID=15994) to work on /Users/ajlakorman/Desktop/Data-Mining-Projects/Apache_Airflow/venv/lib/python3.10/site-packages/airflow/example_dags/example_setup_teardown_taskflow.py
[2025-02-20T13:10:38.693+0100] {processor.py:914} INFO - Processing file /Users/ajlakorman/Desktop/Data-Mining-Projects/Apache_Airflow/venv/lib/python3.10/site-packages/airflow/example_dags/example_setup_teardown_taskflow.py for tasks to queue
[2025-02-20T13:10:38.694+0100] {logging_mixin.py:190} INFO - [2025-02-20T13:10:38.694+0100] {dagbag.py:588} INFO - Filling up the DagBag from /Users/ajlakorman/Desktop/Data-Mining-Projects/Apache_Airflow/venv/lib/python3.10/site-packages/airflow/example_dags/example_setup_teardown_taskflow.py
[2025-02-20T13:10:38.710+0100] {processor.py:925} INFO - DAG(s) 'example_setup_teardown_taskflow' retrieved from /Users/ajlakorman/Desktop/Data-Mining-Projects/Apache_Airflow/venv/lib/python3.10/site-packages/airflow/example_dags/example_setup_teardown_taskflow.py
[2025-02-20T13:10:38.773+0100] {logging_mixin.py:190} INFO - [2025-02-20T13:10:38.773+0100] {dag.py:3239} INFO - Sync 1 DAGs
[2025-02-20T13:10:38.777+0100] {logging_mixin.py:190} INFO - [2025-02-20T13:10:38.777+0100] {dag.py:4180} INFO - Setting next_dagrun for example_setup_teardown_taskflow to None, run_after=None
[2025-02-20T13:10:38.785+0100] {processor.py:208} INFO - Processing /Users/ajlakorman/Desktop/Data-Mining-Projects/Apache_Airflow/venv/lib/python3.10/site-packages/airflow/example_dags/example_setup_teardown_taskflow.py took 0.094 seconds
[2025-02-20T13:12:03.895+0100] {processor.py:186} INFO - Started process (PID=16104) to work on /Users/ajlakorman/Desktop/Data-Mining-Projects/Apache_Airflow/venv/lib/python3.10/site-packages/airflow/example_dags/example_setup_teardown_taskflow.py
[2025-02-20T13:12:03.896+0100] {processor.py:914} INFO - Processing file /Users/ajlakorman/Desktop/Data-Mining-Projects/Apache_Airflow/venv/lib/python3.10/site-packages/airflow/example_dags/example_setup_teardown_taskflow.py for tasks to queue
[2025-02-20T13:12:03.896+0100] {logging_mixin.py:190} INFO - [2025-02-20T13:12:03.896+0100] {dagbag.py:588} INFO - Filling up the DagBag from /Users/ajlakorman/Desktop/Data-Mining-Projects/Apache_Airflow/venv/lib/python3.10/site-packages/airflow/example_dags/example_setup_teardown_taskflow.py
[2025-02-20T13:12:03.913+0100] {processor.py:925} INFO - DAG(s) 'example_setup_teardown_taskflow' retrieved from /Users/ajlakorman/Desktop/Data-Mining-Projects/Apache_Airflow/venv/lib/python3.10/site-packages/airflow/example_dags/example_setup_teardown_taskflow.py
[2025-02-20T13:12:03.990+0100] {logging_mixin.py:190} INFO - [2025-02-20T13:12:03.990+0100] {dag.py:3239} INFO - Sync 1 DAGs
[2025-02-20T13:12:03.997+0100] {logging_mixin.py:190} INFO - [2025-02-20T13:12:03.996+0100] {dag.py:4180} INFO - Setting next_dagrun for example_setup_teardown_taskflow to None, run_after=None
[2025-02-20T13:12:04.010+0100] {processor.py:208} INFO - Processing /Users/ajlakorman/Desktop/Data-Mining-Projects/Apache_Airflow/venv/lib/python3.10/site-packages/airflow/example_dags/example_setup_teardown_taskflow.py took 0.117 seconds
[2025-02-20T13:13:34.082+0100] {processor.py:186} INFO - Started process (PID=16257) to work on /Users/ajlakorman/Desktop/Data-Mining-Projects/Apache_Airflow/venv/lib/python3.10/site-packages/airflow/example_dags/example_setup_teardown_taskflow.py
[2025-02-20T13:13:34.083+0100] {processor.py:914} INFO - Processing file /Users/ajlakorman/Desktop/Data-Mining-Projects/Apache_Airflow/venv/lib/python3.10/site-packages/airflow/example_dags/example_setup_teardown_taskflow.py for tasks to queue
[2025-02-20T13:13:34.083+0100] {logging_mixin.py:190} INFO - [2025-02-20T13:13:34.083+0100] {dagbag.py:588} INFO - Filling up the DagBag from /Users/ajlakorman/Desktop/Data-Mining-Projects/Apache_Airflow/venv/lib/python3.10/site-packages/airflow/example_dags/example_setup_teardown_taskflow.py
[2025-02-20T13:13:34.099+0100] {processor.py:925} INFO - DAG(s) 'example_setup_teardown_taskflow' retrieved from /Users/ajlakorman/Desktop/Data-Mining-Projects/Apache_Airflow/venv/lib/python3.10/site-packages/airflow/example_dags/example_setup_teardown_taskflow.py
[2025-02-20T13:13:34.166+0100] {logging_mixin.py:190} INFO - [2025-02-20T13:13:34.165+0100] {dag.py:3239} INFO - Sync 1 DAGs
[2025-02-20T13:13:34.170+0100] {logging_mixin.py:190} INFO - [2025-02-20T13:13:34.170+0100] {dag.py:4180} INFO - Setting next_dagrun for example_setup_teardown_taskflow to None, run_after=None
[2025-02-20T13:13:34.177+0100] {processor.py:208} INFO - Processing /Users/ajlakorman/Desktop/Data-Mining-Projects/Apache_Airflow/venv/lib/python3.10/site-packages/airflow/example_dags/example_setup_teardown_taskflow.py took 0.097 seconds
[2025-02-20T13:15:07.295+0100] {processor.py:186} INFO - Started process (PID=16401) to work on /Users/ajlakorman/Desktop/Data-Mining-Projects/Apache_Airflow/venv/lib/python3.10/site-packages/airflow/example_dags/example_setup_teardown_taskflow.py
[2025-02-20T13:15:07.296+0100] {processor.py:914} INFO - Processing file /Users/ajlakorman/Desktop/Data-Mining-Projects/Apache_Airflow/venv/lib/python3.10/site-packages/airflow/example_dags/example_setup_teardown_taskflow.py for tasks to queue
[2025-02-20T13:15:07.296+0100] {logging_mixin.py:190} INFO - [2025-02-20T13:15:07.296+0100] {dagbag.py:588} INFO - Filling up the DagBag from /Users/ajlakorman/Desktop/Data-Mining-Projects/Apache_Airflow/venv/lib/python3.10/site-packages/airflow/example_dags/example_setup_teardown_taskflow.py
[2025-02-20T13:15:07.313+0100] {processor.py:925} INFO - DAG(s) 'example_setup_teardown_taskflow' retrieved from /Users/ajlakorman/Desktop/Data-Mining-Projects/Apache_Airflow/venv/lib/python3.10/site-packages/airflow/example_dags/example_setup_teardown_taskflow.py
[2025-02-20T13:15:07.378+0100] {logging_mixin.py:190} INFO - [2025-02-20T13:15:07.378+0100] {dag.py:3239} INFO - Sync 1 DAGs
[2025-02-20T13:15:07.383+0100] {logging_mixin.py:190} INFO - [2025-02-20T13:15:07.383+0100] {dag.py:4180} INFO - Setting next_dagrun for example_setup_teardown_taskflow to None, run_after=None
[2025-02-20T13:15:07.390+0100] {processor.py:208} INFO - Processing /Users/ajlakorman/Desktop/Data-Mining-Projects/Apache_Airflow/venv/lib/python3.10/site-packages/airflow/example_dags/example_setup_teardown_taskflow.py took 0.097 seconds
[2025-02-20T13:16:30.123+0100] {processor.py:186} INFO - Started process (PID=16563) to work on /Users/ajlakorman/Desktop/Data-Mining-Projects/Apache_Airflow/venv/lib/python3.10/site-packages/airflow/example_dags/example_setup_teardown_taskflow.py
[2025-02-20T13:16:30.124+0100] {processor.py:914} INFO - Processing file /Users/ajlakorman/Desktop/Data-Mining-Projects/Apache_Airflow/venv/lib/python3.10/site-packages/airflow/example_dags/example_setup_teardown_taskflow.py for tasks to queue
[2025-02-20T13:16:30.125+0100] {logging_mixin.py:190} INFO - [2025-02-20T13:16:30.125+0100] {dagbag.py:588} INFO - Filling up the DagBag from /Users/ajlakorman/Desktop/Data-Mining-Projects/Apache_Airflow/venv/lib/python3.10/site-packages/airflow/example_dags/example_setup_teardown_taskflow.py
[2025-02-20T13:16:30.155+0100] {processor.py:925} INFO - DAG(s) 'example_setup_teardown_taskflow' retrieved from /Users/ajlakorman/Desktop/Data-Mining-Projects/Apache_Airflow/venv/lib/python3.10/site-packages/airflow/example_dags/example_setup_teardown_taskflow.py
[2025-02-20T13:16:30.242+0100] {logging_mixin.py:190} INFO - [2025-02-20T13:16:30.242+0100] {dag.py:3239} INFO - Sync 1 DAGs
[2025-02-20T13:16:30.247+0100] {logging_mixin.py:190} INFO - [2025-02-20T13:16:30.246+0100] {dag.py:4180} INFO - Setting next_dagrun for example_setup_teardown_taskflow to None, run_after=None
[2025-02-20T13:16:30.254+0100] {processor.py:208} INFO - Processing /Users/ajlakorman/Desktop/Data-Mining-Projects/Apache_Airflow/venv/lib/python3.10/site-packages/airflow/example_dags/example_setup_teardown_taskflow.py took 0.135 seconds
[2025-02-20T13:18:07.472+0100] {processor.py:186} INFO - Started process (PID=16771) to work on /Users/ajlakorman/Desktop/Data-Mining-Projects/Apache_Airflow/venv/lib/python3.10/site-packages/airflow/example_dags/example_setup_teardown_taskflow.py
[2025-02-20T13:18:07.473+0100] {processor.py:914} INFO - Processing file /Users/ajlakorman/Desktop/Data-Mining-Projects/Apache_Airflow/venv/lib/python3.10/site-packages/airflow/example_dags/example_setup_teardown_taskflow.py for tasks to queue
[2025-02-20T13:18:07.474+0100] {logging_mixin.py:190} INFO - [2025-02-20T13:18:07.473+0100] {dagbag.py:588} INFO - Filling up the DagBag from /Users/ajlakorman/Desktop/Data-Mining-Projects/Apache_Airflow/venv/lib/python3.10/site-packages/airflow/example_dags/example_setup_teardown_taskflow.py
[2025-02-20T13:18:07.572+0100] {processor.py:925} INFO - DAG(s) 'example_setup_teardown_taskflow' retrieved from /Users/ajlakorman/Desktop/Data-Mining-Projects/Apache_Airflow/venv/lib/python3.10/site-packages/airflow/example_dags/example_setup_teardown_taskflow.py
[2025-02-20T13:18:07.644+0100] {logging_mixin.py:190} INFO - [2025-02-20T13:18:07.644+0100] {dag.py:3239} INFO - Sync 1 DAGs
[2025-02-20T13:18:07.649+0100] {logging_mixin.py:190} INFO - [2025-02-20T13:18:07.649+0100] {dag.py:4180} INFO - Setting next_dagrun for example_setup_teardown_taskflow to None, run_after=None
[2025-02-20T13:18:07.657+0100] {processor.py:208} INFO - Processing /Users/ajlakorman/Desktop/Data-Mining-Projects/Apache_Airflow/venv/lib/python3.10/site-packages/airflow/example_dags/example_setup_teardown_taskflow.py took 0.188 seconds
[2025-02-20T13:19:40.786+0100] {processor.py:186} INFO - Started process (PID=16950) to work on /Users/ajlakorman/Desktop/Data-Mining-Projects/Apache_Airflow/venv/lib/python3.10/site-packages/airflow/example_dags/example_setup_teardown_taskflow.py
[2025-02-20T13:19:40.788+0100] {processor.py:914} INFO - Processing file /Users/ajlakorman/Desktop/Data-Mining-Projects/Apache_Airflow/venv/lib/python3.10/site-packages/airflow/example_dags/example_setup_teardown_taskflow.py for tasks to queue
[2025-02-20T13:19:40.788+0100] {logging_mixin.py:190} INFO - [2025-02-20T13:19:40.788+0100] {dagbag.py:588} INFO - Filling up the DagBag from /Users/ajlakorman/Desktop/Data-Mining-Projects/Apache_Airflow/venv/lib/python3.10/site-packages/airflow/example_dags/example_setup_teardown_taskflow.py
[2025-02-20T13:19:40.805+0100] {processor.py:925} INFO - DAG(s) 'example_setup_teardown_taskflow' retrieved from /Users/ajlakorman/Desktop/Data-Mining-Projects/Apache_Airflow/venv/lib/python3.10/site-packages/airflow/example_dags/example_setup_teardown_taskflow.py
[2025-02-20T13:19:40.868+0100] {logging_mixin.py:190} INFO - [2025-02-20T13:19:40.868+0100] {dag.py:3239} INFO - Sync 1 DAGs
[2025-02-20T13:19:40.872+0100] {logging_mixin.py:190} INFO - [2025-02-20T13:19:40.872+0100] {dag.py:4180} INFO - Setting next_dagrun for example_setup_teardown_taskflow to None, run_after=None
[2025-02-20T13:19:40.880+0100] {processor.py:208} INFO - Processing /Users/ajlakorman/Desktop/Data-Mining-Projects/Apache_Airflow/venv/lib/python3.10/site-packages/airflow/example_dags/example_setup_teardown_taskflow.py took 0.096 seconds
[2025-02-20T13:21:15.868+0100] {processor.py:186} INFO - Started process (PID=17082) to work on /Users/ajlakorman/Desktop/Data-Mining-Projects/Apache_Airflow/venv/lib/python3.10/site-packages/airflow/example_dags/example_setup_teardown_taskflow.py
[2025-02-20T13:21:15.869+0100] {processor.py:914} INFO - Processing file /Users/ajlakorman/Desktop/Data-Mining-Projects/Apache_Airflow/venv/lib/python3.10/site-packages/airflow/example_dags/example_setup_teardown_taskflow.py for tasks to queue
[2025-02-20T13:21:15.869+0100] {logging_mixin.py:190} INFO - [2025-02-20T13:21:15.869+0100] {dagbag.py:588} INFO - Filling up the DagBag from /Users/ajlakorman/Desktop/Data-Mining-Projects/Apache_Airflow/venv/lib/python3.10/site-packages/airflow/example_dags/example_setup_teardown_taskflow.py
[2025-02-20T13:21:15.886+0100] {processor.py:925} INFO - DAG(s) 'example_setup_teardown_taskflow' retrieved from /Users/ajlakorman/Desktop/Data-Mining-Projects/Apache_Airflow/venv/lib/python3.10/site-packages/airflow/example_dags/example_setup_teardown_taskflow.py
[2025-02-20T13:21:15.951+0100] {logging_mixin.py:190} INFO - [2025-02-20T13:21:15.951+0100] {dag.py:3239} INFO - Sync 1 DAGs
[2025-02-20T13:21:15.957+0100] {logging_mixin.py:190} INFO - [2025-02-20T13:21:15.957+0100] {dag.py:4180} INFO - Setting next_dagrun for example_setup_teardown_taskflow to None, run_after=None
[2025-02-20T13:21:15.970+0100] {processor.py:208} INFO - Processing /Users/ajlakorman/Desktop/Data-Mining-Projects/Apache_Airflow/venv/lib/python3.10/site-packages/airflow/example_dags/example_setup_teardown_taskflow.py took 0.103 seconds
[2025-02-20T13:23:56.494+0100] {processor.py:186} INFO - Started process (PID=17416) to work on /Users/ajlakorman/Desktop/Data-Mining-Projects/Apache_Airflow/venv/lib/python3.10/site-packages/airflow/example_dags/example_setup_teardown_taskflow.py
[2025-02-20T13:23:56.495+0100] {processor.py:914} INFO - Processing file /Users/ajlakorman/Desktop/Data-Mining-Projects/Apache_Airflow/venv/lib/python3.10/site-packages/airflow/example_dags/example_setup_teardown_taskflow.py for tasks to queue
[2025-02-20T13:23:56.496+0100] {logging_mixin.py:190} INFO - [2025-02-20T13:23:56.496+0100] {dagbag.py:588} INFO - Filling up the DagBag from /Users/ajlakorman/Desktop/Data-Mining-Projects/Apache_Airflow/venv/lib/python3.10/site-packages/airflow/example_dags/example_setup_teardown_taskflow.py
[2025-02-20T13:23:56.512+0100] {processor.py:925} INFO - DAG(s) 'example_setup_teardown_taskflow' retrieved from /Users/ajlakorman/Desktop/Data-Mining-Projects/Apache_Airflow/venv/lib/python3.10/site-packages/airflow/example_dags/example_setup_teardown_taskflow.py
[2025-02-20T13:23:56.575+0100] {logging_mixin.py:190} INFO - [2025-02-20T13:23:56.575+0100] {dag.py:3239} INFO - Sync 1 DAGs
[2025-02-20T13:23:56.580+0100] {logging_mixin.py:190} INFO - [2025-02-20T13:23:56.580+0100] {dag.py:4180} INFO - Setting next_dagrun for example_setup_teardown_taskflow to None, run_after=None
[2025-02-20T13:23:56.586+0100] {processor.py:208} INFO - Processing /Users/ajlakorman/Desktop/Data-Mining-Projects/Apache_Airflow/venv/lib/python3.10/site-packages/airflow/example_dags/example_setup_teardown_taskflow.py took 0.094 seconds
[2025-02-20T13:26:31.571+0100] {processor.py:186} INFO - Started process (PID=17614) to work on /Users/ajlakorman/Desktop/Data-Mining-Projects/Apache_Airflow/venv/lib/python3.10/site-packages/airflow/example_dags/example_setup_teardown_taskflow.py
[2025-02-20T13:26:31.572+0100] {processor.py:914} INFO - Processing file /Users/ajlakorman/Desktop/Data-Mining-Projects/Apache_Airflow/venv/lib/python3.10/site-packages/airflow/example_dags/example_setup_teardown_taskflow.py for tasks to queue
[2025-02-20T13:26:31.573+0100] {logging_mixin.py:190} INFO - [2025-02-20T13:26:31.573+0100] {dagbag.py:588} INFO - Filling up the DagBag from /Users/ajlakorman/Desktop/Data-Mining-Projects/Apache_Airflow/venv/lib/python3.10/site-packages/airflow/example_dags/example_setup_teardown_taskflow.py
[2025-02-20T13:26:31.589+0100] {processor.py:925} INFO - DAG(s) 'example_setup_teardown_taskflow' retrieved from /Users/ajlakorman/Desktop/Data-Mining-Projects/Apache_Airflow/venv/lib/python3.10/site-packages/airflow/example_dags/example_setup_teardown_taskflow.py
[2025-02-20T13:26:31.651+0100] {logging_mixin.py:190} INFO - [2025-02-20T13:26:31.651+0100] {dag.py:3239} INFO - Sync 1 DAGs
[2025-02-20T13:26:31.655+0100] {logging_mixin.py:190} INFO - [2025-02-20T13:26:31.655+0100] {dag.py:4180} INFO - Setting next_dagrun for example_setup_teardown_taskflow to None, run_after=None
[2025-02-20T13:26:31.662+0100] {processor.py:208} INFO - Processing /Users/ajlakorman/Desktop/Data-Mining-Projects/Apache_Airflow/venv/lib/python3.10/site-packages/airflow/example_dags/example_setup_teardown_taskflow.py took 0.092 seconds
