[2025-02-20T17:24:34.875+0100] {processor.py:186} INFO - Started process (PID=38194) to work on /Users/ajlakorman/Desktop/Data-Mining-Projects/Apache_Airflow/airflow/dags/bashTask1.py
[2025-02-20T17:24:34.876+0100] {processor.py:914} INFO - Processing file /Users/ajlakorman/Desktop/Data-Mining-Projects/Apache_Airflow/airflow/dags/bashTask1.py for tasks to queue
[2025-02-20T17:24:34.876+0100] {logging_mixin.py:190} INFO - [2025-02-20T17:24:34.876+0100] {dagbag.py:588} INFO - Filling up the DagBag from /Users/ajlakorman/Desktop/Data-Mining-Projects/Apache_Airflow/airflow/dags/bashTask1.py
[2025-02-20T17:24:34.883+0100] {processor.py:925} INFO - DAG(s) 'bash_operator_disk_usage' retrieved from /Users/ajlakorman/Desktop/Data-Mining-Projects/Apache_Airflow/airflow/dags/bashTask1.py
[2025-02-20T17:24:34.992+0100] {logging_mixin.py:190} INFO - [2025-02-20T17:24:34.991+0100] {override.py:1912} INFO - Created Permission View: can read on DAG:bash_operator_disk_usage
[2025-02-20T17:24:34.995+0100] {logging_mixin.py:190} INFO - [2025-02-20T17:24:34.995+0100] {override.py:1912} INFO - Created Permission View: can edit on DAG:bash_operator_disk_usage
[2025-02-20T17:24:34.997+0100] {logging_mixin.py:190} INFO - [2025-02-20T17:24:34.997+0100] {override.py:1912} INFO - Created Permission View: can delete on DAG:bash_operator_disk_usage
[2025-02-20T17:24:35.000+0100] {logging_mixin.py:190} INFO - [2025-02-20T17:24:35.000+0100] {override.py:1912} INFO - Created Permission View: can create on DAG Run:bash_operator_disk_usage
[2025-02-20T17:24:35.002+0100] {logging_mixin.py:190} INFO - [2025-02-20T17:24:35.002+0100] {override.py:1912} INFO - Created Permission View: can read on DAG Run:bash_operator_disk_usage
[2025-02-20T17:24:35.005+0100] {logging_mixin.py:190} INFO - [2025-02-20T17:24:35.004+0100] {override.py:1912} INFO - Created Permission View: can delete on DAG Run:bash_operator_disk_usage
[2025-02-20T17:24:35.007+0100] {logging_mixin.py:190} INFO - [2025-02-20T17:24:35.006+0100] {override.py:1912} INFO - Created Permission View: menu access on DAG Run:bash_operator_disk_usage
[2025-02-20T17:24:35.007+0100] {logging_mixin.py:190} INFO - [2025-02-20T17:24:35.007+0100] {dag.py:3239} INFO - Sync 1 DAGs
[2025-02-20T17:24:35.011+0100] {logging_mixin.py:190} INFO - [2025-02-20T17:24:35.011+0100] {dag.py:3262} INFO - Creating ORM DAG for bash_operator_disk_usage
[2025-02-20T17:24:35.014+0100] {logging_mixin.py:190} INFO - [2025-02-20T17:24:35.014+0100] {dag.py:4180} INFO - Setting next_dagrun for bash_operator_disk_usage to 2025-02-19 00:00:00+00:00, run_after=2025-02-20 00:00:00+00:00
[2025-02-20T17:24:35.020+0100] {processor.py:208} INFO - Processing /Users/ajlakorman/Desktop/Data-Mining-Projects/Apache_Airflow/airflow/dags/bashTask1.py took 0.146 seconds
[2025-02-20T17:24:40.261+0100] {processor.py:186} INFO - Started process (PID=38224) to work on /Users/ajlakorman/Desktop/Data-Mining-Projects/Apache_Airflow/airflow/dags/bashTask1.py
[2025-02-20T17:24:40.261+0100] {processor.py:914} INFO - Processing file /Users/ajlakorman/Desktop/Data-Mining-Projects/Apache_Airflow/airflow/dags/bashTask1.py for tasks to queue
[2025-02-20T17:24:40.262+0100] {logging_mixin.py:190} INFO - [2025-02-20T17:24:40.262+0100] {dagbag.py:588} INFO - Filling up the DagBag from /Users/ajlakorman/Desktop/Data-Mining-Projects/Apache_Airflow/airflow/dags/bashTask1.py
[2025-02-20T17:24:40.266+0100] {processor.py:925} INFO - DAG(s) 'bash_operator_disk_usage' retrieved from /Users/ajlakorman/Desktop/Data-Mining-Projects/Apache_Airflow/airflow/dags/bashTask1.py
[2025-02-20T17:24:40.268+0100] {logging_mixin.py:190} INFO - [2025-02-20T17:24:40.268+0100] {dag.py:3239} INFO - Sync 1 DAGs
[2025-02-20T17:24:40.335+0100] {logging_mixin.py:190} INFO - [2025-02-20T17:24:40.335+0100] {dag.py:4180} INFO - Setting next_dagrun for bash_operator_disk_usage to 2025-02-19 00:00:00+00:00, run_after=2025-02-20 00:00:00+00:00
[2025-02-20T17:24:40.342+0100] {processor.py:208} INFO - Processing /Users/ajlakorman/Desktop/Data-Mining-Projects/Apache_Airflow/airflow/dags/bashTask1.py took 0.082 seconds
[2025-02-20T17:24:46.742+0100] {processor.py:186} INFO - Started process (PID=38254) to work on /Users/ajlakorman/Desktop/Data-Mining-Projects/Apache_Airflow/airflow/dags/bashTask1.py
[2025-02-20T17:24:46.743+0100] {processor.py:914} INFO - Processing file /Users/ajlakorman/Desktop/Data-Mining-Projects/Apache_Airflow/airflow/dags/bashTask1.py for tasks to queue
[2025-02-20T17:24:46.744+0100] {logging_mixin.py:190} INFO - [2025-02-20T17:24:46.743+0100] {dagbag.py:588} INFO - Filling up the DagBag from /Users/ajlakorman/Desktop/Data-Mining-Projects/Apache_Airflow/airflow/dags/bashTask1.py
[2025-02-20T17:24:46.752+0100] {processor.py:925} INFO - DAG(s) 'bash_operator_disk_usage' retrieved from /Users/ajlakorman/Desktop/Data-Mining-Projects/Apache_Airflow/airflow/dags/bashTask1.py
[2025-02-20T17:24:46.758+0100] {logging_mixin.py:190} INFO - [2025-02-20T17:24:46.758+0100] {dag.py:3239} INFO - Sync 1 DAGs
[2025-02-20T17:24:47.097+0100] {logging_mixin.py:190} INFO - [2025-02-20T17:24:47.096+0100] {dag.py:4180} INFO - Setting next_dagrun for bash_operator_disk_usage to 2025-02-19 00:00:00+00:00, run_after=2025-02-20 00:00:00+00:00
[2025-02-20T17:24:47.106+0100] {processor.py:208} INFO - Processing /Users/ajlakorman/Desktop/Data-Mining-Projects/Apache_Airflow/airflow/dags/bashTask1.py took 0.367 seconds
[2025-02-20T17:27:19.916+0100] {processor.py:186} INFO - Started process (PID=38838) to work on /Users/ajlakorman/Desktop/Data-Mining-Projects/Apache_Airflow/airflow/dags/bashTask1.py
[2025-02-20T17:27:19.916+0100] {processor.py:186} INFO - Started process (PID=38839) to work on /Users/ajlakorman/Desktop/Data-Mining-Projects/Apache_Airflow/airflow/dags/bashTask1.py
[2025-02-20T17:27:19.917+0100] {processor.py:914} INFO - Processing file /Users/ajlakorman/Desktop/Data-Mining-Projects/Apache_Airflow/airflow/dags/bashTask1.py for tasks to queue
[2025-02-20T17:27:19.918+0100] {logging_mixin.py:190} INFO - [2025-02-20T17:27:19.918+0100] {dagbag.py:588} INFO - Filling up the DagBag from /Users/ajlakorman/Desktop/Data-Mining-Projects/Apache_Airflow/airflow/dags/bashTask1.py
[2025-02-20T17:27:19.917+0100] {processor.py:914} INFO - Processing file /Users/ajlakorman/Desktop/Data-Mining-Projects/Apache_Airflow/airflow/dags/bashTask1.py for tasks to queue
[2025-02-20T17:27:19.919+0100] {logging_mixin.py:190} INFO - [2025-02-20T17:27:19.918+0100] {dagbag.py:588} INFO - Filling up the DagBag from /Users/ajlakorman/Desktop/Data-Mining-Projects/Apache_Airflow/airflow/dags/bashTask1.py
[2025-02-20T17:27:19.926+0100] {processor.py:925} INFO - DAG(s) 'bash_operator_disk_usage' retrieved from /Users/ajlakorman/Desktop/Data-Mining-Projects/Apache_Airflow/airflow/dags/bashTask1.py
[2025-02-20T17:27:19.928+0100] {processor.py:925} INFO - DAG(s) 'bash_operator_disk_usage' retrieved from /Users/ajlakorman/Desktop/Data-Mining-Projects/Apache_Airflow/airflow/dags/bashTask1.py
[2025-02-20T17:27:20.016+0100] {logging_mixin.py:190} INFO - [2025-02-20T17:27:20.016+0100] {dag.py:3239} INFO - Sync 1 DAGs
[2025-02-20T17:27:20.016+0100] {logging_mixin.py:190} INFO - [2025-02-20T17:27:20.016+0100] {dag.py:3239} INFO - Sync 1 DAGs
[2025-02-20T17:27:20.025+0100] {logging_mixin.py:190} INFO - [2025-02-20T17:27:20.025+0100] {dag.py:4180} INFO - Setting next_dagrun for bash_operator_disk_usage to 2025-02-20 00:00:00+00:00, run_after=2025-02-21 00:00:00+00:00
[2025-02-20T17:27:20.025+0100] {logging_mixin.py:190} INFO - [2025-02-20T17:27:20.025+0100] {dag.py:4180} INFO - Setting next_dagrun for bash_operator_disk_usage to 2025-02-20 00:00:00+00:00, run_after=2025-02-21 00:00:00+00:00
[2025-02-20T17:27:20.034+0100] {processor.py:208} INFO - Processing /Users/ajlakorman/Desktop/Data-Mining-Projects/Apache_Airflow/airflow/dags/bashTask1.py took 0.120 seconds
[2025-02-20T17:27:20.036+0100] {processor.py:208} INFO - Processing /Users/ajlakorman/Desktop/Data-Mining-Projects/Apache_Airflow/airflow/dags/bashTask1.py took 0.129 seconds
[2025-02-20T17:27:20.475+0100] {processor.py:186} INFO - Started process (PID=38840) to work on /Users/ajlakorman/Desktop/Data-Mining-Projects/Apache_Airflow/airflow/dags/bashTask1.py
[2025-02-20T17:27:20.475+0100] {processor.py:914} INFO - Processing file /Users/ajlakorman/Desktop/Data-Mining-Projects/Apache_Airflow/airflow/dags/bashTask1.py for tasks to queue
[2025-02-20T17:27:20.476+0100] {logging_mixin.py:190} INFO - [2025-02-20T17:27:20.475+0100] {dagbag.py:588} INFO - Filling up the DagBag from /Users/ajlakorman/Desktop/Data-Mining-Projects/Apache_Airflow/airflow/dags/bashTask1.py
[2025-02-20T17:27:20.480+0100] {processor.py:925} INFO - DAG(s) 'bash_operator_disk_usage' retrieved from /Users/ajlakorman/Desktop/Data-Mining-Projects/Apache_Airflow/airflow/dags/bashTask1.py
[2025-02-20T17:27:20.558+0100] {logging_mixin.py:190} INFO - [2025-02-20T17:27:20.558+0100] {dag.py:3239} INFO - Sync 1 DAGs
[2025-02-20T17:27:20.565+0100] {logging_mixin.py:190} INFO - [2025-02-20T17:27:20.565+0100] {dag.py:4180} INFO - Setting next_dagrun for bash_operator_disk_usage to 2025-02-20 00:00:00+00:00, run_after=2025-02-21 00:00:00+00:00
[2025-02-20T17:27:20.573+0100] {processor.py:208} INFO - Processing /Users/ajlakorman/Desktop/Data-Mining-Projects/Apache_Airflow/airflow/dags/bashTask1.py took 0.101 seconds
[2025-02-20T17:29:13.870+0100] {processor.py:186} INFO - Started process (PID=39208) to work on /Users/ajlakorman/Desktop/Data-Mining-Projects/Apache_Airflow/airflow/dags/bashTask1.py
[2025-02-20T17:29:13.871+0100] {processor.py:914} INFO - Processing file /Users/ajlakorman/Desktop/Data-Mining-Projects/Apache_Airflow/airflow/dags/bashTask1.py for tasks to queue
[2025-02-20T17:29:13.872+0100] {logging_mixin.py:190} INFO - [2025-02-20T17:29:13.871+0100] {dagbag.py:588} INFO - Filling up the DagBag from /Users/ajlakorman/Desktop/Data-Mining-Projects/Apache_Airflow/airflow/dags/bashTask1.py
[2025-02-20T17:29:13.876+0100] {processor.py:925} INFO - DAG(s) 'bash_operator_disk_usage' retrieved from /Users/ajlakorman/Desktop/Data-Mining-Projects/Apache_Airflow/airflow/dags/bashTask1.py
[2025-02-20T17:29:13.942+0100] {logging_mixin.py:190} INFO - [2025-02-20T17:29:13.942+0100] {dag.py:3239} INFO - Sync 1 DAGs
[2025-02-20T17:29:13.950+0100] {logging_mixin.py:190} INFO - [2025-02-20T17:29:13.949+0100] {dag.py:4180} INFO - Setting next_dagrun for bash_operator_disk_usage to 2025-02-20 00:00:00+00:00, run_after=2025-02-21 00:00:00+00:00
[2025-02-20T17:29:13.958+0100] {processor.py:208} INFO - Processing /Users/ajlakorman/Desktop/Data-Mining-Projects/Apache_Airflow/airflow/dags/bashTask1.py took 0.089 seconds
[2025-02-20T17:29:14.399+0100] {processor.py:186} INFO - Started process (PID=39210) to work on /Users/ajlakorman/Desktop/Data-Mining-Projects/Apache_Airflow/airflow/dags/bashTask1.py
[2025-02-20T17:29:14.400+0100] {processor.py:914} INFO - Processing file /Users/ajlakorman/Desktop/Data-Mining-Projects/Apache_Airflow/airflow/dags/bashTask1.py for tasks to queue
[2025-02-20T17:29:14.400+0100] {logging_mixin.py:190} INFO - [2025-02-20T17:29:14.400+0100] {dagbag.py:588} INFO - Filling up the DagBag from /Users/ajlakorman/Desktop/Data-Mining-Projects/Apache_Airflow/airflow/dags/bashTask1.py
[2025-02-20T17:29:14.404+0100] {processor.py:925} INFO - DAG(s) 'bash_operator_disk_usage' retrieved from /Users/ajlakorman/Desktop/Data-Mining-Projects/Apache_Airflow/airflow/dags/bashTask1.py
[2025-02-20T17:29:14.478+0100] {logging_mixin.py:190} INFO - [2025-02-20T17:29:14.478+0100] {dag.py:3239} INFO - Sync 1 DAGs
[2025-02-20T17:29:14.487+0100] {logging_mixin.py:190} INFO - [2025-02-20T17:29:14.487+0100] {dag.py:4180} INFO - Setting next_dagrun for bash_operator_disk_usage to 2025-02-20 00:00:00+00:00, run_after=2025-02-21 00:00:00+00:00
[2025-02-20T17:29:14.495+0100] {processor.py:208} INFO - Processing /Users/ajlakorman/Desktop/Data-Mining-Projects/Apache_Airflow/airflow/dags/bashTask1.py took 0.098 seconds
[2025-02-20T17:29:14.991+0100] {processor.py:186} INFO - Started process (PID=39212) to work on /Users/ajlakorman/Desktop/Data-Mining-Projects/Apache_Airflow/airflow/dags/bashTask1.py
[2025-02-20T17:29:14.991+0100] {processor.py:914} INFO - Processing file /Users/ajlakorman/Desktop/Data-Mining-Projects/Apache_Airflow/airflow/dags/bashTask1.py for tasks to queue
[2025-02-20T17:29:14.992+0100] {logging_mixin.py:190} INFO - [2025-02-20T17:29:14.992+0100] {dagbag.py:588} INFO - Filling up the DagBag from /Users/ajlakorman/Desktop/Data-Mining-Projects/Apache_Airflow/airflow/dags/bashTask1.py
[2025-02-20T17:29:14.996+0100] {processor.py:925} INFO - DAG(s) 'bash_operator_disk_usage' retrieved from /Users/ajlakorman/Desktop/Data-Mining-Projects/Apache_Airflow/airflow/dags/bashTask1.py
[2025-02-20T17:29:15.061+0100] {logging_mixin.py:190} INFO - [2025-02-20T17:29:15.061+0100] {dag.py:3239} INFO - Sync 1 DAGs
[2025-02-20T17:29:15.069+0100] {logging_mixin.py:190} INFO - [2025-02-20T17:29:15.069+0100] {dag.py:4180} INFO - Setting next_dagrun for bash_operator_disk_usage to 2025-02-20 00:00:00+00:00, run_after=2025-02-21 00:00:00+00:00
[2025-02-20T17:29:15.077+0100] {processor.py:208} INFO - Processing /Users/ajlakorman/Desktop/Data-Mining-Projects/Apache_Airflow/airflow/dags/bashTask1.py took 0.087 seconds
[2025-02-20T17:31:21.730+0100] {processor.py:186} INFO - Started process (PID=39601) to work on /Users/ajlakorman/Desktop/Data-Mining-Projects/Apache_Airflow/airflow/dags/bashTask1.py
[2025-02-20T17:31:21.731+0100] {processor.py:914} INFO - Processing file /Users/ajlakorman/Desktop/Data-Mining-Projects/Apache_Airflow/airflow/dags/bashTask1.py for tasks to queue
[2025-02-20T17:31:21.732+0100] {logging_mixin.py:190} INFO - [2025-02-20T17:31:21.731+0100] {dagbag.py:588} INFO - Filling up the DagBag from /Users/ajlakorman/Desktop/Data-Mining-Projects/Apache_Airflow/airflow/dags/bashTask1.py
[2025-02-20T17:31:21.736+0100] {processor.py:925} INFO - DAG(s) 'bash_operator_disk_usage' retrieved from /Users/ajlakorman/Desktop/Data-Mining-Projects/Apache_Airflow/airflow/dags/bashTask1.py
[2025-02-20T17:31:21.806+0100] {logging_mixin.py:190} INFO - [2025-02-20T17:31:21.806+0100] {dag.py:3239} INFO - Sync 1 DAGs
[2025-02-20T17:31:21.814+0100] {logging_mixin.py:190} INFO - [2025-02-20T17:31:21.814+0100] {dag.py:4180} INFO - Setting next_dagrun for bash_operator_disk_usage to 2025-02-20 00:00:00+00:00, run_after=2025-02-21 00:00:00+00:00
[2025-02-20T17:31:21.824+0100] {processor.py:208} INFO - Processing /Users/ajlakorman/Desktop/Data-Mining-Projects/Apache_Airflow/airflow/dags/bashTask1.py took 0.095 seconds
[2025-02-20T17:31:22.088+0100] {processor.py:186} INFO - Started process (PID=39602) to work on /Users/ajlakorman/Desktop/Data-Mining-Projects/Apache_Airflow/airflow/dags/bashTask1.py
[2025-02-20T17:31:22.088+0100] {processor.py:914} INFO - Processing file /Users/ajlakorman/Desktop/Data-Mining-Projects/Apache_Airflow/airflow/dags/bashTask1.py for tasks to queue
[2025-02-20T17:31:22.089+0100] {logging_mixin.py:190} INFO - [2025-02-20T17:31:22.089+0100] {dagbag.py:588} INFO - Filling up the DagBag from /Users/ajlakorman/Desktop/Data-Mining-Projects/Apache_Airflow/airflow/dags/bashTask1.py
[2025-02-20T17:31:22.092+0100] {processor.py:925} INFO - DAG(s) 'bash_operator_disk_usage' retrieved from /Users/ajlakorman/Desktop/Data-Mining-Projects/Apache_Airflow/airflow/dags/bashTask1.py
[2025-02-20T17:31:22.157+0100] {logging_mixin.py:190} INFO - [2025-02-20T17:31:22.157+0100] {dag.py:3239} INFO - Sync 1 DAGs
[2025-02-20T17:31:22.164+0100] {logging_mixin.py:190} INFO - [2025-02-20T17:31:22.164+0100] {dag.py:4180} INFO - Setting next_dagrun for bash_operator_disk_usage to 2025-02-20 00:00:00+00:00, run_after=2025-02-21 00:00:00+00:00
[2025-02-20T17:31:22.171+0100] {processor.py:208} INFO - Processing /Users/ajlakorman/Desktop/Data-Mining-Projects/Apache_Airflow/airflow/dags/bashTask1.py took 0.084 seconds
[2025-02-20T17:33:05.635+0100] {processor.py:186} INFO - Started process (PID=39847) to work on /Users/ajlakorman/Desktop/Data-Mining-Projects/Apache_Airflow/airflow/dags/bashTask1.py
[2025-02-20T17:33:05.638+0100] {processor.py:914} INFO - Processing file /Users/ajlakorman/Desktop/Data-Mining-Projects/Apache_Airflow/airflow/dags/bashTask1.py for tasks to queue
[2025-02-20T17:33:05.639+0100] {logging_mixin.py:190} INFO - [2025-02-20T17:33:05.639+0100] {dagbag.py:588} INFO - Filling up the DagBag from /Users/ajlakorman/Desktop/Data-Mining-Projects/Apache_Airflow/airflow/dags/bashTask1.py
[2025-02-20T17:33:05.645+0100] {processor.py:925} INFO - DAG(s) 'bash_operator_disk_usage' retrieved from /Users/ajlakorman/Desktop/Data-Mining-Projects/Apache_Airflow/airflow/dags/bashTask1.py
[2025-02-20T17:33:05.756+0100] {logging_mixin.py:190} INFO - [2025-02-20T17:33:05.756+0100] {dag.py:3239} INFO - Sync 1 DAGs
[2025-02-20T17:33:05.766+0100] {logging_mixin.py:190} INFO - [2025-02-20T17:33:05.766+0100] {dag.py:4180} INFO - Setting next_dagrun for bash_operator_disk_usage to 2025-02-20 00:00:00+00:00, run_after=2025-02-21 00:00:00+00:00
[2025-02-20T17:33:05.776+0100] {processor.py:208} INFO - Processing /Users/ajlakorman/Desktop/Data-Mining-Projects/Apache_Airflow/airflow/dags/bashTask1.py took 0.147 seconds
[2025-02-20T17:33:06.167+0100] {processor.py:186} INFO - Started process (PID=39848) to work on /Users/ajlakorman/Desktop/Data-Mining-Projects/Apache_Airflow/airflow/dags/bashTask1.py
[2025-02-20T17:33:06.167+0100] {processor.py:914} INFO - Processing file /Users/ajlakorman/Desktop/Data-Mining-Projects/Apache_Airflow/airflow/dags/bashTask1.py for tasks to queue
[2025-02-20T17:33:06.168+0100] {logging_mixin.py:190} INFO - [2025-02-20T17:33:06.168+0100] {dagbag.py:588} INFO - Filling up the DagBag from /Users/ajlakorman/Desktop/Data-Mining-Projects/Apache_Airflow/airflow/dags/bashTask1.py
[2025-02-20T17:33:06.171+0100] {processor.py:925} INFO - DAG(s) 'bash_operator_disk_usage' retrieved from /Users/ajlakorman/Desktop/Data-Mining-Projects/Apache_Airflow/airflow/dags/bashTask1.py
[2025-02-20T17:33:06.236+0100] {logging_mixin.py:190} INFO - [2025-02-20T17:33:06.236+0100] {dag.py:3239} INFO - Sync 1 DAGs
[2025-02-20T17:33:06.243+0100] {logging_mixin.py:190} INFO - [2025-02-20T17:33:06.243+0100] {dag.py:4180} INFO - Setting next_dagrun for bash_operator_disk_usage to 2025-02-20 00:00:00+00:00, run_after=2025-02-21 00:00:00+00:00
[2025-02-20T17:33:06.250+0100] {processor.py:208} INFO - Processing /Users/ajlakorman/Desktop/Data-Mining-Projects/Apache_Airflow/airflow/dags/bashTask1.py took 0.085 seconds
[2025-02-20T17:34:44.506+0100] {processor.py:186} INFO - Started process (PID=40071) to work on /Users/ajlakorman/Desktop/Data-Mining-Projects/Apache_Airflow/airflow/dags/bashTask1.py
[2025-02-20T17:34:44.515+0100] {processor.py:914} INFO - Processing file /Users/ajlakorman/Desktop/Data-Mining-Projects/Apache_Airflow/airflow/dags/bashTask1.py for tasks to queue
[2025-02-20T17:34:44.517+0100] {logging_mixin.py:190} INFO - [2025-02-20T17:34:44.516+0100] {dagbag.py:588} INFO - Filling up the DagBag from /Users/ajlakorman/Desktop/Data-Mining-Projects/Apache_Airflow/airflow/dags/bashTask1.py
[2025-02-20T17:34:44.528+0100] {processor.py:925} INFO - DAG(s) 'bash_operator_disk_usage' retrieved from /Users/ajlakorman/Desktop/Data-Mining-Projects/Apache_Airflow/airflow/dags/bashTask1.py
[2025-02-20T17:34:44.642+0100] {logging_mixin.py:190} INFO - [2025-02-20T17:34:44.642+0100] {dag.py:3239} INFO - Sync 1 DAGs
[2025-02-20T17:34:44.670+0100] {logging_mixin.py:190} INFO - [2025-02-20T17:34:44.670+0100] {dag.py:4180} INFO - Setting next_dagrun for bash_operator_disk_usage to 2025-02-20 00:00:00+00:00, run_after=2025-02-21 00:00:00+00:00
[2025-02-20T17:34:44.702+0100] {processor.py:208} INFO - Processing /Users/ajlakorman/Desktop/Data-Mining-Projects/Apache_Airflow/airflow/dags/bashTask1.py took 0.200 seconds
[2025-02-20T17:34:52.219+0100] {processor.py:186} INFO - Started process (PID=40109) to work on /Users/ajlakorman/Desktop/Data-Mining-Projects/Apache_Airflow/airflow/dags/bashTask1.py
[2025-02-20T17:34:52.220+0100] {processor.py:914} INFO - Processing file /Users/ajlakorman/Desktop/Data-Mining-Projects/Apache_Airflow/airflow/dags/bashTask1.py for tasks to queue
[2025-02-20T17:34:52.221+0100] {logging_mixin.py:190} INFO - [2025-02-20T17:34:52.220+0100] {dagbag.py:588} INFO - Filling up the DagBag from /Users/ajlakorman/Desktop/Data-Mining-Projects/Apache_Airflow/airflow/dags/bashTask1.py
[2025-02-20T17:34:52.228+0100] {processor.py:925} INFO - DAG(s) 'bash_operator_disk_usage' retrieved from /Users/ajlakorman/Desktop/Data-Mining-Projects/Apache_Airflow/airflow/dags/bashTask1.py
[2025-02-20T17:34:52.333+0100] {logging_mixin.py:190} INFO - [2025-02-20T17:34:52.332+0100] {dag.py:3239} INFO - Sync 1 DAGs
[2025-02-20T17:34:52.341+0100] {logging_mixin.py:190} INFO - [2025-02-20T17:34:52.341+0100] {dag.py:4180} INFO - Setting next_dagrun for bash_operator_disk_usage to 2025-02-20 00:00:00+00:00, run_after=2025-02-21 00:00:00+00:00
[2025-02-20T17:34:52.350+0100] {processor.py:208} INFO - Processing /Users/ajlakorman/Desktop/Data-Mining-Projects/Apache_Airflow/airflow/dags/bashTask1.py took 0.135 seconds
[2025-02-20T17:34:57.339+0100] {processor.py:186} INFO - Started process (PID=40137) to work on /Users/ajlakorman/Desktop/Data-Mining-Projects/Apache_Airflow/airflow/dags/bashTask1.py
[2025-02-20T17:34:57.339+0100] {processor.py:914} INFO - Processing file /Users/ajlakorman/Desktop/Data-Mining-Projects/Apache_Airflow/airflow/dags/bashTask1.py for tasks to queue
[2025-02-20T17:34:57.340+0100] {logging_mixin.py:190} INFO - [2025-02-20T17:34:57.340+0100] {dagbag.py:588} INFO - Filling up the DagBag from /Users/ajlakorman/Desktop/Data-Mining-Projects/Apache_Airflow/airflow/dags/bashTask1.py
[2025-02-20T17:34:57.344+0100] {processor.py:925} INFO - DAG(s) 'bash_operator_disk_usage' retrieved from /Users/ajlakorman/Desktop/Data-Mining-Projects/Apache_Airflow/airflow/dags/bashTask1.py
[2025-02-20T17:34:57.426+0100] {logging_mixin.py:190} INFO - [2025-02-20T17:34:57.426+0100] {dag.py:3239} INFO - Sync 1 DAGs
[2025-02-20T17:34:57.435+0100] {logging_mixin.py:190} INFO - [2025-02-20T17:34:57.434+0100] {dag.py:4180} INFO - Setting next_dagrun for bash_operator_disk_usage to 2025-02-20 00:00:00+00:00, run_after=2025-02-21 00:00:00+00:00
[2025-02-20T17:34:57.443+0100] {processor.py:208} INFO - Processing /Users/ajlakorman/Desktop/Data-Mining-Projects/Apache_Airflow/airflow/dags/bashTask1.py took 0.106 seconds
[2025-02-20T17:36:53.015+0100] {processor.py:186} INFO - Started process (PID=40488) to work on /Users/ajlakorman/Desktop/Data-Mining-Projects/Apache_Airflow/airflow/dags/bashTask1.py
[2025-02-20T17:36:53.016+0100] {processor.py:914} INFO - Processing file /Users/ajlakorman/Desktop/Data-Mining-Projects/Apache_Airflow/airflow/dags/bashTask1.py for tasks to queue
[2025-02-20T17:36:53.016+0100] {logging_mixin.py:190} INFO - [2025-02-20T17:36:53.016+0100] {dagbag.py:588} INFO - Filling up the DagBag from /Users/ajlakorman/Desktop/Data-Mining-Projects/Apache_Airflow/airflow/dags/bashTask1.py
[2025-02-20T17:36:53.020+0100] {processor.py:925} INFO - DAG(s) 'bash_operator_disk_usage' retrieved from /Users/ajlakorman/Desktop/Data-Mining-Projects/Apache_Airflow/airflow/dags/bashTask1.py
[2025-02-20T17:36:53.084+0100] {logging_mixin.py:190} INFO - [2025-02-20T17:36:53.084+0100] {dag.py:3239} INFO - Sync 1 DAGs
[2025-02-20T17:36:53.092+0100] {logging_mixin.py:190} INFO - [2025-02-20T17:36:53.092+0100] {dag.py:4180} INFO - Setting next_dagrun for bash_operator_disk_usage to 2025-02-20 00:00:00+00:00, run_after=2025-02-21 00:00:00+00:00
[2025-02-20T17:36:53.099+0100] {processor.py:208} INFO - Processing /Users/ajlakorman/Desktop/Data-Mining-Projects/Apache_Airflow/airflow/dags/bashTask1.py took 0.085 seconds
[2025-02-20T17:37:02.397+0100] {processor.py:186} INFO - Started process (PID=40506) to work on /Users/ajlakorman/Desktop/Data-Mining-Projects/Apache_Airflow/airflow/dags/bashTask1.py
[2025-02-20T17:37:02.398+0100] {processor.py:914} INFO - Processing file /Users/ajlakorman/Desktop/Data-Mining-Projects/Apache_Airflow/airflow/dags/bashTask1.py for tasks to queue
[2025-02-20T17:37:02.399+0100] {logging_mixin.py:190} INFO - [2025-02-20T17:37:02.399+0100] {dagbag.py:588} INFO - Filling up the DagBag from /Users/ajlakorman/Desktop/Data-Mining-Projects/Apache_Airflow/airflow/dags/bashTask1.py
[2025-02-20T17:37:02.403+0100] {processor.py:925} INFO - DAG(s) 'bash_operator_disk_usage' retrieved from /Users/ajlakorman/Desktop/Data-Mining-Projects/Apache_Airflow/airflow/dags/bashTask1.py
[2025-02-20T17:37:02.472+0100] {logging_mixin.py:190} INFO - [2025-02-20T17:37:02.471+0100] {dag.py:3239} INFO - Sync 1 DAGs
[2025-02-20T17:37:02.479+0100] {logging_mixin.py:190} INFO - [2025-02-20T17:37:02.479+0100] {dag.py:4180} INFO - Setting next_dagrun for bash_operator_disk_usage to 2025-02-20 00:00:00+00:00, run_after=2025-02-21 00:00:00+00:00
[2025-02-20T17:37:02.487+0100] {processor.py:208} INFO - Processing /Users/ajlakorman/Desktop/Data-Mining-Projects/Apache_Airflow/airflow/dags/bashTask1.py took 0.092 seconds
[2025-02-20T17:38:41.523+0100] {processor.py:186} INFO - Started process (PID=40725) to work on /Users/ajlakorman/Desktop/Data-Mining-Projects/Apache_Airflow/airflow/dags/bashTask1.py
[2025-02-20T17:38:41.524+0100] {processor.py:914} INFO - Processing file /Users/ajlakorman/Desktop/Data-Mining-Projects/Apache_Airflow/airflow/dags/bashTask1.py for tasks to queue
[2025-02-20T17:38:41.524+0100] {logging_mixin.py:190} INFO - [2025-02-20T17:38:41.524+0100] {dagbag.py:588} INFO - Filling up the DagBag from /Users/ajlakorman/Desktop/Data-Mining-Projects/Apache_Airflow/airflow/dags/bashTask1.py
[2025-02-20T17:38:41.529+0100] {processor.py:925} INFO - DAG(s) 'bash_operator_disk_usage' retrieved from /Users/ajlakorman/Desktop/Data-Mining-Projects/Apache_Airflow/airflow/dags/bashTask1.py
[2025-02-20T17:38:41.620+0100] {logging_mixin.py:190} INFO - [2025-02-20T17:38:41.620+0100] {dag.py:3239} INFO - Sync 1 DAGs
[2025-02-20T17:38:41.629+0100] {logging_mixin.py:190} INFO - [2025-02-20T17:38:41.628+0100] {dag.py:4180} INFO - Setting next_dagrun for bash_operator_disk_usage to 2025-02-20 00:00:00+00:00, run_after=2025-02-21 00:00:00+00:00
[2025-02-20T17:38:41.638+0100] {processor.py:208} INFO - Processing /Users/ajlakorman/Desktop/Data-Mining-Projects/Apache_Airflow/airflow/dags/bashTask1.py took 0.117 seconds
[2025-02-20T17:38:50.994+0100] {processor.py:186} INFO - Started process (PID=40746) to work on /Users/ajlakorman/Desktop/Data-Mining-Projects/Apache_Airflow/airflow/dags/bashTask1.py
[2025-02-20T17:38:50.994+0100] {processor.py:914} INFO - Processing file /Users/ajlakorman/Desktop/Data-Mining-Projects/Apache_Airflow/airflow/dags/bashTask1.py for tasks to queue
[2025-02-20T17:38:50.995+0100] {logging_mixin.py:190} INFO - [2025-02-20T17:38:50.995+0100] {dagbag.py:588} INFO - Filling up the DagBag from /Users/ajlakorman/Desktop/Data-Mining-Projects/Apache_Airflow/airflow/dags/bashTask1.py
[2025-02-20T17:38:51.000+0100] {processor.py:925} INFO - DAG(s) 'bash_operator_disk_usage' retrieved from /Users/ajlakorman/Desktop/Data-Mining-Projects/Apache_Airflow/airflow/dags/bashTask1.py
[2025-02-20T17:38:51.084+0100] {logging_mixin.py:190} INFO - [2025-02-20T17:38:51.084+0100] {dag.py:3239} INFO - Sync 1 DAGs
[2025-02-20T17:38:51.092+0100] {logging_mixin.py:190} INFO - [2025-02-20T17:38:51.092+0100] {dag.py:4180} INFO - Setting next_dagrun for bash_operator_disk_usage to 2025-02-20 00:00:00+00:00, run_after=2025-02-21 00:00:00+00:00
[2025-02-20T17:38:51.100+0100] {processor.py:208} INFO - Processing /Users/ajlakorman/Desktop/Data-Mining-Projects/Apache_Airflow/airflow/dags/bashTask1.py took 0.110 seconds
[2025-02-20T17:40:35.171+0100] {processor.py:186} INFO - Started process (PID=40967) to work on /Users/ajlakorman/Desktop/Data-Mining-Projects/Apache_Airflow/airflow/dags/bashTask1.py
[2025-02-20T17:40:35.172+0100] {processor.py:914} INFO - Processing file /Users/ajlakorman/Desktop/Data-Mining-Projects/Apache_Airflow/airflow/dags/bashTask1.py for tasks to queue
[2025-02-20T17:40:35.172+0100] {logging_mixin.py:190} INFO - [2025-02-20T17:40:35.172+0100] {dagbag.py:588} INFO - Filling up the DagBag from /Users/ajlakorman/Desktop/Data-Mining-Projects/Apache_Airflow/airflow/dags/bashTask1.py
[2025-02-20T17:40:35.177+0100] {processor.py:925} INFO - DAG(s) 'bash_operator_disk_usage' retrieved from /Users/ajlakorman/Desktop/Data-Mining-Projects/Apache_Airflow/airflow/dags/bashTask1.py
[2025-02-20T17:40:35.244+0100] {logging_mixin.py:190} INFO - [2025-02-20T17:40:35.244+0100] {dag.py:3239} INFO - Sync 1 DAGs
[2025-02-20T17:40:35.252+0100] {logging_mixin.py:190} INFO - [2025-02-20T17:40:35.252+0100] {dag.py:4180} INFO - Setting next_dagrun for bash_operator_disk_usage to 2025-02-20 00:00:00+00:00, run_after=2025-02-21 00:00:00+00:00
[2025-02-20T17:40:35.260+0100] {processor.py:208} INFO - Processing /Users/ajlakorman/Desktop/Data-Mining-Projects/Apache_Airflow/airflow/dags/bashTask1.py took 0.091 seconds
[2025-02-20T17:40:42.611+0100] {processor.py:186} INFO - Started process (PID=40981) to work on /Users/ajlakorman/Desktop/Data-Mining-Projects/Apache_Airflow/airflow/dags/bashTask1.py
[2025-02-20T17:40:42.612+0100] {processor.py:914} INFO - Processing file /Users/ajlakorman/Desktop/Data-Mining-Projects/Apache_Airflow/airflow/dags/bashTask1.py for tasks to queue
[2025-02-20T17:40:42.612+0100] {logging_mixin.py:190} INFO - [2025-02-20T17:40:42.612+0100] {dagbag.py:588} INFO - Filling up the DagBag from /Users/ajlakorman/Desktop/Data-Mining-Projects/Apache_Airflow/airflow/dags/bashTask1.py
[2025-02-20T17:40:42.617+0100] {processor.py:925} INFO - DAG(s) 'bash_operator_disk_usage' retrieved from /Users/ajlakorman/Desktop/Data-Mining-Projects/Apache_Airflow/airflow/dags/bashTask1.py
[2025-02-20T17:40:42.690+0100] {logging_mixin.py:190} INFO - [2025-02-20T17:40:42.690+0100] {dag.py:3239} INFO - Sync 1 DAGs
[2025-02-20T17:40:42.698+0100] {logging_mixin.py:190} INFO - [2025-02-20T17:40:42.698+0100] {dag.py:4180} INFO - Setting next_dagrun for bash_operator_disk_usage to 2025-02-20 00:00:00+00:00, run_after=2025-02-21 00:00:00+00:00
[2025-02-20T17:40:42.708+0100] {processor.py:208} INFO - Processing /Users/ajlakorman/Desktop/Data-Mining-Projects/Apache_Airflow/airflow/dags/bashTask1.py took 0.098 seconds
[2025-02-20T17:42:39.321+0100] {processor.py:186} INFO - Started process (PID=41304) to work on /Users/ajlakorman/Desktop/Data-Mining-Projects/Apache_Airflow/airflow/dags/bashTask1.py
[2025-02-20T17:42:39.322+0100] {processor.py:914} INFO - Processing file /Users/ajlakorman/Desktop/Data-Mining-Projects/Apache_Airflow/airflow/dags/bashTask1.py for tasks to queue
[2025-02-20T17:42:39.322+0100] {logging_mixin.py:190} INFO - [2025-02-20T17:42:39.322+0100] {dagbag.py:588} INFO - Filling up the DagBag from /Users/ajlakorman/Desktop/Data-Mining-Projects/Apache_Airflow/airflow/dags/bashTask1.py
[2025-02-20T17:42:39.327+0100] {processor.py:925} INFO - DAG(s) 'bash_operator_disk_usage' retrieved from /Users/ajlakorman/Desktop/Data-Mining-Projects/Apache_Airflow/airflow/dags/bashTask1.py
[2025-02-20T17:42:39.400+0100] {logging_mixin.py:190} INFO - [2025-02-20T17:42:39.400+0100] {dag.py:3239} INFO - Sync 1 DAGs
[2025-02-20T17:42:39.408+0100] {logging_mixin.py:190} INFO - [2025-02-20T17:42:39.408+0100] {dag.py:4180} INFO - Setting next_dagrun for bash_operator_disk_usage to 2025-02-20 00:00:00+00:00, run_after=2025-02-21 00:00:00+00:00
[2025-02-20T17:42:39.415+0100] {processor.py:208} INFO - Processing /Users/ajlakorman/Desktop/Data-Mining-Projects/Apache_Airflow/airflow/dags/bashTask1.py took 0.096 seconds
[2025-02-20T17:42:44.251+0100] {processor.py:186} INFO - Started process (PID=41316) to work on /Users/ajlakorman/Desktop/Data-Mining-Projects/Apache_Airflow/airflow/dags/bashTask1.py
[2025-02-20T17:42:44.251+0100] {processor.py:914} INFO - Processing file /Users/ajlakorman/Desktop/Data-Mining-Projects/Apache_Airflow/airflow/dags/bashTask1.py for tasks to queue
[2025-02-20T17:42:44.252+0100] {logging_mixin.py:190} INFO - [2025-02-20T17:42:44.252+0100] {dagbag.py:588} INFO - Filling up the DagBag from /Users/ajlakorman/Desktop/Data-Mining-Projects/Apache_Airflow/airflow/dags/bashTask1.py
[2025-02-20T17:42:44.255+0100] {processor.py:925} INFO - DAG(s) 'bash_operator_disk_usage' retrieved from /Users/ajlakorman/Desktop/Data-Mining-Projects/Apache_Airflow/airflow/dags/bashTask1.py
[2025-02-20T17:42:44.319+0100] {logging_mixin.py:190} INFO - [2025-02-20T17:42:44.319+0100] {dag.py:3239} INFO - Sync 1 DAGs
[2025-02-20T17:42:44.326+0100] {logging_mixin.py:190} INFO - [2025-02-20T17:42:44.326+0100] {dag.py:4180} INFO - Setting next_dagrun for bash_operator_disk_usage to 2025-02-20 00:00:00+00:00, run_after=2025-02-21 00:00:00+00:00
[2025-02-20T17:42:44.333+0100] {processor.py:208} INFO - Processing /Users/ajlakorman/Desktop/Data-Mining-Projects/Apache_Airflow/airflow/dags/bashTask1.py took 0.084 seconds
[2025-02-20T17:44:24.561+0100] {processor.py:186} INFO - Started process (PID=41544) to work on /Users/ajlakorman/Desktop/Data-Mining-Projects/Apache_Airflow/airflow/dags/bashTask1.py
[2025-02-20T17:44:24.562+0100] {processor.py:914} INFO - Processing file /Users/ajlakorman/Desktop/Data-Mining-Projects/Apache_Airflow/airflow/dags/bashTask1.py for tasks to queue
[2025-02-20T17:44:24.562+0100] {logging_mixin.py:190} INFO - [2025-02-20T17:44:24.562+0100] {dagbag.py:588} INFO - Filling up the DagBag from /Users/ajlakorman/Desktop/Data-Mining-Projects/Apache_Airflow/airflow/dags/bashTask1.py
[2025-02-20T17:44:24.566+0100] {processor.py:925} INFO - DAG(s) 'bash_operator_disk_usage' retrieved from /Users/ajlakorman/Desktop/Data-Mining-Projects/Apache_Airflow/airflow/dags/bashTask1.py
[2025-02-20T17:44:24.643+0100] {logging_mixin.py:190} INFO - [2025-02-20T17:44:24.643+0100] {dag.py:3239} INFO - Sync 1 DAGs
[2025-02-20T17:44:24.651+0100] {logging_mixin.py:190} INFO - [2025-02-20T17:44:24.651+0100] {dag.py:4180} INFO - Setting next_dagrun for bash_operator_disk_usage to 2025-02-20 00:00:00+00:00, run_after=2025-02-21 00:00:00+00:00
[2025-02-20T17:44:24.660+0100] {processor.py:208} INFO - Processing /Users/ajlakorman/Desktop/Data-Mining-Projects/Apache_Airflow/airflow/dags/bashTask1.py took 0.101 seconds
[2025-02-20T17:44:31.265+0100] {processor.py:186} INFO - Started process (PID=41557) to work on /Users/ajlakorman/Desktop/Data-Mining-Projects/Apache_Airflow/airflow/dags/bashTask1.py
[2025-02-20T17:44:31.266+0100] {processor.py:914} INFO - Processing file /Users/ajlakorman/Desktop/Data-Mining-Projects/Apache_Airflow/airflow/dags/bashTask1.py for tasks to queue
[2025-02-20T17:44:31.266+0100] {logging_mixin.py:190} INFO - [2025-02-20T17:44:31.266+0100] {dagbag.py:588} INFO - Filling up the DagBag from /Users/ajlakorman/Desktop/Data-Mining-Projects/Apache_Airflow/airflow/dags/bashTask1.py
[2025-02-20T17:44:31.271+0100] {processor.py:925} INFO - DAG(s) 'bash_operator_disk_usage' retrieved from /Users/ajlakorman/Desktop/Data-Mining-Projects/Apache_Airflow/airflow/dags/bashTask1.py
[2025-02-20T17:44:31.343+0100] {logging_mixin.py:190} INFO - [2025-02-20T17:44:31.343+0100] {dag.py:3239} INFO - Sync 1 DAGs
[2025-02-20T17:44:31.352+0100] {logging_mixin.py:190} INFO - [2025-02-20T17:44:31.352+0100] {dag.py:4180} INFO - Setting next_dagrun for bash_operator_disk_usage to 2025-02-20 00:00:00+00:00, run_after=2025-02-21 00:00:00+00:00
[2025-02-20T17:44:31.360+0100] {processor.py:208} INFO - Processing /Users/ajlakorman/Desktop/Data-Mining-Projects/Apache_Airflow/airflow/dags/bashTask1.py took 0.097 seconds
[2025-02-20T17:46:08.760+0100] {processor.py:186} INFO - Started process (PID=41781) to work on /Users/ajlakorman/Desktop/Data-Mining-Projects/Apache_Airflow/airflow/dags/bashTask1.py
[2025-02-20T17:46:08.760+0100] {processor.py:914} INFO - Processing file /Users/ajlakorman/Desktop/Data-Mining-Projects/Apache_Airflow/airflow/dags/bashTask1.py for tasks to queue
[2025-02-20T17:46:08.761+0100] {logging_mixin.py:190} INFO - [2025-02-20T17:46:08.761+0100] {dagbag.py:588} INFO - Filling up the DagBag from /Users/ajlakorman/Desktop/Data-Mining-Projects/Apache_Airflow/airflow/dags/bashTask1.py
[2025-02-20T17:46:08.767+0100] {processor.py:925} INFO - DAG(s) 'bash_operator_disk_usage' retrieved from /Users/ajlakorman/Desktop/Data-Mining-Projects/Apache_Airflow/airflow/dags/bashTask1.py
[2025-02-20T17:46:08.841+0100] {logging_mixin.py:190} INFO - [2025-02-20T17:46:08.840+0100] {dag.py:3239} INFO - Sync 1 DAGs
[2025-02-20T17:46:08.851+0100] {logging_mixin.py:190} INFO - [2025-02-20T17:46:08.851+0100] {dag.py:4180} INFO - Setting next_dagrun for bash_operator_disk_usage to 2025-02-20 00:00:00+00:00, run_after=2025-02-21 00:00:00+00:00
[2025-02-20T17:46:08.859+0100] {processor.py:208} INFO - Processing /Users/ajlakorman/Desktop/Data-Mining-Projects/Apache_Airflow/airflow/dags/bashTask1.py took 0.101 seconds
[2025-02-20T17:46:13.951+0100] {processor.py:186} INFO - Started process (PID=41792) to work on /Users/ajlakorman/Desktop/Data-Mining-Projects/Apache_Airflow/airflow/dags/bashTask1.py
[2025-02-20T17:46:13.952+0100] {processor.py:914} INFO - Processing file /Users/ajlakorman/Desktop/Data-Mining-Projects/Apache_Airflow/airflow/dags/bashTask1.py for tasks to queue
[2025-02-20T17:46:13.952+0100] {logging_mixin.py:190} INFO - [2025-02-20T17:46:13.952+0100] {dagbag.py:588} INFO - Filling up the DagBag from /Users/ajlakorman/Desktop/Data-Mining-Projects/Apache_Airflow/airflow/dags/bashTask1.py
[2025-02-20T17:46:13.956+0100] {processor.py:925} INFO - DAG(s) 'bash_operator_disk_usage' retrieved from /Users/ajlakorman/Desktop/Data-Mining-Projects/Apache_Airflow/airflow/dags/bashTask1.py
[2025-02-20T17:46:14.035+0100] {logging_mixin.py:190} INFO - [2025-02-20T17:46:14.035+0100] {dag.py:3239} INFO - Sync 1 DAGs
[2025-02-20T17:46:14.043+0100] {logging_mixin.py:190} INFO - [2025-02-20T17:46:14.043+0100] {dag.py:4180} INFO - Setting next_dagrun for bash_operator_disk_usage to 2025-02-20 00:00:00+00:00, run_after=2025-02-21 00:00:00+00:00
[2025-02-20T17:46:14.050+0100] {processor.py:208} INFO - Processing /Users/ajlakorman/Desktop/Data-Mining-Projects/Apache_Airflow/airflow/dags/bashTask1.py took 0.100 seconds
[2025-02-20T17:48:06.541+0100] {processor.py:186} INFO - Started process (PID=42105) to work on /Users/ajlakorman/Desktop/Data-Mining-Projects/Apache_Airflow/airflow/dags/bashTask1.py
[2025-02-20T17:48:06.541+0100] {processor.py:914} INFO - Processing file /Users/ajlakorman/Desktop/Data-Mining-Projects/Apache_Airflow/airflow/dags/bashTask1.py for tasks to queue
[2025-02-20T17:48:06.542+0100] {logging_mixin.py:190} INFO - [2025-02-20T17:48:06.542+0100] {dagbag.py:588} INFO - Filling up the DagBag from /Users/ajlakorman/Desktop/Data-Mining-Projects/Apache_Airflow/airflow/dags/bashTask1.py
[2025-02-20T17:48:06.547+0100] {processor.py:925} INFO - DAG(s) 'bash_operator_disk_usage' retrieved from /Users/ajlakorman/Desktop/Data-Mining-Projects/Apache_Airflow/airflow/dags/bashTask1.py
[2025-02-20T17:48:06.660+0100] {logging_mixin.py:190} INFO - [2025-02-20T17:48:06.660+0100] {dag.py:3239} INFO - Sync 1 DAGs
[2025-02-20T17:48:06.670+0100] {logging_mixin.py:190} INFO - [2025-02-20T17:48:06.670+0100] {dag.py:4180} INFO - Setting next_dagrun for bash_operator_disk_usage to 2025-02-20 00:00:00+00:00, run_after=2025-02-21 00:00:00+00:00
[2025-02-20T17:48:06.681+0100] {processor.py:208} INFO - Processing /Users/ajlakorman/Desktop/Data-Mining-Projects/Apache_Airflow/airflow/dags/bashTask1.py took 0.142 seconds
[2025-02-20T17:48:16.831+0100] {processor.py:186} INFO - Started process (PID=42126) to work on /Users/ajlakorman/Desktop/Data-Mining-Projects/Apache_Airflow/airflow/dags/bashTask1.py
[2025-02-20T17:48:16.832+0100] {processor.py:914} INFO - Processing file /Users/ajlakorman/Desktop/Data-Mining-Projects/Apache_Airflow/airflow/dags/bashTask1.py for tasks to queue
[2025-02-20T17:48:16.832+0100] {logging_mixin.py:190} INFO - [2025-02-20T17:48:16.832+0100] {dagbag.py:588} INFO - Filling up the DagBag from /Users/ajlakorman/Desktop/Data-Mining-Projects/Apache_Airflow/airflow/dags/bashTask1.py
[2025-02-20T17:48:16.837+0100] {processor.py:925} INFO - DAG(s) 'bash_operator_disk_usage' retrieved from /Users/ajlakorman/Desktop/Data-Mining-Projects/Apache_Airflow/airflow/dags/bashTask1.py
[2025-02-20T17:48:16.906+0100] {logging_mixin.py:190} INFO - [2025-02-20T17:48:16.906+0100] {dag.py:3239} INFO - Sync 1 DAGs
[2025-02-20T17:48:16.914+0100] {logging_mixin.py:190} INFO - [2025-02-20T17:48:16.914+0100] {dag.py:4180} INFO - Setting next_dagrun for bash_operator_disk_usage to 2025-02-20 00:00:00+00:00, run_after=2025-02-21 00:00:00+00:00
[2025-02-20T17:48:16.921+0100] {processor.py:208} INFO - Processing /Users/ajlakorman/Desktop/Data-Mining-Projects/Apache_Airflow/airflow/dags/bashTask1.py took 0.092 seconds
[2025-02-20T17:49:48.928+0100] {processor.py:186} INFO - Started process (PID=42345) to work on /Users/ajlakorman/Desktop/Data-Mining-Projects/Apache_Airflow/airflow/dags/bashTask1.py
[2025-02-20T17:49:48.929+0100] {processor.py:914} INFO - Processing file /Users/ajlakorman/Desktop/Data-Mining-Projects/Apache_Airflow/airflow/dags/bashTask1.py for tasks to queue
[2025-02-20T17:49:48.930+0100] {logging_mixin.py:190} INFO - [2025-02-20T17:49:48.930+0100] {dagbag.py:588} INFO - Filling up the DagBag from /Users/ajlakorman/Desktop/Data-Mining-Projects/Apache_Airflow/airflow/dags/bashTask1.py
[2025-02-20T17:49:48.934+0100] {processor.py:925} INFO - DAG(s) 'bash_operator_disk_usage' retrieved from /Users/ajlakorman/Desktop/Data-Mining-Projects/Apache_Airflow/airflow/dags/bashTask1.py
[2025-02-20T17:49:48.999+0100] {logging_mixin.py:190} INFO - [2025-02-20T17:49:48.999+0100] {dag.py:3239} INFO - Sync 1 DAGs
[2025-02-20T17:49:49.009+0100] {logging_mixin.py:190} INFO - [2025-02-20T17:49:49.008+0100] {dag.py:4180} INFO - Setting next_dagrun for bash_operator_disk_usage to 2025-02-20 00:00:00+00:00, run_after=2025-02-21 00:00:00+00:00
[2025-02-20T17:49:49.022+0100] {processor.py:208} INFO - Processing /Users/ajlakorman/Desktop/Data-Mining-Projects/Apache_Airflow/airflow/dags/bashTask1.py took 0.096 seconds
[2025-02-20T17:50:00.812+0100] {processor.py:186} INFO - Started process (PID=42368) to work on /Users/ajlakorman/Desktop/Data-Mining-Projects/Apache_Airflow/airflow/dags/bashTask1.py
[2025-02-20T17:50:00.813+0100] {processor.py:914} INFO - Processing file /Users/ajlakorman/Desktop/Data-Mining-Projects/Apache_Airflow/airflow/dags/bashTask1.py for tasks to queue
[2025-02-20T17:50:00.813+0100] {logging_mixin.py:190} INFO - [2025-02-20T17:50:00.813+0100] {dagbag.py:588} INFO - Filling up the DagBag from /Users/ajlakorman/Desktop/Data-Mining-Projects/Apache_Airflow/airflow/dags/bashTask1.py
[2025-02-20T17:50:00.818+0100] {processor.py:925} INFO - DAG(s) 'bash_operator_disk_usage' retrieved from /Users/ajlakorman/Desktop/Data-Mining-Projects/Apache_Airflow/airflow/dags/bashTask1.py
[2025-02-20T17:50:00.883+0100] {logging_mixin.py:190} INFO - [2025-02-20T17:50:00.883+0100] {dag.py:3239} INFO - Sync 1 DAGs
[2025-02-20T17:50:00.891+0100] {logging_mixin.py:190} INFO - [2025-02-20T17:50:00.891+0100] {dag.py:4180} INFO - Setting next_dagrun for bash_operator_disk_usage to 2025-02-20 00:00:00+00:00, run_after=2025-02-21 00:00:00+00:00
[2025-02-20T17:50:00.898+0100] {processor.py:208} INFO - Processing /Users/ajlakorman/Desktop/Data-Mining-Projects/Apache_Airflow/airflow/dags/bashTask1.py took 0.090 seconds
[2025-02-20T17:51:34.268+0100] {processor.py:186} INFO - Started process (PID=42609) to work on /Users/ajlakorman/Desktop/Data-Mining-Projects/Apache_Airflow/airflow/dags/bashTask1.py
[2025-02-20T17:51:34.268+0100] {processor.py:914} INFO - Processing file /Users/ajlakorman/Desktop/Data-Mining-Projects/Apache_Airflow/airflow/dags/bashTask1.py for tasks to queue
[2025-02-20T17:51:34.269+0100] {logging_mixin.py:190} INFO - [2025-02-20T17:51:34.269+0100] {dagbag.py:588} INFO - Filling up the DagBag from /Users/ajlakorman/Desktop/Data-Mining-Projects/Apache_Airflow/airflow/dags/bashTask1.py
[2025-02-20T17:51:34.273+0100] {processor.py:925} INFO - DAG(s) 'bash_operator_disk_usage' retrieved from /Users/ajlakorman/Desktop/Data-Mining-Projects/Apache_Airflow/airflow/dags/bashTask1.py
[2025-02-20T17:51:34.339+0100] {logging_mixin.py:190} INFO - [2025-02-20T17:51:34.339+0100] {dag.py:3239} INFO - Sync 1 DAGs
[2025-02-20T17:51:34.347+0100] {logging_mixin.py:190} INFO - [2025-02-20T17:51:34.347+0100] {dag.py:4180} INFO - Setting next_dagrun for bash_operator_disk_usage to 2025-02-20 00:00:00+00:00, run_after=2025-02-21 00:00:00+00:00
[2025-02-20T17:51:34.354+0100] {processor.py:208} INFO - Processing /Users/ajlakorman/Desktop/Data-Mining-Projects/Apache_Airflow/airflow/dags/bashTask1.py took 0.088 seconds
[2025-02-20T17:51:44.883+0100] {processor.py:186} INFO - Started process (PID=42631) to work on /Users/ajlakorman/Desktop/Data-Mining-Projects/Apache_Airflow/airflow/dags/bashTask1.py
[2025-02-20T17:51:44.883+0100] {processor.py:914} INFO - Processing file /Users/ajlakorman/Desktop/Data-Mining-Projects/Apache_Airflow/airflow/dags/bashTask1.py for tasks to queue
[2025-02-20T17:51:44.884+0100] {logging_mixin.py:190} INFO - [2025-02-20T17:51:44.884+0100] {dagbag.py:588} INFO - Filling up the DagBag from /Users/ajlakorman/Desktop/Data-Mining-Projects/Apache_Airflow/airflow/dags/bashTask1.py
[2025-02-20T17:51:44.889+0100] {processor.py:925} INFO - DAG(s) 'bash_operator_disk_usage' retrieved from /Users/ajlakorman/Desktop/Data-Mining-Projects/Apache_Airflow/airflow/dags/bashTask1.py
[2025-02-20T17:51:44.955+0100] {logging_mixin.py:190} INFO - [2025-02-20T17:51:44.955+0100] {dag.py:3239} INFO - Sync 1 DAGs
[2025-02-20T17:51:44.962+0100] {logging_mixin.py:190} INFO - [2025-02-20T17:51:44.962+0100] {dag.py:4180} INFO - Setting next_dagrun for bash_operator_disk_usage to 2025-02-20 00:00:00+00:00, run_after=2025-02-21 00:00:00+00:00
[2025-02-20T17:51:44.969+0100] {processor.py:208} INFO - Processing /Users/ajlakorman/Desktop/Data-Mining-Projects/Apache_Airflow/airflow/dags/bashTask1.py took 0.088 seconds
[2025-02-20T17:53:32.529+0100] {processor.py:186} INFO - Started process (PID=42949) to work on /Users/ajlakorman/Desktop/Data-Mining-Projects/Apache_Airflow/airflow/dags/bashTask1.py
[2025-02-20T17:53:32.529+0100] {processor.py:914} INFO - Processing file /Users/ajlakorman/Desktop/Data-Mining-Projects/Apache_Airflow/airflow/dags/bashTask1.py for tasks to queue
[2025-02-20T17:53:32.530+0100] {logging_mixin.py:190} INFO - [2025-02-20T17:53:32.530+0100] {dagbag.py:588} INFO - Filling up the DagBag from /Users/ajlakorman/Desktop/Data-Mining-Projects/Apache_Airflow/airflow/dags/bashTask1.py
[2025-02-20T17:53:32.535+0100] {processor.py:925} INFO - DAG(s) 'bash_operator_disk_usage' retrieved from /Users/ajlakorman/Desktop/Data-Mining-Projects/Apache_Airflow/airflow/dags/bashTask1.py
[2025-02-20T17:53:32.652+0100] {logging_mixin.py:190} INFO - [2025-02-20T17:53:32.652+0100] {dag.py:3239} INFO - Sync 1 DAGs
[2025-02-20T17:53:32.659+0100] {logging_mixin.py:190} INFO - [2025-02-20T17:53:32.659+0100] {dag.py:4180} INFO - Setting next_dagrun for bash_operator_disk_usage to 2025-02-20 00:00:00+00:00, run_after=2025-02-21 00:00:00+00:00
[2025-02-20T17:53:32.667+0100] {processor.py:208} INFO - Processing /Users/ajlakorman/Desktop/Data-Mining-Projects/Apache_Airflow/airflow/dags/bashTask1.py took 0.140 seconds
[2025-02-20T17:53:39.578+0100] {processor.py:186} INFO - Started process (PID=42968) to work on /Users/ajlakorman/Desktop/Data-Mining-Projects/Apache_Airflow/airflow/dags/bashTask1.py
[2025-02-20T17:53:39.579+0100] {processor.py:914} INFO - Processing file /Users/ajlakorman/Desktop/Data-Mining-Projects/Apache_Airflow/airflow/dags/bashTask1.py for tasks to queue
[2025-02-20T17:53:39.579+0100] {logging_mixin.py:190} INFO - [2025-02-20T17:53:39.579+0100] {dagbag.py:588} INFO - Filling up the DagBag from /Users/ajlakorman/Desktop/Data-Mining-Projects/Apache_Airflow/airflow/dags/bashTask1.py
[2025-02-20T17:53:39.584+0100] {processor.py:925} INFO - DAG(s) 'bash_operator_disk_usage' retrieved from /Users/ajlakorman/Desktop/Data-Mining-Projects/Apache_Airflow/airflow/dags/bashTask1.py
[2025-02-20T17:53:39.652+0100] {logging_mixin.py:190} INFO - [2025-02-20T17:53:39.652+0100] {dag.py:3239} INFO - Sync 1 DAGs
[2025-02-20T17:53:39.659+0100] {logging_mixin.py:190} INFO - [2025-02-20T17:53:39.659+0100] {dag.py:4180} INFO - Setting next_dagrun for bash_operator_disk_usage to 2025-02-20 00:00:00+00:00, run_after=2025-02-21 00:00:00+00:00
[2025-02-20T17:53:39.666+0100] {processor.py:208} INFO - Processing /Users/ajlakorman/Desktop/Data-Mining-Projects/Apache_Airflow/airflow/dags/bashTask1.py took 0.093 seconds
[2025-02-20T17:55:19.849+0100] {processor.py:186} INFO - Started process (PID=43223) to work on /Users/ajlakorman/Desktop/Data-Mining-Projects/Apache_Airflow/airflow/dags/bashTask1.py
[2025-02-20T17:55:19.850+0100] {processor.py:914} INFO - Processing file /Users/ajlakorman/Desktop/Data-Mining-Projects/Apache_Airflow/airflow/dags/bashTask1.py for tasks to queue
[2025-02-20T17:55:19.851+0100] {logging_mixin.py:190} INFO - [2025-02-20T17:55:19.851+0100] {dagbag.py:588} INFO - Filling up the DagBag from /Users/ajlakorman/Desktop/Data-Mining-Projects/Apache_Airflow/airflow/dags/bashTask1.py
[2025-02-20T17:55:19.912+0100] {processor.py:925} INFO - DAG(s) 'bash_operator_disk_usage' retrieved from /Users/ajlakorman/Desktop/Data-Mining-Projects/Apache_Airflow/airflow/dags/bashTask1.py
[2025-02-20T17:55:20.155+0100] {logging_mixin.py:190} INFO - [2025-02-20T17:55:20.155+0100] {dag.py:3239} INFO - Sync 1 DAGs
[2025-02-20T17:55:20.183+0100] {logging_mixin.py:190} INFO - [2025-02-20T17:55:20.183+0100] {dag.py:4180} INFO - Setting next_dagrun for bash_operator_disk_usage to 2025-02-20 00:00:00+00:00, run_after=2025-02-21 00:00:00+00:00
[2025-02-20T17:55:20.218+0100] {processor.py:208} INFO - Processing /Users/ajlakorman/Desktop/Data-Mining-Projects/Apache_Airflow/airflow/dags/bashTask1.py took 0.372 seconds
[2025-02-20T17:55:26.267+0100] {processor.py:186} INFO - Started process (PID=43241) to work on /Users/ajlakorman/Desktop/Data-Mining-Projects/Apache_Airflow/airflow/dags/bashTask1.py
[2025-02-20T17:55:26.268+0100] {processor.py:914} INFO - Processing file /Users/ajlakorman/Desktop/Data-Mining-Projects/Apache_Airflow/airflow/dags/bashTask1.py for tasks to queue
[2025-02-20T17:55:26.269+0100] {logging_mixin.py:190} INFO - [2025-02-20T17:55:26.269+0100] {dagbag.py:588} INFO - Filling up the DagBag from /Users/ajlakorman/Desktop/Data-Mining-Projects/Apache_Airflow/airflow/dags/bashTask1.py
[2025-02-20T17:55:26.276+0100] {processor.py:925} INFO - DAG(s) 'bash_operator_disk_usage' retrieved from /Users/ajlakorman/Desktop/Data-Mining-Projects/Apache_Airflow/airflow/dags/bashTask1.py
[2025-02-20T17:55:26.350+0100] {logging_mixin.py:190} INFO - [2025-02-20T17:55:26.349+0100] {dag.py:3239} INFO - Sync 1 DAGs
[2025-02-20T17:55:26.358+0100] {logging_mixin.py:190} INFO - [2025-02-20T17:55:26.358+0100] {dag.py:4180} INFO - Setting next_dagrun for bash_operator_disk_usage to 2025-02-20 00:00:00+00:00, run_after=2025-02-21 00:00:00+00:00
[2025-02-20T17:55:26.367+0100] {processor.py:208} INFO - Processing /Users/ajlakorman/Desktop/Data-Mining-Projects/Apache_Airflow/airflow/dags/bashTask1.py took 0.105 seconds
[2025-02-20T17:57:09.571+0100] {processor.py:186} INFO - Started process (PID=43465) to work on /Users/ajlakorman/Desktop/Data-Mining-Projects/Apache_Airflow/airflow/dags/bashTask1.py
[2025-02-20T17:57:09.571+0100] {processor.py:914} INFO - Processing file /Users/ajlakorman/Desktop/Data-Mining-Projects/Apache_Airflow/airflow/dags/bashTask1.py for tasks to queue
[2025-02-20T17:57:09.572+0100] {logging_mixin.py:190} INFO - [2025-02-20T17:57:09.572+0100] {dagbag.py:588} INFO - Filling up the DagBag from /Users/ajlakorman/Desktop/Data-Mining-Projects/Apache_Airflow/airflow/dags/bashTask1.py
[2025-02-20T17:57:09.576+0100] {processor.py:925} INFO - DAG(s) 'bash_operator_disk_usage' retrieved from /Users/ajlakorman/Desktop/Data-Mining-Projects/Apache_Airflow/airflow/dags/bashTask1.py
[2025-02-20T17:57:09.640+0100] {logging_mixin.py:190} INFO - [2025-02-20T17:57:09.640+0100] {dag.py:3239} INFO - Sync 1 DAGs
[2025-02-20T17:57:09.647+0100] {logging_mixin.py:190} INFO - [2025-02-20T17:57:09.647+0100] {dag.py:4180} INFO - Setting next_dagrun for bash_operator_disk_usage to 2025-02-20 00:00:00+00:00, run_after=2025-02-21 00:00:00+00:00
[2025-02-20T17:57:09.654+0100] {processor.py:208} INFO - Processing /Users/ajlakorman/Desktop/Data-Mining-Projects/Apache_Airflow/airflow/dags/bashTask1.py took 0.085 seconds
[2025-02-20T17:57:13.115+0100] {processor.py:186} INFO - Started process (PID=43471) to work on /Users/ajlakorman/Desktop/Data-Mining-Projects/Apache_Airflow/airflow/dags/bashTask1.py
[2025-02-20T17:57:13.116+0100] {processor.py:914} INFO - Processing file /Users/ajlakorman/Desktop/Data-Mining-Projects/Apache_Airflow/airflow/dags/bashTask1.py for tasks to queue
[2025-02-20T17:57:13.116+0100] {logging_mixin.py:190} INFO - [2025-02-20T17:57:13.116+0100] {dagbag.py:588} INFO - Filling up the DagBag from /Users/ajlakorman/Desktop/Data-Mining-Projects/Apache_Airflow/airflow/dags/bashTask1.py
[2025-02-20T17:57:13.121+0100] {processor.py:925} INFO - DAG(s) 'bash_operator_disk_usage' retrieved from /Users/ajlakorman/Desktop/Data-Mining-Projects/Apache_Airflow/airflow/dags/bashTask1.py
[2025-02-20T17:57:13.192+0100] {logging_mixin.py:190} INFO - [2025-02-20T17:57:13.192+0100] {dag.py:3239} INFO - Sync 1 DAGs
[2025-02-20T17:57:13.200+0100] {logging_mixin.py:190} INFO - [2025-02-20T17:57:13.200+0100] {dag.py:4180} INFO - Setting next_dagrun for bash_operator_disk_usage to 2025-02-20 00:00:00+00:00, run_after=2025-02-21 00:00:00+00:00
[2025-02-20T17:57:13.209+0100] {processor.py:208} INFO - Processing /Users/ajlakorman/Desktop/Data-Mining-Projects/Apache_Airflow/airflow/dags/bashTask1.py took 0.095 seconds
[2025-02-20T17:59:12.006+0100] {processor.py:186} INFO - Started process (PID=43798) to work on /Users/ajlakorman/Desktop/Data-Mining-Projects/Apache_Airflow/airflow/dags/bashTask1.py
[2025-02-20T17:59:12.006+0100] {processor.py:914} INFO - Processing file /Users/ajlakorman/Desktop/Data-Mining-Projects/Apache_Airflow/airflow/dags/bashTask1.py for tasks to queue
[2025-02-20T17:59:12.007+0100] {logging_mixin.py:190} INFO - [2025-02-20T17:59:12.007+0100] {dagbag.py:588} INFO - Filling up the DagBag from /Users/ajlakorman/Desktop/Data-Mining-Projects/Apache_Airflow/airflow/dags/bashTask1.py
[2025-02-20T17:59:12.017+0100] {processor.py:925} INFO - DAG(s) 'bash_operator_disk_usage' retrieved from /Users/ajlakorman/Desktop/Data-Mining-Projects/Apache_Airflow/airflow/dags/bashTask1.py
[2025-02-20T17:59:12.115+0100] {logging_mixin.py:190} INFO - [2025-02-20T17:59:12.115+0100] {dag.py:3239} INFO - Sync 1 DAGs
[2025-02-20T17:59:12.123+0100] {logging_mixin.py:190} INFO - [2025-02-20T17:59:12.123+0100] {dag.py:4180} INFO - Setting next_dagrun for bash_operator_disk_usage to 2025-02-20 00:00:00+00:00, run_after=2025-02-21 00:00:00+00:00
[2025-02-20T17:59:12.132+0100] {processor.py:208} INFO - Processing /Users/ajlakorman/Desktop/Data-Mining-Projects/Apache_Airflow/airflow/dags/bashTask1.py took 0.129 seconds
[2025-02-20T17:59:13.938+0100] {processor.py:186} INFO - Started process (PID=43801) to work on /Users/ajlakorman/Desktop/Data-Mining-Projects/Apache_Airflow/airflow/dags/bashTask1.py
[2025-02-20T17:59:13.939+0100] {processor.py:914} INFO - Processing file /Users/ajlakorman/Desktop/Data-Mining-Projects/Apache_Airflow/airflow/dags/bashTask1.py for tasks to queue
[2025-02-20T17:59:13.940+0100] {logging_mixin.py:190} INFO - [2025-02-20T17:59:13.940+0100] {dagbag.py:588} INFO - Filling up the DagBag from /Users/ajlakorman/Desktop/Data-Mining-Projects/Apache_Airflow/airflow/dags/bashTask1.py
[2025-02-20T17:59:13.944+0100] {processor.py:925} INFO - DAG(s) 'bash_operator_disk_usage' retrieved from /Users/ajlakorman/Desktop/Data-Mining-Projects/Apache_Airflow/airflow/dags/bashTask1.py
[2025-02-20T17:59:14.014+0100] {logging_mixin.py:190} INFO - [2025-02-20T17:59:14.014+0100] {dag.py:3239} INFO - Sync 1 DAGs
[2025-02-20T17:59:14.021+0100] {logging_mixin.py:190} INFO - [2025-02-20T17:59:14.021+0100] {dag.py:4180} INFO - Setting next_dagrun for bash_operator_disk_usage to 2025-02-20 00:00:00+00:00, run_after=2025-02-21 00:00:00+00:00
[2025-02-20T17:59:14.029+0100] {processor.py:208} INFO - Processing /Users/ajlakorman/Desktop/Data-Mining-Projects/Apache_Airflow/airflow/dags/bashTask1.py took 0.093 seconds
[2025-02-20T18:00:55.691+0100] {processor.py:186} INFO - Started process (PID=44045) to work on /Users/ajlakorman/Desktop/Data-Mining-Projects/Apache_Airflow/airflow/dags/bashTask1.py
[2025-02-20T18:00:55.691+0100] {processor.py:914} INFO - Processing file /Users/ajlakorman/Desktop/Data-Mining-Projects/Apache_Airflow/airflow/dags/bashTask1.py for tasks to queue
[2025-02-20T18:00:55.692+0100] {logging_mixin.py:190} INFO - [2025-02-20T18:00:55.692+0100] {dagbag.py:588} INFO - Filling up the DagBag from /Users/ajlakorman/Desktop/Data-Mining-Projects/Apache_Airflow/airflow/dags/bashTask1.py
[2025-02-20T18:00:55.696+0100] {processor.py:925} INFO - DAG(s) 'bash_operator_disk_usage' retrieved from /Users/ajlakorman/Desktop/Data-Mining-Projects/Apache_Airflow/airflow/dags/bashTask1.py
[2025-02-20T18:00:55.773+0100] {logging_mixin.py:190} INFO - [2025-02-20T18:00:55.773+0100] {dag.py:3239} INFO - Sync 1 DAGs
[2025-02-20T18:00:55.781+0100] {logging_mixin.py:190} INFO - [2025-02-20T18:00:55.781+0100] {dag.py:4180} INFO - Setting next_dagrun for bash_operator_disk_usage to 2025-02-20 00:00:00+00:00, run_after=2025-02-21 00:00:00+00:00
[2025-02-20T18:00:55.788+0100] {processor.py:208} INFO - Processing /Users/ajlakorman/Desktop/Data-Mining-Projects/Apache_Airflow/airflow/dags/bashTask1.py took 0.099 seconds
[2025-02-20T18:01:00.874+0100] {processor.py:186} INFO - Started process (PID=44058) to work on /Users/ajlakorman/Desktop/Data-Mining-Projects/Apache_Airflow/airflow/dags/bashTask1.py
[2025-02-20T18:01:00.874+0100] {processor.py:914} INFO - Processing file /Users/ajlakorman/Desktop/Data-Mining-Projects/Apache_Airflow/airflow/dags/bashTask1.py for tasks to queue
[2025-02-20T18:01:00.875+0100] {logging_mixin.py:190} INFO - [2025-02-20T18:01:00.875+0100] {dagbag.py:588} INFO - Filling up the DagBag from /Users/ajlakorman/Desktop/Data-Mining-Projects/Apache_Airflow/airflow/dags/bashTask1.py
[2025-02-20T18:01:00.879+0100] {processor.py:925} INFO - DAG(s) 'bash_operator_disk_usage' retrieved from /Users/ajlakorman/Desktop/Data-Mining-Projects/Apache_Airflow/airflow/dags/bashTask1.py
[2025-02-20T18:01:00.947+0100] {logging_mixin.py:190} INFO - [2025-02-20T18:01:00.947+0100] {dag.py:3239} INFO - Sync 1 DAGs
[2025-02-20T18:01:00.954+0100] {logging_mixin.py:190} INFO - [2025-02-20T18:01:00.954+0100] {dag.py:4180} INFO - Setting next_dagrun for bash_operator_disk_usage to 2025-02-20 00:00:00+00:00, run_after=2025-02-21 00:00:00+00:00
[2025-02-20T18:01:00.961+0100] {processor.py:208} INFO - Processing /Users/ajlakorman/Desktop/Data-Mining-Projects/Apache_Airflow/airflow/dags/bashTask1.py took 0.089 seconds
[2025-02-20T18:02:39.304+0100] {processor.py:186} INFO - Started process (PID=44290) to work on /Users/ajlakorman/Desktop/Data-Mining-Projects/Apache_Airflow/airflow/dags/bashTask1.py
[2025-02-20T18:02:39.304+0100] {processor.py:186} INFO - Started process (PID=44289) to work on /Users/ajlakorman/Desktop/Data-Mining-Projects/Apache_Airflow/airflow/dags/bashTask1.py
[2025-02-20T18:02:39.305+0100] {processor.py:914} INFO - Processing file /Users/ajlakorman/Desktop/Data-Mining-Projects/Apache_Airflow/airflow/dags/bashTask1.py for tasks to queue
[2025-02-20T18:02:39.305+0100] {processor.py:914} INFO - Processing file /Users/ajlakorman/Desktop/Data-Mining-Projects/Apache_Airflow/airflow/dags/bashTask1.py for tasks to queue
[2025-02-20T18:02:39.305+0100] {logging_mixin.py:190} INFO - [2025-02-20T18:02:39.305+0100] {dagbag.py:588} INFO - Filling up the DagBag from /Users/ajlakorman/Desktop/Data-Mining-Projects/Apache_Airflow/airflow/dags/bashTask1.py
[2025-02-20T18:02:39.305+0100] {logging_mixin.py:190} INFO - [2025-02-20T18:02:39.305+0100] {dagbag.py:588} INFO - Filling up the DagBag from /Users/ajlakorman/Desktop/Data-Mining-Projects/Apache_Airflow/airflow/dags/bashTask1.py
[2025-02-20T18:02:39.310+0100] {processor.py:925} INFO - DAG(s) 'bash_operator_disk_usage' retrieved from /Users/ajlakorman/Desktop/Data-Mining-Projects/Apache_Airflow/airflow/dags/bashTask1.py
[2025-02-20T18:02:39.310+0100] {processor.py:925} INFO - DAG(s) 'bash_operator_disk_usage' retrieved from /Users/ajlakorman/Desktop/Data-Mining-Projects/Apache_Airflow/airflow/dags/bashTask1.py
[2025-02-20T18:02:39.381+0100] {logging_mixin.py:190} INFO - [2025-02-20T18:02:39.381+0100] {dag.py:3239} INFO - Sync 1 DAGs
[2025-02-20T18:02:39.381+0100] {logging_mixin.py:190} INFO - [2025-02-20T18:02:39.381+0100] {dag.py:3239} INFO - Sync 1 DAGs
[2025-02-20T18:02:39.389+0100] {logging_mixin.py:190} INFO - [2025-02-20T18:02:39.389+0100] {dag.py:4180} INFO - Setting next_dagrun for bash_operator_disk_usage to 2025-02-20 00:00:00+00:00, run_after=2025-02-21 00:00:00+00:00
[2025-02-20T18:02:39.389+0100] {logging_mixin.py:190} INFO - [2025-02-20T18:02:39.389+0100] {dag.py:4180} INFO - Setting next_dagrun for bash_operator_disk_usage to 2025-02-20 00:00:00+00:00, run_after=2025-02-21 00:00:00+00:00
[2025-02-20T18:02:39.398+0100] {processor.py:208} INFO - Processing /Users/ajlakorman/Desktop/Data-Mining-Projects/Apache_Airflow/airflow/dags/bashTask1.py took 0.095 seconds
[2025-02-20T18:02:39.399+0100] {processor.py:208} INFO - Processing /Users/ajlakorman/Desktop/Data-Mining-Projects/Apache_Airflow/airflow/dags/bashTask1.py took 0.097 seconds
[2025-02-20T18:04:35.378+0100] {processor.py:186} INFO - Started process (PID=44605) to work on /Users/ajlakorman/Desktop/Data-Mining-Projects/Apache_Airflow/airflow/dags/bashTask1.py
[2025-02-20T18:04:35.379+0100] {processor.py:914} INFO - Processing file /Users/ajlakorman/Desktop/Data-Mining-Projects/Apache_Airflow/airflow/dags/bashTask1.py for tasks to queue
[2025-02-20T18:04:35.380+0100] {logging_mixin.py:190} INFO - [2025-02-20T18:04:35.380+0100] {dagbag.py:588} INFO - Filling up the DagBag from /Users/ajlakorman/Desktop/Data-Mining-Projects/Apache_Airflow/airflow/dags/bashTask1.py
[2025-02-20T18:04:35.384+0100] {processor.py:925} INFO - DAG(s) 'bash_operator_disk_usage' retrieved from /Users/ajlakorman/Desktop/Data-Mining-Projects/Apache_Airflow/airflow/dags/bashTask1.py
[2025-02-20T18:04:35.466+0100] {logging_mixin.py:190} INFO - [2025-02-20T18:04:35.466+0100] {dag.py:3239} INFO - Sync 1 DAGs
[2025-02-20T18:04:35.482+0100] {logging_mixin.py:190} INFO - [2025-02-20T18:04:35.481+0100] {dag.py:4180} INFO - Setting next_dagrun for bash_operator_disk_usage to 2025-02-20 00:00:00+00:00, run_after=2025-02-21 00:00:00+00:00
[2025-02-20T18:04:35.490+0100] {processor.py:208} INFO - Processing /Users/ajlakorman/Desktop/Data-Mining-Projects/Apache_Airflow/airflow/dags/bashTask1.py took 0.115 seconds
[2025-02-20T18:04:40.284+0100] {processor.py:186} INFO - Started process (PID=44615) to work on /Users/ajlakorman/Desktop/Data-Mining-Projects/Apache_Airflow/airflow/dags/bashTask1.py
[2025-02-20T18:04:40.284+0100] {processor.py:914} INFO - Processing file /Users/ajlakorman/Desktop/Data-Mining-Projects/Apache_Airflow/airflow/dags/bashTask1.py for tasks to queue
[2025-02-20T18:04:40.285+0100] {logging_mixin.py:190} INFO - [2025-02-20T18:04:40.285+0100] {dagbag.py:588} INFO - Filling up the DagBag from /Users/ajlakorman/Desktop/Data-Mining-Projects/Apache_Airflow/airflow/dags/bashTask1.py
[2025-02-20T18:04:40.289+0100] {processor.py:925} INFO - DAG(s) 'bash_operator_disk_usage' retrieved from /Users/ajlakorman/Desktop/Data-Mining-Projects/Apache_Airflow/airflow/dags/bashTask1.py
[2025-02-20T18:04:40.360+0100] {logging_mixin.py:190} INFO - [2025-02-20T18:04:40.360+0100] {dag.py:3239} INFO - Sync 1 DAGs
[2025-02-20T18:04:40.367+0100] {logging_mixin.py:190} INFO - [2025-02-20T18:04:40.367+0100] {dag.py:4180} INFO - Setting next_dagrun for bash_operator_disk_usage to 2025-02-20 00:00:00+00:00, run_after=2025-02-21 00:00:00+00:00
[2025-02-20T18:04:40.375+0100] {processor.py:208} INFO - Processing /Users/ajlakorman/Desktop/Data-Mining-Projects/Apache_Airflow/airflow/dags/bashTask1.py took 0.093 seconds
