[2025-02-20T12:31:08.523+0100] {processor.py:186} INFO - Started process (PID=13373) to work on /Users/ajlakorman/Desktop/Data-Mining-Projects/Apache_Airflow/airflow/dags/our_first_dag_v2.py
[2025-02-20T12:31:08.524+0100] {processor.py:914} INFO - Processing file /Users/ajlakorman/Desktop/Data-Mining-Projects/Apache_Airflow/airflow/dags/our_first_dag_v2.py for tasks to queue
[2025-02-20T12:31:08.524+0100] {logging_mixin.py:190} INFO - [2025-02-20T12:31:08.524+0100] {dagbag.py:588} INFO - Filling up the DagBag from /Users/ajlakorman/Desktop/Data-Mining-Projects/Apache_Airflow/airflow/dags/our_first_dag_v2.py
[2025-02-20T12:31:08.530+0100] {processor.py:925} INFO - DAG(s) 'our_first_dag_v2' retrieved from /Users/ajlakorman/Desktop/Data-Mining-Projects/Apache_Airflow/airflow/dags/our_first_dag_v2.py
[2025-02-20T12:31:08.639+0100] {logging_mixin.py:190} INFO - [2025-02-20T12:31:08.639+0100] {dag.py:3239} INFO - Sync 1 DAGs
[2025-02-20T12:31:08.645+0100] {logging_mixin.py:190} INFO - [2025-02-20T12:31:08.645+0100] {dag.py:4180} INFO - Setting next_dagrun for our_first_dag_v2 to 2025-02-20 00:00:00+00:00, run_after=2025-02-21 00:00:00+00:00
[2025-02-20T12:31:08.653+0100] {processor.py:208} INFO - Processing /Users/ajlakorman/Desktop/Data-Mining-Projects/Apache_Airflow/airflow/dags/our_first_dag_v2.py took 0.131 seconds
[2025-02-20T12:31:26.980+0100] {processor.py:186} INFO - Started process (PID=13425) to work on /Users/ajlakorman/Desktop/Data-Mining-Projects/Apache_Airflow/airflow/dags/our_first_dag_v2.py
[2025-02-20T12:31:26.981+0100] {processor.py:914} INFO - Processing file /Users/ajlakorman/Desktop/Data-Mining-Projects/Apache_Airflow/airflow/dags/our_first_dag_v2.py for tasks to queue
[2025-02-20T12:31:26.982+0100] {logging_mixin.py:190} INFO - [2025-02-20T12:31:26.981+0100] {dagbag.py:588} INFO - Filling up the DagBag from /Users/ajlakorman/Desktop/Data-Mining-Projects/Apache_Airflow/airflow/dags/our_first_dag_v2.py
[2025-02-20T12:31:26.986+0100] {processor.py:925} INFO - DAG(s) 'our_first_dag_v2' retrieved from /Users/ajlakorman/Desktop/Data-Mining-Projects/Apache_Airflow/airflow/dags/our_first_dag_v2.py
[2025-02-20T12:31:26.989+0100] {logging_mixin.py:190} INFO - [2025-02-20T12:31:26.989+0100] {dag.py:3239} INFO - Sync 1 DAGs
[2025-02-20T12:31:27.054+0100] {logging_mixin.py:190} INFO - [2025-02-20T12:31:27.054+0100] {dag.py:4180} INFO - Setting next_dagrun for our_first_dag_v2 to 2025-02-20 00:00:00+00:00, run_after=2025-02-21 00:00:00+00:00
[2025-02-20T12:31:27.061+0100] {processor.py:208} INFO - Processing /Users/ajlakorman/Desktop/Data-Mining-Projects/Apache_Airflow/airflow/dags/our_first_dag_v2.py took 0.082 seconds
[2025-02-20T12:32:46.730+0100] {processor.py:186} INFO - Started process (PID=13579) to work on /Users/ajlakorman/Desktop/Data-Mining-Projects/Apache_Airflow/airflow/dags/our_first_dag_v2.py
[2025-02-20T12:32:46.730+0100] {processor.py:914} INFO - Processing file /Users/ajlakorman/Desktop/Data-Mining-Projects/Apache_Airflow/airflow/dags/our_first_dag_v2.py for tasks to queue
[2025-02-20T12:32:46.731+0100] {logging_mixin.py:190} INFO - [2025-02-20T12:32:46.731+0100] {dagbag.py:588} INFO - Filling up the DagBag from /Users/ajlakorman/Desktop/Data-Mining-Projects/Apache_Airflow/airflow/dags/our_first_dag_v2.py
[2025-02-20T12:32:46.735+0100] {processor.py:925} INFO - DAG(s) 'our_first_dag_v2' retrieved from /Users/ajlakorman/Desktop/Data-Mining-Projects/Apache_Airflow/airflow/dags/our_first_dag_v2.py
[2025-02-20T12:32:46.835+0100] {logging_mixin.py:190} INFO - [2025-02-20T12:32:46.835+0100] {dag.py:3239} INFO - Sync 1 DAGs
[2025-02-20T12:32:46.841+0100] {logging_mixin.py:190} INFO - [2025-02-20T12:32:46.841+0100] {dag.py:4180} INFO - Setting next_dagrun for our_first_dag_v2 to 2025-02-20 00:00:00+00:00, run_after=2025-02-21 00:00:00+00:00
[2025-02-20T12:32:46.848+0100] {processor.py:208} INFO - Processing /Users/ajlakorman/Desktop/Data-Mining-Projects/Apache_Airflow/airflow/dags/our_first_dag_v2.py took 0.119 seconds
[2025-02-20T12:34:02.581+0100] {processor.py:186} INFO - Started process (PID=13728) to work on /Users/ajlakorman/Desktop/Data-Mining-Projects/Apache_Airflow/airflow/dags/our_first_dag_v2.py
[2025-02-20T12:34:02.583+0100] {processor.py:914} INFO - Processing file /Users/ajlakorman/Desktop/Data-Mining-Projects/Apache_Airflow/airflow/dags/our_first_dag_v2.py for tasks to queue
[2025-02-20T12:34:02.583+0100] {logging_mixin.py:190} INFO - [2025-02-20T12:34:02.583+0100] {dagbag.py:588} INFO - Filling up the DagBag from /Users/ajlakorman/Desktop/Data-Mining-Projects/Apache_Airflow/airflow/dags/our_first_dag_v2.py
[2025-02-20T12:34:02.588+0100] {processor.py:925} INFO - DAG(s) 'our_first_dag_v2' retrieved from /Users/ajlakorman/Desktop/Data-Mining-Projects/Apache_Airflow/airflow/dags/our_first_dag_v2.py
[2025-02-20T12:34:02.654+0100] {logging_mixin.py:190} INFO - [2025-02-20T12:34:02.654+0100] {dag.py:3239} INFO - Sync 1 DAGs
[2025-02-20T12:34:02.661+0100] {logging_mixin.py:190} INFO - [2025-02-20T12:34:02.661+0100] {dag.py:4180} INFO - Setting next_dagrun for our_first_dag_v2 to 2025-02-20 00:00:00+00:00, run_after=2025-02-21 00:00:00+00:00
[2025-02-20T12:34:02.669+0100] {processor.py:208} INFO - Processing /Users/ajlakorman/Desktop/Data-Mining-Projects/Apache_Airflow/airflow/dags/our_first_dag_v2.py took 0.089 seconds
[2025-02-20T12:35:16.879+0100] {processor.py:186} INFO - Started process (PID=13921) to work on /Users/ajlakorman/Desktop/Data-Mining-Projects/Apache_Airflow/airflow/dags/our_first_dag_v2.py
[2025-02-20T12:35:16.880+0100] {processor.py:914} INFO - Processing file /Users/ajlakorman/Desktop/Data-Mining-Projects/Apache_Airflow/airflow/dags/our_first_dag_v2.py for tasks to queue
[2025-02-20T12:35:16.880+0100] {logging_mixin.py:190} INFO - [2025-02-20T12:35:16.880+0100] {dagbag.py:588} INFO - Filling up the DagBag from /Users/ajlakorman/Desktop/Data-Mining-Projects/Apache_Airflow/airflow/dags/our_first_dag_v2.py
[2025-02-20T12:35:16.886+0100] {processor.py:925} INFO - DAG(s) 'our_first_dag_v2' retrieved from /Users/ajlakorman/Desktop/Data-Mining-Projects/Apache_Airflow/airflow/dags/our_first_dag_v2.py
[2025-02-20T12:35:17.005+0100] {logging_mixin.py:190} INFO - [2025-02-20T12:35:17.005+0100] {dag.py:3239} INFO - Sync 1 DAGs
[2025-02-20T12:35:17.016+0100] {logging_mixin.py:190} INFO - [2025-02-20T12:35:17.016+0100] {dag.py:4180} INFO - Setting next_dagrun for our_first_dag_v2 to 2025-02-20 00:00:00+00:00, run_after=2025-02-21 00:00:00+00:00
[2025-02-20T12:35:17.036+0100] {processor.py:208} INFO - Processing /Users/ajlakorman/Desktop/Data-Mining-Projects/Apache_Airflow/airflow/dags/our_first_dag_v2.py took 0.160 seconds
[2025-02-20T12:36:37.835+0100] {processor.py:186} INFO - Started process (PID=14104) to work on /Users/ajlakorman/Desktop/Data-Mining-Projects/Apache_Airflow/airflow/dags/our_first_dag_v2.py
[2025-02-20T12:36:37.836+0100] {processor.py:914} INFO - Processing file /Users/ajlakorman/Desktop/Data-Mining-Projects/Apache_Airflow/airflow/dags/our_first_dag_v2.py for tasks to queue
[2025-02-20T12:36:37.836+0100] {logging_mixin.py:190} INFO - [2025-02-20T12:36:37.836+0100] {dagbag.py:588} INFO - Filling up the DagBag from /Users/ajlakorman/Desktop/Data-Mining-Projects/Apache_Airflow/airflow/dags/our_first_dag_v2.py
[2025-02-20T12:36:37.841+0100] {processor.py:925} INFO - DAG(s) 'our_first_dag_v2' retrieved from /Users/ajlakorman/Desktop/Data-Mining-Projects/Apache_Airflow/airflow/dags/our_first_dag_v2.py
[2025-02-20T12:36:37.905+0100] {logging_mixin.py:190} INFO - [2025-02-20T12:36:37.905+0100] {dag.py:3239} INFO - Sync 1 DAGs
[2025-02-20T12:36:37.911+0100] {logging_mixin.py:190} INFO - [2025-02-20T12:36:37.911+0100] {dag.py:4180} INFO - Setting next_dagrun for our_first_dag_v2 to 2025-02-20 00:00:00+00:00, run_after=2025-02-21 00:00:00+00:00
[2025-02-20T12:36:37.918+0100] {processor.py:208} INFO - Processing /Users/ajlakorman/Desktop/Data-Mining-Projects/Apache_Airflow/airflow/dags/our_first_dag_v2.py took 0.085 seconds
[2025-02-20T12:37:54.318+0100] {processor.py:186} INFO - Started process (PID=14307) to work on /Users/ajlakorman/Desktop/Data-Mining-Projects/Apache_Airflow/airflow/dags/our_first_dag_v2.py
[2025-02-20T12:37:54.319+0100] {processor.py:914} INFO - Processing file /Users/ajlakorman/Desktop/Data-Mining-Projects/Apache_Airflow/airflow/dags/our_first_dag_v2.py for tasks to queue
[2025-02-20T12:37:54.320+0100] {logging_mixin.py:190} INFO - [2025-02-20T12:37:54.320+0100] {dagbag.py:588} INFO - Filling up the DagBag from /Users/ajlakorman/Desktop/Data-Mining-Projects/Apache_Airflow/airflow/dags/our_first_dag_v2.py
[2025-02-20T12:37:54.324+0100] {processor.py:925} INFO - DAG(s) 'our_first_dag_v2' retrieved from /Users/ajlakorman/Desktop/Data-Mining-Projects/Apache_Airflow/airflow/dags/our_first_dag_v2.py
[2025-02-20T12:37:54.389+0100] {logging_mixin.py:190} INFO - [2025-02-20T12:37:54.389+0100] {dag.py:3239} INFO - Sync 1 DAGs
[2025-02-20T12:37:54.395+0100] {logging_mixin.py:190} INFO - [2025-02-20T12:37:54.395+0100] {dag.py:4180} INFO - Setting next_dagrun for our_first_dag_v2 to 2025-02-20 00:00:00+00:00, run_after=2025-02-21 00:00:00+00:00
[2025-02-20T12:37:54.402+0100] {processor.py:208} INFO - Processing /Users/ajlakorman/Desktop/Data-Mining-Projects/Apache_Airflow/airflow/dags/our_first_dag_v2.py took 0.085 seconds
[2025-02-20T12:39:07.512+0100] {processor.py:186} INFO - Started process (PID=14464) to work on /Users/ajlakorman/Desktop/Data-Mining-Projects/Apache_Airflow/airflow/dags/our_first_dag_v2.py
[2025-02-20T12:39:07.513+0100] {processor.py:914} INFO - Processing file /Users/ajlakorman/Desktop/Data-Mining-Projects/Apache_Airflow/airflow/dags/our_first_dag_v2.py for tasks to queue
[2025-02-20T12:39:07.513+0100] {logging_mixin.py:190} INFO - [2025-02-20T12:39:07.513+0100] {dagbag.py:588} INFO - Filling up the DagBag from /Users/ajlakorman/Desktop/Data-Mining-Projects/Apache_Airflow/airflow/dags/our_first_dag_v2.py
[2025-02-20T12:39:07.517+0100] {processor.py:925} INFO - DAG(s) 'our_first_dag_v2' retrieved from /Users/ajlakorman/Desktop/Data-Mining-Projects/Apache_Airflow/airflow/dags/our_first_dag_v2.py
[2025-02-20T12:39:07.582+0100] {logging_mixin.py:190} INFO - [2025-02-20T12:39:07.581+0100] {dag.py:3239} INFO - Sync 1 DAGs
[2025-02-20T12:39:07.588+0100] {logging_mixin.py:190} INFO - [2025-02-20T12:39:07.588+0100] {dag.py:4180} INFO - Setting next_dagrun for our_first_dag_v2 to 2025-02-20 00:00:00+00:00, run_after=2025-02-21 00:00:00+00:00
[2025-02-20T12:39:07.595+0100] {processor.py:208} INFO - Processing /Users/ajlakorman/Desktop/Data-Mining-Projects/Apache_Airflow/airflow/dags/our_first_dag_v2.py took 0.085 seconds
[2025-02-20T12:55:40.941+0100] {processor.py:186} INFO - Started process (PID=14666) to work on /Users/ajlakorman/Desktop/Data-Mining-Projects/Apache_Airflow/airflow/dags/our_first_dag_v2.py
[2025-02-20T12:55:40.942+0100] {processor.py:914} INFO - Processing file /Users/ajlakorman/Desktop/Data-Mining-Projects/Apache_Airflow/airflow/dags/our_first_dag_v2.py for tasks to queue
[2025-02-20T12:55:40.943+0100] {logging_mixin.py:190} INFO - [2025-02-20T12:55:40.942+0100] {dagbag.py:588} INFO - Filling up the DagBag from /Users/ajlakorman/Desktop/Data-Mining-Projects/Apache_Airflow/airflow/dags/our_first_dag_v2.py
[2025-02-20T12:55:40.948+0100] {processor.py:925} INFO - DAG(s) 'our_first_dag_v2' retrieved from /Users/ajlakorman/Desktop/Data-Mining-Projects/Apache_Airflow/airflow/dags/our_first_dag_v2.py
[2025-02-20T12:55:41.044+0100] {logging_mixin.py:190} INFO - [2025-02-20T12:55:41.044+0100] {dag.py:3239} INFO - Sync 1 DAGs
[2025-02-20T12:55:41.053+0100] {logging_mixin.py:190} INFO - [2025-02-20T12:55:41.053+0100] {dag.py:4180} INFO - Setting next_dagrun for our_first_dag_v2 to 2025-02-20 00:00:00+00:00, run_after=2025-02-21 00:00:00+00:00
[2025-02-20T12:55:41.068+0100] {processor.py:208} INFO - Processing /Users/ajlakorman/Desktop/Data-Mining-Projects/Apache_Airflow/airflow/dags/our_first_dag_v2.py took 0.132 seconds
[2025-02-20T12:57:23.466+0100] {processor.py:186} INFO - Started process (PID=14884) to work on /Users/ajlakorman/Desktop/Data-Mining-Projects/Apache_Airflow/airflow/dags/our_first_dag_v2.py
[2025-02-20T12:57:23.467+0100] {processor.py:914} INFO - Processing file /Users/ajlakorman/Desktop/Data-Mining-Projects/Apache_Airflow/airflow/dags/our_first_dag_v2.py for tasks to queue
[2025-02-20T12:57:23.467+0100] {logging_mixin.py:190} INFO - [2025-02-20T12:57:23.467+0100] {dagbag.py:588} INFO - Filling up the DagBag from /Users/ajlakorman/Desktop/Data-Mining-Projects/Apache_Airflow/airflow/dags/our_first_dag_v2.py
[2025-02-20T12:57:23.472+0100] {processor.py:925} INFO - DAG(s) 'our_first_dag_v2' retrieved from /Users/ajlakorman/Desktop/Data-Mining-Projects/Apache_Airflow/airflow/dags/our_first_dag_v2.py
[2025-02-20T12:57:23.541+0100] {logging_mixin.py:190} INFO - [2025-02-20T12:57:23.541+0100] {dag.py:3239} INFO - Sync 1 DAGs
[2025-02-20T12:57:23.548+0100] {logging_mixin.py:190} INFO - [2025-02-20T12:57:23.548+0100] {dag.py:4180} INFO - Setting next_dagrun for our_first_dag_v2 to 2025-02-20 00:00:00+00:00, run_after=2025-02-21 00:00:00+00:00
[2025-02-20T12:57:23.555+0100] {processor.py:208} INFO - Processing /Users/ajlakorman/Desktop/Data-Mining-Projects/Apache_Airflow/airflow/dags/our_first_dag_v2.py took 0.091 seconds
[2025-02-20T12:58:52.645+0100] {processor.py:186} INFO - Started process (PID=15014) to work on /Users/ajlakorman/Desktop/Data-Mining-Projects/Apache_Airflow/airflow/dags/our_first_dag_v2.py
[2025-02-20T12:58:52.646+0100] {processor.py:914} INFO - Processing file /Users/ajlakorman/Desktop/Data-Mining-Projects/Apache_Airflow/airflow/dags/our_first_dag_v2.py for tasks to queue
[2025-02-20T12:58:52.648+0100] {logging_mixin.py:190} INFO - [2025-02-20T12:58:52.647+0100] {dagbag.py:588} INFO - Filling up the DagBag from /Users/ajlakorman/Desktop/Data-Mining-Projects/Apache_Airflow/airflow/dags/our_first_dag_v2.py
[2025-02-20T12:58:52.653+0100] {processor.py:925} INFO - DAG(s) 'our_first_dag_v2' retrieved from /Users/ajlakorman/Desktop/Data-Mining-Projects/Apache_Airflow/airflow/dags/our_first_dag_v2.py
[2025-02-20T12:58:52.724+0100] {logging_mixin.py:190} INFO - [2025-02-20T12:58:52.724+0100] {dag.py:3239} INFO - Sync 1 DAGs
[2025-02-20T12:58:52.731+0100] {logging_mixin.py:190} INFO - [2025-02-20T12:58:52.731+0100] {dag.py:4180} INFO - Setting next_dagrun for our_first_dag_v2 to 2025-02-20 00:00:00+00:00, run_after=2025-02-21 00:00:00+00:00
[2025-02-20T12:58:52.739+0100] {processor.py:208} INFO - Processing /Users/ajlakorman/Desktop/Data-Mining-Projects/Apache_Airflow/airflow/dags/our_first_dag_v2.py took 0.096 seconds
[2025-02-20T13:00:16.397+0100] {processor.py:186} INFO - Started process (PID=15138) to work on /Users/ajlakorman/Desktop/Data-Mining-Projects/Apache_Airflow/airflow/dags/our_first_dag_v2.py
[2025-02-20T13:00:16.398+0100] {processor.py:914} INFO - Processing file /Users/ajlakorman/Desktop/Data-Mining-Projects/Apache_Airflow/airflow/dags/our_first_dag_v2.py for tasks to queue
[2025-02-20T13:00:16.398+0100] {logging_mixin.py:190} INFO - [2025-02-20T13:00:16.398+0100] {dagbag.py:588} INFO - Filling up the DagBag from /Users/ajlakorman/Desktop/Data-Mining-Projects/Apache_Airflow/airflow/dags/our_first_dag_v2.py
[2025-02-20T13:00:16.403+0100] {processor.py:925} INFO - DAG(s) 'our_first_dag_v2' retrieved from /Users/ajlakorman/Desktop/Data-Mining-Projects/Apache_Airflow/airflow/dags/our_first_dag_v2.py
[2025-02-20T13:00:16.471+0100] {logging_mixin.py:190} INFO - [2025-02-20T13:00:16.471+0100] {dag.py:3239} INFO - Sync 1 DAGs
[2025-02-20T13:00:16.478+0100] {logging_mixin.py:190} INFO - [2025-02-20T13:00:16.478+0100] {dag.py:4180} INFO - Setting next_dagrun for our_first_dag_v2 to 2025-02-20 00:00:00+00:00, run_after=2025-02-21 00:00:00+00:00
[2025-02-20T13:00:16.485+0100] {processor.py:208} INFO - Processing /Users/ajlakorman/Desktop/Data-Mining-Projects/Apache_Airflow/airflow/dags/our_first_dag_v2.py took 0.090 seconds
[2025-02-20T13:01:36.367+0100] {processor.py:186} INFO - Started process (PID=15250) to work on /Users/ajlakorman/Desktop/Data-Mining-Projects/Apache_Airflow/airflow/dags/our_first_dag_v2.py
[2025-02-20T13:01:36.368+0100] {processor.py:914} INFO - Processing file /Users/ajlakorman/Desktop/Data-Mining-Projects/Apache_Airflow/airflow/dags/our_first_dag_v2.py for tasks to queue
[2025-02-20T13:01:36.369+0100] {logging_mixin.py:190} INFO - [2025-02-20T13:01:36.369+0100] {dagbag.py:588} INFO - Filling up the DagBag from /Users/ajlakorman/Desktop/Data-Mining-Projects/Apache_Airflow/airflow/dags/our_first_dag_v2.py
[2025-02-20T13:01:36.373+0100] {processor.py:925} INFO - DAG(s) 'our_first_dag_v2' retrieved from /Users/ajlakorman/Desktop/Data-Mining-Projects/Apache_Airflow/airflow/dags/our_first_dag_v2.py
[2025-02-20T13:01:36.437+0100] {logging_mixin.py:190} INFO - [2025-02-20T13:01:36.436+0100] {dag.py:3239} INFO - Sync 1 DAGs
[2025-02-20T13:01:36.443+0100] {logging_mixin.py:190} INFO - [2025-02-20T13:01:36.443+0100] {dag.py:4180} INFO - Setting next_dagrun for our_first_dag_v2 to 2025-02-20 00:00:00+00:00, run_after=2025-02-21 00:00:00+00:00
[2025-02-20T13:01:36.450+0100] {processor.py:208} INFO - Processing /Users/ajlakorman/Desktop/Data-Mining-Projects/Apache_Airflow/airflow/dags/our_first_dag_v2.py took 0.084 seconds
[2025-02-20T13:02:53.101+0100] {processor.py:186} INFO - Started process (PID=15347) to work on /Users/ajlakorman/Desktop/Data-Mining-Projects/Apache_Airflow/airflow/dags/our_first_dag_v2.py
[2025-02-20T13:02:53.101+0100] {processor.py:914} INFO - Processing file /Users/ajlakorman/Desktop/Data-Mining-Projects/Apache_Airflow/airflow/dags/our_first_dag_v2.py for tasks to queue
[2025-02-20T13:02:53.102+0100] {logging_mixin.py:190} INFO - [2025-02-20T13:02:53.102+0100] {dagbag.py:588} INFO - Filling up the DagBag from /Users/ajlakorman/Desktop/Data-Mining-Projects/Apache_Airflow/airflow/dags/our_first_dag_v2.py
[2025-02-20T13:02:53.106+0100] {processor.py:925} INFO - DAG(s) 'our_first_dag_v2' retrieved from /Users/ajlakorman/Desktop/Data-Mining-Projects/Apache_Airflow/airflow/dags/our_first_dag_v2.py
[2025-02-20T13:02:53.169+0100] {logging_mixin.py:190} INFO - [2025-02-20T13:02:53.169+0100] {dag.py:3239} INFO - Sync 1 DAGs
[2025-02-20T13:02:53.175+0100] {logging_mixin.py:190} INFO - [2025-02-20T13:02:53.175+0100] {dag.py:4180} INFO - Setting next_dagrun for our_first_dag_v2 to 2025-02-20 00:00:00+00:00, run_after=2025-02-21 00:00:00+00:00
[2025-02-20T13:02:53.182+0100] {processor.py:208} INFO - Processing /Users/ajlakorman/Desktop/Data-Mining-Projects/Apache_Airflow/airflow/dags/our_first_dag_v2.py took 0.083 seconds
[2025-02-20T13:06:56.940+0100] {processor.py:186} INFO - Started process (PID=15482) to work on /Users/ajlakorman/Desktop/Data-Mining-Projects/Apache_Airflow/airflow/dags/our_first_dag_v2.py
[2025-02-20T13:06:56.941+0100] {processor.py:914} INFO - Processing file /Users/ajlakorman/Desktop/Data-Mining-Projects/Apache_Airflow/airflow/dags/our_first_dag_v2.py for tasks to queue
[2025-02-20T13:06:56.941+0100] {logging_mixin.py:190} INFO - [2025-02-20T13:06:56.941+0100] {dagbag.py:588} INFO - Filling up the DagBag from /Users/ajlakorman/Desktop/Data-Mining-Projects/Apache_Airflow/airflow/dags/our_first_dag_v2.py
[2025-02-20T13:06:56.946+0100] {processor.py:925} INFO - DAG(s) 'our_first_dag_v2' retrieved from /Users/ajlakorman/Desktop/Data-Mining-Projects/Apache_Airflow/airflow/dags/our_first_dag_v2.py
[2025-02-20T13:06:57.012+0100] {logging_mixin.py:190} INFO - [2025-02-20T13:06:57.012+0100] {dag.py:3239} INFO - Sync 1 DAGs
[2025-02-20T13:06:57.019+0100] {logging_mixin.py:190} INFO - [2025-02-20T13:06:57.019+0100] {dag.py:4180} INFO - Setting next_dagrun for our_first_dag_v2 to 2025-02-20 00:00:00+00:00, run_after=2025-02-21 00:00:00+00:00
[2025-02-20T13:06:57.027+0100] {processor.py:208} INFO - Processing /Users/ajlakorman/Desktop/Data-Mining-Projects/Apache_Airflow/airflow/dags/our_first_dag_v2.py took 0.089 seconds
[2025-02-20T13:08:25.857+0100] {processor.py:186} INFO - Started process (PID=15697) to work on /Users/ajlakorman/Desktop/Data-Mining-Projects/Apache_Airflow/airflow/dags/our_first_dag_v2.py
[2025-02-20T13:08:25.857+0100] {processor.py:914} INFO - Processing file /Users/ajlakorman/Desktop/Data-Mining-Projects/Apache_Airflow/airflow/dags/our_first_dag_v2.py for tasks to queue
[2025-02-20T13:08:25.858+0100] {logging_mixin.py:190} INFO - [2025-02-20T13:08:25.858+0100] {dagbag.py:588} INFO - Filling up the DagBag from /Users/ajlakorman/Desktop/Data-Mining-Projects/Apache_Airflow/airflow/dags/our_first_dag_v2.py
[2025-02-20T13:08:25.862+0100] {processor.py:925} INFO - DAG(s) 'our_first_dag_v2' retrieved from /Users/ajlakorman/Desktop/Data-Mining-Projects/Apache_Airflow/airflow/dags/our_first_dag_v2.py
[2025-02-20T13:08:25.924+0100] {logging_mixin.py:190} INFO - [2025-02-20T13:08:25.924+0100] {dag.py:3239} INFO - Sync 1 DAGs
[2025-02-20T13:08:25.930+0100] {logging_mixin.py:190} INFO - [2025-02-20T13:08:25.930+0100] {dag.py:4180} INFO - Setting next_dagrun for our_first_dag_v2 to 2025-02-20 00:00:00+00:00, run_after=2025-02-21 00:00:00+00:00
[2025-02-20T13:08:25.937+0100] {processor.py:208} INFO - Processing /Users/ajlakorman/Desktop/Data-Mining-Projects/Apache_Airflow/airflow/dags/our_first_dag_v2.py took 0.082 seconds
[2025-02-20T13:09:51.344+0100] {processor.py:186} INFO - Started process (PID=15917) to work on /Users/ajlakorman/Desktop/Data-Mining-Projects/Apache_Airflow/airflow/dags/our_first_dag_v2.py
[2025-02-20T13:09:51.345+0100] {processor.py:914} INFO - Processing file /Users/ajlakorman/Desktop/Data-Mining-Projects/Apache_Airflow/airflow/dags/our_first_dag_v2.py for tasks to queue
[2025-02-20T13:09:51.346+0100] {logging_mixin.py:190} INFO - [2025-02-20T13:09:51.345+0100] {dagbag.py:588} INFO - Filling up the DagBag from /Users/ajlakorman/Desktop/Data-Mining-Projects/Apache_Airflow/airflow/dags/our_first_dag_v2.py
[2025-02-20T13:09:51.351+0100] {processor.py:925} INFO - DAG(s) 'our_first_dag_v2' retrieved from /Users/ajlakorman/Desktop/Data-Mining-Projects/Apache_Airflow/airflow/dags/our_first_dag_v2.py
[2025-02-20T13:09:51.422+0100] {logging_mixin.py:190} INFO - [2025-02-20T13:09:51.421+0100] {dag.py:3239} INFO - Sync 1 DAGs
[2025-02-20T13:09:51.428+0100] {logging_mixin.py:190} INFO - [2025-02-20T13:09:51.428+0100] {dag.py:4180} INFO - Setting next_dagrun for our_first_dag_v2 to 2025-02-20 00:00:00+00:00, run_after=2025-02-21 00:00:00+00:00
[2025-02-20T13:09:51.437+0100] {processor.py:208} INFO - Processing /Users/ajlakorman/Desktop/Data-Mining-Projects/Apache_Airflow/airflow/dags/our_first_dag_v2.py took 0.094 seconds
[2025-02-20T13:11:13.949+0100] {processor.py:186} INFO - Started process (PID=16039) to work on /Users/ajlakorman/Desktop/Data-Mining-Projects/Apache_Airflow/airflow/dags/our_first_dag_v2.py
[2025-02-20T13:11:13.950+0100] {processor.py:914} INFO - Processing file /Users/ajlakorman/Desktop/Data-Mining-Projects/Apache_Airflow/airflow/dags/our_first_dag_v2.py for tasks to queue
[2025-02-20T13:11:13.950+0100] {logging_mixin.py:190} INFO - [2025-02-20T13:11:13.950+0100] {dagbag.py:588} INFO - Filling up the DagBag from /Users/ajlakorman/Desktop/Data-Mining-Projects/Apache_Airflow/airflow/dags/our_first_dag_v2.py
[2025-02-20T13:11:13.955+0100] {processor.py:925} INFO - DAG(s) 'our_first_dag_v2' retrieved from /Users/ajlakorman/Desktop/Data-Mining-Projects/Apache_Airflow/airflow/dags/our_first_dag_v2.py
[2025-02-20T13:11:14.025+0100] {logging_mixin.py:190} INFO - [2025-02-20T13:11:14.024+0100] {dag.py:3239} INFO - Sync 1 DAGs
[2025-02-20T13:11:14.031+0100] {logging_mixin.py:190} INFO - [2025-02-20T13:11:14.031+0100] {dag.py:4180} INFO - Setting next_dagrun for our_first_dag_v2 to 2025-02-20 00:00:00+00:00, run_after=2025-02-21 00:00:00+00:00
[2025-02-20T13:11:14.038+0100] {processor.py:208} INFO - Processing /Users/ajlakorman/Desktop/Data-Mining-Projects/Apache_Airflow/airflow/dags/our_first_dag_v2.py took 0.091 seconds
[2025-02-20T13:12:41.535+0100] {processor.py:186} INFO - Started process (PID=16158) to work on /Users/ajlakorman/Desktop/Data-Mining-Projects/Apache_Airflow/airflow/dags/our_first_dag_v2.py
[2025-02-20T13:12:41.536+0100] {processor.py:914} INFO - Processing file /Users/ajlakorman/Desktop/Data-Mining-Projects/Apache_Airflow/airflow/dags/our_first_dag_v2.py for tasks to queue
[2025-02-20T13:12:41.536+0100] {logging_mixin.py:190} INFO - [2025-02-20T13:12:41.536+0100] {dagbag.py:588} INFO - Filling up the DagBag from /Users/ajlakorman/Desktop/Data-Mining-Projects/Apache_Airflow/airflow/dags/our_first_dag_v2.py
[2025-02-20T13:12:41.541+0100] {processor.py:925} INFO - DAG(s) 'our_first_dag_v2' retrieved from /Users/ajlakorman/Desktop/Data-Mining-Projects/Apache_Airflow/airflow/dags/our_first_dag_v2.py
[2025-02-20T13:12:41.614+0100] {logging_mixin.py:190} INFO - [2025-02-20T13:12:41.614+0100] {dag.py:3239} INFO - Sync 1 DAGs
[2025-02-20T13:12:41.637+0100] {logging_mixin.py:190} INFO - [2025-02-20T13:12:41.636+0100] {dag.py:4180} INFO - Setting next_dagrun for our_first_dag_v2 to 2025-02-20 00:00:00+00:00, run_after=2025-02-21 00:00:00+00:00
[2025-02-20T13:12:41.649+0100] {processor.py:208} INFO - Processing /Users/ajlakorman/Desktop/Data-Mining-Projects/Apache_Airflow/airflow/dags/our_first_dag_v2.py took 0.121 seconds
[2025-02-20T13:14:15.701+0100] {processor.py:186} INFO - Started process (PID=16316) to work on /Users/ajlakorman/Desktop/Data-Mining-Projects/Apache_Airflow/airflow/dags/our_first_dag_v2.py
[2025-02-20T13:14:15.702+0100] {processor.py:914} INFO - Processing file /Users/ajlakorman/Desktop/Data-Mining-Projects/Apache_Airflow/airflow/dags/our_first_dag_v2.py for tasks to queue
[2025-02-20T13:14:15.702+0100] {logging_mixin.py:190} INFO - [2025-02-20T13:14:15.702+0100] {dagbag.py:588} INFO - Filling up the DagBag from /Users/ajlakorman/Desktop/Data-Mining-Projects/Apache_Airflow/airflow/dags/our_first_dag_v2.py
[2025-02-20T13:14:15.706+0100] {processor.py:925} INFO - DAG(s) 'our_first_dag_v2' retrieved from /Users/ajlakorman/Desktop/Data-Mining-Projects/Apache_Airflow/airflow/dags/our_first_dag_v2.py
[2025-02-20T13:14:15.777+0100] {logging_mixin.py:190} INFO - [2025-02-20T13:14:15.777+0100] {dag.py:3239} INFO - Sync 1 DAGs
[2025-02-20T13:14:15.784+0100] {logging_mixin.py:190} INFO - [2025-02-20T13:14:15.784+0100] {dag.py:4180} INFO - Setting next_dagrun for our_first_dag_v2 to 2025-02-20 00:00:00+00:00, run_after=2025-02-21 00:00:00+00:00
[2025-02-20T13:14:15.791+0100] {processor.py:208} INFO - Processing /Users/ajlakorman/Desktop/Data-Mining-Projects/Apache_Airflow/airflow/dags/our_first_dag_v2.py took 0.092 seconds
[2025-02-20T13:15:44.400+0100] {processor.py:186} INFO - Started process (PID=16464) to work on /Users/ajlakorman/Desktop/Data-Mining-Projects/Apache_Airflow/airflow/dags/our_first_dag_v2.py
[2025-02-20T13:15:44.401+0100] {processor.py:914} INFO - Processing file /Users/ajlakorman/Desktop/Data-Mining-Projects/Apache_Airflow/airflow/dags/our_first_dag_v2.py for tasks to queue
[2025-02-20T13:15:44.401+0100] {logging_mixin.py:190} INFO - [2025-02-20T13:15:44.401+0100] {dagbag.py:588} INFO - Filling up the DagBag from /Users/ajlakorman/Desktop/Data-Mining-Projects/Apache_Airflow/airflow/dags/our_first_dag_v2.py
[2025-02-20T13:15:44.406+0100] {processor.py:925} INFO - DAG(s) 'our_first_dag_v2' retrieved from /Users/ajlakorman/Desktop/Data-Mining-Projects/Apache_Airflow/airflow/dags/our_first_dag_v2.py
[2025-02-20T13:15:44.470+0100] {logging_mixin.py:190} INFO - [2025-02-20T13:15:44.470+0100] {dag.py:3239} INFO - Sync 1 DAGs
[2025-02-20T13:15:44.477+0100] {logging_mixin.py:190} INFO - [2025-02-20T13:15:44.477+0100] {dag.py:4180} INFO - Setting next_dagrun for our_first_dag_v2 to 2025-02-20 00:00:00+00:00, run_after=2025-02-21 00:00:00+00:00
[2025-02-20T13:15:44.484+0100] {processor.py:208} INFO - Processing /Users/ajlakorman/Desktop/Data-Mining-Projects/Apache_Airflow/airflow/dags/our_first_dag_v2.py took 0.086 seconds
[2025-02-20T13:17:18.291+0100] {processor.py:186} INFO - Started process (PID=16675) to work on /Users/ajlakorman/Desktop/Data-Mining-Projects/Apache_Airflow/airflow/dags/our_first_dag_v2.py
[2025-02-20T13:17:18.292+0100] {processor.py:914} INFO - Processing file /Users/ajlakorman/Desktop/Data-Mining-Projects/Apache_Airflow/airflow/dags/our_first_dag_v2.py for tasks to queue
[2025-02-20T13:17:18.293+0100] {logging_mixin.py:190} INFO - [2025-02-20T13:17:18.292+0100] {dagbag.py:588} INFO - Filling up the DagBag from /Users/ajlakorman/Desktop/Data-Mining-Projects/Apache_Airflow/airflow/dags/our_first_dag_v2.py
[2025-02-20T13:17:18.298+0100] {processor.py:925} INFO - DAG(s) 'our_first_dag_v2' retrieved from /Users/ajlakorman/Desktop/Data-Mining-Projects/Apache_Airflow/airflow/dags/our_first_dag_v2.py
[2025-02-20T13:17:18.376+0100] {logging_mixin.py:190} INFO - [2025-02-20T13:17:18.376+0100] {dag.py:3239} INFO - Sync 1 DAGs
[2025-02-20T13:17:18.384+0100] {logging_mixin.py:190} INFO - [2025-02-20T13:17:18.384+0100] {dag.py:4180} INFO - Setting next_dagrun for our_first_dag_v2 to 2025-02-20 00:00:00+00:00, run_after=2025-02-21 00:00:00+00:00
[2025-02-20T13:17:18.392+0100] {processor.py:208} INFO - Processing /Users/ajlakorman/Desktop/Data-Mining-Projects/Apache_Airflow/airflow/dags/our_first_dag_v2.py took 0.107 seconds
[2025-02-20T13:18:53.872+0100] {processor.py:186} INFO - Started process (PID=16899) to work on /Users/ajlakorman/Desktop/Data-Mining-Projects/Apache_Airflow/airflow/dags/our_first_dag_v2.py
[2025-02-20T13:18:53.873+0100] {processor.py:914} INFO - Processing file /Users/ajlakorman/Desktop/Data-Mining-Projects/Apache_Airflow/airflow/dags/our_first_dag_v2.py for tasks to queue
[2025-02-20T13:18:53.874+0100] {logging_mixin.py:190} INFO - [2025-02-20T13:18:53.874+0100] {dagbag.py:588} INFO - Filling up the DagBag from /Users/ajlakorman/Desktop/Data-Mining-Projects/Apache_Airflow/airflow/dags/our_first_dag_v2.py
[2025-02-20T13:18:53.880+0100] {processor.py:925} INFO - DAG(s) 'our_first_dag_v2' retrieved from /Users/ajlakorman/Desktop/Data-Mining-Projects/Apache_Airflow/airflow/dags/our_first_dag_v2.py
[2025-02-20T13:18:53.949+0100] {logging_mixin.py:190} INFO - [2025-02-20T13:18:53.949+0100] {dag.py:3239} INFO - Sync 1 DAGs
[2025-02-20T13:18:53.961+0100] {logging_mixin.py:190} INFO - [2025-02-20T13:18:53.961+0100] {dag.py:4180} INFO - Setting next_dagrun for our_first_dag_v2 to 2025-02-20 00:00:00+00:00, run_after=2025-02-21 00:00:00+00:00
[2025-02-20T13:18:53.980+0100] {processor.py:208} INFO - Processing /Users/ajlakorman/Desktop/Data-Mining-Projects/Apache_Airflow/airflow/dags/our_first_dag_v2.py took 0.110 seconds
[2025-02-20T13:20:26.049+0100] {processor.py:186} INFO - Started process (PID=17000) to work on /Users/ajlakorman/Desktop/Data-Mining-Projects/Apache_Airflow/airflow/dags/our_first_dag_v2.py
[2025-02-20T13:20:26.050+0100] {processor.py:914} INFO - Processing file /Users/ajlakorman/Desktop/Data-Mining-Projects/Apache_Airflow/airflow/dags/our_first_dag_v2.py for tasks to queue
[2025-02-20T13:20:26.050+0100] {logging_mixin.py:190} INFO - [2025-02-20T13:20:26.050+0100] {dagbag.py:588} INFO - Filling up the DagBag from /Users/ajlakorman/Desktop/Data-Mining-Projects/Apache_Airflow/airflow/dags/our_first_dag_v2.py
[2025-02-20T13:20:26.055+0100] {processor.py:925} INFO - DAG(s) 'our_first_dag_v2' retrieved from /Users/ajlakorman/Desktop/Data-Mining-Projects/Apache_Airflow/airflow/dags/our_first_dag_v2.py
[2025-02-20T13:20:26.138+0100] {logging_mixin.py:190} INFO - [2025-02-20T13:20:26.138+0100] {dag.py:3239} INFO - Sync 1 DAGs
[2025-02-20T13:20:26.153+0100] {logging_mixin.py:190} INFO - [2025-02-20T13:20:26.153+0100] {dag.py:4180} INFO - Setting next_dagrun for our_first_dag_v2 to 2025-02-20 00:00:00+00:00, run_after=2025-02-21 00:00:00+00:00
[2025-02-20T13:20:26.164+0100] {processor.py:208} INFO - Processing /Users/ajlakorman/Desktop/Data-Mining-Projects/Apache_Airflow/airflow/dags/our_first_dag_v2.py took 0.117 seconds
[2025-02-20T13:21:51.618+0100] {processor.py:186} INFO - Started process (PID=17173) to work on /Users/ajlakorman/Desktop/Data-Mining-Projects/Apache_Airflow/airflow/dags/our_first_dag_v2.py
[2025-02-20T13:21:51.619+0100] {processor.py:914} INFO - Processing file /Users/ajlakorman/Desktop/Data-Mining-Projects/Apache_Airflow/airflow/dags/our_first_dag_v2.py for tasks to queue
[2025-02-20T13:21:51.619+0100] {logging_mixin.py:190} INFO - [2025-02-20T13:21:51.619+0100] {dagbag.py:588} INFO - Filling up the DagBag from /Users/ajlakorman/Desktop/Data-Mining-Projects/Apache_Airflow/airflow/dags/our_first_dag_v2.py
[2025-02-20T13:21:51.625+0100] {processor.py:925} INFO - DAG(s) 'our_first_dag_v2' retrieved from /Users/ajlakorman/Desktop/Data-Mining-Projects/Apache_Airflow/airflow/dags/our_first_dag_v2.py
[2025-02-20T13:21:51.722+0100] {logging_mixin.py:190} INFO - [2025-02-20T13:21:51.722+0100] {dag.py:3239} INFO - Sync 1 DAGs
[2025-02-20T13:21:51.731+0100] {logging_mixin.py:190} INFO - [2025-02-20T13:21:51.731+0100] {dag.py:4180} INFO - Setting next_dagrun for our_first_dag_v2 to 2025-02-20 00:00:00+00:00, run_after=2025-02-21 00:00:00+00:00
[2025-02-20T13:21:51.745+0100] {processor.py:208} INFO - Processing /Users/ajlakorman/Desktop/Data-Mining-Projects/Apache_Airflow/airflow/dags/our_first_dag_v2.py took 0.131 seconds
[2025-02-20T13:23:11.532+0100] {processor.py:186} INFO - Started process (PID=17350) to work on /Users/ajlakorman/Desktop/Data-Mining-Projects/Apache_Airflow/airflow/dags/our_first_dag_v2.py
[2025-02-20T13:23:11.532+0100] {processor.py:914} INFO - Processing file /Users/ajlakorman/Desktop/Data-Mining-Projects/Apache_Airflow/airflow/dags/our_first_dag_v2.py for tasks to queue
[2025-02-20T13:23:11.533+0100] {logging_mixin.py:190} INFO - [2025-02-20T13:23:11.533+0100] {dagbag.py:588} INFO - Filling up the DagBag from /Users/ajlakorman/Desktop/Data-Mining-Projects/Apache_Airflow/airflow/dags/our_first_dag_v2.py
[2025-02-20T13:23:11.538+0100] {processor.py:925} INFO - DAG(s) 'our_first_dag_v2' retrieved from /Users/ajlakorman/Desktop/Data-Mining-Projects/Apache_Airflow/airflow/dags/our_first_dag_v2.py
[2025-02-20T13:23:11.607+0100] {logging_mixin.py:190} INFO - [2025-02-20T13:23:11.607+0100] {dag.py:3239} INFO - Sync 1 DAGs
[2025-02-20T13:23:11.614+0100] {logging_mixin.py:190} INFO - [2025-02-20T13:23:11.614+0100] {dag.py:4180} INFO - Setting next_dagrun for our_first_dag_v2 to 2025-02-20 00:00:00+00:00, run_after=2025-02-21 00:00:00+00:00
[2025-02-20T13:23:11.621+0100] {processor.py:208} INFO - Processing /Users/ajlakorman/Desktop/Data-Mining-Projects/Apache_Airflow/airflow/dags/our_first_dag_v2.py took 0.091 seconds
[2025-02-20T13:24:30.707+0100] {processor.py:186} INFO - Started process (PID=17456) to work on /Users/ajlakorman/Desktop/Data-Mining-Projects/Apache_Airflow/airflow/dags/our_first_dag_v2.py
[2025-02-20T13:24:30.708+0100] {processor.py:914} INFO - Processing file /Users/ajlakorman/Desktop/Data-Mining-Projects/Apache_Airflow/airflow/dags/our_first_dag_v2.py for tasks to queue
[2025-02-20T13:24:30.708+0100] {logging_mixin.py:190} INFO - [2025-02-20T13:24:30.708+0100] {dagbag.py:588} INFO - Filling up the DagBag from /Users/ajlakorman/Desktop/Data-Mining-Projects/Apache_Airflow/airflow/dags/our_first_dag_v2.py
[2025-02-20T13:24:30.713+0100] {processor.py:925} INFO - DAG(s) 'our_first_dag_v2' retrieved from /Users/ajlakorman/Desktop/Data-Mining-Projects/Apache_Airflow/airflow/dags/our_first_dag_v2.py
[2025-02-20T13:24:30.776+0100] {logging_mixin.py:190} INFO - [2025-02-20T13:24:30.776+0100] {dag.py:3239} INFO - Sync 1 DAGs
[2025-02-20T13:24:30.784+0100] {logging_mixin.py:190} INFO - [2025-02-20T13:24:30.784+0100] {dag.py:4180} INFO - Setting next_dagrun for our_first_dag_v2 to 2025-02-20 00:00:00+00:00, run_after=2025-02-21 00:00:00+00:00
[2025-02-20T13:24:30.790+0100] {processor.py:208} INFO - Processing /Users/ajlakorman/Desktop/Data-Mining-Projects/Apache_Airflow/airflow/dags/our_first_dag_v2.py took 0.085 seconds
[2025-02-20T13:25:48.673+0100] {processor.py:186} INFO - Started process (PID=17561) to work on /Users/ajlakorman/Desktop/Data-Mining-Projects/Apache_Airflow/airflow/dags/our_first_dag_v2.py
[2025-02-20T13:25:48.673+0100] {processor.py:914} INFO - Processing file /Users/ajlakorman/Desktop/Data-Mining-Projects/Apache_Airflow/airflow/dags/our_first_dag_v2.py for tasks to queue
[2025-02-20T13:25:48.674+0100] {logging_mixin.py:190} INFO - [2025-02-20T13:25:48.674+0100] {dagbag.py:588} INFO - Filling up the DagBag from /Users/ajlakorman/Desktop/Data-Mining-Projects/Apache_Airflow/airflow/dags/our_first_dag_v2.py
[2025-02-20T13:25:48.678+0100] {processor.py:925} INFO - DAG(s) 'our_first_dag_v2' retrieved from /Users/ajlakorman/Desktop/Data-Mining-Projects/Apache_Airflow/airflow/dags/our_first_dag_v2.py
[2025-02-20T13:25:48.742+0100] {logging_mixin.py:190} INFO - [2025-02-20T13:25:48.742+0100] {dag.py:3239} INFO - Sync 1 DAGs
[2025-02-20T13:25:48.748+0100] {logging_mixin.py:190} INFO - [2025-02-20T13:25:48.748+0100] {dag.py:4180} INFO - Setting next_dagrun for our_first_dag_v2 to 2025-02-20 00:00:00+00:00, run_after=2025-02-21 00:00:00+00:00
[2025-02-20T13:25:48.755+0100] {processor.py:208} INFO - Processing /Users/ajlakorman/Desktop/Data-Mining-Projects/Apache_Airflow/airflow/dags/our_first_dag_v2.py took 0.084 seconds
