[2025-02-20T10:18:06.891+0100] {processor.py:186} INFO - Started process (PID=5272) to work on /opt/anaconda3/lib/python3.12/site-packages/airflow/example_dags/plugins/listener_plugin.py
[2025-02-20T10:18:06.891+0100] {processor.py:914} INFO - Processing file /opt/anaconda3/lib/python3.12/site-packages/airflow/example_dags/plugins/listener_plugin.py for tasks to queue
[2025-02-20T10:18:06.892+0100] {logging_mixin.py:190} INFO - [2025-02-20T10:18:06.892+0100] {dagbag.py:588} INFO - Filling up the DagBag from /opt/anaconda3/lib/python3.12/site-packages/airflow/example_dags/plugins/listener_plugin.py
[2025-02-20T10:18:06.893+0100] {processor.py:927} WARNING - No viable dags retrieved from /opt/anaconda3/lib/python3.12/site-packages/airflow/example_dags/plugins/listener_plugin.py
[2025-02-20T10:18:06.923+0100] {processor.py:208} INFO - Processing /opt/anaconda3/lib/python3.12/site-packages/airflow/example_dags/plugins/listener_plugin.py took 0.033 seconds
[2025-02-20T10:48:41.810+0100] {processor.py:186} INFO - Started process (PID=5954) to work on /opt/anaconda3/lib/python3.12/site-packages/airflow/example_dags/plugins/listener_plugin.py
[2025-02-20T10:48:41.811+0100] {processor.py:914} INFO - Processing file /opt/anaconda3/lib/python3.12/site-packages/airflow/example_dags/plugins/listener_plugin.py for tasks to queue
[2025-02-20T10:48:41.811+0100] {logging_mixin.py:190} INFO - [2025-02-20T10:48:41.811+0100] {dagbag.py:588} INFO - Filling up the DagBag from /opt/anaconda3/lib/python3.12/site-packages/airflow/example_dags/plugins/listener_plugin.py
[2025-02-20T10:48:41.812+0100] {processor.py:927} WARNING - No viable dags retrieved from /opt/anaconda3/lib/python3.12/site-packages/airflow/example_dags/plugins/listener_plugin.py
[2025-02-20T10:48:41.841+0100] {processor.py:208} INFO - Processing /opt/anaconda3/lib/python3.12/site-packages/airflow/example_dags/plugins/listener_plugin.py took 0.032 seconds
[2025-02-20T10:51:49.563+0100] {processor.py:186} INFO - Started process (PID=6167) to work on /Users/ajlakorman/Desktop/Data-Mining-Projects/Apache_Airflow/venv/lib/python3.10/site-packages/airflow/example_dags/plugins/listener_plugin.py
[2025-02-20T10:51:49.563+0100] {processor.py:914} INFO - Processing file /Users/ajlakorman/Desktop/Data-Mining-Projects/Apache_Airflow/venv/lib/python3.10/site-packages/airflow/example_dags/plugins/listener_plugin.py for tasks to queue
[2025-02-20T10:51:49.564+0100] {logging_mixin.py:190} INFO - [2025-02-20T10:51:49.564+0100] {dagbag.py:588} INFO - Filling up the DagBag from /Users/ajlakorman/Desktop/Data-Mining-Projects/Apache_Airflow/venv/lib/python3.10/site-packages/airflow/example_dags/plugins/listener_plugin.py
[2025-02-20T10:51:49.565+0100] {processor.py:927} WARNING - No viable dags retrieved from /Users/ajlakorman/Desktop/Data-Mining-Projects/Apache_Airflow/venv/lib/python3.10/site-packages/airflow/example_dags/plugins/listener_plugin.py
[2025-02-20T10:51:49.642+0100] {processor.py:208} INFO - Processing /Users/ajlakorman/Desktop/Data-Mining-Projects/Apache_Airflow/venv/lib/python3.10/site-packages/airflow/example_dags/plugins/listener_plugin.py took 0.081 seconds
[2025-02-20T10:53:38.724+0100] {processor.py:186} INFO - Started process (PID=6423) to work on /Users/ajlakorman/Desktop/Data-Mining-Projects/Apache_Airflow/venv/lib/python3.10/site-packages/airflow/example_dags/plugins/listener_plugin.py
[2025-02-20T10:53:38.724+0100] {processor.py:914} INFO - Processing file /Users/ajlakorman/Desktop/Data-Mining-Projects/Apache_Airflow/venv/lib/python3.10/site-packages/airflow/example_dags/plugins/listener_plugin.py for tasks to queue
[2025-02-20T10:53:38.725+0100] {logging_mixin.py:190} INFO - [2025-02-20T10:53:38.725+0100] {dagbag.py:588} INFO - Filling up the DagBag from /Users/ajlakorman/Desktop/Data-Mining-Projects/Apache_Airflow/venv/lib/python3.10/site-packages/airflow/example_dags/plugins/listener_plugin.py
[2025-02-20T10:53:38.727+0100] {processor.py:927} WARNING - No viable dags retrieved from /Users/ajlakorman/Desktop/Data-Mining-Projects/Apache_Airflow/venv/lib/python3.10/site-packages/airflow/example_dags/plugins/listener_plugin.py
[2025-02-20T10:53:38.787+0100] {processor.py:208} INFO - Processing /Users/ajlakorman/Desktop/Data-Mining-Projects/Apache_Airflow/venv/lib/python3.10/site-packages/airflow/example_dags/plugins/listener_plugin.py took 0.065 seconds
[2025-02-20T10:54:55.690+0100] {processor.py:186} INFO - Started process (PID=6620) to work on /Users/ajlakorman/Desktop/Data-Mining-Projects/Apache_Airflow/venv/lib/python3.10/site-packages/airflow/example_dags/plugins/listener_plugin.py
[2025-02-20T10:54:55.691+0100] {processor.py:914} INFO - Processing file /Users/ajlakorman/Desktop/Data-Mining-Projects/Apache_Airflow/venv/lib/python3.10/site-packages/airflow/example_dags/plugins/listener_plugin.py for tasks to queue
[2025-02-20T10:54:55.692+0100] {logging_mixin.py:190} INFO - [2025-02-20T10:54:55.692+0100] {dagbag.py:588} INFO - Filling up the DagBag from /Users/ajlakorman/Desktop/Data-Mining-Projects/Apache_Airflow/venv/lib/python3.10/site-packages/airflow/example_dags/plugins/listener_plugin.py
[2025-02-20T10:54:55.693+0100] {processor.py:927} WARNING - No viable dags retrieved from /Users/ajlakorman/Desktop/Data-Mining-Projects/Apache_Airflow/venv/lib/python3.10/site-packages/airflow/example_dags/plugins/listener_plugin.py
[2025-02-20T10:54:55.754+0100] {processor.py:208} INFO - Processing /Users/ajlakorman/Desktop/Data-Mining-Projects/Apache_Airflow/venv/lib/python3.10/site-packages/airflow/example_dags/plugins/listener_plugin.py took 0.066 seconds
[2025-02-20T10:56:08.237+0100] {processor.py:186} INFO - Started process (PID=6754) to work on /Users/ajlakorman/Desktop/Data-Mining-Projects/Apache_Airflow/venv/lib/python3.10/site-packages/airflow/example_dags/plugins/listener_plugin.py
[2025-02-20T10:56:08.238+0100] {processor.py:914} INFO - Processing file /Users/ajlakorman/Desktop/Data-Mining-Projects/Apache_Airflow/venv/lib/python3.10/site-packages/airflow/example_dags/plugins/listener_plugin.py for tasks to queue
[2025-02-20T10:56:08.239+0100] {logging_mixin.py:190} INFO - [2025-02-20T10:56:08.239+0100] {dagbag.py:588} INFO - Filling up the DagBag from /Users/ajlakorman/Desktop/Data-Mining-Projects/Apache_Airflow/venv/lib/python3.10/site-packages/airflow/example_dags/plugins/listener_plugin.py
[2025-02-20T10:56:08.241+0100] {processor.py:927} WARNING - No viable dags retrieved from /Users/ajlakorman/Desktop/Data-Mining-Projects/Apache_Airflow/venv/lib/python3.10/site-packages/airflow/example_dags/plugins/listener_plugin.py
[2025-02-20T10:56:08.318+0100] {processor.py:208} INFO - Processing /Users/ajlakorman/Desktop/Data-Mining-Projects/Apache_Airflow/venv/lib/python3.10/site-packages/airflow/example_dags/plugins/listener_plugin.py took 0.083 seconds
[2025-02-20T10:57:34.752+0100] {processor.py:186} INFO - Started process (PID=6904) to work on /Users/ajlakorman/Desktop/Data-Mining-Projects/Apache_Airflow/venv/lib/python3.10/site-packages/airflow/example_dags/plugins/listener_plugin.py
[2025-02-20T10:57:34.753+0100] {processor.py:914} INFO - Processing file /Users/ajlakorman/Desktop/Data-Mining-Projects/Apache_Airflow/venv/lib/python3.10/site-packages/airflow/example_dags/plugins/listener_plugin.py for tasks to queue
[2025-02-20T10:57:34.753+0100] {logging_mixin.py:190} INFO - [2025-02-20T10:57:34.753+0100] {dagbag.py:588} INFO - Filling up the DagBag from /Users/ajlakorman/Desktop/Data-Mining-Projects/Apache_Airflow/venv/lib/python3.10/site-packages/airflow/example_dags/plugins/listener_plugin.py
[2025-02-20T10:57:34.754+0100] {processor.py:927} WARNING - No viable dags retrieved from /Users/ajlakorman/Desktop/Data-Mining-Projects/Apache_Airflow/venv/lib/python3.10/site-packages/airflow/example_dags/plugins/listener_plugin.py
[2025-02-20T10:57:34.823+0100] {processor.py:208} INFO - Processing /Users/ajlakorman/Desktop/Data-Mining-Projects/Apache_Airflow/venv/lib/python3.10/site-packages/airflow/example_dags/plugins/listener_plugin.py took 0.073 seconds
[2025-02-20T10:58:59.588+0100] {processor.py:186} INFO - Started process (PID=7028) to work on /Users/ajlakorman/Desktop/Data-Mining-Projects/Apache_Airflow/venv/lib/python3.10/site-packages/airflow/example_dags/plugins/listener_plugin.py
[2025-02-20T10:58:59.589+0100] {processor.py:914} INFO - Processing file /Users/ajlakorman/Desktop/Data-Mining-Projects/Apache_Airflow/venv/lib/python3.10/site-packages/airflow/example_dags/plugins/listener_plugin.py for tasks to queue
[2025-02-20T10:58:59.590+0100] {logging_mixin.py:190} INFO - [2025-02-20T10:58:59.590+0100] {dagbag.py:588} INFO - Filling up the DagBag from /Users/ajlakorman/Desktop/Data-Mining-Projects/Apache_Airflow/venv/lib/python3.10/site-packages/airflow/example_dags/plugins/listener_plugin.py
[2025-02-20T10:58:59.591+0100] {processor.py:927} WARNING - No viable dags retrieved from /Users/ajlakorman/Desktop/Data-Mining-Projects/Apache_Airflow/venv/lib/python3.10/site-packages/airflow/example_dags/plugins/listener_plugin.py
[2025-02-20T10:58:59.659+0100] {processor.py:208} INFO - Processing /Users/ajlakorman/Desktop/Data-Mining-Projects/Apache_Airflow/venv/lib/python3.10/site-packages/airflow/example_dags/plugins/listener_plugin.py took 0.073 seconds
[2025-02-20T11:00:18.771+0100] {processor.py:186} INFO - Started process (PID=7233) to work on /Users/ajlakorman/Desktop/Data-Mining-Projects/Apache_Airflow/venv/lib/python3.10/site-packages/airflow/example_dags/plugins/listener_plugin.py
[2025-02-20T11:00:18.771+0100] {processor.py:914} INFO - Processing file /Users/ajlakorman/Desktop/Data-Mining-Projects/Apache_Airflow/venv/lib/python3.10/site-packages/airflow/example_dags/plugins/listener_plugin.py for tasks to queue
[2025-02-20T11:00:18.772+0100] {logging_mixin.py:190} INFO - [2025-02-20T11:00:18.772+0100] {dagbag.py:588} INFO - Filling up the DagBag from /Users/ajlakorman/Desktop/Data-Mining-Projects/Apache_Airflow/venv/lib/python3.10/site-packages/airflow/example_dags/plugins/listener_plugin.py
[2025-02-20T11:00:18.773+0100] {processor.py:927} WARNING - No viable dags retrieved from /Users/ajlakorman/Desktop/Data-Mining-Projects/Apache_Airflow/venv/lib/python3.10/site-packages/airflow/example_dags/plugins/listener_plugin.py
[2025-02-20T11:00:18.835+0100] {processor.py:208} INFO - Processing /Users/ajlakorman/Desktop/Data-Mining-Projects/Apache_Airflow/venv/lib/python3.10/site-packages/airflow/example_dags/plugins/listener_plugin.py took 0.066 seconds
[2025-02-20T11:01:32.506+0100] {processor.py:186} INFO - Started process (PID=7381) to work on /Users/ajlakorman/Desktop/Data-Mining-Projects/Apache_Airflow/venv/lib/python3.10/site-packages/airflow/example_dags/plugins/listener_plugin.py
[2025-02-20T11:01:32.507+0100] {processor.py:914} INFO - Processing file /Users/ajlakorman/Desktop/Data-Mining-Projects/Apache_Airflow/venv/lib/python3.10/site-packages/airflow/example_dags/plugins/listener_plugin.py for tasks to queue
[2025-02-20T11:01:32.507+0100] {logging_mixin.py:190} INFO - [2025-02-20T11:01:32.507+0100] {dagbag.py:588} INFO - Filling up the DagBag from /Users/ajlakorman/Desktop/Data-Mining-Projects/Apache_Airflow/venv/lib/python3.10/site-packages/airflow/example_dags/plugins/listener_plugin.py
[2025-02-20T11:01:32.508+0100] {processor.py:927} WARNING - No viable dags retrieved from /Users/ajlakorman/Desktop/Data-Mining-Projects/Apache_Airflow/venv/lib/python3.10/site-packages/airflow/example_dags/plugins/listener_plugin.py
[2025-02-20T11:01:32.574+0100] {processor.py:208} INFO - Processing /Users/ajlakorman/Desktop/Data-Mining-Projects/Apache_Airflow/venv/lib/python3.10/site-packages/airflow/example_dags/plugins/listener_plugin.py took 0.069 seconds
[2025-02-20T11:02:46.019+0100] {processor.py:186} INFO - Started process (PID=7508) to work on /Users/ajlakorman/Desktop/Data-Mining-Projects/Apache_Airflow/venv/lib/python3.10/site-packages/airflow/example_dags/plugins/listener_plugin.py
[2025-02-20T11:02:46.020+0100] {processor.py:914} INFO - Processing file /Users/ajlakorman/Desktop/Data-Mining-Projects/Apache_Airflow/venv/lib/python3.10/site-packages/airflow/example_dags/plugins/listener_plugin.py for tasks to queue
[2025-02-20T11:02:46.021+0100] {logging_mixin.py:190} INFO - [2025-02-20T11:02:46.021+0100] {dagbag.py:588} INFO - Filling up the DagBag from /Users/ajlakorman/Desktop/Data-Mining-Projects/Apache_Airflow/venv/lib/python3.10/site-packages/airflow/example_dags/plugins/listener_plugin.py
[2025-02-20T11:02:46.022+0100] {processor.py:927} WARNING - No viable dags retrieved from /Users/ajlakorman/Desktop/Data-Mining-Projects/Apache_Airflow/venv/lib/python3.10/site-packages/airflow/example_dags/plugins/listener_plugin.py
[2025-02-20T11:02:46.083+0100] {processor.py:208} INFO - Processing /Users/ajlakorman/Desktop/Data-Mining-Projects/Apache_Airflow/venv/lib/python3.10/site-packages/airflow/example_dags/plugins/listener_plugin.py took 0.066 seconds
[2025-02-20T11:03:55.582+0100] {processor.py:186} INFO - Started process (PID=7627) to work on /Users/ajlakorman/Desktop/Data-Mining-Projects/Apache_Airflow/venv/lib/python3.10/site-packages/airflow/example_dags/plugins/listener_plugin.py
[2025-02-20T11:03:55.583+0100] {processor.py:914} INFO - Processing file /Users/ajlakorman/Desktop/Data-Mining-Projects/Apache_Airflow/venv/lib/python3.10/site-packages/airflow/example_dags/plugins/listener_plugin.py for tasks to queue
[2025-02-20T11:03:55.584+0100] {logging_mixin.py:190} INFO - [2025-02-20T11:03:55.584+0100] {dagbag.py:588} INFO - Filling up the DagBag from /Users/ajlakorman/Desktop/Data-Mining-Projects/Apache_Airflow/venv/lib/python3.10/site-packages/airflow/example_dags/plugins/listener_plugin.py
[2025-02-20T11:03:55.585+0100] {processor.py:927} WARNING - No viable dags retrieved from /Users/ajlakorman/Desktop/Data-Mining-Projects/Apache_Airflow/venv/lib/python3.10/site-packages/airflow/example_dags/plugins/listener_plugin.py
[2025-02-20T11:03:55.647+0100] {processor.py:208} INFO - Processing /Users/ajlakorman/Desktop/Data-Mining-Projects/Apache_Airflow/venv/lib/python3.10/site-packages/airflow/example_dags/plugins/listener_plugin.py took 0.066 seconds
[2025-02-20T11:05:03.773+0100] {processor.py:186} INFO - Started process (PID=7781) to work on /Users/ajlakorman/Desktop/Data-Mining-Projects/Apache_Airflow/venv/lib/python3.10/site-packages/airflow/example_dags/plugins/listener_plugin.py
[2025-02-20T11:05:03.774+0100] {processor.py:914} INFO - Processing file /Users/ajlakorman/Desktop/Data-Mining-Projects/Apache_Airflow/venv/lib/python3.10/site-packages/airflow/example_dags/plugins/listener_plugin.py for tasks to queue
[2025-02-20T11:05:03.775+0100] {logging_mixin.py:190} INFO - [2025-02-20T11:05:03.774+0100] {dagbag.py:588} INFO - Filling up the DagBag from /Users/ajlakorman/Desktop/Data-Mining-Projects/Apache_Airflow/venv/lib/python3.10/site-packages/airflow/example_dags/plugins/listener_plugin.py
[2025-02-20T11:05:03.775+0100] {processor.py:927} WARNING - No viable dags retrieved from /Users/ajlakorman/Desktop/Data-Mining-Projects/Apache_Airflow/venv/lib/python3.10/site-packages/airflow/example_dags/plugins/listener_plugin.py
[2025-02-20T11:05:03.836+0100] {processor.py:208} INFO - Processing /Users/ajlakorman/Desktop/Data-Mining-Projects/Apache_Airflow/venv/lib/python3.10/site-packages/airflow/example_dags/plugins/listener_plugin.py took 0.065 seconds
[2025-02-20T11:06:14.020+0100] {processor.py:186} INFO - Started process (PID=7959) to work on /Users/ajlakorman/Desktop/Data-Mining-Projects/Apache_Airflow/venv/lib/python3.10/site-packages/airflow/example_dags/plugins/listener_plugin.py
[2025-02-20T11:06:14.022+0100] {processor.py:914} INFO - Processing file /Users/ajlakorman/Desktop/Data-Mining-Projects/Apache_Airflow/venv/lib/python3.10/site-packages/airflow/example_dags/plugins/listener_plugin.py for tasks to queue
[2025-02-20T11:06:14.022+0100] {logging_mixin.py:190} INFO - [2025-02-20T11:06:14.022+0100] {dagbag.py:588} INFO - Filling up the DagBag from /Users/ajlakorman/Desktop/Data-Mining-Projects/Apache_Airflow/venv/lib/python3.10/site-packages/airflow/example_dags/plugins/listener_plugin.py
[2025-02-20T11:06:14.024+0100] {processor.py:927} WARNING - No viable dags retrieved from /Users/ajlakorman/Desktop/Data-Mining-Projects/Apache_Airflow/venv/lib/python3.10/site-packages/airflow/example_dags/plugins/listener_plugin.py
[2025-02-20T11:06:14.084+0100] {processor.py:208} INFO - Processing /Users/ajlakorman/Desktop/Data-Mining-Projects/Apache_Airflow/venv/lib/python3.10/site-packages/airflow/example_dags/plugins/listener_plugin.py took 0.065 seconds
[2025-02-20T11:07:24.196+0100] {processor.py:186} INFO - Started process (PID=8100) to work on /Users/ajlakorman/Desktop/Data-Mining-Projects/Apache_Airflow/venv/lib/python3.10/site-packages/airflow/example_dags/plugins/listener_plugin.py
[2025-02-20T11:07:24.197+0100] {processor.py:914} INFO - Processing file /Users/ajlakorman/Desktop/Data-Mining-Projects/Apache_Airflow/venv/lib/python3.10/site-packages/airflow/example_dags/plugins/listener_plugin.py for tasks to queue
[2025-02-20T11:07:24.198+0100] {logging_mixin.py:190} INFO - [2025-02-20T11:07:24.198+0100] {dagbag.py:588} INFO - Filling up the DagBag from /Users/ajlakorman/Desktop/Data-Mining-Projects/Apache_Airflow/venv/lib/python3.10/site-packages/airflow/example_dags/plugins/listener_plugin.py
[2025-02-20T11:07:24.199+0100] {processor.py:927} WARNING - No viable dags retrieved from /Users/ajlakorman/Desktop/Data-Mining-Projects/Apache_Airflow/venv/lib/python3.10/site-packages/airflow/example_dags/plugins/listener_plugin.py
[2025-02-20T11:07:24.281+0100] {processor.py:208} INFO - Processing /Users/ajlakorman/Desktop/Data-Mining-Projects/Apache_Airflow/venv/lib/python3.10/site-packages/airflow/example_dags/plugins/listener_plugin.py took 0.088 seconds
[2025-02-20T11:08:32.405+0100] {processor.py:186} INFO - Started process (PID=8239) to work on /Users/ajlakorman/Desktop/Data-Mining-Projects/Apache_Airflow/venv/lib/python3.10/site-packages/airflow/example_dags/plugins/listener_plugin.py
[2025-02-20T11:08:32.406+0100] {processor.py:914} INFO - Processing file /Users/ajlakorman/Desktop/Data-Mining-Projects/Apache_Airflow/venv/lib/python3.10/site-packages/airflow/example_dags/plugins/listener_plugin.py for tasks to queue
[2025-02-20T11:08:32.406+0100] {logging_mixin.py:190} INFO - [2025-02-20T11:08:32.406+0100] {dagbag.py:588} INFO - Filling up the DagBag from /Users/ajlakorman/Desktop/Data-Mining-Projects/Apache_Airflow/venv/lib/python3.10/site-packages/airflow/example_dags/plugins/listener_plugin.py
[2025-02-20T11:08:32.407+0100] {processor.py:927} WARNING - No viable dags retrieved from /Users/ajlakorman/Desktop/Data-Mining-Projects/Apache_Airflow/venv/lib/python3.10/site-packages/airflow/example_dags/plugins/listener_plugin.py
[2025-02-20T11:08:32.471+0100] {processor.py:208} INFO - Processing /Users/ajlakorman/Desktop/Data-Mining-Projects/Apache_Airflow/venv/lib/python3.10/site-packages/airflow/example_dags/plugins/listener_plugin.py took 0.068 seconds
[2025-02-20T11:09:42.751+0100] {processor.py:186} INFO - Started process (PID=8326) to work on /Users/ajlakorman/Desktop/Data-Mining-Projects/Apache_Airflow/venv/lib/python3.10/site-packages/airflow/example_dags/plugins/listener_plugin.py
[2025-02-20T11:09:42.751+0100] {processor.py:914} INFO - Processing file /Users/ajlakorman/Desktop/Data-Mining-Projects/Apache_Airflow/venv/lib/python3.10/site-packages/airflow/example_dags/plugins/listener_plugin.py for tasks to queue
[2025-02-20T11:09:42.752+0100] {logging_mixin.py:190} INFO - [2025-02-20T11:09:42.752+0100] {dagbag.py:588} INFO - Filling up the DagBag from /Users/ajlakorman/Desktop/Data-Mining-Projects/Apache_Airflow/venv/lib/python3.10/site-packages/airflow/example_dags/plugins/listener_plugin.py
[2025-02-20T11:09:42.753+0100] {processor.py:927} WARNING - No viable dags retrieved from /Users/ajlakorman/Desktop/Data-Mining-Projects/Apache_Airflow/venv/lib/python3.10/site-packages/airflow/example_dags/plugins/listener_plugin.py
[2025-02-20T11:09:42.816+0100] {processor.py:208} INFO - Processing /Users/ajlakorman/Desktop/Data-Mining-Projects/Apache_Airflow/venv/lib/python3.10/site-packages/airflow/example_dags/plugins/listener_plugin.py took 0.067 seconds
[2025-02-20T11:10:52.188+0100] {processor.py:186} INFO - Started process (PID=8492) to work on /Users/ajlakorman/Desktop/Data-Mining-Projects/Apache_Airflow/venv/lib/python3.10/site-packages/airflow/example_dags/plugins/listener_plugin.py
[2025-02-20T11:10:52.189+0100] {processor.py:914} INFO - Processing file /Users/ajlakorman/Desktop/Data-Mining-Projects/Apache_Airflow/venv/lib/python3.10/site-packages/airflow/example_dags/plugins/listener_plugin.py for tasks to queue
[2025-02-20T11:10:52.190+0100] {logging_mixin.py:190} INFO - [2025-02-20T11:10:52.190+0100] {dagbag.py:588} INFO - Filling up the DagBag from /Users/ajlakorman/Desktop/Data-Mining-Projects/Apache_Airflow/venv/lib/python3.10/site-packages/airflow/example_dags/plugins/listener_plugin.py
[2025-02-20T11:10:52.195+0100] {processor.py:927} WARNING - No viable dags retrieved from /Users/ajlakorman/Desktop/Data-Mining-Projects/Apache_Airflow/venv/lib/python3.10/site-packages/airflow/example_dags/plugins/listener_plugin.py
[2025-02-20T11:10:52.330+0100] {processor.py:208} INFO - Processing /Users/ajlakorman/Desktop/Data-Mining-Projects/Apache_Airflow/venv/lib/python3.10/site-packages/airflow/example_dags/plugins/listener_plugin.py took 0.144 seconds
[2025-02-20T11:12:00.203+0100] {processor.py:186} INFO - Started process (PID=8597) to work on /Users/ajlakorman/Desktop/Data-Mining-Projects/Apache_Airflow/venv/lib/python3.10/site-packages/airflow/example_dags/plugins/listener_plugin.py
[2025-02-20T11:12:00.204+0100] {processor.py:914} INFO - Processing file /Users/ajlakorman/Desktop/Data-Mining-Projects/Apache_Airflow/venv/lib/python3.10/site-packages/airflow/example_dags/plugins/listener_plugin.py for tasks to queue
[2025-02-20T11:12:00.204+0100] {logging_mixin.py:190} INFO - [2025-02-20T11:12:00.204+0100] {dagbag.py:588} INFO - Filling up the DagBag from /Users/ajlakorman/Desktop/Data-Mining-Projects/Apache_Airflow/venv/lib/python3.10/site-packages/airflow/example_dags/plugins/listener_plugin.py
[2025-02-20T11:12:00.205+0100] {processor.py:927} WARNING - No viable dags retrieved from /Users/ajlakorman/Desktop/Data-Mining-Projects/Apache_Airflow/venv/lib/python3.10/site-packages/airflow/example_dags/plugins/listener_plugin.py
[2025-02-20T11:12:00.270+0100] {processor.py:208} INFO - Processing /Users/ajlakorman/Desktop/Data-Mining-Projects/Apache_Airflow/venv/lib/python3.10/site-packages/airflow/example_dags/plugins/listener_plugin.py took 0.070 seconds
[2025-02-20T11:13:09.102+0100] {processor.py:186} INFO - Started process (PID=8695) to work on /Users/ajlakorman/Desktop/Data-Mining-Projects/Apache_Airflow/venv/lib/python3.10/site-packages/airflow/example_dags/plugins/listener_plugin.py
[2025-02-20T11:13:09.110+0100] {processor.py:914} INFO - Processing file /Users/ajlakorman/Desktop/Data-Mining-Projects/Apache_Airflow/venv/lib/python3.10/site-packages/airflow/example_dags/plugins/listener_plugin.py for tasks to queue
[2025-02-20T11:13:09.111+0100] {logging_mixin.py:190} INFO - [2025-02-20T11:13:09.111+0100] {dagbag.py:588} INFO - Filling up the DagBag from /Users/ajlakorman/Desktop/Data-Mining-Projects/Apache_Airflow/venv/lib/python3.10/site-packages/airflow/example_dags/plugins/listener_plugin.py
[2025-02-20T11:13:09.112+0100] {processor.py:927} WARNING - No viable dags retrieved from /Users/ajlakorman/Desktop/Data-Mining-Projects/Apache_Airflow/venv/lib/python3.10/site-packages/airflow/example_dags/plugins/listener_plugin.py
[2025-02-20T11:13:09.178+0100] {processor.py:208} INFO - Processing /Users/ajlakorman/Desktop/Data-Mining-Projects/Apache_Airflow/venv/lib/python3.10/site-packages/airflow/example_dags/plugins/listener_plugin.py took 0.079 seconds
[2025-02-20T11:14:23.015+0100] {processor.py:186} INFO - Started process (PID=8862) to work on /Users/ajlakorman/Desktop/Data-Mining-Projects/Apache_Airflow/venv/lib/python3.10/site-packages/airflow/example_dags/plugins/listener_plugin.py
[2025-02-20T11:14:23.016+0100] {processor.py:914} INFO - Processing file /Users/ajlakorman/Desktop/Data-Mining-Projects/Apache_Airflow/venv/lib/python3.10/site-packages/airflow/example_dags/plugins/listener_plugin.py for tasks to queue
[2025-02-20T11:14:23.016+0100] {logging_mixin.py:190} INFO - [2025-02-20T11:14:23.016+0100] {dagbag.py:588} INFO - Filling up the DagBag from /Users/ajlakorman/Desktop/Data-Mining-Projects/Apache_Airflow/venv/lib/python3.10/site-packages/airflow/example_dags/plugins/listener_plugin.py
[2025-02-20T11:14:23.018+0100] {processor.py:927} WARNING - No viable dags retrieved from /Users/ajlakorman/Desktop/Data-Mining-Projects/Apache_Airflow/venv/lib/python3.10/site-packages/airflow/example_dags/plugins/listener_plugin.py
[2025-02-20T11:14:23.083+0100] {processor.py:208} INFO - Processing /Users/ajlakorman/Desktop/Data-Mining-Projects/Apache_Airflow/venv/lib/python3.10/site-packages/airflow/example_dags/plugins/listener_plugin.py took 0.069 seconds
[2025-02-20T11:15:34.846+0100] {processor.py:186} INFO - Started process (PID=8944) to work on /Users/ajlakorman/Desktop/Data-Mining-Projects/Apache_Airflow/venv/lib/python3.10/site-packages/airflow/example_dags/plugins/listener_plugin.py
[2025-02-20T11:15:34.848+0100] {processor.py:914} INFO - Processing file /Users/ajlakorman/Desktop/Data-Mining-Projects/Apache_Airflow/venv/lib/python3.10/site-packages/airflow/example_dags/plugins/listener_plugin.py for tasks to queue
[2025-02-20T11:15:34.848+0100] {logging_mixin.py:190} INFO - [2025-02-20T11:15:34.848+0100] {dagbag.py:588} INFO - Filling up the DagBag from /Users/ajlakorman/Desktop/Data-Mining-Projects/Apache_Airflow/venv/lib/python3.10/site-packages/airflow/example_dags/plugins/listener_plugin.py
[2025-02-20T11:15:34.850+0100] {processor.py:927} WARNING - No viable dags retrieved from /Users/ajlakorman/Desktop/Data-Mining-Projects/Apache_Airflow/venv/lib/python3.10/site-packages/airflow/example_dags/plugins/listener_plugin.py
[2025-02-20T11:15:34.911+0100] {processor.py:208} INFO - Processing /Users/ajlakorman/Desktop/Data-Mining-Projects/Apache_Airflow/venv/lib/python3.10/site-packages/airflow/example_dags/plugins/listener_plugin.py took 0.066 seconds
[2025-02-20T11:16:46.338+0100] {processor.py:186} INFO - Started process (PID=9135) to work on /Users/ajlakorman/Desktop/Data-Mining-Projects/Apache_Airflow/venv/lib/python3.10/site-packages/airflow/example_dags/plugins/listener_plugin.py
[2025-02-20T11:16:46.339+0100] {processor.py:914} INFO - Processing file /Users/ajlakorman/Desktop/Data-Mining-Projects/Apache_Airflow/venv/lib/python3.10/site-packages/airflow/example_dags/plugins/listener_plugin.py for tasks to queue
[2025-02-20T11:16:46.339+0100] {logging_mixin.py:190} INFO - [2025-02-20T11:16:46.339+0100] {dagbag.py:588} INFO - Filling up the DagBag from /Users/ajlakorman/Desktop/Data-Mining-Projects/Apache_Airflow/venv/lib/python3.10/site-packages/airflow/example_dags/plugins/listener_plugin.py
[2025-02-20T11:16:46.340+0100] {processor.py:927} WARNING - No viable dags retrieved from /Users/ajlakorman/Desktop/Data-Mining-Projects/Apache_Airflow/venv/lib/python3.10/site-packages/airflow/example_dags/plugins/listener_plugin.py
[2025-02-20T11:16:46.400+0100] {processor.py:208} INFO - Processing /Users/ajlakorman/Desktop/Data-Mining-Projects/Apache_Airflow/venv/lib/python3.10/site-packages/airflow/example_dags/plugins/listener_plugin.py took 0.064 seconds
[2025-02-20T11:17:59.369+0100] {processor.py:186} INFO - Started process (PID=9313) to work on /Users/ajlakorman/Desktop/Data-Mining-Projects/Apache_Airflow/venv/lib/python3.10/site-packages/airflow/example_dags/plugins/listener_plugin.py
[2025-02-20T11:17:59.371+0100] {processor.py:914} INFO - Processing file /Users/ajlakorman/Desktop/Data-Mining-Projects/Apache_Airflow/venv/lib/python3.10/site-packages/airflow/example_dags/plugins/listener_plugin.py for tasks to queue
[2025-02-20T11:17:59.374+0100] {logging_mixin.py:190} INFO - [2025-02-20T11:17:59.373+0100] {dagbag.py:588} INFO - Filling up the DagBag from /Users/ajlakorman/Desktop/Data-Mining-Projects/Apache_Airflow/venv/lib/python3.10/site-packages/airflow/example_dags/plugins/listener_plugin.py
[2025-02-20T11:17:59.376+0100] {processor.py:927} WARNING - No viable dags retrieved from /Users/ajlakorman/Desktop/Data-Mining-Projects/Apache_Airflow/venv/lib/python3.10/site-packages/airflow/example_dags/plugins/listener_plugin.py
[2025-02-20T11:17:59.476+0100] {processor.py:208} INFO - Processing /Users/ajlakorman/Desktop/Data-Mining-Projects/Apache_Airflow/venv/lib/python3.10/site-packages/airflow/example_dags/plugins/listener_plugin.py took 0.115 seconds
[2025-02-20T11:19:16.465+0100] {processor.py:186} INFO - Started process (PID=9519) to work on /Users/ajlakorman/Desktop/Data-Mining-Projects/Apache_Airflow/venv/lib/python3.10/site-packages/airflow/example_dags/plugins/listener_plugin.py
[2025-02-20T11:19:16.466+0100] {processor.py:914} INFO - Processing file /Users/ajlakorman/Desktop/Data-Mining-Projects/Apache_Airflow/venv/lib/python3.10/site-packages/airflow/example_dags/plugins/listener_plugin.py for tasks to queue
[2025-02-20T11:19:16.467+0100] {logging_mixin.py:190} INFO - [2025-02-20T11:19:16.467+0100] {dagbag.py:588} INFO - Filling up the DagBag from /Users/ajlakorman/Desktop/Data-Mining-Projects/Apache_Airflow/venv/lib/python3.10/site-packages/airflow/example_dags/plugins/listener_plugin.py
[2025-02-20T11:19:16.468+0100] {processor.py:927} WARNING - No viable dags retrieved from /Users/ajlakorman/Desktop/Data-Mining-Projects/Apache_Airflow/venv/lib/python3.10/site-packages/airflow/example_dags/plugins/listener_plugin.py
[2025-02-20T11:19:16.537+0100] {processor.py:208} INFO - Processing /Users/ajlakorman/Desktop/Data-Mining-Projects/Apache_Airflow/venv/lib/python3.10/site-packages/airflow/example_dags/plugins/listener_plugin.py took 0.073 seconds
[2025-02-20T11:20:30.561+0100] {processor.py:186} INFO - Started process (PID=9688) to work on /Users/ajlakorman/Desktop/Data-Mining-Projects/Apache_Airflow/venv/lib/python3.10/site-packages/airflow/example_dags/plugins/listener_plugin.py
[2025-02-20T11:20:30.562+0100] {processor.py:914} INFO - Processing file /Users/ajlakorman/Desktop/Data-Mining-Projects/Apache_Airflow/venv/lib/python3.10/site-packages/airflow/example_dags/plugins/listener_plugin.py for tasks to queue
[2025-02-20T11:20:30.563+0100] {logging_mixin.py:190} INFO - [2025-02-20T11:20:30.563+0100] {dagbag.py:588} INFO - Filling up the DagBag from /Users/ajlakorman/Desktop/Data-Mining-Projects/Apache_Airflow/venv/lib/python3.10/site-packages/airflow/example_dags/plugins/listener_plugin.py
[2025-02-20T11:20:30.565+0100] {processor.py:927} WARNING - No viable dags retrieved from /Users/ajlakorman/Desktop/Data-Mining-Projects/Apache_Airflow/venv/lib/python3.10/site-packages/airflow/example_dags/plugins/listener_plugin.py
[2025-02-20T11:20:30.638+0100] {processor.py:208} INFO - Processing /Users/ajlakorman/Desktop/Data-Mining-Projects/Apache_Airflow/venv/lib/python3.10/site-packages/airflow/example_dags/plugins/listener_plugin.py took 0.079 seconds
[2025-02-20T11:21:42.416+0100] {processor.py:186} INFO - Started process (PID=9788) to work on /Users/ajlakorman/Desktop/Data-Mining-Projects/Apache_Airflow/venv/lib/python3.10/site-packages/airflow/example_dags/plugins/listener_plugin.py
[2025-02-20T11:21:42.418+0100] {processor.py:914} INFO - Processing file /Users/ajlakorman/Desktop/Data-Mining-Projects/Apache_Airflow/venv/lib/python3.10/site-packages/airflow/example_dags/plugins/listener_plugin.py for tasks to queue
[2025-02-20T11:21:42.418+0100] {logging_mixin.py:190} INFO - [2025-02-20T11:21:42.418+0100] {dagbag.py:588} INFO - Filling up the DagBag from /Users/ajlakorman/Desktop/Data-Mining-Projects/Apache_Airflow/venv/lib/python3.10/site-packages/airflow/example_dags/plugins/listener_plugin.py
[2025-02-20T11:21:42.420+0100] {processor.py:927} WARNING - No viable dags retrieved from /Users/ajlakorman/Desktop/Data-Mining-Projects/Apache_Airflow/venv/lib/python3.10/site-packages/airflow/example_dags/plugins/listener_plugin.py
[2025-02-20T11:21:42.480+0100] {processor.py:208} INFO - Processing /Users/ajlakorman/Desktop/Data-Mining-Projects/Apache_Airflow/venv/lib/python3.10/site-packages/airflow/example_dags/plugins/listener_plugin.py took 0.065 seconds
[2025-02-20T11:22:56.691+0100] {processor.py:186} INFO - Started process (PID=9917) to work on /Users/ajlakorman/Desktop/Data-Mining-Projects/Apache_Airflow/venv/lib/python3.10/site-packages/airflow/example_dags/plugins/listener_plugin.py
[2025-02-20T11:22:56.692+0100] {processor.py:914} INFO - Processing file /Users/ajlakorman/Desktop/Data-Mining-Projects/Apache_Airflow/venv/lib/python3.10/site-packages/airflow/example_dags/plugins/listener_plugin.py for tasks to queue
[2025-02-20T11:22:56.693+0100] {logging_mixin.py:190} INFO - [2025-02-20T11:22:56.693+0100] {dagbag.py:588} INFO - Filling up the DagBag from /Users/ajlakorman/Desktop/Data-Mining-Projects/Apache_Airflow/venv/lib/python3.10/site-packages/airflow/example_dags/plugins/listener_plugin.py
[2025-02-20T11:22:56.695+0100] {processor.py:927} WARNING - No viable dags retrieved from /Users/ajlakorman/Desktop/Data-Mining-Projects/Apache_Airflow/venv/lib/python3.10/site-packages/airflow/example_dags/plugins/listener_plugin.py
[2025-02-20T11:22:56.765+0100] {processor.py:208} INFO - Processing /Users/ajlakorman/Desktop/Data-Mining-Projects/Apache_Airflow/venv/lib/python3.10/site-packages/airflow/example_dags/plugins/listener_plugin.py took 0.076 seconds
[2025-02-20T11:24:12.845+0100] {processor.py:186} INFO - Started process (PID=10052) to work on /Users/ajlakorman/Desktop/Data-Mining-Projects/Apache_Airflow/venv/lib/python3.10/site-packages/airflow/example_dags/plugins/listener_plugin.py
[2025-02-20T11:24:12.846+0100] {processor.py:914} INFO - Processing file /Users/ajlakorman/Desktop/Data-Mining-Projects/Apache_Airflow/venv/lib/python3.10/site-packages/airflow/example_dags/plugins/listener_plugin.py for tasks to queue
[2025-02-20T11:24:12.846+0100] {logging_mixin.py:190} INFO - [2025-02-20T11:24:12.846+0100] {dagbag.py:588} INFO - Filling up the DagBag from /Users/ajlakorman/Desktop/Data-Mining-Projects/Apache_Airflow/venv/lib/python3.10/site-packages/airflow/example_dags/plugins/listener_plugin.py
[2025-02-20T11:24:12.848+0100] {processor.py:927} WARNING - No viable dags retrieved from /Users/ajlakorman/Desktop/Data-Mining-Projects/Apache_Airflow/venv/lib/python3.10/site-packages/airflow/example_dags/plugins/listener_plugin.py
[2025-02-20T11:24:12.912+0100] {processor.py:208} INFO - Processing /Users/ajlakorman/Desktop/Data-Mining-Projects/Apache_Airflow/venv/lib/python3.10/site-packages/airflow/example_dags/plugins/listener_plugin.py took 0.068 seconds
[2025-02-20T11:25:26.446+0100] {processor.py:186} INFO - Started process (PID=10176) to work on /Users/ajlakorman/Desktop/Data-Mining-Projects/Apache_Airflow/venv/lib/python3.10/site-packages/airflow/example_dags/plugins/listener_plugin.py
[2025-02-20T11:25:26.447+0100] {processor.py:914} INFO - Processing file /Users/ajlakorman/Desktop/Data-Mining-Projects/Apache_Airflow/venv/lib/python3.10/site-packages/airflow/example_dags/plugins/listener_plugin.py for tasks to queue
[2025-02-20T11:25:26.448+0100] {logging_mixin.py:190} INFO - [2025-02-20T11:25:26.447+0100] {dagbag.py:588} INFO - Filling up the DagBag from /Users/ajlakorman/Desktop/Data-Mining-Projects/Apache_Airflow/venv/lib/python3.10/site-packages/airflow/example_dags/plugins/listener_plugin.py
[2025-02-20T11:25:26.449+0100] {processor.py:927} WARNING - No viable dags retrieved from /Users/ajlakorman/Desktop/Data-Mining-Projects/Apache_Airflow/venv/lib/python3.10/site-packages/airflow/example_dags/plugins/listener_plugin.py
[2025-02-20T11:25:26.509+0100] {processor.py:208} INFO - Processing /Users/ajlakorman/Desktop/Data-Mining-Projects/Apache_Airflow/venv/lib/python3.10/site-packages/airflow/example_dags/plugins/listener_plugin.py took 0.065 seconds
[2025-02-20T11:26:40.585+0100] {processor.py:186} INFO - Started process (PID=10360) to work on /Users/ajlakorman/Desktop/Data-Mining-Projects/Apache_Airflow/venv/lib/python3.10/site-packages/airflow/example_dags/plugins/listener_plugin.py
[2025-02-20T11:26:40.586+0100] {processor.py:914} INFO - Processing file /Users/ajlakorman/Desktop/Data-Mining-Projects/Apache_Airflow/venv/lib/python3.10/site-packages/airflow/example_dags/plugins/listener_plugin.py for tasks to queue
[2025-02-20T11:26:40.587+0100] {logging_mixin.py:190} INFO - [2025-02-20T11:26:40.586+0100] {dagbag.py:588} INFO - Filling up the DagBag from /Users/ajlakorman/Desktop/Data-Mining-Projects/Apache_Airflow/venv/lib/python3.10/site-packages/airflow/example_dags/plugins/listener_plugin.py
[2025-02-20T11:26:40.588+0100] {processor.py:927} WARNING - No viable dags retrieved from /Users/ajlakorman/Desktop/Data-Mining-Projects/Apache_Airflow/venv/lib/python3.10/site-packages/airflow/example_dags/plugins/listener_plugin.py
[2025-02-20T11:26:40.650+0100] {processor.py:208} INFO - Processing /Users/ajlakorman/Desktop/Data-Mining-Projects/Apache_Airflow/venv/lib/python3.10/site-packages/airflow/example_dags/plugins/listener_plugin.py took 0.066 seconds
[2025-02-20T11:27:56.007+0100] {processor.py:186} INFO - Started process (PID=10513) to work on /Users/ajlakorman/Desktop/Data-Mining-Projects/Apache_Airflow/venv/lib/python3.10/site-packages/airflow/example_dags/plugins/listener_plugin.py
[2025-02-20T11:27:56.008+0100] {processor.py:914} INFO - Processing file /Users/ajlakorman/Desktop/Data-Mining-Projects/Apache_Airflow/venv/lib/python3.10/site-packages/airflow/example_dags/plugins/listener_plugin.py for tasks to queue
[2025-02-20T11:27:56.009+0100] {logging_mixin.py:190} INFO - [2025-02-20T11:27:56.008+0100] {dagbag.py:588} INFO - Filling up the DagBag from /Users/ajlakorman/Desktop/Data-Mining-Projects/Apache_Airflow/venv/lib/python3.10/site-packages/airflow/example_dags/plugins/listener_plugin.py
[2025-02-20T11:27:56.011+0100] {processor.py:927} WARNING - No viable dags retrieved from /Users/ajlakorman/Desktop/Data-Mining-Projects/Apache_Airflow/venv/lib/python3.10/site-packages/airflow/example_dags/plugins/listener_plugin.py
[2025-02-20T11:27:56.071+0100] {processor.py:208} INFO - Processing /Users/ajlakorman/Desktop/Data-Mining-Projects/Apache_Airflow/venv/lib/python3.10/site-packages/airflow/example_dags/plugins/listener_plugin.py took 0.066 seconds
[2025-02-20T11:29:10.464+0100] {processor.py:186} INFO - Started process (PID=10708) to work on /Users/ajlakorman/Desktop/Data-Mining-Projects/Apache_Airflow/venv/lib/python3.10/site-packages/airflow/example_dags/plugins/listener_plugin.py
[2025-02-20T11:29:10.465+0100] {processor.py:914} INFO - Processing file /Users/ajlakorman/Desktop/Data-Mining-Projects/Apache_Airflow/venv/lib/python3.10/site-packages/airflow/example_dags/plugins/listener_plugin.py for tasks to queue
[2025-02-20T11:29:10.465+0100] {logging_mixin.py:190} INFO - [2025-02-20T11:29:10.465+0100] {dagbag.py:588} INFO - Filling up the DagBag from /Users/ajlakorman/Desktop/Data-Mining-Projects/Apache_Airflow/venv/lib/python3.10/site-packages/airflow/example_dags/plugins/listener_plugin.py
[2025-02-20T11:29:10.467+0100] {processor.py:927} WARNING - No viable dags retrieved from /Users/ajlakorman/Desktop/Data-Mining-Projects/Apache_Airflow/venv/lib/python3.10/site-packages/airflow/example_dags/plugins/listener_plugin.py
[2025-02-20T11:29:10.528+0100] {processor.py:208} INFO - Processing /Users/ajlakorman/Desktop/Data-Mining-Projects/Apache_Airflow/venv/lib/python3.10/site-packages/airflow/example_dags/plugins/listener_plugin.py took 0.065 seconds
[2025-02-20T11:30:24.155+0100] {processor.py:186} INFO - Started process (PID=10850) to work on /Users/ajlakorman/Desktop/Data-Mining-Projects/Apache_Airflow/venv/lib/python3.10/site-packages/airflow/example_dags/plugins/listener_plugin.py
[2025-02-20T11:30:24.156+0100] {processor.py:914} INFO - Processing file /Users/ajlakorman/Desktop/Data-Mining-Projects/Apache_Airflow/venv/lib/python3.10/site-packages/airflow/example_dags/plugins/listener_plugin.py for tasks to queue
[2025-02-20T11:30:24.156+0100] {logging_mixin.py:190} INFO - [2025-02-20T11:30:24.156+0100] {dagbag.py:588} INFO - Filling up the DagBag from /Users/ajlakorman/Desktop/Data-Mining-Projects/Apache_Airflow/venv/lib/python3.10/site-packages/airflow/example_dags/plugins/listener_plugin.py
[2025-02-20T11:30:24.157+0100] {processor.py:927} WARNING - No viable dags retrieved from /Users/ajlakorman/Desktop/Data-Mining-Projects/Apache_Airflow/venv/lib/python3.10/site-packages/airflow/example_dags/plugins/listener_plugin.py
[2025-02-20T11:30:24.227+0100] {processor.py:208} INFO - Processing /Users/ajlakorman/Desktop/Data-Mining-Projects/Apache_Airflow/venv/lib/python3.10/site-packages/airflow/example_dags/plugins/listener_plugin.py took 0.075 seconds
[2025-02-20T11:31:38.860+0100] {processor.py:186} INFO - Started process (PID=10974) to work on /Users/ajlakorman/Desktop/Data-Mining-Projects/Apache_Airflow/venv/lib/python3.10/site-packages/airflow/example_dags/plugins/listener_plugin.py
[2025-02-20T11:31:38.862+0100] {processor.py:914} INFO - Processing file /Users/ajlakorman/Desktop/Data-Mining-Projects/Apache_Airflow/venv/lib/python3.10/site-packages/airflow/example_dags/plugins/listener_plugin.py for tasks to queue
[2025-02-20T11:31:38.862+0100] {logging_mixin.py:190} INFO - [2025-02-20T11:31:38.862+0100] {dagbag.py:588} INFO - Filling up the DagBag from /Users/ajlakorman/Desktop/Data-Mining-Projects/Apache_Airflow/venv/lib/python3.10/site-packages/airflow/example_dags/plugins/listener_plugin.py
[2025-02-20T11:31:38.867+0100] {processor.py:927} WARNING - No viable dags retrieved from /Users/ajlakorman/Desktop/Data-Mining-Projects/Apache_Airflow/venv/lib/python3.10/site-packages/airflow/example_dags/plugins/listener_plugin.py
[2025-02-20T11:31:38.930+0100] {processor.py:208} INFO - Processing /Users/ajlakorman/Desktop/Data-Mining-Projects/Apache_Airflow/venv/lib/python3.10/site-packages/airflow/example_dags/plugins/listener_plugin.py took 0.071 seconds
[2025-02-20T11:32:50.549+0100] {processor.py:186} INFO - Started process (PID=11084) to work on /Users/ajlakorman/Desktop/Data-Mining-Projects/Apache_Airflow/venv/lib/python3.10/site-packages/airflow/example_dags/plugins/listener_plugin.py
[2025-02-20T11:32:50.550+0100] {processor.py:914} INFO - Processing file /Users/ajlakorman/Desktop/Data-Mining-Projects/Apache_Airflow/venv/lib/python3.10/site-packages/airflow/example_dags/plugins/listener_plugin.py for tasks to queue
[2025-02-20T11:32:50.551+0100] {logging_mixin.py:190} INFO - [2025-02-20T11:32:50.551+0100] {dagbag.py:588} INFO - Filling up the DagBag from /Users/ajlakorman/Desktop/Data-Mining-Projects/Apache_Airflow/venv/lib/python3.10/site-packages/airflow/example_dags/plugins/listener_plugin.py
[2025-02-20T11:32:50.553+0100] {processor.py:927} WARNING - No viable dags retrieved from /Users/ajlakorman/Desktop/Data-Mining-Projects/Apache_Airflow/venv/lib/python3.10/site-packages/airflow/example_dags/plugins/listener_plugin.py
[2025-02-20T11:32:50.613+0100] {processor.py:208} INFO - Processing /Users/ajlakorman/Desktop/Data-Mining-Projects/Apache_Airflow/venv/lib/python3.10/site-packages/airflow/example_dags/plugins/listener_plugin.py took 0.065 seconds
[2025-02-20T11:34:04.747+0100] {processor.py:186} INFO - Started process (PID=11203) to work on /Users/ajlakorman/Desktop/Data-Mining-Projects/Apache_Airflow/venv/lib/python3.10/site-packages/airflow/example_dags/plugins/listener_plugin.py
[2025-02-20T11:34:04.747+0100] {processor.py:914} INFO - Processing file /Users/ajlakorman/Desktop/Data-Mining-Projects/Apache_Airflow/venv/lib/python3.10/site-packages/airflow/example_dags/plugins/listener_plugin.py for tasks to queue
[2025-02-20T11:34:04.748+0100] {logging_mixin.py:190} INFO - [2025-02-20T11:34:04.748+0100] {dagbag.py:588} INFO - Filling up the DagBag from /Users/ajlakorman/Desktop/Data-Mining-Projects/Apache_Airflow/venv/lib/python3.10/site-packages/airflow/example_dags/plugins/listener_plugin.py
[2025-02-20T11:34:04.749+0100] {processor.py:927} WARNING - No viable dags retrieved from /Users/ajlakorman/Desktop/Data-Mining-Projects/Apache_Airflow/venv/lib/python3.10/site-packages/airflow/example_dags/plugins/listener_plugin.py
[2025-02-20T11:34:04.811+0100] {processor.py:208} INFO - Processing /Users/ajlakorman/Desktop/Data-Mining-Projects/Apache_Airflow/venv/lib/python3.10/site-packages/airflow/example_dags/plugins/listener_plugin.py took 0.066 seconds
[2025-02-20T11:35:18.746+0100] {processor.py:186} INFO - Started process (PID=11328) to work on /Users/ajlakorman/Desktop/Data-Mining-Projects/Apache_Airflow/venv/lib/python3.10/site-packages/airflow/example_dags/plugins/listener_plugin.py
[2025-02-20T11:35:18.747+0100] {processor.py:914} INFO - Processing file /Users/ajlakorman/Desktop/Data-Mining-Projects/Apache_Airflow/venv/lib/python3.10/site-packages/airflow/example_dags/plugins/listener_plugin.py for tasks to queue
[2025-02-20T11:35:18.747+0100] {logging_mixin.py:190} INFO - [2025-02-20T11:35:18.747+0100] {dagbag.py:588} INFO - Filling up the DagBag from /Users/ajlakorman/Desktop/Data-Mining-Projects/Apache_Airflow/venv/lib/python3.10/site-packages/airflow/example_dags/plugins/listener_plugin.py
[2025-02-20T11:35:18.749+0100] {processor.py:927} WARNING - No viable dags retrieved from /Users/ajlakorman/Desktop/Data-Mining-Projects/Apache_Airflow/venv/lib/python3.10/site-packages/airflow/example_dags/plugins/listener_plugin.py
[2025-02-20T11:35:18.809+0100] {processor.py:208} INFO - Processing /Users/ajlakorman/Desktop/Data-Mining-Projects/Apache_Airflow/venv/lib/python3.10/site-packages/airflow/example_dags/plugins/listener_plugin.py took 0.064 seconds
[2025-02-20T11:36:34.944+0100] {processor.py:186} INFO - Started process (PID=11452) to work on /Users/ajlakorman/Desktop/Data-Mining-Projects/Apache_Airflow/venv/lib/python3.10/site-packages/airflow/example_dags/plugins/listener_plugin.py
[2025-02-20T11:36:34.946+0100] {processor.py:914} INFO - Processing file /Users/ajlakorman/Desktop/Data-Mining-Projects/Apache_Airflow/venv/lib/python3.10/site-packages/airflow/example_dags/plugins/listener_plugin.py for tasks to queue
[2025-02-20T11:36:34.948+0100] {logging_mixin.py:190} INFO - [2025-02-20T11:36:34.948+0100] {dagbag.py:588} INFO - Filling up the DagBag from /Users/ajlakorman/Desktop/Data-Mining-Projects/Apache_Airflow/venv/lib/python3.10/site-packages/airflow/example_dags/plugins/listener_plugin.py
[2025-02-20T11:36:34.954+0100] {processor.py:927} WARNING - No viable dags retrieved from /Users/ajlakorman/Desktop/Data-Mining-Projects/Apache_Airflow/venv/lib/python3.10/site-packages/airflow/example_dags/plugins/listener_plugin.py
[2025-02-20T11:36:35.051+0100] {processor.py:208} INFO - Processing /Users/ajlakorman/Desktop/Data-Mining-Projects/Apache_Airflow/venv/lib/python3.10/site-packages/airflow/example_dags/plugins/listener_plugin.py took 0.112 seconds
[2025-02-20T11:37:51.816+0100] {processor.py:186} INFO - Started process (PID=11609) to work on /Users/ajlakorman/Desktop/Data-Mining-Projects/Apache_Airflow/venv/lib/python3.10/site-packages/airflow/example_dags/plugins/listener_plugin.py
[2025-02-20T11:37:51.818+0100] {processor.py:914} INFO - Processing file /Users/ajlakorman/Desktop/Data-Mining-Projects/Apache_Airflow/venv/lib/python3.10/site-packages/airflow/example_dags/plugins/listener_plugin.py for tasks to queue
[2025-02-20T11:37:51.818+0100] {logging_mixin.py:190} INFO - [2025-02-20T11:37:51.818+0100] {dagbag.py:588} INFO - Filling up the DagBag from /Users/ajlakorman/Desktop/Data-Mining-Projects/Apache_Airflow/venv/lib/python3.10/site-packages/airflow/example_dags/plugins/listener_plugin.py
[2025-02-20T11:37:51.820+0100] {processor.py:927} WARNING - No viable dags retrieved from /Users/ajlakorman/Desktop/Data-Mining-Projects/Apache_Airflow/venv/lib/python3.10/site-packages/airflow/example_dags/plugins/listener_plugin.py
[2025-02-20T11:37:51.884+0100] {processor.py:208} INFO - Processing /Users/ajlakorman/Desktop/Data-Mining-Projects/Apache_Airflow/venv/lib/python3.10/site-packages/airflow/example_dags/plugins/listener_plugin.py took 0.070 seconds
[2025-02-20T11:39:06.076+0100] {processor.py:186} INFO - Started process (PID=11722) to work on /Users/ajlakorman/Desktop/Data-Mining-Projects/Apache_Airflow/venv/lib/python3.10/site-packages/airflow/example_dags/plugins/listener_plugin.py
[2025-02-20T11:39:06.077+0100] {processor.py:914} INFO - Processing file /Users/ajlakorman/Desktop/Data-Mining-Projects/Apache_Airflow/venv/lib/python3.10/site-packages/airflow/example_dags/plugins/listener_plugin.py for tasks to queue
[2025-02-20T11:39:06.077+0100] {logging_mixin.py:190} INFO - [2025-02-20T11:39:06.077+0100] {dagbag.py:588} INFO - Filling up the DagBag from /Users/ajlakorman/Desktop/Data-Mining-Projects/Apache_Airflow/venv/lib/python3.10/site-packages/airflow/example_dags/plugins/listener_plugin.py
[2025-02-20T11:39:06.079+0100] {processor.py:927} WARNING - No viable dags retrieved from /Users/ajlakorman/Desktop/Data-Mining-Projects/Apache_Airflow/venv/lib/python3.10/site-packages/airflow/example_dags/plugins/listener_plugin.py
[2025-02-20T11:39:06.164+0100] {processor.py:208} INFO - Processing /Users/ajlakorman/Desktop/Data-Mining-Projects/Apache_Airflow/venv/lib/python3.10/site-packages/airflow/example_dags/plugins/listener_plugin.py took 0.090 seconds
[2025-02-20T11:40:17.002+0100] {processor.py:186} INFO - Started process (PID=11824) to work on /Users/ajlakorman/Desktop/Data-Mining-Projects/Apache_Airflow/venv/lib/python3.10/site-packages/airflow/example_dags/plugins/listener_plugin.py
[2025-02-20T11:40:17.003+0100] {processor.py:914} INFO - Processing file /Users/ajlakorman/Desktop/Data-Mining-Projects/Apache_Airflow/venv/lib/python3.10/site-packages/airflow/example_dags/plugins/listener_plugin.py for tasks to queue
[2025-02-20T11:40:17.006+0100] {logging_mixin.py:190} INFO - [2025-02-20T11:40:17.006+0100] {dagbag.py:588} INFO - Filling up the DagBag from /Users/ajlakorman/Desktop/Data-Mining-Projects/Apache_Airflow/venv/lib/python3.10/site-packages/airflow/example_dags/plugins/listener_plugin.py
[2025-02-20T11:40:17.008+0100] {processor.py:927} WARNING - No viable dags retrieved from /Users/ajlakorman/Desktop/Data-Mining-Projects/Apache_Airflow/venv/lib/python3.10/site-packages/airflow/example_dags/plugins/listener_plugin.py
[2025-02-20T11:40:17.069+0100] {processor.py:208} INFO - Processing /Users/ajlakorman/Desktop/Data-Mining-Projects/Apache_Airflow/venv/lib/python3.10/site-packages/airflow/example_dags/plugins/listener_plugin.py took 0.070 seconds
[2025-02-20T12:07:07.943+0100] {processor.py:186} INFO - Started process (PID=11944) to work on /Users/ajlakorman/Desktop/Data-Mining-Projects/Apache_Airflow/venv/lib/python3.10/site-packages/airflow/example_dags/plugins/listener_plugin.py
[2025-02-20T12:07:07.944+0100] {processor.py:914} INFO - Processing file /Users/ajlakorman/Desktop/Data-Mining-Projects/Apache_Airflow/venv/lib/python3.10/site-packages/airflow/example_dags/plugins/listener_plugin.py for tasks to queue
[2025-02-20T12:07:07.944+0100] {logging_mixin.py:190} INFO - [2025-02-20T12:07:07.944+0100] {dagbag.py:588} INFO - Filling up the DagBag from /Users/ajlakorman/Desktop/Data-Mining-Projects/Apache_Airflow/venv/lib/python3.10/site-packages/airflow/example_dags/plugins/listener_plugin.py
[2025-02-20T12:07:07.946+0100] {processor.py:927} WARNING - No viable dags retrieved from /Users/ajlakorman/Desktop/Data-Mining-Projects/Apache_Airflow/venv/lib/python3.10/site-packages/airflow/example_dags/plugins/listener_plugin.py
[2025-02-20T12:07:08.006+0100] {processor.py:208} INFO - Processing /Users/ajlakorman/Desktop/Data-Mining-Projects/Apache_Airflow/venv/lib/python3.10/site-packages/airflow/example_dags/plugins/listener_plugin.py took 0.065 seconds
[2025-02-20T12:20:12.066+0100] {processor.py:186} INFO - Started process (PID=12101) to work on /Users/ajlakorman/Desktop/Data-Mining-Projects/Apache_Airflow/venv/lib/python3.10/site-packages/airflow/example_dags/plugins/listener_plugin.py
[2025-02-20T12:20:12.066+0100] {processor.py:914} INFO - Processing file /Users/ajlakorman/Desktop/Data-Mining-Projects/Apache_Airflow/venv/lib/python3.10/site-packages/airflow/example_dags/plugins/listener_plugin.py for tasks to queue
[2025-02-20T12:20:12.067+0100] {logging_mixin.py:190} INFO - [2025-02-20T12:20:12.067+0100] {dagbag.py:588} INFO - Filling up the DagBag from /Users/ajlakorman/Desktop/Data-Mining-Projects/Apache_Airflow/venv/lib/python3.10/site-packages/airflow/example_dags/plugins/listener_plugin.py
[2025-02-20T12:20:12.069+0100] {processor.py:927} WARNING - No viable dags retrieved from /Users/ajlakorman/Desktop/Data-Mining-Projects/Apache_Airflow/venv/lib/python3.10/site-packages/airflow/example_dags/plugins/listener_plugin.py
[2025-02-20T12:20:12.130+0100] {processor.py:208} INFO - Processing /Users/ajlakorman/Desktop/Data-Mining-Projects/Apache_Airflow/venv/lib/python3.10/site-packages/airflow/example_dags/plugins/listener_plugin.py took 0.066 seconds
[2025-02-20T12:21:32.135+0100] {processor.py:186} INFO - Started process (PID=12226) to work on /Users/ajlakorman/Desktop/Data-Mining-Projects/Apache_Airflow/venv/lib/python3.10/site-packages/airflow/example_dags/plugins/listener_plugin.py
[2025-02-20T12:21:32.141+0100] {processor.py:914} INFO - Processing file /Users/ajlakorman/Desktop/Data-Mining-Projects/Apache_Airflow/venv/lib/python3.10/site-packages/airflow/example_dags/plugins/listener_plugin.py for tasks to queue
[2025-02-20T12:21:32.141+0100] {logging_mixin.py:190} INFO - [2025-02-20T12:21:32.141+0100] {dagbag.py:588} INFO - Filling up the DagBag from /Users/ajlakorman/Desktop/Data-Mining-Projects/Apache_Airflow/venv/lib/python3.10/site-packages/airflow/example_dags/plugins/listener_plugin.py
[2025-02-20T12:21:32.145+0100] {processor.py:927} WARNING - No viable dags retrieved from /Users/ajlakorman/Desktop/Data-Mining-Projects/Apache_Airflow/venv/lib/python3.10/site-packages/airflow/example_dags/plugins/listener_plugin.py
[2025-02-20T12:21:32.206+0100] {processor.py:208} INFO - Processing /Users/ajlakorman/Desktop/Data-Mining-Projects/Apache_Airflow/venv/lib/python3.10/site-packages/airflow/example_dags/plugins/listener_plugin.py took 0.077 seconds
[2025-02-20T12:22:48.412+0100] {processor.py:186} INFO - Started process (PID=12375) to work on /Users/ajlakorman/Desktop/Data-Mining-Projects/Apache_Airflow/venv/lib/python3.10/site-packages/airflow/example_dags/plugins/listener_plugin.py
[2025-02-20T12:22:48.414+0100] {processor.py:914} INFO - Processing file /Users/ajlakorman/Desktop/Data-Mining-Projects/Apache_Airflow/venv/lib/python3.10/site-packages/airflow/example_dags/plugins/listener_plugin.py for tasks to queue
[2025-02-20T12:22:48.414+0100] {logging_mixin.py:190} INFO - [2025-02-20T12:22:48.414+0100] {dagbag.py:588} INFO - Filling up the DagBag from /Users/ajlakorman/Desktop/Data-Mining-Projects/Apache_Airflow/venv/lib/python3.10/site-packages/airflow/example_dags/plugins/listener_plugin.py
[2025-02-20T12:22:48.416+0100] {processor.py:927} WARNING - No viable dags retrieved from /Users/ajlakorman/Desktop/Data-Mining-Projects/Apache_Airflow/venv/lib/python3.10/site-packages/airflow/example_dags/plugins/listener_plugin.py
[2025-02-20T12:22:48.477+0100] {processor.py:208} INFO - Processing /Users/ajlakorman/Desktop/Data-Mining-Projects/Apache_Airflow/venv/lib/python3.10/site-packages/airflow/example_dags/plugins/listener_plugin.py took 0.066 seconds
[2025-02-20T12:24:06.630+0100] {processor.py:186} INFO - Started process (PID=12504) to work on /Users/ajlakorman/Desktop/Data-Mining-Projects/Apache_Airflow/venv/lib/python3.10/site-packages/airflow/example_dags/plugins/listener_plugin.py
[2025-02-20T12:24:06.630+0100] {processor.py:914} INFO - Processing file /Users/ajlakorman/Desktop/Data-Mining-Projects/Apache_Airflow/venv/lib/python3.10/site-packages/airflow/example_dags/plugins/listener_plugin.py for tasks to queue
[2025-02-20T12:24:06.631+0100] {logging_mixin.py:190} INFO - [2025-02-20T12:24:06.631+0100] {dagbag.py:588} INFO - Filling up the DagBag from /Users/ajlakorman/Desktop/Data-Mining-Projects/Apache_Airflow/venv/lib/python3.10/site-packages/airflow/example_dags/plugins/listener_plugin.py
[2025-02-20T12:24:06.632+0100] {processor.py:927} WARNING - No viable dags retrieved from /Users/ajlakorman/Desktop/Data-Mining-Projects/Apache_Airflow/venv/lib/python3.10/site-packages/airflow/example_dags/plugins/listener_plugin.py
[2025-02-20T12:24:06.697+0100] {processor.py:208} INFO - Processing /Users/ajlakorman/Desktop/Data-Mining-Projects/Apache_Airflow/venv/lib/python3.10/site-packages/airflow/example_dags/plugins/listener_plugin.py took 0.069 seconds
[2025-02-20T12:25:20.374+0100] {processor.py:186} INFO - Started process (PID=12621) to work on /Users/ajlakorman/Desktop/Data-Mining-Projects/Apache_Airflow/venv/lib/python3.10/site-packages/airflow/example_dags/plugins/listener_plugin.py
[2025-02-20T12:25:20.375+0100] {processor.py:914} INFO - Processing file /Users/ajlakorman/Desktop/Data-Mining-Projects/Apache_Airflow/venv/lib/python3.10/site-packages/airflow/example_dags/plugins/listener_plugin.py for tasks to queue
[2025-02-20T12:25:20.376+0100] {logging_mixin.py:190} INFO - [2025-02-20T12:25:20.376+0100] {dagbag.py:588} INFO - Filling up the DagBag from /Users/ajlakorman/Desktop/Data-Mining-Projects/Apache_Airflow/venv/lib/python3.10/site-packages/airflow/example_dags/plugins/listener_plugin.py
[2025-02-20T12:25:20.377+0100] {processor.py:927} WARNING - No viable dags retrieved from /Users/ajlakorman/Desktop/Data-Mining-Projects/Apache_Airflow/venv/lib/python3.10/site-packages/airflow/example_dags/plugins/listener_plugin.py
[2025-02-20T12:25:20.438+0100] {processor.py:208} INFO - Processing /Users/ajlakorman/Desktop/Data-Mining-Projects/Apache_Airflow/venv/lib/python3.10/site-packages/airflow/example_dags/plugins/listener_plugin.py took 0.066 seconds
[2025-02-20T12:26:31.750+0100] {processor.py:186} INFO - Started process (PID=12779) to work on /Users/ajlakorman/Desktop/Data-Mining-Projects/Apache_Airflow/venv/lib/python3.10/site-packages/airflow/example_dags/plugins/listener_plugin.py
[2025-02-20T12:26:31.751+0100] {processor.py:914} INFO - Processing file /Users/ajlakorman/Desktop/Data-Mining-Projects/Apache_Airflow/venv/lib/python3.10/site-packages/airflow/example_dags/plugins/listener_plugin.py for tasks to queue
[2025-02-20T12:26:31.751+0100] {logging_mixin.py:190} INFO - [2025-02-20T12:26:31.751+0100] {dagbag.py:588} INFO - Filling up the DagBag from /Users/ajlakorman/Desktop/Data-Mining-Projects/Apache_Airflow/venv/lib/python3.10/site-packages/airflow/example_dags/plugins/listener_plugin.py
[2025-02-20T12:26:31.753+0100] {processor.py:927} WARNING - No viable dags retrieved from /Users/ajlakorman/Desktop/Data-Mining-Projects/Apache_Airflow/venv/lib/python3.10/site-packages/airflow/example_dags/plugins/listener_plugin.py
[2025-02-20T12:26:31.819+0100] {processor.py:208} INFO - Processing /Users/ajlakorman/Desktop/Data-Mining-Projects/Apache_Airflow/venv/lib/python3.10/site-packages/airflow/example_dags/plugins/listener_plugin.py took 0.071 seconds
[2025-02-20T12:27:48.834+0100] {processor.py:186} INFO - Started process (PID=12953) to work on /Users/ajlakorman/Desktop/Data-Mining-Projects/Apache_Airflow/venv/lib/python3.10/site-packages/airflow/example_dags/plugins/listener_plugin.py
[2025-02-20T12:27:48.836+0100] {processor.py:914} INFO - Processing file /Users/ajlakorman/Desktop/Data-Mining-Projects/Apache_Airflow/venv/lib/python3.10/site-packages/airflow/example_dags/plugins/listener_plugin.py for tasks to queue
[2025-02-20T12:27:48.836+0100] {logging_mixin.py:190} INFO - [2025-02-20T12:27:48.836+0100] {dagbag.py:588} INFO - Filling up the DagBag from /Users/ajlakorman/Desktop/Data-Mining-Projects/Apache_Airflow/venv/lib/python3.10/site-packages/airflow/example_dags/plugins/listener_plugin.py
[2025-02-20T12:27:48.838+0100] {processor.py:927} WARNING - No viable dags retrieved from /Users/ajlakorman/Desktop/Data-Mining-Projects/Apache_Airflow/venv/lib/python3.10/site-packages/airflow/example_dags/plugins/listener_plugin.py
[2025-02-20T12:27:48.900+0100] {processor.py:208} INFO - Processing /Users/ajlakorman/Desktop/Data-Mining-Projects/Apache_Airflow/venv/lib/python3.10/site-packages/airflow/example_dags/plugins/listener_plugin.py took 0.067 seconds
[2025-02-20T12:29:04.413+0100] {processor.py:186} INFO - Started process (PID=13106) to work on /Users/ajlakorman/Desktop/Data-Mining-Projects/Apache_Airflow/venv/lib/python3.10/site-packages/airflow/example_dags/plugins/listener_plugin.py
[2025-02-20T12:29:04.414+0100] {processor.py:914} INFO - Processing file /Users/ajlakorman/Desktop/Data-Mining-Projects/Apache_Airflow/venv/lib/python3.10/site-packages/airflow/example_dags/plugins/listener_plugin.py for tasks to queue
[2025-02-20T12:29:04.414+0100] {logging_mixin.py:190} INFO - [2025-02-20T12:29:04.414+0100] {dagbag.py:588} INFO - Filling up the DagBag from /Users/ajlakorman/Desktop/Data-Mining-Projects/Apache_Airflow/venv/lib/python3.10/site-packages/airflow/example_dags/plugins/listener_plugin.py
[2025-02-20T12:29:04.415+0100] {processor.py:927} WARNING - No viable dags retrieved from /Users/ajlakorman/Desktop/Data-Mining-Projects/Apache_Airflow/venv/lib/python3.10/site-packages/airflow/example_dags/plugins/listener_plugin.py
[2025-02-20T12:29:04.481+0100] {processor.py:208} INFO - Processing /Users/ajlakorman/Desktop/Data-Mining-Projects/Apache_Airflow/venv/lib/python3.10/site-packages/airflow/example_dags/plugins/listener_plugin.py took 0.070 seconds
[2025-02-20T12:30:16.014+0100] {processor.py:186} INFO - Started process (PID=13242) to work on /Users/ajlakorman/Desktop/Data-Mining-Projects/Apache_Airflow/venv/lib/python3.10/site-packages/airflow/example_dags/plugins/listener_plugin.py
[2025-02-20T12:30:16.015+0100] {processor.py:914} INFO - Processing file /Users/ajlakorman/Desktop/Data-Mining-Projects/Apache_Airflow/venv/lib/python3.10/site-packages/airflow/example_dags/plugins/listener_plugin.py for tasks to queue
[2025-02-20T12:30:16.016+0100] {logging_mixin.py:190} INFO - [2025-02-20T12:30:16.016+0100] {dagbag.py:588} INFO - Filling up the DagBag from /Users/ajlakorman/Desktop/Data-Mining-Projects/Apache_Airflow/venv/lib/python3.10/site-packages/airflow/example_dags/plugins/listener_plugin.py
[2025-02-20T12:30:16.018+0100] {processor.py:927} WARNING - No viable dags retrieved from /Users/ajlakorman/Desktop/Data-Mining-Projects/Apache_Airflow/venv/lib/python3.10/site-packages/airflow/example_dags/plugins/listener_plugin.py
[2025-02-20T12:30:16.080+0100] {processor.py:208} INFO - Processing /Users/ajlakorman/Desktop/Data-Mining-Projects/Apache_Airflow/venv/lib/python3.10/site-packages/airflow/example_dags/plugins/listener_plugin.py took 0.068 seconds
[2025-02-20T12:31:32.723+0100] {processor.py:186} INFO - Started process (PID=13442) to work on /Users/ajlakorman/Desktop/Data-Mining-Projects/Apache_Airflow/venv/lib/python3.10/site-packages/airflow/example_dags/plugins/listener_plugin.py
[2025-02-20T12:31:32.724+0100] {processor.py:914} INFO - Processing file /Users/ajlakorman/Desktop/Data-Mining-Projects/Apache_Airflow/venv/lib/python3.10/site-packages/airflow/example_dags/plugins/listener_plugin.py for tasks to queue
[2025-02-20T12:31:32.724+0100] {logging_mixin.py:190} INFO - [2025-02-20T12:31:32.724+0100] {dagbag.py:588} INFO - Filling up the DagBag from /Users/ajlakorman/Desktop/Data-Mining-Projects/Apache_Airflow/venv/lib/python3.10/site-packages/airflow/example_dags/plugins/listener_plugin.py
[2025-02-20T12:31:32.725+0100] {processor.py:927} WARNING - No viable dags retrieved from /Users/ajlakorman/Desktop/Data-Mining-Projects/Apache_Airflow/venv/lib/python3.10/site-packages/airflow/example_dags/plugins/listener_plugin.py
[2025-02-20T12:31:32.790+0100] {processor.py:208} INFO - Processing /Users/ajlakorman/Desktop/Data-Mining-Projects/Apache_Airflow/venv/lib/python3.10/site-packages/airflow/example_dags/plugins/listener_plugin.py took 0.069 seconds
[2025-02-20T12:32:51.547+0100] {processor.py:186} INFO - Started process (PID=13590) to work on /Users/ajlakorman/Desktop/Data-Mining-Projects/Apache_Airflow/venv/lib/python3.10/site-packages/airflow/example_dags/plugins/listener_plugin.py
[2025-02-20T12:32:51.548+0100] {processor.py:914} INFO - Processing file /Users/ajlakorman/Desktop/Data-Mining-Projects/Apache_Airflow/venv/lib/python3.10/site-packages/airflow/example_dags/plugins/listener_plugin.py for tasks to queue
[2025-02-20T12:32:51.548+0100] {logging_mixin.py:190} INFO - [2025-02-20T12:32:51.548+0100] {dagbag.py:588} INFO - Filling up the DagBag from /Users/ajlakorman/Desktop/Data-Mining-Projects/Apache_Airflow/venv/lib/python3.10/site-packages/airflow/example_dags/plugins/listener_plugin.py
[2025-02-20T12:32:51.550+0100] {processor.py:927} WARNING - No viable dags retrieved from /Users/ajlakorman/Desktop/Data-Mining-Projects/Apache_Airflow/venv/lib/python3.10/site-packages/airflow/example_dags/plugins/listener_plugin.py
[2025-02-20T12:32:51.610+0100] {processor.py:208} INFO - Processing /Users/ajlakorman/Desktop/Data-Mining-Projects/Apache_Airflow/venv/lib/python3.10/site-packages/airflow/example_dags/plugins/listener_plugin.py took 0.065 seconds
[2025-02-20T12:34:08.274+0100] {processor.py:186} INFO - Started process (PID=13740) to work on /Users/ajlakorman/Desktop/Data-Mining-Projects/Apache_Airflow/venv/lib/python3.10/site-packages/airflow/example_dags/plugins/listener_plugin.py
[2025-02-20T12:34:08.276+0100] {processor.py:914} INFO - Processing file /Users/ajlakorman/Desktop/Data-Mining-Projects/Apache_Airflow/venv/lib/python3.10/site-packages/airflow/example_dags/plugins/listener_plugin.py for tasks to queue
[2025-02-20T12:34:08.276+0100] {logging_mixin.py:190} INFO - [2025-02-20T12:34:08.276+0100] {dagbag.py:588} INFO - Filling up the DagBag from /Users/ajlakorman/Desktop/Data-Mining-Projects/Apache_Airflow/venv/lib/python3.10/site-packages/airflow/example_dags/plugins/listener_plugin.py
[2025-02-20T12:34:08.278+0100] {processor.py:927} WARNING - No viable dags retrieved from /Users/ajlakorman/Desktop/Data-Mining-Projects/Apache_Airflow/venv/lib/python3.10/site-packages/airflow/example_dags/plugins/listener_plugin.py
[2025-02-20T12:34:08.339+0100] {processor.py:208} INFO - Processing /Users/ajlakorman/Desktop/Data-Mining-Projects/Apache_Airflow/venv/lib/python3.10/site-packages/airflow/example_dags/plugins/listener_plugin.py took 0.066 seconds
[2025-02-20T12:35:24.289+0100] {processor.py:186} INFO - Started process (PID=13934) to work on /Users/ajlakorman/Desktop/Data-Mining-Projects/Apache_Airflow/venv/lib/python3.10/site-packages/airflow/example_dags/plugins/listener_plugin.py
[2025-02-20T12:35:24.291+0100] {processor.py:914} INFO - Processing file /Users/ajlakorman/Desktop/Data-Mining-Projects/Apache_Airflow/venv/lib/python3.10/site-packages/airflow/example_dags/plugins/listener_plugin.py for tasks to queue
[2025-02-20T12:35:24.291+0100] {logging_mixin.py:190} INFO - [2025-02-20T12:35:24.291+0100] {dagbag.py:588} INFO - Filling up the DagBag from /Users/ajlakorman/Desktop/Data-Mining-Projects/Apache_Airflow/venv/lib/python3.10/site-packages/airflow/example_dags/plugins/listener_plugin.py
[2025-02-20T12:35:24.293+0100] {processor.py:927} WARNING - No viable dags retrieved from /Users/ajlakorman/Desktop/Data-Mining-Projects/Apache_Airflow/venv/lib/python3.10/site-packages/airflow/example_dags/plugins/listener_plugin.py
[2025-02-20T12:35:24.357+0100] {processor.py:208} INFO - Processing /Users/ajlakorman/Desktop/Data-Mining-Projects/Apache_Airflow/venv/lib/python3.10/site-packages/airflow/example_dags/plugins/listener_plugin.py took 0.070 seconds
[2025-02-20T12:36:43.479+0100] {processor.py:186} INFO - Started process (PID=14115) to work on /Users/ajlakorman/Desktop/Data-Mining-Projects/Apache_Airflow/venv/lib/python3.10/site-packages/airflow/example_dags/plugins/listener_plugin.py
[2025-02-20T12:36:43.480+0100] {processor.py:914} INFO - Processing file /Users/ajlakorman/Desktop/Data-Mining-Projects/Apache_Airflow/venv/lib/python3.10/site-packages/airflow/example_dags/plugins/listener_plugin.py for tasks to queue
[2025-02-20T12:36:43.480+0100] {logging_mixin.py:190} INFO - [2025-02-20T12:36:43.480+0100] {dagbag.py:588} INFO - Filling up the DagBag from /Users/ajlakorman/Desktop/Data-Mining-Projects/Apache_Airflow/venv/lib/python3.10/site-packages/airflow/example_dags/plugins/listener_plugin.py
[2025-02-20T12:36:43.482+0100] {processor.py:927} WARNING - No viable dags retrieved from /Users/ajlakorman/Desktop/Data-Mining-Projects/Apache_Airflow/venv/lib/python3.10/site-packages/airflow/example_dags/plugins/listener_plugin.py
[2025-02-20T12:36:43.542+0100] {processor.py:208} INFO - Processing /Users/ajlakorman/Desktop/Data-Mining-Projects/Apache_Airflow/venv/lib/python3.10/site-packages/airflow/example_dags/plugins/listener_plugin.py took 0.064 seconds
[2025-02-20T12:37:59.549+0100] {processor.py:186} INFO - Started process (PID=14318) to work on /Users/ajlakorman/Desktop/Data-Mining-Projects/Apache_Airflow/venv/lib/python3.10/site-packages/airflow/example_dags/plugins/listener_plugin.py
[2025-02-20T12:37:59.551+0100] {processor.py:914} INFO - Processing file /Users/ajlakorman/Desktop/Data-Mining-Projects/Apache_Airflow/venv/lib/python3.10/site-packages/airflow/example_dags/plugins/listener_plugin.py for tasks to queue
[2025-02-20T12:37:59.551+0100] {logging_mixin.py:190} INFO - [2025-02-20T12:37:59.551+0100] {dagbag.py:588} INFO - Filling up the DagBag from /Users/ajlakorman/Desktop/Data-Mining-Projects/Apache_Airflow/venv/lib/python3.10/site-packages/airflow/example_dags/plugins/listener_plugin.py
[2025-02-20T12:37:59.553+0100] {processor.py:927} WARNING - No viable dags retrieved from /Users/ajlakorman/Desktop/Data-Mining-Projects/Apache_Airflow/venv/lib/python3.10/site-packages/airflow/example_dags/plugins/listener_plugin.py
[2025-02-20T12:37:59.613+0100] {processor.py:208} INFO - Processing /Users/ajlakorman/Desktop/Data-Mining-Projects/Apache_Airflow/venv/lib/python3.10/site-packages/airflow/example_dags/plugins/listener_plugin.py took 0.065 seconds
[2025-02-20T12:39:13.389+0100] {processor.py:186} INFO - Started process (PID=14477) to work on /Users/ajlakorman/Desktop/Data-Mining-Projects/Apache_Airflow/venv/lib/python3.10/site-packages/airflow/example_dags/plugins/listener_plugin.py
[2025-02-20T12:39:13.390+0100] {processor.py:914} INFO - Processing file /Users/ajlakorman/Desktop/Data-Mining-Projects/Apache_Airflow/venv/lib/python3.10/site-packages/airflow/example_dags/plugins/listener_plugin.py for tasks to queue
[2025-02-20T12:39:13.390+0100] {logging_mixin.py:190} INFO - [2025-02-20T12:39:13.390+0100] {dagbag.py:588} INFO - Filling up the DagBag from /Users/ajlakorman/Desktop/Data-Mining-Projects/Apache_Airflow/venv/lib/python3.10/site-packages/airflow/example_dags/plugins/listener_plugin.py
[2025-02-20T12:39:13.392+0100] {processor.py:927} WARNING - No viable dags retrieved from /Users/ajlakorman/Desktop/Data-Mining-Projects/Apache_Airflow/venv/lib/python3.10/site-packages/airflow/example_dags/plugins/listener_plugin.py
[2025-02-20T12:39:13.468+0100] {processor.py:208} INFO - Processing /Users/ajlakorman/Desktop/Data-Mining-Projects/Apache_Airflow/venv/lib/python3.10/site-packages/airflow/example_dags/plugins/listener_plugin.py took 0.081 seconds
[2025-02-20T12:55:46.719+0100] {processor.py:186} INFO - Started process (PID=14674) to work on /Users/ajlakorman/Desktop/Data-Mining-Projects/Apache_Airflow/venv/lib/python3.10/site-packages/airflow/example_dags/plugins/listener_plugin.py
[2025-02-20T12:55:46.720+0100] {processor.py:914} INFO - Processing file /Users/ajlakorman/Desktop/Data-Mining-Projects/Apache_Airflow/venv/lib/python3.10/site-packages/airflow/example_dags/plugins/listener_plugin.py for tasks to queue
[2025-02-20T12:55:46.720+0100] {logging_mixin.py:190} INFO - [2025-02-20T12:55:46.720+0100] {dagbag.py:588} INFO - Filling up the DagBag from /Users/ajlakorman/Desktop/Data-Mining-Projects/Apache_Airflow/venv/lib/python3.10/site-packages/airflow/example_dags/plugins/listener_plugin.py
[2025-02-20T12:55:46.722+0100] {processor.py:927} WARNING - No viable dags retrieved from /Users/ajlakorman/Desktop/Data-Mining-Projects/Apache_Airflow/venv/lib/python3.10/site-packages/airflow/example_dags/plugins/listener_plugin.py
[2025-02-20T12:55:46.792+0100] {processor.py:208} INFO - Processing /Users/ajlakorman/Desktop/Data-Mining-Projects/Apache_Airflow/venv/lib/python3.10/site-packages/airflow/example_dags/plugins/listener_plugin.py took 0.077 seconds
[2025-02-20T12:57:28.587+0100] {processor.py:186} INFO - Started process (PID=14890) to work on /Users/ajlakorman/Desktop/Data-Mining-Projects/Apache_Airflow/venv/lib/python3.10/site-packages/airflow/example_dags/plugins/listener_plugin.py
[2025-02-20T12:57:28.587+0100] {processor.py:914} INFO - Processing file /Users/ajlakorman/Desktop/Data-Mining-Projects/Apache_Airflow/venv/lib/python3.10/site-packages/airflow/example_dags/plugins/listener_plugin.py for tasks to queue
[2025-02-20T12:57:28.588+0100] {logging_mixin.py:190} INFO - [2025-02-20T12:57:28.588+0100] {dagbag.py:588} INFO - Filling up the DagBag from /Users/ajlakorman/Desktop/Data-Mining-Projects/Apache_Airflow/venv/lib/python3.10/site-packages/airflow/example_dags/plugins/listener_plugin.py
[2025-02-20T12:57:28.590+0100] {processor.py:927} WARNING - No viable dags retrieved from /Users/ajlakorman/Desktop/Data-Mining-Projects/Apache_Airflow/venv/lib/python3.10/site-packages/airflow/example_dags/plugins/listener_plugin.py
[2025-02-20T12:57:28.653+0100] {processor.py:208} INFO - Processing /Users/ajlakorman/Desktop/Data-Mining-Projects/Apache_Airflow/venv/lib/python3.10/site-packages/airflow/example_dags/plugins/listener_plugin.py took 0.068 seconds
[2025-02-20T12:58:58.532+0100] {processor.py:186} INFO - Started process (PID=15020) to work on /Users/ajlakorman/Desktop/Data-Mining-Projects/Apache_Airflow/venv/lib/python3.10/site-packages/airflow/example_dags/plugins/listener_plugin.py
[2025-02-20T12:58:58.533+0100] {processor.py:914} INFO - Processing file /Users/ajlakorman/Desktop/Data-Mining-Projects/Apache_Airflow/venv/lib/python3.10/site-packages/airflow/example_dags/plugins/listener_plugin.py for tasks to queue
[2025-02-20T12:58:58.533+0100] {logging_mixin.py:190} INFO - [2025-02-20T12:58:58.533+0100] {dagbag.py:588} INFO - Filling up the DagBag from /Users/ajlakorman/Desktop/Data-Mining-Projects/Apache_Airflow/venv/lib/python3.10/site-packages/airflow/example_dags/plugins/listener_plugin.py
[2025-02-20T12:58:58.535+0100] {processor.py:927} WARNING - No viable dags retrieved from /Users/ajlakorman/Desktop/Data-Mining-Projects/Apache_Airflow/venv/lib/python3.10/site-packages/airflow/example_dags/plugins/listener_plugin.py
[2025-02-20T12:58:58.615+0100] {processor.py:208} INFO - Processing /Users/ajlakorman/Desktop/Data-Mining-Projects/Apache_Airflow/venv/lib/python3.10/site-packages/airflow/example_dags/plugins/listener_plugin.py took 0.088 seconds
[2025-02-20T13:00:21.390+0100] {processor.py:186} INFO - Started process (PID=15145) to work on /Users/ajlakorman/Desktop/Data-Mining-Projects/Apache_Airflow/venv/lib/python3.10/site-packages/airflow/example_dags/plugins/listener_plugin.py
[2025-02-20T13:00:21.392+0100] {processor.py:914} INFO - Processing file /Users/ajlakorman/Desktop/Data-Mining-Projects/Apache_Airflow/venv/lib/python3.10/site-packages/airflow/example_dags/plugins/listener_plugin.py for tasks to queue
[2025-02-20T13:00:21.393+0100] {logging_mixin.py:190} INFO - [2025-02-20T13:00:21.393+0100] {dagbag.py:588} INFO - Filling up the DagBag from /Users/ajlakorman/Desktop/Data-Mining-Projects/Apache_Airflow/venv/lib/python3.10/site-packages/airflow/example_dags/plugins/listener_plugin.py
[2025-02-20T13:00:21.394+0100] {processor.py:927} WARNING - No viable dags retrieved from /Users/ajlakorman/Desktop/Data-Mining-Projects/Apache_Airflow/venv/lib/python3.10/site-packages/airflow/example_dags/plugins/listener_plugin.py
[2025-02-20T13:00:21.469+0100] {processor.py:208} INFO - Processing /Users/ajlakorman/Desktop/Data-Mining-Projects/Apache_Airflow/venv/lib/python3.10/site-packages/airflow/example_dags/plugins/listener_plugin.py took 0.081 seconds
[2025-02-20T13:01:41.914+0100] {processor.py:186} INFO - Started process (PID=15256) to work on /Users/ajlakorman/Desktop/Data-Mining-Projects/Apache_Airflow/venv/lib/python3.10/site-packages/airflow/example_dags/plugins/listener_plugin.py
[2025-02-20T13:01:41.915+0100] {processor.py:914} INFO - Processing file /Users/ajlakorman/Desktop/Data-Mining-Projects/Apache_Airflow/venv/lib/python3.10/site-packages/airflow/example_dags/plugins/listener_plugin.py for tasks to queue
[2025-02-20T13:01:41.915+0100] {logging_mixin.py:190} INFO - [2025-02-20T13:01:41.915+0100] {dagbag.py:588} INFO - Filling up the DagBag from /Users/ajlakorman/Desktop/Data-Mining-Projects/Apache_Airflow/venv/lib/python3.10/site-packages/airflow/example_dags/plugins/listener_plugin.py
[2025-02-20T13:01:41.917+0100] {processor.py:927} WARNING - No viable dags retrieved from /Users/ajlakorman/Desktop/Data-Mining-Projects/Apache_Airflow/venv/lib/python3.10/site-packages/airflow/example_dags/plugins/listener_plugin.py
[2025-02-20T13:01:41.977+0100] {processor.py:208} INFO - Processing /Users/ajlakorman/Desktop/Data-Mining-Projects/Apache_Airflow/venv/lib/python3.10/site-packages/airflow/example_dags/plugins/listener_plugin.py took 0.065 seconds
[2025-02-20T13:02:58.660+0100] {processor.py:186} INFO - Started process (PID=15353) to work on /Users/ajlakorman/Desktop/Data-Mining-Projects/Apache_Airflow/venv/lib/python3.10/site-packages/airflow/example_dags/plugins/listener_plugin.py
[2025-02-20T13:02:58.660+0100] {processor.py:914} INFO - Processing file /Users/ajlakorman/Desktop/Data-Mining-Projects/Apache_Airflow/venv/lib/python3.10/site-packages/airflow/example_dags/plugins/listener_plugin.py for tasks to queue
[2025-02-20T13:02:58.661+0100] {logging_mixin.py:190} INFO - [2025-02-20T13:02:58.660+0100] {dagbag.py:588} INFO - Filling up the DagBag from /Users/ajlakorman/Desktop/Data-Mining-Projects/Apache_Airflow/venv/lib/python3.10/site-packages/airflow/example_dags/plugins/listener_plugin.py
[2025-02-20T13:02:58.661+0100] {processor.py:927} WARNING - No viable dags retrieved from /Users/ajlakorman/Desktop/Data-Mining-Projects/Apache_Airflow/venv/lib/python3.10/site-packages/airflow/example_dags/plugins/listener_plugin.py
[2025-02-20T13:02:58.721+0100] {processor.py:208} INFO - Processing /Users/ajlakorman/Desktop/Data-Mining-Projects/Apache_Airflow/venv/lib/python3.10/site-packages/airflow/example_dags/plugins/listener_plugin.py took 0.063 seconds
[2025-02-20T13:07:05.250+0100] {processor.py:186} INFO - Started process (PID=15496) to work on /Users/ajlakorman/Desktop/Data-Mining-Projects/Apache_Airflow/venv/lib/python3.10/site-packages/airflow/example_dags/plugins/listener_plugin.py
[2025-02-20T13:07:05.251+0100] {processor.py:914} INFO - Processing file /Users/ajlakorman/Desktop/Data-Mining-Projects/Apache_Airflow/venv/lib/python3.10/site-packages/airflow/example_dags/plugins/listener_plugin.py for tasks to queue
[2025-02-20T13:07:05.252+0100] {logging_mixin.py:190} INFO - [2025-02-20T13:07:05.252+0100] {dagbag.py:588} INFO - Filling up the DagBag from /Users/ajlakorman/Desktop/Data-Mining-Projects/Apache_Airflow/venv/lib/python3.10/site-packages/airflow/example_dags/plugins/listener_plugin.py
[2025-02-20T13:07:05.254+0100] {processor.py:927} WARNING - No viable dags retrieved from /Users/ajlakorman/Desktop/Data-Mining-Projects/Apache_Airflow/venv/lib/python3.10/site-packages/airflow/example_dags/plugins/listener_plugin.py
[2025-02-20T13:07:05.330+0100] {processor.py:208} INFO - Processing /Users/ajlakorman/Desktop/Data-Mining-Projects/Apache_Airflow/venv/lib/python3.10/site-packages/airflow/example_dags/plugins/listener_plugin.py took 0.082 seconds
[2025-02-20T13:08:31.477+0100] {processor.py:186} INFO - Started process (PID=15716) to work on /Users/ajlakorman/Desktop/Data-Mining-Projects/Apache_Airflow/venv/lib/python3.10/site-packages/airflow/example_dags/plugins/listener_plugin.py
[2025-02-20T13:08:31.478+0100] {processor.py:914} INFO - Processing file /Users/ajlakorman/Desktop/Data-Mining-Projects/Apache_Airflow/venv/lib/python3.10/site-packages/airflow/example_dags/plugins/listener_plugin.py for tasks to queue
[2025-02-20T13:08:31.478+0100] {logging_mixin.py:190} INFO - [2025-02-20T13:08:31.478+0100] {dagbag.py:588} INFO - Filling up the DagBag from /Users/ajlakorman/Desktop/Data-Mining-Projects/Apache_Airflow/venv/lib/python3.10/site-packages/airflow/example_dags/plugins/listener_plugin.py
[2025-02-20T13:08:31.480+0100] {processor.py:927} WARNING - No viable dags retrieved from /Users/ajlakorman/Desktop/Data-Mining-Projects/Apache_Airflow/venv/lib/python3.10/site-packages/airflow/example_dags/plugins/listener_plugin.py
[2025-02-20T13:08:31.539+0100] {processor.py:208} INFO - Processing /Users/ajlakorman/Desktop/Data-Mining-Projects/Apache_Airflow/venv/lib/python3.10/site-packages/airflow/example_dags/plugins/listener_plugin.py took 0.063 seconds
[2025-02-20T13:09:57.330+0100] {processor.py:186} INFO - Started process (PID=15929) to work on /Users/ajlakorman/Desktop/Data-Mining-Projects/Apache_Airflow/venv/lib/python3.10/site-packages/airflow/example_dags/plugins/listener_plugin.py
[2025-02-20T13:09:57.331+0100] {processor.py:914} INFO - Processing file /Users/ajlakorman/Desktop/Data-Mining-Projects/Apache_Airflow/venv/lib/python3.10/site-packages/airflow/example_dags/plugins/listener_plugin.py for tasks to queue
[2025-02-20T13:09:57.331+0100] {logging_mixin.py:190} INFO - [2025-02-20T13:09:57.331+0100] {dagbag.py:588} INFO - Filling up the DagBag from /Users/ajlakorman/Desktop/Data-Mining-Projects/Apache_Airflow/venv/lib/python3.10/site-packages/airflow/example_dags/plugins/listener_plugin.py
[2025-02-20T13:09:57.333+0100] {processor.py:927} WARNING - No viable dags retrieved from /Users/ajlakorman/Desktop/Data-Mining-Projects/Apache_Airflow/venv/lib/python3.10/site-packages/airflow/example_dags/plugins/listener_plugin.py
[2025-02-20T13:09:57.394+0100] {processor.py:208} INFO - Processing /Users/ajlakorman/Desktop/Data-Mining-Projects/Apache_Airflow/venv/lib/python3.10/site-packages/airflow/example_dags/plugins/listener_plugin.py took 0.066 seconds
[2025-02-20T13:11:19.907+0100] {processor.py:186} INFO - Started process (PID=16045) to work on /Users/ajlakorman/Desktop/Data-Mining-Projects/Apache_Airflow/venv/lib/python3.10/site-packages/airflow/example_dags/plugins/listener_plugin.py
[2025-02-20T13:11:19.908+0100] {processor.py:914} INFO - Processing file /Users/ajlakorman/Desktop/Data-Mining-Projects/Apache_Airflow/venv/lib/python3.10/site-packages/airflow/example_dags/plugins/listener_plugin.py for tasks to queue
[2025-02-20T13:11:19.909+0100] {logging_mixin.py:190} INFO - [2025-02-20T13:11:19.909+0100] {dagbag.py:588} INFO - Filling up the DagBag from /Users/ajlakorman/Desktop/Data-Mining-Projects/Apache_Airflow/venv/lib/python3.10/site-packages/airflow/example_dags/plugins/listener_plugin.py
[2025-02-20T13:11:19.911+0100] {processor.py:927} WARNING - No viable dags retrieved from /Users/ajlakorman/Desktop/Data-Mining-Projects/Apache_Airflow/venv/lib/python3.10/site-packages/airflow/example_dags/plugins/listener_plugin.py
[2025-02-20T13:11:19.989+0100] {processor.py:208} INFO - Processing /Users/ajlakorman/Desktop/Data-Mining-Projects/Apache_Airflow/venv/lib/python3.10/site-packages/airflow/example_dags/plugins/listener_plugin.py took 0.084 seconds
[2025-02-20T13:12:47.139+0100] {processor.py:186} INFO - Started process (PID=16164) to work on /Users/ajlakorman/Desktop/Data-Mining-Projects/Apache_Airflow/venv/lib/python3.10/site-packages/airflow/example_dags/plugins/listener_plugin.py
[2025-02-20T13:12:47.140+0100] {processor.py:914} INFO - Processing file /Users/ajlakorman/Desktop/Data-Mining-Projects/Apache_Airflow/venv/lib/python3.10/site-packages/airflow/example_dags/plugins/listener_plugin.py for tasks to queue
[2025-02-20T13:12:47.140+0100] {logging_mixin.py:190} INFO - [2025-02-20T13:12:47.140+0100] {dagbag.py:588} INFO - Filling up the DagBag from /Users/ajlakorman/Desktop/Data-Mining-Projects/Apache_Airflow/venv/lib/python3.10/site-packages/airflow/example_dags/plugins/listener_plugin.py
[2025-02-20T13:12:47.143+0100] {processor.py:927} WARNING - No viable dags retrieved from /Users/ajlakorman/Desktop/Data-Mining-Projects/Apache_Airflow/venv/lib/python3.10/site-packages/airflow/example_dags/plugins/listener_plugin.py
[2025-02-20T13:12:47.209+0100] {processor.py:208} INFO - Processing /Users/ajlakorman/Desktop/Data-Mining-Projects/Apache_Airflow/venv/lib/python3.10/site-packages/airflow/example_dags/plugins/listener_plugin.py took 0.072 seconds
[2025-02-20T13:14:21.618+0100] {processor.py:186} INFO - Started process (PID=16322) to work on /Users/ajlakorman/Desktop/Data-Mining-Projects/Apache_Airflow/venv/lib/python3.10/site-packages/airflow/example_dags/plugins/listener_plugin.py
[2025-02-20T13:14:21.621+0100] {processor.py:914} INFO - Processing file /Users/ajlakorman/Desktop/Data-Mining-Projects/Apache_Airflow/venv/lib/python3.10/site-packages/airflow/example_dags/plugins/listener_plugin.py for tasks to queue
[2025-02-20T13:14:21.622+0100] {logging_mixin.py:190} INFO - [2025-02-20T13:14:21.621+0100] {dagbag.py:588} INFO - Filling up the DagBag from /Users/ajlakorman/Desktop/Data-Mining-Projects/Apache_Airflow/venv/lib/python3.10/site-packages/airflow/example_dags/plugins/listener_plugin.py
[2025-02-20T13:14:21.623+0100] {processor.py:927} WARNING - No viable dags retrieved from /Users/ajlakorman/Desktop/Data-Mining-Projects/Apache_Airflow/venv/lib/python3.10/site-packages/airflow/example_dags/plugins/listener_plugin.py
[2025-02-20T13:14:21.701+0100] {processor.py:208} INFO - Processing /Users/ajlakorman/Desktop/Data-Mining-Projects/Apache_Airflow/venv/lib/python3.10/site-packages/airflow/example_dags/plugins/listener_plugin.py took 0.085 seconds
[2025-02-20T13:15:49.549+0100] {processor.py:186} INFO - Started process (PID=16475) to work on /Users/ajlakorman/Desktop/Data-Mining-Projects/Apache_Airflow/venv/lib/python3.10/site-packages/airflow/example_dags/plugins/listener_plugin.py
[2025-02-20T13:15:49.550+0100] {processor.py:914} INFO - Processing file /Users/ajlakorman/Desktop/Data-Mining-Projects/Apache_Airflow/venv/lib/python3.10/site-packages/airflow/example_dags/plugins/listener_plugin.py for tasks to queue
[2025-02-20T13:15:49.550+0100] {logging_mixin.py:190} INFO - [2025-02-20T13:15:49.550+0100] {dagbag.py:588} INFO - Filling up the DagBag from /Users/ajlakorman/Desktop/Data-Mining-Projects/Apache_Airflow/venv/lib/python3.10/site-packages/airflow/example_dags/plugins/listener_plugin.py
[2025-02-20T13:15:49.552+0100] {processor.py:927} WARNING - No viable dags retrieved from /Users/ajlakorman/Desktop/Data-Mining-Projects/Apache_Airflow/venv/lib/python3.10/site-packages/airflow/example_dags/plugins/listener_plugin.py
[2025-02-20T13:15:49.615+0100] {processor.py:208} INFO - Processing /Users/ajlakorman/Desktop/Data-Mining-Projects/Apache_Airflow/venv/lib/python3.10/site-packages/airflow/example_dags/plugins/listener_plugin.py took 0.068 seconds
[2025-02-20T13:17:24.043+0100] {processor.py:186} INFO - Started process (PID=16691) to work on /Users/ajlakorman/Desktop/Data-Mining-Projects/Apache_Airflow/venv/lib/python3.10/site-packages/airflow/example_dags/plugins/listener_plugin.py
[2025-02-20T13:17:24.044+0100] {processor.py:914} INFO - Processing file /Users/ajlakorman/Desktop/Data-Mining-Projects/Apache_Airflow/venv/lib/python3.10/site-packages/airflow/example_dags/plugins/listener_plugin.py for tasks to queue
[2025-02-20T13:17:24.045+0100] {logging_mixin.py:190} INFO - [2025-02-20T13:17:24.045+0100] {dagbag.py:588} INFO - Filling up the DagBag from /Users/ajlakorman/Desktop/Data-Mining-Projects/Apache_Airflow/venv/lib/python3.10/site-packages/airflow/example_dags/plugins/listener_plugin.py
[2025-02-20T13:17:24.047+0100] {processor.py:927} WARNING - No viable dags retrieved from /Users/ajlakorman/Desktop/Data-Mining-Projects/Apache_Airflow/venv/lib/python3.10/site-packages/airflow/example_dags/plugins/listener_plugin.py
[2025-02-20T13:17:24.123+0100] {processor.py:208} INFO - Processing /Users/ajlakorman/Desktop/Data-Mining-Projects/Apache_Airflow/venv/lib/python3.10/site-packages/airflow/example_dags/plugins/listener_plugin.py took 0.083 seconds
[2025-02-20T13:18:59.584+0100] {processor.py:186} INFO - Started process (PID=16905) to work on /Users/ajlakorman/Desktop/Data-Mining-Projects/Apache_Airflow/venv/lib/python3.10/site-packages/airflow/example_dags/plugins/listener_plugin.py
[2025-02-20T13:18:59.585+0100] {processor.py:914} INFO - Processing file /Users/ajlakorman/Desktop/Data-Mining-Projects/Apache_Airflow/venv/lib/python3.10/site-packages/airflow/example_dags/plugins/listener_plugin.py for tasks to queue
[2025-02-20T13:18:59.586+0100] {logging_mixin.py:190} INFO - [2025-02-20T13:18:59.586+0100] {dagbag.py:588} INFO - Filling up the DagBag from /Users/ajlakorman/Desktop/Data-Mining-Projects/Apache_Airflow/venv/lib/python3.10/site-packages/airflow/example_dags/plugins/listener_plugin.py
[2025-02-20T13:18:59.588+0100] {processor.py:927} WARNING - No viable dags retrieved from /Users/ajlakorman/Desktop/Data-Mining-Projects/Apache_Airflow/venv/lib/python3.10/site-packages/airflow/example_dags/plugins/listener_plugin.py
[2025-02-20T13:18:59.652+0100] {processor.py:208} INFO - Processing /Users/ajlakorman/Desktop/Data-Mining-Projects/Apache_Airflow/venv/lib/python3.10/site-packages/airflow/example_dags/plugins/listener_plugin.py took 0.070 seconds
[2025-02-20T13:20:32.493+0100] {processor.py:186} INFO - Started process (PID=17006) to work on /Users/ajlakorman/Desktop/Data-Mining-Projects/Apache_Airflow/venv/lib/python3.10/site-packages/airflow/example_dags/plugins/listener_plugin.py
[2025-02-20T13:20:32.494+0100] {processor.py:914} INFO - Processing file /Users/ajlakorman/Desktop/Data-Mining-Projects/Apache_Airflow/venv/lib/python3.10/site-packages/airflow/example_dags/plugins/listener_plugin.py for tasks to queue
[2025-02-20T13:20:32.495+0100] {logging_mixin.py:190} INFO - [2025-02-20T13:20:32.495+0100] {dagbag.py:588} INFO - Filling up the DagBag from /Users/ajlakorman/Desktop/Data-Mining-Projects/Apache_Airflow/venv/lib/python3.10/site-packages/airflow/example_dags/plugins/listener_plugin.py
[2025-02-20T13:20:32.498+0100] {processor.py:927} WARNING - No viable dags retrieved from /Users/ajlakorman/Desktop/Data-Mining-Projects/Apache_Airflow/venv/lib/python3.10/site-packages/airflow/example_dags/plugins/listener_plugin.py
[2025-02-20T13:20:32.618+0100] {processor.py:208} INFO - Processing /Users/ajlakorman/Desktop/Data-Mining-Projects/Apache_Airflow/venv/lib/python3.10/site-packages/airflow/example_dags/plugins/listener_plugin.py took 0.128 seconds
[2025-02-20T13:21:56.950+0100] {processor.py:186} INFO - Started process (PID=17195) to work on /Users/ajlakorman/Desktop/Data-Mining-Projects/Apache_Airflow/venv/lib/python3.10/site-packages/airflow/example_dags/plugins/listener_plugin.py
[2025-02-20T13:21:56.951+0100] {processor.py:914} INFO - Processing file /Users/ajlakorman/Desktop/Data-Mining-Projects/Apache_Airflow/venv/lib/python3.10/site-packages/airflow/example_dags/plugins/listener_plugin.py for tasks to queue
[2025-02-20T13:21:56.952+0100] {logging_mixin.py:190} INFO - [2025-02-20T13:21:56.952+0100] {dagbag.py:588} INFO - Filling up the DagBag from /Users/ajlakorman/Desktop/Data-Mining-Projects/Apache_Airflow/venv/lib/python3.10/site-packages/airflow/example_dags/plugins/listener_plugin.py
[2025-02-20T13:21:56.953+0100] {processor.py:927} WARNING - No viable dags retrieved from /Users/ajlakorman/Desktop/Data-Mining-Projects/Apache_Airflow/venv/lib/python3.10/site-packages/airflow/example_dags/plugins/listener_plugin.py
[2025-02-20T13:21:57.021+0100] {processor.py:208} INFO - Processing /Users/ajlakorman/Desktop/Data-Mining-Projects/Apache_Airflow/venv/lib/python3.10/site-packages/airflow/example_dags/plugins/listener_plugin.py took 0.072 seconds
[2025-02-20T13:23:17.362+0100] {processor.py:186} INFO - Started process (PID=17360) to work on /Users/ajlakorman/Desktop/Data-Mining-Projects/Apache_Airflow/venv/lib/python3.10/site-packages/airflow/example_dags/plugins/listener_plugin.py
[2025-02-20T13:23:17.364+0100] {processor.py:914} INFO - Processing file /Users/ajlakorman/Desktop/Data-Mining-Projects/Apache_Airflow/venv/lib/python3.10/site-packages/airflow/example_dags/plugins/listener_plugin.py for tasks to queue
[2025-02-20T13:23:17.364+0100] {logging_mixin.py:190} INFO - [2025-02-20T13:23:17.364+0100] {dagbag.py:588} INFO - Filling up the DagBag from /Users/ajlakorman/Desktop/Data-Mining-Projects/Apache_Airflow/venv/lib/python3.10/site-packages/airflow/example_dags/plugins/listener_plugin.py
[2025-02-20T13:23:17.366+0100] {processor.py:927} WARNING - No viable dags retrieved from /Users/ajlakorman/Desktop/Data-Mining-Projects/Apache_Airflow/venv/lib/python3.10/site-packages/airflow/example_dags/plugins/listener_plugin.py
[2025-02-20T13:23:17.427+0100] {processor.py:208} INFO - Processing /Users/ajlakorman/Desktop/Data-Mining-Projects/Apache_Airflow/venv/lib/python3.10/site-packages/airflow/example_dags/plugins/listener_plugin.py took 0.067 seconds
[2025-02-20T13:24:36.315+0100] {processor.py:186} INFO - Started process (PID=17462) to work on /Users/ajlakorman/Desktop/Data-Mining-Projects/Apache_Airflow/venv/lib/python3.10/site-packages/airflow/example_dags/plugins/listener_plugin.py
[2025-02-20T13:24:36.316+0100] {processor.py:914} INFO - Processing file /Users/ajlakorman/Desktop/Data-Mining-Projects/Apache_Airflow/venv/lib/python3.10/site-packages/airflow/example_dags/plugins/listener_plugin.py for tasks to queue
[2025-02-20T13:24:36.316+0100] {logging_mixin.py:190} INFO - [2025-02-20T13:24:36.316+0100] {dagbag.py:588} INFO - Filling up the DagBag from /Users/ajlakorman/Desktop/Data-Mining-Projects/Apache_Airflow/venv/lib/python3.10/site-packages/airflow/example_dags/plugins/listener_plugin.py
[2025-02-20T13:24:36.318+0100] {processor.py:927} WARNING - No viable dags retrieved from /Users/ajlakorman/Desktop/Data-Mining-Projects/Apache_Airflow/venv/lib/python3.10/site-packages/airflow/example_dags/plugins/listener_plugin.py
[2025-02-20T13:24:36.380+0100] {processor.py:208} INFO - Processing /Users/ajlakorman/Desktop/Data-Mining-Projects/Apache_Airflow/venv/lib/python3.10/site-packages/airflow/example_dags/plugins/listener_plugin.py took 0.067 seconds
[2025-02-20T13:25:54.196+0100] {processor.py:186} INFO - Started process (PID=17567) to work on /Users/ajlakorman/Desktop/Data-Mining-Projects/Apache_Airflow/venv/lib/python3.10/site-packages/airflow/example_dags/plugins/listener_plugin.py
[2025-02-20T13:25:54.197+0100] {processor.py:914} INFO - Processing file /Users/ajlakorman/Desktop/Data-Mining-Projects/Apache_Airflow/venv/lib/python3.10/site-packages/airflow/example_dags/plugins/listener_plugin.py for tasks to queue
[2025-02-20T13:25:54.197+0100] {logging_mixin.py:190} INFO - [2025-02-20T13:25:54.197+0100] {dagbag.py:588} INFO - Filling up the DagBag from /Users/ajlakorman/Desktop/Data-Mining-Projects/Apache_Airflow/venv/lib/python3.10/site-packages/airflow/example_dags/plugins/listener_plugin.py
[2025-02-20T13:25:54.199+0100] {processor.py:927} WARNING - No viable dags retrieved from /Users/ajlakorman/Desktop/Data-Mining-Projects/Apache_Airflow/venv/lib/python3.10/site-packages/airflow/example_dags/plugins/listener_plugin.py
[2025-02-20T13:25:54.259+0100] {processor.py:208} INFO - Processing /Users/ajlakorman/Desktop/Data-Mining-Projects/Apache_Airflow/venv/lib/python3.10/site-packages/airflow/example_dags/plugins/listener_plugin.py took 0.065 seconds
[2025-02-20T13:27:14.425+0100] {processor.py:186} INFO - Started process (PID=17698) to work on /Users/ajlakorman/Desktop/Data-Mining-Projects/Apache_Airflow/venv/lib/python3.10/site-packages/airflow/example_dags/plugins/listener_plugin.py
[2025-02-20T13:27:14.425+0100] {processor.py:914} INFO - Processing file /Users/ajlakorman/Desktop/Data-Mining-Projects/Apache_Airflow/venv/lib/python3.10/site-packages/airflow/example_dags/plugins/listener_plugin.py for tasks to queue
[2025-02-20T13:27:14.426+0100] {logging_mixin.py:190} INFO - [2025-02-20T13:27:14.426+0100] {dagbag.py:588} INFO - Filling up the DagBag from /Users/ajlakorman/Desktop/Data-Mining-Projects/Apache_Airflow/venv/lib/python3.10/site-packages/airflow/example_dags/plugins/listener_plugin.py
[2025-02-20T13:27:14.428+0100] {processor.py:927} WARNING - No viable dags retrieved from /Users/ajlakorman/Desktop/Data-Mining-Projects/Apache_Airflow/venv/lib/python3.10/site-packages/airflow/example_dags/plugins/listener_plugin.py
[2025-02-20T13:27:14.490+0100] {processor.py:208} INFO - Processing /Users/ajlakorman/Desktop/Data-Mining-Projects/Apache_Airflow/venv/lib/python3.10/site-packages/airflow/example_dags/plugins/listener_plugin.py took 0.067 seconds
