[2025-02-20T14:13:23.903+0100] {local_task_job_runner.py:123} INFO - ::group::Pre task execution logs
[2025-02-20T14:13:23.911+0100] {taskinstance.py:2614} INFO - Dependencies all met for dep_context=non-requeueable deps ti=<TaskInstance: xcom_dag_v1.greet manual__2025-02-20T13:13:19.117889+00:00 [queued]>
[2025-02-20T14:13:23.914+0100] {taskinstance.py:2614} INFO - Dependencies all met for dep_context=requeueable deps ti=<TaskInstance: xcom_dag_v1.greet manual__2025-02-20T13:13:19.117889+00:00 [queued]>
[2025-02-20T14:13:23.914+0100] {taskinstance.py:2867} INFO - Starting attempt 1 of 6
[2025-02-20T14:13:23.921+0100] {taskinstance.py:2890} INFO - Executing <Task(PythonOperator): greet> on 2025-02-20 13:13:19.117889+00:00
[2025-02-20T14:13:23.923+0100] {standard_task_runner.py:72} INFO - Started process 23455 to run task
[2025-02-20T14:13:23.926+0100] {standard_task_runner.py:104} INFO - Running: ['airflow', 'tasks', 'run', 'xcom_dag_v1', 'greet', 'manual__2025-02-20T13:13:19.117889+00:00', '--job-id', '26', '--raw', '--subdir', 'DAGS_FOLDER/xcom_dag_v1.py', '--cfg-path', '/var/folders/d6/rl60yzz90jj_2v0s4gm257780000gn/T/tmp9mib6jyv']
[2025-02-20T14:13:23.927+0100] {standard_task_runner.py:105} INFO - Job 26: Subtask greet
[2025-02-20T14:13:23.945+0100] {task_command.py:467} INFO - Running <TaskInstance: xcom_dag_v1.greet manual__2025-02-20T13:13:19.117889+00:00 [running]> on host ajlas-macbook-air.local
[2025-02-20T14:13:23.968+0100] {taskinstance.py:3134} INFO - Exporting env vars: AIRFLOW_CTX_DAG_OWNER='ajlakorman' AIRFLOW_CTX_DAG_ID='xcom_dag_v1' AIRFLOW_CTX_TASK_ID='greet' AIRFLOW_CTX_EXECUTION_DATE='2025-02-20T13:13:19.117889+00:00' AIRFLOW_CTX_TRY_NUMBER='1' AIRFLOW_CTX_DAG_RUN_ID='manual__2025-02-20T13:13:19.117889+00:00'
[2025-02-20T14:13:23.968+0100] {logging_mixin.py:190} INFO - Task instance is in running state
[2025-02-20T14:13:23.969+0100] {logging_mixin.py:190} INFO -  Previous state of the Task instance: queued
[2025-02-20T14:13:23.969+0100] {logging_mixin.py:190} INFO - Current task name:greet state:running start_date:2025-02-20 13:13:23.911771+00:00
[2025-02-20T14:13:23.969+0100] {logging_mixin.py:190} INFO - Dag name:xcom_dag_v1 and current dag run status:running
[2025-02-20T14:13:23.969+0100] {taskinstance.py:732} INFO - ::endgroup::
[2025-02-20T14:13:23.971+0100] {logging_mixin.py:190} INFO - Hello, world. I am  Ajla  and I am  22  years old.
[2025-02-20T14:13:23.971+0100] {python.py:240} INFO - Done. Returned value was: None
[2025-02-20T14:13:23.973+0100] {taskinstance.py:341} INFO - ::group::Post task execution logs
[2025-02-20T14:13:23.974+0100] {taskinstance.py:353} INFO - Marking task as SUCCESS. dag_id=xcom_dag_v1, task_id=greet, run_id=manual__2025-02-20T13:13:19.117889+00:00, execution_date=20250220T131319, start_date=20250220T131323, end_date=20250220T131323
[2025-02-20T14:13:23.979+0100] {logging_mixin.py:190} INFO - Task instance in success state
[2025-02-20T14:13:23.979+0100] {logging_mixin.py:190} INFO -  Previous state of the Task instance: running
[2025-02-20T14:13:23.979+0100] {logging_mixin.py:190} INFO - Dag name:xcom_dag_v1 queued_at:2025-02-20 13:13:19.129957+00:00
[2025-02-20T14:13:23.979+0100] {logging_mixin.py:190} INFO - Task hostname:ajlas-macbook-air.local operator:PythonOperator
[2025-02-20T14:13:23.988+0100] {local_task_job_runner.py:266} INFO - Task exited with return code 0
[2025-02-20T14:13:23.994+0100] {taskinstance.py:3901} INFO - 0 downstream tasks scheduled from follow-on schedule check
[2025-02-20T14:13:23.994+0100] {local_task_job_runner.py:245} INFO - ::endgroup::
