[2025-02-20T11:36:59.766+0100] {local_task_job_runner.py:123} INFO - ::group::Pre task execution logs
[2025-02-20T11:36:59.771+0100] {taskinstance.py:2614} INFO - Dependencies all met for dep_context=non-requeueable deps ti=<TaskInstance: our_first_dag.first_task manual__2025-02-20T10:36:56.313471+00:00 [queued]>
[2025-02-20T11:36:59.774+0100] {taskinstance.py:2614} INFO - Dependencies all met for dep_context=requeueable deps ti=<TaskInstance: our_first_dag.first_task manual__2025-02-20T10:36:56.313471+00:00 [queued]>
[2025-02-20T11:36:59.774+0100] {taskinstance.py:2867} INFO - Starting attempt 1 of 6
[2025-02-20T11:36:59.779+0100] {taskinstance.py:2890} INFO - Executing <Task(BashOperator): first_task> on 2025-02-20 10:36:56.313471+00:00
[2025-02-20T11:36:59.781+0100] {standard_task_runner.py:72} INFO - Started process 11528 to run task
[2025-02-20T11:36:59.784+0100] {standard_task_runner.py:104} INFO - Running: ['airflow', 'tasks', 'run', 'our_first_dag', 'first_task', 'manual__2025-02-20T10:36:56.313471+00:00', '--job-id', '16', '--raw', '--subdir', 'DAGS_FOLDER/our_first_dag.py', '--cfg-path', '/var/folders/d6/rl60yzz90jj_2v0s4gm257780000gn/T/tmphtzq3ho_']
[2025-02-20T11:36:59.787+0100] {standard_task_runner.py:105} INFO - Job 16: Subtask first_task
[2025-02-20T11:36:59.831+0100] {task_command.py:467} INFO - Running <TaskInstance: our_first_dag.first_task manual__2025-02-20T10:36:56.313471+00:00 [running]> on host ajlas-macbook-air.local
[2025-02-20T11:36:59.871+0100] {taskinstance.py:3134} INFO - Exporting env vars: AIRFLOW_CTX_DAG_OWNER='ajlakorman' AIRFLOW_CTX_DAG_ID='our_first_dag' AIRFLOW_CTX_TASK_ID='first_task' AIRFLOW_CTX_EXECUTION_DATE='2025-02-20T10:36:56.313471+00:00' AIRFLOW_CTX_TRY_NUMBER='1' AIRFLOW_CTX_DAG_RUN_ID='manual__2025-02-20T10:36:56.313471+00:00'
[2025-02-20T11:36:59.872+0100] {logging_mixin.py:190} INFO - Task instance is in running state
[2025-02-20T11:36:59.872+0100] {logging_mixin.py:190} INFO -  Previous state of the Task instance: queued
[2025-02-20T11:36:59.872+0100] {logging_mixin.py:190} INFO - Current task name:first_task state:running start_date:2025-02-20 10:36:59.772067+00:00
[2025-02-20T11:36:59.872+0100] {logging_mixin.py:190} INFO - Dag name:our_first_dag and current dag run status:running
[2025-02-20T11:36:59.873+0100] {taskinstance.py:732} INFO - ::endgroup::
[2025-02-20T11:36:59.873+0100] {subprocess.py:78} INFO - Tmp dir root location: /var/folders/d6/rl60yzz90jj_2v0s4gm257780000gn/T
[2025-02-20T11:36:59.874+0100] {subprocess.py:88} INFO - Running command: ['/bin/bash', '-c', "echo 'Hello World, this is the first task'"]
[2025-02-20T11:36:59.877+0100] {subprocess.py:99} INFO - Output:
[2025-02-20T11:36:59.882+0100] {subprocess.py:106} INFO - Hello World, this is the first task
[2025-02-20T11:36:59.883+0100] {subprocess.py:110} INFO - Command exited with return code 0
[2025-02-20T11:36:59.901+0100] {taskinstance.py:341} INFO - ::group::Post task execution logs
[2025-02-20T11:36:59.902+0100] {taskinstance.py:353} INFO - Marking task as SUCCESS. dag_id=our_first_dag, task_id=first_task, run_id=manual__2025-02-20T10:36:56.313471+00:00, execution_date=20250220T103656, start_date=20250220T103659, end_date=20250220T103659
[2025-02-20T11:36:59.908+0100] {logging_mixin.py:190} INFO - Task instance in success state
[2025-02-20T11:36:59.909+0100] {logging_mixin.py:190} INFO -  Previous state of the Task instance: running
[2025-02-20T11:36:59.909+0100] {logging_mixin.py:190} INFO - Dag name:our_first_dag queued_at:2025-02-20 10:36:56.339342+00:00
[2025-02-20T11:36:59.910+0100] {logging_mixin.py:190} INFO - Task hostname:ajlas-macbook-air.local operator:BashOperator
[2025-02-20T11:36:59.928+0100] {local_task_job_runner.py:266} INFO - Task exited with return code 0
[2025-02-20T11:36:59.936+0100] {taskinstance.py:3901} INFO - 0 downstream tasks scheduled from follow-on schedule check
[2025-02-20T11:36:59.937+0100] {local_task_job_runner.py:245} INFO - ::endgroup::
